<?xml version="1.0" encoding="utf-8"?>
<TestRun id="406baf99-fb33-45ba-92c9-14f38fc47a17" name="@5955a5bf5f87 2024-07-02 13:00:08" xmlns="http://microsoft.com/schemas/VisualStudio/TeamTest/2010">
  <Times creation="2024-07-02T13:00:08.6226962+00:00" queuing="2024-07-02T13:00:08.6226963+00:00" start="2024-07-02T13:00:07.7834011+00:00" finish="2024-07-02T13:00:08.6747045+00:00" />
  <TestSettings name="default" id="39efb804-9905-4012-b2c1-af0e75c9acce">
    <Deployment runDeploymentRoot="_5955a5bf5f87_2024-07-02_13_00_08" />
  </TestSettings>
  <Results>
    <UnitTestResult executionId="84bb1d8e-64ae-4607-8405-7f457d505be9" testId="6f223407-c637-51a9-243f-34d190169173" testName="AssetStoragePathProviding.Tests.PathSettingsTests.GetMainFile_MustSupportExpectedExtensions(type: typeof(Frever.Shared.MainDb.Entities.FaceAnimation), expectedExtension: Txt)" computerName="5955a5bf5f87" duration="00:00:00.0000422" startTime="2024-07-02T13:00:08.5333004+00:00" endTime="2024-07-02T13:00:08.5333005+00:00" testType="13cdc9d9-ddb5-4fa4-a97d-d965ccfc6d4b" outcome="Passed" testListId="8c84fa94-04c1-424b-9868-57a2d4851a1d" relativeResultsDirectory="84bb1d8e-64ae-4607-8405-7f457d505be9" />
    <UnitTestResult executionId="9a0fb358-4e46-4234-9c8e-022aa081647f" testId="ba64452e-5023-3c10-ba7b-57f4b367b842" testName="AssetStoragePathProviding.Tests.PathSettingsTests.GetMainFile_MustSupportExpectedExtensions(type: typeof(Frever.Shared.MainDb.Entities.Vfx), expectedExtension: Empty)" computerName="5955a5bf5f87" duration="00:00:00.0000733" startTime="2024-07-02T13:00:08.5332505+00:00" endTime="2024-07-02T13:00:08.5332505+00:00" testType="13cdc9d9-ddb5-4fa4-a97d-d965ccfc6d4b" outcome="Passed" testListId="8c84fa94-04c1-424b-9868-57a2d4851a1d" relativeResultsDirectory="9a0fb358-4e46-4234-9c8e-022aa081647f" />
    <UnitTestResult executionId="3115d950-0909-49e8-85d7-2616d69ae448" testId="33459e42-89fd-e90f-3617-ddf5fd698b01" testName="AssetStoragePathProviding.Tests.PathSettingsTests.GetMainFile_MustSupportExpectedExtensions(type: typeof(Frever.Shared.MainDb.Entities.VoiceTrack), expectedExtension: Wav)" computerName="5955a5bf5f87" duration="00:00:00.0052739" startTime="2024-07-02T13:00:08.4645112+00:00" endTime="2024-07-02T13:00:08.4645113+00:00" testType="13cdc9d9-ddb5-4fa4-a97d-d965ccfc6d4b" outcome="Passed" testListId="8c84fa94-04c1-424b-9868-57a2d4851a1d" relativeResultsDirectory="3115d950-0909-49e8-85d7-2616d69ae448" />
    <UnitTestResult executionId="383093fa-0907-4a80-a84c-f8a36d9b1481" testId="c979e383-b83c-18ed-719c-f9bbaf689059" testName="AssetStoragePathProviding.Tests.PathSettingsTests.GetThumbnail_MustSupportTargetResolutionsAndExtension(type: typeof(Frever.Shared.MainDb.Entities.CharacterSpawnPosition), extension: Png, resolutions: [_128x128, _256x256, _512x512, _1600x900])" computerName="5955a5bf5f87" duration="00:00:00.0000271" startTime="2024-07-02T13:00:08.4583261+00:00" endTime="2024-07-02T13:00:08.4583261+00:00" testType="13cdc9d9-ddb5-4fa4-a97d-d965ccfc6d4b" outcome="Passed" testListId="8c84fa94-04c1-424b-9868-57a2d4851a1d" relativeResultsDirectory="383093fa-0907-4a80-a84c-f8a36d9b1481" />
    <UnitTestResult executionId="ebd63dd5-c414-4693-969d-b51907ab386b" testId="c48f58a5-6d35-360a-b470-ab325803f9dc" testName="AssetStoragePathProviding.Tests.PathSettingsTests.GetMainFile_MustSupportExpectedExtensions(type: typeof(Frever.Shared.MainDb.Entities.BodyAnimation), expectedExtension: Empty)" computerName="5955a5bf5f87" duration="00:00:00.0040473" startTime="2024-07-02T13:00:08.5197897+00:00" endTime="2024-07-02T13:00:08.5197898+00:00" testType="13cdc9d9-ddb5-4fa4-a97d-d965ccfc6d4b" outcome="Passed" testListId="8c84fa94-04c1-424b-9868-57a2d4851a1d" relativeResultsDirectory="ebd63dd5-c414-4693-969d-b51907ab386b" />
    <UnitTestResult executionId="66f53dfb-3f89-48aa-9740-c5ea2fd929ff" testId="b51481b1-40c7-d794-c289-2a4629bdbb56" testName="AssetStoragePathProviding.Tests.PathSettingsTests.GetThumbnail_MustSupportTargetResolutionsAndExtension(type: typeof(Frever.Shared.MainDb.Entities.BodyAnimation), extension: Gif, resolutions: [_128x128, _256x256, _512x512])" computerName="5955a5bf5f87" duration="00:00:00.0075418" startTime="2024-07-02T13:00:08.4580251+00:00" endTime="2024-07-02T13:00:08.4580252+00:00" testType="13cdc9d9-ddb5-4fa4-a97d-d965ccfc6d4b" outcome="Passed" testListId="8c84fa94-04c1-424b-9868-57a2d4851a1d" relativeResultsDirectory="66f53dfb-3f89-48aa-9740-c5ea2fd929ff" />
    <UnitTestResult executionId="6129fe10-c266-48e6-8530-3bf525d2c62a" testId="bce62dcb-eab8-0364-1d74-582e496fe8c5" testName="AssetStoragePathProviding.Tests.PathSettingsTests.GetThumbnail_MustSupportTargetResolutionsAndExtension(type: typeof(Frever.Shared.MainDb.Entities.SetLocation), extension: Png, resolutions: [_128x128, _256x256, _512x512, _1600x900])" computerName="5955a5bf5f87" duration="00:00:00.0002276" startTime="2024-07-02T13:00:08.4582398+00:00" endTime="2024-07-02T13:00:08.4582398+00:00" testType="13cdc9d9-ddb5-4fa4-a97d-d965ccfc6d4b" outcome="Passed" testListId="8c84fa94-04c1-424b-9868-57a2d4851a1d" relativeResultsDirectory="6129fe10-c266-48e6-8530-3bf525d2c62a" />
    <UnitTestResult executionId="357f6afa-c0bb-4c74-bd42-7cc0dd996d4b" testId="564ee200-09d5-805e-35c9-330e844b26c5" testName="AssetStoragePathProviding.Tests.PathSettingsTests.GetMainFile_MustSupportExpectedExtensions(type: typeof(Frever.Shared.MainDb.Entities.SetLocationBundle), expectedExtension: Empty)" computerName="5955a5bf5f87" duration="00:00:00.0000198" startTime="2024-07-02T13:00:08.5333233+00:00" endTime="2024-07-02T13:00:08.5333233+00:00" testType="13cdc9d9-ddb5-4fa4-a97d-d965ccfc6d4b" outcome="Passed" testListId="8c84fa94-04c1-424b-9868-57a2d4851a1d" relativeResultsDirectory="357f6afa-c0bb-4c74-bd42-7cc0dd996d4b" />
    <UnitTestResult executionId="fb3b7453-99b7-47b2-affc-92fde8d3949f" testId="0c58c84e-2591-ce77-5eb4-219f73b152b6" testName="AssetStoragePathProviding.Tests.PathSettingsTests.GetThumbnail_MustSupportTargetResolutionsAndExtension(type: typeof(Frever.Shared.MainDb.Entities.Character), extension: Png, resolutions: [_128x128, _256x256, _512x512])" computerName="5955a5bf5f87" duration="00:00:00.0000280" startTime="2024-07-02T13:00:08.4582883+00:00" endTime="2024-07-02T13:00:08.4582884+00:00" testType="13cdc9d9-ddb5-4fa4-a97d-d965ccfc6d4b" outcome="Passed" testListId="8c84fa94-04c1-424b-9868-57a2d4851a1d" relativeResultsDirectory="fb3b7453-99b7-47b2-affc-92fde8d3949f" />
    <UnitTestResult executionId="5c0a7412-ec91-4f84-8997-053cb9ea82e7" testId="af8d1799-a933-7aac-9737-e902121c4efc" testName="AssetStoragePathProviding.Tests.PathProvidingTests.GetPathForVfxThumbnail_WithGifExtension_ShouldEndWithGifExtension" computerName="5955a5bf5f87" duration="00:00:00.1511063" startTime="2024-07-02T13:00:08.5333721+00:00" endTime="2024-07-02T13:00:08.5333721+00:00" testType="13cdc9d9-ddb5-4fa4-a97d-d965ccfc6d4b" outcome="Passed" testListId="8c84fa94-04c1-424b-9868-57a2d4851a1d" relativeResultsDirectory="5c0a7412-ec91-4f84-8997-053cb9ea82e7" />
    <UnitTestResult executionId="07919c4c-a048-4b65-a92a-66749995d5ce" testId="133efc10-b373-c666-76ee-fec850bdb079" testName="AssetStoragePathProviding.Tests.PathSettingsTests.GetThumbnail_MustSupportTargetResolutionsAndExtension(type: typeof(Frever.Shared.MainDb.Entities.Vfx), extension: Gif, resolutions: [_128x128, _256x256, _512x512])" computerName="5955a5bf5f87" duration="00:00:00.0000265" startTime="2024-07-02T13:00:08.4583619+00:00" endTime="2024-07-02T13:00:08.4583620+00:00" testType="13cdc9d9-ddb5-4fa4-a97d-d965ccfc6d4b" outcome="Passed" testListId="8c84fa94-04c1-424b-9868-57a2d4851a1d" relativeResultsDirectory="07919c4c-a048-4b65-a92a-66749995d5ce" />
    <UnitTestResult executionId="f85ea5af-2680-4057-b8a4-a2a1ab66f597" testId="1ff47886-ecf6-0215-0128-e7fc409c388c" testName="AssetStoragePathProviding.Tests.PathSettingsTests.GetThumbnail_MustSupportTargetResolutionsAndExtension(type: typeof(Frever.Shared.MainDb.Entities.Song), extension: Png, resolutions: [_128x128, _256x256, _512x512])" computerName="5955a5bf5f87" duration="00:00:00.0616630" startTime="2024-07-02T13:00:08.4475711+00:00" endTime="2024-07-02T13:00:08.4475976+00:00" testType="13cdc9d9-ddb5-4fa4-a97d-d965ccfc6d4b" outcome="Passed" testListId="8c84fa94-04c1-424b-9868-57a2d4851a1d" relativeResultsDirectory="f85ea5af-2680-4057-b8a4-a2a1ab66f597" />
    <UnitTestResult executionId="6fe09417-6372-49e6-816c-2c26902988a2" testId="12f4dd00-70ab-0f8d-55fc-e2890c9b2e0a" testName="AssetStoragePathProviding.Tests.PathProvidingTests.GetGenerateUrlPathForThumbnails128X128MustEndWithResolutionInEndOfName" computerName="5955a5bf5f87" duration="00:00:00.0098055" startTime="2024-07-02T13:00:08.5585761+00:00" endTime="2024-07-02T13:00:08.5585769+00:00" testType="13cdc9d9-ddb5-4fa4-a97d-d965ccfc6d4b" outcome="Passed" testListId="8c84fa94-04c1-424b-9868-57a2d4851a1d" relativeResultsDirectory="6fe09417-6372-49e6-816c-2c26902988a2" />
    <UnitTestResult executionId="067930f7-499e-4f91-bfad-182f488c681b" testId="7530cfa7-4026-ddc7-f7d2-95075295af58" testName="AssetStoragePathProviding.Tests.PathSettingsTests.GetThumbnail_MustSupportTargetResolutionsAndExtension(type: typeof(Frever.Shared.MainDb.Entities.Wardrobe), extension: Png, resolutions: [_128x128, _256x256, _512x512])" computerName="5955a5bf5f87" duration="00:00:00.0000349" startTime="2024-07-02T13:00:08.4582664+00:00" endTime="2024-07-02T13:00:08.4582665+00:00" testType="13cdc9d9-ddb5-4fa4-a97d-d965ccfc6d4b" outcome="Passed" testListId="8c84fa94-04c1-424b-9868-57a2d4851a1d" relativeResultsDirectory="067930f7-499e-4f91-bfad-182f488c681b" />
    <UnitTestResult executionId="2a741b87-79be-41df-929f-0a720c02d846" testId="8888b245-f741-6293-7f37-e29ed2ed7107" testName="AssetStoragePathProviding.Tests.PathProvidingTests.GetPathForMainFile_WithNotAllowedSubtypeSettings_MustThrowException" computerName="5955a5bf5f87" duration="00:00:00.0168797" startTime="2024-07-02T13:00:08.5488401+00:00" endTime="2024-07-02T13:00:08.5488415+00:00" testType="13cdc9d9-ddb5-4fa4-a97d-d965ccfc6d4b" outcome="Passed" testListId="8c84fa94-04c1-424b-9868-57a2d4851a1d" relativeResultsDirectory="2a741b87-79be-41df-929f-0a720c02d846" />
  </Results>
  <TestDefinitions>
    <UnitTest name="AssetStoragePathProviding.Tests.PathSettingsTests.GetMainFile_MustSupportExpectedExtensions(type: typeof(Frever.Shared.MainDb.Entities.Vfx), expectedExtension: Empty)" storage="/source/utils/asseturlgenerator.tests/bin/debug/net8.0/assetstorage.pathproviding.tests.dll" id="ba64452e-5023-3c10-ba7b-57f4b367b842">
      <Execution id="9a0fb358-4e46-4234-9c8e-022aa081647f" />
      <TestMethod codeBase="/source/Utils/AssetUrlGenerator.Tests/bin/Debug/net8.0/AssetStorage.PathProviding.Tests.dll" adapterTypeName="executor://xunit/VsTestRunner2/netcoreapp" className="AssetStoragePathProviding.Tests.PathSettingsTests" name="GetMainFile_MustSupportExpectedExtensions" />
    </UnitTest>
    <UnitTest name="AssetStoragePathProviding.Tests.PathSettingsTests.GetThumbnail_MustSupportTargetResolutionsAndExtension(type: typeof(Frever.Shared.MainDb.Entities.SetLocation), extension: Png, resolutions: [_128x128, _256x256, _512x512, _1600x900])" storage="/source/utils/asseturlgenerator.tests/bin/debug/net8.0/assetstorage.pathproviding.tests.dll" id="bce62dcb-eab8-0364-1d74-582e496fe8c5">
      <Execution id="6129fe10-c266-48e6-8530-3bf525d2c62a" />
      <TestMethod codeBase="/source/Utils/AssetUrlGenerator.Tests/bin/Debug/net8.0/AssetStorage.PathProviding.Tests.dll" adapterTypeName="executor://xunit/VsTestRunner2/netcoreapp" className="AssetStoragePathProviding.Tests.PathSettingsTests" name="GetThumbnail_MustSupportTargetResolutionsAndExtension" />
    </UnitTest>
    <UnitTest name="AssetStoragePathProviding.Tests.PathSettingsTests.GetMainFile_MustSupportExpectedExtensions(type: typeof(Frever.Shared.MainDb.Entities.FaceAnimation), expectedExtension: Txt)" storage="/source/utils/asseturlgenerator.tests/bin/debug/net8.0/assetstorage.pathproviding.tests.dll" id="6f223407-c637-51a9-243f-34d190169173">
      <Execution id="84bb1d8e-64ae-4607-8405-7f457d505be9" />
      <TestMethod codeBase="/source/Utils/AssetUrlGenerator.Tests/bin/Debug/net8.0/AssetStorage.PathProviding.Tests.dll" adapterTypeName="executor://xunit/VsTestRunner2/netcoreapp" className="AssetStoragePathProviding.Tests.PathSettingsTests" name="GetMainFile_MustSupportExpectedExtensions" />
    </UnitTest>
    <UnitTest name="AssetStoragePathProviding.Tests.PathSettingsTests.GetMainFile_MustSupportExpectedExtensions(type: typeof(Frever.Shared.MainDb.Entities.SetLocationBundle), expectedExtension: Empty)" storage="/source/utils/asseturlgenerator.tests/bin/debug/net8.0/assetstorage.pathproviding.tests.dll" id="564ee200-09d5-805e-35c9-330e844b26c5">
      <Execution id="357f6afa-c0bb-4c74-bd42-7cc0dd996d4b" />
      <TestMethod codeBase="/source/Utils/AssetUrlGenerator.Tests/bin/Debug/net8.0/AssetStorage.PathProviding.Tests.dll" adapterTypeName="executor://xunit/VsTestRunner2/netcoreapp" className="AssetStoragePathProviding.Tests.PathSettingsTests" name="GetMainFile_MustSupportExpectedExtensions" />
    </UnitTest>
    <UnitTest name="AssetStoragePathProviding.Tests.PathSettingsTests.GetThumbnail_MustSupportTargetResolutionsAndExtension(type: typeof(Frever.Shared.MainDb.Entities.Song), extension: Png, resolutions: [_128x128, _256x256, _512x512])" storage="/source/utils/asseturlgenerator.tests/bin/debug/net8.0/assetstorage.pathproviding.tests.dll" id="1ff47886-ecf6-0215-0128-e7fc409c388c">
      <Execution id="f85ea5af-2680-4057-b8a4-a2a1ab66f597" />
      <TestMethod codeBase="/source/Utils/AssetUrlGenerator.Tests/bin/Debug/net8.0/AssetStorage.PathProviding.Tests.dll" adapterTypeName="executor://xunit/VsTestRunner2/netcoreapp" className="AssetStoragePathProviding.Tests.PathSettingsTests" name="GetThumbnail_MustSupportTargetResolutionsAndExtension" />
    </UnitTest>
    <UnitTest name="AssetStoragePathProviding.Tests.PathSettingsTests.GetThumbnail_MustSupportTargetResolutionsAndExtension(type: typeof(Frever.Shared.MainDb.Entities.BodyAnimation), extension: Gif, resolutions: [_128x128, _256x256, _512x512])" storage="/source/utils/asseturlgenerator.tests/bin/debug/net8.0/assetstorage.pathproviding.tests.dll" id="b51481b1-40c7-d794-c289-2a4629bdbb56">
      <Execution id="66f53dfb-3f89-48aa-9740-c5ea2fd929ff" />
      <TestMethod codeBase="/source/Utils/AssetUrlGenerator.Tests/bin/Debug/net8.0/AssetStorage.PathProviding.Tests.dll" adapterTypeName="executor://xunit/VsTestRunner2/netcoreapp" className="AssetStoragePathProviding.Tests.PathSettingsTests" name="GetThumbnail_MustSupportTargetResolutionsAndExtension" />
    </UnitTest>
    <UnitTest name="AssetStoragePathProviding.Tests.PathSettingsTests.GetThumbnail_MustSupportTargetResolutionsAndExtension(type: typeof(Frever.Shared.MainDb.Entities.Wardrobe), extension: Png, resolutions: [_128x128, _256x256, _512x512])" storage="/source/utils/asseturlgenerator.tests/bin/debug/net8.0/assetstorage.pathproviding.tests.dll" id="7530cfa7-4026-ddc7-f7d2-95075295af58">
      <Execution id="067930f7-499e-4f91-bfad-182f488c681b" />
      <TestMethod codeBase="/source/Utils/AssetUrlGenerator.Tests/bin/Debug/net8.0/AssetStorage.PathProviding.Tests.dll" adapterTypeName="executor://xunit/VsTestRunner2/netcoreapp" className="AssetStoragePathProviding.Tests.PathSettingsTests" name="GetThumbnail_MustSupportTargetResolutionsAndExtension" />
    </UnitTest>
    <UnitTest name="AssetStoragePathProviding.Tests.PathProvidingTests.GetPathForVfxThumbnail_WithGifExtension_ShouldEndWithGifExtension" storage="/source/utils/asseturlgenerator.tests/bin/debug/net8.0/assetstorage.pathproviding.tests.dll" id="af8d1799-a933-7aac-9737-e902121c4efc">
      <Execution id="5c0a7412-ec91-4f84-8997-053cb9ea82e7" />
      <TestMethod codeBase="/source/Utils/AssetUrlGenerator.Tests/bin/Debug/net8.0/AssetStorage.PathProviding.Tests.dll" adapterTypeName="executor://xunit/VsTestRunner2/netcoreapp" className="AssetStoragePathProviding.Tests.PathProvidingTests" name="GetPathForVfxThumbnail_WithGifExtension_ShouldEndWithGifExtension" />
    </UnitTest>
    <UnitTest name="AssetStoragePathProviding.Tests.PathSettingsTests.GetMainFile_MustSupportExpectedExtensions(type: typeof(Frever.Shared.MainDb.Entities.BodyAnimation), expectedExtension: Empty)" storage="/source/utils/asseturlgenerator.tests/bin/debug/net8.0/assetstorage.pathproviding.tests.dll" id="c48f58a5-6d35-360a-b470-ab325803f9dc">
      <Execution id="ebd63dd5-c414-4693-969d-b51907ab386b" />
      <TestMethod codeBase="/source/Utils/AssetUrlGenerator.Tests/bin/Debug/net8.0/AssetStorage.PathProviding.Tests.dll" adapterTypeName="executor://xunit/VsTestRunner2/netcoreapp" className="AssetStoragePathProviding.Tests.PathSettingsTests" name="GetMainFile_MustSupportExpectedExtensions" />
    </UnitTest>
    <UnitTest name="AssetStoragePathProviding.Tests.PathSettingsTests.GetThumbnail_MustSupportTargetResolutionsAndExtension(type: typeof(Frever.Shared.MainDb.Entities.Character), extension: Png, resolutions: [_128x128, _256x256, _512x512])" storage="/source/utils/asseturlgenerator.tests/bin/debug/net8.0/assetstorage.pathproviding.tests.dll" id="0c58c84e-2591-ce77-5eb4-219f73b152b6">
      <Execution id="fb3b7453-99b7-47b2-affc-92fde8d3949f" />
      <TestMethod codeBase="/source/Utils/AssetUrlGenerator.Tests/bin/Debug/net8.0/AssetStorage.PathProviding.Tests.dll" adapterTypeName="executor://xunit/VsTestRunner2/netcoreapp" className="AssetStoragePathProviding.Tests.PathSettingsTests" name="GetThumbnail_MustSupportTargetResolutionsAndExtension" />
    </UnitTest>
    <UnitTest name="AssetStoragePathProviding.Tests.PathSettingsTests.GetThumbnail_MustSupportTargetResolutionsAndExtension(type: typeof(Frever.Shared.MainDb.Entities.CharacterSpawnPosition), extension: Png, resolutions: [_128x128, _256x256, _512x512, _1600x900])" storage="/source/utils/asseturlgenerator.tests/bin/debug/net8.0/assetstorage.pathproviding.tests.dll" id="c979e383-b83c-18ed-719c-f9bbaf689059">
      <Execution id="383093fa-0907-4a80-a84c-f8a36d9b1481" />
      <TestMethod codeBase="/source/Utils/AssetUrlGenerator.Tests/bin/Debug/net8.0/AssetStorage.PathProviding.Tests.dll" adapterTypeName="executor://xunit/VsTestRunner2/netcoreapp" className="AssetStoragePathProviding.Tests.PathSettingsTests" name="GetThumbnail_MustSupportTargetResolutionsAndExtension" />
    </UnitTest>
    <UnitTest name="AssetStoragePathProviding.Tests.PathProvidingTests.GetPathForMainFile_WithNotAllowedSubtypeSettings_MustThrowException" storage="/source/utils/asseturlgenerator.tests/bin/debug/net8.0/assetstorage.pathproviding.tests.dll" id="8888b245-f741-6293-7f37-e29ed2ed7107">
      <Execution id="2a741b87-79be-41df-929f-0a720c02d846" />
      <TestMethod codeBase="/source/Utils/AssetUrlGenerator.Tests/bin/Debug/net8.0/AssetStorage.PathProviding.Tests.dll" adapterTypeName="executor://xunit/VsTestRunner2/netcoreapp" className="AssetStoragePathProviding.Tests.PathProvidingTests" name="GetPathForMainFile_WithNotAllowedSubtypeSettings_MustThrowException" />
    </UnitTest>
    <UnitTest name="AssetStoragePathProviding.Tests.PathSettingsTests.GetMainFile_MustSupportExpectedExtensions(type: typeof(Frever.Shared.MainDb.Entities.VoiceTrack), expectedExtension: Wav)" storage="/source/utils/asseturlgenerator.tests/bin/debug/net8.0/assetstorage.pathproviding.tests.dll" id="33459e42-89fd-e90f-3617-ddf5fd698b01">
      <Execution id="3115d950-0909-49e8-85d7-2616d69ae448" />
      <TestMethod codeBase="/source/Utils/AssetUrlGenerator.Tests/bin/Debug/net8.0/AssetStorage.PathProviding.Tests.dll" adapterTypeName="executor://xunit/VsTestRunner2/netcoreapp" className="AssetStoragePathProviding.Tests.PathSettingsTests" name="GetMainFile_MustSupportExpectedExtensions" />
    </UnitTest>
    <UnitTest name="AssetStoragePathProviding.Tests.PathProvidingTests.GetGenerateUrlPathForThumbnails128X128MustEndWithResolutionInEndOfName" storage="/source/utils/asseturlgenerator.tests/bin/debug/net8.0/assetstorage.pathproviding.tests.dll" id="12f4dd00-70ab-0f8d-55fc-e2890c9b2e0a">
      <Execution id="6fe09417-6372-49e6-816c-2c26902988a2" />
      <TestMethod codeBase="/source/Utils/AssetUrlGenerator.Tests/bin/Debug/net8.0/AssetStorage.PathProviding.Tests.dll" adapterTypeName="executor://xunit/VsTestRunner2/netcoreapp" className="AssetStoragePathProviding.Tests.PathProvidingTests" name="GetGenerateUrlPathForThumbnails128X128MustEndWithResolutionInEndOfName" />
    </UnitTest>
    <UnitTest name="AssetStoragePathProviding.Tests.PathSettingsTests.GetThumbnail_MustSupportTargetResolutionsAndExtension(type: typeof(Frever.Shared.MainDb.Entities.Vfx), extension: Gif, resolutions: [_128x128, _256x256, _512x512])" storage="/source/utils/asseturlgenerator.tests/bin/debug/net8.0/assetstorage.pathproviding.tests.dll" id="133efc10-b373-c666-76ee-fec850bdb079">
      <Execution id="07919c4c-a048-4b65-a92a-66749995d5ce" />
      <TestMethod codeBase="/source/Utils/AssetUrlGenerator.Tests/bin/Debug/net8.0/AssetStorage.PathProviding.Tests.dll" adapterTypeName="executor://xunit/VsTestRunner2/netcoreapp" className="AssetStoragePathProviding.Tests.PathSettingsTests" name="GetThumbnail_MustSupportTargetResolutionsAndExtension" />
    </UnitTest>
  </TestDefinitions>
  <TestEntries>
    <TestEntry testId="6f223407-c637-51a9-243f-34d190169173" executionId="84bb1d8e-64ae-4607-8405-7f457d505be9" testListId="8c84fa94-04c1-424b-9868-57a2d4851a1d" />
    <TestEntry testId="ba64452e-5023-3c10-ba7b-57f4b367b842" executionId="9a0fb358-4e46-4234-9c8e-022aa081647f" testListId="8c84fa94-04c1-424b-9868-57a2d4851a1d" />
    <TestEntry testId="33459e42-89fd-e90f-3617-ddf5fd698b01" executionId="3115d950-0909-49e8-85d7-2616d69ae448" testListId="8c84fa94-04c1-424b-9868-57a2d4851a1d" />
    <TestEntry testId="c979e383-b83c-18ed-719c-f9bbaf689059" executionId="383093fa-0907-4a80-a84c-f8a36d9b1481" testListId="8c84fa94-04c1-424b-9868-57a2d4851a1d" />
    <TestEntry testId="c48f58a5-6d35-360a-b470-ab325803f9dc" executionId="ebd63dd5-c414-4693-969d-b51907ab386b" testListId="8c84fa94-04c1-424b-9868-57a2d4851a1d" />
    <TestEntry testId="b51481b1-40c7-d794-c289-2a4629bdbb56" executionId="66f53dfb-3f89-48aa-9740-c5ea2fd929ff" testListId="8c84fa94-04c1-424b-9868-57a2d4851a1d" />
    <TestEntry testId="bce62dcb-eab8-0364-1d74-582e496fe8c5" executionId="6129fe10-c266-48e6-8530-3bf525d2c62a" testListId="8c84fa94-04c1-424b-9868-57a2d4851a1d" />
    <TestEntry testId="564ee200-09d5-805e-35c9-330e844b26c5" executionId="357f6afa-c0bb-4c74-bd42-7cc0dd996d4b" testListId="8c84fa94-04c1-424b-9868-57a2d4851a1d" />
    <TestEntry testId="0c58c84e-2591-ce77-5eb4-219f73b152b6" executionId="fb3b7453-99b7-47b2-affc-92fde8d3949f" testListId="8c84fa94-04c1-424b-9868-57a2d4851a1d" />
    <TestEntry testId="af8d1799-a933-7aac-9737-e902121c4efc" executionId="5c0a7412-ec91-4f84-8997-053cb9ea82e7" testListId="8c84fa94-04c1-424b-9868-57a2d4851a1d" />
    <TestEntry testId="133efc10-b373-c666-76ee-fec850bdb079" executionId="07919c4c-a048-4b65-a92a-66749995d5ce" testListId="8c84fa94-04c1-424b-9868-57a2d4851a1d" />
    <TestEntry testId="1ff47886-ecf6-0215-0128-e7fc409c388c" executionId="f85ea5af-2680-4057-b8a4-a2a1ab66f597" testListId="8c84fa94-04c1-424b-9868-57a2d4851a1d" />
    <TestEntry testId="12f4dd00-70ab-0f8d-55fc-e2890c9b2e0a" executionId="6fe09417-6372-49e6-816c-2c26902988a2" testListId="8c84fa94-04c1-424b-9868-57a2d4851a1d" />
    <TestEntry testId="7530cfa7-4026-ddc7-f7d2-95075295af58" executionId="067930f7-499e-4f91-bfad-182f488c681b" testListId="8c84fa94-04c1-424b-9868-57a2d4851a1d" />
    <TestEntry testId="8888b245-f741-6293-7f37-e29ed2ed7107" executionId="2a741b87-79be-41df-929f-0a720c02d846" testListId="8c84fa94-04c1-424b-9868-57a2d4851a1d" />
  </TestEntries>
  <TestLists>
    <TestList name="Results Not in a List" id="8c84fa94-04c1-424b-9868-57a2d4851a1d" />
    <TestList name="All Loaded Results" id="19431567-8539-422a-85d7-44ee4e166bda" />
  </TestLists>
  <ResultSummary outcome="Completed">
    <Counters total="15" executed="15" passed="15" failed="0" error="0" timeout="0" aborted="0" inconclusive="0" passedButRunAborted="0" notRunnable="0" notExecuted="0" disconnected="0" warning="0" completed="0" inProgress="0" pending="0" />
    <Output>
      <StdOut>[xUnit.net 00:00:00.00] xUnit.net VSTest Adapter v2.8.0+6438bb880a (64-bit .NET 8.0.6)
[xUnit.net 00:00:00.07]   Discovering: AssetStorage.PathProviding.Tests
[xUnit.net 00:00:00.14]   Discovered:  AssetStorage.PathProviding.Tests
[xUnit.net 00:00:00.15]   Starting:    AssetStorage.PathProviding.Tests
[xUnit.net 00:00:00.42]   Finished:    AssetStorage.PathProviding.Tests
</StdOut>
    </Output>
  </ResultSummary>
</TestRun>