<?xml version="1.0" encoding="utf-8"?>
<TestRun id="9a0d54d6-d900-45b0-a811-eeb6cbbf01f6" name="@5955a5bf5f87 2024-07-02 13:00:08" xmlns="http://microsoft.com/schemas/VisualStudio/TeamTest/2010">
  <Times creation="2024-07-02T13:00:08.8112728+00:00" queuing="2024-07-02T13:00:08.8112729+00:00" start="2024-07-02T13:00:08.0426422+00:00" finish="2024-07-02T13:00:09.6867646+00:00" />
  <TestSettings name="default" id="df5a27f9-1ca7-4213-ba3e-57137039172e">
    <Deployment runDeploymentRoot="_5955a5bf5f87_2024-07-02_13_00_08" />
  </TestSettings>
  <Results>
    <UnitTestResult executionId="a551ae1e-5f8e-4d77-b6ed-0f0b1d121b11" testId="64de8883-4e08-a4df-8c6d-833d741c3f37" testName="\ud83d\udc4d\ud83d\udc4dCheck validate credentials" computerName="5955a5bf5f87" duration="00:00:00.0009514" startTime="2024-07-02T13:00:09.5701811+00:00" endTime="2024-07-02T13:00:09.5701812+00:00" testType="13cdc9d9-ddb5-4fa4-a97d-d965ccfc6d4b" outcome="Passed" testListId="8c84fa94-04c1-424b-9868-57a2d4851a1d" relativeResultsDirectory="a551ae1e-5f8e-4d77-b6ed-0f0b1d121b11" />
    <UnitTestResult executionId="2274458e-a69e-40c9-8d0d-bff1478b6aca" testId="f060cdb2-8aea-01b0-1a19-de921fdfd967" testName="\ud83d\udc4d\ud83d\udc4dCheck phone number mask(phoneNumber: &quot;+12345&quot;, result: &quot;+1 2345&quot;)" computerName="5955a5bf5f87" duration="00:00:00.0062806" startTime="2024-07-02T13:00:08.7324900+00:00" endTime="2024-07-02T13:00:08.7324901+00:00" testType="13cdc9d9-ddb5-4fa4-a97d-d965ccfc6d4b" outcome="Passed" testListId="8c84fa94-04c1-424b-9868-57a2d4851a1d" relativeResultsDirectory="2274458e-a69e-40c9-8d0d-bff1478b6aca" />
    <UnitTestResult executionId="a2494726-829a-41d5-949b-788fe48b7f17" testId="14f2f465-1d3c-9f11-591c-2778c82e5677" testName="\ud83d\udc4d\ud83d\udc4dCheck account registration: username has been taken" computerName="5955a5bf5f87" duration="00:00:00.0118086" startTime="2024-07-02T13:00:09.1840040+00:00" endTime="2024-07-02T13:00:09.1840040+00:00" testType="13cdc9d9-ddb5-4fa4-a97d-d965ccfc6d4b" outcome="Passed" testListId="8c84fa94-04c1-424b-9868-57a2d4851a1d" relativeResultsDirectory="a2494726-829a-41d5-949b-788fe48b7f17" />
    <UnitTestResult executionId="15f20d41-6b7f-4514-af53-ff1ef68be9d5" testId="56a43e7b-06eb-d5ba-7f58-5c7a980a200c" testName="\ud83d\udc4d\ud83d\udc4dCheck update credentials(type: Email)" computerName="5955a5bf5f87" duration="00:00:00.0069428" startTime="2024-07-02T13:00:09.3603793+00:00" endTime="2024-07-02T13:00:09.3603795+00:00" testType="13cdc9d9-ddb5-4fa4-a97d-d965ccfc6d4b" outcome="Passed" testListId="8c84fa94-04c1-424b-9868-57a2d4851a1d" relativeResultsDirectory="15f20d41-6b7f-4514-af53-ff1ef68be9d5">
      <Output>
        <StdOut>Information [0]: UpdateCredentials(type=Email, email=test@email, phoneNumber=xxxxxxxxx, hasPassword=True)
Information [0]: ICredentialHandlerProxy handler selected for Email type</StdOut>
      </Output>
    </UnitTestResult>
    <UnitTestResult executionId="08eff7e4-852c-4ce7-b428-a31d6b88b0b7" testId="132477ab-a2c2-fcbc-952f-cd0507e84dea" testName="\ud83d\udc4d\ud83d\udc4dCheck add credentials: account has password login method linked" computerName="5955a5bf5f87" duration="00:00:00.0024983" startTime="2024-07-02T13:00:09.5840218+00:00" endTime="2024-07-02T13:00:09.5840219+00:00" testType="13cdc9d9-ddb5-4fa4-a97d-d965ccfc6d4b" outcome="Passed" testListId="8c84fa94-04c1-424b-9868-57a2d4851a1d" relativeResultsDirectory="08eff7e4-852c-4ce7-b428-a31d6b88b0b7" />
    <UnitTestResult executionId="af8df099-c171-4975-8cc7-e9603ed51bda" testId="cc62fc43-4f79-6ee5-0d90-89bc76510f5d" testName="\ud83d\udc4d\ud83d\udc4dCheck verify credentials: invalid credentials(email: null, phoneNumber: &quot;+12345&quot;, errorCode: &quot;ERROR_PHONE_NUMBER_USED&quot;)" computerName="5955a5bf5f87" duration="00:00:00.0075448" startTime="2024-07-02T13:00:09.4814716+00:00" endTime="2024-07-02T13:00:09.4814717+00:00" testType="13cdc9d9-ddb5-4fa4-a97d-d965ccfc6d4b" outcome="Passed" testListId="8c84fa94-04c1-424b-9868-57a2d4851a1d" relativeResultsDirectory="af8df099-c171-4975-8cc7-e9603ed51bda">
      <Output>
        <StdOut>Information [0]: VerifyCredentials(email=(null), phoneNumber=+12345, isNew=True)</StdOut>
      </Output>
    </UnitTestResult>
    <UnitTestResult executionId="e21cbbbe-0d22-44fb-93ac-4b3b2671d4c4" testId="75fcae73-e5a7-8992-fe50-39d86214c639" testName="\ud83d\udc4d\ud83d\udc4dCheck email mask(email: &quot;test1234@email&quot;, result: &quot;t***4@email&quot;)" computerName="5955a5bf5f87" duration="00:00:00.0002358" startTime="2024-07-02T13:00:08.7287801+00:00" endTime="2024-07-02T13:00:08.7287803+00:00" testType="13cdc9d9-ddb5-4fa4-a97d-d965ccfc6d4b" outcome="Passed" testListId="8c84fa94-04c1-424b-9868-57a2d4851a1d" relativeResultsDirectory="e21cbbbe-0d22-44fb-93ac-4b3b2671d4c4" />
    <UnitTestResult executionId="222db1b3-06a0-4fd6-80ef-681a559cc746" testId="127068d7-3417-1c06-843a-c199e6470d38" testName="\ud83d\udc4d\ud83d\udc4dCheck validate credentials: google token invalid" computerName="5955a5bf5f87" duration="00:00:00.0008202" startTime="2024-07-02T13:00:09.5710948+00:00" endTime="2024-07-02T13:00:09.5710949+00:00" testType="13cdc9d9-ddb5-4fa4-a97d-d965ccfc6d4b" outcome="Passed" testListId="8c84fa94-04c1-424b-9868-57a2d4851a1d" relativeResultsDirectory="222db1b3-06a0-4fd6-80ef-681a559cc746" />
    <UnitTestResult executionId="b3f41ce6-48f9-429e-90f8-7d7495f0bf41" testId="7222e4ac-f6f9-5261-a5b7-ca4ffa017e11" testName="\ud83d\udc4d\ud83d\udc4dCheck verify user: validation failed with error(type: Password, errorCode: &quot;ERROR_PASSWORD_INVALID&quot;)" computerName="5955a5bf5f87" duration="00:00:00.0038110" startTime="2024-07-02T13:00:09.3052163+00:00" endTime="2024-07-02T13:00:09.3052163+00:00" testType="13cdc9d9-ddb5-4fa4-a97d-d965ccfc6d4b" outcome="Passed" testListId="8c84fa94-04c1-424b-9868-57a2d4851a1d" relativeResultsDirectory="b3f41ce6-48f9-429e-90f8-7d7495f0bf41">
      <Output>
        <StdOut>Information [0]: ICredentialHandlerProxy handler selected for Password type</StdOut>
      </Output>
    </UnitTestResult>
    <UnitTestResult executionId="9143d8cb-31b8-4839-8215-911e758e8628" testId="66fe33ba-3c80-7f90-1478-bbacf85f8705" testName="\ud83d\udc4d\ud83d\udc4dCheck verify credentials: invalid credentials(email: &quot;test@email&quot;, phoneNumber: null, errorCode: &quot;ERROR_EMAIL_USED&quot;)" computerName="5955a5bf5f87" duration="00:00:00.0040831" startTime="2024-07-02T13:00:09.4857220+00:00" endTime="2024-07-02T13:00:09.4857221+00:00" testType="13cdc9d9-ddb5-4fa4-a97d-d965ccfc6d4b" outcome="Passed" testListId="8c84fa94-04c1-424b-9868-57a2d4851a1d" relativeResultsDirectory="9143d8cb-31b8-4839-8215-911e758e8628">
      <Output>
        <StdOut>Information [0]: VerifyCredentials(email=test@email, phoneNumber=(null), isNew=True)</StdOut>
      </Output>
    </UnitTestResult>
    <UnitTestResult executionId="7b06511c-1169-4a87-9bcc-98705dc3e56b" testId="dc224800-915f-f350-1d36-47f6582fc85b" testName="\ud83d\udc4d\ud83d\udc4dCheck add credentials(type: PhoneNumber)" computerName="5955a5bf5f87" duration="00:00:00.0084280" startTime="2024-07-02T13:00:09.4167870+00:00" endTime="2024-07-02T13:00:09.4167871+00:00" testType="13cdc9d9-ddb5-4fa4-a97d-d965ccfc6d4b" outcome="Passed" testListId="8c84fa94-04c1-424b-9868-57a2d4851a1d" relativeResultsDirectory="7b06511c-1169-4a87-9bcc-98705dc3e56b">
      <Output>
        <StdOut>Information [0]: AddCredentials(type=PhoneNumber, appleId=apple_id, googleId=apple_id, email=test@email, phoneNumber=xxxxxxxxx, hasPassword=True)
Information [0]: ICredentialHandlerProxy handler selected for PhoneNumber type</StdOut>
      </Output>
    </UnitTestResult>
    <UnitTestResult executionId="bfbfeab1-8535-488a-b7d6-07ef6f1cec8b" testId="87ee572a-3fb7-61f9-9a71-a5478416b1cb" testName="\ud83d\udc4d\ud83d\udc4dCheck verify credentials: invalid credentials(email: null, phoneNumber: &quot;+12345&quot;, errorCode: &quot;ERROR_PHONE_NUMBER_INVALID&quot;)" computerName="5955a5bf5f87" duration="00:00:00.0046606" startTime="2024-07-02T13:00:09.4905471+00:00" endTime="2024-07-02T13:00:09.4905471+00:00" testType="13cdc9d9-ddb5-4fa4-a97d-d965ccfc6d4b" outcome="Passed" testListId="8c84fa94-04c1-424b-9868-57a2d4851a1d" relativeResultsDirectory="bfbfeab1-8535-488a-b7d6-07ef6f1cec8b">
      <Output>
        <StdOut>Information [0]: VerifyCredentials(email=(null), phoneNumber=12345, isNew=False)</StdOut>
      </Output>
    </UnitTestResult>
    <UnitTestResult executionId="43fc6a35-4dbc-461c-9891-00b01460b313" testId="03cd2073-4a98-f8bb-5f82-89795aa53b87" testName="\ud83d\udc4d\ud83d\udc4dCheck update credentials" computerName="5955a5bf5f87" duration="00:00:00.0071295" startTime="2024-07-02T13:00:09.5443675+00:00" endTime="2024-07-02T13:00:09.5443678+00:00" testType="13cdc9d9-ddb5-4fa4-a97d-d965ccfc6d4b" outcome="Passed" testListId="8c84fa94-04c1-424b-9868-57a2d4851a1d" relativeResultsDirectory="43fc6a35-4dbc-461c-9891-00b01460b313" />
    <UnitTestResult executionId="c3587e8a-5bb6-411f-a01d-b7695fcdbad8" testId="eece187a-b459-b17e-8010-a36caf570b73" testName="\ud83d\udc4d\ud83d\udc4dCheck phone number mask(phoneNumber: &quot;xxxxxxxxx&quot;, result: &quot;+86 188*****974&quot;)" computerName="5955a5bf5f87" duration="00:00:00.0000080" startTime="2024-07-02T13:00:08.7824147+00:00" endTime="2024-07-02T13:00:08.7824148+00:00" testType="13cdc9d9-ddb5-4fa4-a97d-d965ccfc6d4b" outcome="Passed" testListId="8c84fa94-04c1-424b-9868-57a2d4851a1d" relativeResultsDirectory="c3587e8a-5bb6-411f-a01d-b7695fcdbad8" />
    <UnitTestResult executionId="fcf8434d-ced6-4977-9123-b2029e97033c" testId="82044747-987c-4a7d-6bfb-d020f0bb2328" testName="\ud83d\udc4d\ud83d\udc4dCheck validate credentials: verification code invalid" computerName="5955a5bf5f87" duration="00:00:00.0016468" startTime="2024-07-02T13:00:09.5489598+00:00" endTime="2024-07-02T13:00:09.5489599+00:00" testType="13cdc9d9-ddb5-4fa4-a97d-d965ccfc6d4b" outcome="Passed" testListId="8c84fa94-04c1-424b-9868-57a2d4851a1d" relativeResultsDirectory="fcf8434d-ced6-4977-9123-b2029e97033c" />
    <UnitTestResult executionId="d32caffd-2a72-4a9c-9395-a0f87e4c894f" testId="1161c94f-2915-af95-f06f-6c07e791a216" testName="\ud83d\udc4d\ud83d\udc4dCheck add credentials" computerName="5955a5bf5f87" duration="00:00:00.0034389" startTime="2024-07-02T13:00:09.6134627+00:00" endTime="2024-07-02T13:00:09.6134628+00:00" testType="13cdc9d9-ddb5-4fa4-a97d-d965ccfc6d4b" outcome="Passed" testListId="8c84fa94-04c1-424b-9868-57a2d4851a1d" relativeResultsDirectory="d32caffd-2a72-4a9c-9395-a0f87e4c894f" />
    <UnitTestResult executionId="e647fb25-9f56-484e-8e66-775b0a34c2f1" testId="31e744c4-e268-72fe-fbfb-1d43b38c4007" testName="\ud83d\udc4d\ud83d\udc4dCheck account registration: user registered: by phone number" computerName="5955a5bf5f87" duration="00:00:00.0071600" startTime="2024-07-02T13:00:09.2011824+00:00" endTime="2024-07-02T13:00:09.2011825+00:00" testType="13cdc9d9-ddb5-4fa4-a97d-d965ccfc6d4b" outcome="Passed" testListId="8c84fa94-04c1-424b-9868-57a2d4851a1d" relativeResultsDirectory="e647fb25-9f56-484e-8e66-775b0a34c2f1" />
    <UnitTestResult executionId="94459fe1-f4d0-44d9-b77e-6728f71e1319" testId="0882a824-08da-116d-4371-7805e0124f36" testName="\ud83d\udc4d\ud83d\udc4dCheck verify user(type: Email)" computerName="5955a5bf5f87" duration="00:00:00.0035644" startTime="2024-07-02T13:00:09.3335220+00:00" endTime="2024-07-02T13:00:09.3335221+00:00" testType="13cdc9d9-ddb5-4fa4-a97d-d965ccfc6d4b" outcome="Passed" testListId="8c84fa94-04c1-424b-9868-57a2d4851a1d" relativeResultsDirectory="94459fe1-f4d0-44d9-b77e-6728f71e1319">
      <Output>
        <StdOut>Information [0]: ICredentialHandlerProxy handler selected for Email type</StdOut>
      </Output>
    </UnitTestResult>
    <UnitTestResult executionId="3fae6685-6060-49f7-9bcb-51c54d92a426" testId="0bc691e5-7966-5460-57cf-af8cb28a6e5a" testName="\ud83d\udc4d\ud83d\udc4dCheck email mask(email: &quot;test123@email&quot;, result: &quot;t***3@email&quot;)" computerName="5955a5bf5f87" duration="00:00:00.0000069" startTime="2024-07-02T13:00:08.7291192+00:00" endTime="2024-07-02T13:00:08.7291192+00:00" testType="13cdc9d9-ddb5-4fa4-a97d-d965ccfc6d4b" outcome="Passed" testListId="8c84fa94-04c1-424b-9868-57a2d4851a1d" relativeResultsDirectory="3fae6685-6060-49f7-9bcb-51c54d92a426" />
    <UnitTestResult executionId="2cf71bcf-2d48-415e-9118-7b195a7f33d6" testId="c2187a83-418d-d9b7-a498-41e16673afe4" testName="\ud83d\udc4d\ud83d\udc4dCheck validate credentials" computerName="5955a5bf5f87" duration="00:00:00.0015086" startTime="2024-07-02T13:00:09.6234375+00:00" endTime="2024-07-02T13:00:09.6234375+00:00" testType="13cdc9d9-ddb5-4fa4-a97d-d965ccfc6d4b" outcome="Passed" testListId="8c84fa94-04c1-424b-9868-57a2d4851a1d" relativeResultsDirectory="2cf71bcf-2d48-415e-9118-7b195a7f33d6" />
    <UnitTestResult executionId="a114ae06-52d0-4636-8611-6a1bfd80a31f" testId="3dc0f56f-0256-9c19-0ac0-9ad904923a70" testName="\ud83d\udc4d\ud83d\udc4dCheck add credentials: account has google login method linked" computerName="5955a5bf5f87" duration="00:00:00.0029101" startTime="2024-07-02T13:00:09.5659675+00:00" endTime="2024-07-02T13:00:09.5659676+00:00" testType="13cdc9d9-ddb5-4fa4-a97d-d965ccfc6d4b" outcome="Passed" testListId="8c84fa94-04c1-424b-9868-57a2d4851a1d" relativeResultsDirectory="a114ae06-52d0-4636-8611-6a1bfd80a31f" />
    <UnitTestResult executionId="000f1111-5c3e-476d-a200-972c1bd5cdd9" testId="f386d4ff-abf1-0656-7393-7df26e1b040a" testName="\ud83d\udc4d\ud83d\udc4dCheck update credentials: account last login method" computerName="5955a5bf5f87" duration="00:00:00.0029681" startTime="2024-07-02T13:00:09.6076191+00:00" endTime="2024-07-02T13:00:09.6076192+00:00" testType="13cdc9d9-ddb5-4fa4-a97d-d965ccfc6d4b" outcome="Passed" testListId="8c84fa94-04c1-424b-9868-57a2d4851a1d" relativeResultsDirectory="000f1111-5c3e-476d-a200-972c1bd5cdd9" />
    <UnitTestResult executionId="8f5c471d-9b4b-48d8-8f24-ee3053b6f6e0" testId="6add8f69-433f-0fad-35cd-03e3c2e65f22" testName="\ud83d\udc4d\ud83d\udc4dCheck add credentials: verification code invalid" computerName="5955a5bf5f87" duration="00:00:00.0023774" startTime="2024-07-02T13:00:09.5581916+00:00" endTime="2024-07-02T13:00:09.5581917+00:00" testType="13cdc9d9-ddb5-4fa4-a97d-d965ccfc6d4b" outcome="Passed" testListId="8c84fa94-04c1-424b-9868-57a2d4851a1d" relativeResultsDirectory="8f5c471d-9b4b-48d8-8f24-ee3053b6f6e0" />
    <UnitTestResult executionId="66c13014-7fee-47d4-8a1a-de9e2d983fc3" testId="806c7860-c97c-da42-b193-3727b178609d" testName="\ud83d\udc4d\ud83d\udc4dCheck update credentials: email already used" computerName="5955a5bf5f87" duration="00:00:00.0025803" startTime="2024-07-02T13:00:09.5530227+00:00" endTime="2024-07-02T13:00:09.5530228+00:00" testType="13cdc9d9-ddb5-4fa4-a97d-d965ccfc6d4b" outcome="Passed" testListId="8c84fa94-04c1-424b-9868-57a2d4851a1d" relativeResultsDirectory="66c13014-7fee-47d4-8a1a-de9e2d983fc3" />
    <UnitTestResult executionId="d10d7769-5692-4ea9-944a-0bf79a55a6a5" testId="3b1565f1-fbae-2b1d-fbb8-5c1d0f9e1357" testName="\ud83d\udc4d\ud83d\udc4dCheck add credentials: only password type available for minor users(type: PhoneNumber)" computerName="5955a5bf5f87" duration="00:00:00.0044615" startTime="2024-07-02T13:00:09.2736483+00:00" endTime="2024-07-02T13:00:09.2736484+00:00" testType="13cdc9d9-ddb5-4fa4-a97d-d965ccfc6d4b" outcome="Passed" testListId="8c84fa94-04c1-424b-9868-57a2d4851a1d" relativeResultsDirectory="d10d7769-5692-4ea9-944a-0bf79a55a6a5">
      <Output>
        <StdOut>Information [0]: AddCredentials(type=PhoneNumber, appleId=apple_id, googleId=apple_id, email=test@email, phoneNumber=xxxxxxxxx, hasPassword=False)</StdOut>
      </Output>
    </UnitTestResult>
    <UnitTestResult executionId="39cd7178-4a96-47af-b17c-81d2c825b9e1" testId="fa7761b3-1e42-f889-1689-f7b5d99e1409" testName="\ud83d\udc4d\ud83d\udc4dCheck update credentials" computerName="5955a5bf5f87" duration="00:00:00.0027965" startTime="2024-07-02T13:00:09.5891467+00:00" endTime="2024-07-02T13:00:09.5891468+00:00" testType="13cdc9d9-ddb5-4fa4-a97d-d965ccfc6d4b" outcome="Passed" testListId="8c84fa94-04c1-424b-9868-57a2d4851a1d" relativeResultsDirectory="39cd7178-4a96-47af-b17c-81d2c825b9e1" />
    <UnitTestResult executionId="2e6ebf6a-7b4c-4540-b859-adea44c1613f" testId="ea070936-f90f-0fbd-6443-824afd77a3b9" testName="\ud83d\udc4d\ud83d\udc4dCheck update credentials: only password type available for minor users(type: Email)" computerName="5955a5bf5f87" duration="00:00:00.0035995" startTime="2024-07-02T13:00:09.3735483+00:00" endTime="2024-07-02T13:00:09.3735484+00:00" testType="13cdc9d9-ddb5-4fa4-a97d-d965ccfc6d4b" outcome="Passed" testListId="8c84fa94-04c1-424b-9868-57a2d4851a1d" relativeResultsDirectory="2e6ebf6a-7b4c-4540-b859-adea44c1613f">
      <Output>
        <StdOut>Information [0]: UpdateCredentials(type=Email, email=test@email, phoneNumber=xxxxxxxxx, hasPassword=True)</StdOut>
      </Output>
    </UnitTestResult>
    <UnitTestResult executionId="07b8ae17-fb2d-40af-b0d9-7dfb0a3eefd1" testId="8849a4f1-5e15-89ba-274f-426e4d502710" testName="\ud83d\udc4d\ud83d\udc4dCheck account registration: validate username: invalid length(username: &quot;m&quot;)" computerName="5955a5bf5f87" duration="00:00:00.0054458" startTime="2024-07-02T13:00:09.1157639+00:00" endTime="2024-07-02T13:00:09.1157640+00:00" testType="13cdc9d9-ddb5-4fa4-a97d-d965ccfc6d4b" outcome="Passed" testListId="8c84fa94-04c1-424b-9868-57a2d4851a1d" relativeResultsDirectory="07b8ae17-fb2d-40af-b0d9-7dfb0a3eefd1" />
    <UnitTestResult executionId="41813e18-e0c1-463f-984a-3a4b6899c45b" testId="aba13b78-a8a2-4995-5d10-1e23a6be94ec" testName="\ud83d\udc4d\ud83d\udc4dCheck phone number mask(phoneNumber: null, result: null)" computerName="5955a5bf5f87" duration="00:00:00.0009189" startTime="2024-07-02T13:00:08.7292114+00:00" endTime="2024-07-02T13:00:08.7292115+00:00" testType="13cdc9d9-ddb5-4fa4-a97d-d965ccfc6d4b" outcome="Passed" testListId="8c84fa94-04c1-424b-9868-57a2d4851a1d" relativeResultsDirectory="41813e18-e0c1-463f-984a-3a4b6899c45b" />
    <UnitTestResult executionId="e13817fe-72a5-45f2-b0ea-ad3c83c774bc" testId="edf7ceb1-5cbb-3a00-2725-fac0d5ade747" testName="\ud83d\udc4d\ud83d\udc4eCheck account registration info" computerName="5955a5bf5f87" duration="00:00:00.0071674" startTime="2024-07-02T13:00:09.1715560+00:00" endTime="2024-07-02T13:00:09.1715561+00:00" testType="13cdc9d9-ddb5-4fa4-a97d-d965ccfc6d4b" outcome="Passed" testListId="8c84fa94-04c1-424b-9868-57a2d4851a1d" relativeResultsDirectory="e13817fe-72a5-45f2-b0ea-ad3c83c774bc" />
    <UnitTestResult executionId="230b5e49-742e-478c-9039-e68fb129c1b6" testId="4d3572bc-b561-c478-d505-e934206b33b7" testName="\ud83d\udc4d\ud83d\udc4dCheck add credentials: only password type available for minor users(type: Email)" computerName="5955a5bf5f87" duration="00:00:00.0037481" startTime="2024-07-02T13:00:09.2775404+00:00" endTime="2024-07-02T13:00:09.2775405+00:00" testType="13cdc9d9-ddb5-4fa4-a97d-d965ccfc6d4b" outcome="Passed" testListId="8c84fa94-04c1-424b-9868-57a2d4851a1d" relativeResultsDirectory="230b5e49-742e-478c-9039-e68fb129c1b6">
      <Output>
        <StdOut>Information [0]: AddCredentials(type=Email, appleId=apple_id, googleId=apple_id, email=test@email, phoneNumber=xxxxxxxxx, hasPassword=False)</StdOut>
      </Output>
    </UnitTestResult>
    <UnitTestResult executionId="ec435f44-eb33-4e61-8d3a-6013936c4af1" testId="91d67c5d-d0b7-0b92-7d08-fd1e3709b5cd" testName="\ud83d\udc4d\ud83d\udc4dCheck update credentials" computerName="5955a5bf5f87" duration="00:00:00.0013240" startTime="2024-07-02T13:00:09.5673573+00:00" endTime="2024-07-02T13:00:09.5673574+00:00" testType="13cdc9d9-ddb5-4fa4-a97d-d965ccfc6d4b" outcome="Passed" testListId="8c84fa94-04c1-424b-9868-57a2d4851a1d" relativeResultsDirectory="ec435f44-eb33-4e61-8d3a-6013936c4af1" />
    <UnitTestResult executionId="08af5dfa-c4c0-4190-ad24-ab9b6e59dbab" testId="3512309e-e77b-35c0-0e05-8675f5591965" testName="\ud83d\udc4d\ud83d\udc4dCheck add credentials" computerName="5955a5bf5f87" duration="00:00:00.0012618" startTime="2024-07-02T13:00:09.5723760+00:00" endTime="2024-07-02T13:00:09.5723761+00:00" testType="13cdc9d9-ddb5-4fa4-a97d-d965ccfc6d4b" outcome="Passed" testListId="8c84fa94-04c1-424b-9868-57a2d4851a1d" relativeResultsDirectory="08af5dfa-c4c0-4190-ad24-ab9b6e59dbab" />
    <UnitTestResult executionId="e59a108d-c2aa-485e-ae30-175de2738ff7" testId="718d90c8-c8f7-4477-cda5-b881f7101746" testName="\ud83d\udc4d\ud83d\udc4dCheck get credentials status: user not found error" computerName="5955a5bf5f87" duration="00:00:00.0238176" startTime="2024-07-02T13:00:09.2463262+00:00" endTime="2024-07-02T13:00:09.2463264+00:00" testType="13cdc9d9-ddb5-4fa4-a97d-d965ccfc6d4b" outcome="Passed" testListId="8c84fa94-04c1-424b-9868-57a2d4851a1d" relativeResultsDirectory="e59a108d-c2aa-485e-ae30-175de2738ff7" />
    <UnitTestResult executionId="842ec3e1-e079-4bfb-8db5-6c96830b0f93" testId="757b7cdb-a265-f582-ecde-3584620cb57c" testName="\ud83d\udc4d\ud83d\udc4dCheck validate credentials: verification code invalid" computerName="5955a5bf5f87" duration="00:00:00.0017343" startTime="2024-07-02T13:00:09.6152655+00:00" endTime="2024-07-02T13:00:09.6152656+00:00" testType="13cdc9d9-ddb5-4fa4-a97d-d965ccfc6d4b" outcome="Passed" testListId="8c84fa94-04c1-424b-9868-57a2d4851a1d" relativeResultsDirectory="842ec3e1-e079-4bfb-8db5-6c96830b0f93" />
    <UnitTestResult executionId="67328121-4d03-4b2c-b9cd-c6e69cf236ec" testId="99ed0332-e1c6-e569-fcdf-2da1c8fccc8e" testName="\ud83d\udc4d\ud83d\udc4dCheck account registration: validate username: invalid length(username: &quot;1234567890123456&quot;)" computerName="5955a5bf5f87" duration="00:00:00.0036775" startTime="2024-07-02T13:00:09.1196725+00:00" endTime="2024-07-02T13:00:09.1196726+00:00" testType="13cdc9d9-ddb5-4fa4-a97d-d965ccfc6d4b" outcome="Passed" testListId="8c84fa94-04c1-424b-9868-57a2d4851a1d" relativeResultsDirectory="67328121-4d03-4b2c-b9cd-c6e69cf236ec" />
    <UnitTestResult executionId="630464b7-df90-423d-aa73-d71bd964ea81" testId="acea1b42-04c0-935d-6108-ab09e0dde765" testName="\ud83d\udc4d\ud83d\udc4dCheck update credentials(type: PhoneNumber)" computerName="5955a5bf5f87" duration="00:00:00.0050080" startTime="2024-07-02T13:00:09.3515092+00:00" endTime="2024-07-02T13:00:09.3515093+00:00" testType="13cdc9d9-ddb5-4fa4-a97d-d965ccfc6d4b" outcome="Passed" testListId="8c84fa94-04c1-424b-9868-57a2d4851a1d" relativeResultsDirectory="630464b7-df90-423d-aa73-d71bd964ea81">
      <Output>
        <StdOut>Information [0]: UpdateCredentials(type=PhoneNumber, email=test@email, phoneNumber=xxxxxxxxx, hasPassword=True)
Information [0]: ICredentialHandlerProxy handler selected for PhoneNumber type</StdOut>
      </Output>
    </UnitTestResult>
    <UnitTestResult executionId="13776cb1-1a31-448a-899f-17a19d684fd6" testId="a5079d14-d28b-6967-2fda-7b6efd3e7159" testName="\ud83d\udc4d\ud83d\udc4dCheck update credentials: only password type available for minor users(type: GoogleId)" computerName="5955a5bf5f87" duration="00:00:00.0034518" startTime="2024-07-02T13:00:09.3771417+00:00" endTime="2024-07-02T13:00:09.3771418+00:00" testType="13cdc9d9-ddb5-4fa4-a97d-d965ccfc6d4b" outcome="Passed" testListId="8c84fa94-04c1-424b-9868-57a2d4851a1d" relativeResultsDirectory="13776cb1-1a31-448a-899f-17a19d684fd6">
      <Output>
        <StdOut>Information [0]: UpdateCredentials(type=GoogleId, email=test@email, phoneNumber=xxxxxxxxx, hasPassword=True)</StdOut>
      </Output>
    </UnitTestResult>
    <UnitTestResult executionId="3c007fe9-1740-412f-a21c-9d0a2bc4a95f" testId="1e689b1f-0c02-0fe6-bf55-60c08e66616f" testName="\ud83d\udc4d\ud83d\udc4dCheck add credentials" computerName="5955a5bf5f87" duration="00:00:00.0069384" startTime="2024-07-02T13:00:09.5814384+00:00" endTime="2024-07-02T13:00:09.5814386+00:00" testType="13cdc9d9-ddb5-4fa4-a97d-d965ccfc6d4b" outcome="Passed" testListId="8c84fa94-04c1-424b-9868-57a2d4851a1d" relativeResultsDirectory="3c007fe9-1740-412f-a21c-9d0a2bc4a95f" />
    <UnitTestResult executionId="72275393-f773-4901-920e-04053ae0554e" testId="c0928f4c-2ff3-0808-e267-f51057a05c1b" testName="\ud83d\udc4d\ud83d\udc4dCheck add credentials: password already exist" computerName="5955a5bf5f87" duration="00:00:00.0054909" startTime="2024-07-02T13:00:09.5947764+00:00" endTime="2024-07-02T13:00:09.5947764+00:00" testType="13cdc9d9-ddb5-4fa4-a97d-d965ccfc6d4b" outcome="Passed" testListId="8c84fa94-04c1-424b-9868-57a2d4851a1d" relativeResultsDirectory="72275393-f773-4901-920e-04053ae0554e" />
    <UnitTestResult executionId="8e5900dc-b019-4c0b-bc27-a0fa694bd800" testId="4edde2b3-ba03-9767-e77a-5086ed0dfbf4" testName="\ud83d\udc4d\ud83d\udc4dCheck verify user: validation failed with error(type: GoogleId, errorCode: &quot;ERROR_GOOGLE_IDENTITY_TOKEN_INVALID&quot;)" computerName="5955a5bf5f87" duration="00:00:00.0034931" startTime="2024-07-02T13:00:09.3158958+00:00" endTime="2024-07-02T13:00:09.3158959+00:00" testType="13cdc9d9-ddb5-4fa4-a97d-d965ccfc6d4b" outcome="Passed" testListId="8c84fa94-04c1-424b-9868-57a2d4851a1d" relativeResultsDirectory="8e5900dc-b019-4c0b-bc27-a0fa694bd800">
      <Output>
        <StdOut>Information [0]: ICredentialHandlerProxy handler selected for GoogleId type</StdOut>
      </Output>
    </UnitTestResult>
    <UnitTestResult executionId="a0df69cb-1f40-4359-9565-a505d8833831" testId="595157f1-1e47-a086-0c1e-c4ed0d783dbd" testName="\ud83d\udc4d\ud83d\udc4dCheck account registration: validate username: nickname used" computerName="5955a5bf5f87" duration="00:00:00.3322501" startTime="2024-07-02T13:00:09.0640818+00:00" endTime="2024-07-02T13:00:09.0640821+00:00" testType="13cdc9d9-ddb5-4fa4-a97d-d965ccfc6d4b" outcome="Passed" testListId="8c84fa94-04c1-424b-9868-57a2d4851a1d" relativeResultsDirectory="a0df69cb-1f40-4359-9565-a505d8833831" />
    <UnitTestResult executionId="9acb4423-65d7-4af2-85e2-ada27a774aef" testId="cfb6018e-0b69-7d6c-21e6-18fe5873df65" testName="\ud83d\udc4d\ud83d\udc4dCheck token provider" computerName="5955a5bf5f87" duration="00:00:00.0366154" startTime="2024-07-02T13:00:09.4580334+00:00" endTime="2024-07-02T13:00:09.4580336+00:00" testType="13cdc9d9-ddb5-4fa4-a97d-d965ccfc6d4b" outcome="Passed" testListId="8c84fa94-04c1-424b-9868-57a2d4851a1d" relativeResultsDirectory="9acb4423-65d7-4af2-85e2-ada27a774aef" />
    <UnitTestResult executionId="a95e6cbe-ab95-4e3d-846f-41dbed02aebb" testId="fbd49761-854b-6225-ce31-5f5b1757892d" testName="\ud83d\udc4d\ud83d\udc4dCheck get credentials status" computerName="5955a5bf5f87" duration="00:00:00.0048884" startTime="2024-07-02T13:00:09.4689720+00:00" endTime="2024-07-02T13:00:09.4689721+00:00" testType="13cdc9d9-ddb5-4fa4-a97d-d965ccfc6d4b" outcome="Passed" testListId="8c84fa94-04c1-424b-9868-57a2d4851a1d" relativeResultsDirectory="a95e6cbe-ab95-4e3d-846f-41dbed02aebb" />
    <UnitTestResult executionId="ff603b93-378f-4bbe-bf47-f4fcd2fe8a62" testId="b13bbb35-47e6-5e37-dc52-aae0ddf23cef" testName="\ud83d\udc4d\ud83d\udc4dCheck update credentials: ignore apple and google type(type: AppleId)" computerName="5955a5bf5f87" duration="00:00:00.0038603" startTime="2024-07-02T13:00:09.2935523+00:00" endTime="2024-07-02T13:00:09.2935523+00:00" testType="13cdc9d9-ddb5-4fa4-a97d-d965ccfc6d4b" outcome="Passed" testListId="8c84fa94-04c1-424b-9868-57a2d4851a1d" relativeResultsDirectory="ff603b93-378f-4bbe-bf47-f4fcd2fe8a62">
      <Output>
        <StdOut>Information [0]: UpdateCredentials(type=AppleId, email=test@email, phoneNumber=xxxxxxxxx, hasPassword=True)</StdOut>
      </Output>
    </UnitTestResult>
    <UnitTestResult executionId="d09291d5-98a6-495b-af2b-6faf9248b8e4" testId="a9b352e6-4429-2807-62c6-f323365866d8" testName="\ud83d\udc4d\ud83d\udc4dCheck account registration: validate username: invalid length(username: &quot;toolongusernameisveryveryverylong&quot;)" computerName="5955a5bf5f87" duration="00:00:00.0033128" startTime="2024-07-02T13:00:09.1297536+00:00" endTime="2024-07-02T13:00:09.1297538+00:00" testType="13cdc9d9-ddb5-4fa4-a97d-d965ccfc6d4b" outcome="Passed" testListId="8c84fa94-04c1-424b-9868-57a2d4851a1d" relativeResultsDirectory="d09291d5-98a6-495b-af2b-6faf9248b8e4" />
    <UnitTestResult executionId="3e7a34c9-e3b0-4fb9-8ab5-8fff45a3329f" testId="1535dc98-f533-1bb6-5f4b-79e8b849daa8" testName="\ud83d\udc4d\ud83d\udc4dCheck verify user(type: Password)" computerName="5955a5bf5f87" duration="00:00:00.0031468" startTime="2024-07-02T13:00:09.3298350+00:00" endTime="2024-07-02T13:00:09.3298351+00:00" testType="13cdc9d9-ddb5-4fa4-a97d-d965ccfc6d4b" outcome="Passed" testListId="8c84fa94-04c1-424b-9868-57a2d4851a1d" relativeResultsDirectory="3e7a34c9-e3b0-4fb9-8ab5-8fff45a3329f">
      <Output>
        <StdOut>Information [0]: ICredentialHandlerProxy handler selected for Password type</StdOut>
      </Output>
    </UnitTestResult>
    <UnitTestResult executionId="32b059b1-7a6b-4d69-9ca1-8a587c74819d" testId="47569ff4-ea90-67c0-4265-bf245bc02d74" testName="\ud83d\udc4d\ud83d\udc4dCheck verify user(type: AppleId)" computerName="5955a5bf5f87" duration="00:00:00.0069820" startTime="2024-07-02T13:00:09.3230259+00:00" endTime="2024-07-02T13:00:09.3230261+00:00" testType="13cdc9d9-ddb5-4fa4-a97d-d965ccfc6d4b" outcome="Passed" testListId="8c84fa94-04c1-424b-9868-57a2d4851a1d" relativeResultsDirectory="32b059b1-7a6b-4d69-9ca1-8a587c74819d">
      <Output>
        <StdOut>Information [0]: ICredentialHandlerProxy handler selected for AppleId type</StdOut>
      </Output>
    </UnitTestResult>
    <UnitTestResult executionId="0960151d-9119-4d71-9d48-b30107fbd8e6" testId="2c71f6bc-2556-862c-b252-faeef441c7de" testName="\ud83d\udc4d\ud83d\udc4dCheck add credentials: apple is already used" computerName="5955a5bf5f87" duration="00:00:00.0015587" startTime="2024-07-02T13:00:09.2165318+00:00" endTime="2024-07-02T13:00:09.2165319+00:00" testType="13cdc9d9-ddb5-4fa4-a97d-d965ccfc6d4b" outcome="Passed" testListId="8c84fa94-04c1-424b-9868-57a2d4851a1d" relativeResultsDirectory="0960151d-9119-4d71-9d48-b30107fbd8e6" />
    <UnitTestResult executionId="1f66cb06-de75-4e55-9b4d-6a5cfefb83bf" testId="1e9a1e9c-d5b3-5e75-0886-7ca26db9afbf" testName="\ud83d\udc4d\ud83d\udc4dCheck email mask(email: &quot;&quot;, result: &quot;&quot;)" computerName="5955a5bf5f87" duration="00:00:00.0000094" startTime="2024-07-02T13:00:08.7290907+00:00" endTime="2024-07-02T13:00:08.7290907+00:00" testType="13cdc9d9-ddb5-4fa4-a97d-d965ccfc6d4b" outcome="Passed" testListId="8c84fa94-04c1-424b-9868-57a2d4851a1d" relativeResultsDirectory="1f66cb06-de75-4e55-9b4d-6a5cfefb83bf" />
    <UnitTestResult executionId="aac547e3-2118-4842-8460-234e66f939ff" testId="b0c7aa94-fc19-7fc1-c06d-951657225005" testName="\ud83d\udc4d\ud83d\udc4dCheck update credentials: phone number already used" computerName="5955a5bf5f87" duration="00:00:00.0022634" startTime="2024-07-02T13:00:09.6099333+00:00" endTime="2024-07-02T13:00:09.6099335+00:00" testType="13cdc9d9-ddb5-4fa4-a97d-d965ccfc6d4b" outcome="Passed" testListId="8c84fa94-04c1-424b-9868-57a2d4851a1d" relativeResultsDirectory="aac547e3-2118-4842-8460-234e66f939ff" />
    <UnitTestResult executionId="d4c73a28-6f59-4363-97ec-629c5026b00f" testId="81166c0a-01ab-4f6d-12d3-3a3879b0ed9b" testName="\ud83d\udc4d\ud83d\udc4dCheck email mask(email: &quot;t3@email&quot;, result: &quot;t3@email&quot;)" computerName="5955a5bf5f87" duration="00:00:00.0100277" startTime="2024-07-02T13:00:08.7186671+00:00" endTime="2024-07-02T13:00:08.7186833+00:00" testType="13cdc9d9-ddb5-4fa4-a97d-d965ccfc6d4b" outcome="Passed" testListId="8c84fa94-04c1-424b-9868-57a2d4851a1d" relativeResultsDirectory="d4c73a28-6f59-4363-97ec-629c5026b00f" />
    <UnitTestResult executionId="a7a4a545-242c-428f-913b-12d8bcd19fff" testId="e4ea3aed-5ffc-0529-2461-4da0ac7b8a09" testName="\ud83d\udc4d\ud83d\udc4dCheck validate credentials: password invalid" computerName="5955a5bf5f87" duration="00:00:00.0019143" startTime="2024-07-02T13:00:09.6001414+00:00" endTime="2024-07-02T13:00:09.6001415+00:00" testType="13cdc9d9-ddb5-4fa4-a97d-d965ccfc6d4b" outcome="Passed" testListId="8c84fa94-04c1-424b-9868-57a2d4851a1d" relativeResultsDirectory="a7a4a545-242c-428f-913b-12d8bcd19fff" />
    <UnitTestResult executionId="a06323b5-8902-4a18-b4ba-1307c919944a" testId="e13c1acd-345f-b7d6-bc44-8ede2589d8ee" testName="\ud83d\udc4d\ud83d\udc4dCheck phone number mask(phoneNumber: &quot;xxxxxxxxx&quot;, result: &quot;+380 969****990&quot;)" computerName="5955a5bf5f87" duration="00:00:00.0000384" startTime="2024-07-02T13:00:08.7824673+00:00" endTime="2024-07-02T13:00:08.7824673+00:00" testType="13cdc9d9-ddb5-4fa4-a97d-d965ccfc6d4b" outcome="Passed" testListId="8c84fa94-04c1-424b-9868-57a2d4851a1d" relativeResultsDirectory="a06323b5-8902-4a18-b4ba-1307c919944a" />
    <UnitTestResult executionId="9589a343-63dd-439c-a189-0cdcbba398e5" testId="bd904d25-7ae2-e4be-5bd6-0beca44a233e" testName="\ud83d\udc4d\ud83d\udc4dCheck phone number mask(phoneNumber: &quot;xxxxxxxxx&quot;, result: &quot;+46 763***983&quot;)" computerName="5955a5bf5f87" duration="00:00:00.0000394" startTime="2024-07-02T13:00:08.7325394+00:00" endTime="2024-07-02T13:00:08.7325395+00:00" testType="13cdc9d9-ddb5-4fa4-a97d-d965ccfc6d4b" outcome="Passed" testListId="8c84fa94-04c1-424b-9868-57a2d4851a1d" relativeResultsDirectory="9589a343-63dd-439c-a189-0cdcbba398e5" />
    <UnitTestResult executionId="2ae0cd0e-9951-49ab-90d3-8ea6b8610416" testId="b42e2422-330b-b2f3-03f5-c5f63ef5667d" testName="\ud83d\udc4d\ud83d\udc4dCheck validate credentials" computerName="5955a5bf5f87" duration="00:00:00.0013419" startTime="2024-07-02T13:00:09.5503476+00:00" endTime="2024-07-02T13:00:09.5503476+00:00" testType="13cdc9d9-ddb5-4fa4-a97d-d965ccfc6d4b" outcome="Passed" testListId="8c84fa94-04c1-424b-9868-57a2d4851a1d" relativeResultsDirectory="2ae0cd0e-9951-49ab-90d3-8ea6b8610416" />
    <UnitTestResult executionId="07c4b57f-1641-49ae-b907-57bace3d9e83" testId="81a6511e-323e-e95c-3f16-783a4a06f113" testName="\ud83d\udc4d\ud83d\udc4dCheck verify user: validation failed with error(type: Email, errorCode: &quot;ERROR_VERIFICATION_CODE_INVALID&quot;)" computerName="5955a5bf5f87" duration="00:00:00.0033070" startTime="2024-07-02T13:00:09.3086479+00:00" endTime="2024-07-02T13:00:09.3086480+00:00" testType="13cdc9d9-ddb5-4fa4-a97d-d965ccfc6d4b" outcome="Passed" testListId="8c84fa94-04c1-424b-9868-57a2d4851a1d" relativeResultsDirectory="07c4b57f-1641-49ae-b907-57bace3d9e83">
      <Output>
        <StdOut>Information [0]: ICredentialHandlerProxy handler selected for Email type</StdOut>
      </Output>
    </UnitTestResult>
    <UnitTestResult executionId="f645805d-4ce5-45c5-be82-58c3377caf60" testId="75f8dc06-5a81-9135-aa66-1914b5c0a228" testName="\ud83d\udc4d\ud83d\udc4dCheck verify user: validation failed with error(type: PhoneNumber, errorCode: &quot;ERROR_VERIFICATION_CODE_INVALID&quot;)" computerName="5955a5bf5f87" duration="00:00:00.0031691" startTime="2024-07-02T13:00:09.3119405+00:00" endTime="2024-07-02T13:00:09.3119406+00:00" testType="13cdc9d9-ddb5-4fa4-a97d-d965ccfc6d4b" outcome="Passed" testListId="8c84fa94-04c1-424b-9868-57a2d4851a1d" relativeResultsDirectory="f645805d-4ce5-45c5-be82-58c3377caf60">
      <Output>
        <StdOut>Information [0]: ICredentialHandlerProxy handler selected for PhoneNumber type</StdOut>
      </Output>
    </UnitTestResult>
    <UnitTestResult executionId="c6694b7e-378d-40ee-82de-2923c20c11df" testId="d638281c-be2d-f6e4-9e22-6e7476d50a09" testName="\ud83d\udc4d\ud83d\udc4dCheck update credentials: account last login method" computerName="5955a5bf5f87" duration="00:00:00.0424861" startTime="2024-07-02T13:00:09.5371325+00:00" endTime="2024-07-02T13:00:09.5371326+00:00" testType="13cdc9d9-ddb5-4fa4-a97d-d965ccfc6d4b" outcome="Passed" testListId="8c84fa94-04c1-424b-9868-57a2d4851a1d" relativeResultsDirectory="c6694b7e-378d-40ee-82de-2923c20c11df" />
    <UnitTestResult executionId="99e8e7c3-e76b-4e8e-92ab-02f67990ecb5" testId="7d0cdb12-e08a-0530-9862-1fb0982e3932" testName="\ud83d\udc4d\ud83d\udc4dCheck verify credentials: invalid credentials(email: &quot;test@email&quot;, phoneNumber: null, errorCode: &quot;ERROR_EMAIL_INVALID&quot;)" computerName="5955a5bf5f87" duration="00:00:00.0036609" startTime="2024-07-02T13:00:09.4943960+00:00" endTime="2024-07-02T13:00:09.4943962+00:00" testType="13cdc9d9-ddb5-4fa4-a97d-d965ccfc6d4b" outcome="Passed" testListId="8c84fa94-04c1-424b-9868-57a2d4851a1d" relativeResultsDirectory="99e8e7c3-e76b-4e8e-92ab-02f67990ecb5">
      <Output>
        <StdOut>Information [0]: VerifyCredentials(email=est@email, phoneNumber=(null), isNew=False)</StdOut>
      </Output>
    </UnitTestResult>
    <UnitTestResult executionId="1fb8fdce-2fce-4a44-8572-58172afd1241" testId="754760ac-3f2c-32de-d5bc-8f345c27bd93" testName="\ud83d\udc4d\ud83d\udc4dCheck account registration: validate username: moderation error" computerName="5955a5bf5f87" duration="00:00:00.0376794" startTime="2024-07-02T13:00:09.1029313+00:00" endTime="2024-07-02T13:00:09.1029315+00:00" testType="13cdc9d9-ddb5-4fa4-a97d-d965ccfc6d4b" outcome="Passed" testListId="8c84fa94-04c1-424b-9868-57a2d4851a1d" relativeResultsDirectory="1fb8fdce-2fce-4a44-8572-58172afd1241">
      <Output>
        <StdOut>Information [0]: Username testmoderation doesn't pass moderation: (null) (null)</StdOut>
      </Output>
    </UnitTestResult>
    <UnitTestResult executionId="a428f9d6-dbde-4dd7-bfe8-9108ab4fd1f2" testId="d209b2ab-fc27-cd3e-7393-ad813fce8a8e" testName="\ud83d\udc4d\ud83d\udc4dCheck account registration: validate username: invalid length(username: &quot;ts&quot;)" computerName="5955a5bf5f87" duration="00:00:00.0124915" startTime="2024-07-02T13:00:09.1378975+00:00" endTime="2024-07-02T13:00:09.1378976+00:00" testType="13cdc9d9-ddb5-4fa4-a97d-d965ccfc6d4b" outcome="Passed" testListId="8c84fa94-04c1-424b-9868-57a2d4851a1d" relativeResultsDirectory="a428f9d6-dbde-4dd7-bfe8-9108ab4fd1f2" />
    <UnitTestResult executionId="295ccf35-8341-4df1-87c8-aeedebff2397" testId="413803ad-b347-240e-3f68-0267edae33bd" testName="\ud83d\udc4d\ud83d\udc4dCheck email mask(email: null, result: null)" computerName="5955a5bf5f87" duration="00:00:00.0000018" startTime="2024-07-02T13:00:08.7291423+00:00" endTime="2024-07-02T13:00:08.7291423+00:00" testType="13cdc9d9-ddb5-4fa4-a97d-d965ccfc6d4b" outcome="Passed" testListId="8c84fa94-04c1-424b-9868-57a2d4851a1d" relativeResultsDirectory="295ccf35-8341-4df1-87c8-aeedebff2397" />
    <UnitTestResult executionId="27abd86e-fb6f-4b5a-bdb1-ebabb8a101f5" testId="0d1c814f-d2f6-23da-e12d-6bb62d0efefe" testName="\ud83d\udc4d\ud83d\udc4dCheck add credentials: account has email login method linked" computerName="5955a5bf5f87" duration="00:00:00.0021915" startTime="2024-07-02T13:00:09.5628395+00:00" endTime="2024-07-02T13:00:09.5628396+00:00" testType="13cdc9d9-ddb5-4fa4-a97d-d965ccfc6d4b" outcome="Passed" testListId="8c84fa94-04c1-424b-9868-57a2d4851a1d" relativeResultsDirectory="27abd86e-fb6f-4b5a-bdb1-ebabb8a101f5" />
    <UnitTestResult executionId="dfb60cda-c955-4b1d-a998-8bb870d17d4a" testId="6419cba1-c3dc-dde7-ea18-d2af547df568" testName="\ud83d\udc4d\ud83d\udc4dCheck add credentials" computerName="5955a5bf5f87" duration="00:00:00.0026345" startTime="2024-07-02T13:00:09.2222141+00:00" endTime="2024-07-02T13:00:09.2222142+00:00" testType="13cdc9d9-ddb5-4fa4-a97d-d965ccfc6d4b" outcome="Passed" testListId="8c84fa94-04c1-424b-9868-57a2d4851a1d" relativeResultsDirectory="dfb60cda-c955-4b1d-a998-8bb870d17d4a" />
    <UnitTestResult executionId="59750506-2054-4f16-b0f1-ae0ba027bb1f" testId="baa03503-b725-cb9b-e285-fa22430fad62" testName="\ud83d\udc4d\ud83d\udc4dCheck verify user(type: PhoneNumber)" computerName="5955a5bf5f87" duration="00:00:00.0031842" startTime="2024-07-02T13:00:09.3368591+00:00" endTime="2024-07-02T13:00:09.3368592+00:00" testType="13cdc9d9-ddb5-4fa4-a97d-d965ccfc6d4b" outcome="Passed" testListId="8c84fa94-04c1-424b-9868-57a2d4851a1d" relativeResultsDirectory="59750506-2054-4f16-b0f1-ae0ba027bb1f">
      <Output>
        <StdOut>Information [0]: ICredentialHandlerProxy handler selected for PhoneNumber type</StdOut>
      </Output>
    </UnitTestResult>
    <UnitTestResult executionId="b21cce34-1444-4f57-a5ec-d09314a4ca13" testId="a37a7a78-2b80-2eba-d4d5-b9137e76c2ca" testName="\ud83d\udc4d\ud83d\udc4dCheck add credentials(type: Password)" computerName="5955a5bf5f87" duration="00:00:00.0052928" startTime="2024-07-02T13:00:09.4068953+00:00" endTime="2024-07-02T13:00:09.4068955+00:00" testType="13cdc9d9-ddb5-4fa4-a97d-d965ccfc6d4b" outcome="Passed" testListId="8c84fa94-04c1-424b-9868-57a2d4851a1d" relativeResultsDirectory="b21cce34-1444-4f57-a5ec-d09314a4ca13">
      <Output>
        <StdOut>Information [0]: AddCredentials(type=Password, appleId=apple_id, googleId=apple_id, email=test@email, phoneNumber=xxxxxxxxx, hasPassword=True)
Information [0]: ICredentialHandlerProxy handler selected for Password type</StdOut>
      </Output>
    </UnitTestResult>
    <UnitTestResult executionId="3afb6445-92fa-487f-b556-30acb40cd857" testId="33ad6ae0-7816-7c14-1828-91a6ed68f623" testName="\ud83d\udc4d\ud83d\udc4dCheck add credentials: phone number is already used" computerName="5955a5bf5f87" duration="00:00:00.0022075" startTime="2024-07-02T13:00:09.6218464+00:00" endTime="2024-07-02T13:00:09.6218466+00:00" testType="13cdc9d9-ddb5-4fa4-a97d-d965ccfc6d4b" outcome="Passed" testListId="8c84fa94-04c1-424b-9868-57a2d4851a1d" relativeResultsDirectory="3afb6445-92fa-487f-b556-30acb40cd857" />
    <UnitTestResult executionId="6e1d548b-d65c-44cb-8656-2e4f8cbcfe8e" testId="c7c90ebf-0b9e-e5df-54b3-3694fc0658bd" testName="\ud83d\udc4d\ud83d\udc4dCheck add credentials: only password type available for minor users(type: AppleId)" computerName="5955a5bf5f87" duration="00:00:00.0038350" startTime="2024-07-02T13:00:09.2815149+00:00" endTime="2024-07-02T13:00:09.2815149+00:00" testType="13cdc9d9-ddb5-4fa4-a97d-d965ccfc6d4b" outcome="Passed" testListId="8c84fa94-04c1-424b-9868-57a2d4851a1d" relativeResultsDirectory="6e1d548b-d65c-44cb-8656-2e4f8cbcfe8e">
      <Output>
        <StdOut>Information [0]: AddCredentials(type=AppleId, appleId=apple_id, googleId=apple_id, email=test@email, phoneNumber=xxxxxxxxx, hasPassword=False)</StdOut>
      </Output>
    </UnitTestResult>
    <UnitTestResult executionId="60f28047-4488-485d-a1e6-60337afd72d5" testId="de34a7d4-c59a-dd0c-521a-27bd5a2a4b42" testName="\ud83d\udc4d\ud83d\udc4dCheck validate credentials" computerName="5955a5bf5f87" duration="00:00:00.0021657" startTime="2024-07-02T13:00:09.5863221+00:00" endTime="2024-07-02T13:00:09.5863222+00:00" testType="13cdc9d9-ddb5-4fa4-a97d-d965ccfc6d4b" outcome="Passed" testListId="8c84fa94-04c1-424b-9868-57a2d4851a1d" relativeResultsDirectory="60f28047-4488-485d-a1e6-60337afd72d5" />
    <UnitTestResult executionId="fc0abdb4-7670-4f78-8b8f-977482655eb1" testId="013a59a1-ef7c-a193-5724-23d583089a37" testName="\ud83d\udc4d\ud83d\udc4dCheck add credentials: google is already used" computerName="5955a5bf5f87" duration="00:00:00.0017899" startTime="2024-07-02T13:00:09.5691791+00:00" endTime="2024-07-02T13:00:09.5691792+00:00" testType="13cdc9d9-ddb5-4fa4-a97d-d965ccfc6d4b" outcome="Passed" testListId="8c84fa94-04c1-424b-9868-57a2d4851a1d" relativeResultsDirectory="fc0abdb4-7670-4f78-8b8f-977482655eb1" />
    <UnitTestResult executionId="51eb16ca-ce7d-4f42-b473-c33971de0a25" testId="a0e1045e-251c-1356-8891-6b6d050e5a55" testName="\ud83d\udc4d\ud83d\udc4dCheck account registration: validate username: invalid characters(username: &quot;test@username&quot;)" computerName="5955a5bf5f87" duration="00:00:00.0065736" startTime="2024-07-02T13:00:09.1640804+00:00" endTime="2024-07-02T13:00:09.1640805+00:00" testType="13cdc9d9-ddb5-4fa4-a97d-d965ccfc6d4b" outcome="Passed" testListId="8c84fa94-04c1-424b-9868-57a2d4851a1d" relativeResultsDirectory="51eb16ca-ce7d-4f42-b473-c33971de0a25" />
    <UnitTestResult executionId="e2e7462b-ce34-4eaa-9709-423d448a193b" testId="96c18845-418f-4733-8271-4cba04df028c" testName="\ud83d\udc4d\ud83d\udc4dCheck update credentials" computerName="5955a5bf5f87" duration="00:00:00.0018736" startTime="2024-07-02T13:00:09.6172030+00:00" endTime="2024-07-02T13:00:09.6172031+00:00" testType="13cdc9d9-ddb5-4fa4-a97d-d965ccfc6d4b" outcome="Passed" testListId="8c84fa94-04c1-424b-9868-57a2d4851a1d" relativeResultsDirectory="e2e7462b-ce34-4eaa-9709-423d448a193b" />
    <UnitTestResult executionId="b431a221-3a22-4ab4-978d-11abd99dfcfd" testId="e1a77ec6-681a-7990-97d2-43f36ae5d26b" testName="\ud83d\udc4d\ud83d\udc4dCheck update credentials: only password type available for minor users(type: AppleId)" computerName="5955a5bf5f87" duration="00:00:00.0040644" startTime="2024-07-02T13:00:09.3698055+00:00" endTime="2024-07-02T13:00:09.3698057+00:00" testType="13cdc9d9-ddb5-4fa4-a97d-d965ccfc6d4b" outcome="Passed" testListId="8c84fa94-04c1-424b-9868-57a2d4851a1d" relativeResultsDirectory="b431a221-3a22-4ab4-978d-11abd99dfcfd">
      <Output>
        <StdOut>Information [0]: UpdateCredentials(type=AppleId, email=test@email, phoneNumber=xxxxxxxxx, hasPassword=True)</StdOut>
      </Output>
    </UnitTestResult>
    <UnitTestResult executionId="6901a012-64ca-482e-9e2a-3f34d2e375a1" testId="a12a1ffb-c7b2-372b-871b-7379b944b627" testName="\ud83d\udc4d\ud83d\udc4dCheck account registration: validate username: invalid characters(username: &quot;test username&quot;)" computerName="5955a5bf5f87" duration="00:00:00.0088364" startTime="2024-07-02T13:00:09.1536338+00:00" endTime="2024-07-02T13:00:09.1536340+00:00" testType="13cdc9d9-ddb5-4fa4-a97d-d965ccfc6d4b" outcome="Passed" testListId="8c84fa94-04c1-424b-9868-57a2d4851a1d" relativeResultsDirectory="6901a012-64ca-482e-9e2a-3f34d2e375a1" />
    <UnitTestResult executionId="2a8f9504-d140-4cff-88d9-2023d4c00e33" testId="4f6aa766-579e-2c61-15cd-eeae5f3232b2" testName="\ud83d\udc4d\ud83d\udc4dCheck update credentials" computerName="5955a5bf5f87" duration="00:00:00.0015574" startTime="2024-07-02T13:00:09.2182252+00:00" endTime="2024-07-02T13:00:09.2182253+00:00" testType="13cdc9d9-ddb5-4fa4-a97d-d965ccfc6d4b" outcome="Passed" testListId="8c84fa94-04c1-424b-9868-57a2d4851a1d" relativeResultsDirectory="2a8f9504-d140-4cff-88d9-2023d4c00e33" />
    <UnitTestResult executionId="64896393-fb5d-4c2b-a6b9-cb4c885af648" testId="c689ad16-0cb6-b4d8-3c0a-ccc95250f188" testName="\ud83d\udc4d\ud83d\udc4dCheck account registration: validate username: invalid characters(username: &quot;test-username&quot;)" computerName="5955a5bf5f87" duration="00:00:00.0085519" startTime="2024-07-02T13:00:09.1454704+00:00" endTime="2024-07-02T13:00:09.1454705+00:00" testType="13cdc9d9-ddb5-4fa4-a97d-d965ccfc6d4b" outcome="Passed" testListId="8c84fa94-04c1-424b-9868-57a2d4851a1d" relativeResultsDirectory="64896393-fb5d-4c2b-a6b9-cb4c885af648" />
    <UnitTestResult executionId="c4c532e8-afe7-4540-9afa-d3ac6102b0e4" testId="19ef874f-984b-cbe7-c148-d3c9129b893e" testName="\ud83d\udc4d\ud83d\udc4dCheck update credentials: invalid verification token: expired" computerName="5955a5bf5f87" duration="00:00:00.0042575" startTime="2024-07-02T13:00:09.4212093+00:00" endTime="2024-07-02T13:00:09.4212094+00:00" testType="13cdc9d9-ddb5-4fa4-a97d-d965ccfc6d4b" outcome="Passed" testListId="8c84fa94-04c1-424b-9868-57a2d4851a1d" relativeResultsDirectory="c4c532e8-afe7-4540-9afa-d3ac6102b0e4">
      <Output>
        <StdOut>Information [0]: UpdateCredentials(type=Email, email=(null), phoneNumber=(null), hasPassword=False)</StdOut>
      </Output>
    </UnitTestResult>
    <UnitTestResult executionId="3b68e0f9-1952-40ef-9a71-f3b78eb51635" testId="2a6de1a9-5d9f-ddd5-4425-0eb2ab0ed914" testName="\ud83d\udc4d\ud83d\udc4e Nicknames should be unique" computerName="5955a5bf5f87" duration="00:00:00.0153910" startTime="2024-07-02T13:00:09.6426679+00:00" endTime="2024-07-02T13:00:09.6426680+00:00" testType="13cdc9d9-ddb5-4fa4-a97d-d965ccfc6d4b" outcome="Passed" testListId="8c84fa94-04c1-424b-9868-57a2d4851a1d" relativeResultsDirectory="3b68e0f9-1952-40ef-9a71-f3b78eb51635" />
    <UnitTestResult executionId="422d79fd-2e62-4444-ab2c-21b7612810de" testId="30ccb71e-b48f-3ec6-8bd3-14d0ca109292" testName="\ud83d\udc4d\ud83d\udc4dCheck update credentials: ignore apple and google type(type: GoogleId)" computerName="5955a5bf5f87" duration="00:00:00.0077386" startTime="2024-07-02T13:00:09.2894593+00:00" endTime="2024-07-02T13:00:09.2894594+00:00" testType="13cdc9d9-ddb5-4fa4-a97d-d965ccfc6d4b" outcome="Passed" testListId="8c84fa94-04c1-424b-9868-57a2d4851a1d" relativeResultsDirectory="422d79fd-2e62-4444-ab2c-21b7612810de">
      <Output>
        <StdOut>Information [0]: UpdateCredentials(type=GoogleId, email=test@email, phoneNumber=xxxxxxxxx, hasPassword=True)</StdOut>
      </Output>
    </UnitTestResult>
    <UnitTestResult executionId="5d696fcd-0fce-452c-a91e-f50b24a818f0" testId="04d603fb-aa62-7301-62d6-6096c6bcd5e2" testName="\ud83d\udc4d\ud83d\udc4dCheck add credentials: google token invalid" computerName="5955a5bf5f87" duration="00:00:00.0018916" startTime="2024-07-02T13:00:09.5743533+00:00" endTime="2024-07-02T13:00:09.5743535+00:00" testType="13cdc9d9-ddb5-4fa4-a97d-d965ccfc6d4b" outcome="Passed" testListId="8c84fa94-04c1-424b-9868-57a2d4851a1d" relativeResultsDirectory="5d696fcd-0fce-452c-a91e-f50b24a818f0" />
    <UnitTestResult executionId="f6c8f4ab-073b-4212-ab57-bea550f17bd8" testId="515069a0-9be5-f95a-96d5-4b2442ea1879" testName="\ud83d\udc4d\ud83d\udc4dCheck add credentials(type: AppleId)" computerName="5955a5bf5f87" duration="00:00:00.0130788" startTime="2024-07-02T13:00:09.4012594+00:00" endTime="2024-07-02T13:00:09.4012598+00:00" testType="13cdc9d9-ddb5-4fa4-a97d-d965ccfc6d4b" outcome="Passed" testListId="8c84fa94-04c1-424b-9868-57a2d4851a1d" relativeResultsDirectory="f6c8f4ab-073b-4212-ab57-bea550f17bd8">
      <Output>
        <StdOut>Information [0]: AddCredentials(type=AppleId, appleId=apple_id, googleId=apple_id, email=test@email, phoneNumber=xxxxxxxxx, hasPassword=True)
Information [0]: ICredentialHandlerProxy handler selected for AppleId type</StdOut>
      </Output>
    </UnitTestResult>
    <UnitTestResult executionId="9faecb1e-ba2c-4422-9fd6-22b9bd01d382" testId="71f523b3-d715-2782-6da8-e87a1ffeee9e" testName="\ud83d\udc4d\ud83d\udc4dCheck update credentials: password already exist" computerName="5955a5bf5f87" duration="00:00:00.0033576" startTime="2024-07-02T13:00:09.5981634+00:00" endTime="2024-07-02T13:00:09.5981635+00:00" testType="13cdc9d9-ddb5-4fa4-a97d-d965ccfc6d4b" outcome="Passed" testListId="8c84fa94-04c1-424b-9868-57a2d4851a1d" relativeResultsDirectory="9faecb1e-ba2c-4422-9fd6-22b9bd01d382" />
    <UnitTestResult executionId="6076986c-b2bf-4758-a0ac-498b36e0c15a" testId="331f0a0c-e2f0-bccb-d8a1-add91aba0912" testName="\ud83d\udc4d\ud83d\udc4dCheck add credentials: account has phone number login method linked" computerName="5955a5bf5f87" duration="00:00:00.0022066" startTime="2024-07-02T13:00:09.6258155+00:00" endTime="2024-07-02T13:00:09.6258156+00:00" testType="13cdc9d9-ddb5-4fa4-a97d-d965ccfc6d4b" outcome="Passed" testListId="8c84fa94-04c1-424b-9868-57a2d4851a1d" relativeResultsDirectory="6076986c-b2bf-4758-a0ac-498b36e0c15a" />
    <UnitTestResult executionId="48d2b674-595c-4b5a-b780-778baa3e7152" testId="8b4948dd-ec2f-145b-f937-9656239e7926" testName="\ud83d\udc4d\ud83d\udc4dCheck add credentials: email is already used" computerName="5955a5bf5f87" duration="00:00:00.0023217" startTime="2024-07-02T13:00:09.5605908+00:00" endTime="2024-07-02T13:00:09.5605909+00:00" testType="13cdc9d9-ddb5-4fa4-a97d-d965ccfc6d4b" outcome="Passed" testListId="8c84fa94-04c1-424b-9868-57a2d4851a1d" relativeResultsDirectory="48d2b674-595c-4b5a-b780-778baa3e7152" />
    <UnitTestResult executionId="b36c7586-2a12-4d5c-9934-ccccd56c438c" testId="0a67e2aa-73d6-4286-8239-36868e5e318a" testName="\ud83d\udc4d\ud83d\udc4dCheck verify user: validation failed with error(type: AppleId, errorCode: &quot;ERROR_APPLE_IDENTITY_TOKEN_INVALID&quot;)" computerName="5955a5bf5f87" duration="00:00:00.0075598" startTime="2024-07-02T13:00:09.3012720+00:00" endTime="2024-07-02T13:00:09.3012721+00:00" testType="13cdc9d9-ddb5-4fa4-a97d-d965ccfc6d4b" outcome="Passed" testListId="8c84fa94-04c1-424b-9868-57a2d4851a1d" relativeResultsDirectory="b36c7586-2a12-4d5c-9934-ccccd56c438c">
      <Output>
        <StdOut>Information [0]: ICredentialHandlerProxy handler selected for AppleId type</StdOut>
      </Output>
    </UnitTestResult>
    <UnitTestResult executionId="771e18b1-4574-4dbf-b5ca-cff0d7402801" testId="1253c147-bc3e-f5d6-e400-7dfe48e63f8d" testName="\ud83d\udc4d\ud83d\udc4dCheck add credentials: apple token invalid" computerName="5955a5bf5f87" duration="00:00:00.0096834" startTime="2024-07-02T13:00:09.2115696+00:00" endTime="2024-07-02T13:00:09.2115697+00:00" testType="13cdc9d9-ddb5-4fa4-a97d-d965ccfc6d4b" outcome="Passed" testListId="8c84fa94-04c1-424b-9868-57a2d4851a1d" relativeResultsDirectory="771e18b1-4574-4dbf-b5ca-cff0d7402801" />
    <UnitTestResult executionId="6f98b81a-f24d-4082-beff-16510fdc0d6d" testId="f47f2808-3fdf-063f-2de9-cf6decec96a5" testName="\ud83d\udc4d\ud83d\udc4dCheck validate credentials" computerName="5955a5bf5f87" duration="00:00:00.0010490" startTime="2024-07-02T13:00:09.2194089+00:00" endTime="2024-07-02T13:00:09.2194090+00:00" testType="13cdc9d9-ddb5-4fa4-a97d-d965ccfc6d4b" outcome="Passed" testListId="8c84fa94-04c1-424b-9868-57a2d4851a1d" relativeResultsDirectory="6f98b81a-f24d-4082-beff-16510fdc0d6d" />
    <UnitTestResult executionId="aaf938f6-c502-43ce-8006-b74543c69e6b" testId="31744134-39c9-e341-d720-87d22c9c5b9d" testName="\ud83d\udc4d\ud83d\udc4dCheck verify credentials: for old credentials" computerName="5955a5bf5f87" duration="00:00:00.0046181" startTime="2024-07-02T13:00:09.4737728+00:00" endTime="2024-07-02T13:00:09.4737729+00:00" testType="13cdc9d9-ddb5-4fa4-a97d-d965ccfc6d4b" outcome="Passed" testListId="8c84fa94-04c1-424b-9868-57a2d4851a1d" relativeResultsDirectory="aaf938f6-c502-43ce-8006-b74543c69e6b">
      <Output>
        <StdOut>Information [0]: VerifyCredentials(email=test@email, phoneNumber=+12345, isNew=False)</StdOut>
      </Output>
    </UnitTestResult>
    <UnitTestResult executionId="06a09346-06e2-49c2-94bd-763bea05cdb6" testId="7217d61d-3551-dabf-5b4f-5e881b1a6c30" testName="\ud83d\udc4d\ud83d\udc4dCheck account registration: error in phone number " computerName="5955a5bf5f87" duration="00:00:00.0083511" startTime="2024-07-02T13:00:09.1119374+00:00" endTime="2024-07-02T13:00:09.1119376+00:00" testType="13cdc9d9-ddb5-4fa4-a97d-d965ccfc6d4b" outcome="Passed" testListId="8c84fa94-04c1-424b-9868-57a2d4851a1d" relativeResultsDirectory="06a09346-06e2-49c2-94bd-763bea05cdb6" />
    <UnitTestResult executionId="46fe21ac-978d-47ee-a012-e961953d2414" testId="54034783-af23-6486-485e-4a49a85a67e0" testName="\ud83d\udc4d\ud83d\udc4dCheck update credentials: verification code invalid" computerName="5955a5bf5f87" duration="00:00:00.0022797" startTime="2024-07-02T13:00:09.6195377+00:00" endTime="2024-07-02T13:00:09.6195377+00:00" testType="13cdc9d9-ddb5-4fa4-a97d-d965ccfc6d4b" outcome="Passed" testListId="8c84fa94-04c1-424b-9868-57a2d4851a1d" relativeResultsDirectory="46fe21ac-978d-47ee-a012-e961953d2414" />
    <UnitTestResult executionId="2738f54b-5563-40c6-9200-8e0dbc5a1458" testId="52b9e634-bf9a-5c52-0adb-c1175e662580" testName="\ud83d\udc4d\ud83d\udc4dCheck add credentials: account has apple login method linked" computerName="5955a5bf5f87" duration="00:00:00.0015985" startTime="2024-07-02T13:00:09.2148402+00:00" endTime="2024-07-02T13:00:09.2148403+00:00" testType="13cdc9d9-ddb5-4fa4-a97d-d965ccfc6d4b" outcome="Passed" testListId="8c84fa94-04c1-424b-9868-57a2d4851a1d" relativeResultsDirectory="2738f54b-5563-40c6-9200-8e0dbc5a1458" />
    <UnitTestResult executionId="c54cbff4-83ec-454e-9638-4b417e398a47" testId="5f825ab4-c795-a0d1-f3ca-31952f423236" testName="\ud83d\udc4d\ud83d\udc4dCheck verify user(type: GoogleId)" computerName="5955a5bf5f87" duration="00:00:00.0034014" startTime="2024-07-02T13:00:09.3265629+00:00" endTime="2024-07-02T13:00:09.3265630+00:00" testType="13cdc9d9-ddb5-4fa4-a97d-d965ccfc6d4b" outcome="Passed" testListId="8c84fa94-04c1-424b-9868-57a2d4851a1d" relativeResultsDirectory="c54cbff4-83ec-454e-9638-4b417e398a47">
      <Output>
        <StdOut>Information [0]: ICredentialHandlerProxy handler selected for GoogleId type</StdOut>
      </Output>
    </UnitTestResult>
    <UnitTestResult executionId="51ce9f30-c2b5-42f1-9558-9a07073896fe" testId="e052ecb6-4330-9133-f1e2-01ff5ebbd566" testName="\ud83d\udc4d\ud83d\udc4dCheck account registration: user registered: by email" computerName="5955a5bf5f87" duration="00:00:00.0096711" startTime="2024-07-02T13:00:09.1938466+00:00" endTime="2024-07-02T13:00:09.1938467+00:00" testType="13cdc9d9-ddb5-4fa4-a97d-d965ccfc6d4b" outcome="Passed" testListId="8c84fa94-04c1-424b-9868-57a2d4851a1d" relativeResultsDirectory="51ce9f30-c2b5-42f1-9558-9a07073896fe" />
    <UnitTestResult executionId="c50bdc23-1602-4460-b608-7d18b4b67c25" testId="3dc0701c-6c5c-ae7b-e916-6ae1a05a126a" testName="\ud83d\udc4d\ud83d\udc4dCheck add credentials: only password type available for minor users(type: GoogleId)" computerName="5955a5bf5f87" duration="00:00:00.0219018" startTime="2024-07-02T13:00:09.2685355+00:00" endTime="2024-07-02T13:00:09.2685358+00:00" testType="13cdc9d9-ddb5-4fa4-a97d-d965ccfc6d4b" outcome="Passed" testListId="8c84fa94-04c1-424b-9868-57a2d4851a1d" relativeResultsDirectory="c50bdc23-1602-4460-b608-7d18b4b67c25">
      <Output>
        <StdOut>Information [0]: AddCredentials(type=GoogleId, appleId=apple_id, googleId=apple_id, email=test@email, phoneNumber=xxxxxxxxx, hasPassword=False)</StdOut>
      </Output>
    </UnitTestResult>
    <UnitTestResult executionId="664103f8-1561-4306-b372-8261795245a9" testId="2c4654b0-a866-e94a-d0b1-fdb5996db47d" testName="\ud83d\udc4d\ud83d\udc4e Suggest Nickname base functionality" computerName="5955a5bf5f87" duration="00:00:00.0033164" startTime="2024-07-02T13:00:09.6446337+00:00" endTime="2024-07-02T13:00:09.6446339+00:00" testType="13cdc9d9-ddb5-4fa4-a97d-d965ccfc6d4b" outcome="Passed" testListId="8c84fa94-04c1-424b-9868-57a2d4851a1d" relativeResultsDirectory="664103f8-1561-4306-b372-8261795245a9" />
    <UnitTestResult executionId="6b3a85ae-110d-42b6-8945-3969139dc785" testId="46c4cb26-9fd0-94cc-9504-0ae610bf4391" testName="\ud83d\udc4d\ud83d\udc4dCheck add credentials" computerName="5955a5bf5f87" duration="00:00:00.0026537" startTime="2024-07-02T13:00:09.5558434+00:00" endTime="2024-07-02T13:00:09.5558435+00:00" testType="13cdc9d9-ddb5-4fa4-a97d-d965ccfc6d4b" outcome="Passed" testListId="8c84fa94-04c1-424b-9868-57a2d4851a1d" relativeResultsDirectory="6b3a85ae-110d-42b6-8945-3969139dc785" />
    <UnitTestResult executionId="52b8bc52-a96a-4817-b605-4febd8814911" testId="070e9028-78fa-59ee-ee30-f21eaeb0bed3" testName="\ud83d\udc4d\ud83d\udc4dCheck update credentials(type: Password)" computerName="5955a5bf5f87" duration="00:00:00.0042303" startTime="2024-07-02T13:00:09.3529515+00:00" endTime="2024-07-02T13:00:09.3529516+00:00" testType="13cdc9d9-ddb5-4fa4-a97d-d965ccfc6d4b" outcome="Passed" testListId="8c84fa94-04c1-424b-9868-57a2d4851a1d" relativeResultsDirectory="52b8bc52-a96a-4817-b605-4febd8814911">
      <Output>
        <StdOut>Information [0]: UpdateCredentials(type=Password, email=test@email, phoneNumber=xxxxxxxxx, hasPassword=True)
Information [0]: ICredentialHandlerProxy handler selected for Password type</StdOut>
      </Output>
    </UnitTestResult>
    <UnitTestResult executionId="beaff805-e965-4cb6-9fda-ae66f08ef17b" testId="d65c4211-4096-95a8-c1d4-b7b56496d49b" testName="\ud83d\udc4d\ud83d\udc4dCheck validate credentials: apple token invalid" computerName="5955a5bf5f87" duration="00:00:00.0013718" startTime="2024-07-02T13:00:09.2131040+00:00" endTime="2024-07-02T13:00:09.2131040+00:00" testType="13cdc9d9-ddb5-4fa4-a97d-d965ccfc6d4b" outcome="Passed" testListId="8c84fa94-04c1-424b-9868-57a2d4851a1d" relativeResultsDirectory="beaff805-e965-4cb6-9fda-ae66f08ef17b" />
    <UnitTestResult executionId="884dee82-80c9-4d50-90c4-b0d7b995f4ee" testId="60fdfa87-5a13-2318-24e8-5803a73ec817" testName="\ud83d\udc4d\ud83d\udc4dCheck update credentials: invalid verification token: expired" computerName="5955a5bf5f87" duration="00:00:00.0054806" startTime="2024-07-02T13:00:09.4638540+00:00" endTime="2024-07-02T13:00:09.4638541+00:00" testType="13cdc9d9-ddb5-4fa4-a97d-d965ccfc6d4b" outcome="Passed" testListId="8c84fa94-04c1-424b-9868-57a2d4851a1d" relativeResultsDirectory="884dee82-80c9-4d50-90c4-b0d7b995f4ee">
      <Output>
        <StdOut>Information [0]: UpdateCredentials(type=Email, email=(null), phoneNumber=(null), hasPassword=False)</StdOut>
      </Output>
    </UnitTestResult>
    <UnitTestResult executionId="afa9ae4b-175c-4d89-90e6-a895714904c9" testId="b6609f14-9099-b8df-3355-bd09828d6075" testName="\ud83d\udc4d\ud83d\udc4dCheck add credentials(type: Email)" computerName="5955a5bf5f87" duration="00:00:00.0060393" startTime="2024-07-02T13:00:09.3833533+00:00" endTime="2024-07-02T13:00:09.3833533+00:00" testType="13cdc9d9-ddb5-4fa4-a97d-d965ccfc6d4b" outcome="Passed" testListId="8c84fa94-04c1-424b-9868-57a2d4851a1d" relativeResultsDirectory="afa9ae4b-175c-4d89-90e6-a895714904c9">
      <Output>
        <StdOut>Information [0]: AddCredentials(type=Email, appleId=apple_id, googleId=apple_id, email=test@email, phoneNumber=xxxxxxxxx, hasPassword=True)
Information [0]: ICredentialHandlerProxy handler selected for Email type</StdOut>
      </Output>
    </UnitTestResult>
    <UnitTestResult executionId="e652c95a-848b-4790-a63e-86ab8a83286f" testId="003d34e4-0116-ffc4-a84f-1cebd8b3182b" testName="\ud83d\udc4d\ud83d\udc4dCheck phone number mask(phoneNumber: &quot;&quot;, result: &quot;&quot;)" computerName="5955a5bf5f87" duration="00:00:00.0000031" startTime="2024-07-02T13:00:08.7822348+00:00" endTime="2024-07-02T13:00:08.7822350+00:00" testType="13cdc9d9-ddb5-4fa4-a97d-d965ccfc6d4b" outcome="Passed" testListId="8c84fa94-04c1-424b-9868-57a2d4851a1d" relativeResultsDirectory="e652c95a-848b-4790-a63e-86ab8a83286f" />
    <UnitTestResult executionId="cbde350d-2834-4f72-9840-f2ca1b28dd17" testId="966c5ae3-a4b9-4dbf-4105-e9ce139ccddf" testName="\ud83d\udc4d\ud83d\udc4dCheck update credentials: verification code invalid" computerName="5955a5bf5f87" duration="00:00:00.0028488" startTime="2024-07-02T13:00:09.5472656+00:00" endTime="2024-07-02T13:00:09.5472656+00:00" testType="13cdc9d9-ddb5-4fa4-a97d-d965ccfc6d4b" outcome="Passed" testListId="8c84fa94-04c1-424b-9868-57a2d4851a1d" relativeResultsDirectory="cbde350d-2834-4f72-9840-f2ca1b28dd17" />
    <UnitTestResult executionId="3a529688-51b1-4ea9-b7e9-3fbb7dac99e0" testId="6746ca79-b953-4187-6442-497e1c7d35fc" testName="\ud83d\udc4d\ud83d\udc4dCheck add credentials: verification code invalid" computerName="5955a5bf5f87" duration="00:00:00.0041025" startTime="2024-07-02T13:00:09.6044870+00:00" endTime="2024-07-02T13:00:09.6044870+00:00" testType="13cdc9d9-ddb5-4fa4-a97d-d965ccfc6d4b" outcome="Passed" testListId="8c84fa94-04c1-424b-9868-57a2d4851a1d" relativeResultsDirectory="3a529688-51b1-4ea9-b7e9-3fbb7dac99e0" />
    <UnitTestResult executionId="4a290505-0744-42fd-b406-b13dbbc9a121" testId="cfeb0cb6-9a38-f62d-f455-7bd730517bd7" testName="\ud83d\udc4d\ud83d\udc4dCheck update credentials: only password type available for minor users(type: PhoneNumber)" computerName="5955a5bf5f87" duration="00:00:00.0048865" startTime="2024-07-02T13:00:09.3655386+00:00" endTime="2024-07-02T13:00:09.3655387+00:00" testType="13cdc9d9-ddb5-4fa4-a97d-d965ccfc6d4b" outcome="Passed" testListId="8c84fa94-04c1-424b-9868-57a2d4851a1d" relativeResultsDirectory="4a290505-0744-42fd-b406-b13dbbc9a121">
      <Output>
        <StdOut>Information [0]: UpdateCredentials(type=PhoneNumber, email=test@email, phoneNumber=xxxxxxxxx, hasPassword=True)</StdOut>
      </Output>
    </UnitTestResult>
    <UnitTestResult executionId="981b58d7-8fee-45ae-b172-e6dbf5dd3e69" testId="860d1a3c-5493-0c60-ee75-461a1ec6d1e3" testName="\ud83d\udc4d\ud83d\udc4dCheck email mask(email: &quot;t23@email&quot;, result: &quot;t***3@email&quot;)" computerName="5955a5bf5f87" duration="00:00:00.0000034" startTime="2024-07-02T13:00:08.7291692+00:00" endTime="2024-07-02T13:00:08.7291692+00:00" testType="13cdc9d9-ddb5-4fa4-a97d-d965ccfc6d4b" outcome="Passed" testListId="8c84fa94-04c1-424b-9868-57a2d4851a1d" relativeResultsDirectory="981b58d7-8fee-45ae-b172-e6dbf5dd3e69" />
    <UnitTestResult executionId="3787b1cc-a6d6-451a-ac7d-bfb2282af440" testId="1f3e49b4-fc05-08b5-8d90-5104221e86c3" testName="\ud83d\udc4d\ud83d\udc4dCheck account registration: validate username: invalid characters(username: &quot;test$username&quot;)" computerName="5955a5bf5f87" duration="00:00:00.0031244" startTime="2024-07-02T13:00:09.1573516+00:00" endTime="2024-07-02T13:00:09.1573517+00:00" testType="13cdc9d9-ddb5-4fa4-a97d-d965ccfc6d4b" outcome="Passed" testListId="8c84fa94-04c1-424b-9868-57a2d4851a1d" relativeResultsDirectory="3787b1cc-a6d6-451a-ac7d-bfb2282af440" />
    <UnitTestResult executionId="6f937ead-fd7d-42cc-9b02-6885f2ddedab" testId="ebb0143e-448e-a266-2c03-a88d67fb19fa" testName="\ud83d\udc4d\ud83d\udc4dCheck add credentials(type: GoogleId)" computerName="5955a5bf5f87" duration="00:00:00.0044381" startTime="2024-07-02T13:00:09.3879736+00:00" endTime="2024-07-02T13:00:09.3879738+00:00" testType="13cdc9d9-ddb5-4fa4-a97d-d965ccfc6d4b" outcome="Passed" testListId="8c84fa94-04c1-424b-9868-57a2d4851a1d" relativeResultsDirectory="6f937ead-fd7d-42cc-9b02-6885f2ddedab">
      <Output>
        <StdOut>Information [0]: AddCredentials(type=GoogleId, appleId=apple_id, googleId=apple_id, email=test@email, phoneNumber=xxxxxxxxx, hasPassword=True)
Information [0]: ICredentialHandlerProxy handler selected for GoogleId type</StdOut>
      </Output>
    </UnitTestResult>
    <UnitTestResult executionId="d35869cb-aed5-4e9f-a671-f61bda75ecfe" testId="edf06edc-1fa7-b0b4-d0a3-402bfdd97b3c" testName="\ud83d\udc4d\ud83d\udc4dCheck verify credentials: for new credentials" computerName="5955a5bf5f87" duration="00:00:00.0064040" startTime="2024-07-02T13:00:09.3434232+00:00" endTime="2024-07-02T13:00:09.3434233+00:00" testType="13cdc9d9-ddb5-4fa4-a97d-d965ccfc6d4b" outcome="Passed" testListId="8c84fa94-04c1-424b-9868-57a2d4851a1d" relativeResultsDirectory="d35869cb-aed5-4e9f-a671-f61bda75ecfe">
      <Output>
        <StdOut>Information [0]: VerifyCredentials(email=test@email, phoneNumber=+12345, isNew=True)</StdOut>
      </Output>
    </UnitTestResult>
  </Results>
  <TestDefinitions>
    <UnitTest name="\ud83d\udc4d\ud83d\udc4dCheck add credentials" storage="/source/microservices/authorization/frever.auth.core.test/bin/debug/net8.0/frever.auth.core.test.dll" id="3512309e-e77b-35c0-0e05-8675f5591965">
      <Execution id="08af5dfa-c4c0-4190-ad24-ab9b6e59dbab" />
      <TestMethod codeBase="/source/Microservices/Authorization/Frever.Auth.Core.Test/bin/Debug/net8.0/Frever.Auth.Core.Test.dll" adapterTypeName="executor://xunit/VsTestRunner2/netcoreapp" className="Frever.Auth.Core.Test.CredentialUpdate.GoogleIdHandlerTest" name="AddCredentials" />
    </UnitTest>
    <UnitTest name="\ud83d\udc4d\ud83d\udc4dCheck verify credentials: invalid credentials(email: null, phoneNumber: &quot;+12345&quot;, errorCode: &quot;ERROR_PHONE_NUMBER_USED&quot;)" storage="/source/microservices/authorization/frever.auth.core.test/bin/debug/net8.0/frever.auth.core.test.dll" id="cc62fc43-4f79-6ee5-0d90-89bc76510f5d">
      <Execution id="af8df099-c171-4975-8cc7-e9603ed51bda" />
      <TestMethod codeBase="/source/Microservices/Authorization/Frever.Auth.Core.Test/bin/Debug/net8.0/Frever.Auth.Core.Test.dll" adapterTypeName="executor://xunit/VsTestRunner2/netcoreapp" className="Frever.Auth.Core.Test.CredentialUpdate.CredentialUpdateServiceTest" name="VerifyCredentials_CredentialAlreadyUsed" />
    </UnitTest>
    <UnitTest name="\ud83d\udc4d\ud83d\udc4dCheck update credentials" storage="/source/microservices/authorization/frever.auth.core.test/bin/debug/net8.0/frever.auth.core.test.dll" id="fa7761b3-1e42-f889-1689-f7b5d99e1409">
      <Execution id="39cd7178-4a96-47af-b17c-81d2c825b9e1" />
      <TestMethod codeBase="/source/Microservices/Authorization/Frever.Auth.Core.Test/bin/Debug/net8.0/Frever.Auth.Core.Test.dll" adapterTypeName="executor://xunit/VsTestRunner2/netcoreapp" className="Frever.Auth.Core.Test.CredentialUpdate.PasswordHandlerTest" name="UpdateCredentials" />
    </UnitTest>
    <UnitTest name="\ud83d\udc4d\ud83d\udc4dCheck account registration: validate username: nickname used" storage="/source/microservices/authorization/frever.auth.core.test/bin/debug/net8.0/frever.auth.core.test.dll" id="595157f1-1e47-a086-0c1e-c4ed0d783dbd">
      <Execution id="a0df69cb-1f40-4359-9565-a505d8833831" />
      <TestMethod codeBase="/source/Microservices/Authorization/Frever.Auth.Core.Test/bin/Debug/net8.0/Frever.Auth.Core.Test.dll" adapterTypeName="executor://xunit/VsTestRunner2/netcoreapp" className="Frever.Auth.Core.Test.UserAccountServiceTest" name="CheckRegistrationInfo_ValidateUsername_NicknameUsed" />
    </UnitTest>
    <UnitTest name="\ud83d\udc4d\ud83d\udc4dCheck update credentials: only password type available for minor users(type: Email)" storage="/source/microservices/authorization/frever.auth.core.test/bin/debug/net8.0/frever.auth.core.test.dll" id="ea070936-f90f-0fbd-6443-824afd77a3b9">
      <Execution id="2e6ebf6a-7b4c-4540-b859-adea44c1613f" />
      <TestMethod codeBase="/source/Microservices/Authorization/Frever.Auth.Core.Test/bin/Debug/net8.0/Frever.Auth.Core.Test.dll" adapterTypeName="executor://xunit/VsTestRunner2/netcoreapp" className="Frever.Auth.Core.Test.CredentialUpdate.CredentialUpdateServiceTest" name="UpdateCredentials_OnlyPasswordTypeAvailableForMinorUser" />
    </UnitTest>
    <UnitTest name="\ud83d\udc4d\ud83d\udc4dCheck validate credentials" storage="/source/microservices/authorization/frever.auth.core.test/bin/debug/net8.0/frever.auth.core.test.dll" id="64de8883-4e08-a4df-8c6d-833d741c3f37">
      <Execution id="a551ae1e-5f8e-4d77-b6ed-0f0b1d121b11" />
      <TestMethod codeBase="/source/Microservices/Authorization/Frever.Auth.Core.Test/bin/Debug/net8.0/Frever.Auth.Core.Test.dll" adapterTypeName="executor://xunit/VsTestRunner2/netcoreapp" className="Frever.Auth.Core.Test.CredentialUpdate.GoogleIdHandlerTest" name="ValidateCredential" />
    </UnitTest>
    <UnitTest name="\ud83d\udc4d\ud83d\udc4e Nicknames should be unique" storage="/source/microservices/authorization/frever.auth.core.test/bin/debug/net8.0/frever.auth.core.test.dll" id="2a6de1a9-5d9f-ddd5-4425-0eb2ab0ed914">
      <Execution id="3b68e0f9-1952-40ef-9a71-f3b78eb51635" />
      <TestMethod codeBase="/source/Microservices/Authorization/Frever.Auth.Core.Test/bin/Debug/net8.0/Frever.Auth.Core.Test.dll" adapterTypeName="executor://xunit/VsTestRunner2/netcoreapp" className="Frever.Auth.Core.Test.NicknameSuggestionTest" name="SuggestNicknamesShouldBeUnique" />
    </UnitTest>
    <UnitTest name="\ud83d\udc4d\ud83d\udc4dCheck verify user: validation failed with error(type: PhoneNumber, errorCode: &quot;ERROR_VERIFICATION_CODE_INVALID&quot;)" storage="/source/microservices/authorization/frever.auth.core.test/bin/debug/net8.0/frever.auth.core.test.dll" id="75f8dc06-5a81-9135-aa66-1914b5c0a228">
      <Execution id="f645805d-4ce5-45c5-be82-58c3377caf60" />
      <TestMethod codeBase="/source/Microservices/Authorization/Frever.Auth.Core.Test/bin/Debug/net8.0/Frever.Auth.Core.Test.dll" adapterTypeName="executor://xunit/VsTestRunner2/netcoreapp" className="Frever.Auth.Core.Test.CredentialUpdate.CredentialUpdateServiceTest" name="VerifyUser_ValidationFailed" />
    </UnitTest>
    <UnitTest name="\ud83d\udc4d\ud83d\udc4dCheck add credentials: account has phone number login method linked" storage="/source/microservices/authorization/frever.auth.core.test/bin/debug/net8.0/frever.auth.core.test.dll" id="331f0a0c-e2f0-bccb-d8a1-add91aba0912">
      <Execution id="6076986c-b2bf-4758-a0ac-498b36e0c15a" />
      <TestMethod codeBase="/source/Microservices/Authorization/Frever.Auth.Core.Test/bin/Debug/net8.0/Frever.Auth.Core.Test.dll" adapterTypeName="executor://xunit/VsTestRunner2/netcoreapp" className="Frever.Auth.Core.Test.CredentialUpdate.PhoneNumberHandlerTest" name="AddCredentials_AccountHasLoginMethod" />
    </UnitTest>
    <UnitTest name="\ud83d\udc4d\ud83d\udc4dCheck add credentials: apple is already used" storage="/source/microservices/authorization/frever.auth.core.test/bin/debug/net8.0/frever.auth.core.test.dll" id="2c71f6bc-2556-862c-b252-faeef441c7de">
      <Execution id="0960151d-9119-4d71-9d48-b30107fbd8e6" />
      <TestMethod codeBase="/source/Microservices/Authorization/Frever.Auth.Core.Test/bin/Debug/net8.0/Frever.Auth.Core.Test.dll" adapterTypeName="executor://xunit/VsTestRunner2/netcoreapp" className="Frever.Auth.Core.Test.CredentialUpdate.AppleIdHandlerTest" name="AddCredentials_AppleIdAlreadyUsed" />
    </UnitTest>
    <UnitTest name="\ud83d\udc4d\ud83d\udc4dCheck update credentials: account last login method" storage="/source/microservices/authorization/frever.auth.core.test/bin/debug/net8.0/frever.auth.core.test.dll" id="d638281c-be2d-f6e4-9e22-6e7476d50a09">
      <Execution id="c6694b7e-378d-40ee-82de-2923c20c11df" />
      <TestMethod codeBase="/source/Microservices/Authorization/Frever.Auth.Core.Test/bin/Debug/net8.0/Frever.Auth.Core.Test.dll" adapterTypeName="executor://xunit/VsTestRunner2/netcoreapp" className="Frever.Auth.Core.Test.CredentialUpdate.EmailHandlerTest" name="UpdateCredentials_AccountLastLoginMethod" />
    </UnitTest>
    <UnitTest name="\ud83d\udc4d\ud83d\udc4dCheck account registration: validate username: invalid length(username: &quot;toolongusernameisveryveryverylong&quot;)" storage="/source/microservices/authorization/frever.auth.core.test/bin/debug/net8.0/frever.auth.core.test.dll" id="a9b352e6-4429-2807-62c6-f323365866d8">
      <Execution id="d09291d5-98a6-495b-af2b-6faf9248b8e4" />
      <TestMethod codeBase="/source/Microservices/Authorization/Frever.Auth.Core.Test/bin/Debug/net8.0/Frever.Auth.Core.Test.dll" adapterTypeName="executor://xunit/VsTestRunner2/netcoreapp" className="Frever.Auth.Core.Test.UserAccountServiceTest" name="CheckRegistrationInfo_ValidateUsername_LengthInvalid" />
    </UnitTest>
    <UnitTest name="\ud83d\udc4d\ud83d\udc4dCheck account registration: validate username: invalid length(username: &quot;m&quot;)" storage="/source/microservices/authorization/frever.auth.core.test/bin/debug/net8.0/frever.auth.core.test.dll" id="8849a4f1-5e15-89ba-274f-426e4d502710">
      <Execution id="07b8ae17-fb2d-40af-b0d9-7dfb0a3eefd1" />
      <TestMethod codeBase="/source/Microservices/Authorization/Frever.Auth.Core.Test/bin/Debug/net8.0/Frever.Auth.Core.Test.dll" adapterTypeName="executor://xunit/VsTestRunner2/netcoreapp" className="Frever.Auth.Core.Test.UserAccountServiceTest" name="CheckRegistrationInfo_ValidateUsername_LengthInvalid" />
    </UnitTest>
    <UnitTest name="\ud83d\udc4d\ud83d\udc4dCheck account registration: validate username: moderation error" storage="/source/microservices/authorization/frever.auth.core.test/bin/debug/net8.0/frever.auth.core.test.dll" id="754760ac-3f2c-32de-d5bc-8f345c27bd93">
      <Execution id="1fb8fdce-2fce-4a44-8572-58172afd1241" />
      <TestMethod codeBase="/source/Microservices/Authorization/Frever.Auth.Core.Test/bin/Debug/net8.0/Frever.Auth.Core.Test.dll" adapterTypeName="executor://xunit/VsTestRunner2/netcoreapp" className="Frever.Auth.Core.Test.UserAccountServiceTest" name="CheckRegistrationInfo_ValidateUsername_ModerationError" />
    </UnitTest>
    <UnitTest name="\ud83d\udc4d\ud83d\udc4dCheck update credentials(type: PhoneNumber)" storage="/source/microservices/authorization/frever.auth.core.test/bin/debug/net8.0/frever.auth.core.test.dll" id="acea1b42-04c0-935d-6108-ab09e0dde765">
      <Execution id="630464b7-df90-423d-aa73-d71bd964ea81" />
      <TestMethod codeBase="/source/Microservices/Authorization/Frever.Auth.Core.Test/bin/Debug/net8.0/Frever.Auth.Core.Test.dll" adapterTypeName="executor://xunit/VsTestRunner2/netcoreapp" className="Frever.Auth.Core.Test.CredentialUpdate.CredentialUpdateServiceTest" name="UpdateCredentials" />
    </UnitTest>
    <UnitTest name="\ud83d\udc4d\ud83d\udc4dCheck email mask(email: &quot;&quot;, result: &quot;&quot;)" storage="/source/microservices/authorization/frever.auth.core.test/bin/debug/net8.0/frever.auth.core.test.dll" id="1e9a1e9c-d5b3-5e75-0886-7ca26db9afbf">
      <Execution id="1f66cb06-de75-4e55-9b4d-6a5cfefb83bf" />
      <TestMethod codeBase="/source/Microservices/Authorization/Frever.Auth.Core.Test/bin/Debug/net8.0/Frever.Auth.Core.Test.dll" adapterTypeName="executor://xunit/VsTestRunner2/netcoreapp" className="Frever.Auth.Core.Test.CredentialsFormatterTest" name="MaskEmail" />
    </UnitTest>
    <UnitTest name="\ud83d\udc4d\ud83d\udc4dCheck email mask(email: &quot;t3@email&quot;, result: &quot;t3@email&quot;)" storage="/source/microservices/authorization/frever.auth.core.test/bin/debug/net8.0/frever.auth.core.test.dll" id="81166c0a-01ab-4f6d-12d3-3a3879b0ed9b">
      <Execution id="d4c73a28-6f59-4363-97ec-629c5026b00f" />
      <TestMethod codeBase="/source/Microservices/Authorization/Frever.Auth.Core.Test/bin/Debug/net8.0/Frever.Auth.Core.Test.dll" adapterTypeName="executor://xunit/VsTestRunner2/netcoreapp" className="Frever.Auth.Core.Test.CredentialsFormatterTest" name="MaskEmail" />
    </UnitTest>
    <UnitTest name="\ud83d\udc4d\ud83d\udc4dCheck add credentials: google token invalid" storage="/source/microservices/authorization/frever.auth.core.test/bin/debug/net8.0/frever.auth.core.test.dll" id="04d603fb-aa62-7301-62d6-6096c6bcd5e2">
      <Execution id="5d696fcd-0fce-452c-a91e-f50b24a818f0" />
      <TestMethod codeBase="/source/Microservices/Authorization/Frever.Auth.Core.Test/bin/Debug/net8.0/Frever.Auth.Core.Test.dll" adapterTypeName="executor://xunit/VsTestRunner2/netcoreapp" className="Frever.Auth.Core.Test.CredentialUpdate.GoogleIdHandlerTest" name="AddCredentials_GoogleTokenInvalid" />
    </UnitTest>
    <UnitTest name="\ud83d\udc4d\ud83d\udc4dCheck update credentials(type: Password)" storage="/source/microservices/authorization/frever.auth.core.test/bin/debug/net8.0/frever.auth.core.test.dll" id="070e9028-78fa-59ee-ee30-f21eaeb0bed3">
      <Execution id="52b8bc52-a96a-4817-b605-4febd8814911" />
      <TestMethod codeBase="/source/Microservices/Authorization/Frever.Auth.Core.Test/bin/Debug/net8.0/Frever.Auth.Core.Test.dll" adapterTypeName="executor://xunit/VsTestRunner2/netcoreapp" className="Frever.Auth.Core.Test.CredentialUpdate.CredentialUpdateServiceTest" name="UpdateCredentials" />
    </UnitTest>
    <UnitTest name="\ud83d\udc4d\ud83d\udc4dCheck update credentials(type: Email)" storage="/source/microservices/authorization/frever.auth.core.test/bin/debug/net8.0/frever.auth.core.test.dll" id="56a43e7b-06eb-d5ba-7f58-5c7a980a200c">
      <Execution id="15f20d41-6b7f-4514-af53-ff1ef68be9d5" />
      <TestMethod codeBase="/source/Microservices/Authorization/Frever.Auth.Core.Test/bin/Debug/net8.0/Frever.Auth.Core.Test.dll" adapterTypeName="executor://xunit/VsTestRunner2/netcoreapp" className="Frever.Auth.Core.Test.CredentialUpdate.CredentialUpdateServiceTest" name="UpdateCredentials" />
    </UnitTest>
    <UnitTest name="\ud83d\udc4d\ud83d\udc4dCheck add credentials: google is already used" storage="/source/microservices/authorization/frever.auth.core.test/bin/debug/net8.0/frever.auth.core.test.dll" id="013a59a1-ef7c-a193-5724-23d583089a37">
      <Execution id="fc0abdb4-7670-4f78-8b8f-977482655eb1" />
      <TestMethod codeBase="/source/Microservices/Authorization/Frever.Auth.Core.Test/bin/Debug/net8.0/Frever.Auth.Core.Test.dll" adapterTypeName="executor://xunit/VsTestRunner2/netcoreapp" className="Frever.Auth.Core.Test.CredentialUpdate.GoogleIdHandlerTest" name="AddCredentials_GoogleIdAlreadyUsed" />
    </UnitTest>
    <UnitTest name="\ud83d\udc4d\ud83d\udc4dCheck account registration: user registered: by phone number" storage="/source/microservices/authorization/frever.auth.core.test/bin/debug/net8.0/frever.auth.core.test.dll" id="31e744c4-e268-72fe-fbfb-1d43b38c4007">
      <Execution id="e647fb25-9f56-484e-8e66-775b0a34c2f1" />
      <TestMethod codeBase="/source/Microservices/Authorization/Frever.Auth.Core.Test/bin/Debug/net8.0/Frever.Auth.Core.Test.dll" adapterTypeName="executor://xunit/VsTestRunner2/netcoreapp" className="Frever.Auth.Core.Test.UserAccountServiceTest" name="CheckRegistrationInfo_UserRegistered_ByPhoneNumber" />
    </UnitTest>
    <UnitTest name="\ud83d\udc4d\ud83d\udc4dCheck account registration: validate username: invalid characters(username: &quot;test@username&quot;)" storage="/source/microservices/authorization/frever.auth.core.test/bin/debug/net8.0/frever.auth.core.test.dll" id="a0e1045e-251c-1356-8891-6b6d050e5a55">
      <Execution id="51eb16ca-ce7d-4f42-b473-c33971de0a25" />
      <TestMethod codeBase="/source/Microservices/Authorization/Frever.Auth.Core.Test/bin/Debug/net8.0/Frever.Auth.Core.Test.dll" adapterTypeName="executor://xunit/VsTestRunner2/netcoreapp" className="Frever.Auth.Core.Test.UserAccountServiceTest" name="CheckRegistrationInfo_ValidateUsername_InvalidSymbols" />
    </UnitTest>
    <UnitTest name="\ud83d\udc4d\ud83d\udc4dCheck get credentials status: user not found error" storage="/source/microservices/authorization/frever.auth.core.test/bin/debug/net8.0/frever.auth.core.test.dll" id="718d90c8-c8f7-4477-cda5-b881f7101746">
      <Execution id="e59a108d-c2aa-485e-ae30-175de2738ff7" />
      <TestMethod codeBase="/source/Microservices/Authorization/Frever.Auth.Core.Test/bin/Debug/net8.0/Frever.Auth.Core.Test.dll" adapterTypeName="executor://xunit/VsTestRunner2/netcoreapp" className="Frever.Auth.Core.Test.CredentialUpdate.CredentialUpdateServiceTest" name="GetCredentialStatus_UserNotFound" />
    </UnitTest>
    <UnitTest name="\ud83d\udc4d\ud83d\udc4dCheck phone number mask(phoneNumber: &quot;xxxxxxxxx&quot;, result: &quot;+86 188*****974&quot;)" storage="/source/microservices/authorization/frever.auth.core.test/bin/debug/net8.0/frever.auth.core.test.dll" id="eece187a-b459-b17e-8010-a36caf570b73">
      <Execution id="c3587e8a-5bb6-411f-a01d-b7695fcdbad8" />
      <TestMethod codeBase="/source/Microservices/Authorization/Frever.Auth.Core.Test/bin/Debug/net8.0/Frever.Auth.Core.Test.dll" adapterTypeName="executor://xunit/VsTestRunner2/netcoreapp" className="Frever.Auth.Core.Test.CredentialsFormatterTest" name="MaskPhoneNumber" />
    </UnitTest>
    <UnitTest name="\ud83d\udc4d\ud83d\udc4dCheck verify credentials: invalid credentials(email: &quot;test@email&quot;, phoneNumber: null, errorCode: &quot;ERROR_EMAIL_INVALID&quot;)" storage="/source/microservices/authorization/frever.auth.core.test/bin/debug/net8.0/frever.auth.core.test.dll" id="7d0cdb12-e08a-0530-9862-1fb0982e3932">
      <Execution id="99e8e7c3-e76b-4e8e-92ab-02f67990ecb5" />
      <TestMethod codeBase="/source/Microservices/Authorization/Frever.Auth.Core.Test/bin/Debug/net8.0/Frever.Auth.Core.Test.dll" adapterTypeName="executor://xunit/VsTestRunner2/netcoreapp" className="Frever.Auth.Core.Test.CredentialUpdate.CredentialUpdateServiceTest" name="VerifyCredentials_InvalidCredentials" />
    </UnitTest>
    <UnitTest name="\ud83d\udc4d\ud83d\udc4dCheck validate credentials" storage="/source/microservices/authorization/frever.auth.core.test/bin/debug/net8.0/frever.auth.core.test.dll" id="c2187a83-418d-d9b7-a498-41e16673afe4">
      <Execution id="2cf71bcf-2d48-415e-9118-7b195a7f33d6" />
      <TestMethod codeBase="/source/Microservices/Authorization/Frever.Auth.Core.Test/bin/Debug/net8.0/Frever.Auth.Core.Test.dll" adapterTypeName="executor://xunit/VsTestRunner2/netcoreapp" className="Frever.Auth.Core.Test.CredentialUpdate.PhoneNumberHandlerTest" name="ValidateCredential" />
    </UnitTest>
    <UnitTest name="\ud83d\udc4d\ud83d\udc4dCheck validate credentials: apple token invalid" storage="/source/microservices/authorization/frever.auth.core.test/bin/debug/net8.0/frever.auth.core.test.dll" id="d65c4211-4096-95a8-c1d4-b7b56496d49b">
      <Execution id="beaff805-e965-4cb6-9fda-ae66f08ef17b" />
      <TestMethod codeBase="/source/Microservices/Authorization/Frever.Auth.Core.Test/bin/Debug/net8.0/Frever.Auth.Core.Test.dll" adapterTypeName="executor://xunit/VsTestRunner2/netcoreapp" className="Frever.Auth.Core.Test.CredentialUpdate.AppleIdHandlerTest" name="ValidateCredential_AppleTokenInvalid" />
    </UnitTest>
    <UnitTest name="\ud83d\udc4d\ud83d\udc4dCheck account registration: validate username: invalid characters(username: &quot;test$username&quot;)" storage="/source/microservices/authorization/frever.auth.core.test/bin/debug/net8.0/frever.auth.core.test.dll" id="1f3e49b4-fc05-08b5-8d90-5104221e86c3">
      <Execution id="3787b1cc-a6d6-451a-ac7d-bfb2282af440" />
      <TestMethod codeBase="/source/Microservices/Authorization/Frever.Auth.Core.Test/bin/Debug/net8.0/Frever.Auth.Core.Test.dll" adapterTypeName="executor://xunit/VsTestRunner2/netcoreapp" className="Frever.Auth.Core.Test.UserAccountServiceTest" name="CheckRegistrationInfo_ValidateUsername_InvalidSymbols" />
    </UnitTest>
    <UnitTest name="\ud83d\udc4d\ud83d\udc4dCheck verify user: validation failed with error(type: Password, errorCode: &quot;ERROR_PASSWORD_INVALID&quot;)" storage="/source/microservices/authorization/frever.auth.core.test/bin/debug/net8.0/frever.auth.core.test.dll" id="7222e4ac-f6f9-5261-a5b7-ca4ffa017e11">
      <Execution id="b3f41ce6-48f9-429e-90f8-7d7495f0bf41" />
      <TestMethod codeBase="/source/Microservices/Authorization/Frever.Auth.Core.Test/bin/Debug/net8.0/Frever.Auth.Core.Test.dll" adapterTypeName="executor://xunit/VsTestRunner2/netcoreapp" className="Frever.Auth.Core.Test.CredentialUpdate.CredentialUpdateServiceTest" name="VerifyUser_ValidationFailed" />
    </UnitTest>
    <UnitTest name="\ud83d\udc4d\ud83d\udc4dCheck add credentials: only password type available for minor users(type: AppleId)" storage="/source/microservices/authorization/frever.auth.core.test/bin/debug/net8.0/frever.auth.core.test.dll" id="c7c90ebf-0b9e-e5df-54b3-3694fc0658bd">
      <Execution id="6e1d548b-d65c-44cb-8656-2e4f8cbcfe8e" />
      <TestMethod codeBase="/source/Microservices/Authorization/Frever.Auth.Core.Test/bin/Debug/net8.0/Frever.Auth.Core.Test.dll" adapterTypeName="executor://xunit/VsTestRunner2/netcoreapp" className="Frever.Auth.Core.Test.CredentialUpdate.CredentialUpdateServiceTest" name="AddCredentials_OnlyPasswordTypeAvailableForMinorUser" />
    </UnitTest>
    <UnitTest name="\ud83d\udc4d\ud83d\udc4dCheck email mask(email: null, result: null)" storage="/source/microservices/authorization/frever.auth.core.test/bin/debug/net8.0/frever.auth.core.test.dll" id="413803ad-b347-240e-3f68-0267edae33bd">
      <Execution id="295ccf35-8341-4df1-87c8-aeedebff2397" />
      <TestMethod codeBase="/source/Microservices/Authorization/Frever.Auth.Core.Test/bin/Debug/net8.0/Frever.Auth.Core.Test.dll" adapterTypeName="executor://xunit/VsTestRunner2/netcoreapp" className="Frever.Auth.Core.Test.CredentialsFormatterTest" name="MaskEmail" />
    </UnitTest>
    <UnitTest name="\ud83d\udc4d\ud83d\udc4dCheck phone number mask(phoneNumber: &quot;xxxxxxxxx&quot;, result: &quot;+380 969****990&quot;)" storage="/source/microservices/authorization/frever.auth.core.test/bin/debug/net8.0/frever.auth.core.test.dll" id="e13c1acd-345f-b7d6-bc44-8ede2589d8ee">
      <Execution id="a06323b5-8902-4a18-b4ba-1307c919944a" />
      <TestMethod codeBase="/source/Microservices/Authorization/Frever.Auth.Core.Test/bin/Debug/net8.0/Frever.Auth.Core.Test.dll" adapterTypeName="executor://xunit/VsTestRunner2/netcoreapp" className="Frever.Auth.Core.Test.CredentialsFormatterTest" name="MaskPhoneNumber" />
    </UnitTest>
    <UnitTest name="\ud83d\udc4d\ud83d\udc4dCheck account registration: username has been taken" storage="/source/microservices/authorization/frever.auth.core.test/bin/debug/net8.0/frever.auth.core.test.dll" id="14f2f465-1d3c-9f11-591c-2778c82e5677">
      <Execution id="a2494726-829a-41d5-949b-788fe48b7f17" />
      <TestMethod codeBase="/source/Microservices/Authorization/Frever.Auth.Core.Test/bin/Debug/net8.0/Frever.Auth.Core.Test.dll" adapterTypeName="executor://xunit/VsTestRunner2/netcoreapp" className="Frever.Auth.Core.Test.UserAccountServiceTest" name="CheckRegistrationInfo_UsernameTaken" />
    </UnitTest>
    <UnitTest name="\ud83d\udc4d\ud83d\udc4dCheck add credentials(type: PhoneNumber)" storage="/source/microservices/authorization/frever.auth.core.test/bin/debug/net8.0/frever.auth.core.test.dll" id="dc224800-915f-f350-1d36-47f6582fc85b">
      <Execution id="7b06511c-1169-4a87-9bcc-98705dc3e56b" />
      <TestMethod codeBase="/source/Microservices/Authorization/Frever.Auth.Core.Test/bin/Debug/net8.0/Frever.Auth.Core.Test.dll" adapterTypeName="executor://xunit/VsTestRunner2/netcoreapp" className="Frever.Auth.Core.Test.CredentialUpdate.CredentialUpdateServiceTest" name="AddCredentials" />
    </UnitTest>
    <UnitTest name="\ud83d\udc4d\ud83d\udc4dCheck phone number mask(phoneNumber: null, result: null)" storage="/source/microservices/authorization/frever.auth.core.test/bin/debug/net8.0/frever.auth.core.test.dll" id="aba13b78-a8a2-4995-5d10-1e23a6be94ec">
      <Execution id="41813e18-e0c1-463f-984a-3a4b6899c45b" />
      <TestMethod codeBase="/source/Microservices/Authorization/Frever.Auth.Core.Test/bin/Debug/net8.0/Frever.Auth.Core.Test.dll" adapterTypeName="executor://xunit/VsTestRunner2/netcoreapp" className="Frever.Auth.Core.Test.CredentialsFormatterTest" name="MaskPhoneNumber" />
    </UnitTest>
    <UnitTest name="\ud83d\udc4d\ud83d\udc4dCheck validate credentials: password invalid" storage="/source/microservices/authorization/frever.auth.core.test/bin/debug/net8.0/frever.auth.core.test.dll" id="e4ea3aed-5ffc-0529-2461-4da0ac7b8a09">
      <Execution id="a7a4a545-242c-428f-913b-12d8bcd19fff" />
      <TestMethod codeBase="/source/Microservices/Authorization/Frever.Auth.Core.Test/bin/Debug/net8.0/Frever.Auth.Core.Test.dll" adapterTypeName="executor://xunit/VsTestRunner2/netcoreapp" className="Frever.Auth.Core.Test.CredentialUpdate.PasswordHandlerTest" name="ValidateCredential_PasswordInvalid" />
    </UnitTest>
    <UnitTest name="\ud83d\udc4d\ud83d\udc4dCheck add credentials(type: Email)" storage="/source/microservices/authorization/frever.auth.core.test/bin/debug/net8.0/frever.auth.core.test.dll" id="b6609f14-9099-b8df-3355-bd09828d6075">
      <Execution id="afa9ae4b-175c-4d89-90e6-a895714904c9" />
      <TestMethod codeBase="/source/Microservices/Authorization/Frever.Auth.Core.Test/bin/Debug/net8.0/Frever.Auth.Core.Test.dll" adapterTypeName="executor://xunit/VsTestRunner2/netcoreapp" className="Frever.Auth.Core.Test.CredentialUpdate.CredentialUpdateServiceTest" name="AddCredentials" />
    </UnitTest>
    <UnitTest name="\ud83d\udc4d\ud83d\udc4dCheck verify user(type: Password)" storage="/source/microservices/authorization/frever.auth.core.test/bin/debug/net8.0/frever.auth.core.test.dll" id="1535dc98-f533-1bb6-5f4b-79e8b849daa8">
      <Execution id="3e7a34c9-e3b0-4fb9-8ab5-8fff45a3329f" />
      <TestMethod codeBase="/source/Microservices/Authorization/Frever.Auth.Core.Test/bin/Debug/net8.0/Frever.Auth.Core.Test.dll" adapterTypeName="executor://xunit/VsTestRunner2/netcoreapp" className="Frever.Auth.Core.Test.CredentialUpdate.CredentialUpdateServiceTest" name="VerifyUser" />
    </UnitTest>
    <UnitTest name="\ud83d\udc4d\ud83d\udc4dCheck add credentials: apple token invalid" storage="/source/microservices/authorization/frever.auth.core.test/bin/debug/net8.0/frever.auth.core.test.dll" id="1253c147-bc3e-f5d6-e400-7dfe48e63f8d">
      <Execution id="771e18b1-4574-4dbf-b5ca-cff0d7402801" />
      <TestMethod codeBase="/source/Microservices/Authorization/Frever.Auth.Core.Test/bin/Debug/net8.0/Frever.Auth.Core.Test.dll" adapterTypeName="executor://xunit/VsTestRunner2/netcoreapp" className="Frever.Auth.Core.Test.CredentialUpdate.AppleIdHandlerTest" name="AddCredentials_AppleTokenInvalid" />
    </UnitTest>
    <UnitTest name="\ud83d\udc4d\ud83d\udc4dCheck account registration: validate username: invalid characters(username: &quot;test username&quot;)" storage="/source/microservices/authorization/frever.auth.core.test/bin/debug/net8.0/frever.auth.core.test.dll" id="a12a1ffb-c7b2-372b-871b-7379b944b627">
      <Execution id="6901a012-64ca-482e-9e2a-3f34d2e375a1" />
      <TestMethod codeBase="/source/Microservices/Authorization/Frever.Auth.Core.Test/bin/Debug/net8.0/Frever.Auth.Core.Test.dll" adapterTypeName="executor://xunit/VsTestRunner2/netcoreapp" className="Frever.Auth.Core.Test.UserAccountServiceTest" name="CheckRegistrationInfo_ValidateUsername_InvalidSymbols" />
    </UnitTest>
    <UnitTest name="\ud83d\udc4d\ud83d\udc4dCheck update credentials" storage="/source/microservices/authorization/frever.auth.core.test/bin/debug/net8.0/frever.auth.core.test.dll" id="91d67c5d-d0b7-0b92-7d08-fd1e3709b5cd">
      <Execution id="ec435f44-eb33-4e61-8d3a-6013936c4af1" />
      <TestMethod codeBase="/source/Microservices/Authorization/Frever.Auth.Core.Test/bin/Debug/net8.0/Frever.Auth.Core.Test.dll" adapterTypeName="executor://xunit/VsTestRunner2/netcoreapp" className="Frever.Auth.Core.Test.CredentialUpdate.GoogleIdHandlerTest" name="UpdateCredentials" />
    </UnitTest>
    <UnitTest name="\ud83d\udc4d\ud83d\udc4dCheck update credentials: email already used" storage="/source/microservices/authorization/frever.auth.core.test/bin/debug/net8.0/frever.auth.core.test.dll" id="806c7860-c97c-da42-b193-3727b178609d">
      <Execution id="66c13014-7fee-47d4-8a1a-de9e2d983fc3" />
      <TestMethod codeBase="/source/Microservices/Authorization/Frever.Auth.Core.Test/bin/Debug/net8.0/Frever.Auth.Core.Test.dll" adapterTypeName="executor://xunit/VsTestRunner2/netcoreapp" className="Frever.Auth.Core.Test.CredentialUpdate.EmailHandlerTest" name="UpdateCredentials_EmailAlreadyUsed" />
    </UnitTest>
    <UnitTest name="\ud83d\udc4d\ud83d\udc4dCheck verify credentials: invalid credentials(email: null, phoneNumber: &quot;+12345&quot;, errorCode: &quot;ERROR_PHONE_NUMBER_INVALID&quot;)" storage="/source/microservices/authorization/frever.auth.core.test/bin/debug/net8.0/frever.auth.core.test.dll" id="87ee572a-3fb7-61f9-9a71-a5478416b1cb">
      <Execution id="bfbfeab1-8535-488a-b7d6-07ef6f1cec8b" />
      <TestMethod codeBase="/source/Microservices/Authorization/Frever.Auth.Core.Test/bin/Debug/net8.0/Frever.Auth.Core.Test.dll" adapterTypeName="executor://xunit/VsTestRunner2/netcoreapp" className="Frever.Auth.Core.Test.CredentialUpdate.CredentialUpdateServiceTest" name="VerifyCredentials_InvalidCredentials" />
    </UnitTest>
    <UnitTest name="\ud83d\udc4d\ud83d\udc4dCheck add credentials: only password type available for minor users(type: Email)" storage="/source/microservices/authorization/frever.auth.core.test/bin/debug/net8.0/frever.auth.core.test.dll" id="4d3572bc-b561-c478-d505-e934206b33b7">
      <Execution id="230b5e49-742e-478c-9039-e68fb129c1b6" />
      <TestMethod codeBase="/source/Microservices/Authorization/Frever.Auth.Core.Test/bin/Debug/net8.0/Frever.Auth.Core.Test.dll" adapterTypeName="executor://xunit/VsTestRunner2/netcoreapp" className="Frever.Auth.Core.Test.CredentialUpdate.CredentialUpdateServiceTest" name="AddCredentials_OnlyPasswordTypeAvailableForMinorUser" />
    </UnitTest>
    <UnitTest name="\ud83d\udc4d\ud83d\udc4dCheck add credentials" storage="/source/microservices/authorization/frever.auth.core.test/bin/debug/net8.0/frever.auth.core.test.dll" id="6419cba1-c3dc-dde7-ea18-d2af547df568">
      <Execution id="dfb60cda-c955-4b1d-a998-8bb870d17d4a" />
      <TestMethod codeBase="/source/Microservices/Authorization/Frever.Auth.Core.Test/bin/Debug/net8.0/Frever.Auth.Core.Test.dll" adapterTypeName="executor://xunit/VsTestRunner2/netcoreapp" className="Frever.Auth.Core.Test.CredentialUpdate.AppleIdHandlerTest" name="AddCredentials" />
    </UnitTest>
    <UnitTest name="\ud83d\udc4d\ud83d\udc4dCheck update credentials: password already exist" storage="/source/microservices/authorization/frever.auth.core.test/bin/debug/net8.0/frever.auth.core.test.dll" id="71f523b3-d715-2782-6da8-e87a1ffeee9e">
      <Execution id="9faecb1e-ba2c-4422-9fd6-22b9bd01d382" />
      <TestMethod codeBase="/source/Microservices/Authorization/Frever.Auth.Core.Test/bin/Debug/net8.0/Frever.Auth.Core.Test.dll" adapterTypeName="executor://xunit/VsTestRunner2/netcoreapp" className="Frever.Auth.Core.Test.CredentialUpdate.PasswordHandlerTest" name="UpdateCredentials_PasswordAlreadyExist" />
    </UnitTest>
    <UnitTest name="\ud83d\udc4d\ud83d\udc4dCheck add credentials: account has email login method linked" storage="/source/microservices/authorization/frever.auth.core.test/bin/debug/net8.0/frever.auth.core.test.dll" id="0d1c814f-d2f6-23da-e12d-6bb62d0efefe">
      <Execution id="27abd86e-fb6f-4b5a-bdb1-ebabb8a101f5" />
      <TestMethod codeBase="/source/Microservices/Authorization/Frever.Auth.Core.Test/bin/Debug/net8.0/Frever.Auth.Core.Test.dll" adapterTypeName="executor://xunit/VsTestRunner2/netcoreapp" className="Frever.Auth.Core.Test.CredentialUpdate.EmailHandlerTest" name="AddCredentials_AccountHasLoginMethod" />
    </UnitTest>
    <UnitTest name="\ud83d\udc4d\ud83d\udc4dCheck update credentials: only password type available for minor users(type: PhoneNumber)" storage="/source/microservices/authorization/frever.auth.core.test/bin/debug/net8.0/frever.auth.core.test.dll" id="cfeb0cb6-9a38-f62d-f455-7bd730517bd7">
      <Execution id="4a290505-0744-42fd-b406-b13dbbc9a121" />
      <TestMethod codeBase="/source/Microservices/Authorization/Frever.Auth.Core.Test/bin/Debug/net8.0/Frever.Auth.Core.Test.dll" adapterTypeName="executor://xunit/VsTestRunner2/netcoreapp" className="Frever.Auth.Core.Test.CredentialUpdate.CredentialUpdateServiceTest" name="UpdateCredentials_OnlyPasswordTypeAvailableForMinorUser" />
    </UnitTest>
    <UnitTest name="\ud83d\udc4d\ud83d\udc4eCheck account registration info" storage="/source/microservices/authorization/frever.auth.core.test/bin/debug/net8.0/frever.auth.core.test.dll" id="edf7ceb1-5cbb-3a00-2725-fac0d5ade747">
      <Execution id="e13817fe-72a5-45f2-b0ea-ad3c83c774bc" />
      <TestMethod codeBase="/source/Microservices/Authorization/Frever.Auth.Core.Test/bin/Debug/net8.0/Frever.Auth.Core.Test.dll" adapterTypeName="executor://xunit/VsTestRunner2/netcoreapp" className="Frever.Auth.Core.Test.UserAccountServiceTest" name="CheckRegistrationInfoHappyPath" />
    </UnitTest>
    <UnitTest name="\ud83d\udc4d\ud83d\udc4dCheck verify credentials: for old credentials" storage="/source/microservices/authorization/frever.auth.core.test/bin/debug/net8.0/frever.auth.core.test.dll" id="31744134-39c9-e341-d720-87d22c9c5b9d">
      <Execution id="aaf938f6-c502-43ce-8006-b74543c69e6b" />
      <TestMethod codeBase="/source/Microservices/Authorization/Frever.Auth.Core.Test/bin/Debug/net8.0/Frever.Auth.Core.Test.dll" adapterTypeName="executor://xunit/VsTestRunner2/netcoreapp" className="Frever.Auth.Core.Test.CredentialUpdate.CredentialUpdateServiceTest" name="VerifyCredentials_ForOldCredentials" />
    </UnitTest>
    <UnitTest name="\ud83d\udc4d\ud83d\udc4dCheck update credentials" storage="/source/microservices/authorization/frever.auth.core.test/bin/debug/net8.0/frever.auth.core.test.dll" id="03cd2073-4a98-f8bb-5f82-89795aa53b87">
      <Execution id="43fc6a35-4dbc-461c-9891-00b01460b313" />
      <TestMethod codeBase="/source/Microservices/Authorization/Frever.Auth.Core.Test/bin/Debug/net8.0/Frever.Auth.Core.Test.dll" adapterTypeName="executor://xunit/VsTestRunner2/netcoreapp" className="Frever.Auth.Core.Test.CredentialUpdate.EmailHandlerTest" name="UpdateCredentials" />
    </UnitTest>
    <UnitTest name="\ud83d\udc4d\ud83d\udc4dCheck update credentials: account last login method" storage="/source/microservices/authorization/frever.auth.core.test/bin/debug/net8.0/frever.auth.core.test.dll" id="f386d4ff-abf1-0656-7393-7df26e1b040a">
      <Execution id="000f1111-5c3e-476d-a200-972c1bd5cdd9" />
      <TestMethod codeBase="/source/Microservices/Authorization/Frever.Auth.Core.Test/bin/Debug/net8.0/Frever.Auth.Core.Test.dll" adapterTypeName="executor://xunit/VsTestRunner2/netcoreapp" className="Frever.Auth.Core.Test.CredentialUpdate.PhoneNumberHandlerTest" name="UpdateCredentials_AccountLastLoginMethod" />
    </UnitTest>
    <UnitTest name="\ud83d\udc4d\ud83d\udc4dCheck verify user: validation failed with error(type: Email, errorCode: &quot;ERROR_VERIFICATION_CODE_INVALID&quot;)" storage="/source/microservices/authorization/frever.auth.core.test/bin/debug/net8.0/frever.auth.core.test.dll" id="81a6511e-323e-e95c-3f16-783a4a06f113">
      <Execution id="07c4b57f-1641-49ae-b907-57bace3d9e83" />
      <TestMethod codeBase="/source/Microservices/Authorization/Frever.Auth.Core.Test/bin/Debug/net8.0/Frever.Auth.Core.Test.dll" adapterTypeName="executor://xunit/VsTestRunner2/netcoreapp" className="Frever.Auth.Core.Test.CredentialUpdate.CredentialUpdateServiceTest" name="VerifyUser_ValidationFailed" />
    </UnitTest>
    <UnitTest name="\ud83d\udc4d\ud83d\udc4dCheck validate credentials: verification code invalid" storage="/source/microservices/authorization/frever.auth.core.test/bin/debug/net8.0/frever.auth.core.test.dll" id="82044747-987c-4a7d-6bfb-d020f0bb2328">
      <Execution id="fcf8434d-ced6-4977-9123-b2029e97033c" />
      <TestMethod codeBase="/source/Microservices/Authorization/Frever.Auth.Core.Test/bin/Debug/net8.0/Frever.Auth.Core.Test.dll" adapterTypeName="executor://xunit/VsTestRunner2/netcoreapp" className="Frever.Auth.Core.Test.CredentialUpdate.EmailHandlerTest" name="ValidateCredential_VerificationCodeInvalid" />
    </UnitTest>
    <UnitTest name="\ud83d\udc4d\ud83d\udc4dCheck account registration: user registered: by email" storage="/source/microservices/authorization/frever.auth.core.test/bin/debug/net8.0/frever.auth.core.test.dll" id="e052ecb6-4330-9133-f1e2-01ff5ebbd566">
      <Execution id="51ce9f30-c2b5-42f1-9558-9a07073896fe" />
      <TestMethod codeBase="/source/Microservices/Authorization/Frever.Auth.Core.Test/bin/Debug/net8.0/Frever.Auth.Core.Test.dll" adapterTypeName="executor://xunit/VsTestRunner2/netcoreapp" className="Frever.Auth.Core.Test.UserAccountServiceTest" name="CheckRegistrationInfo_UserRegistered_ByEmail" />
    </UnitTest>
    <UnitTest name="\ud83d\udc4d\ud83d\udc4dCheck update credentials: verification code invalid" storage="/source/microservices/authorization/frever.auth.core.test/bin/debug/net8.0/frever.auth.core.test.dll" id="966c5ae3-a4b9-4dbf-4105-e9ce139ccddf">
      <Execution id="cbde350d-2834-4f72-9840-f2ca1b28dd17" />
      <TestMethod codeBase="/source/Microservices/Authorization/Frever.Auth.Core.Test/bin/Debug/net8.0/Frever.Auth.Core.Test.dll" adapterTypeName="executor://xunit/VsTestRunner2/netcoreapp" className="Frever.Auth.Core.Test.CredentialUpdate.EmailHandlerTest" name="UpdateCredentials_VerificationCodeInvalid" />
    </UnitTest>
    <UnitTest name="\ud83d\udc4d\ud83d\udc4dCheck phone number mask(phoneNumber: &quot;xxxxxxxxx&quot;, result: &quot;+46 763***983&quot;)" storage="/source/microservices/authorization/frever.auth.core.test/bin/debug/net8.0/frever.auth.core.test.dll" id="bd904d25-7ae2-e4be-5bd6-0beca44a233e">
      <Execution id="9589a343-63dd-439c-a189-0cdcbba398e5" />
      <TestMethod codeBase="/source/Microservices/Authorization/Frever.Auth.Core.Test/bin/Debug/net8.0/Frever.Auth.Core.Test.dll" adapterTypeName="executor://xunit/VsTestRunner2/netcoreapp" className="Frever.Auth.Core.Test.CredentialsFormatterTest" name="MaskPhoneNumber" />
    </UnitTest>
    <UnitTest name="\ud83d\udc4d\ud83d\udc4dCheck add credentials: only password type available for minor users(type: GoogleId)" storage="/source/microservices/authorization/frever.auth.core.test/bin/debug/net8.0/frever.auth.core.test.dll" id="3dc0701c-6c5c-ae7b-e916-6ae1a05a126a">
      <Execution id="c50bdc23-1602-4460-b608-7d18b4b67c25" />
      <TestMethod codeBase="/source/Microservices/Authorization/Frever.Auth.Core.Test/bin/Debug/net8.0/Frever.Auth.Core.Test.dll" adapterTypeName="executor://xunit/VsTestRunner2/netcoreapp" className="Frever.Auth.Core.Test.CredentialUpdate.CredentialUpdateServiceTest" name="AddCredentials_OnlyPasswordTypeAvailableForMinorUser" />
    </UnitTest>
    <UnitTest name="\ud83d\udc4d\ud83d\udc4e Suggest Nickname base functionality" storage="/source/microservices/authorization/frever.auth.core.test/bin/debug/net8.0/frever.auth.core.test.dll" id="2c4654b0-a866-e94a-d0b1-fdb5996db47d">
      <Execution id="664103f8-1561-4306-b372-8261795245a9" />
      <TestMethod codeBase="/source/Microservices/Authorization/Frever.Auth.Core.Test/bin/Debug/net8.0/Frever.Auth.Core.Test.dll" adapterTypeName="executor://xunit/VsTestRunner2/netcoreapp" className="Frever.Auth.Core.Test.NicknameSuggestionTest" name="SuggestNickname" />
    </UnitTest>
    <UnitTest name="\ud83d\udc4d\ud83d\udc4dCheck verify user: validation failed with error(type: AppleId, errorCode: &quot;ERROR_APPLE_IDENTITY_TOKEN_INVALID&quot;)" storage="/source/microservices/authorization/frever.auth.core.test/bin/debug/net8.0/frever.auth.core.test.dll" id="0a67e2aa-73d6-4286-8239-36868e5e318a">
      <Execution id="b36c7586-2a12-4d5c-9934-ccccd56c438c" />
      <TestMethod codeBase="/source/Microservices/Authorization/Frever.Auth.Core.Test/bin/Debug/net8.0/Frever.Auth.Core.Test.dll" adapterTypeName="executor://xunit/VsTestRunner2/netcoreapp" className="Frever.Auth.Core.Test.CredentialUpdate.CredentialUpdateServiceTest" name="VerifyUser_ValidationFailed" />
    </UnitTest>
    <UnitTest name="\ud83d\udc4d\ud83d\udc4dCheck email mask(email: &quot;test1234@email&quot;, result: &quot;t***4@email&quot;)" storage="/source/microservices/authorization/frever.auth.core.test/bin/debug/net8.0/frever.auth.core.test.dll" id="75fcae73-e5a7-8992-fe50-39d86214c639">
      <Execution id="e21cbbbe-0d22-44fb-93ac-4b3b2671d4c4" />
      <TestMethod codeBase="/source/Microservices/Authorization/Frever.Auth.Core.Test/bin/Debug/net8.0/Frever.Auth.Core.Test.dll" adapterTypeName="executor://xunit/VsTestRunner2/netcoreapp" className="Frever.Auth.Core.Test.CredentialsFormatterTest" name="MaskEmail" />
    </UnitTest>
    <UnitTest name="\ud83d\udc4d\ud83d\udc4dCheck verify user(type: PhoneNumber)" storage="/source/microservices/authorization/frever.auth.core.test/bin/debug/net8.0/frever.auth.core.test.dll" id="baa03503-b725-cb9b-e285-fa22430fad62">
      <Execution id="59750506-2054-4f16-b0f1-ae0ba027bb1f" />
      <TestMethod codeBase="/source/Microservices/Authorization/Frever.Auth.Core.Test/bin/Debug/net8.0/Frever.Auth.Core.Test.dll" adapterTypeName="executor://xunit/VsTestRunner2/netcoreapp" className="Frever.Auth.Core.Test.CredentialUpdate.CredentialUpdateServiceTest" name="VerifyUser" />
    </UnitTest>
    <UnitTest name="\ud83d\udc4d\ud83d\udc4dCheck add credentials(type: AppleId)" storage="/source/microservices/authorization/frever.auth.core.test/bin/debug/net8.0/frever.auth.core.test.dll" id="515069a0-9be5-f95a-96d5-4b2442ea1879">
      <Execution id="f6c8f4ab-073b-4212-ab57-bea550f17bd8" />
      <TestMethod codeBase="/source/Microservices/Authorization/Frever.Auth.Core.Test/bin/Debug/net8.0/Frever.Auth.Core.Test.dll" adapterTypeName="executor://xunit/VsTestRunner2/netcoreapp" className="Frever.Auth.Core.Test.CredentialUpdate.CredentialUpdateServiceTest" name="AddCredentials" />
    </UnitTest>
    <UnitTest name="\ud83d\udc4d\ud83d\udc4dCheck account registration: validate username: invalid characters(username: &quot;test-username&quot;)" storage="/source/microservices/authorization/frever.auth.core.test/bin/debug/net8.0/frever.auth.core.test.dll" id="c689ad16-0cb6-b4d8-3c0a-ccc95250f188">
      <Execution id="64896393-fb5d-4c2b-a6b9-cb4c885af648" />
      <TestMethod codeBase="/source/Microservices/Authorization/Frever.Auth.Core.Test/bin/Debug/net8.0/Frever.Auth.Core.Test.dll" adapterTypeName="executor://xunit/VsTestRunner2/netcoreapp" className="Frever.Auth.Core.Test.UserAccountServiceTest" name="CheckRegistrationInfo_ValidateUsername_InvalidSymbols" />
    </UnitTest>
    <UnitTest name="\ud83d\udc4d\ud83d\udc4dCheck validate credentials: verification code invalid" storage="/source/microservices/authorization/frever.auth.core.test/bin/debug/net8.0/frever.auth.core.test.dll" id="757b7cdb-a265-f582-ecde-3584620cb57c">
      <Execution id="842ec3e1-e079-4bfb-8db5-6c96830b0f93" />
      <TestMethod codeBase="/source/Microservices/Authorization/Frever.Auth.Core.Test/bin/Debug/net8.0/Frever.Auth.Core.Test.dll" adapterTypeName="executor://xunit/VsTestRunner2/netcoreapp" className="Frever.Auth.Core.Test.CredentialUpdate.PhoneNumberHandlerTest" name="ValidateCredential_VerificationCodeInvalid" />
    </UnitTest>
    <UnitTest name="\ud83d\udc4d\ud83d\udc4dCheck add credentials: account has password login method linked" storage="/source/microservices/authorization/frever.auth.core.test/bin/debug/net8.0/frever.auth.core.test.dll" id="132477ab-a2c2-fcbc-952f-cd0507e84dea">
      <Execution id="08eff7e4-852c-4ce7-b428-a31d6b88b0b7" />
      <TestMethod codeBase="/source/Microservices/Authorization/Frever.Auth.Core.Test/bin/Debug/net8.0/Frever.Auth.Core.Test.dll" adapterTypeName="executor://xunit/VsTestRunner2/netcoreapp" className="Frever.Auth.Core.Test.CredentialUpdate.PasswordHandlerTest" name="AddCredentials_AccountHasLoginMethod" />
    </UnitTest>
    <UnitTest name="\ud83d\udc4d\ud83d\udc4dCheck add credentials: only password type available for minor users(type: PhoneNumber)" storage="/source/microservices/authorization/frever.auth.core.test/bin/debug/net8.0/frever.auth.core.test.dll" id="3b1565f1-fbae-2b1d-fbb8-5c1d0f9e1357">
      <Execution id="d10d7769-5692-4ea9-944a-0bf79a55a6a5" />
      <TestMethod codeBase="/source/Microservices/Authorization/Frever.Auth.Core.Test/bin/Debug/net8.0/Frever.Auth.Core.Test.dll" adapterTypeName="executor://xunit/VsTestRunner2/netcoreapp" className="Frever.Auth.Core.Test.CredentialUpdate.CredentialUpdateServiceTest" name="AddCredentials_OnlyPasswordTypeAvailableForMinorUser" />
    </UnitTest>
    <UnitTest name="\ud83d\udc4d\ud83d\udc4dCheck add credentials: phone number is already used" storage="/source/microservices/authorization/frever.auth.core.test/bin/debug/net8.0/frever.auth.core.test.dll" id="33ad6ae0-7816-7c14-1828-91a6ed68f623">
      <Execution id="3afb6445-92fa-487f-b556-30acb40cd857" />
      <TestMethod codeBase="/source/Microservices/Authorization/Frever.Auth.Core.Test/bin/Debug/net8.0/Frever.Auth.Core.Test.dll" adapterTypeName="executor://xunit/VsTestRunner2/netcoreapp" className="Frever.Auth.Core.Test.CredentialUpdate.PhoneNumberHandlerTest" name="AddCredentials_PhoneNumberAlreadyUsed" />
    </UnitTest>
    <UnitTest name="\ud83d\udc4d\ud83d\udc4dCheck get credentials status" storage="/source/microservices/authorization/frever.auth.core.test/bin/debug/net8.0/frever.auth.core.test.dll" id="fbd49761-854b-6225-ce31-5f5b1757892d">
      <Execution id="a95e6cbe-ab95-4e3d-846f-41dbed02aebb" />
      <TestMethod codeBase="/source/Microservices/Authorization/Frever.Auth.Core.Test/bin/Debug/net8.0/Frever.Auth.Core.Test.dll" adapterTypeName="executor://xunit/VsTestRunner2/netcoreapp" className="Frever.Auth.Core.Test.CredentialUpdate.CredentialUpdateServiceTest" name="GetCredentialStatus" />
    </UnitTest>
    <UnitTest name="\ud83d\udc4d\ud83d\udc4dCheck verify user(type: AppleId)" storage="/source/microservices/authorization/frever.auth.core.test/bin/debug/net8.0/frever.auth.core.test.dll" id="47569ff4-ea90-67c0-4265-bf245bc02d74">
      <Execution id="32b059b1-7a6b-4d69-9ca1-8a587c74819d" />
      <TestMethod codeBase="/source/Microservices/Authorization/Frever.Auth.Core.Test/bin/Debug/net8.0/Frever.Auth.Core.Test.dll" adapterTypeName="executor://xunit/VsTestRunner2/netcoreapp" className="Frever.Auth.Core.Test.CredentialUpdate.CredentialUpdateServiceTest" name="VerifyUser" />
    </UnitTest>
    <UnitTest name="\ud83d\udc4d\ud83d\udc4dCheck update credentials: invalid verification token: expired" storage="/source/microservices/authorization/frever.auth.core.test/bin/debug/net8.0/frever.auth.core.test.dll" id="19ef874f-984b-cbe7-c148-d3c9129b893e">
      <Execution id="c4c532e8-afe7-4540-9afa-d3ac6102b0e4" />
      <TestMethod codeBase="/source/Microservices/Authorization/Frever.Auth.Core.Test/bin/Debug/net8.0/Frever.Auth.Core.Test.dll" adapterTypeName="executor://xunit/VsTestRunner2/netcoreapp" className="Frever.Auth.Core.Test.CredentialUpdate.CredentialUpdateServiceTest" name="UpdateCredentials_InvalidVerificationToken_NotCurrentGroup" />
    </UnitTest>
    <UnitTest name="\ud83d\udc4d\ud83d\udc4dCheck verify credentials: for new credentials" storage="/source/microservices/authorization/frever.auth.core.test/bin/debug/net8.0/frever.auth.core.test.dll" id="edf06edc-1fa7-b0b4-d0a3-402bfdd97b3c">
      <Execution id="d35869cb-aed5-4e9f-a671-f61bda75ecfe" />
      <TestMethod codeBase="/source/Microservices/Authorization/Frever.Auth.Core.Test/bin/Debug/net8.0/Frever.Auth.Core.Test.dll" adapterTypeName="executor://xunit/VsTestRunner2/netcoreapp" className="Frever.Auth.Core.Test.CredentialUpdate.CredentialUpdateServiceTest" name="VerifyCredentials_ForNewCredentials" />
    </UnitTest>
    <UnitTest name="\ud83d\udc4d\ud83d\udc4dCheck email mask(email: &quot;test123@email&quot;, result: &quot;t***3@email&quot;)" storage="/source/microservices/authorization/frever.auth.core.test/bin/debug/net8.0/frever.auth.core.test.dll" id="0bc691e5-7966-5460-57cf-af8cb28a6e5a">
      <Execution id="3fae6685-6060-49f7-9bcb-51c54d92a426" />
      <TestMethod codeBase="/source/Microservices/Authorization/Frever.Auth.Core.Test/bin/Debug/net8.0/Frever.Auth.Core.Test.dll" adapterTypeName="executor://xunit/VsTestRunner2/netcoreapp" className="Frever.Auth.Core.Test.CredentialsFormatterTest" name="MaskEmail" />
    </UnitTest>
    <UnitTest name="\ud83d\udc4d\ud83d\udc4dCheck account registration: validate username: invalid length(username: &quot;ts&quot;)" storage="/source/microservices/authorization/frever.auth.core.test/bin/debug/net8.0/frever.auth.core.test.dll" id="d209b2ab-fc27-cd3e-7393-ad813fce8a8e">
      <Execution id="a428f9d6-dbde-4dd7-bfe8-9108ab4fd1f2" />
      <TestMethod codeBase="/source/Microservices/Authorization/Frever.Auth.Core.Test/bin/Debug/net8.0/Frever.Auth.Core.Test.dll" adapterTypeName="executor://xunit/VsTestRunner2/netcoreapp" className="Frever.Auth.Core.Test.UserAccountServiceTest" name="CheckRegistrationInfo_ValidateUsername_LengthInvalid" />
    </UnitTest>
    <UnitTest name="\ud83d\udc4d\ud83d\udc4dCheck update credentials" storage="/source/microservices/authorization/frever.auth.core.test/bin/debug/net8.0/frever.auth.core.test.dll" id="4f6aa766-579e-2c61-15cd-eeae5f3232b2">
      <Execution id="2a8f9504-d140-4cff-88d9-2023d4c00e33" />
      <TestMethod codeBase="/source/Microservices/Authorization/Frever.Auth.Core.Test/bin/Debug/net8.0/Frever.Auth.Core.Test.dll" adapterTypeName="executor://xunit/VsTestRunner2/netcoreapp" className="Frever.Auth.Core.Test.CredentialUpdate.AppleIdHandlerTest" name="UpdateCredentials" />
    </UnitTest>
    <UnitTest name="\ud83d\udc4d\ud83d\udc4dCheck validate credentials" storage="/source/microservices/authorization/frever.auth.core.test/bin/debug/net8.0/frever.auth.core.test.dll" id="b42e2422-330b-b2f3-03f5-c5f63ef5667d">
      <Execution id="2ae0cd0e-9951-49ab-90d3-8ea6b8610416" />
      <TestMethod codeBase="/source/Microservices/Authorization/Frever.Auth.Core.Test/bin/Debug/net8.0/Frever.Auth.Core.Test.dll" adapterTypeName="executor://xunit/VsTestRunner2/netcoreapp" className="Frever.Auth.Core.Test.CredentialUpdate.EmailHandlerTest" name="ValidateCredential" />
    </UnitTest>
    <UnitTest name="\ud83d\udc4d\ud83d\udc4dCheck update credentials: only password type available for minor users(type: GoogleId)" storage="/source/microservices/authorization/frever.auth.core.test/bin/debug/net8.0/frever.auth.core.test.dll" id="a5079d14-d28b-6967-2fda-7b6efd3e7159">
      <Execution id="13776cb1-1a31-448a-899f-17a19d684fd6" />
      <TestMethod codeBase="/source/Microservices/Authorization/Frever.Auth.Core.Test/bin/Debug/net8.0/Frever.Auth.Core.Test.dll" adapterTypeName="executor://xunit/VsTestRunner2/netcoreapp" className="Frever.Auth.Core.Test.CredentialUpdate.CredentialUpdateServiceTest" name="UpdateCredentials_OnlyPasswordTypeAvailableForMinorUser" />
    </UnitTest>
    <UnitTest name="\ud83d\udc4d\ud83d\udc4dCheck add credentials: verification code invalid" storage="/source/microservices/authorization/frever.auth.core.test/bin/debug/net8.0/frever.auth.core.test.dll" id="6746ca79-b953-4187-6442-497e1c7d35fc">
      <Execution id="3a529688-51b1-4ea9-b7e9-3fbb7dac99e0" />
      <TestMethod codeBase="/source/Microservices/Authorization/Frever.Auth.Core.Test/bin/Debug/net8.0/Frever.Auth.Core.Test.dll" adapterTypeName="executor://xunit/VsTestRunner2/netcoreapp" className="Frever.Auth.Core.Test.CredentialUpdate.PhoneNumberHandlerTest" name="AddCredentials_VerificationCodeInvalid" />
    </UnitTest>
    <UnitTest name="\ud83d\udc4d\ud83d\udc4dCheck update credentials: ignore apple and google type(type: GoogleId)" storage="/source/microservices/authorization/frever.auth.core.test/bin/debug/net8.0/frever.auth.core.test.dll" id="30ccb71e-b48f-3ec6-8bd3-14d0ca109292">
      <Execution id="422d79fd-2e62-4444-ab2c-21b7612810de" />
      <TestMethod codeBase="/source/Microservices/Authorization/Frever.Auth.Core.Test/bin/Debug/net8.0/Frever.Auth.Core.Test.dll" adapterTypeName="executor://xunit/VsTestRunner2/netcoreapp" className="Frever.Auth.Core.Test.CredentialUpdate.CredentialUpdateServiceTest" name="UpdateCredentials_IgnoreAppleIdAndGoogleIdType" />
    </UnitTest>
    <UnitTest name="\ud83d\udc4d\ud83d\udc4dCheck update credentials: verification code invalid" storage="/source/microservices/authorization/frever.auth.core.test/bin/debug/net8.0/frever.auth.core.test.dll" id="54034783-af23-6486-485e-4a49a85a67e0">
      <Execution id="46fe21ac-978d-47ee-a012-e961953d2414" />
      <TestMethod codeBase="/source/Microservices/Authorization/Frever.Auth.Core.Test/bin/Debug/net8.0/Frever.Auth.Core.Test.dll" adapterTypeName="executor://xunit/VsTestRunner2/netcoreapp" className="Frever.Auth.Core.Test.CredentialUpdate.PhoneNumberHandlerTest" name="UpdateCredentials_VerificationCodeInvalid" />
    </UnitTest>
    <UnitTest name="\ud83d\udc4d\ud83d\udc4dCheck verify credentials: invalid credentials(email: &quot;test@email&quot;, phoneNumber: null, errorCode: &quot;ERROR_EMAIL_USED&quot;)" storage="/source/microservices/authorization/frever.auth.core.test/bin/debug/net8.0/frever.auth.core.test.dll" id="66fe33ba-3c80-7f90-1478-bbacf85f8705">
      <Execution id="9143d8cb-31b8-4839-8215-911e758e8628" />
      <TestMethod codeBase="/source/Microservices/Authorization/Frever.Auth.Core.Test/bin/Debug/net8.0/Frever.Auth.Core.Test.dll" adapterTypeName="executor://xunit/VsTestRunner2/netcoreapp" className="Frever.Auth.Core.Test.CredentialUpdate.CredentialUpdateServiceTest" name="VerifyCredentials_CredentialAlreadyUsed" />
    </UnitTest>
    <UnitTest name="\ud83d\udc4d\ud83d\udc4dCheck email mask(email: &quot;t23@email&quot;, result: &quot;t***3@email&quot;)" storage="/source/microservices/authorization/frever.auth.core.test/bin/debug/net8.0/frever.auth.core.test.dll" id="860d1a3c-5493-0c60-ee75-461a1ec6d1e3">
      <Execution id="981b58d7-8fee-45ae-b172-e6dbf5dd3e69" />
      <TestMethod codeBase="/source/Microservices/Authorization/Frever.Auth.Core.Test/bin/Debug/net8.0/Frever.Auth.Core.Test.dll" adapterTypeName="executor://xunit/VsTestRunner2/netcoreapp" className="Frever.Auth.Core.Test.CredentialsFormatterTest" name="MaskEmail" />
    </UnitTest>
    <UnitTest name="\ud83d\udc4d\ud83d\udc4dCheck update credentials" storage="/source/microservices/authorization/frever.auth.core.test/bin/debug/net8.0/frever.auth.core.test.dll" id="96c18845-418f-4733-8271-4cba04df028c">
      <Execution id="e2e7462b-ce34-4eaa-9709-423d448a193b" />
      <TestMethod codeBase="/source/Microservices/Authorization/Frever.Auth.Core.Test/bin/Debug/net8.0/Frever.Auth.Core.Test.dll" adapterTypeName="executor://xunit/VsTestRunner2/netcoreapp" className="Frever.Auth.Core.Test.CredentialUpdate.PhoneNumberHandlerTest" name="UpdateCredentials" />
    </UnitTest>
    <UnitTest name="\ud83d\udc4d\ud83d\udc4dCheck add credentials(type: Password)" storage="/source/microservices/authorization/frever.auth.core.test/bin/debug/net8.0/frever.auth.core.test.dll" id="a37a7a78-2b80-2eba-d4d5-b9137e76c2ca">
      <Execution id="b21cce34-1444-4f57-a5ec-d09314a4ca13" />
      <TestMethod codeBase="/source/Microservices/Authorization/Frever.Auth.Core.Test/bin/Debug/net8.0/Frever.Auth.Core.Test.dll" adapterTypeName="executor://xunit/VsTestRunner2/netcoreapp" className="Frever.Auth.Core.Test.CredentialUpdate.CredentialUpdateServiceTest" name="AddCredentials" />
    </UnitTest>
    <UnitTest name="\ud83d\udc4d\ud83d\udc4dCheck verify user(type: Email)" storage="/source/microservices/authorization/frever.auth.core.test/bin/debug/net8.0/frever.auth.core.test.dll" id="0882a824-08da-116d-4371-7805e0124f36">
      <Execution id="94459fe1-f4d0-44d9-b77e-6728f71e1319" />
      <TestMethod codeBase="/source/Microservices/Authorization/Frever.Auth.Core.Test/bin/Debug/net8.0/Frever.Auth.Core.Test.dll" adapterTypeName="executor://xunit/VsTestRunner2/netcoreapp" className="Frever.Auth.Core.Test.CredentialUpdate.CredentialUpdateServiceTest" name="VerifyUser" />
    </UnitTest>
    <UnitTest name="\ud83d\udc4d\ud83d\udc4dCheck account registration: error in phone number " storage="/source/microservices/authorization/frever.auth.core.test/bin/debug/net8.0/frever.auth.core.test.dll" id="7217d61d-3551-dabf-5b4f-5e881b1a6c30">
      <Execution id="06a09346-06e2-49c2-94bd-763bea05cdb6" />
      <TestMethod codeBase="/source/Microservices/Authorization/Frever.Auth.Core.Test/bin/Debug/net8.0/Frever.Auth.Core.Test.dll" adapterTypeName="executor://xunit/VsTestRunner2/netcoreapp" className="Frever.Auth.Core.Test.UserAccountServiceTest" name="CheckRegistrationInfo_IncorrectPhoneNumberFormat" />
    </UnitTest>
    <UnitTest name="\ud83d\udc4d\ud83d\udc4dCheck add credentials: password already exist" storage="/source/microservices/authorization/frever.auth.core.test/bin/debug/net8.0/frever.auth.core.test.dll" id="c0928f4c-2ff3-0808-e267-f51057a05c1b">
      <Execution id="72275393-f773-4901-920e-04053ae0554e" />
      <TestMethod codeBase="/source/Microservices/Authorization/Frever.Auth.Core.Test/bin/Debug/net8.0/Frever.Auth.Core.Test.dll" adapterTypeName="executor://xunit/VsTestRunner2/netcoreapp" className="Frever.Auth.Core.Test.CredentialUpdate.PasswordHandlerTest" name="AddCredentials_PasswordAlreadyExist" />
    </UnitTest>
    <UnitTest name="\ud83d\udc4d\ud83d\udc4dCheck phone number mask(phoneNumber: &quot;+12345&quot;, result: &quot;+1 2345&quot;)" storage="/source/microservices/authorization/frever.auth.core.test/bin/debug/net8.0/frever.auth.core.test.dll" id="f060cdb2-8aea-01b0-1a19-de921fdfd967">
      <Execution id="2274458e-a69e-40c9-8d0d-bff1478b6aca" />
      <TestMethod codeBase="/source/Microservices/Authorization/Frever.Auth.Core.Test/bin/Debug/net8.0/Frever.Auth.Core.Test.dll" adapterTypeName="executor://xunit/VsTestRunner2/netcoreapp" className="Frever.Auth.Core.Test.CredentialsFormatterTest" name="MaskPhoneNumber" />
    </UnitTest>
    <UnitTest name="\ud83d\udc4d\ud83d\udc4dCheck phone number mask(phoneNumber: &quot;&quot;, result: &quot;&quot;)" storage="/source/microservices/authorization/frever.auth.core.test/bin/debug/net8.0/frever.auth.core.test.dll" id="003d34e4-0116-ffc4-a84f-1cebd8b3182b">
      <Execution id="e652c95a-848b-4790-a63e-86ab8a83286f" />
      <TestMethod codeBase="/source/Microservices/Authorization/Frever.Auth.Core.Test/bin/Debug/net8.0/Frever.Auth.Core.Test.dll" adapterTypeName="executor://xunit/VsTestRunner2/netcoreapp" className="Frever.Auth.Core.Test.CredentialsFormatterTest" name="MaskPhoneNumber" />
    </UnitTest>
    <UnitTest name="\ud83d\udc4d\ud83d\udc4dCheck validate credentials" storage="/source/microservices/authorization/frever.auth.core.test/bin/debug/net8.0/frever.auth.core.test.dll" id="de34a7d4-c59a-dd0c-521a-27bd5a2a4b42">
      <Execution id="60f28047-4488-485d-a1e6-60337afd72d5" />
      <TestMethod codeBase="/source/Microservices/Authorization/Frever.Auth.Core.Test/bin/Debug/net8.0/Frever.Auth.Core.Test.dll" adapterTypeName="executor://xunit/VsTestRunner2/netcoreapp" className="Frever.Auth.Core.Test.CredentialUpdate.PasswordHandlerTest" name="ValidateCredential" />
    </UnitTest>
    <UnitTest name="\ud83d\udc4d\ud83d\udc4dCheck update credentials: invalid verification token: expired" storage="/source/microservices/authorization/frever.auth.core.test/bin/debug/net8.0/frever.auth.core.test.dll" id="60fdfa87-5a13-2318-24e8-5803a73ec817">
      <Execution id="884dee82-80c9-4d50-90c4-b0d7b995f4ee" />
      <TestMethod codeBase="/source/Microservices/Authorization/Frever.Auth.Core.Test/bin/Debug/net8.0/Frever.Auth.Core.Test.dll" adapterTypeName="executor://xunit/VsTestRunner2/netcoreapp" className="Frever.Auth.Core.Test.CredentialUpdate.CredentialUpdateServiceTest" name="UpdateCredentials_InvalidVerificationToken_TokenExpired" />
    </UnitTest>
    <UnitTest name="\ud83d\udc4d\ud83d\udc4dCheck update credentials: ignore apple and google type(type: AppleId)" storage="/source/microservices/authorization/frever.auth.core.test/bin/debug/net8.0/frever.auth.core.test.dll" id="b13bbb35-47e6-5e37-dc52-aae0ddf23cef">
      <Execution id="ff603b93-378f-4bbe-bf47-f4fcd2fe8a62" />
      <TestMethod codeBase="/source/Microservices/Authorization/Frever.Auth.Core.Test/bin/Debug/net8.0/Frever.Auth.Core.Test.dll" adapterTypeName="executor://xunit/VsTestRunner2/netcoreapp" className="Frever.Auth.Core.Test.CredentialUpdate.CredentialUpdateServiceTest" name="UpdateCredentials_IgnoreAppleIdAndGoogleIdType" />
    </UnitTest>
    <UnitTest name="\ud83d\udc4d\ud83d\udc4dCheck add credentials: verification code invalid" storage="/source/microservices/authorization/frever.auth.core.test/bin/debug/net8.0/frever.auth.core.test.dll" id="6add8f69-433f-0fad-35cd-03e3c2e65f22">
      <Execution id="8f5c471d-9b4b-48d8-8f24-ee3053b6f6e0" />
      <TestMethod codeBase="/source/Microservices/Authorization/Frever.Auth.Core.Test/bin/Debug/net8.0/Frever.Auth.Core.Test.dll" adapterTypeName="executor://xunit/VsTestRunner2/netcoreapp" className="Frever.Auth.Core.Test.CredentialUpdate.EmailHandlerTest" name="AddCredentials_VerificationCodeInvalid" />
    </UnitTest>
    <UnitTest name="\ud83d\udc4d\ud83d\udc4dCheck token provider" storage="/source/microservices/authorization/frever.auth.core.test/bin/debug/net8.0/frever.auth.core.test.dll" id="cfb6018e-0b69-7d6c-21e6-18fe5873df65">
      <Execution id="9acb4423-65d7-4af2-85e2-ada27a774aef" />
      <TestMethod codeBase="/source/Microservices/Authorization/Frever.Auth.Core.Test/bin/Debug/net8.0/Frever.Auth.Core.Test.dll" adapterTypeName="executor://xunit/VsTestRunner2/netcoreapp" className="Frever.Auth.Core.Test.CredentialUpdate.CredentialUpdateServiceTest" name="TokenProvider" />
    </UnitTest>
    <UnitTest name="\ud83d\udc4d\ud83d\udc4dCheck account registration: validate username: invalid length(username: &quot;1234567890123456&quot;)" storage="/source/microservices/authorization/frever.auth.core.test/bin/debug/net8.0/frever.auth.core.test.dll" id="99ed0332-e1c6-e569-fcdf-2da1c8fccc8e">
      <Execution id="67328121-4d03-4b2c-b9cd-c6e69cf236ec" />
      <TestMethod codeBase="/source/Microservices/Authorization/Frever.Auth.Core.Test/bin/Debug/net8.0/Frever.Auth.Core.Test.dll" adapterTypeName="executor://xunit/VsTestRunner2/netcoreapp" className="Frever.Auth.Core.Test.UserAccountServiceTest" name="CheckRegistrationInfo_ValidateUsername_LengthInvalid" />
    </UnitTest>
    <UnitTest name="\ud83d\udc4d\ud83d\udc4dCheck add credentials: account has apple login method linked" storage="/source/microservices/authorization/frever.auth.core.test/bin/debug/net8.0/frever.auth.core.test.dll" id="52b9e634-bf9a-5c52-0adb-c1175e662580">
      <Execution id="2738f54b-5563-40c6-9200-8e0dbc5a1458" />
      <TestMethod codeBase="/source/Microservices/Authorization/Frever.Auth.Core.Test/bin/Debug/net8.0/Frever.Auth.Core.Test.dll" adapterTypeName="executor://xunit/VsTestRunner2/netcoreapp" className="Frever.Auth.Core.Test.CredentialUpdate.AppleIdHandlerTest" name="AddCredentials_AccountHasLoginMethod" />
    </UnitTest>
    <UnitTest name="\ud83d\udc4d\ud83d\udc4dCheck add credentials" storage="/source/microservices/authorization/frever.auth.core.test/bin/debug/net8.0/frever.auth.core.test.dll" id="1161c94f-2915-af95-f06f-6c07e791a216">
      <Execution id="d32caffd-2a72-4a9c-9395-a0f87e4c894f" />
      <TestMethod codeBase="/source/Microservices/Authorization/Frever.Auth.Core.Test/bin/Debug/net8.0/Frever.Auth.Core.Test.dll" adapterTypeName="executor://xunit/VsTestRunner2/netcoreapp" className="Frever.Auth.Core.Test.CredentialUpdate.PhoneNumberHandlerTest" name="AddCredentials" />
    </UnitTest>
    <UnitTest name="\ud83d\udc4d\ud83d\udc4dCheck add credentials: email is already used" storage="/source/microservices/authorization/frever.auth.core.test/bin/debug/net8.0/frever.auth.core.test.dll" id="8b4948dd-ec2f-145b-f937-9656239e7926">
      <Execution id="48d2b674-595c-4b5a-b780-778baa3e7152" />
      <TestMethod codeBase="/source/Microservices/Authorization/Frever.Auth.Core.Test/bin/Debug/net8.0/Frever.Auth.Core.Test.dll" adapterTypeName="executor://xunit/VsTestRunner2/netcoreapp" className="Frever.Auth.Core.Test.CredentialUpdate.EmailHandlerTest" name="AddCredentials_EmailAlreadyUsed" />
    </UnitTest>
    <UnitTest name="\ud83d\udc4d\ud83d\udc4dCheck add credentials: account has google login method linked" storage="/source/microservices/authorization/frever.auth.core.test/bin/debug/net8.0/frever.auth.core.test.dll" id="3dc0f56f-0256-9c19-0ac0-9ad904923a70">
      <Execution id="a114ae06-52d0-4636-8611-6a1bfd80a31f" />
      <TestMethod codeBase="/source/Microservices/Authorization/Frever.Auth.Core.Test/bin/Debug/net8.0/Frever.Auth.Core.Test.dll" adapterTypeName="executor://xunit/VsTestRunner2/netcoreapp" className="Frever.Auth.Core.Test.CredentialUpdate.GoogleIdHandlerTest" name="AddCredentials_AccountHasLoginMethod" />
    </UnitTest>
    <UnitTest name="\ud83d\udc4d\ud83d\udc4dCheck update credentials: phone number already used" storage="/source/microservices/authorization/frever.auth.core.test/bin/debug/net8.0/frever.auth.core.test.dll" id="b0c7aa94-fc19-7fc1-c06d-951657225005">
      <Execution id="aac547e3-2118-4842-8460-234e66f939ff" />
      <TestMethod codeBase="/source/Microservices/Authorization/Frever.Auth.Core.Test/bin/Debug/net8.0/Frever.Auth.Core.Test.dll" adapterTypeName="executor://xunit/VsTestRunner2/netcoreapp" className="Frever.Auth.Core.Test.CredentialUpdate.PhoneNumberHandlerTest" name="UpdateCredentials_PhoneNumberAlreadyUsed" />
    </UnitTest>
    <UnitTest name="\ud83d\udc4d\ud83d\udc4dCheck update credentials: only password type available for minor users(type: AppleId)" storage="/source/microservices/authorization/frever.auth.core.test/bin/debug/net8.0/frever.auth.core.test.dll" id="e1a77ec6-681a-7990-97d2-43f36ae5d26b">
      <Execution id="b431a221-3a22-4ab4-978d-11abd99dfcfd" />
      <TestMethod codeBase="/source/Microservices/Authorization/Frever.Auth.Core.Test/bin/Debug/net8.0/Frever.Auth.Core.Test.dll" adapterTypeName="executor://xunit/VsTestRunner2/netcoreapp" className="Frever.Auth.Core.Test.CredentialUpdate.CredentialUpdateServiceTest" name="UpdateCredentials_OnlyPasswordTypeAvailableForMinorUser" />
    </UnitTest>
    <UnitTest name="\ud83d\udc4d\ud83d\udc4dCheck add credentials(type: GoogleId)" storage="/source/microservices/authorization/frever.auth.core.test/bin/debug/net8.0/frever.auth.core.test.dll" id="ebb0143e-448e-a266-2c03-a88d67fb19fa">
      <Execution id="6f937ead-fd7d-42cc-9b02-6885f2ddedab" />
      <TestMethod codeBase="/source/Microservices/Authorization/Frever.Auth.Core.Test/bin/Debug/net8.0/Frever.Auth.Core.Test.dll" adapterTypeName="executor://xunit/VsTestRunner2/netcoreapp" className="Frever.Auth.Core.Test.CredentialUpdate.CredentialUpdateServiceTest" name="AddCredentials" />
    </UnitTest>
    <UnitTest name="\ud83d\udc4d\ud83d\udc4dCheck verify user: validation failed with error(type: GoogleId, errorCode: &quot;ERROR_GOOGLE_IDENTITY_TOKEN_INVALID&quot;)" storage="/source/microservices/authorization/frever.auth.core.test/bin/debug/net8.0/frever.auth.core.test.dll" id="4edde2b3-ba03-9767-e77a-5086ed0dfbf4">
      <Execution id="8e5900dc-b019-4c0b-bc27-a0fa694bd800" />
      <TestMethod codeBase="/source/Microservices/Authorization/Frever.Auth.Core.Test/bin/Debug/net8.0/Frever.Auth.Core.Test.dll" adapterTypeName="executor://xunit/VsTestRunner2/netcoreapp" className="Frever.Auth.Core.Test.CredentialUpdate.CredentialUpdateServiceTest" name="VerifyUser_ValidationFailed" />
    </UnitTest>
    <UnitTest name="\ud83d\udc4d\ud83d\udc4dCheck validate credentials" storage="/source/microservices/authorization/frever.auth.core.test/bin/debug/net8.0/frever.auth.core.test.dll" id="f47f2808-3fdf-063f-2de9-cf6decec96a5">
      <Execution id="6f98b81a-f24d-4082-beff-16510fdc0d6d" />
      <TestMethod codeBase="/source/Microservices/Authorization/Frever.Auth.Core.Test/bin/Debug/net8.0/Frever.Auth.Core.Test.dll" adapterTypeName="executor://xunit/VsTestRunner2/netcoreapp" className="Frever.Auth.Core.Test.CredentialUpdate.AppleIdHandlerTest" name="ValidateCredential" />
    </UnitTest>
    <UnitTest name="\ud83d\udc4d\ud83d\udc4dCheck add credentials" storage="/source/microservices/authorization/frever.auth.core.test/bin/debug/net8.0/frever.auth.core.test.dll" id="46c4cb26-9fd0-94cc-9504-0ae610bf4391">
      <Execution id="6b3a85ae-110d-42b6-8945-3969139dc785" />
      <TestMethod codeBase="/source/Microservices/Authorization/Frever.Auth.Core.Test/bin/Debug/net8.0/Frever.Auth.Core.Test.dll" adapterTypeName="executor://xunit/VsTestRunner2/netcoreapp" className="Frever.Auth.Core.Test.CredentialUpdate.EmailHandlerTest" name="AddCredentials" />
    </UnitTest>
    <UnitTest name="\ud83d\udc4d\ud83d\udc4dCheck add credentials" storage="/source/microservices/authorization/frever.auth.core.test/bin/debug/net8.0/frever.auth.core.test.dll" id="1e689b1f-0c02-0fe6-bf55-60c08e66616f">
      <Execution id="3c007fe9-1740-412f-a21c-9d0a2bc4a95f" />
      <TestMethod codeBase="/source/Microservices/Authorization/Frever.Auth.Core.Test/bin/Debug/net8.0/Frever.Auth.Core.Test.dll" adapterTypeName="executor://xunit/VsTestRunner2/netcoreapp" className="Frever.Auth.Core.Test.CredentialUpdate.PasswordHandlerTest" name="AddCredentials" />
    </UnitTest>
    <UnitTest name="\ud83d\udc4d\ud83d\udc4dCheck verify user(type: GoogleId)" storage="/source/microservices/authorization/frever.auth.core.test/bin/debug/net8.0/frever.auth.core.test.dll" id="5f825ab4-c795-a0d1-f3ca-31952f423236">
      <Execution id="c54cbff4-83ec-454e-9638-4b417e398a47" />
      <TestMethod codeBase="/source/Microservices/Authorization/Frever.Auth.Core.Test/bin/Debug/net8.0/Frever.Auth.Core.Test.dll" adapterTypeName="executor://xunit/VsTestRunner2/netcoreapp" className="Frever.Auth.Core.Test.CredentialUpdate.CredentialUpdateServiceTest" name="VerifyUser" />
    </UnitTest>
    <UnitTest name="\ud83d\udc4d\ud83d\udc4dCheck validate credentials: google token invalid" storage="/source/microservices/authorization/frever.auth.core.test/bin/debug/net8.0/frever.auth.core.test.dll" id="127068d7-3417-1c06-843a-c199e6470d38">
      <Execution id="222db1b3-06a0-4fd6-80ef-681a559cc746" />
      <TestMethod codeBase="/source/Microservices/Authorization/Frever.Auth.Core.Test/bin/Debug/net8.0/Frever.Auth.Core.Test.dll" adapterTypeName="executor://xunit/VsTestRunner2/netcoreapp" className="Frever.Auth.Core.Test.CredentialUpdate.GoogleIdHandlerTest" name="ValidateCredential_GoogleTokenInvalid" />
    </UnitTest>
  </TestDefinitions>
  <TestEntries>
    <TestEntry testId="64de8883-4e08-a4df-8c6d-833d741c3f37" executionId="a551ae1e-5f8e-4d77-b6ed-0f0b1d121b11" testListId="8c84fa94-04c1-424b-9868-57a2d4851a1d" />
    <TestEntry testId="f060cdb2-8aea-01b0-1a19-de921fdfd967" executionId="2274458e-a69e-40c9-8d0d-bff1478b6aca" testListId="8c84fa94-04c1-424b-9868-57a2d4851a1d" />
    <TestEntry testId="14f2f465-1d3c-9f11-591c-2778c82e5677" executionId="a2494726-829a-41d5-949b-788fe48b7f17" testListId="8c84fa94-04c1-424b-9868-57a2d4851a1d" />
    <TestEntry testId="56a43e7b-06eb-d5ba-7f58-5c7a980a200c" executionId="15f20d41-6b7f-4514-af53-ff1ef68be9d5" testListId="8c84fa94-04c1-424b-9868-57a2d4851a1d" />
    <TestEntry testId="132477ab-a2c2-fcbc-952f-cd0507e84dea" executionId="08eff7e4-852c-4ce7-b428-a31d6b88b0b7" testListId="8c84fa94-04c1-424b-9868-57a2d4851a1d" />
    <TestEntry testId="cc62fc43-4f79-6ee5-0d90-89bc76510f5d" executionId="af8df099-c171-4975-8cc7-e9603ed51bda" testListId="8c84fa94-04c1-424b-9868-57a2d4851a1d" />
    <TestEntry testId="75fcae73-e5a7-8992-fe50-39d86214c639" executionId="e21cbbbe-0d22-44fb-93ac-4b3b2671d4c4" testListId="8c84fa94-04c1-424b-9868-57a2d4851a1d" />
    <TestEntry testId="127068d7-3417-1c06-843a-c199e6470d38" executionId="222db1b3-06a0-4fd6-80ef-681a559cc746" testListId="8c84fa94-04c1-424b-9868-57a2d4851a1d" />
    <TestEntry testId="7222e4ac-f6f9-5261-a5b7-ca4ffa017e11" executionId="b3f41ce6-48f9-429e-90f8-7d7495f0bf41" testListId="8c84fa94-04c1-424b-9868-57a2d4851a1d" />
    <TestEntry testId="66fe33ba-3c80-7f90-1478-bbacf85f8705" executionId="9143d8cb-31b8-4839-8215-911e758e8628" testListId="8c84fa94-04c1-424b-9868-57a2d4851a1d" />
    <TestEntry testId="dc224800-915f-f350-1d36-47f6582fc85b" executionId="7b06511c-1169-4a87-9bcc-98705dc3e56b" testListId="8c84fa94-04c1-424b-9868-57a2d4851a1d" />
    <TestEntry testId="87ee572a-3fb7-61f9-9a71-a5478416b1cb" executionId="bfbfeab1-8535-488a-b7d6-07ef6f1cec8b" testListId="8c84fa94-04c1-424b-9868-57a2d4851a1d" />
    <TestEntry testId="03cd2073-4a98-f8bb-5f82-89795aa53b87" executionId="43fc6a35-4dbc-461c-9891-00b01460b313" testListId="8c84fa94-04c1-424b-9868-57a2d4851a1d" />
    <TestEntry testId="eece187a-b459-b17e-8010-a36caf570b73" executionId="c3587e8a-5bb6-411f-a01d-b7695fcdbad8" testListId="8c84fa94-04c1-424b-9868-57a2d4851a1d" />
    <TestEntry testId="82044747-987c-4a7d-6bfb-d020f0bb2328" executionId="fcf8434d-ced6-4977-9123-b2029e97033c" testListId="8c84fa94-04c1-424b-9868-57a2d4851a1d" />
    <TestEntry testId="1161c94f-2915-af95-f06f-6c07e791a216" executionId="d32caffd-2a72-4a9c-9395-a0f87e4c894f" testListId="8c84fa94-04c1-424b-9868-57a2d4851a1d" />
    <TestEntry testId="31e744c4-e268-72fe-fbfb-1d43b38c4007" executionId="e647fb25-9f56-484e-8e66-775b0a34c2f1" testListId="8c84fa94-04c1-424b-9868-57a2d4851a1d" />
    <TestEntry testId="0882a824-08da-116d-4371-7805e0124f36" executionId="94459fe1-f4d0-44d9-b77e-6728f71e1319" testListId="8c84fa94-04c1-424b-9868-57a2d4851a1d" />
    <TestEntry testId="0bc691e5-7966-5460-57cf-af8cb28a6e5a" executionId="3fae6685-6060-49f7-9bcb-51c54d92a426" testListId="8c84fa94-04c1-424b-9868-57a2d4851a1d" />
    <TestEntry testId="c2187a83-418d-d9b7-a498-41e16673afe4" executionId="2cf71bcf-2d48-415e-9118-7b195a7f33d6" testListId="8c84fa94-04c1-424b-9868-57a2d4851a1d" />
    <TestEntry testId="3dc0f56f-0256-9c19-0ac0-9ad904923a70" executionId="a114ae06-52d0-4636-8611-6a1bfd80a31f" testListId="8c84fa94-04c1-424b-9868-57a2d4851a1d" />
    <TestEntry testId="f386d4ff-abf1-0656-7393-7df26e1b040a" executionId="000f1111-5c3e-476d-a200-972c1bd5cdd9" testListId="8c84fa94-04c1-424b-9868-57a2d4851a1d" />
    <TestEntry testId="6add8f69-433f-0fad-35cd-03e3c2e65f22" executionId="8f5c471d-9b4b-48d8-8f24-ee3053b6f6e0" testListId="8c84fa94-04c1-424b-9868-57a2d4851a1d" />
    <TestEntry testId="806c7860-c97c-da42-b193-3727b178609d" executionId="66c13014-7fee-47d4-8a1a-de9e2d983fc3" testListId="8c84fa94-04c1-424b-9868-57a2d4851a1d" />
    <TestEntry testId="3b1565f1-fbae-2b1d-fbb8-5c1d0f9e1357" executionId="d10d7769-5692-4ea9-944a-0bf79a55a6a5" testListId="8c84fa94-04c1-424b-9868-57a2d4851a1d" />
    <TestEntry testId="fa7761b3-1e42-f889-1689-f7b5d99e1409" executionId="39cd7178-4a96-47af-b17c-81d2c825b9e1" testListId="8c84fa94-04c1-424b-9868-57a2d4851a1d" />
    <TestEntry testId="ea070936-f90f-0fbd-6443-824afd77a3b9" executionId="2e6ebf6a-7b4c-4540-b859-adea44c1613f" testListId="8c84fa94-04c1-424b-9868-57a2d4851a1d" />
    <TestEntry testId="8849a4f1-5e15-89ba-274f-426e4d502710" executionId="07b8ae17-fb2d-40af-b0d9-7dfb0a3eefd1" testListId="8c84fa94-04c1-424b-9868-57a2d4851a1d" />
    <TestEntry testId="aba13b78-a8a2-4995-5d10-1e23a6be94ec" executionId="41813e18-e0c1-463f-984a-3a4b6899c45b" testListId="8c84fa94-04c1-424b-9868-57a2d4851a1d" />
    <TestEntry testId="edf7ceb1-5cbb-3a00-2725-fac0d5ade747" executionId="e13817fe-72a5-45f2-b0ea-ad3c83c774bc" testListId="8c84fa94-04c1-424b-9868-57a2d4851a1d" />
    <TestEntry testId="4d3572bc-b561-c478-d505-e934206b33b7" executionId="230b5e49-742e-478c-9039-e68fb129c1b6" testListId="8c84fa94-04c1-424b-9868-57a2d4851a1d" />
    <TestEntry testId="91d67c5d-d0b7-0b92-7d08-fd1e3709b5cd" executionId="ec435f44-eb33-4e61-8d3a-6013936c4af1" testListId="8c84fa94-04c1-424b-9868-57a2d4851a1d" />
    <TestEntry testId="3512309e-e77b-35c0-0e05-8675f5591965" executionId="08af5dfa-c4c0-4190-ad24-ab9b6e59dbab" testListId="8c84fa94-04c1-424b-9868-57a2d4851a1d" />
    <TestEntry testId="718d90c8-c8f7-4477-cda5-b881f7101746" executionId="e59a108d-c2aa-485e-ae30-175de2738ff7" testListId="8c84fa94-04c1-424b-9868-57a2d4851a1d" />
    <TestEntry testId="757b7cdb-a265-f582-ecde-3584620cb57c" executionId="842ec3e1-e079-4bfb-8db5-6c96830b0f93" testListId="8c84fa94-04c1-424b-9868-57a2d4851a1d" />
    <TestEntry testId="99ed0332-e1c6-e569-fcdf-2da1c8fccc8e" executionId="67328121-4d03-4b2c-b9cd-c6e69cf236ec" testListId="8c84fa94-04c1-424b-9868-57a2d4851a1d" />
    <TestEntry testId="acea1b42-04c0-935d-6108-ab09e0dde765" executionId="630464b7-df90-423d-aa73-d71bd964ea81" testListId="8c84fa94-04c1-424b-9868-57a2d4851a1d" />
    <TestEntry testId="a5079d14-d28b-6967-2fda-7b6efd3e7159" executionId="13776cb1-1a31-448a-899f-17a19d684fd6" testListId="8c84fa94-04c1-424b-9868-57a2d4851a1d" />
    <TestEntry testId="1e689b1f-0c02-0fe6-bf55-60c08e66616f" executionId="3c007fe9-1740-412f-a21c-9d0a2bc4a95f" testListId="8c84fa94-04c1-424b-9868-57a2d4851a1d" />
    <TestEntry testId="c0928f4c-2ff3-0808-e267-f51057a05c1b" executionId="72275393-f773-4901-920e-04053ae0554e" testListId="8c84fa94-04c1-424b-9868-57a2d4851a1d" />
    <TestEntry testId="4edde2b3-ba03-9767-e77a-5086ed0dfbf4" executionId="8e5900dc-b019-4c0b-bc27-a0fa694bd800" testListId="8c84fa94-04c1-424b-9868-57a2d4851a1d" />
    <TestEntry testId="595157f1-1e47-a086-0c1e-c4ed0d783dbd" executionId="a0df69cb-1f40-4359-9565-a505d8833831" testListId="8c84fa94-04c1-424b-9868-57a2d4851a1d" />
    <TestEntry testId="cfb6018e-0b69-7d6c-21e6-18fe5873df65" executionId="9acb4423-65d7-4af2-85e2-ada27a774aef" testListId="8c84fa94-04c1-424b-9868-57a2d4851a1d" />
    <TestEntry testId="fbd49761-854b-6225-ce31-5f5b1757892d" executionId="a95e6cbe-ab95-4e3d-846f-41dbed02aebb" testListId="8c84fa94-04c1-424b-9868-57a2d4851a1d" />
    <TestEntry testId="b13bbb35-47e6-5e37-dc52-aae0ddf23cef" executionId="ff603b93-378f-4bbe-bf47-f4fcd2fe8a62" testListId="8c84fa94-04c1-424b-9868-57a2d4851a1d" />
    <TestEntry testId="a9b352e6-4429-2807-62c6-f323365866d8" executionId="d09291d5-98a6-495b-af2b-6faf9248b8e4" testListId="8c84fa94-04c1-424b-9868-57a2d4851a1d" />
    <TestEntry testId="1535dc98-f533-1bb6-5f4b-79e8b849daa8" executionId="3e7a34c9-e3b0-4fb9-8ab5-8fff45a3329f" testListId="8c84fa94-04c1-424b-9868-57a2d4851a1d" />
    <TestEntry testId="47569ff4-ea90-67c0-4265-bf245bc02d74" executionId="32b059b1-7a6b-4d69-9ca1-8a587c74819d" testListId="8c84fa94-04c1-424b-9868-57a2d4851a1d" />
    <TestEntry testId="2c71f6bc-2556-862c-b252-faeef441c7de" executionId="0960151d-9119-4d71-9d48-b30107fbd8e6" testListId="8c84fa94-04c1-424b-9868-57a2d4851a1d" />
    <TestEntry testId="1e9a1e9c-d5b3-5e75-0886-7ca26db9afbf" executionId="1f66cb06-de75-4e55-9b4d-6a5cfefb83bf" testListId="8c84fa94-04c1-424b-9868-57a2d4851a1d" />
    <TestEntry testId="b0c7aa94-fc19-7fc1-c06d-951657225005" executionId="aac547e3-2118-4842-8460-234e66f939ff" testListId="8c84fa94-04c1-424b-9868-57a2d4851a1d" />
    <TestEntry testId="81166c0a-01ab-4f6d-12d3-3a3879b0ed9b" executionId="d4c73a28-6f59-4363-97ec-629c5026b00f" testListId="8c84fa94-04c1-424b-9868-57a2d4851a1d" />
    <TestEntry testId="e4ea3aed-5ffc-0529-2461-4da0ac7b8a09" executionId="a7a4a545-242c-428f-913b-12d8bcd19fff" testListId="8c84fa94-04c1-424b-9868-57a2d4851a1d" />
    <TestEntry testId="e13c1acd-345f-b7d6-bc44-8ede2589d8ee" executionId="a06323b5-8902-4a18-b4ba-1307c919944a" testListId="8c84fa94-04c1-424b-9868-57a2d4851a1d" />
    <TestEntry testId="bd904d25-7ae2-e4be-5bd6-0beca44a233e" executionId="9589a343-63dd-439c-a189-0cdcbba398e5" testListId="8c84fa94-04c1-424b-9868-57a2d4851a1d" />
    <TestEntry testId="b42e2422-330b-b2f3-03f5-c5f63ef5667d" executionId="2ae0cd0e-9951-49ab-90d3-8ea6b8610416" testListId="8c84fa94-04c1-424b-9868-57a2d4851a1d" />
    <TestEntry testId="81a6511e-323e-e95c-3f16-783a4a06f113" executionId="07c4b57f-1641-49ae-b907-57bace3d9e83" testListId="8c84fa94-04c1-424b-9868-57a2d4851a1d" />
    <TestEntry testId="75f8dc06-5a81-9135-aa66-1914b5c0a228" executionId="f645805d-4ce5-45c5-be82-58c3377caf60" testListId="8c84fa94-04c1-424b-9868-57a2d4851a1d" />
    <TestEntry testId="d638281c-be2d-f6e4-9e22-6e7476d50a09" executionId="c6694b7e-378d-40ee-82de-2923c20c11df" testListId="8c84fa94-04c1-424b-9868-57a2d4851a1d" />
    <TestEntry testId="7d0cdb12-e08a-0530-9862-1fb0982e3932" executionId="99e8e7c3-e76b-4e8e-92ab-02f67990ecb5" testListId="8c84fa94-04c1-424b-9868-57a2d4851a1d" />
    <TestEntry testId="754760ac-3f2c-32de-d5bc-8f345c27bd93" executionId="1fb8fdce-2fce-4a44-8572-58172afd1241" testListId="8c84fa94-04c1-424b-9868-57a2d4851a1d" />
    <TestEntry testId="d209b2ab-fc27-cd3e-7393-ad813fce8a8e" executionId="a428f9d6-dbde-4dd7-bfe8-9108ab4fd1f2" testListId="8c84fa94-04c1-424b-9868-57a2d4851a1d" />
    <TestEntry testId="413803ad-b347-240e-3f68-0267edae33bd" executionId="295ccf35-8341-4df1-87c8-aeedebff2397" testListId="8c84fa94-04c1-424b-9868-57a2d4851a1d" />
    <TestEntry testId="0d1c814f-d2f6-23da-e12d-6bb62d0efefe" executionId="27abd86e-fb6f-4b5a-bdb1-ebabb8a101f5" testListId="8c84fa94-04c1-424b-9868-57a2d4851a1d" />
    <TestEntry testId="6419cba1-c3dc-dde7-ea18-d2af547df568" executionId="dfb60cda-c955-4b1d-a998-8bb870d17d4a" testListId="8c84fa94-04c1-424b-9868-57a2d4851a1d" />
    <TestEntry testId="baa03503-b725-cb9b-e285-fa22430fad62" executionId="59750506-2054-4f16-b0f1-ae0ba027bb1f" testListId="8c84fa94-04c1-424b-9868-57a2d4851a1d" />
    <TestEntry testId="a37a7a78-2b80-2eba-d4d5-b9137e76c2ca" executionId="b21cce34-1444-4f57-a5ec-d09314a4ca13" testListId="8c84fa94-04c1-424b-9868-57a2d4851a1d" />
    <TestEntry testId="33ad6ae0-7816-7c14-1828-91a6ed68f623" executionId="3afb6445-92fa-487f-b556-30acb40cd857" testListId="8c84fa94-04c1-424b-9868-57a2d4851a1d" />
    <TestEntry testId="c7c90ebf-0b9e-e5df-54b3-3694fc0658bd" executionId="6e1d548b-d65c-44cb-8656-2e4f8cbcfe8e" testListId="8c84fa94-04c1-424b-9868-57a2d4851a1d" />
    <TestEntry testId="de34a7d4-c59a-dd0c-521a-27bd5a2a4b42" executionId="60f28047-4488-485d-a1e6-60337afd72d5" testListId="8c84fa94-04c1-424b-9868-57a2d4851a1d" />
    <TestEntry testId="013a59a1-ef7c-a193-5724-23d583089a37" executionId="fc0abdb4-7670-4f78-8b8f-977482655eb1" testListId="8c84fa94-04c1-424b-9868-57a2d4851a1d" />
    <TestEntry testId="a0e1045e-251c-1356-8891-6b6d050e5a55" executionId="51eb16ca-ce7d-4f42-b473-c33971de0a25" testListId="8c84fa94-04c1-424b-9868-57a2d4851a1d" />
    <TestEntry testId="96c18845-418f-4733-8271-4cba04df028c" executionId="e2e7462b-ce34-4eaa-9709-423d448a193b" testListId="8c84fa94-04c1-424b-9868-57a2d4851a1d" />
    <TestEntry testId="e1a77ec6-681a-7990-97d2-43f36ae5d26b" executionId="b431a221-3a22-4ab4-978d-11abd99dfcfd" testListId="8c84fa94-04c1-424b-9868-57a2d4851a1d" />
    <TestEntry testId="a12a1ffb-c7b2-372b-871b-7379b944b627" executionId="6901a012-64ca-482e-9e2a-3f34d2e375a1" testListId="8c84fa94-04c1-424b-9868-57a2d4851a1d" />
    <TestEntry testId="4f6aa766-579e-2c61-15cd-eeae5f3232b2" executionId="2a8f9504-d140-4cff-88d9-2023d4c00e33" testListId="8c84fa94-04c1-424b-9868-57a2d4851a1d" />
    <TestEntry testId="c689ad16-0cb6-b4d8-3c0a-ccc95250f188" executionId="64896393-fb5d-4c2b-a6b9-cb4c885af648" testListId="8c84fa94-04c1-424b-9868-57a2d4851a1d" />
    <TestEntry testId="19ef874f-984b-cbe7-c148-d3c9129b893e" executionId="c4c532e8-afe7-4540-9afa-d3ac6102b0e4" testListId="8c84fa94-04c1-424b-9868-57a2d4851a1d" />
    <TestEntry testId="2a6de1a9-5d9f-ddd5-4425-0eb2ab0ed914" executionId="3b68e0f9-1952-40ef-9a71-f3b78eb51635" testListId="8c84fa94-04c1-424b-9868-57a2d4851a1d" />
    <TestEntry testId="30ccb71e-b48f-3ec6-8bd3-14d0ca109292" executionId="422d79fd-2e62-4444-ab2c-21b7612810de" testListId="8c84fa94-04c1-424b-9868-57a2d4851a1d" />
    <TestEntry testId="04d603fb-aa62-7301-62d6-6096c6bcd5e2" executionId="5d696fcd-0fce-452c-a91e-f50b24a818f0" testListId="8c84fa94-04c1-424b-9868-57a2d4851a1d" />
    <TestEntry testId="515069a0-9be5-f95a-96d5-4b2442ea1879" executionId="f6c8f4ab-073b-4212-ab57-bea550f17bd8" testListId="8c84fa94-04c1-424b-9868-57a2d4851a1d" />
    <TestEntry testId="71f523b3-d715-2782-6da8-e87a1ffeee9e" executionId="9faecb1e-ba2c-4422-9fd6-22b9bd01d382" testListId="8c84fa94-04c1-424b-9868-57a2d4851a1d" />
    <TestEntry testId="331f0a0c-e2f0-bccb-d8a1-add91aba0912" executionId="6076986c-b2bf-4758-a0ac-498b36e0c15a" testListId="8c84fa94-04c1-424b-9868-57a2d4851a1d" />
    <TestEntry testId="8b4948dd-ec2f-145b-f937-9656239e7926" executionId="48d2b674-595c-4b5a-b780-778baa3e7152" testListId="8c84fa94-04c1-424b-9868-57a2d4851a1d" />
    <TestEntry testId="0a67e2aa-73d6-4286-8239-36868e5e318a" executionId="b36c7586-2a12-4d5c-9934-ccccd56c438c" testListId="8c84fa94-04c1-424b-9868-57a2d4851a1d" />
    <TestEntry testId="1253c147-bc3e-f5d6-e400-7dfe48e63f8d" executionId="771e18b1-4574-4dbf-b5ca-cff0d7402801" testListId="8c84fa94-04c1-424b-9868-57a2d4851a1d" />
    <TestEntry testId="f47f2808-3fdf-063f-2de9-cf6decec96a5" executionId="6f98b81a-f24d-4082-beff-16510fdc0d6d" testListId="8c84fa94-04c1-424b-9868-57a2d4851a1d" />
    <TestEntry testId="31744134-39c9-e341-d720-87d22c9c5b9d" executionId="aaf938f6-c502-43ce-8006-b74543c69e6b" testListId="8c84fa94-04c1-424b-9868-57a2d4851a1d" />
    <TestEntry testId="7217d61d-3551-dabf-5b4f-5e881b1a6c30" executionId="06a09346-06e2-49c2-94bd-763bea05cdb6" testListId="8c84fa94-04c1-424b-9868-57a2d4851a1d" />
    <TestEntry testId="54034783-af23-6486-485e-4a49a85a67e0" executionId="46fe21ac-978d-47ee-a012-e961953d2414" testListId="8c84fa94-04c1-424b-9868-57a2d4851a1d" />
    <TestEntry testId="52b9e634-bf9a-5c52-0adb-c1175e662580" executionId="2738f54b-5563-40c6-9200-8e0dbc5a1458" testListId="8c84fa94-04c1-424b-9868-57a2d4851a1d" />
    <TestEntry testId="5f825ab4-c795-a0d1-f3ca-31952f423236" executionId="c54cbff4-83ec-454e-9638-4b417e398a47" testListId="8c84fa94-04c1-424b-9868-57a2d4851a1d" />
    <TestEntry testId="e052ecb6-4330-9133-f1e2-01ff5ebbd566" executionId="51ce9f30-c2b5-42f1-9558-9a07073896fe" testListId="8c84fa94-04c1-424b-9868-57a2d4851a1d" />
    <TestEntry testId="3dc0701c-6c5c-ae7b-e916-6ae1a05a126a" executionId="c50bdc23-1602-4460-b608-7d18b4b67c25" testListId="8c84fa94-04c1-424b-9868-57a2d4851a1d" />
    <TestEntry testId="2c4654b0-a866-e94a-d0b1-fdb5996db47d" executionId="664103f8-1561-4306-b372-8261795245a9" testListId="8c84fa94-04c1-424b-9868-57a2d4851a1d" />
    <TestEntry testId="46c4cb26-9fd0-94cc-9504-0ae610bf4391" executionId="6b3a85ae-110d-42b6-8945-3969139dc785" testListId="8c84fa94-04c1-424b-9868-57a2d4851a1d" />
    <TestEntry testId="070e9028-78fa-59ee-ee30-f21eaeb0bed3" executionId="52b8bc52-a96a-4817-b605-4febd8814911" testListId="8c84fa94-04c1-424b-9868-57a2d4851a1d" />
    <TestEntry testId="d65c4211-4096-95a8-c1d4-b7b56496d49b" executionId="beaff805-e965-4cb6-9fda-ae66f08ef17b" testListId="8c84fa94-04c1-424b-9868-57a2d4851a1d" />
    <TestEntry testId="60fdfa87-5a13-2318-24e8-5803a73ec817" executionId="884dee82-80c9-4d50-90c4-b0d7b995f4ee" testListId="8c84fa94-04c1-424b-9868-57a2d4851a1d" />
    <TestEntry testId="b6609f14-9099-b8df-3355-bd09828d6075" executionId="afa9ae4b-175c-4d89-90e6-a895714904c9" testListId="8c84fa94-04c1-424b-9868-57a2d4851a1d" />
    <TestEntry testId="003d34e4-0116-ffc4-a84f-1cebd8b3182b" executionId="e652c95a-848b-4790-a63e-86ab8a83286f" testListId="8c84fa94-04c1-424b-9868-57a2d4851a1d" />
    <TestEntry testId="966c5ae3-a4b9-4dbf-4105-e9ce139ccddf" executionId="cbde350d-2834-4f72-9840-f2ca1b28dd17" testListId="8c84fa94-04c1-424b-9868-57a2d4851a1d" />
    <TestEntry testId="6746ca79-b953-4187-6442-497e1c7d35fc" executionId="3a529688-51b1-4ea9-b7e9-3fbb7dac99e0" testListId="8c84fa94-04c1-424b-9868-57a2d4851a1d" />
    <TestEntry testId="cfeb0cb6-9a38-f62d-f455-7bd730517bd7" executionId="4a290505-0744-42fd-b406-b13dbbc9a121" testListId="8c84fa94-04c1-424b-9868-57a2d4851a1d" />
    <TestEntry testId="860d1a3c-5493-0c60-ee75-461a1ec6d1e3" executionId="981b58d7-8fee-45ae-b172-e6dbf5dd3e69" testListId="8c84fa94-04c1-424b-9868-57a2d4851a1d" />
    <TestEntry testId="1f3e49b4-fc05-08b5-8d90-5104221e86c3" executionId="3787b1cc-a6d6-451a-ac7d-bfb2282af440" testListId="8c84fa94-04c1-424b-9868-57a2d4851a1d" />
    <TestEntry testId="ebb0143e-448e-a266-2c03-a88d67fb19fa" executionId="6f937ead-fd7d-42cc-9b02-6885f2ddedab" testListId="8c84fa94-04c1-424b-9868-57a2d4851a1d" />
    <TestEntry testId="edf06edc-1fa7-b0b4-d0a3-402bfdd97b3c" executionId="d35869cb-aed5-4e9f-a671-f61bda75ecfe" testListId="8c84fa94-04c1-424b-9868-57a2d4851a1d" />
  </TestEntries>
  <TestLists>
    <TestList name="Results Not in a List" id="8c84fa94-04c1-424b-9868-57a2d4851a1d" />
    <TestList name="All Loaded Results" id="19431567-8539-422a-85d7-44ee4e166bda" />
  </TestLists>
  <ResultSummary outcome="Completed">
    <Counters total="109" executed="109" passed="109" failed="0" error="0" timeout="0" aborted="0" inconclusive="0" passedButRunAborted="0" notRunnable="0" notExecuted="0" disconnected="0" warning="0" completed="0" inProgress="0" pending="0" />
    <Output>
      <StdOut>[xUnit.net 00:00:00.00] xUnit.net VSTest Adapter v2.8.0+6438bb880a (64-bit .NET 8.0.6)
[xUnit.net 00:00:00.12]   Discovering: Frever.Auth.Core.Test
[xUnit.net 00:00:00.23]   Discovered:  Frever.Auth.Core.Test
[xUnit.net 00:00:00.24]   Starting:    Frever.Auth.Core.Test
[xUnit.net 00:00:01.23]   Finished:    Frever.Auth.Core.Test
</StdOut>
    </Output>
  </ResultSummary>
</TestRun>