<?xml version="1.0" encoding="utf-8"?>
<TestRun id="9d9e20a1-178b-44bc-91cd-fd2780cce168" name="@5955a5bf5f87 2024-07-02 13:00:16" xmlns="http://microsoft.com/schemas/VisualStudio/TeamTest/2010">
  <Times creation="2024-07-02T13:00:16.2772146+00:00" queuing="2024-07-02T13:00:16.2772147+00:00" start="2024-07-02T13:00:08.0825765+00:00" finish="2024-07-02T13:00:29.6549652+00:00" />
  <TestSettings name="default" id="bc7265ea-d789-426a-8adf-7f88e2a83f82">
    <Deployment runDeploymentRoot="_5955a5bf5f87_2024-07-02_13_00_16" />
  </TestSettings>
  <Results>
    <UnitTestResult executionId="c759e21e-3d66-47a9-90be-c4c79c4b0027" testId="ee5b821c-1d04-7e60-b66c-878cb7e640fc" testName="Frever.Client.Core.IntegrationTest.Features.Assets.SetLocations.SetLocationServiceIntegrationTest.SetLocation_Recommended_ShouldBeRandomizedIfHavingSameSortOrder" computerName="5955a5bf5f87" duration="00:00:03.3254342" startTime="2024-07-02T13:00:29.6067319+00:00" endTime="2024-07-02T13:00:29.6067322+00:00" testType="13cdc9d9-ddb5-4fa4-a97d-d965ccfc6d4b" outcome="Passed" testListId="8c84fa94-04c1-424b-9868-57a2d4851a1d" relativeResultsDirectory="c759e21e-3d66-47a9-90be-c4c79c4b0027">
      <Output>
        <StdOut>Debug [10403]: Entity Framework Core 8.0.4 initialized 'TestReadWriteDbContext' using provider 'Npgsql.EntityFrameworkCore.PostgreSQL:8.0.2+5a671b9769f2d00a75b0ba42ce30c444a12407e3' with options: SensitiveDataLoggingEnabled CommandTimeout=60 MigrationsHistoryTable=public.__EFMigrationsHistory using NetTopologySuite 
Debug [20005]: Creating DbConnection.
Debug [20006]: Created DbConnection. (0ms).
Debug [20000]: Opening connection to database 'frevertest' on server 'tcp://postgres-frever-it:5432'.
Debug [20001]: Opened connection to database 'frevertest' on server 'tcp://postgres-frever-it:5432'.
Debug [20209]: Beginning transaction with isolation level 'Unspecified'.
Debug [20200]: Began transaction with isolation level 'ReadCommitted'.
Debug [10111]: Compiling query expression: 
'DbSet&lt;User&gt;().FromSql(
with g as (
    insert into "Group" ("NickName",
                         "TaxationCountryId",
                         "DefaultLanguageId",
                         "BirthDate",
                         "Gender"
        )
        values ('test-user-06cf12969f484aeaa20c259e93601af7',
                (select "Id" from "Country" where "ISOName" = 'swe'),
                (select "Id" from "Language" where "IsoCode" = 'swe'),
                '1990-10-21T00:00:00.0000000',
                1)
        returning *),
     u as (
         insert
             into "User" ("IdentityServerId", "Email", "DataCollection", "MainGroupId", "AnalyticsEnabled",
                          "PhoneNumber",
                          "CreatorPermissionLevel", "MainCharacterId")
                 select uuid_generate_v4(),
                        'test-user-06cf12969f484aeaa20c259e93601af7@frever-test.com',
                        true,
                        g."Id",
                        true,
                        null,
                        array []::bigint[],
                        null
                 from g
                 returning *),
     activity as (
         insert into "UserActivity" ("GroupId", "OccurredAt", "ActionType")
             select g."Id", null, 'Login'
             from g
             where null is not null)
select *
from u;, __p_0)
'
Debug [10107]: Generated query execution expression: 
'queryContext =&gt; new FromSqlQueryingEnumerable&lt;User&gt;(
    (RelationalQueryContext)queryContext, 
    RelationalCommandCache.QueryExpression(
        Projection Mapping:
            EmptyProjectionMember -&gt; Dictionary&lt;IProperty, int&gt; { [Property: User.Id (long) Required PK AfterSave:Throw ValueGenerated.OnAdd, 0], [Property: User.AnalyticsEnabled (bool) Required, 1], [Property: User.AppleId (string), 2], [Property: User.CreatedTime (DateTime) Required ValueGenerated.OnAdd, 3], [Property: User.CreatorPermissionLevel (long[]) Element type: long Required, 4], [Property: User.DataCollection (bool?), 5], [Property: User.Email (string) Index, 6], [Property: User.GoogleId (string), 7], [Property: User.IdentityServerId (Guid) Required Index, 8], [Property: User.IsFeatured (bool) Required, 9], [Property: User.MainCharacterId (long?) FK Index, 10], [Property: User.MainGroupId (long) Required FK Index, 11], [Property: User.ModifiedTime (DateTime) Required, 12], [Property: User.PhoneNumber (string) Index, 13] }
        SELECT f.Id, f.AnalyticsEnabled, f.AppleId, f.CreatedTime, f.CreatorPermissionLevel, f.DataCollection, f.Email, f.GoogleId, f.IdentityServerId, f.IsFeatured, f.MainCharacterId, f.MainGroupId, f.ModifiedTime, f.PhoneNumber
        FROM 
with g as (
    insert into "Group" ("NickName",
                         "TaxationCountryId",
                         "DefaultLanguageId",
                         "BirthDate",
                         "Gender"
        )
        values ('test-user-06cf12969f484aeaa20c259e93601af7',
                (select "Id" from "Country" where "ISOName" = 'swe'),
                (select "Id" from "Language" where "IsoCode" = 'swe'),
                '1990-10-21T00:00:00.0000000',
                1)
        returning *),
     u as (
         insert
             into "User" ("IdentityServerId", "Email", "DataCollection", "MainGroupId", "AnalyticsEnabled",
                          "PhoneNumber",
                          "CreatorPermissionLevel", "MainCharacterId")
                 select uuid_generate_v4(),
                        'test-user-06cf12969f484aeaa20c259e93601af7@frever-test.com',
                        true,
                        g."Id",
                        true,
                        null,
                        array []::bigint[],
                        null
                 from g
                 returning *),
     activity as (
         insert into "UserActivity" ("GroupId", "OccurredAt", "ActionType")
             select g."Id", null, 'Login'
             from g
             where null is not null)
select *
from u;), 
    null, 
    List&lt;string&gt; { "Id", "AnalyticsEnabled", "AppleId", "CreatedTime", "CreatorPermissionLevel", "DataCollection", "Email", "GoogleId", "IdentityServerId", "IsFeatured", "MainCharacterId", "MainGroupId", "ModifiedTime", "PhoneNumber" }, 
    Func&lt;QueryContext, DbDataReader, int[], User&gt;, 
    Frever.Common.IntegrationTesting.TestReadWriteDbContext, 
    False, 
    False, 
    True
)'
Debug [20103]: Creating DbCommand for 'ExecuteReader'.
Debug [20104]: Created DbCommand for 'ExecuteReader' (0ms).
Debug [20106]: Initialized DbCommand for 'ExecuteReader' (0ms).
Debug [20100]: Executing DbCommand [Parameters=[], CommandType='Text', CommandTimeout='60']

with g as (
    insert into "Group" ("NickName",
                         "TaxationCountryId",
                         "DefaultLanguageId",
                         "BirthDate",
                         "Gender"
        )
        values ('test-user-06cf12969f484aeaa20c259e93601af7',
                (select "Id" from "Country" where "ISOName" = 'swe'),
                (select "Id" from "Language" where "IsoCode" = 'swe'),
                '1990-10-21T00:00:00.0000000',
                1)
        returning *),
     u as (
         insert
             into "User" ("IdentityServerId", "Email", "DataCollection", "MainGroupId", "AnalyticsEnabled",
                          "PhoneNumber",
                          "CreatorPermissionLevel", "MainCharacterId")
                 select uuid_generate_v4(),
                        'test-user-06cf12969f484aeaa20c259e93601af7@frever-test.com',
                        true,
                        g."Id",
                        true,
                        null,
                        array []::bigint[],
                        null
                 from g
                 returning *),
     activity as (
         insert into "UserActivity" ("GroupId", "OccurredAt", "ActionType")
             select g."Id", null, 'Login'
             from g
             where null is not null)
select *
from u;
Information [20101]: Executed DbCommand (2ms) [Parameters=[], CommandType='Text', CommandTimeout='60']

with g as (
    insert into "Group" ("NickName",
                         "TaxationCountryId",
                         "DefaultLanguageId",
                         "BirthDate",
                         "Gender"
        )
        values ('test-user-06cf12969f484aeaa20c259e93601af7',
                (select "Id" from "Country" where "ISOName" = 'swe'),
                (select "Id" from "Language" where "IsoCode" = 'swe'),
                '1990-10-21T00:00:00.0000000',
                1)
        returning *),
     u as (
         insert
             into "User" ("IdentityServerId", "Email", "DataCollection", "MainGroupId", "AnalyticsEnabled",
                          "PhoneNumber",
                          "CreatorPermissionLevel", "MainCharacterId")
                 select uuid_generate_v4(),
                        'test-user-06cf12969f484aeaa20c259e93601af7@frever-test.com',
                        true,
                        g."Id",
                        true,
                        null,
                        array []::bigint[],
                        null
                 from g
                 returning *),
     activity as (
         insert into "UserActivity" ("GroupId", "OccurredAt", "ActionType")
             select g."Id", null, 'Login'
             from g
             where null is not null)
select *
from u;
Debug [10806]: Context 'TestReadWriteDbContext' started tracking 'User' entity with key '{Id: 189877}'.
Debug [20301]: Closing data reader to 'frevertest' on server 'tcp://postgres-frever-it:5432'.
Debug [20300]: A data reader for 'frevertest' on server 'tcp://postgres-frever-it:5432' is being disposed after spending 0ms reading results.
Debug [20103]: Creating DbCommand for 'ExecuteNonQuery'.
Debug [20104]: Created DbCommand for 'ExecuteNonQuery' (0ms).
Debug [20106]: Initialized DbCommand for 'ExecuteNonQuery' (0ms).
Debug [20100]: Executing DbCommand [Parameters=[], CommandType='Text', CommandTimeout='60']
delete from "GeoCluster"
Information [20101]: Executed DbCommand (719ms) [Parameters=[], CommandType='Text', CommandTimeout='60']
delete from "GeoCluster"
Debug [20103]: Creating DbCommand for 'ExecuteReader'.
Debug [20104]: Created DbCommand for 'ExecuteReader' (0ms).
Debug [20106]: Initialized DbCommand for 'ExecuteReader' (0ms).
Debug [20100]: Executing DbCommand [Parameters=[], CommandType='Text', CommandTimeout='60']
insert into "GeoCluster"("Priority", "Title", "IncludeVideoFromCountry",
                         "IncludeVideoWithLanguage", "ShowToUserFromCountry",
                         "ShowForUserWithLanguage")
values (3,
        'Swedish',
        ARRAY['swe']::text[],
        ARRAY['swe']::text[],
        ARRAY['swe']::text[],
        ARRAY['swe']::text[])
returning *;
Information [20101]: Executed DbCommand (1ms) [Parameters=[], CommandType='Text', CommandTimeout='60']
insert into "GeoCluster"("Priority", "Title", "IncludeVideoFromCountry",
                         "IncludeVideoWithLanguage", "ShowToUserFromCountry",
                         "ShowForUserWithLanguage")
values (3,
        'Swedish',
        ARRAY['swe']::text[],
        ARRAY['swe']::text[],
        ARRAY['swe']::text[],
        ARRAY['swe']::text[])
returning *;
Debug [10806]: Context 'TestReadWriteDbContext' started tracking 'GeoCluster' entity with key '{Id: 113}'.
Debug [20301]: Closing data reader to 'frevertest' on server 'tcp://postgres-frever-it:5432'.
Debug [20300]: A data reader for 'frevertest' on server 'tcp://postgres-frever-it:5432' is being disposed after spending 0ms reading results.
Debug [20103]: Creating DbCommand for 'ExecuteReader'.
Debug [20104]: Created DbCommand for 'ExecuteReader' (0ms).
Debug [20106]: Initialized DbCommand for 'ExecuteReader' (0ms).
Debug [20100]: Executing DbCommand [Parameters=[], CommandType='Text', CommandTimeout='60']
insert into "GeoCluster"("Priority", "Title", "IncludeVideoFromCountry",
                         "IncludeVideoWithLanguage", "ShowToUserFromCountry",
                         "ShowForUserWithLanguage")
values (2,
        'Americal',
        ARRAY['usa']::text[],
        ARRAY['eng']::text[],
        ARRAY['usa']::text[],
        ARRAY['eng']::text[])
returning *;
Information [20101]: Executed DbCommand (0ms) [Parameters=[], CommandType='Text', CommandTimeout='60']
insert into "GeoCluster"("Priority", "Title", "IncludeVideoFromCountry",
                         "IncludeVideoWithLanguage", "ShowToUserFromCountry",
                         "ShowForUserWithLanguage")
values (2,
        'Americal',
        ARRAY['usa']::text[],
        ARRAY['eng']::text[],
        ARRAY['usa']::text[],
        ARRAY['eng']::text[])
returning *;
Debug [10806]: Context 'TestReadWriteDbContext' started tracking 'GeoCluster' entity with key '{Id: 114}'.
Debug [20301]: Closing data reader to 'frevertest' on server 'tcp://postgres-frever-it:5432'.
Debug [20300]: A data reader for 'frevertest' on server 'tcp://postgres-frever-it:5432' is being disposed after spending 0ms reading results.
Debug [20103]: Creating DbCommand for 'ExecuteReader'.
Debug [20104]: Created DbCommand for 'ExecuteReader' (0ms).
Debug [20106]: Initialized DbCommand for 'ExecuteReader' (0ms).
Debug [20100]: Executing DbCommand [Parameters=[@__groupId_0='189934'], CommandType='Text', CommandTimeout='60']
SELECT g."IsBlocked", g."DeletedAt", g."IsTemporary"
FROM "Group" AS g
WHERE g."Id" = @__groupId_0
LIMIT 1
Information [20101]: Executed DbCommand (1ms) [Parameters=[@__groupId_0='189934'], CommandType='Text', CommandTimeout='60']
SELECT g."IsBlocked", g."DeletedAt", g."IsTemporary"
FROM "Group" AS g
WHERE g."Id" = @__groupId_0
LIMIT 1
Debug [20301]: Closing data reader to 'frevertest' on server 'tcp://postgres-frever-it:5432'.
Debug [20300]: A data reader for 'frevertest' on server 'tcp://postgres-frever-it:5432' is being disposed after spending 0ms reading results.
Debug [20103]: Creating DbCommand for 'ExecuteReader'.
Debug [20104]: Created DbCommand for 'ExecuteReader' (0ms).
Debug [20106]: Initialized DbCommand for 'ExecuteReader' (0ms).
Debug [20100]: Executing DbCommand [Parameters=[@__groupId_0='189934'], CommandType='Text', CommandTimeout='60']
SELECT r.id, r.created_at, r.name, r0.role_id, r0.access_scope, r0.created_at
FROM cms.role AS r
LEFT JOIN cms.role_access_scope AS r0 ON r.id = r0.role_id
WHERE EXISTS (
    SELECT 1
    FROM cms.user_role AS u
    WHERE u.group_id = @__groupId_0 AND u.role_id = r.id)
ORDER BY r.id, r0.role_id
Information [20101]: Executed DbCommand (1ms) [Parameters=[@__groupId_0='189934'], CommandType='Text', CommandTimeout='60']
SELECT r.id, r.created_at, r.name, r0.role_id, r0.access_scope, r0.created_at
FROM cms.role AS r
LEFT JOIN cms.role_access_scope AS r0 ON r.id = r0.role_id
WHERE EXISTS (
    SELECT 1
    FROM cms.user_role AS u
    WHERE u.group_id = @__groupId_0 AND u.role_id = r.id)
ORDER BY r.id, r0.role_id
Debug [20301]: Closing data reader to 'frevertest' on server 'tcp://postgres-frever-it:5432'.
Debug [20300]: A data reader for 'frevertest' on server 'tcp://postgres-frever-it:5432' is being disposed after spending 0ms reading results.
Debug [20103]: Creating DbCommand for 'ExecuteNonQuery'.
Debug [20104]: Created DbCommand for 'ExecuteNonQuery' (0ms).
Debug [20106]: Initialized DbCommand for 'ExecuteNonQuery' (0ms).
Debug [20100]: Executing DbCommand [Parameters=[], CommandType='Text', CommandTimeout='60']
update "SetLocation"
set "RecommendSortOrder" = 0
where "Id" = 823
Information [20101]: Executed DbCommand (1ms) [Parameters=[], CommandType='Text', CommandTimeout='60']
update "SetLocation"
set "RecommendSortOrder" = 0
where "Id" = 823
Debug [20103]: Creating DbCommand for 'ExecuteNonQuery'.
Debug [20104]: Created DbCommand for 'ExecuteNonQuery' (0ms).
Debug [20106]: Initialized DbCommand for 'ExecuteNonQuery' (0ms).
Debug [20100]: Executing DbCommand [Parameters=[], CommandType='Text', CommandTimeout='60']
update "SetLocation"
set "RecommendSortOrder" = 0
where "Id" = 1241
Information [20101]: Executed DbCommand (0ms) [Parameters=[], CommandType='Text', CommandTimeout='60']
update "SetLocation"
set "RecommendSortOrder" = 0
where "Id" = 1241
Debug [20103]: Creating DbCommand for 'ExecuteNonQuery'.
Debug [20104]: Created DbCommand for 'ExecuteNonQuery' (0ms).
Debug [20106]: Initialized DbCommand for 'ExecuteNonQuery' (0ms).
Debug [20100]: Executing DbCommand [Parameters=[], CommandType='Text', CommandTimeout='60']
update "SetLocation"
set "RecommendSortOrder" = 0
where "Id" = 959
Information [20101]: Executed DbCommand (0ms) [Parameters=[], CommandType='Text', CommandTimeout='60']
update "SetLocation"
set "RecommendSortOrder" = 0
where "Id" = 959
Debug [20103]: Creating DbCommand for 'ExecuteNonQuery'.
Debug [20104]: Created DbCommand for 'ExecuteNonQuery' (0ms).
Debug [20106]: Initialized DbCommand for 'ExecuteNonQuery' (0ms).
Debug [20100]: Executing DbCommand [Parameters=[], CommandType='Text', CommandTimeout='60']
update "SetLocation"
set "RecommendSortOrder" = 0
where "Id" = 637
Information [20101]: Executed DbCommand (0ms) [Parameters=[], CommandType='Text', CommandTimeout='60']
update "SetLocation"
set "RecommendSortOrder" = 0
where "Id" = 637
Debug [20103]: Creating DbCommand for 'ExecuteNonQuery'.
Debug [20104]: Created DbCommand for 'ExecuteNonQuery' (0ms).
Debug [20106]: Initialized DbCommand for 'ExecuteNonQuery' (0ms).
Debug [20100]: Executing DbCommand [Parameters=[], CommandType='Text', CommandTimeout='60']
update "SetLocation"
set "RecommendSortOrder" = 0
where "Id" = 804
Information [20101]: Executed DbCommand (0ms) [Parameters=[], CommandType='Text', CommandTimeout='60']
update "SetLocation"
set "RecommendSortOrder" = 0
where "Id" = 804
Debug [20103]: Creating DbCommand for 'ExecuteNonQuery'.
Debug [20104]: Created DbCommand for 'ExecuteNonQuery' (0ms).
Debug [20106]: Initialized DbCommand for 'ExecuteNonQuery' (0ms).
Debug [20100]: Executing DbCommand [Parameters=[], CommandType='Text', CommandTimeout='60']
update "SetLocation"
set "RecommendSortOrder" = 0
where "Id" = 540
Information [20101]: Executed DbCommand (0ms) [Parameters=[], CommandType='Text', CommandTimeout='60']
update "SetLocation"
set "RecommendSortOrder" = 0
where "Id" = 540
Debug [20103]: Creating DbCommand for 'ExecuteNonQuery'.
Debug [20104]: Created DbCommand for 'ExecuteNonQuery' (0ms).
Debug [20106]: Initialized DbCommand for 'ExecuteNonQuery' (0ms).
Debug [20100]: Executing DbCommand [Parameters=[], CommandType='Text', CommandTimeout='60']
update "SetLocation"
set "RecommendSortOrder" = 0
where "Id" = 399
Information [20101]: Executed DbCommand (0ms) [Parameters=[], CommandType='Text', CommandTimeout='60']
update "SetLocation"
set "RecommendSortOrder" = 0
where "Id" = 399
Debug [20103]: Creating DbCommand for 'ExecuteNonQuery'.
Debug [20104]: Created DbCommand for 'ExecuteNonQuery' (0ms).
Debug [20106]: Initialized DbCommand for 'ExecuteNonQuery' (0ms).
Debug [20100]: Executing DbCommand [Parameters=[], CommandType='Text', CommandTimeout='60']
update "SetLocation"
set "RecommendSortOrder" = 0
where "Id" = 1094
Information [20101]: Executed DbCommand (0ms) [Parameters=[], CommandType='Text', CommandTimeout='60']
update "SetLocation"
set "RecommendSortOrder" = 0
where "Id" = 1094
Debug [20103]: Creating DbCommand for 'ExecuteNonQuery'.
Debug [20104]: Created DbCommand for 'ExecuteNonQuery' (0ms).
Debug [20106]: Initialized DbCommand for 'ExecuteNonQuery' (0ms).
Debug [20100]: Executing DbCommand [Parameters=[], CommandType='Text', CommandTimeout='60']
update "SetLocation"
set "RecommendSortOrder" = 0
where "Id" = 778
Information [20101]: Executed DbCommand (0ms) [Parameters=[], CommandType='Text', CommandTimeout='60']
update "SetLocation"
set "RecommendSortOrder" = 0
where "Id" = 778
Debug [20103]: Creating DbCommand for 'ExecuteNonQuery'.
Debug [20104]: Created DbCommand for 'ExecuteNonQuery' (0ms).
Debug [20106]: Initialized DbCommand for 'ExecuteNonQuery' (0ms).
Debug [20100]: Executing DbCommand [Parameters=[], CommandType='Text', CommandTimeout='60']
update "SetLocation"
set "RecommendSortOrder" = 0
where "Id" = 208
Information [20101]: Executed DbCommand (0ms) [Parameters=[], CommandType='Text', CommandTimeout='60']
update "SetLocation"
set "RecommendSortOrder" = 0
where "Id" = 208
Debug [20103]: Creating DbCommand for 'ExecuteNonQuery'.
Debug [20104]: Created DbCommand for 'ExecuteNonQuery' (0ms).
Debug [20106]: Initialized DbCommand for 'ExecuteNonQuery' (0ms).
Debug [20100]: Executing DbCommand [Parameters=[], CommandType='Text', CommandTimeout='60']
update "SetLocation"
set "RecommendSortOrder" = 1
where "Id" = 849
Information [20101]: Executed DbCommand (0ms) [Parameters=[], CommandType='Text', CommandTimeout='60']
update "SetLocation"
set "RecommendSortOrder" = 1
where "Id" = 849
Debug [20103]: Creating DbCommand for 'ExecuteNonQuery'.
Debug [20104]: Created DbCommand for 'ExecuteNonQuery' (0ms).
Debug [20106]: Initialized DbCommand for 'ExecuteNonQuery' (0ms).
Debug [20100]: Executing DbCommand [Parameters=[], CommandType='Text', CommandTimeout='60']
update "SetLocation"
set "RecommendSortOrder" = 1
where "Id" = 1137
Information [20101]: Executed DbCommand (0ms) [Parameters=[], CommandType='Text', CommandTimeout='60']
update "SetLocation"
set "RecommendSortOrder" = 1
where "Id" = 1137
Debug [20103]: Creating DbCommand for 'ExecuteNonQuery'.
Debug [20104]: Created DbCommand for 'ExecuteNonQuery' (0ms).
Debug [20106]: Initialized DbCommand for 'ExecuteNonQuery' (0ms).
Debug [20100]: Executing DbCommand [Parameters=[], CommandType='Text', CommandTimeout='60']
update "SetLocation"
set "RecommendSortOrder" = 1
where "Id" = 898
Information [20101]: Executed DbCommand (0ms) [Parameters=[], CommandType='Text', CommandTimeout='60']
update "SetLocation"
set "RecommendSortOrder" = 1
where "Id" = 898
Debug [20103]: Creating DbCommand for 'ExecuteNonQuery'.
Debug [20104]: Created DbCommand for 'ExecuteNonQuery' (0ms).
Debug [20106]: Initialized DbCommand for 'ExecuteNonQuery' (0ms).
Debug [20100]: Executing DbCommand [Parameters=[], CommandType='Text', CommandTimeout='60']
update "SetLocation"
set "RecommendSortOrder" = 1
where "Id" = 639
Information [20101]: Executed DbCommand (0ms) [Parameters=[], CommandType='Text', CommandTimeout='60']
update "SetLocation"
set "RecommendSortOrder" = 1
where "Id" = 639
Debug [20103]: Creating DbCommand for 'ExecuteNonQuery'.
Debug [20104]: Created DbCommand for 'ExecuteNonQuery' (0ms).
Debug [20106]: Initialized DbCommand for 'ExecuteNonQuery' (0ms).
Debug [20100]: Executing DbCommand [Parameters=[], CommandType='Text', CommandTimeout='60']
update "SetLocation"
set "RecommendSortOrder" = 1
where "Id" = 918
Information [20101]: Executed DbCommand (0ms) [Parameters=[], CommandType='Text', CommandTimeout='60']
update "SetLocation"
set "RecommendSortOrder" = 1
where "Id" = 918
Debug [20103]: Creating DbCommand for 'ExecuteNonQuery'.
Debug [20104]: Created DbCommand for 'ExecuteNonQuery' (0ms).
Debug [20106]: Initialized DbCommand for 'ExecuteNonQuery' (0ms).
Debug [20100]: Executing DbCommand [Parameters=[], CommandType='Text', CommandTimeout='60']
update "SetLocation"
set "RecommendSortOrder" = 1
where "Id" = 983
Information [20101]: Executed DbCommand (0ms) [Parameters=[], CommandType='Text', CommandTimeout='60']
update "SetLocation"
set "RecommendSortOrder" = 1
where "Id" = 983
Debug [20103]: Creating DbCommand for 'ExecuteNonQuery'.
Debug [20104]: Created DbCommand for 'ExecuteNonQuery' (0ms).
Debug [20106]: Initialized DbCommand for 'ExecuteNonQuery' (0ms).
Debug [20100]: Executing DbCommand [Parameters=[], CommandType='Text', CommandTimeout='60']
update "SetLocation"
set "RecommendSortOrder" = 1
where "Id" = 993
Information [20101]: Executed DbCommand (0ms) [Parameters=[], CommandType='Text', CommandTimeout='60']
update "SetLocation"
set "RecommendSortOrder" = 1
where "Id" = 993
Debug [20103]: Creating DbCommand for 'ExecuteNonQuery'.
Debug [20104]: Created DbCommand for 'ExecuteNonQuery' (0ms).
Debug [20106]: Initialized DbCommand for 'ExecuteNonQuery' (0ms).
Debug [20100]: Executing DbCommand [Parameters=[], CommandType='Text', CommandTimeout='60']
update "SetLocation"
set "RecommendSortOrder" = 1
where "Id" = 982
Information [20101]: Executed DbCommand (0ms) [Parameters=[], CommandType='Text', CommandTimeout='60']
update "SetLocation"
set "RecommendSortOrder" = 1
where "Id" = 982
Debug [20103]: Creating DbCommand for 'ExecuteNonQuery'.
Debug [20104]: Created DbCommand for 'ExecuteNonQuery' (0ms).
Debug [20106]: Initialized DbCommand for 'ExecuteNonQuery' (0ms).
Debug [20100]: Executing DbCommand [Parameters=[], CommandType='Text', CommandTimeout='60']
update "SetLocation"
set "RecommendSortOrder" = 1
where "Id" = 489
Information [20101]: Executed DbCommand (0ms) [Parameters=[], CommandType='Text', CommandTimeout='60']
update "SetLocation"
set "RecommendSortOrder" = 1
where "Id" = 489
Debug [20103]: Creating DbCommand for 'ExecuteNonQuery'.
Debug [20104]: Created DbCommand for 'ExecuteNonQuery' (0ms).
Debug [20106]: Initialized DbCommand for 'ExecuteNonQuery' (0ms).
Debug [20100]: Executing DbCommand [Parameters=[], CommandType='Text', CommandTimeout='60']
update "SetLocation"
set "RecommendSortOrder" = 1
where "Id" = 923
Information [20101]: Executed DbCommand (0ms) [Parameters=[], CommandType='Text', CommandTimeout='60']
update "SetLocation"
set "RecommendSortOrder" = 1
where "Id" = 923
Debug [20103]: Creating DbCommand for 'ExecuteNonQuery'.
Debug [20104]: Created DbCommand for 'ExecuteNonQuery' (0ms).
Debug [20106]: Initialized DbCommand for 'ExecuteNonQuery' (0ms).
Debug [20100]: Executing DbCommand [Parameters=[], CommandType='Text', CommandTimeout='60']
update "SetLocation"
set "RecommendSortOrder" = 2
where "Id" = 1022
Information [20101]: Executed DbCommand (0ms) [Parameters=[], CommandType='Text', CommandTimeout='60']
update "SetLocation"
set "RecommendSortOrder" = 2
where "Id" = 1022
Debug [20103]: Creating DbCommand for 'ExecuteNonQuery'.
Debug [20104]: Created DbCommand for 'ExecuteNonQuery' (0ms).
Debug [20106]: Initialized DbCommand for 'ExecuteNonQuery' (0ms).
Debug [20100]: Executing DbCommand [Parameters=[], CommandType='Text', CommandTimeout='60']
update "SetLocation"
set "RecommendSortOrder" = 2
where "Id" = 980
Information [20101]: Executed DbCommand (0ms) [Parameters=[], CommandType='Text', CommandTimeout='60']
update "SetLocation"
set "RecommendSortOrder" = 2
where "Id" = 980
Debug [20103]: Creating DbCommand for 'ExecuteNonQuery'.
Debug [20104]: Created DbCommand for 'ExecuteNonQuery' (0ms).
Debug [20106]: Initialized DbCommand for 'ExecuteNonQuery' (0ms).
Debug [20100]: Executing DbCommand [Parameters=[], CommandType='Text', CommandTimeout='60']
update "SetLocation"
set "RecommendSortOrder" = 2
where "Id" = 745
Information [20101]: Executed DbCommand (0ms) [Parameters=[], CommandType='Text', CommandTimeout='60']
update "SetLocation"
set "RecommendSortOrder" = 2
where "Id" = 745
Debug [20103]: Creating DbCommand for 'ExecuteNonQuery'.
Debug [20104]: Created DbCommand for 'ExecuteNonQuery' (0ms).
Debug [20106]: Initialized DbCommand for 'ExecuteNonQuery' (0ms).
Debug [20100]: Executing DbCommand [Parameters=[], CommandType='Text', CommandTimeout='60']
update "SetLocation"
set "RecommendSortOrder" = 2
where "Id" = 1002
Information [20101]: Executed DbCommand (0ms) [Parameters=[], CommandType='Text', CommandTimeout='60']
update "SetLocation"
set "RecommendSortOrder" = 2
where "Id" = 1002
Debug [20103]: Creating DbCommand for 'ExecuteNonQuery'.
Debug [20104]: Created DbCommand for 'ExecuteNonQuery' (0ms).
Debug [20106]: Initialized DbCommand for 'ExecuteNonQuery' (0ms).
Debug [20100]: Executing DbCommand [Parameters=[], CommandType='Text', CommandTimeout='60']
update "SetLocation"
set "RecommendSortOrder" = 2
where "Id" = 443
Information [20101]: Executed DbCommand (0ms) [Parameters=[], CommandType='Text', CommandTimeout='60']
update "SetLocation"
set "RecommendSortOrder" = 2
where "Id" = 443
Debug [20103]: Creating DbCommand for 'ExecuteNonQuery'.
Debug [20104]: Created DbCommand for 'ExecuteNonQuery' (0ms).
Debug [20106]: Initialized DbCommand for 'ExecuteNonQuery' (0ms).
Debug [20100]: Executing DbCommand [Parameters=[], CommandType='Text', CommandTimeout='60']
update "SetLocation"
set "RecommendSortOrder" = 2
where "Id" = 1257
Information [20101]: Executed DbCommand (0ms) [Parameters=[], CommandType='Text', CommandTimeout='60']
update "SetLocation"
set "RecommendSortOrder" = 2
where "Id" = 1257
Debug [20103]: Creating DbCommand for 'ExecuteNonQuery'.
Debug [20104]: Created DbCommand for 'ExecuteNonQuery' (0ms).
Debug [20106]: Initialized DbCommand for 'ExecuteNonQuery' (0ms).
Debug [20100]: Executing DbCommand [Parameters=[], CommandType='Text', CommandTimeout='60']
update "SetLocation"
set "RecommendSortOrder" = 2
where "Id" = 1181
Information [20101]: Executed DbCommand (0ms) [Parameters=[], CommandType='Text', CommandTimeout='60']
update "SetLocation"
set "RecommendSortOrder" = 2
where "Id" = 1181
Debug [20103]: Creating DbCommand for 'ExecuteNonQuery'.
Debug [20104]: Created DbCommand for 'ExecuteNonQuery' (0ms).
Debug [20106]: Initialized DbCommand for 'ExecuteNonQuery' (0ms).
Debug [20100]: Executing DbCommand [Parameters=[], CommandType='Text', CommandTimeout='60']
update "SetLocation"
set "RecommendSortOrder" = 2
where "Id" = 975
Information [20101]: Executed DbCommand (0ms) [Parameters=[], CommandType='Text', CommandTimeout='60']
update "SetLocation"
set "RecommendSortOrder" = 2
where "Id" = 975
Debug [20103]: Creating DbCommand for 'ExecuteNonQuery'.
Debug [20104]: Created DbCommand for 'ExecuteNonQuery' (0ms).
Debug [20106]: Initialized DbCommand for 'ExecuteNonQuery' (0ms).
Debug [20100]: Executing DbCommand [Parameters=[], CommandType='Text', CommandTimeout='60']
update "SetLocation"
set "RecommendSortOrder" = 2
where "Id" = 635
Information [20101]: Executed DbCommand (0ms) [Parameters=[], CommandType='Text', CommandTimeout='60']
update "SetLocation"
set "RecommendSortOrder" = 2
where "Id" = 635
Debug [20103]: Creating DbCommand for 'ExecuteNonQuery'.
Debug [20104]: Created DbCommand for 'ExecuteNonQuery' (0ms).
Debug [20106]: Initialized DbCommand for 'ExecuteNonQuery' (0ms).
Debug [20100]: Executing DbCommand [Parameters=[], CommandType='Text', CommandTimeout='60']
update "SetLocation"
set "RecommendSortOrder" = 2
where "Id" = 870
Information [20101]: Executed DbCommand (0ms) [Parameters=[], CommandType='Text', CommandTimeout='60']
update "SetLocation"
set "RecommendSortOrder" = 2
where "Id" = 870
Debug [20103]: Creating DbCommand for 'ExecuteNonQuery'.
Debug [20104]: Created DbCommand for 'ExecuteNonQuery' (0ms).
Debug [20106]: Initialized DbCommand for 'ExecuteNonQuery' (0ms).
Debug [20100]: Executing DbCommand [Parameters=[], CommandType='Text', CommandTimeout='60']
update "SetLocation"
set "RecommendSortOrder" = 3
where "Id" = 1120
Information [20101]: Executed DbCommand (0ms) [Parameters=[], CommandType='Text', CommandTimeout='60']
update "SetLocation"
set "RecommendSortOrder" = 3
where "Id" = 1120
Debug [20103]: Creating DbCommand for 'ExecuteNonQuery'.
Debug [20104]: Created DbCommand for 'ExecuteNonQuery' (0ms).
Debug [20106]: Initialized DbCommand for 'ExecuteNonQuery' (0ms).
Debug [20100]: Executing DbCommand [Parameters=[], CommandType='Text', CommandTimeout='60']
update "SetLocation"
set "RecommendSortOrder" = 3
where "Id" = 561
Information [20101]: Executed DbCommand (0ms) [Parameters=[], CommandType='Text', CommandTimeout='60']
update "SetLocation"
set "RecommendSortOrder" = 3
where "Id" = 561
Debug [20103]: Creating DbCommand for 'ExecuteNonQuery'.
Debug [20104]: Created DbCommand for 'ExecuteNonQuery' (0ms).
Debug [20106]: Initialized DbCommand for 'ExecuteNonQuery' (0ms).
Debug [20100]: Executing DbCommand [Parameters=[], CommandType='Text', CommandTimeout='60']
update "SetLocation"
set "RecommendSortOrder" = 3
where "Id" = 277
Information [20101]: Executed DbCommand (0ms) [Parameters=[], CommandType='Text', CommandTimeout='60']
update "SetLocation"
set "RecommendSortOrder" = 3
where "Id" = 277
Debug [20103]: Creating DbCommand for 'ExecuteNonQuery'.
Debug [20104]: Created DbCommand for 'ExecuteNonQuery' (0ms).
Debug [20106]: Initialized DbCommand for 'ExecuteNonQuery' (0ms).
Debug [20100]: Executing DbCommand [Parameters=[], CommandType='Text', CommandTimeout='60']
update "SetLocation"
set "RecommendSortOrder" = 3
where "Id" = 1087
Information [20101]: Executed DbCommand (0ms) [Parameters=[], CommandType='Text', CommandTimeout='60']
update "SetLocation"
set "RecommendSortOrder" = 3
where "Id" = 1087
Debug [20103]: Creating DbCommand for 'ExecuteNonQuery'.
Debug [20104]: Created DbCommand for 'ExecuteNonQuery' (0ms).
Debug [20106]: Initialized DbCommand for 'ExecuteNonQuery' (0ms).
Debug [20100]: Executing DbCommand [Parameters=[], CommandType='Text', CommandTimeout='60']
update "SetLocation"
set "RecommendSortOrder" = 3
where "Id" = 714
Information [20101]: Executed DbCommand (0ms) [Parameters=[], CommandType='Text', CommandTimeout='60']
update "SetLocation"
set "RecommendSortOrder" = 3
where "Id" = 714
Debug [20103]: Creating DbCommand for 'ExecuteNonQuery'.
Debug [20104]: Created DbCommand for 'ExecuteNonQuery' (0ms).
Debug [20106]: Initialized DbCommand for 'ExecuteNonQuery' (0ms).
Debug [20100]: Executing DbCommand [Parameters=[], CommandType='Text', CommandTimeout='60']
update "SetLocation"
set "RecommendSortOrder" = 3
where "Id" = 314
Information [20101]: Executed DbCommand (0ms) [Parameters=[], CommandType='Text', CommandTimeout='60']
update "SetLocation"
set "RecommendSortOrder" = 3
where "Id" = 314
Debug [20103]: Creating DbCommand for 'ExecuteNonQuery'.
Debug [20104]: Created DbCommand for 'ExecuteNonQuery' (0ms).
Debug [20106]: Initialized DbCommand for 'ExecuteNonQuery' (0ms).
Debug [20100]: Executing DbCommand [Parameters=[], CommandType='Text', CommandTimeout='60']
update "SetLocation"
set "RecommendSortOrder" = 3
where "Id" = 1201
Information [20101]: Executed DbCommand (0ms) [Parameters=[], CommandType='Text', CommandTimeout='60']
update "SetLocation"
set "RecommendSortOrder" = 3
where "Id" = 1201
Debug [20103]: Creating DbCommand for 'ExecuteNonQuery'.
Debug [20104]: Created DbCommand for 'ExecuteNonQuery' (0ms).
Debug [20106]: Initialized DbCommand for 'ExecuteNonQuery' (0ms).
Debug [20100]: Executing DbCommand [Parameters=[], CommandType='Text', CommandTimeout='60']
update "SetLocation"
set "RecommendSortOrder" = 3
where "Id" = 672
Information [20101]: Executed DbCommand (0ms) [Parameters=[], CommandType='Text', CommandTimeout='60']
update "SetLocation"
set "RecommendSortOrder" = 3
where "Id" = 672
Debug [20103]: Creating DbCommand for 'ExecuteNonQuery'.
Debug [20104]: Created DbCommand for 'ExecuteNonQuery' (0ms).
Debug [20106]: Initialized DbCommand for 'ExecuteNonQuery' (0ms).
Debug [20100]: Executing DbCommand [Parameters=[], CommandType='Text', CommandTimeout='60']
update "SetLocation"
set "RecommendSortOrder" = 3
where "Id" = 195
Information [20101]: Executed DbCommand (0ms) [Parameters=[], CommandType='Text', CommandTimeout='60']
update "SetLocation"
set "RecommendSortOrder" = 3
where "Id" = 195
Debug [20103]: Creating DbCommand for 'ExecuteNonQuery'.
Debug [20104]: Created DbCommand for 'ExecuteNonQuery' (0ms).
Debug [20106]: Initialized DbCommand for 'ExecuteNonQuery' (0ms).
Debug [20100]: Executing DbCommand [Parameters=[], CommandType='Text', CommandTimeout='60']
update "SetLocation"
set "RecommendSortOrder" = 3
where "Id" = 284
Information [20101]: Executed DbCommand (0ms) [Parameters=[], CommandType='Text', CommandTimeout='60']
update "SetLocation"
set "RecommendSortOrder" = 3
where "Id" = 284
Debug [20103]: Creating DbCommand for 'ExecuteNonQuery'.
Debug [20104]: Created DbCommand for 'ExecuteNonQuery' (0ms).
Debug [20106]: Initialized DbCommand for 'ExecuteNonQuery' (0ms).
Debug [20100]: Executing DbCommand [Parameters=[], CommandType='Text', CommandTimeout='60']
update "SetLocation"
set "RecommendSortOrder" = 4
where "Id" = 1135
Information [20101]: Executed DbCommand (0ms) [Parameters=[], CommandType='Text', CommandTimeout='60']
update "SetLocation"
set "RecommendSortOrder" = 4
where "Id" = 1135
Debug [20103]: Creating DbCommand for 'ExecuteNonQuery'.
Debug [20104]: Created DbCommand for 'ExecuteNonQuery' (0ms).
Debug [20106]: Initialized DbCommand for 'ExecuteNonQuery' (0ms).
Debug [20100]: Executing DbCommand [Parameters=[], CommandType='Text', CommandTimeout='60']
update "SetLocation"
set "RecommendSortOrder" = 4
where "Id" = 191
Information [20101]: Executed DbCommand (0ms) [Parameters=[], CommandType='Text', CommandTimeout='60']
update "SetLocation"
set "RecommendSortOrder" = 4
where "Id" = 191
Debug [20103]: Creating DbCommand for 'ExecuteNonQuery'.
Debug [20104]: Created DbCommand for 'ExecuteNonQuery' (0ms).
Debug [20106]: Initialized DbCommand for 'ExecuteNonQuery' (0ms).
Debug [20100]: Executing DbCommand [Parameters=[], CommandType='Text', CommandTimeout='60']
update "SetLocation"
set "RecommendSortOrder" = 4
where "Id" = 954
Information [20101]: Executed DbCommand (0ms) [Parameters=[], CommandType='Text', CommandTimeout='60']
update "SetLocation"
set "RecommendSortOrder" = 4
where "Id" = 954
Debug [20103]: Creating DbCommand for 'ExecuteNonQuery'.
Debug [20104]: Created DbCommand for 'ExecuteNonQuery' (0ms).
Debug [20106]: Initialized DbCommand for 'ExecuteNonQuery' (0ms).
Debug [20100]: Executing DbCommand [Parameters=[], CommandType='Text', CommandTimeout='60']
update "SetLocation"
set "RecommendSortOrder" = 4
where "Id" = 1005
Information [20101]: Executed DbCommand (0ms) [Parameters=[], CommandType='Text', CommandTimeout='60']
update "SetLocation"
set "RecommendSortOrder" = 4
where "Id" = 1005
Debug [20103]: Creating DbCommand for 'ExecuteNonQuery'.
Debug [20104]: Created DbCommand for 'ExecuteNonQuery' (0ms).
Debug [20106]: Initialized DbCommand for 'ExecuteNonQuery' (0ms).
Debug [20100]: Executing DbCommand [Parameters=[], CommandType='Text', CommandTimeout='60']
update "SetLocation"
set "RecommendSortOrder" = 4
where "Id" = 363
Information [20101]: Executed DbCommand (0ms) [Parameters=[], CommandType='Text', CommandTimeout='60']
update "SetLocation"
set "RecommendSortOrder" = 4
where "Id" = 363
Debug [20103]: Creating DbCommand for 'ExecuteNonQuery'.
Debug [20104]: Created DbCommand for 'ExecuteNonQuery' (0ms).
Debug [20106]: Initialized DbCommand for 'ExecuteNonQuery' (0ms).
Debug [20100]: Executing DbCommand [Parameters=[], CommandType='Text', CommandTimeout='60']
update "SetLocation"
set "RecommendSortOrder" = 4
where "Id" = 1213
Information [20101]: Executed DbCommand (0ms) [Parameters=[], CommandType='Text', CommandTimeout='60']
update "SetLocation"
set "RecommendSortOrder" = 4
where "Id" = 1213
Debug [20103]: Creating DbCommand for 'ExecuteNonQuery'.
Debug [20104]: Created DbCommand for 'ExecuteNonQuery' (0ms).
Debug [20106]: Initialized DbCommand for 'ExecuteNonQuery' (0ms).
Debug [20100]: Executing DbCommand [Parameters=[], CommandType='Text', CommandTimeout='60']
update "SetLocation"
set "RecommendSortOrder" = 4
where "Id" = 1165
Information [20101]: Executed DbCommand (0ms) [Parameters=[], CommandType='Text', CommandTimeout='60']
update "SetLocation"
set "RecommendSortOrder" = 4
where "Id" = 1165
Debug [20103]: Creating DbCommand for 'ExecuteNonQuery'.
Debug [20104]: Created DbCommand for 'ExecuteNonQuery' (0ms).
Debug [20106]: Initialized DbCommand for 'ExecuteNonQuery' (0ms).
Debug [20100]: Executing DbCommand [Parameters=[], CommandType='Text', CommandTimeout='60']
update "SetLocation"
set "RecommendSortOrder" = 4
where "Id" = 592
Information [20101]: Executed DbCommand (0ms) [Parameters=[], CommandType='Text', CommandTimeout='60']
update "SetLocation"
set "RecommendSortOrder" = 4
where "Id" = 592
Debug [20103]: Creating DbCommand for 'ExecuteNonQuery'.
Debug [20104]: Created DbCommand for 'ExecuteNonQuery' (0ms).
Debug [20106]: Initialized DbCommand for 'ExecuteNonQuery' (0ms).
Debug [20100]: Executing DbCommand [Parameters=[], CommandType='Text', CommandTimeout='60']
update "SetLocation"
set "RecommendSortOrder" = 4
where "Id" = 1193
Information [20101]: Executed DbCommand (0ms) [Parameters=[], CommandType='Text', CommandTimeout='60']
update "SetLocation"
set "RecommendSortOrder" = 4
where "Id" = 1193
Debug [20103]: Creating DbCommand for 'ExecuteNonQuery'.
Debug [20104]: Created DbCommand for 'ExecuteNonQuery' (0ms).
Debug [20106]: Initialized DbCommand for 'ExecuteNonQuery' (0ms).
Debug [20100]: Executing DbCommand [Parameters=[], CommandType='Text', CommandTimeout='60']
update "SetLocation"
set "RecommendSortOrder" = 4
where "Id" = 405
Information [20101]: Executed DbCommand (0ms) [Parameters=[], CommandType='Text', CommandTimeout='60']
update "SetLocation"
set "RecommendSortOrder" = 4
where "Id" = 405
Debug [20103]: Creating DbCommand for 'ExecuteNonQuery'.
Debug [20104]: Created DbCommand for 'ExecuteNonQuery' (0ms).
Debug [20106]: Initialized DbCommand for 'ExecuteNonQuery' (0ms).
Debug [20100]: Executing DbCommand [Parameters=[], CommandType='Text', CommandTimeout='60']
update "SetLocation"
set "RecommendSortOrder" = 5
where "Id" = 676
Information [20101]: Executed DbCommand (0ms) [Parameters=[], CommandType='Text', CommandTimeout='60']
update "SetLocation"
set "RecommendSortOrder" = 5
where "Id" = 676
Debug [20103]: Creating DbCommand for 'ExecuteNonQuery'.
Debug [20104]: Created DbCommand for 'ExecuteNonQuery' (0ms).
Debug [20106]: Initialized DbCommand for 'ExecuteNonQuery' (0ms).
Debug [20100]: Executing DbCommand [Parameters=[], CommandType='Text', CommandTimeout='60']
update "SetLocation"
set "RecommendSortOrder" = 5
where "Id" = 961
Information [20101]: Executed DbCommand (0ms) [Parameters=[], CommandType='Text', CommandTimeout='60']
update "SetLocation"
set "RecommendSortOrder" = 5
where "Id" = 961
Debug [20103]: Creating DbCommand for 'ExecuteNonQuery'.
Debug [20104]: Created DbCommand for 'ExecuteNonQuery' (0ms).
Debug [20106]: Initialized DbCommand for 'ExecuteNonQuery' (0ms).
Debug [20100]: Executing DbCommand [Parameters=[], CommandType='Text', CommandTimeout='60']
update "SetLocation"
set "RecommendSortOrder" = 5
where "Id" = 865
Information [20101]: Executed DbCommand (0ms) [Parameters=[], CommandType='Text', CommandTimeout='60']
update "SetLocation"
set "RecommendSortOrder" = 5
where "Id" = 865
Debug [20103]: Creating DbCommand for 'ExecuteNonQuery'.
Debug [20104]: Created DbCommand for 'ExecuteNonQuery' (0ms).
Debug [20106]: Initialized DbCommand for 'ExecuteNonQuery' (0ms).
Debug [20100]: Executing DbCommand [Parameters=[], CommandType='Text', CommandTimeout='60']
update "SetLocation"
set "RecommendSortOrder" = 5
where "Id" = 1030
Information [20101]: Executed DbCommand (0ms) [Parameters=[], CommandType='Text', CommandTimeout='60']
update "SetLocation"
set "RecommendSortOrder" = 5
where "Id" = 1030
Debug [20103]: Creating DbCommand for 'ExecuteNonQuery'.
Debug [20104]: Created DbCommand for 'ExecuteNonQuery' (0ms).
Debug [20106]: Initialized DbCommand for 'ExecuteNonQuery' (0ms).
Debug [20100]: Executing DbCommand [Parameters=[], CommandType='Text', CommandTimeout='60']
update "SetLocation"
set "RecommendSortOrder" = 5
where "Id" = 1096
Information [20101]: Executed DbCommand (0ms) [Parameters=[], CommandType='Text', CommandTimeout='60']
update "SetLocation"
set "RecommendSortOrder" = 5
where "Id" = 1096
Debug [20103]: Creating DbCommand for 'ExecuteNonQuery'.
Debug [20104]: Created DbCommand for 'ExecuteNonQuery' (0ms).
Debug [20106]: Initialized DbCommand for 'ExecuteNonQuery' (0ms).
Debug [20100]: Executing DbCommand [Parameters=[], CommandType='Text', CommandTimeout='60']
update "SetLocation"
set "RecommendSortOrder" = 5
where "Id" = 664
Information [20101]: Executed DbCommand (0ms) [Parameters=[], CommandType='Text', CommandTimeout='60']
update "SetLocation"
set "RecommendSortOrder" = 5
where "Id" = 664
Debug [20103]: Creating DbCommand for 'ExecuteNonQuery'.
Debug [20104]: Created DbCommand for 'ExecuteNonQuery' (0ms).
Debug [20106]: Initialized DbCommand for 'ExecuteNonQuery' (0ms).
Debug [20100]: Executing DbCommand [Parameters=[], CommandType='Text', CommandTimeout='60']
update "SetLocation"
set "RecommendSortOrder" = 5
where "Id" = 733
Information [20101]: Executed DbCommand (0ms) [Parameters=[], CommandType='Text', CommandTimeout='60']
update "SetLocation"
set "RecommendSortOrder" = 5
where "Id" = 733
Debug [20103]: Creating DbCommand for 'ExecuteNonQuery'.
Debug [20104]: Created DbCommand for 'ExecuteNonQuery' (0ms).
Debug [20106]: Initialized DbCommand for 'ExecuteNonQuery' (0ms).
Debug [20100]: Executing DbCommand [Parameters=[], CommandType='Text', CommandTimeout='60']
update "SetLocation"
set "RecommendSortOrder" = 5
where "Id" = 457
Information [20101]: Executed DbCommand (0ms) [Parameters=[], CommandType='Text', CommandTimeout='60']
update "SetLocation"
set "RecommendSortOrder" = 5
where "Id" = 457
Debug [20103]: Creating DbCommand for 'ExecuteNonQuery'.
Debug [20104]: Created DbCommand for 'ExecuteNonQuery' (0ms).
Debug [20106]: Initialized DbCommand for 'ExecuteNonQuery' (0ms).
Debug [20100]: Executing DbCommand [Parameters=[], CommandType='Text', CommandTimeout='60']
update "SetLocation"
set "RecommendSortOrder" = 5
where "Id" = 1223
Information [20101]: Executed DbCommand (0ms) [Parameters=[], CommandType='Text', CommandTimeout='60']
update "SetLocation"
set "RecommendSortOrder" = 5
where "Id" = 1223
Debug [20103]: Creating DbCommand for 'ExecuteNonQuery'.
Debug [20104]: Created DbCommand for 'ExecuteNonQuery' (0ms).
Debug [20106]: Initialized DbCommand for 'ExecuteNonQuery' (0ms).
Debug [20100]: Executing DbCommand [Parameters=[], CommandType='Text', CommandTimeout='60']
update "SetLocation"
set "RecommendSortOrder" = 5
where "Id" = 747
Information [20101]: Executed DbCommand (0ms) [Parameters=[], CommandType='Text', CommandTimeout='60']
update "SetLocation"
set "RecommendSortOrder" = 5
where "Id" = 747
Debug [20103]: Creating DbCommand for 'ExecuteNonQuery'.
Debug [20104]: Created DbCommand for 'ExecuteNonQuery' (0ms).
Debug [20106]: Initialized DbCommand for 'ExecuteNonQuery' (0ms).
Debug [20100]: Executing DbCommand [Parameters=[], CommandType='Text', CommandTimeout='60']
update "SetLocation"
set "RecommendSortOrder" = 6
where "Id" = 321
Information [20101]: Executed DbCommand (0ms) [Parameters=[], CommandType='Text', CommandTimeout='60']
update "SetLocation"
set "RecommendSortOrder" = 6
where "Id" = 321
Debug [20103]: Creating DbCommand for 'ExecuteNonQuery'.
Debug [20104]: Created DbCommand for 'ExecuteNonQuery' (0ms).
Debug [20106]: Initialized DbCommand for 'ExecuteNonQuery' (0ms).
Debug [20100]: Executing DbCommand [Parameters=[], CommandType='Text', CommandTimeout='60']
update "SetLocation"
set "RecommendSortOrder" = 6
where "Id" = 658
Information [20101]: Executed DbCommand (0ms) [Parameters=[], CommandType='Text', CommandTimeout='60']
update "SetLocation"
set "RecommendSortOrder" = 6
where "Id" = 658
Debug [20103]: Creating DbCommand for 'ExecuteNonQuery'.
Debug [20104]: Created DbCommand for 'ExecuteNonQuery' (0ms).
Debug [20106]: Initialized DbCommand for 'ExecuteNonQuery' (0ms).
Debug [20100]: Executing DbCommand [Parameters=[], CommandType='Text', CommandTimeout='60']
update "SetLocation"
set "RecommendSortOrder" = 6
where "Id" = 1033
Information [20101]: Executed DbCommand (0ms) [Parameters=[], CommandType='Text', CommandTimeout='60']
update "SetLocation"
set "RecommendSortOrder" = 6
where "Id" = 1033
Debug [20103]: Creating DbCommand for 'ExecuteNonQuery'.
Debug [20104]: Created DbCommand for 'ExecuteNonQuery' (0ms).
Debug [20106]: Initialized DbCommand for 'ExecuteNonQuery' (0ms).
Debug [20100]: Executing DbCommand [Parameters=[], CommandType='Text', CommandTimeout='60']
update "SetLocation"
set "RecommendSortOrder" = 6
where "Id" = 1247
Information [20101]: Executed DbCommand (0ms) [Parameters=[], CommandType='Text', CommandTimeout='60']
update "SetLocation"
set "RecommendSortOrder" = 6
where "Id" = 1247
Debug [20103]: Creating DbCommand for 'ExecuteNonQuery'.
Debug [20104]: Created DbCommand for 'ExecuteNonQuery' (0ms).
Debug [20106]: Initialized DbCommand for 'ExecuteNonQuery' (0ms).
Debug [20100]: Executing DbCommand [Parameters=[], CommandType='Text', CommandTimeout='60']
update "SetLocation"
set "RecommendSortOrder" = 6
where "Id" = 472
Information [20101]: Executed DbCommand (0ms) [Parameters=[], CommandType='Text', CommandTimeout='60']
update "SetLocation"
set "RecommendSortOrder" = 6
where "Id" = 472
Debug [20103]: Creating DbCommand for 'ExecuteNonQuery'.
Debug [20104]: Created DbCommand for 'ExecuteNonQuery' (0ms).
Debug [20106]: Initialized DbCommand for 'ExecuteNonQuery' (0ms).
Debug [20100]: Executing DbCommand [Parameters=[], CommandType='Text', CommandTimeout='60']
update "SetLocation"
set "RecommendSortOrder" = 6
where "Id" = 322
Information [20101]: Executed DbCommand (0ms) [Parameters=[], CommandType='Text', CommandTimeout='60']
update "SetLocation"
set "RecommendSortOrder" = 6
where "Id" = 322
Debug [20103]: Creating DbCommand for 'ExecuteNonQuery'.
Debug [20104]: Created DbCommand for 'ExecuteNonQuery' (0ms).
Debug [20106]: Initialized DbCommand for 'ExecuteNonQuery' (0ms).
Debug [20100]: Executing DbCommand [Parameters=[], CommandType='Text', CommandTimeout='60']
update "SetLocation"
set "RecommendSortOrder" = 6
where "Id" = 545
Information [20101]: Executed DbCommand (0ms) [Parameters=[], CommandType='Text', CommandTimeout='60']
update "SetLocation"
set "RecommendSortOrder" = 6
where "Id" = 545
Debug [20103]: Creating DbCommand for 'ExecuteNonQuery'.
Debug [20104]: Created DbCommand for 'ExecuteNonQuery' (0ms).
Debug [20106]: Initialized DbCommand for 'ExecuteNonQuery' (0ms).
Debug [20100]: Executing DbCommand [Parameters=[], CommandType='Text', CommandTimeout='60']
update "SetLocation"
set "RecommendSortOrder" = 6
where "Id" = 1164
Information [20101]: Executed DbCommand (0ms) [Parameters=[], CommandType='Text', CommandTimeout='60']
update "SetLocation"
set "RecommendSortOrder" = 6
where "Id" = 1164
Debug [20103]: Creating DbCommand for 'ExecuteNonQuery'.
Debug [20104]: Created DbCommand for 'ExecuteNonQuery' (0ms).
Debug [20106]: Initialized DbCommand for 'ExecuteNonQuery' (0ms).
Debug [20100]: Executing DbCommand [Parameters=[], CommandType='Text', CommandTimeout='60']
update "SetLocation"
set "RecommendSortOrder" = 6
where "Id" = 861
Information [20101]: Executed DbCommand (0ms) [Parameters=[], CommandType='Text', CommandTimeout='60']
update "SetLocation"
set "RecommendSortOrder" = 6
where "Id" = 861
Debug [20103]: Creating DbCommand for 'ExecuteNonQuery'.
Debug [20104]: Created DbCommand for 'ExecuteNonQuery' (0ms).
Debug [20106]: Initialized DbCommand for 'ExecuteNonQuery' (0ms).
Debug [20100]: Executing DbCommand [Parameters=[], CommandType='Text', CommandTimeout='60']
update "SetLocation"
set "RecommendSortOrder" = 6
where "Id" = 942
Information [20101]: Executed DbCommand (0ms) [Parameters=[], CommandType='Text', CommandTimeout='60']
update "SetLocation"
set "RecommendSortOrder" = 6
where "Id" = 942
Debug [20103]: Creating DbCommand for 'ExecuteNonQuery'.
Debug [20104]: Created DbCommand for 'ExecuteNonQuery' (0ms).
Debug [20106]: Initialized DbCommand for 'ExecuteNonQuery' (0ms).
Debug [20100]: Executing DbCommand [Parameters=[], CommandType='Text', CommandTimeout='60']
update "SetLocation"
set "RecommendSortOrder" = 7
where "Id" = 473
Information [20101]: Executed DbCommand (0ms) [Parameters=[], CommandType='Text', CommandTimeout='60']
update "SetLocation"
set "RecommendSortOrder" = 7
where "Id" = 473
Debug [20103]: Creating DbCommand for 'ExecuteNonQuery'.
Debug [20104]: Created DbCommand for 'ExecuteNonQuery' (0ms).
Debug [20106]: Initialized DbCommand for 'ExecuteNonQuery' (0ms).
Debug [20100]: Executing DbCommand [Parameters=[], CommandType='Text', CommandTimeout='60']
update "SetLocation"
set "RecommendSortOrder" = 7
where "Id" = 586
Information [20101]: Executed DbCommand (0ms) [Parameters=[], CommandType='Text', CommandTimeout='60']
update "SetLocation"
set "RecommendSortOrder" = 7
where "Id" = 586
Debug [20103]: Creating DbCommand for 'ExecuteNonQuery'.
Debug [20104]: Created DbCommand for 'ExecuteNonQuery' (0ms).
Debug [20106]: Initialized DbCommand for 'ExecuteNonQuery' (0ms).
Debug [20100]: Executing DbCommand [Parameters=[], CommandType='Text', CommandTimeout='60']
update "SetLocation"
set "RecommendSortOrder" = 7
where "Id" = 1048
Information [20101]: Executed DbCommand (0ms) [Parameters=[], CommandType='Text', CommandTimeout='60']
update "SetLocation"
set "RecommendSortOrder" = 7
where "Id" = 1048
Debug [20103]: Creating DbCommand for 'ExecuteNonQuery'.
Debug [20104]: Created DbCommand for 'ExecuteNonQuery' (0ms).
Debug [20106]: Initialized DbCommand for 'ExecuteNonQuery' (0ms).
Debug [20100]: Executing DbCommand [Parameters=[], CommandType='Text', CommandTimeout='60']
update "SetLocation"
set "RecommendSortOrder" = 7
where "Id" = 864
Information [20101]: Executed DbCommand (0ms) [Parameters=[], CommandType='Text', CommandTimeout='60']
update "SetLocation"
set "RecommendSortOrder" = 7
where "Id" = 864
Debug [20103]: Creating DbCommand for 'ExecuteNonQuery'.
Debug [20104]: Created DbCommand for 'ExecuteNonQuery' (0ms).
Debug [20106]: Initialized DbCommand for 'ExecuteNonQuery' (0ms).
Debug [20100]: Executing DbCommand [Parameters=[], CommandType='Text', CommandTimeout='60']
update "SetLocation"
set "RecommendSortOrder" = 7
where "Id" = 971
Information [20101]: Executed DbCommand (0ms) [Parameters=[], CommandType='Text', CommandTimeout='60']
update "SetLocation"
set "RecommendSortOrder" = 7
where "Id" = 971
Debug [20103]: Creating DbCommand for 'ExecuteNonQuery'.
Debug [20104]: Created DbCommand for 'ExecuteNonQuery' (0ms).
Debug [20106]: Initialized DbCommand for 'ExecuteNonQuery' (0ms).
Debug [20100]: Executing DbCommand [Parameters=[], CommandType='Text', CommandTimeout='60']
update "SetLocation"
set "RecommendSortOrder" = 7
where "Id" = 1007
Information [20101]: Executed DbCommand (0ms) [Parameters=[], CommandType='Text', CommandTimeout='60']
update "SetLocation"
set "RecommendSortOrder" = 7
where "Id" = 1007
Debug [20103]: Creating DbCommand for 'ExecuteNonQuery'.
Debug [20104]: Created DbCommand for 'ExecuteNonQuery' (0ms).
Debug [20106]: Initialized DbCommand for 'ExecuteNonQuery' (0ms).
Debug [20100]: Executing DbCommand [Parameters=[], CommandType='Text', CommandTimeout='60']
update "SetLocation"
set "RecommendSortOrder" = 7
where "Id" = 1251
Information [20101]: Executed DbCommand (0ms) [Parameters=[], CommandType='Text', CommandTimeout='60']
update "SetLocation"
set "RecommendSortOrder" = 7
where "Id" = 1251
Debug [20103]: Creating DbCommand for 'ExecuteNonQuery'.
Debug [20104]: Created DbCommand for 'ExecuteNonQuery' (0ms).
Debug [20106]: Initialized DbCommand for 'ExecuteNonQuery' (0ms).
Debug [20100]: Executing DbCommand [Parameters=[], CommandType='Text', CommandTimeout='60']
update "SetLocation"
set "RecommendSortOrder" = 7
where "Id" = 950
Information [20101]: Executed DbCommand (0ms) [Parameters=[], CommandType='Text', CommandTimeout='60']
update "SetLocation"
set "RecommendSortOrder" = 7
where "Id" = 950
Debug [20103]: Creating DbCommand for 'ExecuteNonQuery'.
Debug [20104]: Created DbCommand for 'ExecuteNonQuery' (0ms).
Debug [20106]: Initialized DbCommand for 'ExecuteNonQuery' (0ms).
Debug [20100]: Executing DbCommand [Parameters=[], CommandType='Text', CommandTimeout='60']
update "SetLocation"
set "RecommendSortOrder" = 7
where "Id" = 1238
Information [20101]: Executed DbCommand (0ms) [Parameters=[], CommandType='Text', CommandTimeout='60']
update "SetLocation"
set "RecommendSortOrder" = 7
where "Id" = 1238
Debug [20103]: Creating DbCommand for 'ExecuteNonQuery'.
Debug [20104]: Created DbCommand for 'ExecuteNonQuery' (0ms).
Debug [20106]: Initialized DbCommand for 'ExecuteNonQuery' (0ms).
Debug [20100]: Executing DbCommand [Parameters=[], CommandType='Text', CommandTimeout='60']
update "SetLocation"
set "RecommendSortOrder" = 7
where "Id" = 535
Information [20101]: Executed DbCommand (0ms) [Parameters=[], CommandType='Text', CommandTimeout='60']
update "SetLocation"
set "RecommendSortOrder" = 7
where "Id" = 535
Debug [20103]: Creating DbCommand for 'ExecuteNonQuery'.
Debug [20104]: Created DbCommand for 'ExecuteNonQuery' (0ms).
Debug [20106]: Initialized DbCommand for 'ExecuteNonQuery' (0ms).
Debug [20100]: Executing DbCommand [Parameters=[], CommandType='Text', CommandTimeout='60']
update "SetLocation"
set "RecommendSortOrder" = 8
where "Id" = 1162
Information [20101]: Executed DbCommand (0ms) [Parameters=[], CommandType='Text', CommandTimeout='60']
update "SetLocation"
set "RecommendSortOrder" = 8
where "Id" = 1162
Debug [20103]: Creating DbCommand for 'ExecuteNonQuery'.
Debug [20104]: Created DbCommand for 'ExecuteNonQuery' (0ms).
Debug [20106]: Initialized DbCommand for 'ExecuteNonQuery' (0ms).
Debug [20100]: Executing DbCommand [Parameters=[], CommandType='Text', CommandTimeout='60']
update "SetLocation"
set "RecommendSortOrder" = 8
where "Id" = 232
Information [20101]: Executed DbCommand (0ms) [Parameters=[], CommandType='Text', CommandTimeout='60']
update "SetLocation"
set "RecommendSortOrder" = 8
where "Id" = 232
Debug [20103]: Creating DbCommand for 'ExecuteNonQuery'.
Debug [20104]: Created DbCommand for 'ExecuteNonQuery' (0ms).
Debug [20106]: Initialized DbCommand for 'ExecuteNonQuery' (0ms).
Debug [20100]: Executing DbCommand [Parameters=[], CommandType='Text', CommandTimeout='60']
update "SetLocation"
set "RecommendSortOrder" = 8
where "Id" = 943
Information [20101]: Executed DbCommand (0ms) [Parameters=[], CommandType='Text', CommandTimeout='60']
update "SetLocation"
set "RecommendSortOrder" = 8
where "Id" = 943
Debug [20103]: Creating DbCommand for 'ExecuteNonQuery'.
Debug [20104]: Created DbCommand for 'ExecuteNonQuery' (0ms).
Debug [20106]: Initialized DbCommand for 'ExecuteNonQuery' (0ms).
Debug [20100]: Executing DbCommand [Parameters=[], CommandType='Text', CommandTimeout='60']
update "SetLocation"
set "RecommendSortOrder" = 8
where "Id" = 1199
Information [20101]: Executed DbCommand (0ms) [Parameters=[], CommandType='Text', CommandTimeout='60']
update "SetLocation"
set "RecommendSortOrder" = 8
where "Id" = 1199
Debug [20103]: Creating DbCommand for 'ExecuteNonQuery'.
Debug [20104]: Created DbCommand for 'ExecuteNonQuery' (0ms).
Debug [20106]: Initialized DbCommand for 'ExecuteNonQuery' (0ms).
Debug [20100]: Executing DbCommand [Parameters=[], CommandType='Text', CommandTimeout='60']
update "SetLocation"
set "RecommendSortOrder" = 8
where "Id" = 841
Information [20101]: Executed DbCommand (0ms) [Parameters=[], CommandType='Text', CommandTimeout='60']
update "SetLocation"
set "RecommendSortOrder" = 8
where "Id" = 841
Debug [20103]: Creating DbCommand for 'ExecuteNonQuery'.
Debug [20104]: Created DbCommand for 'ExecuteNonQuery' (0ms).
Debug [20106]: Initialized DbCommand for 'ExecuteNonQuery' (0ms).
Debug [20100]: Executing DbCommand [Parameters=[], CommandType='Text', CommandTimeout='60']
update "SetLocation"
set "RecommendSortOrder" = 8
where "Id" = 1050
Information [20101]: Executed DbCommand (0ms) [Parameters=[], CommandType='Text', CommandTimeout='60']
update "SetLocation"
set "RecommendSortOrder" = 8
where "Id" = 1050
Debug [20103]: Creating DbCommand for 'ExecuteNonQuery'.
Debug [20104]: Created DbCommand for 'ExecuteNonQuery' (0ms).
Debug [20106]: Initialized DbCommand for 'ExecuteNonQuery' (0ms).
Debug [20100]: Executing DbCommand [Parameters=[], CommandType='Text', CommandTimeout='60']
update "SetLocation"
set "RecommendSortOrder" = 8
where "Id" = 718
Information [20101]: Executed DbCommand (0ms) [Parameters=[], CommandType='Text', CommandTimeout='60']
update "SetLocation"
set "RecommendSortOrder" = 8
where "Id" = 718
Debug [20103]: Creating DbCommand for 'ExecuteNonQuery'.
Debug [20104]: Created DbCommand for 'ExecuteNonQuery' (0ms).
Debug [20106]: Initialized DbCommand for 'ExecuteNonQuery' (0ms).
Debug [20100]: Executing DbCommand [Parameters=[], CommandType='Text', CommandTimeout='60']
update "SetLocation"
set "RecommendSortOrder" = 8
where "Id" = 802
Information [20101]: Executed DbCommand (0ms) [Parameters=[], CommandType='Text', CommandTimeout='60']
update "SetLocation"
set "RecommendSortOrder" = 8
where "Id" = 802
Debug [20103]: Creating DbCommand for 'ExecuteNonQuery'.
Debug [20104]: Created DbCommand for 'ExecuteNonQuery' (0ms).
Debug [20106]: Initialized DbCommand for 'ExecuteNonQuery' (0ms).
Debug [20100]: Executing DbCommand [Parameters=[], CommandType='Text', CommandTimeout='60']
update "SetLocation"
set "RecommendSortOrder" = 8
where "Id" = 1220
Information [20101]: Executed DbCommand (0ms) [Parameters=[], CommandType='Text', CommandTimeout='60']
update "SetLocation"
set "RecommendSortOrder" = 8
where "Id" = 1220
Debug [20103]: Creating DbCommand for 'ExecuteNonQuery'.
Debug [20104]: Created DbCommand for 'ExecuteNonQuery' (0ms).
Debug [20106]: Initialized DbCommand for 'ExecuteNonQuery' (0ms).
Debug [20100]: Executing DbCommand [Parameters=[], CommandType='Text', CommandTimeout='60']
update "SetLocation"
set "RecommendSortOrder" = 8
where "Id" = 1043
Information [20101]: Executed DbCommand (0ms) [Parameters=[], CommandType='Text', CommandTimeout='60']
update "SetLocation"
set "RecommendSortOrder" = 8
where "Id" = 1043
Debug [20103]: Creating DbCommand for 'ExecuteNonQuery'.
Debug [20104]: Created DbCommand for 'ExecuteNonQuery' (0ms).
Debug [20106]: Initialized DbCommand for 'ExecuteNonQuery' (0ms).
Debug [20100]: Executing DbCommand [Parameters=[], CommandType='Text', CommandTimeout='60']
update "SetLocation"
set "RecommendSortOrder" = 9
where "Id" = 1119
Information [20101]: Executed DbCommand (0ms) [Parameters=[], CommandType='Text', CommandTimeout='60']
update "SetLocation"
set "RecommendSortOrder" = 9
where "Id" = 1119
Debug [20103]: Creating DbCommand for 'ExecuteNonQuery'.
Debug [20104]: Created DbCommand for 'ExecuteNonQuery' (0ms).
Debug [20106]: Initialized DbCommand for 'ExecuteNonQuery' (0ms).
Debug [20100]: Executing DbCommand [Parameters=[], CommandType='Text', CommandTimeout='60']
update "SetLocation"
set "RecommendSortOrder" = 9
where "Id" = 1075
Information [20101]: Executed DbCommand (0ms) [Parameters=[], CommandType='Text', CommandTimeout='60']
update "SetLocation"
set "RecommendSortOrder" = 9
where "Id" = 1075
Debug [20103]: Creating DbCommand for 'ExecuteNonQuery'.
Debug [20104]: Created DbCommand for 'ExecuteNonQuery' (0ms).
Debug [20106]: Initialized DbCommand for 'ExecuteNonQuery' (0ms).
Debug [20100]: Executing DbCommand [Parameters=[], CommandType='Text', CommandTimeout='60']
update "SetLocation"
set "RecommendSortOrder" = 9
where "Id" = 599
Information [20101]: Executed DbCommand (0ms) [Parameters=[], CommandType='Text', CommandTimeout='60']
update "SetLocation"
set "RecommendSortOrder" = 9
where "Id" = 599
Debug [20103]: Creating DbCommand for 'ExecuteNonQuery'.
Debug [20104]: Created DbCommand for 'ExecuteNonQuery' (0ms).
Debug [20106]: Initialized DbCommand for 'ExecuteNonQuery' (0ms).
Debug [20100]: Executing DbCommand [Parameters=[], CommandType='Text', CommandTimeout='60']
update "SetLocation"
set "RecommendSortOrder" = 9
where "Id" = 1121
Information [20101]: Executed DbCommand (0ms) [Parameters=[], CommandType='Text', CommandTimeout='60']
update "SetLocation"
set "RecommendSortOrder" = 9
where "Id" = 1121
Debug [20103]: Creating DbCommand for 'ExecuteNonQuery'.
Debug [20104]: Created DbCommand for 'ExecuteNonQuery' (0ms).
Debug [20106]: Initialized DbCommand for 'ExecuteNonQuery' (0ms).
Debug [20100]: Executing DbCommand [Parameters=[], CommandType='Text', CommandTimeout='60']
update "SetLocation"
set "RecommendSortOrder" = 9
where "Id" = 360
Information [20101]: Executed DbCommand (0ms) [Parameters=[], CommandType='Text', CommandTimeout='60']
update "SetLocation"
set "RecommendSortOrder" = 9
where "Id" = 360
Debug [20103]: Creating DbCommand for 'ExecuteNonQuery'.
Debug [20104]: Created DbCommand for 'ExecuteNonQuery' (0ms).
Debug [20106]: Initialized DbCommand for 'ExecuteNonQuery' (0ms).
Debug [20100]: Executing DbCommand [Parameters=[], CommandType='Text', CommandTimeout='60']
update "SetLocation"
set "RecommendSortOrder" = 9
where "Id" = 488
Information [20101]: Executed DbCommand (0ms) [Parameters=[], CommandType='Text', CommandTimeout='60']
update "SetLocation"
set "RecommendSortOrder" = 9
where "Id" = 488
Debug [20103]: Creating DbCommand for 'ExecuteNonQuery'.
Debug [20104]: Created DbCommand for 'ExecuteNonQuery' (0ms).
Debug [20106]: Initialized DbCommand for 'ExecuteNonQuery' (0ms).
Debug [20100]: Executing DbCommand [Parameters=[], CommandType='Text', CommandTimeout='60']
update "SetLocation"
set "RecommendSortOrder" = 9
where "Id" = 193
Information [20101]: Executed DbCommand (0ms) [Parameters=[], CommandType='Text', CommandTimeout='60']
update "SetLocation"
set "RecommendSortOrder" = 9
where "Id" = 193
Debug [20103]: Creating DbCommand for 'ExecuteNonQuery'.
Debug [20104]: Created DbCommand for 'ExecuteNonQuery' (0ms).
Debug [20106]: Initialized DbCommand for 'ExecuteNonQuery' (0ms).
Debug [20100]: Executing DbCommand [Parameters=[], CommandType='Text', CommandTimeout='60']
update "SetLocation"
set "RecommendSortOrder" = 9
where "Id" = 462
Information [20101]: Executed DbCommand (0ms) [Parameters=[], CommandType='Text', CommandTimeout='60']
update "SetLocation"
set "RecommendSortOrder" = 9
where "Id" = 462
Debug [20103]: Creating DbCommand for 'ExecuteNonQuery'.
Debug [20104]: Created DbCommand for 'ExecuteNonQuery' (0ms).
Debug [20106]: Initialized DbCommand for 'ExecuteNonQuery' (0ms).
Debug [20100]: Executing DbCommand [Parameters=[], CommandType='Text', CommandTimeout='60']
update "SetLocation"
set "RecommendSortOrder" = 9
where "Id" = 218
Information [20101]: Executed DbCommand (0ms) [Parameters=[], CommandType='Text', CommandTimeout='60']
update "SetLocation"
set "RecommendSortOrder" = 9
where "Id" = 218
Debug [20103]: Creating DbCommand for 'ExecuteNonQuery'.
Debug [20104]: Created DbCommand for 'ExecuteNonQuery' (0ms).
Debug [20106]: Initialized DbCommand for 'ExecuteNonQuery' (0ms).
Debug [20100]: Executing DbCommand [Parameters=[], CommandType='Text', CommandTimeout='60']
update "SetLocation"
set "RecommendSortOrder" = 9
where "Id" = 642
Information [20101]: Executed DbCommand (0ms) [Parameters=[], CommandType='Text', CommandTimeout='60']
update "SetLocation"
set "RecommendSortOrder" = 9
where "Id" = 642
Debug [20103]: Creating DbCommand for 'ExecuteReader'.
Debug [20104]: Created DbCommand for 'ExecuteReader' (0ms).
Debug [20106]: Initialized DbCommand for 'ExecuteReader' (0ms).
Debug [20100]: Executing DbCommand [Parameters=[@__groupId_0='189934'], CommandType='Text', CommandTimeout='60']
SELECT g."IsBlocked", g."DeletedAt", g."IsTemporary"
FROM "Group" AS g
WHERE g."Id" = @__groupId_0
LIMIT 1
Information [20101]: Executed DbCommand (0ms) [Parameters=[@__groupId_0='189934'], CommandType='Text', CommandTimeout='60']
SELECT g."IsBlocked", g."DeletedAt", g."IsTemporary"
FROM "Group" AS g
WHERE g."Id" = @__groupId_0
LIMIT 1
Debug [20301]: Closing data reader to 'frevertest' on server 'tcp://postgres-frever-it:5432'.
Debug [20300]: A data reader for 'frevertest' on server 'tcp://postgres-frever-it:5432' is being disposed after spending 0ms reading results.
Debug [20103]: Creating DbCommand for 'ExecuteReader'.
Debug [20104]: Created DbCommand for 'ExecuteReader' (0ms).
Debug [20106]: Initialized DbCommand for 'ExecuteReader' (0ms).
Debug [20100]: Executing DbCommand [Parameters=[@__groupId_0='189934'], CommandType='Text', CommandTimeout='60']
SELECT r.id, r.created_at, r.name, r0.role_id, r0.access_scope, r0.created_at
FROM cms.role AS r
LEFT JOIN cms.role_access_scope AS r0 ON r.id = r0.role_id
WHERE EXISTS (
    SELECT 1
    FROM cms.user_role AS u
    WHERE u.group_id = @__groupId_0 AND u.role_id = r.id)
ORDER BY r.id, r0.role_id
Information [20101]: Executed DbCommand (0ms) [Parameters=[@__groupId_0='189934'], CommandType='Text', CommandTimeout='60']
SELECT r.id, r.created_at, r.name, r0.role_id, r0.access_scope, r0.created_at
FROM cms.role AS r
LEFT JOIN cms.role_access_scope AS r0 ON r.id = r0.role_id
WHERE EXISTS (
    SELECT 1
    FROM cms.user_role AS u
    WHERE u.group_id = @__groupId_0 AND u.role_id = r.id)
ORDER BY r.id, r0.role_id
Debug [20301]: Closing data reader to 'frevertest' on server 'tcp://postgres-frever-it:5432'.
Debug [20300]: A data reader for 'frevertest' on server 'tcp://postgres-frever-it:5432' is being disposed after spending 0ms reading results.
Debug [20103]: Creating DbCommand for 'ExecuteReader'.
Debug [20104]: Created DbCommand for 'ExecuteReader' (0ms).
Debug [20106]: Initialized DbCommand for 'ExecuteReader' (0ms).
Debug [20100]: Executing DbCommand [Parameters=[], CommandType='Text', CommandTimeout='60']
SELECT s."ReadinessId", r."Id", r."Name", s."Id", s."Name", s."AllowPhoto", s."AllowVideo", s."PhotoAutoPick", s."SetLocationCategoryId", s."SortOrderByCategory", s."Tags", s."AllowForNormalEditor", s."AllowForVideoMessage", s."SortOrderForVideoMessage", s."FilesInfo", FALSE, s0."Id", s0."Name", s0."FilesInfo", t."Id", t."Name", t."SpawnPositionSpaceSizeId", t."UnityGuid", t."IsDefault", t."Position", t."Rotation", t."MovementTypeId", t."AvailableForSelection", t."SpawnPositionGroupId", t."SpawnOrderIndex", t."DefaultBodyAnimationId", t."FilesInfo", t."CharacterSpawnPositionId", t."SetLocationId", t."Id0", t."Color", t."Intensity", t."UnityGuid0", s."CreatedTime", s."IsExcludedFromLists", s."RecommendSortOrder", s."PublicationDate", s."DepublicationDate"
FROM "SetLocation" AS s
INNER JOIN "Readiness" AS r ON s."ReadinessId" = r."Id"
INNER JOIN "SetLocationBundle" AS s0 ON s."SetLocationBundleId" = s0."Id"
LEFT JOIN (
    SELECT c."Id", c."Name", c."SpawnPositionSpaceSizeId", c."UnityGuid", c."IsDefault", c."Position", c."Rotation", c."MovementTypeId", c."AvailableForSelection", c."SpawnPositionGroupId", c."SpawnOrderIndex", c."DefaultBodyAnimationId", c."FilesInfo", s1."CharacterSpawnPositionId", s1."SetLocationId", l."Id" AS "Id0", l."Color", l."Intensity", l."UnityGuid" AS "UnityGuid0"
    FROM "SetLocationAndCharacterSpawnPosition" AS s1
    INNER JOIN "CharacterSpawnPosition" AS c ON s1."CharacterSpawnPositionId" = c."Id"
    LEFT JOIN "LightSettings" AS l ON c."Id" = l."CharacterSpawnPositionId"
) AS t ON s."Id" = t."SetLocationId"
WHERE s."GroupId" = 1
ORDER BY s."SortOrderByCategory", s."Id" DESC, r."Id", s0."Id", t."CharacterSpawnPositionId", t."SetLocationId", t."Id"
Information [20101]: Executed DbCommand (513ms) [Parameters=[], CommandType='Text', CommandTimeout='60']
SELECT s."ReadinessId", r."Id", r."Name", s."Id", s."Name", s."AllowPhoto", s."AllowVideo", s."PhotoAutoPick", s."SetLocationCategoryId", s."SortOrderByCategory", s."Tags", s."AllowForNormalEditor", s."AllowForVideoMessage", s."SortOrderForVideoMessage", s."FilesInfo", FALSE, s0."Id", s0."Name", s0."FilesInfo", t."Id", t."Name", t."SpawnPositionSpaceSizeId", t."UnityGuid", t."IsDefault", t."Position", t."Rotation", t."MovementTypeId", t."AvailableForSelection", t."SpawnPositionGroupId", t."SpawnOrderIndex", t."DefaultBodyAnimationId", t."FilesInfo", t."CharacterSpawnPositionId", t."SetLocationId", t."Id0", t."Color", t."Intensity", t."UnityGuid0", s."CreatedTime", s."IsExcludedFromLists", s."RecommendSortOrder", s."PublicationDate", s."DepublicationDate"
FROM "SetLocation" AS s
INNER JOIN "Readiness" AS r ON s."ReadinessId" = r."Id"
INNER JOIN "SetLocationBundle" AS s0 ON s."SetLocationBundleId" = s0."Id"
LEFT JOIN (
    SELECT c."Id", c."Name", c."SpawnPositionSpaceSizeId", c."UnityGuid", c."IsDefault", c."Position", c."Rotation", c."MovementTypeId", c."AvailableForSelection", c."SpawnPositionGroupId", c."SpawnOrderIndex", c."DefaultBodyAnimationId", c."FilesInfo", s1."CharacterSpawnPositionId", s1."SetLocationId", l."Id" AS "Id0", l."Color", l."Intensity", l."UnityGuid" AS "UnityGuid0"
    FROM "SetLocationAndCharacterSpawnPosition" AS s1
    INNER JOIN "CharacterSpawnPosition" AS c ON s1."CharacterSpawnPositionId" = c."Id"
    LEFT JOIN "LightSettings" AS l ON c."Id" = l."CharacterSpawnPositionId"
) AS t ON s."Id" = t."SetLocationId"
WHERE s."GroupId" = 1
ORDER BY s."SortOrderByCategory", s."Id" DESC, r."Id", s0."Id", t."CharacterSpawnPositionId", t."SetLocationId", t."Id"
Debug [10806]: Context 'TestReadWriteDbContext' started tracking 'Readiness' entity with key '{Id: 2}'.
Debug [10806]: Context 'TestReadWriteDbContext' started tracking 'Readiness' entity with key '{Id: 12}'.
Debug [10806]: Context 'TestReadWriteDbContext' started tracking 'Readiness' entity with key '{Id: 19}'.
Debug [10806]: Context 'TestReadWriteDbContext' started tracking 'Readiness' entity with key '{Id: 18}'.
Debug [10806]: Context 'TestReadWriteDbContext' started tracking 'Readiness' entity with key '{Id: 1}'.
Debug [10806]: Context 'TestReadWriteDbContext' started tracking 'Readiness' entity with key '{Id: 3}'.
Debug [10806]: Context 'TestReadWriteDbContext' started tracking 'Readiness' entity with key '{Id: 15}'.
Debug [10806]: Context 'TestReadWriteDbContext' started tracking 'Readiness' entity with key '{Id: 14}'.
Debug [10806]: Context 'TestReadWriteDbContext' started tracking 'Readiness' entity with key '{Id: 11}'.
Debug [10806]: Context 'TestReadWriteDbContext' started tracking 'Readiness' entity with key '{Id: 5}'.
Debug [20301]: Closing data reader to 'frevertest' on server 'tcp://postgres-frever-it:5432'.
Debug [20300]: A data reader for 'frevertest' on server 'tcp://postgres-frever-it:5432' is being disposed after spending 341ms reading results.
Debug [20103]: Creating DbCommand for 'ExecuteReader'.
Debug [20104]: Created DbCommand for 'ExecuteReader' (0ms).
Debug [20106]: Initialized DbCommand for 'ExecuteReader' (0ms).
Debug [20100]: Executing DbCommand [Parameters=[@__assetType_0='SetLocation' (DbType = Object), @__ids_1={ '768', '749', '1269', '1268', '1267', ... } (DbType = Object)], CommandType='Text', CommandTimeout='60']
SELECT a."AssetOfferId" AS "Id", a."AssetId", a0."Title" AS "AssetOfferTitle", a0."SoftCurrencyPrice" AS "AssetOfferSoftCurrencyPrice", a0."HardCurrencyPrice" AS "AssetOfferHardCurrencyPrice"
FROM "AssetOfferAsset" AS a
INNER JOIN "AssetOffer" AS a0 ON a."AssetOfferId" = a0."Id"
WHERE a."IsActive" AND a."AssetType" = @__assetType_0 AND a."AssetId" = ANY (@__ids_1)
Information [20101]: Executed DbCommand (10ms) [Parameters=[@__assetType_0='SetLocation' (DbType = Object), @__ids_1={ '768', '749', '1269', '1268', '1267', ... } (DbType = Object)], CommandType='Text', CommandTimeout='60']
SELECT a."AssetOfferId" AS "Id", a."AssetId", a0."Title" AS "AssetOfferTitle", a0."SoftCurrencyPrice" AS "AssetOfferSoftCurrencyPrice", a0."HardCurrencyPrice" AS "AssetOfferHardCurrencyPrice"
FROM "AssetOfferAsset" AS a
INNER JOIN "AssetOffer" AS a0 ON a."AssetOfferId" = a0."Id"
WHERE a."IsActive" AND a."AssetType" = @__assetType_0 AND a."AssetId" = ANY (@__ids_1)
Debug [20301]: Closing data reader to 'frevertest' on server 'tcp://postgres-frever-it:5432'.
Debug [20300]: A data reader for 'frevertest' on server 'tcp://postgres-frever-it:5432' is being disposed after spending 0ms reading results.
Debug [20103]: Creating DbCommand for 'ExecuteReader'.
Debug [20104]: Created DbCommand for 'ExecuteReader' (0ms).
Debug [20106]: Initialized DbCommand for 'ExecuteReader' (0ms).
Debug [20100]: Executing DbCommand [Parameters=[@__assetType_0='SetLocation' (DbType = Object), @__ids_1={ '768', '749', '1269', '1268', '1267', ... } (DbType = Object)], CommandType='Text', CommandTimeout='60']
SELECT i."AssetId"
FROM "InAppProductDetails" AS i
WHERE i."AssetId" IS NOT NULL AND i."AssetType" IS NOT NULL AND i."AssetType" = @__assetType_0 AND i."AssetId" = ANY (@__ids_1)
Information [20101]: Executed DbCommand (1ms) [Parameters=[@__assetType_0='SetLocation' (DbType = Object), @__ids_1={ '768', '749', '1269', '1268', '1267', ... } (DbType = Object)], CommandType='Text', CommandTimeout='60']
SELECT i."AssetId"
FROM "InAppProductDetails" AS i
WHERE i."AssetId" IS NOT NULL AND i."AssetType" IS NOT NULL AND i."AssetType" = @__assetType_0 AND i."AssetId" = ANY (@__ids_1)
Debug [20301]: Closing data reader to 'frevertest' on server 'tcp://postgres-frever-it:5432'.
Debug [20300]: A data reader for 'frevertest' on server 'tcp://postgres-frever-it:5432' is being disposed after spending 0ms reading results.
Debug [20103]: Creating DbCommand for 'ExecuteReader'.
Debug [20104]: Created DbCommand for 'ExecuteReader' (0ms).
Debug [20106]: Initialized DbCommand for 'ExecuteReader' (0ms).
Debug [20100]: Executing DbCommand [Parameters=[@__ids_0={ '768', '749', '1269', '1268', '1267', ... } (DbType = Object)], CommandType='Text', CommandTimeout='60']
SELECT DISTINCT s."AssetId"
FROM "SeasonReward" AS s
WHERE (s."AssetId" = ANY (@__ids_0) OR (s."AssetId" IS NULL AND array_position(@__ids_0, NULL) IS NOT NULL)) AND s."AssetType" = 'SetLocation'::"AssetStoreAssetType" AND s."IsEnabled"
Information [20101]: Executed DbCommand (1ms) [Parameters=[@__ids_0={ '768', '749', '1269', '1268', '1267', ... } (DbType = Object)], CommandType='Text', CommandTimeout='60']
SELECT DISTINCT s."AssetId"
FROM "SeasonReward" AS s
WHERE (s."AssetId" = ANY (@__ids_0) OR (s."AssetId" IS NULL AND array_position(@__ids_0, NULL) IS NOT NULL)) AND s."AssetType" = 'SetLocation'::"AssetStoreAssetType" AND s."IsEnabled"
Debug [20301]: Closing data reader to 'frevertest' on server 'tcp://postgres-frever-it:5432'.
Debug [20300]: A data reader for 'frevertest' on server 'tcp://postgres-frever-it:5432' is being disposed after spending 0ms reading results.
Debug [20103]: Creating DbCommand for 'ExecuteReader'.
Debug [20104]: Created DbCommand for 'ExecuteReader' (0ms).
Debug [20106]: Initialized DbCommand for 'ExecuteReader' (0ms).
Debug [20100]: Executing DbCommand [Parameters=[], CommandType='Text', CommandTimeout='60']
SELECT DISTINCT s."SetLocationId"
FROM "Level" AS l
INNER JOIN "Event" AS e ON l."Id" = e."LevelId"
INNER JOIN "SetLocationController" AS s ON e."Id" = s."EventId"
WHERE l."IsForVideoMessage" AND NOT (l."IsDeleted")
Information [20101]: Executed DbCommand (0ms) [Parameters=[], CommandType='Text', CommandTimeout='60']
SELECT DISTINCT s."SetLocationId"
FROM "Level" AS l
INNER JOIN "Event" AS e ON l."Id" = e."LevelId"
INNER JOIN "SetLocationController" AS s ON e."Id" = s."EventId"
WHERE l."IsForVideoMessage" AND NOT (l."IsDeleted")
Debug [20301]: Closing data reader to 'frevertest' on server 'tcp://postgres-frever-it:5432'.
Debug [20300]: A data reader for 'frevertest' on server 'tcp://postgres-frever-it:5432' is being disposed after spending 0ms reading results.
Debug [20103]: Creating DbCommand for 'ExecuteReader'.
Debug [20104]: Created DbCommand for 'ExecuteReader' (0ms).
Debug [20106]: Initialized DbCommand for 'ExecuteReader' (0ms).
Debug [20100]: Executing DbCommand [Parameters=[], CommandType='Text', CommandTimeout='60']
SELECT m."Id", m."AllowUsingSubSpawnPositions", m."AutoSetOnAssetManager", m."AvailableForShuffling", m."DefaultBodyAnimationId", m."DefaultForNonRemastered", m."DependsOnCharacterHeelsHeight", m."FilesInfo", m."Name", m."SortOrder", m."SupportFormation"
FROM "MovementType" AS m
Information [20101]: Executed DbCommand (0ms) [Parameters=[], CommandType='Text', CommandTimeout='60']
SELECT m."Id", m."AllowUsingSubSpawnPositions", m."AutoSetOnAssetManager", m."AvailableForShuffling", m."DefaultBodyAnimationId", m."DefaultForNonRemastered", m."DependsOnCharacterHeelsHeight", m."FilesInfo", m."Name", m."SortOrder", m."SupportFormation"
FROM "MovementType" AS m
Debug [10806]: Context 'TestReadWriteDbContext' started tracking 'MovementType' entity with key '{Id: 18}'.
Debug [10806]: Context 'TestReadWriteDbContext' started tracking 'MovementType' entity with key '{Id: 16}'.
Debug [10806]: Context 'TestReadWriteDbContext' started tracking 'MovementType' entity with key '{Id: 17}'.
Debug [10806]: Context 'TestReadWriteDbContext' started tracking 'MovementType' entity with key '{Id: 14}'.
Debug [10806]: Context 'TestReadWriteDbContext' started tracking 'MovementType' entity with key '{Id: 15}'.
Debug [10806]: Context 'TestReadWriteDbContext' started tracking 'MovementType' entity with key '{Id: 12}'.
Debug [10806]: Context 'TestReadWriteDbContext' started tracking 'MovementType' entity with key '{Id: 13}'.
Debug [10806]: Context 'TestReadWriteDbContext' started tracking 'MovementType' entity with key '{Id: 10}'.
Debug [10806]: Context 'TestReadWriteDbContext' started tracking 'MovementType' entity with key '{Id: 11}'.
Debug [10806]: Context 'TestReadWriteDbContext' started tracking 'MovementType' entity with key '{Id: 8}'.
Debug [10806]: Context 'TestReadWriteDbContext' started tracking 'MovementType' entity with key '{Id: 9}'.
Debug [10806]: Context 'TestReadWriteDbContext' started tracking 'MovementType' entity with key '{Id: 6}'.
Debug [10806]: Context 'TestReadWriteDbContext' started tracking 'MovementType' entity with key '{Id: 7}'.
Debug [10806]: Context 'TestReadWriteDbContext' started tracking 'MovementType' entity with key '{Id: 4}'.
Debug [10806]: Context 'TestReadWriteDbContext' started tracking 'MovementType' entity with key '{Id: 5}'.
Debug [10806]: Context 'TestReadWriteDbContext' started tracking 'MovementType' entity with key '{Id: 2}'.
Debug [10806]: Context 'TestReadWriteDbContext' started tracking 'MovementType' entity with key '{Id: 1}'.
Debug [10806]: Context 'TestReadWriteDbContext' started tracking 'MovementType' entity with key '{Id: 3}'.
Debug [10806]: Context 'TestReadWriteDbContext' started tracking 'MovementType' entity with key '{Id: 20}'.
Debug [20301]: Closing data reader to 'frevertest' on server 'tcp://postgres-frever-it:5432'.
Debug [20300]: A data reader for 'frevertest' on server 'tcp://postgres-frever-it:5432' is being disposed after spending 0ms reading results.
Debug [20103]: Creating DbCommand for 'ExecuteReader'.
Debug [20104]: Created DbCommand for 'ExecuteReader' (0ms).
Debug [20106]: Initialized DbCommand for 'ExecuteReader' (0ms).
Debug [20100]: Executing DbCommand [Parameters=[@__groupId_0='189934'], CommandType='Text', CommandTimeout='60']
SELECT g."IsBlocked", g."DeletedAt", g."IsTemporary"
FROM "Group" AS g
WHERE g."Id" = @__groupId_0
LIMIT 1
Information [20101]: Executed DbCommand (1ms) [Parameters=[@__groupId_0='189934'], CommandType='Text', CommandTimeout='60']
SELECT g."IsBlocked", g."DeletedAt", g."IsTemporary"
FROM "Group" AS g
WHERE g."Id" = @__groupId_0
LIMIT 1
Debug [20301]: Closing data reader to 'frevertest' on server 'tcp://postgres-frever-it:5432'.
Debug [20300]: A data reader for 'frevertest' on server 'tcp://postgres-frever-it:5432' is being disposed after spending 0ms reading results.
Debug [20103]: Creating DbCommand for 'ExecuteReader'.
Debug [20104]: Created DbCommand for 'ExecuteReader' (0ms).
Debug [20106]: Initialized DbCommand for 'ExecuteReader' (0ms).
Debug [20100]: Executing DbCommand [Parameters=[@__groupId_0='189934'], CommandType='Text', CommandTimeout='60']
SELECT r.id, r.created_at, r.name, r0.role_id, r0.access_scope, r0.created_at
FROM cms.role AS r
LEFT JOIN cms.role_access_scope AS r0 ON r.id = r0.role_id
WHERE EXISTS (
    SELECT 1
    FROM cms.user_role AS u
    WHERE u.group_id = @__groupId_0 AND u.role_id = r.id)
ORDER BY r.id, r0.role_id
Information [20101]: Executed DbCommand (0ms) [Parameters=[@__groupId_0='189934'], CommandType='Text', CommandTimeout='60']
SELECT r.id, r.created_at, r.name, r0.role_id, r0.access_scope, r0.created_at
FROM cms.role AS r
LEFT JOIN cms.role_access_scope AS r0 ON r.id = r0.role_id
WHERE EXISTS (
    SELECT 1
    FROM cms.user_role AS u
    WHERE u.group_id = @__groupId_0 AND u.role_id = r.id)
ORDER BY r.id, r0.role_id
Debug [20301]: Closing data reader to 'frevertest' on server 'tcp://postgres-frever-it:5432'.
Debug [20300]: A data reader for 'frevertest' on server 'tcp://postgres-frever-it:5432' is being disposed after spending 0ms reading results.
Debug [20103]: Creating DbCommand for 'ExecuteReader'.
Debug [20104]: Created DbCommand for 'ExecuteReader' (0ms).
Debug [20106]: Initialized DbCommand for 'ExecuteReader' (0ms).
Debug [20100]: Executing DbCommand [Parameters=[], CommandType='Text', CommandTimeout='60']
SELECT s."ReadinessId", r."Id", r."Name", s."Id", s."Name", s."AllowPhoto", s."AllowVideo", s."PhotoAutoPick", s."SetLocationCategoryId", s."SortOrderByCategory", s."Tags", s."AllowForNormalEditor", s."AllowForVideoMessage", s."SortOrderForVideoMessage", s."FilesInfo", FALSE, s0."Id", s0."Name", s0."FilesInfo", t."Id", t."Name", t."SpawnPositionSpaceSizeId", t."UnityGuid", t."IsDefault", t."Position", t."Rotation", t."MovementTypeId", t."AvailableForSelection", t."SpawnPositionGroupId", t."SpawnOrderIndex", t."DefaultBodyAnimationId", t."FilesInfo", t."CharacterSpawnPositionId", t."SetLocationId", t."Id0", t."Color", t."Intensity", t."UnityGuid0", s."CreatedTime", s."IsExcludedFromLists", s."RecommendSortOrder", s."PublicationDate", s."DepublicationDate"
FROM "SetLocation" AS s
INNER JOIN "Readiness" AS r ON s."ReadinessId" = r."Id"
INNER JOIN "SetLocationBundle" AS s0 ON s."SetLocationBundleId" = s0."Id"
LEFT JOIN (
    SELECT c."Id", c."Name", c."SpawnPositionSpaceSizeId", c."UnityGuid", c."IsDefault", c."Position", c."Rotation", c."MovementTypeId", c."AvailableForSelection", c."SpawnPositionGroupId", c."SpawnOrderIndex", c."DefaultBodyAnimationId", c."FilesInfo", s1."CharacterSpawnPositionId", s1."SetLocationId", l."Id" AS "Id0", l."Color", l."Intensity", l."UnityGuid" AS "UnityGuid0"
    FROM "SetLocationAndCharacterSpawnPosition" AS s1
    INNER JOIN "CharacterSpawnPosition" AS c ON s1."CharacterSpawnPositionId" = c."Id"
    LEFT JOIN "LightSettings" AS l ON c."Id" = l."CharacterSpawnPositionId"
) AS t ON s."Id" = t."SetLocationId"
WHERE s."GroupId" = 1
ORDER BY s."SortOrderByCategory", s."Id" DESC, r."Id", s0."Id", t."CharacterSpawnPositionId", t."SetLocationId", t."Id"
Information [20101]: Executed DbCommand (494ms) [Parameters=[], CommandType='Text', CommandTimeout='60']
SELECT s."ReadinessId", r."Id", r."Name", s."Id", s."Name", s."AllowPhoto", s."AllowVideo", s."PhotoAutoPick", s."SetLocationCategoryId", s."SortOrderByCategory", s."Tags", s."AllowForNormalEditor", s."AllowForVideoMessage", s."SortOrderForVideoMessage", s."FilesInfo", FALSE, s0."Id", s0."Name", s0."FilesInfo", t."Id", t."Name", t."SpawnPositionSpaceSizeId", t."UnityGuid", t."IsDefault", t."Position", t."Rotation", t."MovementTypeId", t."AvailableForSelection", t."SpawnPositionGroupId", t."SpawnOrderIndex", t."DefaultBodyAnimationId", t."FilesInfo", t."CharacterSpawnPositionId", t."SetLocationId", t."Id0", t."Color", t."Intensity", t."UnityGuid0", s."CreatedTime", s."IsExcludedFromLists", s."RecommendSortOrder", s."PublicationDate", s."DepublicationDate"
FROM "SetLocation" AS s
INNER JOIN "Readiness" AS r ON s."ReadinessId" = r."Id"
INNER JOIN "SetLocationBundle" AS s0 ON s."SetLocationBundleId" = s0."Id"
LEFT JOIN (
    SELECT c."Id", c."Name", c."SpawnPositionSpaceSizeId", c."UnityGuid", c."IsDefault", c."Position", c."Rotation", c."MovementTypeId", c."AvailableForSelection", c."SpawnPositionGroupId", c."SpawnOrderIndex", c."DefaultBodyAnimationId", c."FilesInfo", s1."CharacterSpawnPositionId", s1."SetLocationId", l."Id" AS "Id0", l."Color", l."Intensity", l."UnityGuid" AS "UnityGuid0"
    FROM "SetLocationAndCharacterSpawnPosition" AS s1
    INNER JOIN "CharacterSpawnPosition" AS c ON s1."CharacterSpawnPositionId" = c."Id"
    LEFT JOIN "LightSettings" AS l ON c."Id" = l."CharacterSpawnPositionId"
) AS t ON s."Id" = t."SetLocationId"
WHERE s."GroupId" = 1
ORDER BY s."SortOrderByCategory", s."Id" DESC, r."Id", s0."Id", t."CharacterSpawnPositionId", t."SetLocationId", t."Id"
Debug [20301]: Closing data reader to 'frevertest' on server 'tcp://postgres-frever-it:5432'.
Debug [20300]: A data reader for 'frevertest' on server 'tcp://postgres-frever-it:5432' is being disposed after spending 333ms reading results.
Debug [20103]: Creating DbCommand for 'ExecuteReader'.
Debug [20104]: Created DbCommand for 'ExecuteReader' (0ms).
Debug [20106]: Initialized DbCommand for 'ExecuteReader' (0ms).
Debug [20100]: Executing DbCommand [Parameters=[@__assetType_0='SetLocation' (DbType = Object), @__ids_1={ '768', '749', '1269', '1268', '1267', ... } (DbType = Object)], CommandType='Text', CommandTimeout='60']
SELECT a."AssetOfferId" AS "Id", a."AssetId", a0."Title" AS "AssetOfferTitle", a0."SoftCurrencyPrice" AS "AssetOfferSoftCurrencyPrice", a0."HardCurrencyPrice" AS "AssetOfferHardCurrencyPrice"
FROM "AssetOfferAsset" AS a
INNER JOIN "AssetOffer" AS a0 ON a."AssetOfferId" = a0."Id"
WHERE a."IsActive" AND a."AssetType" = @__assetType_0 AND a."AssetId" = ANY (@__ids_1)
Information [20101]: Executed DbCommand (5ms) [Parameters=[@__assetType_0='SetLocation' (DbType = Object), @__ids_1={ '768', '749', '1269', '1268', '1267', ... } (DbType = Object)], CommandType='Text', CommandTimeout='60']
SELECT a."AssetOfferId" AS "Id", a."AssetId", a0."Title" AS "AssetOfferTitle", a0."SoftCurrencyPrice" AS "AssetOfferSoftCurrencyPrice", a0."HardCurrencyPrice" AS "AssetOfferHardCurrencyPrice"
FROM "AssetOfferAsset" AS a
INNER JOIN "AssetOffer" AS a0 ON a."AssetOfferId" = a0."Id"
WHERE a."IsActive" AND a."AssetType" = @__assetType_0 AND a."AssetId" = ANY (@__ids_1)
Debug [20301]: Closing data reader to 'frevertest' on server 'tcp://postgres-frever-it:5432'.
Debug [20300]: A data reader for 'frevertest' on server 'tcp://postgres-frever-it:5432' is being disposed after spending 0ms reading results.
Debug [20103]: Creating DbCommand for 'ExecuteReader'.
Debug [20104]: Created DbCommand for 'ExecuteReader' (0ms).
Debug [20106]: Initialized DbCommand for 'ExecuteReader' (0ms).
Debug [20100]: Executing DbCommand [Parameters=[@__assetType_0='SetLocation' (DbType = Object), @__ids_1={ '768', '749', '1269', '1268', '1267', ... } (DbType = Object)], CommandType='Text', CommandTimeout='60']
SELECT i."AssetId"
FROM "InAppProductDetails" AS i
WHERE i."AssetId" IS NOT NULL AND i."AssetType" IS NOT NULL AND i."AssetType" = @__assetType_0 AND i."AssetId" = ANY (@__ids_1)
Information [20101]: Executed DbCommand (1ms) [Parameters=[@__assetType_0='SetLocation' (DbType = Object), @__ids_1={ '768', '749', '1269', '1268', '1267', ... } (DbType = Object)], CommandType='Text', CommandTimeout='60']
SELECT i."AssetId"
FROM "InAppProductDetails" AS i
WHERE i."AssetId" IS NOT NULL AND i."AssetType" IS NOT NULL AND i."AssetType" = @__assetType_0 AND i."AssetId" = ANY (@__ids_1)
Debug [20301]: Closing data reader to 'frevertest' on server 'tcp://postgres-frever-it:5432'.
Debug [20300]: A data reader for 'frevertest' on server 'tcp://postgres-frever-it:5432' is being disposed after spending 0ms reading results.
Debug [20103]: Creating DbCommand for 'ExecuteReader'.
Debug [20104]: Created DbCommand for 'ExecuteReader' (0ms).
Debug [20106]: Initialized DbCommand for 'ExecuteReader' (0ms).
Debug [20100]: Executing DbCommand [Parameters=[@__ids_0={ '768', '749', '1269', '1268', '1267', ... } (DbType = Object)], CommandType='Text', CommandTimeout='60']
SELECT DISTINCT s."AssetId"
FROM "SeasonReward" AS s
WHERE (s."AssetId" = ANY (@__ids_0) OR (s."AssetId" IS NULL AND array_position(@__ids_0, NULL) IS NOT NULL)) AND s."AssetType" = 'SetLocation'::"AssetStoreAssetType" AND s."IsEnabled"
Information [20101]: Executed DbCommand (1ms) [Parameters=[@__ids_0={ '768', '749', '1269', '1268', '1267', ... } (DbType = Object)], CommandType='Text', CommandTimeout='60']
SELECT DISTINCT s."AssetId"
FROM "SeasonReward" AS s
WHERE (s."AssetId" = ANY (@__ids_0) OR (s."AssetId" IS NULL AND array_position(@__ids_0, NULL) IS NOT NULL)) AND s."AssetType" = 'SetLocation'::"AssetStoreAssetType" AND s."IsEnabled"
Debug [20301]: Closing data reader to 'frevertest' on server 'tcp://postgres-frever-it:5432'.
Debug [20300]: A data reader for 'frevertest' on server 'tcp://postgres-frever-it:5432' is being disposed after spending 0ms reading results.
Debug [20103]: Creating DbCommand for 'ExecuteReader'.
Debug [20104]: Created DbCommand for 'ExecuteReader' (0ms).
Debug [20106]: Initialized DbCommand for 'ExecuteReader' (0ms).
Debug [20100]: Executing DbCommand [Parameters=[], CommandType='Text', CommandTimeout='60']
SELECT DISTINCT s."SetLocationId"
FROM "Level" AS l
INNER JOIN "Event" AS e ON l."Id" = e."LevelId"
INNER JOIN "SetLocationController" AS s ON e."Id" = s."EventId"
WHERE l."IsForVideoMessage" AND NOT (l."IsDeleted")
Information [20101]: Executed DbCommand (1ms) [Parameters=[], CommandType='Text', CommandTimeout='60']
SELECT DISTINCT s."SetLocationId"
FROM "Level" AS l
INNER JOIN "Event" AS e ON l."Id" = e."LevelId"
INNER JOIN "SetLocationController" AS s ON e."Id" = s."EventId"
WHERE l."IsForVideoMessage" AND NOT (l."IsDeleted")
Debug [20301]: Closing data reader to 'frevertest' on server 'tcp://postgres-frever-it:5432'.
Debug [20300]: A data reader for 'frevertest' on server 'tcp://postgres-frever-it:5432' is being disposed after spending 0ms reading results.
Debug [20103]: Creating DbCommand for 'ExecuteReader'.
Debug [20104]: Created DbCommand for 'ExecuteReader' (0ms).
Debug [20106]: Initialized DbCommand for 'ExecuteReader' (0ms).
Debug [20100]: Executing DbCommand [Parameters=[], CommandType='Text', CommandTimeout='60']
SELECT m."Id", m."AllowUsingSubSpawnPositions", m."AutoSetOnAssetManager", m."AvailableForShuffling", m."DefaultBodyAnimationId", m."DefaultForNonRemastered", m."DependsOnCharacterHeelsHeight", m."FilesInfo", m."Name", m."SortOrder", m."SupportFormation"
FROM "MovementType" AS m
Information [20101]: Executed DbCommand (0ms) [Parameters=[], CommandType='Text', CommandTimeout='60']
SELECT m."Id", m."AllowUsingSubSpawnPositions", m."AutoSetOnAssetManager", m."AvailableForShuffling", m."DefaultBodyAnimationId", m."DefaultForNonRemastered", m."DependsOnCharacterHeelsHeight", m."FilesInfo", m."Name", m."SortOrder", m."SupportFormation"
FROM "MovementType" AS m
Debug [20301]: Closing data reader to 'frevertest' on server 'tcp://postgres-frever-it:5432'.
Debug [20300]: A data reader for 'frevertest' on server 'tcp://postgres-frever-it:5432' is being disposed after spending 0ms reading results.
Debug [20204]: Disposing transaction.
Debug [20002]: Closing connection to database 'frevertest' on server 'tcp://postgres-frever-it:5432'.
Debug [20003]: Closed connection to database 'frevertest' on server 'tcp://postgres-frever-it:5432' (0ms).</StdOut>
      </Output>
    </UnitTestResult>
    <UnitTestResult executionId="ae790050-754a-4bc1-92a0-212012e08294" testId="8bba983d-cfc0-fb17-3c51-87a1e76258f2" testName="Frever.Client.Core.IntegrationTest.Features.Assets.SetLocations.SetLocationServiceIntegrationTest.SetLocation_RecommendedTest" computerName="5955a5bf5f87" duration="00:00:02.4562713" startTime="2024-07-02T13:00:26.2807857+00:00" endTime="2024-07-02T13:00:26.2807859+00:00" testType="13cdc9d9-ddb5-4fa4-a97d-d965ccfc6d4b" outcome="Passed" testListId="8c84fa94-04c1-424b-9868-57a2d4851a1d" relativeResultsDirectory="ae790050-754a-4bc1-92a0-212012e08294">
      <Output>
        <StdOut>Debug [10403]: Entity Framework Core 8.0.4 initialized 'TestReadWriteDbContext' using provider 'Npgsql.EntityFrameworkCore.PostgreSQL:8.0.2+5a671b9769f2d00a75b0ba42ce30c444a12407e3' with options: SensitiveDataLoggingEnabled CommandTimeout=60 MigrationsHistoryTable=public.__EFMigrationsHistory using NetTopologySuite 
Debug [20005]: Creating DbConnection.
Debug [20006]: Created DbConnection. (0ms).
Debug [20000]: Opening connection to database 'frevertest' on server 'tcp://postgres-frever-it:5432'.
Debug [20001]: Opened connection to database 'frevertest' on server 'tcp://postgres-frever-it:5432'.
Debug [20209]: Beginning transaction with isolation level 'Unspecified'.
Debug [20200]: Began transaction with isolation level 'ReadCommitted'.
Debug [10111]: Compiling query expression: 
'DbSet&lt;User&gt;().FromSql(
with g as (
    insert into "Group" ("NickName",
                         "TaxationCountryId",
                         "DefaultLanguageId",
                         "BirthDate",
                         "Gender"
        )
        values ('test-user-a0e21e566bb94cde9300ded6c56ee537',
                (select "Id" from "Country" where "ISOName" = 'swe'),
                (select "Id" from "Language" where "IsoCode" = 'swe'),
                '1992-10-20T00:00:00.0000000',
                1)
        returning *),
     u as (
         insert
             into "User" ("IdentityServerId", "Email", "DataCollection", "MainGroupId", "AnalyticsEnabled",
                          "PhoneNumber",
                          "CreatorPermissionLevel", "MainCharacterId")
                 select uuid_generate_v4(),
                        'test-user-a0e21e566bb94cde9300ded6c56ee537@frever-test.com',
                        true,
                        g."Id",
                        true,
                        null,
                        array []::bigint[],
                        null
                 from g
                 returning *),
     activity as (
         insert into "UserActivity" ("GroupId", "OccurredAt", "ActionType")
             select g."Id", null, 'Login'
             from g
             where null is not null)
select *
from u;, __p_0)
'
Debug [10107]: Generated query execution expression: 
'queryContext =&gt; new FromSqlQueryingEnumerable&lt;User&gt;(
    (RelationalQueryContext)queryContext, 
    RelationalCommandCache.QueryExpression(
        Projection Mapping:
            EmptyProjectionMember -&gt; Dictionary&lt;IProperty, int&gt; { [Property: User.Id (long) Required PK AfterSave:Throw ValueGenerated.OnAdd, 0], [Property: User.AnalyticsEnabled (bool) Required, 1], [Property: User.AppleId (string), 2], [Property: User.CreatedTime (DateTime) Required ValueGenerated.OnAdd, 3], [Property: User.CreatorPermissionLevel (long[]) Element type: long Required, 4], [Property: User.DataCollection (bool?), 5], [Property: User.Email (string) Index, 6], [Property: User.GoogleId (string), 7], [Property: User.IdentityServerId (Guid) Required Index, 8], [Property: User.IsFeatured (bool) Required, 9], [Property: User.MainCharacterId (long?) FK Index, 10], [Property: User.MainGroupId (long) Required FK Index, 11], [Property: User.ModifiedTime (DateTime) Required, 12], [Property: User.PhoneNumber (string) Index, 13] }
        SELECT f.Id, f.AnalyticsEnabled, f.AppleId, f.CreatedTime, f.CreatorPermissionLevel, f.DataCollection, f.Email, f.GoogleId, f.IdentityServerId, f.IsFeatured, f.MainCharacterId, f.MainGroupId, f.ModifiedTime, f.PhoneNumber
        FROM 
with g as (
    insert into "Group" ("NickName",
                         "TaxationCountryId",
                         "DefaultLanguageId",
                         "BirthDate",
                         "Gender"
        )
        values ('test-user-a0e21e566bb94cde9300ded6c56ee537',
                (select "Id" from "Country" where "ISOName" = 'swe'),
                (select "Id" from "Language" where "IsoCode" = 'swe'),
                '1992-10-20T00:00:00.0000000',
                1)
        returning *),
     u as (
         insert
             into "User" ("IdentityServerId", "Email", "DataCollection", "MainGroupId", "AnalyticsEnabled",
                          "PhoneNumber",
                          "CreatorPermissionLevel", "MainCharacterId")
                 select uuid_generate_v4(),
                        'test-user-a0e21e566bb94cde9300ded6c56ee537@frever-test.com',
                        true,
                        g."Id",
                        true,
                        null,
                        array []::bigint[],
                        null
                 from g
                 returning *),
     activity as (
         insert into "UserActivity" ("GroupId", "OccurredAt", "ActionType")
             select g."Id", null, 'Login'
             from g
             where null is not null)
select *
from u;), 
    null, 
    List&lt;string&gt; { "Id", "AnalyticsEnabled", "AppleId", "CreatedTime", "CreatorPermissionLevel", "DataCollection", "Email", "GoogleId", "IdentityServerId", "IsFeatured", "MainCharacterId", "MainGroupId", "ModifiedTime", "PhoneNumber" }, 
    Func&lt;QueryContext, DbDataReader, int[], User&gt;, 
    Frever.Common.IntegrationTesting.TestReadWriteDbContext, 
    False, 
    False, 
    True
)'
Debug [20103]: Creating DbCommand for 'ExecuteReader'.
Debug [20104]: Created DbCommand for 'ExecuteReader' (0ms).
Debug [20106]: Initialized DbCommand for 'ExecuteReader' (0ms).
Debug [20100]: Executing DbCommand [Parameters=[], CommandType='Text', CommandTimeout='60']

with g as (
    insert into "Group" ("NickName",
                         "TaxationCountryId",
                         "DefaultLanguageId",
                         "BirthDate",
                         "Gender"
        )
        values ('test-user-a0e21e566bb94cde9300ded6c56ee537',
                (select "Id" from "Country" where "ISOName" = 'swe'),
                (select "Id" from "Language" where "IsoCode" = 'swe'),
                '1992-10-20T00:00:00.0000000',
                1)
        returning *),
     u as (
         insert
             into "User" ("IdentityServerId", "Email", "DataCollection", "MainGroupId", "AnalyticsEnabled",
                          "PhoneNumber",
                          "CreatorPermissionLevel", "MainCharacterId")
                 select uuid_generate_v4(),
                        'test-user-a0e21e566bb94cde9300ded6c56ee537@frever-test.com',
                        true,
                        g."Id",
                        true,
                        null,
                        array []::bigint[],
                        null
                 from g
                 returning *),
     activity as (
         insert into "UserActivity" ("GroupId", "OccurredAt", "ActionType")
             select g."Id", null, 'Login'
             from g
             where null is not null)
select *
from u;
Information [20101]: Executed DbCommand (2ms) [Parameters=[], CommandType='Text', CommandTimeout='60']

with g as (
    insert into "Group" ("NickName",
                         "TaxationCountryId",
                         "DefaultLanguageId",
                         "BirthDate",
                         "Gender"
        )
        values ('test-user-a0e21e566bb94cde9300ded6c56ee537',
                (select "Id" from "Country" where "ISOName" = 'swe'),
                (select "Id" from "Language" where "IsoCode" = 'swe'),
                '1992-10-20T00:00:00.0000000',
                1)
        returning *),
     u as (
         insert
             into "User" ("IdentityServerId", "Email", "DataCollection", "MainGroupId", "AnalyticsEnabled",
                          "PhoneNumber",
                          "CreatorPermissionLevel", "MainCharacterId")
                 select uuid_generate_v4(),
                        'test-user-a0e21e566bb94cde9300ded6c56ee537@frever-test.com',
                        true,
                        g."Id",
                        true,
                        null,
                        array []::bigint[],
                        null
                 from g
                 returning *),
     activity as (
         insert into "UserActivity" ("GroupId", "OccurredAt", "ActionType")
             select g."Id", null, 'Login'
             from g
             where null is not null)
select *
from u;
Debug [10806]: Context 'TestReadWriteDbContext' started tracking 'User' entity with key '{Id: 189811}'.
Debug [20301]: Closing data reader to 'frevertest' on server 'tcp://postgres-frever-it:5432'.
Debug [20300]: A data reader for 'frevertest' on server 'tcp://postgres-frever-it:5432' is being disposed after spending 0ms reading results.
Debug [20103]: Creating DbCommand for 'ExecuteNonQuery'.
Debug [20104]: Created DbCommand for 'ExecuteNonQuery' (0ms).
Debug [20106]: Initialized DbCommand for 'ExecuteNonQuery' (0ms).
Debug [20100]: Executing DbCommand [Parameters=[], CommandType='Text', CommandTimeout='60']
delete from "GeoCluster"
Information [20101]: Executed DbCommand (925ms) [Parameters=[], CommandType='Text', CommandTimeout='60']
delete from "GeoCluster"
Debug [20103]: Creating DbCommand for 'ExecuteReader'.
Debug [20104]: Created DbCommand for 'ExecuteReader' (0ms).
Debug [20106]: Initialized DbCommand for 'ExecuteReader' (0ms).
Debug [20100]: Executing DbCommand [Parameters=[], CommandType='Text', CommandTimeout='60']
insert into "GeoCluster"("Priority", "Title", "IncludeVideoFromCountry",
                         "IncludeVideoWithLanguage", "ShowToUserFromCountry",
                         "ShowForUserWithLanguage")
values (3,
        'Swedish',
        ARRAY['swe']::text[],
        ARRAY['swe']::text[],
        ARRAY['swe']::text[],
        ARRAY['swe']::text[])
returning *;
Information [20101]: Executed DbCommand (1ms) [Parameters=[], CommandType='Text', CommandTimeout='60']
insert into "GeoCluster"("Priority", "Title", "IncludeVideoFromCountry",
                         "IncludeVideoWithLanguage", "ShowToUserFromCountry",
                         "ShowForUserWithLanguage")
values (3,
        'Swedish',
        ARRAY['swe']::text[],
        ARRAY['swe']::text[],
        ARRAY['swe']::text[],
        ARRAY['swe']::text[])
returning *;
Debug [10806]: Context 'TestReadWriteDbContext' started tracking 'GeoCluster' entity with key '{Id: 109}'.
Debug [20301]: Closing data reader to 'frevertest' on server 'tcp://postgres-frever-it:5432'.
Debug [20300]: A data reader for 'frevertest' on server 'tcp://postgres-frever-it:5432' is being disposed after spending 0ms reading results.
Debug [20103]: Creating DbCommand for 'ExecuteReader'.
Debug [20104]: Created DbCommand for 'ExecuteReader' (0ms).
Debug [20106]: Initialized DbCommand for 'ExecuteReader' (0ms).
Debug [20100]: Executing DbCommand [Parameters=[], CommandType='Text', CommandTimeout='60']
insert into "GeoCluster"("Priority", "Title", "IncludeVideoFromCountry",
                         "IncludeVideoWithLanguage", "ShowToUserFromCountry",
                         "ShowForUserWithLanguage")
values (2,
        'Americal',
        ARRAY['usa']::text[],
        ARRAY['eng']::text[],
        ARRAY['usa']::text[],
        ARRAY['eng']::text[])
returning *;
Information [20101]: Executed DbCommand (0ms) [Parameters=[], CommandType='Text', CommandTimeout='60']
insert into "GeoCluster"("Priority", "Title", "IncludeVideoFromCountry",
                         "IncludeVideoWithLanguage", "ShowToUserFromCountry",
                         "ShowForUserWithLanguage")
values (2,
        'Americal',
        ARRAY['usa']::text[],
        ARRAY['eng']::text[],
        ARRAY['usa']::text[],
        ARRAY['eng']::text[])
returning *;
Debug [10806]: Context 'TestReadWriteDbContext' started tracking 'GeoCluster' entity with key '{Id: 110}'.
Debug [20301]: Closing data reader to 'frevertest' on server 'tcp://postgres-frever-it:5432'.
Debug [20300]: A data reader for 'frevertest' on server 'tcp://postgres-frever-it:5432' is being disposed after spending 0ms reading results.
Debug [20103]: Creating DbCommand for 'ExecuteReader'.
Debug [20104]: Created DbCommand for 'ExecuteReader' (0ms).
Debug [20106]: Initialized DbCommand for 'ExecuteReader' (0ms).
Debug [20100]: Executing DbCommand [Parameters=[@__groupId_0='189867'], CommandType='Text', CommandTimeout='60']
SELECT g."IsBlocked", g."DeletedAt", g."IsTemporary"
FROM "Group" AS g
WHERE g."Id" = @__groupId_0
LIMIT 1
Information [20101]: Executed DbCommand (1ms) [Parameters=[@__groupId_0='189867'], CommandType='Text', CommandTimeout='60']
SELECT g."IsBlocked", g."DeletedAt", g."IsTemporary"
FROM "Group" AS g
WHERE g."Id" = @__groupId_0
LIMIT 1
Debug [20301]: Closing data reader to 'frevertest' on server 'tcp://postgres-frever-it:5432'.
Debug [20300]: A data reader for 'frevertest' on server 'tcp://postgres-frever-it:5432' is being disposed after spending 0ms reading results.
Debug [20103]: Creating DbCommand for 'ExecuteReader'.
Debug [20104]: Created DbCommand for 'ExecuteReader' (0ms).
Debug [20106]: Initialized DbCommand for 'ExecuteReader' (0ms).
Debug [20100]: Executing DbCommand [Parameters=[@__groupId_0='189867'], CommandType='Text', CommandTimeout='60']
SELECT r.id, r.created_at, r.name, r0.role_id, r0.access_scope, r0.created_at
FROM cms.role AS r
LEFT JOIN cms.role_access_scope AS r0 ON r.id = r0.role_id
WHERE EXISTS (
    SELECT 1
    FROM cms.user_role AS u
    WHERE u.group_id = @__groupId_0 AND u.role_id = r.id)
ORDER BY r.id, r0.role_id
Information [20101]: Executed DbCommand (1ms) [Parameters=[@__groupId_0='189867'], CommandType='Text', CommandTimeout='60']
SELECT r.id, r.created_at, r.name, r0.role_id, r0.access_scope, r0.created_at
FROM cms.role AS r
LEFT JOIN cms.role_access_scope AS r0 ON r.id = r0.role_id
WHERE EXISTS (
    SELECT 1
    FROM cms.user_role AS u
    WHERE u.group_id = @__groupId_0 AND u.role_id = r.id)
ORDER BY r.id, r0.role_id
Debug [20301]: Closing data reader to 'frevertest' on server 'tcp://postgres-frever-it:5432'.
Debug [20300]: A data reader for 'frevertest' on server 'tcp://postgres-frever-it:5432' is being disposed after spending 0ms reading results.
Debug [20103]: Creating DbCommand for 'ExecuteNonQuery'.
Debug [20104]: Created DbCommand for 'ExecuteNonQuery' (0ms).
Debug [20106]: Initialized DbCommand for 'ExecuteNonQuery' (0ms).
Debug [20100]: Executing DbCommand [Parameters=[], CommandType='Text', CommandTimeout='60']
update "SetLocation"
set "RecommendSortOrder" = 0
where "Id" = 920
Information [20101]: Executed DbCommand (1ms) [Parameters=[], CommandType='Text', CommandTimeout='60']
update "SetLocation"
set "RecommendSortOrder" = 0
where "Id" = 920
Debug [20103]: Creating DbCommand for 'ExecuteNonQuery'.
Debug [20104]: Created DbCommand for 'ExecuteNonQuery' (0ms).
Debug [20106]: Initialized DbCommand for 'ExecuteNonQuery' (0ms).
Debug [20100]: Executing DbCommand [Parameters=[], CommandType='Text', CommandTimeout='60']
update "SetLocation"
set "RecommendSortOrder" = 1
where "Id" = 1105
Information [20101]: Executed DbCommand (1ms) [Parameters=[], CommandType='Text', CommandTimeout='60']
update "SetLocation"
set "RecommendSortOrder" = 1
where "Id" = 1105
Debug [20103]: Creating DbCommand for 'ExecuteNonQuery'.
Debug [20104]: Created DbCommand for 'ExecuteNonQuery' (0ms).
Debug [20106]: Initialized DbCommand for 'ExecuteNonQuery' (0ms).
Debug [20100]: Executing DbCommand [Parameters=[], CommandType='Text', CommandTimeout='60']
update "SetLocation"
set "RecommendSortOrder" = 2
where "Id" = 906
Information [20101]: Executed DbCommand (0ms) [Parameters=[], CommandType='Text', CommandTimeout='60']
update "SetLocation"
set "RecommendSortOrder" = 2
where "Id" = 906
Debug [20103]: Creating DbCommand for 'ExecuteNonQuery'.
Debug [20104]: Created DbCommand for 'ExecuteNonQuery' (0ms).
Debug [20106]: Initialized DbCommand for 'ExecuteNonQuery' (0ms).
Debug [20100]: Executing DbCommand [Parameters=[], CommandType='Text', CommandTimeout='60']
update "SetLocation"
set "RecommendSortOrder" = 3
where "Id" = 208
Information [20101]: Executed DbCommand (0ms) [Parameters=[], CommandType='Text', CommandTimeout='60']
update "SetLocation"
set "RecommendSortOrder" = 3
where "Id" = 208
Debug [20103]: Creating DbCommand for 'ExecuteNonQuery'.
Debug [20104]: Created DbCommand for 'ExecuteNonQuery' (0ms).
Debug [20106]: Initialized DbCommand for 'ExecuteNonQuery' (0ms).
Debug [20100]: Executing DbCommand [Parameters=[], CommandType='Text', CommandTimeout='60']
update "SetLocation"
set "RecommendSortOrder" = 4
where "Id" = 353
Information [20101]: Executed DbCommand (0ms) [Parameters=[], CommandType='Text', CommandTimeout='60']
update "SetLocation"
set "RecommendSortOrder" = 4
where "Id" = 353
Debug [20103]: Creating DbCommand for 'ExecuteNonQuery'.
Debug [20104]: Created DbCommand for 'ExecuteNonQuery' (0ms).
Debug [20106]: Initialized DbCommand for 'ExecuteNonQuery' (0ms).
Debug [20100]: Executing DbCommand [Parameters=[], CommandType='Text', CommandTimeout='60']
update "SetLocation"
set "RecommendSortOrder" = 5
where "Id" = 1138
Information [20101]: Executed DbCommand (0ms) [Parameters=[], CommandType='Text', CommandTimeout='60']
update "SetLocation"
set "RecommendSortOrder" = 5
where "Id" = 1138
Debug [20103]: Creating DbCommand for 'ExecuteNonQuery'.
Debug [20104]: Created DbCommand for 'ExecuteNonQuery' (0ms).
Debug [20106]: Initialized DbCommand for 'ExecuteNonQuery' (0ms).
Debug [20100]: Executing DbCommand [Parameters=[], CommandType='Text', CommandTimeout='60']
update "SetLocation"
set "RecommendSortOrder" = 6
where "Id" = 404
Information [20101]: Executed DbCommand (1ms) [Parameters=[], CommandType='Text', CommandTimeout='60']
update "SetLocation"
set "RecommendSortOrder" = 6
where "Id" = 404
Debug [20103]: Creating DbCommand for 'ExecuteNonQuery'.
Debug [20104]: Created DbCommand for 'ExecuteNonQuery' (0ms).
Debug [20106]: Initialized DbCommand for 'ExecuteNonQuery' (0ms).
Debug [20100]: Executing DbCommand [Parameters=[], CommandType='Text', CommandTimeout='60']
update "SetLocation"
set "RecommendSortOrder" = 7
where "Id" = 565
Information [20101]: Executed DbCommand (0ms) [Parameters=[], CommandType='Text', CommandTimeout='60']
update "SetLocation"
set "RecommendSortOrder" = 7
where "Id" = 565
Debug [20103]: Creating DbCommand for 'ExecuteNonQuery'.
Debug [20104]: Created DbCommand for 'ExecuteNonQuery' (0ms).
Debug [20106]: Initialized DbCommand for 'ExecuteNonQuery' (0ms).
Debug [20100]: Executing DbCommand [Parameters=[], CommandType='Text', CommandTimeout='60']
update "SetLocation"
set "RecommendSortOrder" = 8
where "Id" = 455
Information [20101]: Executed DbCommand (0ms) [Parameters=[], CommandType='Text', CommandTimeout='60']
update "SetLocation"
set "RecommendSortOrder" = 8
where "Id" = 455
Debug [20103]: Creating DbCommand for 'ExecuteNonQuery'.
Debug [20104]: Created DbCommand for 'ExecuteNonQuery' (0ms).
Debug [20106]: Initialized DbCommand for 'ExecuteNonQuery' (0ms).
Debug [20100]: Executing DbCommand [Parameters=[], CommandType='Text', CommandTimeout='60']
update "SetLocation"
set "RecommendSortOrder" = 9
where "Id" = 887
Information [20101]: Executed DbCommand (0ms) [Parameters=[], CommandType='Text', CommandTimeout='60']
update "SetLocation"
set "RecommendSortOrder" = 9
where "Id" = 887
Debug [20103]: Creating DbCommand for 'ExecuteNonQuery'.
Debug [20104]: Created DbCommand for 'ExecuteNonQuery' (0ms).
Debug [20106]: Initialized DbCommand for 'ExecuteNonQuery' (0ms).
Debug [20100]: Executing DbCommand [Parameters=[], CommandType='Text', CommandTimeout='60']
update "SetLocation"
set "RecommendSortOrder" = 10
where "Id" = 294
Information [20101]: Executed DbCommand (0ms) [Parameters=[], CommandType='Text', CommandTimeout='60']
update "SetLocation"
set "RecommendSortOrder" = 10
where "Id" = 294
Debug [20103]: Creating DbCommand for 'ExecuteNonQuery'.
Debug [20104]: Created DbCommand for 'ExecuteNonQuery' (0ms).
Debug [20106]: Initialized DbCommand for 'ExecuteNonQuery' (0ms).
Debug [20100]: Executing DbCommand [Parameters=[], CommandType='Text', CommandTimeout='60']
update "SetLocation"
set "RecommendSortOrder" = 11
where "Id" = 851
Information [20101]: Executed DbCommand (0ms) [Parameters=[], CommandType='Text', CommandTimeout='60']
update "SetLocation"
set "RecommendSortOrder" = 11
where "Id" = 851
Debug [20103]: Creating DbCommand for 'ExecuteNonQuery'.
Debug [20104]: Created DbCommand for 'ExecuteNonQuery' (0ms).
Debug [20106]: Initialized DbCommand for 'ExecuteNonQuery' (0ms).
Debug [20100]: Executing DbCommand [Parameters=[], CommandType='Text', CommandTimeout='60']
update "SetLocation"
set "RecommendSortOrder" = 12
where "Id" = 442
Information [20101]: Executed DbCommand (0ms) [Parameters=[], CommandType='Text', CommandTimeout='60']
update "SetLocation"
set "RecommendSortOrder" = 12
where "Id" = 442
Debug [20103]: Creating DbCommand for 'ExecuteNonQuery'.
Debug [20104]: Created DbCommand for 'ExecuteNonQuery' (0ms).
Debug [20106]: Initialized DbCommand for 'ExecuteNonQuery' (0ms).
Debug [20100]: Executing DbCommand [Parameters=[], CommandType='Text', CommandTimeout='60']
update "SetLocation"
set "RecommendSortOrder" = 13
where "Id" = 680
Information [20101]: Executed DbCommand (0ms) [Parameters=[], CommandType='Text', CommandTimeout='60']
update "SetLocation"
set "RecommendSortOrder" = 13
where "Id" = 680
Debug [20103]: Creating DbCommand for 'ExecuteNonQuery'.
Debug [20104]: Created DbCommand for 'ExecuteNonQuery' (0ms).
Debug [20106]: Initialized DbCommand for 'ExecuteNonQuery' (0ms).
Debug [20100]: Executing DbCommand [Parameters=[], CommandType='Text', CommandTimeout='60']
update "SetLocation"
set "RecommendSortOrder" = 14
where "Id" = 228
Information [20101]: Executed DbCommand (0ms) [Parameters=[], CommandType='Text', CommandTimeout='60']
update "SetLocation"
set "RecommendSortOrder" = 14
where "Id" = 228
Debug [20103]: Creating DbCommand for 'ExecuteNonQuery'.
Debug [20104]: Created DbCommand for 'ExecuteNonQuery' (0ms).
Debug [20106]: Initialized DbCommand for 'ExecuteNonQuery' (0ms).
Debug [20100]: Executing DbCommand [Parameters=[], CommandType='Text', CommandTimeout='60']
update "SetLocation"
set "RecommendSortOrder" = 15
where "Id" = 1000
Information [20101]: Executed DbCommand (0ms) [Parameters=[], CommandType='Text', CommandTimeout='60']
update "SetLocation"
set "RecommendSortOrder" = 15
where "Id" = 1000
Debug [20103]: Creating DbCommand for 'ExecuteNonQuery'.
Debug [20104]: Created DbCommand for 'ExecuteNonQuery' (0ms).
Debug [20106]: Initialized DbCommand for 'ExecuteNonQuery' (0ms).
Debug [20100]: Executing DbCommand [Parameters=[], CommandType='Text', CommandTimeout='60']
update "SetLocation"
set "RecommendSortOrder" = 16
where "Id" = 651
Information [20101]: Executed DbCommand (0ms) [Parameters=[], CommandType='Text', CommandTimeout='60']
update "SetLocation"
set "RecommendSortOrder" = 16
where "Id" = 651
Debug [20103]: Creating DbCommand for 'ExecuteNonQuery'.
Debug [20104]: Created DbCommand for 'ExecuteNonQuery' (0ms).
Debug [20106]: Initialized DbCommand for 'ExecuteNonQuery' (0ms).
Debug [20100]: Executing DbCommand [Parameters=[], CommandType='Text', CommandTimeout='60']
update "SetLocation"
set "RecommendSortOrder" = 17
where "Id" = 687
Information [20101]: Executed DbCommand (0ms) [Parameters=[], CommandType='Text', CommandTimeout='60']
update "SetLocation"
set "RecommendSortOrder" = 17
where "Id" = 687
Debug [20103]: Creating DbCommand for 'ExecuteNonQuery'.
Debug [20104]: Created DbCommand for 'ExecuteNonQuery' (0ms).
Debug [20106]: Initialized DbCommand for 'ExecuteNonQuery' (0ms).
Debug [20100]: Executing DbCommand [Parameters=[], CommandType='Text', CommandTimeout='60']
update "SetLocation"
set "RecommendSortOrder" = 18
where "Id" = 980
Information [20101]: Executed DbCommand (0ms) [Parameters=[], CommandType='Text', CommandTimeout='60']
update "SetLocation"
set "RecommendSortOrder" = 18
where "Id" = 980
Debug [20103]: Creating DbCommand for 'ExecuteNonQuery'.
Debug [20104]: Created DbCommand for 'ExecuteNonQuery' (0ms).
Debug [20106]: Initialized DbCommand for 'ExecuteNonQuery' (0ms).
Debug [20100]: Executing DbCommand [Parameters=[], CommandType='Text', CommandTimeout='60']
update "SetLocation"
set "RecommendSortOrder" = 19
where "Id" = 1024
Information [20101]: Executed DbCommand (0ms) [Parameters=[], CommandType='Text', CommandTimeout='60']
update "SetLocation"
set "RecommendSortOrder" = 19
where "Id" = 1024
Debug [20103]: Creating DbCommand for 'ExecuteNonQuery'.
Debug [20104]: Created DbCommand for 'ExecuteNonQuery' (0ms).
Debug [20106]: Initialized DbCommand for 'ExecuteNonQuery' (0ms).
Debug [20100]: Executing DbCommand [Parameters=[], CommandType='Text', CommandTimeout='60']
update "SetLocation"
set "RecommendSortOrder" = 20
where "Id" = 902
Information [20101]: Executed DbCommand (0ms) [Parameters=[], CommandType='Text', CommandTimeout='60']
update "SetLocation"
set "RecommendSortOrder" = 20
where "Id" = 902
Debug [20103]: Creating DbCommand for 'ExecuteNonQuery'.
Debug [20104]: Created DbCommand for 'ExecuteNonQuery' (0ms).
Debug [20106]: Initialized DbCommand for 'ExecuteNonQuery' (0ms).
Debug [20100]: Executing DbCommand [Parameters=[], CommandType='Text', CommandTimeout='60']
update "SetLocation"
set "RecommendSortOrder" = 21
where "Id" = 820
Information [20101]: Executed DbCommand (0ms) [Parameters=[], CommandType='Text', CommandTimeout='60']
update "SetLocation"
set "RecommendSortOrder" = 21
where "Id" = 820
Debug [20103]: Creating DbCommand for 'ExecuteNonQuery'.
Debug [20104]: Created DbCommand for 'ExecuteNonQuery' (0ms).
Debug [20106]: Initialized DbCommand for 'ExecuteNonQuery' (0ms).
Debug [20100]: Executing DbCommand [Parameters=[], CommandType='Text', CommandTimeout='60']
update "SetLocation"
set "RecommendSortOrder" = 22
where "Id" = 398
Information [20101]: Executed DbCommand (0ms) [Parameters=[], CommandType='Text', CommandTimeout='60']
update "SetLocation"
set "RecommendSortOrder" = 22
where "Id" = 398
Debug [20103]: Creating DbCommand for 'ExecuteNonQuery'.
Debug [20104]: Created DbCommand for 'ExecuteNonQuery' (0ms).
Debug [20106]: Initialized DbCommand for 'ExecuteNonQuery' (0ms).
Debug [20100]: Executing DbCommand [Parameters=[], CommandType='Text', CommandTimeout='60']
update "SetLocation"
set "RecommendSortOrder" = 23
where "Id" = 1169
Information [20101]: Executed DbCommand (0ms) [Parameters=[], CommandType='Text', CommandTimeout='60']
update "SetLocation"
set "RecommendSortOrder" = 23
where "Id" = 1169
Debug [20103]: Creating DbCommand for 'ExecuteNonQuery'.
Debug [20104]: Created DbCommand for 'ExecuteNonQuery' (0ms).
Debug [20106]: Initialized DbCommand for 'ExecuteNonQuery' (0ms).
Debug [20100]: Executing DbCommand [Parameters=[], CommandType='Text', CommandTimeout='60']
update "SetLocation"
set "RecommendSortOrder" = 24
where "Id" = 1085
Information [20101]: Executed DbCommand (0ms) [Parameters=[], CommandType='Text', CommandTimeout='60']
update "SetLocation"
set "RecommendSortOrder" = 24
where "Id" = 1085
Debug [20103]: Creating DbCommand for 'ExecuteNonQuery'.
Debug [20104]: Created DbCommand for 'ExecuteNonQuery' (0ms).
Debug [20106]: Initialized DbCommand for 'ExecuteNonQuery' (0ms).
Debug [20100]: Executing DbCommand [Parameters=[], CommandType='Text', CommandTimeout='60']
update "SetLocation"
set "RecommendSortOrder" = 25
where "Id" = 1018
Information [20101]: Executed DbCommand (0ms) [Parameters=[], CommandType='Text', CommandTimeout='60']
update "SetLocation"
set "RecommendSortOrder" = 25
where "Id" = 1018
Debug [20103]: Creating DbCommand for 'ExecuteNonQuery'.
Debug [20104]: Created DbCommand for 'ExecuteNonQuery' (0ms).
Debug [20106]: Initialized DbCommand for 'ExecuteNonQuery' (0ms).
Debug [20100]: Executing DbCommand [Parameters=[], CommandType='Text', CommandTimeout='60']
update "SetLocation"
set "RecommendSortOrder" = 26
where "Id" = 709
Information [20101]: Executed DbCommand (0ms) [Parameters=[], CommandType='Text', CommandTimeout='60']
update "SetLocation"
set "RecommendSortOrder" = 26
where "Id" = 709
Debug [20103]: Creating DbCommand for 'ExecuteNonQuery'.
Debug [20104]: Created DbCommand for 'ExecuteNonQuery' (0ms).
Debug [20106]: Initialized DbCommand for 'ExecuteNonQuery' (0ms).
Debug [20100]: Executing DbCommand [Parameters=[], CommandType='Text', CommandTimeout='60']
update "SetLocation"
set "RecommendSortOrder" = 27
where "Id" = 399
Information [20101]: Executed DbCommand (0ms) [Parameters=[], CommandType='Text', CommandTimeout='60']
update "SetLocation"
set "RecommendSortOrder" = 27
where "Id" = 399
Debug [20103]: Creating DbCommand for 'ExecuteNonQuery'.
Debug [20104]: Created DbCommand for 'ExecuteNonQuery' (0ms).
Debug [20106]: Initialized DbCommand for 'ExecuteNonQuery' (0ms).
Debug [20100]: Executing DbCommand [Parameters=[], CommandType='Text', CommandTimeout='60']
update "SetLocation"
set "RecommendSortOrder" = 28
where "Id" = 718
Information [20101]: Executed DbCommand (0ms) [Parameters=[], CommandType='Text', CommandTimeout='60']
update "SetLocation"
set "RecommendSortOrder" = 28
where "Id" = 718
Debug [20103]: Creating DbCommand for 'ExecuteNonQuery'.
Debug [20104]: Created DbCommand for 'ExecuteNonQuery' (0ms).
Debug [20106]: Initialized DbCommand for 'ExecuteNonQuery' (0ms).
Debug [20100]: Executing DbCommand [Parameters=[], CommandType='Text', CommandTimeout='60']
update "SetLocation"
set "RecommendSortOrder" = 29
where "Id" = 1194
Information [20101]: Executed DbCommand (0ms) [Parameters=[], CommandType='Text', CommandTimeout='60']
update "SetLocation"
set "RecommendSortOrder" = 29
where "Id" = 1194
Debug [20103]: Creating DbCommand for 'ExecuteNonQuery'.
Debug [20104]: Created DbCommand for 'ExecuteNonQuery' (0ms).
Debug [20106]: Initialized DbCommand for 'ExecuteNonQuery' (0ms).
Debug [20100]: Executing DbCommand [Parameters=[], CommandType='Text', CommandTimeout='60']
update "SetLocation"
set "RecommendSortOrder" = 30
where "Id" = 928
Information [20101]: Executed DbCommand (0ms) [Parameters=[], CommandType='Text', CommandTimeout='60']
update "SetLocation"
set "RecommendSortOrder" = 30
where "Id" = 928
Debug [20103]: Creating DbCommand for 'ExecuteNonQuery'.
Debug [20104]: Created DbCommand for 'ExecuteNonQuery' (0ms).
Debug [20106]: Initialized DbCommand for 'ExecuteNonQuery' (0ms).
Debug [20100]: Executing DbCommand [Parameters=[], CommandType='Text', CommandTimeout='60']
update "SetLocation"
set "RecommendSortOrder" = 31
where "Id" = 822
Information [20101]: Executed DbCommand (0ms) [Parameters=[], CommandType='Text', CommandTimeout='60']
update "SetLocation"
set "RecommendSortOrder" = 31
where "Id" = 822
Debug [20103]: Creating DbCommand for 'ExecuteNonQuery'.
Debug [20104]: Created DbCommand for 'ExecuteNonQuery' (0ms).
Debug [20106]: Initialized DbCommand for 'ExecuteNonQuery' (0ms).
Debug [20100]: Executing DbCommand [Parameters=[], CommandType='Text', CommandTimeout='60']
update "SetLocation"
set "RecommendSortOrder" = 32
where "Id" = 312
Information [20101]: Executed DbCommand (0ms) [Parameters=[], CommandType='Text', CommandTimeout='60']
update "SetLocation"
set "RecommendSortOrder" = 32
where "Id" = 312
Debug [20103]: Creating DbCommand for 'ExecuteNonQuery'.
Debug [20104]: Created DbCommand for 'ExecuteNonQuery' (0ms).
Debug [20106]: Initialized DbCommand for 'ExecuteNonQuery' (0ms).
Debug [20100]: Executing DbCommand [Parameters=[], CommandType='Text', CommandTimeout='60']
update "SetLocation"
set "RecommendSortOrder" = 33
where "Id" = 1238
Information [20101]: Executed DbCommand (0ms) [Parameters=[], CommandType='Text', CommandTimeout='60']
update "SetLocation"
set "RecommendSortOrder" = 33
where "Id" = 1238
Debug [20103]: Creating DbCommand for 'ExecuteNonQuery'.
Debug [20104]: Created DbCommand for 'ExecuteNonQuery' (0ms).
Debug [20106]: Initialized DbCommand for 'ExecuteNonQuery' (0ms).
Debug [20100]: Executing DbCommand [Parameters=[], CommandType='Text', CommandTimeout='60']
update "SetLocation"
set "RecommendSortOrder" = 34
where "Id" = 1212
Information [20101]: Executed DbCommand (1ms) [Parameters=[], CommandType='Text', CommandTimeout='60']
update "SetLocation"
set "RecommendSortOrder" = 34
where "Id" = 1212
Debug [20103]: Creating DbCommand for 'ExecuteNonQuery'.
Debug [20104]: Created DbCommand for 'ExecuteNonQuery' (0ms).
Debug [20106]: Initialized DbCommand for 'ExecuteNonQuery' (0ms).
Debug [20100]: Executing DbCommand [Parameters=[], CommandType='Text', CommandTimeout='60']
update "SetLocation"
set "RecommendSortOrder" = 35
where "Id" = 726
Information [20101]: Executed DbCommand (0ms) [Parameters=[], CommandType='Text', CommandTimeout='60']
update "SetLocation"
set "RecommendSortOrder" = 35
where "Id" = 726
Debug [20103]: Creating DbCommand for 'ExecuteNonQuery'.
Debug [20104]: Created DbCommand for 'ExecuteNonQuery' (0ms).
Debug [20106]: Initialized DbCommand for 'ExecuteNonQuery' (0ms).
Debug [20100]: Executing DbCommand [Parameters=[], CommandType='Text', CommandTimeout='60']
update "SetLocation"
set "RecommendSortOrder" = 36
where "Id" = 849
Information [20101]: Executed DbCommand (0ms) [Parameters=[], CommandType='Text', CommandTimeout='60']
update "SetLocation"
set "RecommendSortOrder" = 36
where "Id" = 849
Debug [20103]: Creating DbCommand for 'ExecuteNonQuery'.
Debug [20104]: Created DbCommand for 'ExecuteNonQuery' (0ms).
Debug [20106]: Initialized DbCommand for 'ExecuteNonQuery' (0ms).
Debug [20100]: Executing DbCommand [Parameters=[], CommandType='Text', CommandTimeout='60']
update "SetLocation"
set "RecommendSortOrder" = 37
where "Id" = 1214
Information [20101]: Executed DbCommand (0ms) [Parameters=[], CommandType='Text', CommandTimeout='60']
update "SetLocation"
set "RecommendSortOrder" = 37
where "Id" = 1214
Debug [20103]: Creating DbCommand for 'ExecuteNonQuery'.
Debug [20104]: Created DbCommand for 'ExecuteNonQuery' (0ms).
Debug [20106]: Initialized DbCommand for 'ExecuteNonQuery' (0ms).
Debug [20100]: Executing DbCommand [Parameters=[], CommandType='Text', CommandTimeout='60']
update "SetLocation"
set "RecommendSortOrder" = 38
where "Id" = 1112
Information [20101]: Executed DbCommand (0ms) [Parameters=[], CommandType='Text', CommandTimeout='60']
update "SetLocation"
set "RecommendSortOrder" = 38
where "Id" = 1112
Debug [20103]: Creating DbCommand for 'ExecuteNonQuery'.
Debug [20104]: Created DbCommand for 'ExecuteNonQuery' (0ms).
Debug [20106]: Initialized DbCommand for 'ExecuteNonQuery' (0ms).
Debug [20100]: Executing DbCommand [Parameters=[], CommandType='Text', CommandTimeout='60']
update "SetLocation"
set "RecommendSortOrder" = 39
where "Id" = 925
Information [20101]: Executed DbCommand (0ms) [Parameters=[], CommandType='Text', CommandTimeout='60']
update "SetLocation"
set "RecommendSortOrder" = 39
where "Id" = 925
Debug [20103]: Creating DbCommand for 'ExecuteNonQuery'.
Debug [20104]: Created DbCommand for 'ExecuteNonQuery' (0ms).
Debug [20106]: Initialized DbCommand for 'ExecuteNonQuery' (0ms).
Debug [20100]: Executing DbCommand [Parameters=[], CommandType='Text', CommandTimeout='60']
update "SetLocation"
set "RecommendSortOrder" = 40
where "Id" = 912
Information [20101]: Executed DbCommand (0ms) [Parameters=[], CommandType='Text', CommandTimeout='60']
update "SetLocation"
set "RecommendSortOrder" = 40
where "Id" = 912
Debug [20103]: Creating DbCommand for 'ExecuteNonQuery'.
Debug [20104]: Created DbCommand for 'ExecuteNonQuery' (0ms).
Debug [20106]: Initialized DbCommand for 'ExecuteNonQuery' (0ms).
Debug [20100]: Executing DbCommand [Parameters=[], CommandType='Text', CommandTimeout='60']
update "SetLocation"
set "RecommendSortOrder" = 41
where "Id" = 1151
Information [20101]: Executed DbCommand (0ms) [Parameters=[], CommandType='Text', CommandTimeout='60']
update "SetLocation"
set "RecommendSortOrder" = 41
where "Id" = 1151
Debug [20103]: Creating DbCommand for 'ExecuteNonQuery'.
Debug [20104]: Created DbCommand for 'ExecuteNonQuery' (0ms).
Debug [20106]: Initialized DbCommand for 'ExecuteNonQuery' (0ms).
Debug [20100]: Executing DbCommand [Parameters=[], CommandType='Text', CommandTimeout='60']
update "SetLocation"
set "RecommendSortOrder" = 42
where "Id" = 1213
Information [20101]: Executed DbCommand (0ms) [Parameters=[], CommandType='Text', CommandTimeout='60']
update "SetLocation"
set "RecommendSortOrder" = 42
where "Id" = 1213
Debug [20103]: Creating DbCommand for 'ExecuteNonQuery'.
Debug [20104]: Created DbCommand for 'ExecuteNonQuery' (0ms).
Debug [20106]: Initialized DbCommand for 'ExecuteNonQuery' (0ms).
Debug [20100]: Executing DbCommand [Parameters=[], CommandType='Text', CommandTimeout='60']
update "SetLocation"
set "RecommendSortOrder" = 43
where "Id" = 860
Information [20101]: Executed DbCommand (0ms) [Parameters=[], CommandType='Text', CommandTimeout='60']
update "SetLocation"
set "RecommendSortOrder" = 43
where "Id" = 860
Debug [20103]: Creating DbCommand for 'ExecuteNonQuery'.
Debug [20104]: Created DbCommand for 'ExecuteNonQuery' (0ms).
Debug [20106]: Initialized DbCommand for 'ExecuteNonQuery' (0ms).
Debug [20100]: Executing DbCommand [Parameters=[], CommandType='Text', CommandTimeout='60']
update "SetLocation"
set "RecommendSortOrder" = 44
where "Id" = 724
Information [20101]: Executed DbCommand (0ms) [Parameters=[], CommandType='Text', CommandTimeout='60']
update "SetLocation"
set "RecommendSortOrder" = 44
where "Id" = 724
Debug [20103]: Creating DbCommand for 'ExecuteNonQuery'.
Debug [20104]: Created DbCommand for 'ExecuteNonQuery' (0ms).
Debug [20106]: Initialized DbCommand for 'ExecuteNonQuery' (0ms).
Debug [20100]: Executing DbCommand [Parameters=[], CommandType='Text', CommandTimeout='60']
update "SetLocation"
set "RecommendSortOrder" = 45
where "Id" = 970
Information [20101]: Executed DbCommand (0ms) [Parameters=[], CommandType='Text', CommandTimeout='60']
update "SetLocation"
set "RecommendSortOrder" = 45
where "Id" = 970
Debug [20103]: Creating DbCommand for 'ExecuteNonQuery'.
Debug [20104]: Created DbCommand for 'ExecuteNonQuery' (0ms).
Debug [20106]: Initialized DbCommand for 'ExecuteNonQuery' (0ms).
Debug [20100]: Executing DbCommand [Parameters=[], CommandType='Text', CommandTimeout='60']
update "SetLocation"
set "RecommendSortOrder" = 46
where "Id" = 958
Information [20101]: Executed DbCommand (0ms) [Parameters=[], CommandType='Text', CommandTimeout='60']
update "SetLocation"
set "RecommendSortOrder" = 46
where "Id" = 958
Debug [20103]: Creating DbCommand for 'ExecuteNonQuery'.
Debug [20104]: Created DbCommand for 'ExecuteNonQuery' (0ms).
Debug [20106]: Initialized DbCommand for 'ExecuteNonQuery' (0ms).
Debug [20100]: Executing DbCommand [Parameters=[], CommandType='Text', CommandTimeout='60']
update "SetLocation"
set "RecommendSortOrder" = 47
where "Id" = 503
Information [20101]: Executed DbCommand (0ms) [Parameters=[], CommandType='Text', CommandTimeout='60']
update "SetLocation"
set "RecommendSortOrder" = 47
where "Id" = 503
Debug [20103]: Creating DbCommand for 'ExecuteNonQuery'.
Debug [20104]: Created DbCommand for 'ExecuteNonQuery' (0ms).
Debug [20106]: Initialized DbCommand for 'ExecuteNonQuery' (0ms).
Debug [20100]: Executing DbCommand [Parameters=[], CommandType='Text', CommandTimeout='60']
update "SetLocation"
set "RecommendSortOrder" = 48
where "Id" = 982
Information [20101]: Executed DbCommand (0ms) [Parameters=[], CommandType='Text', CommandTimeout='60']
update "SetLocation"
set "RecommendSortOrder" = 48
where "Id" = 982
Debug [20103]: Creating DbCommand for 'ExecuteNonQuery'.
Debug [20104]: Created DbCommand for 'ExecuteNonQuery' (0ms).
Debug [20106]: Initialized DbCommand for 'ExecuteNonQuery' (0ms).
Debug [20100]: Executing DbCommand [Parameters=[], CommandType='Text', CommandTimeout='60']
update "SetLocation"
set "RecommendSortOrder" = 49
where "Id" = 458
Information [20101]: Executed DbCommand (0ms) [Parameters=[], CommandType='Text', CommandTimeout='60']
update "SetLocation"
set "RecommendSortOrder" = 49
where "Id" = 458
Debug [20103]: Creating DbCommand for 'ExecuteNonQuery'.
Debug [20104]: Created DbCommand for 'ExecuteNonQuery' (0ms).
Debug [20106]: Initialized DbCommand for 'ExecuteNonQuery' (0ms).
Debug [20100]: Executing DbCommand [Parameters=[], CommandType='Text', CommandTimeout='60']
update "SetLocation"
set "RecommendSortOrder" = 50
where "Id" = 1188
Information [20101]: Executed DbCommand (0ms) [Parameters=[], CommandType='Text', CommandTimeout='60']
update "SetLocation"
set "RecommendSortOrder" = 50
where "Id" = 1188
Debug [20103]: Creating DbCommand for 'ExecuteNonQuery'.
Debug [20104]: Created DbCommand for 'ExecuteNonQuery' (0ms).
Debug [20106]: Initialized DbCommand for 'ExecuteNonQuery' (0ms).
Debug [20100]: Executing DbCommand [Parameters=[], CommandType='Text', CommandTimeout='60']
update "SetLocation"
set "RecommendSortOrder" = 51
where "Id" = 304
Information [20101]: Executed DbCommand (0ms) [Parameters=[], CommandType='Text', CommandTimeout='60']
update "SetLocation"
set "RecommendSortOrder" = 51
where "Id" = 304
Debug [20103]: Creating DbCommand for 'ExecuteNonQuery'.
Debug [20104]: Created DbCommand for 'ExecuteNonQuery' (0ms).
Debug [20106]: Initialized DbCommand for 'ExecuteNonQuery' (0ms).
Debug [20100]: Executing DbCommand [Parameters=[], CommandType='Text', CommandTimeout='60']
update "SetLocation"
set "RecommendSortOrder" = 52
where "Id" = 935
Information [20101]: Executed DbCommand (0ms) [Parameters=[], CommandType='Text', CommandTimeout='60']
update "SetLocation"
set "RecommendSortOrder" = 52
where "Id" = 935
Debug [20103]: Creating DbCommand for 'ExecuteNonQuery'.
Debug [20104]: Created DbCommand for 'ExecuteNonQuery' (0ms).
Debug [20106]: Initialized DbCommand for 'ExecuteNonQuery' (0ms).
Debug [20100]: Executing DbCommand [Parameters=[], CommandType='Text', CommandTimeout='60']
update "SetLocation"
set "RecommendSortOrder" = 53
where "Id" = 618
Information [20101]: Executed DbCommand (0ms) [Parameters=[], CommandType='Text', CommandTimeout='60']
update "SetLocation"
set "RecommendSortOrder" = 53
where "Id" = 618
Debug [20103]: Creating DbCommand for 'ExecuteNonQuery'.
Debug [20104]: Created DbCommand for 'ExecuteNonQuery' (0ms).
Debug [20106]: Initialized DbCommand for 'ExecuteNonQuery' (0ms).
Debug [20100]: Executing DbCommand [Parameters=[], CommandType='Text', CommandTimeout='60']
update "SetLocation"
set "RecommendSortOrder" = 54
where "Id" = 464
Information [20101]: Executed DbCommand (0ms) [Parameters=[], CommandType='Text', CommandTimeout='60']
update "SetLocation"
set "RecommendSortOrder" = 54
where "Id" = 464
Debug [20103]: Creating DbCommand for 'ExecuteNonQuery'.
Debug [20104]: Created DbCommand for 'ExecuteNonQuery' (0ms).
Debug [20106]: Initialized DbCommand for 'ExecuteNonQuery' (0ms).
Debug [20100]: Executing DbCommand [Parameters=[], CommandType='Text', CommandTimeout='60']
update "SetLocation"
set "RecommendSortOrder" = 55
where "Id" = 1044
Information [20101]: Executed DbCommand (0ms) [Parameters=[], CommandType='Text', CommandTimeout='60']
update "SetLocation"
set "RecommendSortOrder" = 55
where "Id" = 1044
Debug [20103]: Creating DbCommand for 'ExecuteNonQuery'.
Debug [20104]: Created DbCommand for 'ExecuteNonQuery' (0ms).
Debug [20106]: Initialized DbCommand for 'ExecuteNonQuery' (0ms).
Debug [20100]: Executing DbCommand [Parameters=[], CommandType='Text', CommandTimeout='60']
update "SetLocation"
set "RecommendSortOrder" = 56
where "Id" = 1204
Information [20101]: Executed DbCommand (0ms) [Parameters=[], CommandType='Text', CommandTimeout='60']
update "SetLocation"
set "RecommendSortOrder" = 56
where "Id" = 1204
Debug [20103]: Creating DbCommand for 'ExecuteNonQuery'.
Debug [20104]: Created DbCommand for 'ExecuteNonQuery' (0ms).
Debug [20106]: Initialized DbCommand for 'ExecuteNonQuery' (0ms).
Debug [20100]: Executing DbCommand [Parameters=[], CommandType='Text', CommandTimeout='60']
update "SetLocation"
set "RecommendSortOrder" = 57
where "Id" = 1068
Information [20101]: Executed DbCommand (0ms) [Parameters=[], CommandType='Text', CommandTimeout='60']
update "SetLocation"
set "RecommendSortOrder" = 57
where "Id" = 1068
Debug [20103]: Creating DbCommand for 'ExecuteNonQuery'.
Debug [20104]: Created DbCommand for 'ExecuteNonQuery' (0ms).
Debug [20106]: Initialized DbCommand for 'ExecuteNonQuery' (0ms).
Debug [20100]: Executing DbCommand [Parameters=[], CommandType='Text', CommandTimeout='60']
update "SetLocation"
set "RecommendSortOrder" = 58
where "Id" = 1143
Information [20101]: Executed DbCommand (0ms) [Parameters=[], CommandType='Text', CommandTimeout='60']
update "SetLocation"
set "RecommendSortOrder" = 58
where "Id" = 1143
Debug [20103]: Creating DbCommand for 'ExecuteNonQuery'.
Debug [20104]: Created DbCommand for 'ExecuteNonQuery' (0ms).
Debug [20106]: Initialized DbCommand for 'ExecuteNonQuery' (0ms).
Debug [20100]: Executing DbCommand [Parameters=[], CommandType='Text', CommandTimeout='60']
update "SetLocation"
set "RecommendSortOrder" = 59
where "Id" = 185
Information [20101]: Executed DbCommand (0ms) [Parameters=[], CommandType='Text', CommandTimeout='60']
update "SetLocation"
set "RecommendSortOrder" = 59
where "Id" = 185
Debug [20103]: Creating DbCommand for 'ExecuteNonQuery'.
Debug [20104]: Created DbCommand for 'ExecuteNonQuery' (0ms).
Debug [20106]: Initialized DbCommand for 'ExecuteNonQuery' (0ms).
Debug [20100]: Executing DbCommand [Parameters=[], CommandType='Text', CommandTimeout='60']
update "SetLocation"
set "RecommendSortOrder" = 60
where "Id" = 775
Information [20101]: Executed DbCommand (0ms) [Parameters=[], CommandType='Text', CommandTimeout='60']
update "SetLocation"
set "RecommendSortOrder" = 60
where "Id" = 775
Debug [20103]: Creating DbCommand for 'ExecuteNonQuery'.
Debug [20104]: Created DbCommand for 'ExecuteNonQuery' (0ms).
Debug [20106]: Initialized DbCommand for 'ExecuteNonQuery' (0ms).
Debug [20100]: Executing DbCommand [Parameters=[], CommandType='Text', CommandTimeout='60']
update "SetLocation"
set "RecommendSortOrder" = 61
where "Id" = 957
Information [20101]: Executed DbCommand (0ms) [Parameters=[], CommandType='Text', CommandTimeout='60']
update "SetLocation"
set "RecommendSortOrder" = 61
where "Id" = 957
Debug [20103]: Creating DbCommand for 'ExecuteNonQuery'.
Debug [20104]: Created DbCommand for 'ExecuteNonQuery' (0ms).
Debug [20106]: Initialized DbCommand for 'ExecuteNonQuery' (0ms).
Debug [20100]: Executing DbCommand [Parameters=[], CommandType='Text', CommandTimeout='60']
update "SetLocation"
set "RecommendSortOrder" = 62
where "Id" = 864
Information [20101]: Executed DbCommand (0ms) [Parameters=[], CommandType='Text', CommandTimeout='60']
update "SetLocation"
set "RecommendSortOrder" = 62
where "Id" = 864
Debug [20103]: Creating DbCommand for 'ExecuteNonQuery'.
Debug [20104]: Created DbCommand for 'ExecuteNonQuery' (0ms).
Debug [20106]: Initialized DbCommand for 'ExecuteNonQuery' (0ms).
Debug [20100]: Executing DbCommand [Parameters=[], CommandType='Text', CommandTimeout='60']
update "SetLocation"
set "RecommendSortOrder" = 63
where "Id" = 809
Information [20101]: Executed DbCommand (0ms) [Parameters=[], CommandType='Text', CommandTimeout='60']
update "SetLocation"
set "RecommendSortOrder" = 63
where "Id" = 809
Debug [20103]: Creating DbCommand for 'ExecuteNonQuery'.
Debug [20104]: Created DbCommand for 'ExecuteNonQuery' (0ms).
Debug [20106]: Initialized DbCommand for 'ExecuteNonQuery' (0ms).
Debug [20100]: Executing DbCommand [Parameters=[], CommandType='Text', CommandTimeout='60']
update "SetLocation"
set "RecommendSortOrder" = 64
where "Id" = 545
Information [20101]: Executed DbCommand (0ms) [Parameters=[], CommandType='Text', CommandTimeout='60']
update "SetLocation"
set "RecommendSortOrder" = 64
where "Id" = 545
Debug [20103]: Creating DbCommand for 'ExecuteNonQuery'.
Debug [20104]: Created DbCommand for 'ExecuteNonQuery' (0ms).
Debug [20106]: Initialized DbCommand for 'ExecuteNonQuery' (0ms).
Debug [20100]: Executing DbCommand [Parameters=[], CommandType='Text', CommandTimeout='60']
update "SetLocation"
set "RecommendSortOrder" = 65
where "Id" = 790
Information [20101]: Executed DbCommand (0ms) [Parameters=[], CommandType='Text', CommandTimeout='60']
update "SetLocation"
set "RecommendSortOrder" = 65
where "Id" = 790
Debug [20103]: Creating DbCommand for 'ExecuteNonQuery'.
Debug [20104]: Created DbCommand for 'ExecuteNonQuery' (0ms).
Debug [20106]: Initialized DbCommand for 'ExecuteNonQuery' (0ms).
Debug [20100]: Executing DbCommand [Parameters=[], CommandType='Text', CommandTimeout='60']
update "SetLocation"
set "RecommendSortOrder" = 66
where "Id" = 1126
Information [20101]: Executed DbCommand (0ms) [Parameters=[], CommandType='Text', CommandTimeout='60']
update "SetLocation"
set "RecommendSortOrder" = 66
where "Id" = 1126
Debug [20103]: Creating DbCommand for 'ExecuteNonQuery'.
Debug [20104]: Created DbCommand for 'ExecuteNonQuery' (0ms).
Debug [20106]: Initialized DbCommand for 'ExecuteNonQuery' (0ms).
Debug [20100]: Executing DbCommand [Parameters=[], CommandType='Text', CommandTimeout='60']
update "SetLocation"
set "RecommendSortOrder" = 67
where "Id" = 1038
Information [20101]: Executed DbCommand (0ms) [Parameters=[], CommandType='Text', CommandTimeout='60']
update "SetLocation"
set "RecommendSortOrder" = 67
where "Id" = 1038
Debug [20103]: Creating DbCommand for 'ExecuteNonQuery'.
Debug [20104]: Created DbCommand for 'ExecuteNonQuery' (0ms).
Debug [20106]: Initialized DbCommand for 'ExecuteNonQuery' (0ms).
Debug [20100]: Executing DbCommand [Parameters=[], CommandType='Text', CommandTimeout='60']
update "SetLocation"
set "RecommendSortOrder" = 68
where "Id" = 743
Information [20101]: Executed DbCommand (0ms) [Parameters=[], CommandType='Text', CommandTimeout='60']
update "SetLocation"
set "RecommendSortOrder" = 68
where "Id" = 743
Debug [20103]: Creating DbCommand for 'ExecuteNonQuery'.
Debug [20104]: Created DbCommand for 'ExecuteNonQuery' (0ms).
Debug [20106]: Initialized DbCommand for 'ExecuteNonQuery' (0ms).
Debug [20100]: Executing DbCommand [Parameters=[], CommandType='Text', CommandTimeout='60']
update "SetLocation"
set "RecommendSortOrder" = 69
where "Id" = 922
Information [20101]: Executed DbCommand (0ms) [Parameters=[], CommandType='Text', CommandTimeout='60']
update "SetLocation"
set "RecommendSortOrder" = 69
where "Id" = 922
Debug [20103]: Creating DbCommand for 'ExecuteNonQuery'.
Debug [20104]: Created DbCommand for 'ExecuteNonQuery' (0ms).
Debug [20106]: Initialized DbCommand for 'ExecuteNonQuery' (0ms).
Debug [20100]: Executing DbCommand [Parameters=[], CommandType='Text', CommandTimeout='60']
update "SetLocation"
set "RecommendSortOrder" = 70
where "Id" = 1033
Information [20101]: Executed DbCommand (0ms) [Parameters=[], CommandType='Text', CommandTimeout='60']
update "SetLocation"
set "RecommendSortOrder" = 70
where "Id" = 1033
Debug [20103]: Creating DbCommand for 'ExecuteNonQuery'.
Debug [20104]: Created DbCommand for 'ExecuteNonQuery' (0ms).
Debug [20106]: Initialized DbCommand for 'ExecuteNonQuery' (0ms).
Debug [20100]: Executing DbCommand [Parameters=[], CommandType='Text', CommandTimeout='60']
update "SetLocation"
set "RecommendSortOrder" = 71
where "Id" = 856
Information [20101]: Executed DbCommand (0ms) [Parameters=[], CommandType='Text', CommandTimeout='60']
update "SetLocation"
set "RecommendSortOrder" = 71
where "Id" = 856
Debug [20103]: Creating DbCommand for 'ExecuteNonQuery'.
Debug [20104]: Created DbCommand for 'ExecuteNonQuery' (0ms).
Debug [20106]: Initialized DbCommand for 'ExecuteNonQuery' (0ms).
Debug [20100]: Executing DbCommand [Parameters=[], CommandType='Text', CommandTimeout='60']
update "SetLocation"
set "RecommendSortOrder" = 72
where "Id" = 966
Information [20101]: Executed DbCommand (0ms) [Parameters=[], CommandType='Text', CommandTimeout='60']
update "SetLocation"
set "RecommendSortOrder" = 72
where "Id" = 966
Debug [20103]: Creating DbCommand for 'ExecuteNonQuery'.
Debug [20104]: Created DbCommand for 'ExecuteNonQuery' (0ms).
Debug [20106]: Initialized DbCommand for 'ExecuteNonQuery' (0ms).
Debug [20100]: Executing DbCommand [Parameters=[], CommandType='Text', CommandTimeout='60']
update "SetLocation"
set "RecommendSortOrder" = 73
where "Id" = 239
Information [20101]: Executed DbCommand (0ms) [Parameters=[], CommandType='Text', CommandTimeout='60']
update "SetLocation"
set "RecommendSortOrder" = 73
where "Id" = 239
Debug [20103]: Creating DbCommand for 'ExecuteNonQuery'.
Debug [20104]: Created DbCommand for 'ExecuteNonQuery' (0ms).
Debug [20106]: Initialized DbCommand for 'ExecuteNonQuery' (0ms).
Debug [20100]: Executing DbCommand [Parameters=[], CommandType='Text', CommandTimeout='60']
update "SetLocation"
set "RecommendSortOrder" = 74
where "Id" = 752
Information [20101]: Executed DbCommand (0ms) [Parameters=[], CommandType='Text', CommandTimeout='60']
update "SetLocation"
set "RecommendSortOrder" = 74
where "Id" = 752
Debug [20103]: Creating DbCommand for 'ExecuteNonQuery'.
Debug [20104]: Created DbCommand for 'ExecuteNonQuery' (0ms).
Debug [20106]: Initialized DbCommand for 'ExecuteNonQuery' (0ms).
Debug [20100]: Executing DbCommand [Parameters=[], CommandType='Text', CommandTimeout='60']
update "SetLocation"
set "RecommendSortOrder" = 75
where "Id" = 249
Information [20101]: Executed DbCommand (0ms) [Parameters=[], CommandType='Text', CommandTimeout='60']
update "SetLocation"
set "RecommendSortOrder" = 75
where "Id" = 249
Debug [20103]: Creating DbCommand for 'ExecuteNonQuery'.
Debug [20104]: Created DbCommand for 'ExecuteNonQuery' (0ms).
Debug [20106]: Initialized DbCommand for 'ExecuteNonQuery' (0ms).
Debug [20100]: Executing DbCommand [Parameters=[], CommandType='Text', CommandTimeout='60']
update "SetLocation"
set "RecommendSortOrder" = 76
where "Id" = 787
Information [20101]: Executed DbCommand (0ms) [Parameters=[], CommandType='Text', CommandTimeout='60']
update "SetLocation"
set "RecommendSortOrder" = 76
where "Id" = 787
Debug [20103]: Creating DbCommand for 'ExecuteNonQuery'.
Debug [20104]: Created DbCommand for 'ExecuteNonQuery' (0ms).
Debug [20106]: Initialized DbCommand for 'ExecuteNonQuery' (0ms).
Debug [20100]: Executing DbCommand [Parameters=[], CommandType='Text', CommandTimeout='60']
update "SetLocation"
set "RecommendSortOrder" = 77
where "Id" = 1228
Information [20101]: Executed DbCommand (0ms) [Parameters=[], CommandType='Text', CommandTimeout='60']
update "SetLocation"
set "RecommendSortOrder" = 77
where "Id" = 1228
Debug [20103]: Creating DbCommand for 'ExecuteNonQuery'.
Debug [20104]: Created DbCommand for 'ExecuteNonQuery' (0ms).
Debug [20106]: Initialized DbCommand for 'ExecuteNonQuery' (0ms).
Debug [20100]: Executing DbCommand [Parameters=[], CommandType='Text', CommandTimeout='60']
update "SetLocation"
set "RecommendSortOrder" = 78
where "Id" = 441
Information [20101]: Executed DbCommand (0ms) [Parameters=[], CommandType='Text', CommandTimeout='60']
update "SetLocation"
set "RecommendSortOrder" = 78
where "Id" = 441
Debug [20103]: Creating DbCommand for 'ExecuteNonQuery'.
Debug [20104]: Created DbCommand for 'ExecuteNonQuery' (0ms).
Debug [20106]: Initialized DbCommand for 'ExecuteNonQuery' (0ms).
Debug [20100]: Executing DbCommand [Parameters=[], CommandType='Text', CommandTimeout='60']
update "SetLocation"
set "RecommendSortOrder" = 79
where "Id" = 992
Information [20101]: Executed DbCommand (0ms) [Parameters=[], CommandType='Text', CommandTimeout='60']
update "SetLocation"
set "RecommendSortOrder" = 79
where "Id" = 992
Debug [20103]: Creating DbCommand for 'ExecuteNonQuery'.
Debug [20104]: Created DbCommand for 'ExecuteNonQuery' (0ms).
Debug [20106]: Initialized DbCommand for 'ExecuteNonQuery' (0ms).
Debug [20100]: Executing DbCommand [Parameters=[], CommandType='Text', CommandTimeout='60']
update "SetLocation"
set "RecommendSortOrder" = 80
where "Id" = 667
Information [20101]: Executed DbCommand (0ms) [Parameters=[], CommandType='Text', CommandTimeout='60']
update "SetLocation"
set "RecommendSortOrder" = 80
where "Id" = 667
Debug [20103]: Creating DbCommand for 'ExecuteNonQuery'.
Debug [20104]: Created DbCommand for 'ExecuteNonQuery' (0ms).
Debug [20106]: Initialized DbCommand for 'ExecuteNonQuery' (0ms).
Debug [20100]: Executing DbCommand [Parameters=[], CommandType='Text', CommandTimeout='60']
update "SetLocation"
set "RecommendSortOrder" = 81
where "Id" = 451
Information [20101]: Executed DbCommand (0ms) [Parameters=[], CommandType='Text', CommandTimeout='60']
update "SetLocation"
set "RecommendSortOrder" = 81
where "Id" = 451
Debug [20103]: Creating DbCommand for 'ExecuteNonQuery'.
Debug [20104]: Created DbCommand for 'ExecuteNonQuery' (0ms).
Debug [20106]: Initialized DbCommand for 'ExecuteNonQuery' (0ms).
Debug [20100]: Executing DbCommand [Parameters=[], CommandType='Text', CommandTimeout='60']
update "SetLocation"
set "RecommendSortOrder" = 82
where "Id" = 1171
Information [20101]: Executed DbCommand (0ms) [Parameters=[], CommandType='Text', CommandTimeout='60']
update "SetLocation"
set "RecommendSortOrder" = 82
where "Id" = 1171
Debug [20103]: Creating DbCommand for 'ExecuteNonQuery'.
Debug [20104]: Created DbCommand for 'ExecuteNonQuery' (0ms).
Debug [20106]: Initialized DbCommand for 'ExecuteNonQuery' (0ms).
Debug [20100]: Executing DbCommand [Parameters=[], CommandType='Text', CommandTimeout='60']
update "SetLocation"
set "RecommendSortOrder" = 83
where "Id" = 476
Information [20101]: Executed DbCommand (1ms) [Parameters=[], CommandType='Text', CommandTimeout='60']
update "SetLocation"
set "RecommendSortOrder" = 83
where "Id" = 476
Debug [20103]: Creating DbCommand for 'ExecuteNonQuery'.
Debug [20104]: Created DbCommand for 'ExecuteNonQuery' (0ms).
Debug [20106]: Initialized DbCommand for 'ExecuteNonQuery' (0ms).
Debug [20100]: Executing DbCommand [Parameters=[], CommandType='Text', CommandTimeout='60']
update "SetLocation"
set "RecommendSortOrder" = 84
where "Id" = 1007
Information [20101]: Executed DbCommand (0ms) [Parameters=[], CommandType='Text', CommandTimeout='60']
update "SetLocation"
set "RecommendSortOrder" = 84
where "Id" = 1007
Debug [20103]: Creating DbCommand for 'ExecuteNonQuery'.
Debug [20104]: Created DbCommand for 'ExecuteNonQuery' (0ms).
Debug [20106]: Initialized DbCommand for 'ExecuteNonQuery' (0ms).
Debug [20100]: Executing DbCommand [Parameters=[], CommandType='Text', CommandTimeout='60']
update "SetLocation"
set "RecommendSortOrder" = 85
where "Id" = 751
Information [20101]: Executed DbCommand (0ms) [Parameters=[], CommandType='Text', CommandTimeout='60']
update "SetLocation"
set "RecommendSortOrder" = 85
where "Id" = 751
Debug [20103]: Creating DbCommand for 'ExecuteNonQuery'.
Debug [20104]: Created DbCommand for 'ExecuteNonQuery' (0ms).
Debug [20106]: Initialized DbCommand for 'ExecuteNonQuery' (0ms).
Debug [20100]: Executing DbCommand [Parameters=[], CommandType='Text', CommandTimeout='60']
update "SetLocation"
set "RecommendSortOrder" = 86
where "Id" = 1227
Information [20101]: Executed DbCommand (0ms) [Parameters=[], CommandType='Text', CommandTimeout='60']
update "SetLocation"
set "RecommendSortOrder" = 86
where "Id" = 1227
Debug [20103]: Creating DbCommand for 'ExecuteNonQuery'.
Debug [20104]: Created DbCommand for 'ExecuteNonQuery' (0ms).
Debug [20106]: Initialized DbCommand for 'ExecuteNonQuery' (0ms).
Debug [20100]: Executing DbCommand [Parameters=[], CommandType='Text', CommandTimeout='60']
update "SetLocation"
set "RecommendSortOrder" = 87
where "Id" = 884
Information [20101]: Executed DbCommand (0ms) [Parameters=[], CommandType='Text', CommandTimeout='60']
update "SetLocation"
set "RecommendSortOrder" = 87
where "Id" = 884
Debug [20103]: Creating DbCommand for 'ExecuteNonQuery'.
Debug [20104]: Created DbCommand for 'ExecuteNonQuery' (0ms).
Debug [20106]: Initialized DbCommand for 'ExecuteNonQuery' (0ms).
Debug [20100]: Executing DbCommand [Parameters=[], CommandType='Text', CommandTimeout='60']
update "SetLocation"
set "RecommendSortOrder" = 88
where "Id" = 315
Information [20101]: Executed DbCommand (0ms) [Parameters=[], CommandType='Text', CommandTimeout='60']
update "SetLocation"
set "RecommendSortOrder" = 88
where "Id" = 315
Debug [20103]: Creating DbCommand for 'ExecuteNonQuery'.
Debug [20104]: Created DbCommand for 'ExecuteNonQuery' (0ms).
Debug [20106]: Initialized DbCommand for 'ExecuteNonQuery' (0ms).
Debug [20100]: Executing DbCommand [Parameters=[], CommandType='Text', CommandTimeout='60']
update "SetLocation"
set "RecommendSortOrder" = 89
where "Id" = 631
Information [20101]: Executed DbCommand (0ms) [Parameters=[], CommandType='Text', CommandTimeout='60']
update "SetLocation"
set "RecommendSortOrder" = 89
where "Id" = 631
Debug [20103]: Creating DbCommand for 'ExecuteNonQuery'.
Debug [20104]: Created DbCommand for 'ExecuteNonQuery' (0ms).
Debug [20106]: Initialized DbCommand for 'ExecuteNonQuery' (0ms).
Debug [20100]: Executing DbCommand [Parameters=[], CommandType='Text', CommandTimeout='60']
update "SetLocation"
set "RecommendSortOrder" = 90
where "Id" = 988
Information [20101]: Executed DbCommand (0ms) [Parameters=[], CommandType='Text', CommandTimeout='60']
update "SetLocation"
set "RecommendSortOrder" = 90
where "Id" = 988
Debug [20103]: Creating DbCommand for 'ExecuteNonQuery'.
Debug [20104]: Created DbCommand for 'ExecuteNonQuery' (0ms).
Debug [20106]: Initialized DbCommand for 'ExecuteNonQuery' (0ms).
Debug [20100]: Executing DbCommand [Parameters=[], CommandType='Text', CommandTimeout='60']
update "SetLocation"
set "RecommendSortOrder" = 91
where "Id" = 468
Information [20101]: Executed DbCommand (0ms) [Parameters=[], CommandType='Text', CommandTimeout='60']
update "SetLocation"
set "RecommendSortOrder" = 91
where "Id" = 468
Debug [20103]: Creating DbCommand for 'ExecuteNonQuery'.
Debug [20104]: Created DbCommand for 'ExecuteNonQuery' (0ms).
Debug [20106]: Initialized DbCommand for 'ExecuteNonQuery' (0ms).
Debug [20100]: Executing DbCommand [Parameters=[], CommandType='Text', CommandTimeout='60']
update "SetLocation"
set "RecommendSortOrder" = 92
where "Id" = 293
Information [20101]: Executed DbCommand (0ms) [Parameters=[], CommandType='Text', CommandTimeout='60']
update "SetLocation"
set "RecommendSortOrder" = 92
where "Id" = 293
Debug [20103]: Creating DbCommand for 'ExecuteNonQuery'.
Debug [20104]: Created DbCommand for 'ExecuteNonQuery' (0ms).
Debug [20106]: Initialized DbCommand for 'ExecuteNonQuery' (0ms).
Debug [20100]: Executing DbCommand [Parameters=[], CommandType='Text', CommandTimeout='60']
update "SetLocation"
set "RecommendSortOrder" = 93
where "Id" = 844
Information [20101]: Executed DbCommand (0ms) [Parameters=[], CommandType='Text', CommandTimeout='60']
update "SetLocation"
set "RecommendSortOrder" = 93
where "Id" = 844
Debug [20103]: Creating DbCommand for 'ExecuteNonQuery'.
Debug [20104]: Created DbCommand for 'ExecuteNonQuery' (0ms).
Debug [20106]: Initialized DbCommand for 'ExecuteNonQuery' (0ms).
Debug [20100]: Executing DbCommand [Parameters=[], CommandType='Text', CommandTimeout='60']
update "SetLocation"
set "RecommendSortOrder" = 94
where "Id" = 665
Information [20101]: Executed DbCommand (0ms) [Parameters=[], CommandType='Text', CommandTimeout='60']
update "SetLocation"
set "RecommendSortOrder" = 94
where "Id" = 665
Debug [20103]: Creating DbCommand for 'ExecuteNonQuery'.
Debug [20104]: Created DbCommand for 'ExecuteNonQuery' (0ms).
Debug [20106]: Initialized DbCommand for 'ExecuteNonQuery' (0ms).
Debug [20100]: Executing DbCommand [Parameters=[], CommandType='Text', CommandTimeout='60']
update "SetLocation"
set "RecommendSortOrder" = 95
where "Id" = 1060
Information [20101]: Executed DbCommand (0ms) [Parameters=[], CommandType='Text', CommandTimeout='60']
update "SetLocation"
set "RecommendSortOrder" = 95
where "Id" = 1060
Debug [20103]: Creating DbCommand for 'ExecuteNonQuery'.
Debug [20104]: Created DbCommand for 'ExecuteNonQuery' (0ms).
Debug [20106]: Initialized DbCommand for 'ExecuteNonQuery' (0ms).
Debug [20100]: Executing DbCommand [Parameters=[], CommandType='Text', CommandTimeout='60']
update "SetLocation"
set "RecommendSortOrder" = 96
where "Id" = 767
Information [20101]: Executed DbCommand (0ms) [Parameters=[], CommandType='Text', CommandTimeout='60']
update "SetLocation"
set "RecommendSortOrder" = 96
where "Id" = 767
Debug [20103]: Creating DbCommand for 'ExecuteNonQuery'.
Debug [20104]: Created DbCommand for 'ExecuteNonQuery' (0ms).
Debug [20106]: Initialized DbCommand for 'ExecuteNonQuery' (0ms).
Debug [20100]: Executing DbCommand [Parameters=[], CommandType='Text', CommandTimeout='60']
update "SetLocation"
set "RecommendSortOrder" = 97
where "Id" = 832
Information [20101]: Executed DbCommand (0ms) [Parameters=[], CommandType='Text', CommandTimeout='60']
update "SetLocation"
set "RecommendSortOrder" = 97
where "Id" = 832
Debug [20103]: Creating DbCommand for 'ExecuteNonQuery'.
Debug [20104]: Created DbCommand for 'ExecuteNonQuery' (0ms).
Debug [20106]: Initialized DbCommand for 'ExecuteNonQuery' (0ms).
Debug [20100]: Executing DbCommand [Parameters=[], CommandType='Text', CommandTimeout='60']
update "SetLocation"
set "RecommendSortOrder" = 98
where "Id" = 671
Information [20101]: Executed DbCommand (0ms) [Parameters=[], CommandType='Text', CommandTimeout='60']
update "SetLocation"
set "RecommendSortOrder" = 98
where "Id" = 671
Debug [20103]: Creating DbCommand for 'ExecuteNonQuery'.
Debug [20104]: Created DbCommand for 'ExecuteNonQuery' (0ms).
Debug [20106]: Initialized DbCommand for 'ExecuteNonQuery' (0ms).
Debug [20100]: Executing DbCommand [Parameters=[], CommandType='Text', CommandTimeout='60']
update "SetLocation"
set "RecommendSortOrder" = 99
where "Id" = 1146
Information [20101]: Executed DbCommand (0ms) [Parameters=[], CommandType='Text', CommandTimeout='60']
update "SetLocation"
set "RecommendSortOrder" = 99
where "Id" = 1146
Debug [20103]: Creating DbCommand for 'ExecuteReader'.
Debug [20104]: Created DbCommand for 'ExecuteReader' (0ms).
Debug [20106]: Initialized DbCommand for 'ExecuteReader' (0ms).
Debug [20100]: Executing DbCommand [Parameters=[@__groupId_0='189867'], CommandType='Text', CommandTimeout='60']
SELECT g."IsBlocked", g."DeletedAt", g."IsTemporary"
FROM "Group" AS g
WHERE g."Id" = @__groupId_0
LIMIT 1
Information [20101]: Executed DbCommand (0ms) [Parameters=[@__groupId_0='189867'], CommandType='Text', CommandTimeout='60']
SELECT g."IsBlocked", g."DeletedAt", g."IsTemporary"
FROM "Group" AS g
WHERE g."Id" = @__groupId_0
LIMIT 1
Debug [20301]: Closing data reader to 'frevertest' on server 'tcp://postgres-frever-it:5432'.
Debug [20300]: A data reader for 'frevertest' on server 'tcp://postgres-frever-it:5432' is being disposed after spending 0ms reading results.
Debug [20103]: Creating DbCommand for 'ExecuteReader'.
Debug [20104]: Created DbCommand for 'ExecuteReader' (0ms).
Debug [20106]: Initialized DbCommand for 'ExecuteReader' (0ms).
Debug [20100]: Executing DbCommand [Parameters=[@__groupId_0='189867'], CommandType='Text', CommandTimeout='60']
SELECT r.id, r.created_at, r.name, r0.role_id, r0.access_scope, r0.created_at
FROM cms.role AS r
LEFT JOIN cms.role_access_scope AS r0 ON r.id = r0.role_id
WHERE EXISTS (
    SELECT 1
    FROM cms.user_role AS u
    WHERE u.group_id = @__groupId_0 AND u.role_id = r.id)
ORDER BY r.id, r0.role_id
Information [20101]: Executed DbCommand (1ms) [Parameters=[@__groupId_0='189867'], CommandType='Text', CommandTimeout='60']
SELECT r.id, r.created_at, r.name, r0.role_id, r0.access_scope, r0.created_at
FROM cms.role AS r
LEFT JOIN cms.role_access_scope AS r0 ON r.id = r0.role_id
WHERE EXISTS (
    SELECT 1
    FROM cms.user_role AS u
    WHERE u.group_id = @__groupId_0 AND u.role_id = r.id)
ORDER BY r.id, r0.role_id
Debug [20301]: Closing data reader to 'frevertest' on server 'tcp://postgres-frever-it:5432'.
Debug [20300]: A data reader for 'frevertest' on server 'tcp://postgres-frever-it:5432' is being disposed after spending 0ms reading results.
Debug [20103]: Creating DbCommand for 'ExecuteReader'.
Debug [20104]: Created DbCommand for 'ExecuteReader' (0ms).
Debug [20106]: Initialized DbCommand for 'ExecuteReader' (0ms).
Debug [20100]: Executing DbCommand [Parameters=[], CommandType='Text', CommandTimeout='60']
SELECT s."ReadinessId", r."Id", r."Name", s."Id", s."Name", s."AllowPhoto", s."AllowVideo", s."PhotoAutoPick", s."SetLocationCategoryId", s."SortOrderByCategory", s."Tags", s."AllowForNormalEditor", s."AllowForVideoMessage", s."SortOrderForVideoMessage", s."FilesInfo", FALSE, s0."Id", s0."Name", s0."FilesInfo", t."Id", t."Name", t."SpawnPositionSpaceSizeId", t."UnityGuid", t."IsDefault", t."Position", t."Rotation", t."MovementTypeId", t."AvailableForSelection", t."SpawnPositionGroupId", t."SpawnOrderIndex", t."DefaultBodyAnimationId", t."FilesInfo", t."CharacterSpawnPositionId", t."SetLocationId", t."Id0", t."Color", t."Intensity", t."UnityGuid0", s."CreatedTime", s."IsExcludedFromLists", s."RecommendSortOrder", s."PublicationDate", s."DepublicationDate"
FROM "SetLocation" AS s
INNER JOIN "Readiness" AS r ON s."ReadinessId" = r."Id"
INNER JOIN "SetLocationBundle" AS s0 ON s."SetLocationBundleId" = s0."Id"
LEFT JOIN (
    SELECT c."Id", c."Name", c."SpawnPositionSpaceSizeId", c."UnityGuid", c."IsDefault", c."Position", c."Rotation", c."MovementTypeId", c."AvailableForSelection", c."SpawnPositionGroupId", c."SpawnOrderIndex", c."DefaultBodyAnimationId", c."FilesInfo", s1."CharacterSpawnPositionId", s1."SetLocationId", l."Id" AS "Id0", l."Color", l."Intensity", l."UnityGuid" AS "UnityGuid0"
    FROM "SetLocationAndCharacterSpawnPosition" AS s1
    INNER JOIN "CharacterSpawnPosition" AS c ON s1."CharacterSpawnPositionId" = c."Id"
    LEFT JOIN "LightSettings" AS l ON c."Id" = l."CharacterSpawnPositionId"
) AS t ON s."Id" = t."SetLocationId"
WHERE s."GroupId" = 1
ORDER BY s."SortOrderByCategory", s."Id" DESC, r."Id", s0."Id", t."CharacterSpawnPositionId", t."SetLocationId", t."Id"
Information [20101]: Executed DbCommand (499ms) [Parameters=[], CommandType='Text', CommandTimeout='60']
SELECT s."ReadinessId", r."Id", r."Name", s."Id", s."Name", s."AllowPhoto", s."AllowVideo", s."PhotoAutoPick", s."SetLocationCategoryId", s."SortOrderByCategory", s."Tags", s."AllowForNormalEditor", s."AllowForVideoMessage", s."SortOrderForVideoMessage", s."FilesInfo", FALSE, s0."Id", s0."Name", s0."FilesInfo", t."Id", t."Name", t."SpawnPositionSpaceSizeId", t."UnityGuid", t."IsDefault", t."Position", t."Rotation", t."MovementTypeId", t."AvailableForSelection", t."SpawnPositionGroupId", t."SpawnOrderIndex", t."DefaultBodyAnimationId", t."FilesInfo", t."CharacterSpawnPositionId", t."SetLocationId", t."Id0", t."Color", t."Intensity", t."UnityGuid0", s."CreatedTime", s."IsExcludedFromLists", s."RecommendSortOrder", s."PublicationDate", s."DepublicationDate"
FROM "SetLocation" AS s
INNER JOIN "Readiness" AS r ON s."ReadinessId" = r."Id"
INNER JOIN "SetLocationBundle" AS s0 ON s."SetLocationBundleId" = s0."Id"
LEFT JOIN (
    SELECT c."Id", c."Name", c."SpawnPositionSpaceSizeId", c."UnityGuid", c."IsDefault", c."Position", c."Rotation", c."MovementTypeId", c."AvailableForSelection", c."SpawnPositionGroupId", c."SpawnOrderIndex", c."DefaultBodyAnimationId", c."FilesInfo", s1."CharacterSpawnPositionId", s1."SetLocationId", l."Id" AS "Id0", l."Color", l."Intensity", l."UnityGuid" AS "UnityGuid0"
    FROM "SetLocationAndCharacterSpawnPosition" AS s1
    INNER JOIN "CharacterSpawnPosition" AS c ON s1."CharacterSpawnPositionId" = c."Id"
    LEFT JOIN "LightSettings" AS l ON c."Id" = l."CharacterSpawnPositionId"
) AS t ON s."Id" = t."SetLocationId"
WHERE s."GroupId" = 1
ORDER BY s."SortOrderByCategory", s."Id" DESC, r."Id", s0."Id", t."CharacterSpawnPositionId", t."SetLocationId", t."Id"
Debug [10806]: Context 'TestReadWriteDbContext' started tracking 'Readiness' entity with key '{Id: 2}'.
Debug [10806]: Context 'TestReadWriteDbContext' started tracking 'Readiness' entity with key '{Id: 12}'.
Debug [10806]: Context 'TestReadWriteDbContext' started tracking 'Readiness' entity with key '{Id: 19}'.
Debug [10806]: Context 'TestReadWriteDbContext' started tracking 'Readiness' entity with key '{Id: 18}'.
Debug [10806]: Context 'TestReadWriteDbContext' started tracking 'Readiness' entity with key '{Id: 1}'.
Debug [10806]: Context 'TestReadWriteDbContext' started tracking 'Readiness' entity with key '{Id: 3}'.
Debug [10806]: Context 'TestReadWriteDbContext' started tracking 'Readiness' entity with key '{Id: 15}'.
Debug [10806]: Context 'TestReadWriteDbContext' started tracking 'Readiness' entity with key '{Id: 14}'.
Debug [10806]: Context 'TestReadWriteDbContext' started tracking 'Readiness' entity with key '{Id: 11}'.
Debug [10806]: Context 'TestReadWriteDbContext' started tracking 'Readiness' entity with key '{Id: 5}'.
Debug [20301]: Closing data reader to 'frevertest' on server 'tcp://postgres-frever-it:5432'.
Debug [20300]: A data reader for 'frevertest' on server 'tcp://postgres-frever-it:5432' is being disposed after spending 328ms reading results.
Debug [20103]: Creating DbCommand for 'ExecuteReader'.
Debug [20104]: Created DbCommand for 'ExecuteReader' (0ms).
Debug [20106]: Initialized DbCommand for 'ExecuteReader' (0ms).
Debug [20100]: Executing DbCommand [Parameters=[@__assetType_0='SetLocation' (DbType = Object), @__ids_1={ '768', '749', '1269', '1268', '1267', ... } (DbType = Object)], CommandType='Text', CommandTimeout='60']
SELECT a."AssetOfferId" AS "Id", a."AssetId", a0."Title" AS "AssetOfferTitle", a0."SoftCurrencyPrice" AS "AssetOfferSoftCurrencyPrice", a0."HardCurrencyPrice" AS "AssetOfferHardCurrencyPrice"
FROM "AssetOfferAsset" AS a
INNER JOIN "AssetOffer" AS a0 ON a."AssetOfferId" = a0."Id"
WHERE a."IsActive" AND a."AssetType" = @__assetType_0 AND a."AssetId" = ANY (@__ids_1)
Information [20101]: Executed DbCommand (6ms) [Parameters=[@__assetType_0='SetLocation' (DbType = Object), @__ids_1={ '768', '749', '1269', '1268', '1267', ... } (DbType = Object)], CommandType='Text', CommandTimeout='60']
SELECT a."AssetOfferId" AS "Id", a."AssetId", a0."Title" AS "AssetOfferTitle", a0."SoftCurrencyPrice" AS "AssetOfferSoftCurrencyPrice", a0."HardCurrencyPrice" AS "AssetOfferHardCurrencyPrice"
FROM "AssetOfferAsset" AS a
INNER JOIN "AssetOffer" AS a0 ON a."AssetOfferId" = a0."Id"
WHERE a."IsActive" AND a."AssetType" = @__assetType_0 AND a."AssetId" = ANY (@__ids_1)
Debug [20301]: Closing data reader to 'frevertest' on server 'tcp://postgres-frever-it:5432'.
Debug [20300]: A data reader for 'frevertest' on server 'tcp://postgres-frever-it:5432' is being disposed after spending 0ms reading results.
Debug [20103]: Creating DbCommand for 'ExecuteReader'.
Debug [20104]: Created DbCommand for 'ExecuteReader' (0ms).
Debug [20106]: Initialized DbCommand for 'ExecuteReader' (0ms).
Debug [20100]: Executing DbCommand [Parameters=[@__assetType_0='SetLocation' (DbType = Object), @__ids_1={ '768', '749', '1269', '1268', '1267', ... } (DbType = Object)], CommandType='Text', CommandTimeout='60']
SELECT i."AssetId"
FROM "InAppProductDetails" AS i
WHERE i."AssetId" IS NOT NULL AND i."AssetType" IS NOT NULL AND i."AssetType" = @__assetType_0 AND i."AssetId" = ANY (@__ids_1)
Information [20101]: Executed DbCommand (1ms) [Parameters=[@__assetType_0='SetLocation' (DbType = Object), @__ids_1={ '768', '749', '1269', '1268', '1267', ... } (DbType = Object)], CommandType='Text', CommandTimeout='60']
SELECT i."AssetId"
FROM "InAppProductDetails" AS i
WHERE i."AssetId" IS NOT NULL AND i."AssetType" IS NOT NULL AND i."AssetType" = @__assetType_0 AND i."AssetId" = ANY (@__ids_1)
Debug [20301]: Closing data reader to 'frevertest' on server 'tcp://postgres-frever-it:5432'.
Debug [20300]: A data reader for 'frevertest' on server 'tcp://postgres-frever-it:5432' is being disposed after spending 0ms reading results.
Debug [20103]: Creating DbCommand for 'ExecuteReader'.
Debug [20104]: Created DbCommand for 'ExecuteReader' (0ms).
Debug [20106]: Initialized DbCommand for 'ExecuteReader' (0ms).
Debug [20100]: Executing DbCommand [Parameters=[@__ids_0={ '768', '749', '1269', '1268', '1267', ... } (DbType = Object)], CommandType='Text', CommandTimeout='60']
SELECT DISTINCT s."AssetId"
FROM "SeasonReward" AS s
WHERE (s."AssetId" = ANY (@__ids_0) OR (s."AssetId" IS NULL AND array_position(@__ids_0, NULL) IS NOT NULL)) AND s."AssetType" = 'SetLocation'::"AssetStoreAssetType" AND s."IsEnabled"
Information [20101]: Executed DbCommand (1ms) [Parameters=[@__ids_0={ '768', '749', '1269', '1268', '1267', ... } (DbType = Object)], CommandType='Text', CommandTimeout='60']
SELECT DISTINCT s."AssetId"
FROM "SeasonReward" AS s
WHERE (s."AssetId" = ANY (@__ids_0) OR (s."AssetId" IS NULL AND array_position(@__ids_0, NULL) IS NOT NULL)) AND s."AssetType" = 'SetLocation'::"AssetStoreAssetType" AND s."IsEnabled"
Debug [20301]: Closing data reader to 'frevertest' on server 'tcp://postgres-frever-it:5432'.
Debug [20300]: A data reader for 'frevertest' on server 'tcp://postgres-frever-it:5432' is being disposed after spending 0ms reading results.
Debug [20103]: Creating DbCommand for 'ExecuteReader'.
Debug [20104]: Created DbCommand for 'ExecuteReader' (0ms).
Debug [20106]: Initialized DbCommand for 'ExecuteReader' (0ms).
Debug [20100]: Executing DbCommand [Parameters=[], CommandType='Text', CommandTimeout='60']
SELECT DISTINCT s."SetLocationId"
FROM "Level" AS l
INNER JOIN "Event" AS e ON l."Id" = e."LevelId"
INNER JOIN "SetLocationController" AS s ON e."Id" = s."EventId"
WHERE l."IsForVideoMessage" AND NOT (l."IsDeleted")
Information [20101]: Executed DbCommand (1ms) [Parameters=[], CommandType='Text', CommandTimeout='60']
SELECT DISTINCT s."SetLocationId"
FROM "Level" AS l
INNER JOIN "Event" AS e ON l."Id" = e."LevelId"
INNER JOIN "SetLocationController" AS s ON e."Id" = s."EventId"
WHERE l."IsForVideoMessage" AND NOT (l."IsDeleted")
Debug [20301]: Closing data reader to 'frevertest' on server 'tcp://postgres-frever-it:5432'.
Debug [20300]: A data reader for 'frevertest' on server 'tcp://postgres-frever-it:5432' is being disposed after spending 0ms reading results.
Debug [20103]: Creating DbCommand for 'ExecuteReader'.
Debug [20104]: Created DbCommand for 'ExecuteReader' (0ms).
Debug [20106]: Initialized DbCommand for 'ExecuteReader' (0ms).
Debug [20100]: Executing DbCommand [Parameters=[], CommandType='Text', CommandTimeout='60']
SELECT m."Id", m."AllowUsingSubSpawnPositions", m."AutoSetOnAssetManager", m."AvailableForShuffling", m."DefaultBodyAnimationId", m."DefaultForNonRemastered", m."DependsOnCharacterHeelsHeight", m."FilesInfo", m."Name", m."SortOrder", m."SupportFormation"
FROM "MovementType" AS m
Information [20101]: Executed DbCommand (0ms) [Parameters=[], CommandType='Text', CommandTimeout='60']
SELECT m."Id", m."AllowUsingSubSpawnPositions", m."AutoSetOnAssetManager", m."AvailableForShuffling", m."DefaultBodyAnimationId", m."DefaultForNonRemastered", m."DependsOnCharacterHeelsHeight", m."FilesInfo", m."Name", m."SortOrder", m."SupportFormation"
FROM "MovementType" AS m
Debug [10806]: Context 'TestReadWriteDbContext' started tracking 'MovementType' entity with key '{Id: 18}'.
Debug [10806]: Context 'TestReadWriteDbContext' started tracking 'MovementType' entity with key '{Id: 16}'.
Debug [10806]: Context 'TestReadWriteDbContext' started tracking 'MovementType' entity with key '{Id: 17}'.
Debug [10806]: Context 'TestReadWriteDbContext' started tracking 'MovementType' entity with key '{Id: 14}'.
Debug [10806]: Context 'TestReadWriteDbContext' started tracking 'MovementType' entity with key '{Id: 15}'.
Debug [10806]: Context 'TestReadWriteDbContext' started tracking 'MovementType' entity with key '{Id: 12}'.
Debug [10806]: Context 'TestReadWriteDbContext' started tracking 'MovementType' entity with key '{Id: 13}'.
Debug [10806]: Context 'TestReadWriteDbContext' started tracking 'MovementType' entity with key '{Id: 10}'.
Debug [10806]: Context 'TestReadWriteDbContext' started tracking 'MovementType' entity with key '{Id: 11}'.
Debug [10806]: Context 'TestReadWriteDbContext' started tracking 'MovementType' entity with key '{Id: 8}'.
Debug [10806]: Context 'TestReadWriteDbContext' started tracking 'MovementType' entity with key '{Id: 9}'.
Debug [10806]: Context 'TestReadWriteDbContext' started tracking 'MovementType' entity with key '{Id: 6}'.
Debug [10806]: Context 'TestReadWriteDbContext' started tracking 'MovementType' entity with key '{Id: 7}'.
Debug [10806]: Context 'TestReadWriteDbContext' started tracking 'MovementType' entity with key '{Id: 4}'.
Debug [10806]: Context 'TestReadWriteDbContext' started tracking 'MovementType' entity with key '{Id: 5}'.
Debug [10806]: Context 'TestReadWriteDbContext' started tracking 'MovementType' entity with key '{Id: 2}'.
Debug [10806]: Context 'TestReadWriteDbContext' started tracking 'MovementType' entity with key '{Id: 1}'.
Debug [10806]: Context 'TestReadWriteDbContext' started tracking 'MovementType' entity with key '{Id: 3}'.
Debug [10806]: Context 'TestReadWriteDbContext' started tracking 'MovementType' entity with key '{Id: 20}'.
Debug [20301]: Closing data reader to 'frevertest' on server 'tcp://postgres-frever-it:5432'.
Debug [20300]: A data reader for 'frevertest' on server 'tcp://postgres-frever-it:5432' is being disposed after spending 10ms reading results.
Debug [20204]: Disposing transaction.
Debug [20002]: Closing connection to database 'frevertest' on server 'tcp://postgres-frever-it:5432'.
Debug [20003]: Closed connection to database 'frevertest' on server 'tcp://postgres-frever-it:5432' (0ms).</StdOut>
      </Output>
    </UnitTestResult>
    <UnitTestResult executionId="7fcd885c-4a5e-489e-83ac-c931913e5828" testId="7c848a51-f99d-db56-6354-b62fecf2fcf4" testName="Frever.Client.Core.IntegrationTest.Features.Social.FollowingServiceIntegrationTest.FriendsList" computerName="5955a5bf5f87" duration="00:00:01.9686874" startTime="2024-07-02T13:00:15.9063371+00:00" endTime="2024-07-02T13:00:15.9063503+00:00" testType="13cdc9d9-ddb5-4fa4-a97d-d965ccfc6d4b" outcome="Passed" testListId="8c84fa94-04c1-424b-9868-57a2d4851a1d" relativeResultsDirectory="7fcd885c-4a5e-489e-83ac-c931913e5828">
      <Output>
        <StdOut>Debug [10403]: Entity Framework Core 8.0.4 initialized 'TestReadWriteDbContext' using provider 'Npgsql.EntityFrameworkCore.PostgreSQL:8.0.2+5a671b9769f2d00a75b0ba42ce30c444a12407e3' with options: SensitiveDataLoggingEnabled CommandTimeout=60 MigrationsHistoryTable=public.__EFMigrationsHistory using NetTopologySuite 
Debug [20005]: Creating DbConnection.
Debug [20006]: Created DbConnection. (0ms).
Debug [20000]: Opening connection to database 'frevertest' on server 'tcp://postgres-frever-it:5432'.
Debug [20001]: Opened connection to database 'frevertest' on server 'tcp://postgres-frever-it:5432'.
Debug [20209]: Beginning transaction with isolation level 'Unspecified'.
Debug [20200]: Began transaction with isolation level 'ReadCommitted'.
Debug [10111]: Compiling query expression: 
'DbSet&lt;User&gt;().FromSql(
with g as (
    insert into "Group" ("NickName",
                         "TaxationCountryId",
                         "DefaultLanguageId",
                         "BirthDate",
                         "Gender"
        )
        values ('test-user-80116ea0280944c9ac68403c4f6acd2d',
                (select "Id" from "Country" where "ISOName" = 'swe'),
                (select "Id" from "Language" where "IsoCode" = 'swe'),
                '1991-05-09T00:00:00.0000000',
                1)
        returning *),
     u as (
         insert
             into "User" ("IdentityServerId", "Email", "DataCollection", "MainGroupId", "AnalyticsEnabled",
                          "PhoneNumber",
                          "CreatorPermissionLevel", "MainCharacterId")
                 select uuid_generate_v4(),
                        'test-user-80116ea0280944c9ac68403c4f6acd2d@frever-test.com',
                        true,
                        g."Id",
                        true,
                        null,
                        array []::bigint[],
                        null
                 from g
                 returning *),
     activity as (
         insert into "UserActivity" ("GroupId", "OccurredAt", "ActionType")
             select g."Id", null, 'Login'
             from g
             where null is not null)
select *
from u;, __p_0)
'
Debug [10107]: Generated query execution expression: 
'queryContext =&gt; new FromSqlQueryingEnumerable&lt;User&gt;(
    (RelationalQueryContext)queryContext, 
    RelationalCommandCache.QueryExpression(
        Projection Mapping:
            EmptyProjectionMember -&gt; Dictionary&lt;IProperty, int&gt; { [Property: User.Id (long) Required PK AfterSave:Throw ValueGenerated.OnAdd, 0], [Property: User.AnalyticsEnabled (bool) Required, 1], [Property: User.AppleId (string), 2], [Property: User.CreatedTime (DateTime) Required ValueGenerated.OnAdd, 3], [Property: User.CreatorPermissionLevel (long[]) Element type: long Required, 4], [Property: User.DataCollection (bool?), 5], [Property: User.Email (string) Index, 6], [Property: User.GoogleId (string), 7], [Property: User.IdentityServerId (Guid) Required Index, 8], [Property: User.IsFeatured (bool) Required, 9], [Property: User.MainCharacterId (long?) FK Index, 10], [Property: User.MainGroupId (long) Required FK Index, 11], [Property: User.ModifiedTime (DateTime) Required, 12], [Property: User.PhoneNumber (string) Index, 13] }
        SELECT f.Id, f.AnalyticsEnabled, f.AppleId, f.CreatedTime, f.CreatorPermissionLevel, f.DataCollection, f.Email, f.GoogleId, f.IdentityServerId, f.IsFeatured, f.MainCharacterId, f.MainGroupId, f.ModifiedTime, f.PhoneNumber
        FROM 
with g as (
    insert into "Group" ("NickName",
                         "TaxationCountryId",
                         "DefaultLanguageId",
                         "BirthDate",
                         "Gender"
        )
        values ('test-user-80116ea0280944c9ac68403c4f6acd2d',
                (select "Id" from "Country" where "ISOName" = 'swe'),
                (select "Id" from "Language" where "IsoCode" = 'swe'),
                '1991-05-09T00:00:00.0000000',
                1)
        returning *),
     u as (
         insert
             into "User" ("IdentityServerId", "Email", "DataCollection", "MainGroupId", "AnalyticsEnabled",
                          "PhoneNumber",
                          "CreatorPermissionLevel", "MainCharacterId")
                 select uuid_generate_v4(),
                        'test-user-80116ea0280944c9ac68403c4f6acd2d@frever-test.com',
                        true,
                        g."Id",
                        true,
                        null,
                        array []::bigint[],
                        null
                 from g
                 returning *),
     activity as (
         insert into "UserActivity" ("GroupId", "OccurredAt", "ActionType")
             select g."Id", null, 'Login'
             from g
             where null is not null)
select *
from u;), 
    null, 
    List&lt;string&gt; { "Id", "AnalyticsEnabled", "AppleId", "CreatedTime", "CreatorPermissionLevel", "DataCollection", "Email", "GoogleId", "IdentityServerId", "IsFeatured", "MainCharacterId", "MainGroupId", "ModifiedTime", "PhoneNumber" }, 
    Func&lt;QueryContext, DbDataReader, int[], User&gt;, 
    Frever.Common.IntegrationTesting.TestReadWriteDbContext, 
    False, 
    False, 
    True
)'
Debug [20103]: Creating DbCommand for 'ExecuteReader'.
Debug [20104]: Created DbCommand for 'ExecuteReader' (0ms).
Debug [20106]: Initialized DbCommand for 'ExecuteReader' (0ms).
Debug [20100]: Executing DbCommand [Parameters=[], CommandType='Text', CommandTimeout='60']

with g as (
    insert into "Group" ("NickName",
                         "TaxationCountryId",
                         "DefaultLanguageId",
                         "BirthDate",
                         "Gender"
        )
        values ('test-user-80116ea0280944c9ac68403c4f6acd2d',
                (select "Id" from "Country" where "ISOName" = 'swe'),
                (select "Id" from "Language" where "IsoCode" = 'swe'),
                '1991-05-09T00:00:00.0000000',
                1)
        returning *),
     u as (
         insert
             into "User" ("IdentityServerId", "Email", "DataCollection", "MainGroupId", "AnalyticsEnabled",
                          "PhoneNumber",
                          "CreatorPermissionLevel", "MainCharacterId")
                 select uuid_generate_v4(),
                        'test-user-80116ea0280944c9ac68403c4f6acd2d@frever-test.com',
                        true,
                        g."Id",
                        true,
                        null,
                        array []::bigint[],
                        null
                 from g
                 returning *),
     activity as (
         insert into "UserActivity" ("GroupId", "OccurredAt", "ActionType")
             select g."Id", null, 'Login'
             from g
             where null is not null)
select *
from u;
Information [20101]: Executed DbCommand (23ms) [Parameters=[], CommandType='Text', CommandTimeout='60']

with g as (
    insert into "Group" ("NickName",
                         "TaxationCountryId",
                         "DefaultLanguageId",
                         "BirthDate",
                         "Gender"
        )
        values ('test-user-80116ea0280944c9ac68403c4f6acd2d',
                (select "Id" from "Country" where "ISOName" = 'swe'),
                (select "Id" from "Language" where "IsoCode" = 'swe'),
                '1991-05-09T00:00:00.0000000',
                1)
        returning *),
     u as (
         insert
             into "User" ("IdentityServerId", "Email", "DataCollection", "MainGroupId", "AnalyticsEnabled",
                          "PhoneNumber",
                          "CreatorPermissionLevel", "MainCharacterId")
                 select uuid_generate_v4(),
                        'test-user-80116ea0280944c9ac68403c4f6acd2d@frever-test.com',
                        true,
                        g."Id",
                        true,
                        null,
                        array []::bigint[],
                        null
                 from g
                 returning *),
     activity as (
         insert into "UserActivity" ("GroupId", "OccurredAt", "ActionType")
             select g."Id", null, 'Login'
             from g
             where null is not null)
select *
from u;
Debug [10806]: Context 'TestReadWriteDbContext' started tracking 'User' entity with key '{Id: 189620}'.
Debug [20301]: Closing data reader to 'frevertest' on server 'tcp://postgres-frever-it:5432'.
Debug [20300]: A data reader for 'frevertest' on server 'tcp://postgres-frever-it:5432' is being disposed after spending 96ms reading results.
Debug [20103]: Creating DbCommand for 'ExecuteNonQuery'.
Debug [20104]: Created DbCommand for 'ExecuteNonQuery' (0ms).
Debug [20106]: Initialized DbCommand for 'ExecuteNonQuery' (0ms).
Debug [20100]: Executing DbCommand [Parameters=[], CommandType='Text', CommandTimeout='60']
delete from "GeoCluster"
Information [20101]: Executed DbCommand (2ms) [Parameters=[], CommandType='Text', CommandTimeout='60']
delete from "GeoCluster"
Debug [10111]: Compiling query expression: 
'DbSet&lt;GeoCluster&gt;().FromSql(insert into "GeoCluster"("Priority", "Title", "IncludeVideoFromCountry",
                         "IncludeVideoWithLanguage", "ShowToUserFromCountry",
                         "ShowForUserWithLanguage")
values (3,
        'Swedish',
        ARRAY['swe']::text[],
        ARRAY['swe']::text[],
        ARRAY['swe']::text[],
        ARRAY['swe']::text[])
returning *;
, __p_0)
'
Debug [10107]: Generated query execution expression: 
'queryContext =&gt; new FromSqlQueryingEnumerable&lt;GeoCluster&gt;(
    (RelationalQueryContext)queryContext, 
    RelationalCommandCache.QueryExpression(
        Projection Mapping:
            EmptyProjectionMember -&gt; Dictionary&lt;IProperty, int&gt; { [Property: GeoCluster.Id (long) Required PK AfterSave:Throw ValueGenerated.OnAdd, 0], [Property: GeoCluster.ExcludeVideoFromCountry (string[]) Element type: string, 1], [Property: GeoCluster.ExcludeVideoWithLanguage (string[]) Element type: string, 2], [Property: GeoCluster.HideForUserFromCountry (string[]) Element type: string, 3], [Property: GeoCluster.HideForUserWithLanguage (string[]) Element type: string, 4], [Property: GeoCluster.IncludeVideoFromCountry (string[]) Element type: string, 5], [Property: GeoCluster.IncludeVideoWithLanguage (string[]) Element type: string, 6], [Property: GeoCluster.IsActive (bool) Required, 7], [Property: GeoCluster.Priority (int) Required, 8], [Property: GeoCluster.RecommendationNumOfDaysLookback (int) Required, 9], [Property: GeoCluster.RecommendationVideosPool (int) Required, 10], [Property: GeoCluster.ShowForUserWithLanguage (string[]) Element type: string, 11], [Property: GeoCluster.ShowToUserFromCountry (string[]) Element type: string, 12], [Property: GeoCluster.Title (string), 13] }
        SELECT f.Id, f.ExcludeVideoFromCountry, f.ExcludeVideoWithLanguage, f.HideForUserFromCountry, f.HideForUserWithLanguage, f.IncludeVideoFromCountry, f.IncludeVideoWithLanguage, f.IsActive, f.Priority, f.RecommendationNumOfDaysLookback, f.RecommendationVideosPool, f.ShowForUserWithLanguage, f.ShowToUserFromCountry, f.Title
        FROM insert into "GeoCluster"("Priority", "Title", "IncludeVideoFromCountry",
                         "IncludeVideoWithLanguage", "ShowToUserFromCountry",
                         "ShowForUserWithLanguage")
values (3,
        'Swedish',
        ARRAY['swe']::text[],
        ARRAY['swe']::text[],
        ARRAY['swe']::text[],
        ARRAY['swe']::text[])
returning *;
), 
    null, 
    List&lt;string&gt; { "Id", "ExcludeVideoFromCountry", "ExcludeVideoWithLanguage", "HideForUserFromCountry", "HideForUserWithLanguage", "IncludeVideoFromCountry", "IncludeVideoWithLanguage", "IsActive", "Priority", "RecommendationNumOfDaysLookback", "RecommendationVideosPool", "ShowForUserWithLanguage", "ShowToUserFromCountry", "Title" }, 
    Func&lt;QueryContext, DbDataReader, int[], GeoCluster&gt;, 
    Frever.Common.IntegrationTesting.TestReadWriteDbContext, 
    False, 
    False, 
    True
)'
Debug [20103]: Creating DbCommand for 'ExecuteReader'.
Debug [20104]: Created DbCommand for 'ExecuteReader' (0ms).
Debug [20106]: Initialized DbCommand for 'ExecuteReader' (0ms).
Debug [20100]: Executing DbCommand [Parameters=[], CommandType='Text', CommandTimeout='60']
insert into "GeoCluster"("Priority", "Title", "IncludeVideoFromCountry",
                         "IncludeVideoWithLanguage", "ShowToUserFromCountry",
                         "ShowForUserWithLanguage")
values (3,
        'Swedish',
        ARRAY['swe']::text[],
        ARRAY['swe']::text[],
        ARRAY['swe']::text[],
        ARRAY['swe']::text[])
returning *;
Information [20101]: Executed DbCommand (1ms) [Parameters=[], CommandType='Text', CommandTimeout='60']
insert into "GeoCluster"("Priority", "Title", "IncludeVideoFromCountry",
                         "IncludeVideoWithLanguage", "ShowToUserFromCountry",
                         "ShowForUserWithLanguage")
values (3,
        'Swedish',
        ARRAY['swe']::text[],
        ARRAY['swe']::text[],
        ARRAY['swe']::text[],
        ARRAY['swe']::text[])
returning *;
Debug [10806]: Context 'TestReadWriteDbContext' started tracking 'GeoCluster' entity with key '{Id: 99}'.
Debug [20301]: Closing data reader to 'frevertest' on server 'tcp://postgres-frever-it:5432'.
Debug [20300]: A data reader for 'frevertest' on server 'tcp://postgres-frever-it:5432' is being disposed after spending 19ms reading results.
Debug [10111]: Compiling query expression: 
'DbSet&lt;GeoCluster&gt;().FromSql(insert into "GeoCluster"("Priority", "Title", "IncludeVideoFromCountry",
                         "IncludeVideoWithLanguage", "ShowToUserFromCountry",
                         "ShowForUserWithLanguage")
values (2,
        'Americal',
        ARRAY['usa']::text[],
        ARRAY['eng']::text[],
        ARRAY['usa']::text[],
        ARRAY['eng']::text[])
returning *;
, __p_0)
'
Debug [10107]: Generated query execution expression: 
'queryContext =&gt; new FromSqlQueryingEnumerable&lt;GeoCluster&gt;(
    (RelationalQueryContext)queryContext, 
    RelationalCommandCache.QueryExpression(
        Projection Mapping:
            EmptyProjectionMember -&gt; Dictionary&lt;IProperty, int&gt; { [Property: GeoCluster.Id (long) Required PK AfterSave:Throw ValueGenerated.OnAdd, 0], [Property: GeoCluster.ExcludeVideoFromCountry (string[]) Element type: string, 1], [Property: GeoCluster.ExcludeVideoWithLanguage (string[]) Element type: string, 2], [Property: GeoCluster.HideForUserFromCountry (string[]) Element type: string, 3], [Property: GeoCluster.HideForUserWithLanguage (string[]) Element type: string, 4], [Property: GeoCluster.IncludeVideoFromCountry (string[]) Element type: string, 5], [Property: GeoCluster.IncludeVideoWithLanguage (string[]) Element type: string, 6], [Property: GeoCluster.IsActive (bool) Required, 7], [Property: GeoCluster.Priority (int) Required, 8], [Property: GeoCluster.RecommendationNumOfDaysLookback (int) Required, 9], [Property: GeoCluster.RecommendationVideosPool (int) Required, 10], [Property: GeoCluster.ShowForUserWithLanguage (string[]) Element type: string, 11], [Property: GeoCluster.ShowToUserFromCountry (string[]) Element type: string, 12], [Property: GeoCluster.Title (string), 13] }
        SELECT f.Id, f.ExcludeVideoFromCountry, f.ExcludeVideoWithLanguage, f.HideForUserFromCountry, f.HideForUserWithLanguage, f.IncludeVideoFromCountry, f.IncludeVideoWithLanguage, f.IsActive, f.Priority, f.RecommendationNumOfDaysLookback, f.RecommendationVideosPool, f.ShowForUserWithLanguage, f.ShowToUserFromCountry, f.Title
        FROM insert into "GeoCluster"("Priority", "Title", "IncludeVideoFromCountry",
                         "IncludeVideoWithLanguage", "ShowToUserFromCountry",
                         "ShowForUserWithLanguage")
values (2,
        'Americal',
        ARRAY['usa']::text[],
        ARRAY['eng']::text[],
        ARRAY['usa']::text[],
        ARRAY['eng']::text[])
returning *;
), 
    null, 
    List&lt;string&gt; { "Id", "ExcludeVideoFromCountry", "ExcludeVideoWithLanguage", "HideForUserFromCountry", "HideForUserWithLanguage", "IncludeVideoFromCountry", "IncludeVideoWithLanguage", "IsActive", "Priority", "RecommendationNumOfDaysLookback", "RecommendationVideosPool", "ShowForUserWithLanguage", "ShowToUserFromCountry", "Title" }, 
    Func&lt;QueryContext, DbDataReader, int[], GeoCluster&gt;, 
    Frever.Common.IntegrationTesting.TestReadWriteDbContext, 
    False, 
    False, 
    True
)'
Debug [20103]: Creating DbCommand for 'ExecuteReader'.
Debug [20104]: Created DbCommand for 'ExecuteReader' (0ms).
Debug [20106]: Initialized DbCommand for 'ExecuteReader' (0ms).
Debug [20100]: Executing DbCommand [Parameters=[], CommandType='Text', CommandTimeout='60']
insert into "GeoCluster"("Priority", "Title", "IncludeVideoFromCountry",
                         "IncludeVideoWithLanguage", "ShowToUserFromCountry",
                         "ShowForUserWithLanguage")
values (2,
        'Americal',
        ARRAY['usa']::text[],
        ARRAY['eng']::text[],
        ARRAY['usa']::text[],
        ARRAY['eng']::text[])
returning *;
Information [20101]: Executed DbCommand (1ms) [Parameters=[], CommandType='Text', CommandTimeout='60']
insert into "GeoCluster"("Priority", "Title", "IncludeVideoFromCountry",
                         "IncludeVideoWithLanguage", "ShowToUserFromCountry",
                         "ShowForUserWithLanguage")
values (2,
        'Americal',
        ARRAY['usa']::text[],
        ARRAY['eng']::text[],
        ARRAY['usa']::text[],
        ARRAY['eng']::text[])
returning *;
Debug [10806]: Context 'TestReadWriteDbContext' started tracking 'GeoCluster' entity with key '{Id: 100}'.
Debug [20301]: Closing data reader to 'frevertest' on server 'tcp://postgres-frever-it:5432'.
Debug [20300]: A data reader for 'frevertest' on server 'tcp://postgres-frever-it:5432' is being disposed after spending 5ms reading results.
Debug [10111]: Compiling query expression: 
'DbSet&lt;User&gt;().FromSql(
with g as (
    insert into "Group" ("NickName",
                         "TaxationCountryId",
                         "DefaultLanguageId",
                         "BirthDate",
                         "Gender"
        )
        values ('friend-author-0-12c6e46490624ddca28f761dafe727cf',
                (select "Id" from "Country" where "ISOName" = 'swe'),
                (select "Id" from "Language" where "IsoCode" = 'swe'),
                '1993-06-25T00:00:00.0000000',
                1)
        returning *),
     u as (
         insert
             into "User" ("IdentityServerId", "Email", "DataCollection", "MainGroupId", "AnalyticsEnabled",
                          "PhoneNumber",
                          "CreatorPermissionLevel", "MainCharacterId")
                 select uuid_generate_v4(),
                        'friend-author-0-12c6e46490624ddca28f761dafe727cf@frever-test.com',
                        true,
                        g."Id",
                        true,
                        null,
                        array []::bigint[],
                        111
                 from g
                 returning *),
     activity as (
         insert into "UserActivity" ("GroupId", "OccurredAt", "ActionType")
             select g."Id", null, 'Login'
             from g
             where null is not null)
select *
from u;, __p_0)
'
Debug [10107]: Generated query execution expression: 
'queryContext =&gt; new FromSqlQueryingEnumerable&lt;User&gt;(
    (RelationalQueryContext)queryContext, 
    RelationalCommandCache.QueryExpression(
        Projection Mapping:
            EmptyProjectionMember -&gt; Dictionary&lt;IProperty, int&gt; { [Property: User.Id (long) Required PK AfterSave:Throw ValueGenerated.OnAdd, 0], [Property: User.AnalyticsEnabled (bool) Required, 1], [Property: User.AppleId (string), 2], [Property: User.CreatedTime (DateTime) Required ValueGenerated.OnAdd, 3], [Property: User.CreatorPermissionLevel (long[]) Element type: long Required, 4], [Property: User.DataCollection (bool?), 5], [Property: User.Email (string) Index, 6], [Property: User.GoogleId (string), 7], [Property: User.IdentityServerId (Guid) Required Index, 8], [Property: User.IsFeatured (bool) Required, 9], [Property: User.MainCharacterId (long?) FK Index, 10], [Property: User.MainGroupId (long) Required FK Index, 11], [Property: User.ModifiedTime (DateTime) Required, 12], [Property: User.PhoneNumber (string) Index, 13] }
        SELECT f.Id, f.AnalyticsEnabled, f.AppleId, f.CreatedTime, f.CreatorPermissionLevel, f.DataCollection, f.Email, f.GoogleId, f.IdentityServerId, f.IsFeatured, f.MainCharacterId, f.MainGroupId, f.ModifiedTime, f.PhoneNumber
        FROM 
with g as (
    insert into "Group" ("NickName",
                         "TaxationCountryId",
                         "DefaultLanguageId",
                         "BirthDate",
                         "Gender"
        )
        values ('friend-author-0-12c6e46490624ddca28f761dafe727cf',
                (select "Id" from "Country" where "ISOName" = 'swe'),
                (select "Id" from "Language" where "IsoCode" = 'swe'),
                '1993-06-25T00:00:00.0000000',
                1)
        returning *),
     u as (
         insert
             into "User" ("IdentityServerId", "Email", "DataCollection", "MainGroupId", "AnalyticsEnabled",
                          "PhoneNumber",
                          "CreatorPermissionLevel", "MainCharacterId")
                 select uuid_generate_v4(),
                        'friend-author-0-12c6e46490624ddca28f761dafe727cf@frever-test.com',
                        true,
                        g."Id",
                        true,
                        null,
                        array []::bigint[],
                        111
                 from g
                 returning *),
     activity as (
         insert into "UserActivity" ("GroupId", "OccurredAt", "ActionType")
             select g."Id", null, 'Login'
             from g
             where null is not null)
select *
from u;), 
    null, 
    List&lt;string&gt; { "Id", "AnalyticsEnabled", "AppleId", "CreatedTime", "CreatorPermissionLevel", "DataCollection", "Email", "GoogleId", "IdentityServerId", "IsFeatured", "MainCharacterId", "MainGroupId", "ModifiedTime", "PhoneNumber" }, 
    Func&lt;QueryContext, DbDataReader, int[], User&gt;, 
    Frever.Common.IntegrationTesting.TestReadWriteDbContext, 
    False, 
    False, 
    True
)'
Debug [20103]: Creating DbCommand for 'ExecuteReader'.
Debug [20104]: Created DbCommand for 'ExecuteReader' (0ms).
Debug [20106]: Initialized DbCommand for 'ExecuteReader' (0ms).
Debug [20100]: Executing DbCommand [Parameters=[], CommandType='Text', CommandTimeout='60']

with g as (
    insert into "Group" ("NickName",
                         "TaxationCountryId",
                         "DefaultLanguageId",
                         "BirthDate",
                         "Gender"
        )
        values ('friend-author-0-12c6e46490624ddca28f761dafe727cf',
                (select "Id" from "Country" where "ISOName" = 'swe'),
                (select "Id" from "Language" where "IsoCode" = 'swe'),
                '1993-06-25T00:00:00.0000000',
                1)
        returning *),
     u as (
         insert
             into "User" ("IdentityServerId", "Email", "DataCollection", "MainGroupId", "AnalyticsEnabled",
                          "PhoneNumber",
                          "CreatorPermissionLevel", "MainCharacterId")
                 select uuid_generate_v4(),
                        'friend-author-0-12c6e46490624ddca28f761dafe727cf@frever-test.com',
                        true,
                        g."Id",
                        true,
                        null,
                        array []::bigint[],
                        111
                 from g
                 returning *),
     activity as (
         insert into "UserActivity" ("GroupId", "OccurredAt", "ActionType")
             select g."Id", null, 'Login'
             from g
             where null is not null)
select *
from u;
Information [20101]: Executed DbCommand (3ms) [Parameters=[], CommandType='Text', CommandTimeout='60']

with g as (
    insert into "Group" ("NickName",
                         "TaxationCountryId",
                         "DefaultLanguageId",
                         "BirthDate",
                         "Gender"
        )
        values ('friend-author-0-12c6e46490624ddca28f761dafe727cf',
                (select "Id" from "Country" where "ISOName" = 'swe'),
                (select "Id" from "Language" where "IsoCode" = 'swe'),
                '1993-06-25T00:00:00.0000000',
                1)
        returning *),
     u as (
         insert
             into "User" ("IdentityServerId", "Email", "DataCollection", "MainGroupId", "AnalyticsEnabled",
                          "PhoneNumber",
                          "CreatorPermissionLevel", "MainCharacterId")
                 select uuid_generate_v4(),
                        'friend-author-0-12c6e46490624ddca28f761dafe727cf@frever-test.com',
                        true,
                        g."Id",
                        true,
                        null,
                        array []::bigint[],
                        111
                 from g
                 returning *),
     activity as (
         insert into "UserActivity" ("GroupId", "OccurredAt", "ActionType")
             select g."Id", null, 'Login'
             from g
             where null is not null)
select *
from u;
Debug [10806]: Context 'TestReadWriteDbContext' started tracking 'User' entity with key '{Id: 189621}'.
Debug [20301]: Closing data reader to 'frevertest' on server 'tcp://postgres-frever-it:5432'.
Debug [20300]: A data reader for 'frevertest' on server 'tcp://postgres-frever-it:5432' is being disposed after spending 0ms reading results.
Debug [10111]: Compiling query expression: 
'DbSet&lt;User&gt;().FromSql(
with g as (
    insert into "Group" ("NickName",
                         "TaxationCountryId",
                         "DefaultLanguageId",
                         "BirthDate",
                         "Gender"
        )
        values ('friend-author-1-6b691ce0720e42e59daed3573fee9875',
                (select "Id" from "Country" where "ISOName" = 'swe'),
                (select "Id" from "Language" where "IsoCode" = 'swe'),
                '1991-02-27T00:00:00.0000000',
                1)
        returning *),
     u as (
         insert
             into "User" ("IdentityServerId", "Email", "DataCollection", "MainGroupId", "AnalyticsEnabled",
                          "PhoneNumber",
                          "CreatorPermissionLevel", "MainCharacterId")
                 select uuid_generate_v4(),
                        'friend-author-1-6b691ce0720e42e59daed3573fee9875@frever-test.com',
                        true,
                        g."Id",
                        true,
                        null,
                        array []::bigint[],
                        111
                 from g
                 returning *),
     activity as (
         insert into "UserActivity" ("GroupId", "OccurredAt", "ActionType")
             select g."Id", null, 'Login'
             from g
             where null is not null)
select *
from u;, __p_0)
'
Debug [10107]: Generated query execution expression: 
'queryContext =&gt; new FromSqlQueryingEnumerable&lt;User&gt;(
    (RelationalQueryContext)queryContext, 
    RelationalCommandCache.QueryExpression(
        Projection Mapping:
            EmptyProjectionMember -&gt; Dictionary&lt;IProperty, int&gt; { [Property: User.Id (long) Required PK AfterSave:Throw ValueGenerated.OnAdd, 0], [Property: User.AnalyticsEnabled (bool) Required, 1], [Property: User.AppleId (string), 2], [Property: User.CreatedTime (DateTime) Required ValueGenerated.OnAdd, 3], [Property: User.CreatorPermissionLevel (long[]) Element type: long Required, 4], [Property: User.DataCollection (bool?), 5], [Property: User.Email (string) Index, 6], [Property: User.GoogleId (string), 7], [Property: User.IdentityServerId (Guid) Required Index, 8], [Property: User.IsFeatured (bool) Required, 9], [Property: User.MainCharacterId (long?) FK Index, 10], [Property: User.MainGroupId (long) Required FK Index, 11], [Property: User.ModifiedTime (DateTime) Required, 12], [Property: User.PhoneNumber (string) Index, 13] }
        SELECT f.Id, f.AnalyticsEnabled, f.AppleId, f.CreatedTime, f.CreatorPermissionLevel, f.DataCollection, f.Email, f.GoogleId, f.IdentityServerId, f.IsFeatured, f.MainCharacterId, f.MainGroupId, f.ModifiedTime, f.PhoneNumber
        FROM 
with g as (
    insert into "Group" ("NickName",
                         "TaxationCountryId",
                         "DefaultLanguageId",
                         "BirthDate",
                         "Gender"
        )
        values ('friend-author-1-6b691ce0720e42e59daed3573fee9875',
                (select "Id" from "Country" where "ISOName" = 'swe'),
                (select "Id" from "Language" where "IsoCode" = 'swe'),
                '1991-02-27T00:00:00.0000000',
                1)
        returning *),
     u as (
         insert
             into "User" ("IdentityServerId", "Email", "DataCollection", "MainGroupId", "AnalyticsEnabled",
                          "PhoneNumber",
                          "CreatorPermissionLevel", "MainCharacterId")
                 select uuid_generate_v4(),
                        'friend-author-1-6b691ce0720e42e59daed3573fee9875@frever-test.com',
                        true,
                        g."Id",
                        true,
                        null,
                        array []::bigint[],
                        111
                 from g
                 returning *),
     activity as (
         insert into "UserActivity" ("GroupId", "OccurredAt", "ActionType")
             select g."Id", null, 'Login'
             from g
             where null is not null)
select *
from u;), 
    null, 
    List&lt;string&gt; { "Id", "AnalyticsEnabled", "AppleId", "CreatedTime", "CreatorPermissionLevel", "DataCollection", "Email", "GoogleId", "IdentityServerId", "IsFeatured", "MainCharacterId", "MainGroupId", "ModifiedTime", "PhoneNumber" }, 
    Func&lt;QueryContext, DbDataReader, int[], User&gt;, 
    Frever.Common.IntegrationTesting.TestReadWriteDbContext, 
    False, 
    False, 
    True
)'
Debug [20103]: Creating DbCommand for 'ExecuteReader'.
Debug [20104]: Created DbCommand for 'ExecuteReader' (0ms).
Debug [20106]: Initialized DbCommand for 'ExecuteReader' (0ms).
Debug [20100]: Executing DbCommand [Parameters=[], CommandType='Text', CommandTimeout='60']

with g as (
    insert into "Group" ("NickName",
                         "TaxationCountryId",
                         "DefaultLanguageId",
                         "BirthDate",
                         "Gender"
        )
        values ('friend-author-1-6b691ce0720e42e59daed3573fee9875',
                (select "Id" from "Country" where "ISOName" = 'swe'),
                (select "Id" from "Language" where "IsoCode" = 'swe'),
                '1991-02-27T00:00:00.0000000',
                1)
        returning *),
     u as (
         insert
             into "User" ("IdentityServerId", "Email", "DataCollection", "MainGroupId", "AnalyticsEnabled",
                          "PhoneNumber",
                          "CreatorPermissionLevel", "MainCharacterId")
                 select uuid_generate_v4(),
                        'friend-author-1-6b691ce0720e42e59daed3573fee9875@frever-test.com',
                        true,
                        g."Id",
                        true,
                        null,
                        array []::bigint[],
                        111
                 from g
                 returning *),
     activity as (
         insert into "UserActivity" ("GroupId", "OccurredAt", "ActionType")
             select g."Id", null, 'Login'
             from g
             where null is not null)
select *
from u;
Information [20101]: Executed DbCommand (1ms) [Parameters=[], CommandType='Text', CommandTimeout='60']

with g as (
    insert into "Group" ("NickName",
                         "TaxationCountryId",
                         "DefaultLanguageId",
                         "BirthDate",
                         "Gender"
        )
        values ('friend-author-1-6b691ce0720e42e59daed3573fee9875',
                (select "Id" from "Country" where "ISOName" = 'swe'),
                (select "Id" from "Language" where "IsoCode" = 'swe'),
                '1991-02-27T00:00:00.0000000',
                1)
        returning *),
     u as (
         insert
             into "User" ("IdentityServerId", "Email", "DataCollection", "MainGroupId", "AnalyticsEnabled",
                          "PhoneNumber",
                          "CreatorPermissionLevel", "MainCharacterId")
                 select uuid_generate_v4(),
                        'friend-author-1-6b691ce0720e42e59daed3573fee9875@frever-test.com',
                        true,
                        g."Id",
                        true,
                        null,
                        array []::bigint[],
                        111
                 from g
                 returning *),
     activity as (
         insert into "UserActivity" ("GroupId", "OccurredAt", "ActionType")
             select g."Id", null, 'Login'
             from g
             where null is not null)
select *
from u;
Debug [10806]: Context 'TestReadWriteDbContext' started tracking 'User' entity with key '{Id: 189623}'.
Debug [20301]: Closing data reader to 'frevertest' on server 'tcp://postgres-frever-it:5432'.
Debug [20300]: A data reader for 'frevertest' on server 'tcp://postgres-frever-it:5432' is being disposed after spending 0ms reading results.
Debug [10111]: Compiling query expression: 
'DbSet&lt;User&gt;().FromSql(
with g as (
    insert into "Group" ("NickName",
                         "TaxationCountryId",
                         "DefaultLanguageId",
                         "BirthDate",
                         "Gender"
        )
        values ('friend-author-2-d8ff878e8aa14d0bb71f02c4c9726632',
                (select "Id" from "Country" where "ISOName" = 'swe'),
                (select "Id" from "Language" where "IsoCode" = 'swe'),
                '1993-01-24T00:00:00.0000000',
                1)
        returning *),
     u as (
         insert
             into "User" ("IdentityServerId", "Email", "DataCollection", "MainGroupId", "AnalyticsEnabled",
                          "PhoneNumber",
                          "CreatorPermissionLevel", "MainCharacterId")
                 select uuid_generate_v4(),
                        'friend-author-2-d8ff878e8aa14d0bb71f02c4c9726632@frever-test.com',
                        true,
                        g."Id",
                        true,
                        null,
                        array []::bigint[],
                        111
                 from g
                 returning *),
     activity as (
         insert into "UserActivity" ("GroupId", "OccurredAt", "ActionType")
             select g."Id", null, 'Login'
             from g
             where null is not null)
select *
from u;, __p_0)
'
Debug [10107]: Generated query execution expression: 
'queryContext =&gt; new FromSqlQueryingEnumerable&lt;User&gt;(
    (RelationalQueryContext)queryContext, 
    RelationalCommandCache.QueryExpression(
        Projection Mapping:
            EmptyProjectionMember -&gt; Dictionary&lt;IProperty, int&gt; { [Property: User.Id (long) Required PK AfterSave:Throw ValueGenerated.OnAdd, 0], [Property: User.AnalyticsEnabled (bool) Required, 1], [Property: User.AppleId (string), 2], [Property: User.CreatedTime (DateTime) Required ValueGenerated.OnAdd, 3], [Property: User.CreatorPermissionLevel (long[]) Element type: long Required, 4], [Property: User.DataCollection (bool?), 5], [Property: User.Email (string) Index, 6], [Property: User.GoogleId (string), 7], [Property: User.IdentityServerId (Guid) Required Index, 8], [Property: User.IsFeatured (bool) Required, 9], [Property: User.MainCharacterId (long?) FK Index, 10], [Property: User.MainGroupId (long) Required FK Index, 11], [Property: User.ModifiedTime (DateTime) Required, 12], [Property: User.PhoneNumber (string) Index, 13] }
        SELECT f.Id, f.AnalyticsEnabled, f.AppleId, f.CreatedTime, f.CreatorPermissionLevel, f.DataCollection, f.Email, f.GoogleId, f.IdentityServerId, f.IsFeatured, f.MainCharacterId, f.MainGroupId, f.ModifiedTime, f.PhoneNumber
        FROM 
with g as (
    insert into "Group" ("NickName",
                         "TaxationCountryId",
                         "DefaultLanguageId",
                         "BirthDate",
                         "Gender"
        )
        values ('friend-author-2-d8ff878e8aa14d0bb71f02c4c9726632',
                (select "Id" from "Country" where "ISOName" = 'swe'),
                (select "Id" from "Language" where "IsoCode" = 'swe'),
                '1993-01-24T00:00:00.0000000',
                1)
        returning *),
     u as (
         insert
             into "User" ("IdentityServerId", "Email", "DataCollection", "MainGroupId", "AnalyticsEnabled",
                          "PhoneNumber",
                          "CreatorPermissionLevel", "MainCharacterId")
                 select uuid_generate_v4(),
                        'friend-author-2-d8ff878e8aa14d0bb71f02c4c9726632@frever-test.com',
                        true,
                        g."Id",
                        true,
                        null,
                        array []::bigint[],
                        111
                 from g
                 returning *),
     activity as (
         insert into "UserActivity" ("GroupId", "OccurredAt", "ActionType")
             select g."Id", null, 'Login'
             from g
             where null is not null)
select *
from u;), 
    null, 
    List&lt;string&gt; { "Id", "AnalyticsEnabled", "AppleId", "CreatedTime", "CreatorPermissionLevel", "DataCollection", "Email", "GoogleId", "IdentityServerId", "IsFeatured", "MainCharacterId", "MainGroupId", "ModifiedTime", "PhoneNumber" }, 
    Func&lt;QueryContext, DbDataReader, int[], User&gt;, 
    Frever.Common.IntegrationTesting.TestReadWriteDbContext, 
    False, 
    False, 
    True
)'
Debug [20103]: Creating DbCommand for 'ExecuteReader'.
Debug [20104]: Created DbCommand for 'ExecuteReader' (0ms).
Debug [20106]: Initialized DbCommand for 'ExecuteReader' (0ms).
Debug [20100]: Executing DbCommand [Parameters=[], CommandType='Text', CommandTimeout='60']

with g as (
    insert into "Group" ("NickName",
                         "TaxationCountryId",
                         "DefaultLanguageId",
                         "BirthDate",
                         "Gender"
        )
        values ('friend-author-2-d8ff878e8aa14d0bb71f02c4c9726632',
                (select "Id" from "Country" where "ISOName" = 'swe'),
                (select "Id" from "Language" where "IsoCode" = 'swe'),
                '1993-01-24T00:00:00.0000000',
                1)
        returning *),
     u as (
         insert
             into "User" ("IdentityServerId", "Email", "DataCollection", "MainGroupId", "AnalyticsEnabled",
                          "PhoneNumber",
                          "CreatorPermissionLevel", "MainCharacterId")
                 select uuid_generate_v4(),
                        'friend-author-2-d8ff878e8aa14d0bb71f02c4c9726632@frever-test.com',
                        true,
                        g."Id",
                        true,
                        null,
                        array []::bigint[],
                        111
                 from g
                 returning *),
     activity as (
         insert into "UserActivity" ("GroupId", "OccurredAt", "ActionType")
             select g."Id", null, 'Login'
             from g
             where null is not null)
select *
from u;
Information [20101]: Executed DbCommand (1ms) [Parameters=[], CommandType='Text', CommandTimeout='60']

with g as (
    insert into "Group" ("NickName",
                         "TaxationCountryId",
                         "DefaultLanguageId",
                         "BirthDate",
                         "Gender"
        )
        values ('friend-author-2-d8ff878e8aa14d0bb71f02c4c9726632',
                (select "Id" from "Country" where "ISOName" = 'swe'),
                (select "Id" from "Language" where "IsoCode" = 'swe'),
                '1993-01-24T00:00:00.0000000',
                1)
        returning *),
     u as (
         insert
             into "User" ("IdentityServerId", "Email", "DataCollection", "MainGroupId", "AnalyticsEnabled",
                          "PhoneNumber",
                          "CreatorPermissionLevel", "MainCharacterId")
                 select uuid_generate_v4(),
                        'friend-author-2-d8ff878e8aa14d0bb71f02c4c9726632@frever-test.com',
                        true,
                        g."Id",
                        true,
                        null,
                        array []::bigint[],
                        111
                 from g
                 returning *),
     activity as (
         insert into "UserActivity" ("GroupId", "OccurredAt", "ActionType")
             select g."Id", null, 'Login'
             from g
             where null is not null)
select *
from u;
Debug [10806]: Context 'TestReadWriteDbContext' started tracking 'User' entity with key '{Id: 189624}'.
Debug [20301]: Closing data reader to 'frevertest' on server 'tcp://postgres-frever-it:5432'.
Debug [20300]: A data reader for 'frevertest' on server 'tcp://postgres-frever-it:5432' is being disposed after spending 0ms reading results.
Debug [10111]: Compiling query expression: 
'DbSet&lt;User&gt;().FromSql(
with g as (
    insert into "Group" ("NickName",
                         "TaxationCountryId",
                         "DefaultLanguageId",
                         "BirthDate",
                         "Gender"
        )
        values ('friend-author-3-93d3f4ded985435a98f34663bfde10ec',
                (select "Id" from "Country" where "ISOName" = 'swe'),
                (select "Id" from "Language" where "IsoCode" = 'swe'),
                '1992-04-04T00:00:00.0000000',
                1)
        returning *),
     u as (
         insert
             into "User" ("IdentityServerId", "Email", "DataCollection", "MainGroupId", "AnalyticsEnabled",
                          "PhoneNumber",
                          "CreatorPermissionLevel", "MainCharacterId")
                 select uuid_generate_v4(),
                        'friend-author-3-93d3f4ded985435a98f34663bfde10ec@frever-test.com',
                        true,
                        g."Id",
                        true,
                        null,
                        array []::bigint[],
                        111
                 from g
                 returning *),
     activity as (
         insert into "UserActivity" ("GroupId", "OccurredAt", "ActionType")
             select g."Id", null, 'Login'
             from g
             where null is not null)
select *
from u;, __p_0)
'
Debug [10107]: Generated query execution expression: 
'queryContext =&gt; new FromSqlQueryingEnumerable&lt;User&gt;(
    (RelationalQueryContext)queryContext, 
    RelationalCommandCache.QueryExpression(
        Projection Mapping:
            EmptyProjectionMember -&gt; Dictionary&lt;IProperty, int&gt; { [Property: User.Id (long) Required PK AfterSave:Throw ValueGenerated.OnAdd, 0], [Property: User.AnalyticsEnabled (bool) Required, 1], [Property: User.AppleId (string), 2], [Property: User.CreatedTime (DateTime) Required ValueGenerated.OnAdd, 3], [Property: User.CreatorPermissionLevel (long[]) Element type: long Required, 4], [Property: User.DataCollection (bool?), 5], [Property: User.Email (string) Index, 6], [Property: User.GoogleId (string), 7], [Property: User.IdentityServerId (Guid) Required Index, 8], [Property: User.IsFeatured (bool) Required, 9], [Property: User.MainCharacterId (long?) FK Index, 10], [Property: User.MainGroupId (long) Required FK Index, 11], [Property: User.ModifiedTime (DateTime) Required, 12], [Property: User.PhoneNumber (string) Index, 13] }
        SELECT f.Id, f.AnalyticsEnabled, f.AppleId, f.CreatedTime, f.CreatorPermissionLevel, f.DataCollection, f.Email, f.GoogleId, f.IdentityServerId, f.IsFeatured, f.MainCharacterId, f.MainGroupId, f.ModifiedTime, f.PhoneNumber
        FROM 
with g as (
    insert into "Group" ("NickName",
                         "TaxationCountryId",
                         "DefaultLanguageId",
                         "BirthDate",
                         "Gender"
        )
        values ('friend-author-3-93d3f4ded985435a98f34663bfde10ec',
                (select "Id" from "Country" where "ISOName" = 'swe'),
                (select "Id" from "Language" where "IsoCode" = 'swe'),
                '1992-04-04T00:00:00.0000000',
                1)
        returning *),
     u as (
         insert
             into "User" ("IdentityServerId", "Email", "DataCollection", "MainGroupId", "AnalyticsEnabled",
                          "PhoneNumber",
                          "CreatorPermissionLevel", "MainCharacterId")
                 select uuid_generate_v4(),
                        'friend-author-3-93d3f4ded985435a98f34663bfde10ec@frever-test.com',
                        true,
                        g."Id",
                        true,
                        null,
                        array []::bigint[],
                        111
                 from g
                 returning *),
     activity as (
         insert into "UserActivity" ("GroupId", "OccurredAt", "ActionType")
             select g."Id", null, 'Login'
             from g
             where null is not null)
select *
from u;), 
    null, 
    List&lt;string&gt; { "Id", "AnalyticsEnabled", "AppleId", "CreatedTime", "CreatorPermissionLevel", "DataCollection", "Email", "GoogleId", "IdentityServerId", "IsFeatured", "MainCharacterId", "MainGroupId", "ModifiedTime", "PhoneNumber" }, 
    Func&lt;QueryContext, DbDataReader, int[], User&gt;, 
    Frever.Common.IntegrationTesting.TestReadWriteDbContext, 
    False, 
    False, 
    True
)'
Debug [20103]: Creating DbCommand for 'ExecuteReader'.
Debug [20104]: Created DbCommand for 'ExecuteReader' (0ms).
Debug [20106]: Initialized DbCommand for 'ExecuteReader' (0ms).
Debug [20100]: Executing DbCommand [Parameters=[], CommandType='Text', CommandTimeout='60']

with g as (
    insert into "Group" ("NickName",
                         "TaxationCountryId",
                         "DefaultLanguageId",
                         "BirthDate",
                         "Gender"
        )
        values ('friend-author-3-93d3f4ded985435a98f34663bfde10ec',
                (select "Id" from "Country" where "ISOName" = 'swe'),
                (select "Id" from "Language" where "IsoCode" = 'swe'),
                '1992-04-04T00:00:00.0000000',
                1)
        returning *),
     u as (
         insert
             into "User" ("IdentityServerId", "Email", "DataCollection", "MainGroupId", "AnalyticsEnabled",
                          "PhoneNumber",
                          "CreatorPermissionLevel", "MainCharacterId")
                 select uuid_generate_v4(),
                        'friend-author-3-93d3f4ded985435a98f34663bfde10ec@frever-test.com',
                        true,
                        g."Id",
                        true,
                        null,
                        array []::bigint[],
                        111
                 from g
                 returning *),
     activity as (
         insert into "UserActivity" ("GroupId", "OccurredAt", "ActionType")
             select g."Id", null, 'Login'
             from g
             where null is not null)
select *
from u;
Information [20101]: Executed DbCommand (1ms) [Parameters=[], CommandType='Text', CommandTimeout='60']

with g as (
    insert into "Group" ("NickName",
                         "TaxationCountryId",
                         "DefaultLanguageId",
                         "BirthDate",
                         "Gender"
        )
        values ('friend-author-3-93d3f4ded985435a98f34663bfde10ec',
                (select "Id" from "Country" where "ISOName" = 'swe'),
                (select "Id" from "Language" where "IsoCode" = 'swe'),
                '1992-04-04T00:00:00.0000000',
                1)
        returning *),
     u as (
         insert
             into "User" ("IdentityServerId", "Email", "DataCollection", "MainGroupId", "AnalyticsEnabled",
                          "PhoneNumber",
                          "CreatorPermissionLevel", "MainCharacterId")
                 select uuid_generate_v4(),
                        'friend-author-3-93d3f4ded985435a98f34663bfde10ec@frever-test.com',
                        true,
                        g."Id",
                        true,
                        null,
                        array []::bigint[],
                        111
                 from g
                 returning *),
     activity as (
         insert into "UserActivity" ("GroupId", "OccurredAt", "ActionType")
             select g."Id", null, 'Login'
             from g
             where null is not null)
select *
from u;
Debug [10806]: Context 'TestReadWriteDbContext' started tracking 'User' entity with key '{Id: 189625}'.
Debug [20301]: Closing data reader to 'frevertest' on server 'tcp://postgres-frever-it:5432'.
Debug [20300]: A data reader for 'frevertest' on server 'tcp://postgres-frever-it:5432' is being disposed after spending 0ms reading results.
Debug [10111]: Compiling query expression: 
'DbSet&lt;User&gt;().FromSql(
with g as (
    insert into "Group" ("NickName",
                         "TaxationCountryId",
                         "DefaultLanguageId",
                         "BirthDate",
                         "Gender"
        )
        values ('friend-author-4-447a900178fa413f8a7f61d6a3bb92ef',
                (select "Id" from "Country" where "ISOName" = 'swe'),
                (select "Id" from "Language" where "IsoCode" = 'swe'),
                '1993-05-07T00:00:00.0000000',
                1)
        returning *),
     u as (
         insert
             into "User" ("IdentityServerId", "Email", "DataCollection", "MainGroupId", "AnalyticsEnabled",
                          "PhoneNumber",
                          "CreatorPermissionLevel", "MainCharacterId")
                 select uuid_generate_v4(),
                        'friend-author-4-447a900178fa413f8a7f61d6a3bb92ef@frever-test.com',
                        true,
                        g."Id",
                        true,
                        null,
                        array []::bigint[],
                        111
                 from g
                 returning *),
     activity as (
         insert into "UserActivity" ("GroupId", "OccurredAt", "ActionType")
             select g."Id", null, 'Login'
             from g
             where null is not null)
select *
from u;, __p_0)
'
Debug [10107]: Generated query execution expression: 
'queryContext =&gt; new FromSqlQueryingEnumerable&lt;User&gt;(
    (RelationalQueryContext)queryContext, 
    RelationalCommandCache.QueryExpression(
        Projection Mapping:
            EmptyProjectionMember -&gt; Dictionary&lt;IProperty, int&gt; { [Property: User.Id (long) Required PK AfterSave:Throw ValueGenerated.OnAdd, 0], [Property: User.AnalyticsEnabled (bool) Required, 1], [Property: User.AppleId (string), 2], [Property: User.CreatedTime (DateTime) Required ValueGenerated.OnAdd, 3], [Property: User.CreatorPermissionLevel (long[]) Element type: long Required, 4], [Property: User.DataCollection (bool?), 5], [Property: User.Email (string) Index, 6], [Property: User.GoogleId (string), 7], [Property: User.IdentityServerId (Guid) Required Index, 8], [Property: User.IsFeatured (bool) Required, 9], [Property: User.MainCharacterId (long?) FK Index, 10], [Property: User.MainGroupId (long) Required FK Index, 11], [Property: User.ModifiedTime (DateTime) Required, 12], [Property: User.PhoneNumber (string) Index, 13] }
        SELECT f.Id, f.AnalyticsEnabled, f.AppleId, f.CreatedTime, f.CreatorPermissionLevel, f.DataCollection, f.Email, f.GoogleId, f.IdentityServerId, f.IsFeatured, f.MainCharacterId, f.MainGroupId, f.ModifiedTime, f.PhoneNumber
        FROM 
with g as (
    insert into "Group" ("NickName",
                         "TaxationCountryId",
                         "DefaultLanguageId",
                         "BirthDate",
                         "Gender"
        )
        values ('friend-author-4-447a900178fa413f8a7f61d6a3bb92ef',
                (select "Id" from "Country" where "ISOName" = 'swe'),
                (select "Id" from "Language" where "IsoCode" = 'swe'),
                '1993-05-07T00:00:00.0000000',
                1)
        returning *),
     u as (
         insert
             into "User" ("IdentityServerId", "Email", "DataCollection", "MainGroupId", "AnalyticsEnabled",
                          "PhoneNumber",
                          "CreatorPermissionLevel", "MainCharacterId")
                 select uuid_generate_v4(),
                        'friend-author-4-447a900178fa413f8a7f61d6a3bb92ef@frever-test.com',
                        true,
                        g."Id",
                        true,
                        null,
                        array []::bigint[],
                        111
                 from g
                 returning *),
     activity as (
         insert into "UserActivity" ("GroupId", "OccurredAt", "ActionType")
             select g."Id", null, 'Login'
             from g
             where null is not null)
select *
from u;), 
    null, 
    List&lt;string&gt; { "Id", "AnalyticsEnabled", "AppleId", "CreatedTime", "CreatorPermissionLevel", "DataCollection", "Email", "GoogleId", "IdentityServerId", "IsFeatured", "MainCharacterId", "MainGroupId", "ModifiedTime", "PhoneNumber" }, 
    Func&lt;QueryContext, DbDataReader, int[], User&gt;, 
    Frever.Common.IntegrationTesting.TestReadWriteDbContext, 
    False, 
    False, 
    True
)'
Debug [20103]: Creating DbCommand for 'ExecuteReader'.
Debug [20104]: Created DbCommand for 'ExecuteReader' (0ms).
Debug [20106]: Initialized DbCommand for 'ExecuteReader' (0ms).
Debug [20100]: Executing DbCommand [Parameters=[], CommandType='Text', CommandTimeout='60']

with g as (
    insert into "Group" ("NickName",
                         "TaxationCountryId",
                         "DefaultLanguageId",
                         "BirthDate",
                         "Gender"
        )
        values ('friend-author-4-447a900178fa413f8a7f61d6a3bb92ef',
                (select "Id" from "Country" where "ISOName" = 'swe'),
                (select "Id" from "Language" where "IsoCode" = 'swe'),
                '1993-05-07T00:00:00.0000000',
                1)
        returning *),
     u as (
         insert
             into "User" ("IdentityServerId", "Email", "DataCollection", "MainGroupId", "AnalyticsEnabled",
                          "PhoneNumber",
                          "CreatorPermissionLevel", "MainCharacterId")
                 select uuid_generate_v4(),
                        'friend-author-4-447a900178fa413f8a7f61d6a3bb92ef@frever-test.com',
                        true,
                        g."Id",
                        true,
                        null,
                        array []::bigint[],
                        111
                 from g
                 returning *),
     activity as (
         insert into "UserActivity" ("GroupId", "OccurredAt", "ActionType")
             select g."Id", null, 'Login'
             from g
             where null is not null)
select *
from u;
Information [20101]: Executed DbCommand (1ms) [Parameters=[], CommandType='Text', CommandTimeout='60']

with g as (
    insert into "Group" ("NickName",
                         "TaxationCountryId",
                         "DefaultLanguageId",
                         "BirthDate",
                         "Gender"
        )
        values ('friend-author-4-447a900178fa413f8a7f61d6a3bb92ef',
                (select "Id" from "Country" where "ISOName" = 'swe'),
                (select "Id" from "Language" where "IsoCode" = 'swe'),
                '1993-05-07T00:00:00.0000000',
                1)
        returning *),
     u as (
         insert
             into "User" ("IdentityServerId", "Email", "DataCollection", "MainGroupId", "AnalyticsEnabled",
                          "PhoneNumber",
                          "CreatorPermissionLevel", "MainCharacterId")
                 select uuid_generate_v4(),
                        'friend-author-4-447a900178fa413f8a7f61d6a3bb92ef@frever-test.com',
                        true,
                        g."Id",
                        true,
                        null,
                        array []::bigint[],
                        111
                 from g
                 returning *),
     activity as (
         insert into "UserActivity" ("GroupId", "OccurredAt", "ActionType")
             select g."Id", null, 'Login'
             from g
             where null is not null)
select *
from u;
Debug [10806]: Context 'TestReadWriteDbContext' started tracking 'User' entity with key '{Id: 189626}'.
Debug [20301]: Closing data reader to 'frevertest' on server 'tcp://postgres-frever-it:5432'.
Debug [20300]: A data reader for 'frevertest' on server 'tcp://postgres-frever-it:5432' is being disposed after spending 0ms reading results.
Debug [10111]: Compiling query expression: 
'DbSet&lt;User&gt;().FromSql(
with g as (
    insert into "Group" ("NickName",
                         "TaxationCountryId",
                         "DefaultLanguageId",
                         "BirthDate",
                         "Gender"
        )
        values ('friend-author-5-0e651f9041844d32bb4c7af029809f41',
                (select "Id" from "Country" where "ISOName" = 'swe'),
                (select "Id" from "Language" where "IsoCode" = 'swe'),
                '1992-06-24T00:00:00.0000000',
                1)
        returning *),
     u as (
         insert
             into "User" ("IdentityServerId", "Email", "DataCollection", "MainGroupId", "AnalyticsEnabled",
                          "PhoneNumber",
                          "CreatorPermissionLevel", "MainCharacterId")
                 select uuid_generate_v4(),
                        'friend-author-5-0e651f9041844d32bb4c7af029809f41@frever-test.com',
                        true,
                        g."Id",
                        true,
                        null,
                        array []::bigint[],
                        111
                 from g
                 returning *),
     activity as (
         insert into "UserActivity" ("GroupId", "OccurredAt", "ActionType")
             select g."Id", null, 'Login'
             from g
             where null is not null)
select *
from u;, __p_0)
'
Debug [10107]: Generated query execution expression: 
'queryContext =&gt; new FromSqlQueryingEnumerable&lt;User&gt;(
    (RelationalQueryContext)queryContext, 
    RelationalCommandCache.QueryExpression(
        Projection Mapping:
            EmptyProjectionMember -&gt; Dictionary&lt;IProperty, int&gt; { [Property: User.Id (long) Required PK AfterSave:Throw ValueGenerated.OnAdd, 0], [Property: User.AnalyticsEnabled (bool) Required, 1], [Property: User.AppleId (string), 2], [Property: User.CreatedTime (DateTime) Required ValueGenerated.OnAdd, 3], [Property: User.CreatorPermissionLevel (long[]) Element type: long Required, 4], [Property: User.DataCollection (bool?), 5], [Property: User.Email (string) Index, 6], [Property: User.GoogleId (string), 7], [Property: User.IdentityServerId (Guid) Required Index, 8], [Property: User.IsFeatured (bool) Required, 9], [Property: User.MainCharacterId (long?) FK Index, 10], [Property: User.MainGroupId (long) Required FK Index, 11], [Property: User.ModifiedTime (DateTime) Required, 12], [Property: User.PhoneNumber (string) Index, 13] }
        SELECT f.Id, f.AnalyticsEnabled, f.AppleId, f.CreatedTime, f.CreatorPermissionLevel, f.DataCollection, f.Email, f.GoogleId, f.IdentityServerId, f.IsFeatured, f.MainCharacterId, f.MainGroupId, f.ModifiedTime, f.PhoneNumber
        FROM 
with g as (
    insert into "Group" ("NickName",
                         "TaxationCountryId",
                         "DefaultLanguageId",
                         "BirthDate",
                         "Gender"
        )
        values ('friend-author-5-0e651f9041844d32bb4c7af029809f41',
                (select "Id" from "Country" where "ISOName" = 'swe'),
                (select "Id" from "Language" where "IsoCode" = 'swe'),
                '1992-06-24T00:00:00.0000000',
                1)
        returning *),
     u as (
         insert
             into "User" ("IdentityServerId", "Email", "DataCollection", "MainGroupId", "AnalyticsEnabled",
                          "PhoneNumber",
                          "CreatorPermissionLevel", "MainCharacterId")
                 select uuid_generate_v4(),
                        'friend-author-5-0e651f9041844d32bb4c7af029809f41@frever-test.com',
                        true,
                        g."Id",
                        true,
                        null,
                        array []::bigint[],
                        111
                 from g
                 returning *),
     activity as (
         insert into "UserActivity" ("GroupId", "OccurredAt", "ActionType")
             select g."Id", null, 'Login'
             from g
             where null is not null)
select *
from u;), 
    null, 
    List&lt;string&gt; { "Id", "AnalyticsEnabled", "AppleId", "CreatedTime", "CreatorPermissionLevel", "DataCollection", "Email", "GoogleId", "IdentityServerId", "IsFeatured", "MainCharacterId", "MainGroupId", "ModifiedTime", "PhoneNumber" }, 
    Func&lt;QueryContext, DbDataReader, int[], User&gt;, 
    Frever.Common.IntegrationTesting.TestReadWriteDbContext, 
    False, 
    False, 
    True
)'
Debug [20103]: Creating DbCommand for 'ExecuteReader'.
Debug [20104]: Created DbCommand for 'ExecuteReader' (0ms).
Debug [20106]: Initialized DbCommand for 'ExecuteReader' (0ms).
Debug [20100]: Executing DbCommand [Parameters=[], CommandType='Text', CommandTimeout='60']

with g as (
    insert into "Group" ("NickName",
                         "TaxationCountryId",
                         "DefaultLanguageId",
                         "BirthDate",
                         "Gender"
        )
        values ('friend-author-5-0e651f9041844d32bb4c7af029809f41',
                (select "Id" from "Country" where "ISOName" = 'swe'),
                (select "Id" from "Language" where "IsoCode" = 'swe'),
                '1992-06-24T00:00:00.0000000',
                1)
        returning *),
     u as (
         insert
             into "User" ("IdentityServerId", "Email", "DataCollection", "MainGroupId", "AnalyticsEnabled",
                          "PhoneNumber",
                          "CreatorPermissionLevel", "MainCharacterId")
                 select uuid_generate_v4(),
                        'friend-author-5-0e651f9041844d32bb4c7af029809f41@frever-test.com',
                        true,
                        g."Id",
                        true,
                        null,
                        array []::bigint[],
                        111
                 from g
                 returning *),
     activity as (
         insert into "UserActivity" ("GroupId", "OccurredAt", "ActionType")
             select g."Id", null, 'Login'
             from g
             where null is not null)
select *
from u;
Information [20101]: Executed DbCommand (1ms) [Parameters=[], CommandType='Text', CommandTimeout='60']

with g as (
    insert into "Group" ("NickName",
                         "TaxationCountryId",
                         "DefaultLanguageId",
                         "BirthDate",
                         "Gender"
        )
        values ('friend-author-5-0e651f9041844d32bb4c7af029809f41',
                (select "Id" from "Country" where "ISOName" = 'swe'),
                (select "Id" from "Language" where "IsoCode" = 'swe'),
                '1992-06-24T00:00:00.0000000',
                1)
        returning *),
     u as (
         insert
             into "User" ("IdentityServerId", "Email", "DataCollection", "MainGroupId", "AnalyticsEnabled",
                          "PhoneNumber",
                          "CreatorPermissionLevel", "MainCharacterId")
                 select uuid_generate_v4(),
                        'friend-author-5-0e651f9041844d32bb4c7af029809f41@frever-test.com',
                        true,
                        g."Id",
                        true,
                        null,
                        array []::bigint[],
                        111
                 from g
                 returning *),
     activity as (
         insert into "UserActivity" ("GroupId", "OccurredAt", "ActionType")
             select g."Id", null, 'Login'
             from g
             where null is not null)
select *
from u;
Debug [10806]: Context 'TestReadWriteDbContext' started tracking 'User' entity with key '{Id: 189627}'.
Debug [20301]: Closing data reader to 'frevertest' on server 'tcp://postgres-frever-it:5432'.
Debug [20300]: A data reader for 'frevertest' on server 'tcp://postgres-frever-it:5432' is being disposed after spending 0ms reading results.
Debug [10111]: Compiling query expression: 
'DbSet&lt;User&gt;().FromSql(
with g as (
    insert into "Group" ("NickName",
                         "TaxationCountryId",
                         "DefaultLanguageId",
                         "BirthDate",
                         "Gender"
        )
        values ('friend-author-6-6d7b57df2b3846908913d9bc2442879a',
                (select "Id" from "Country" where "ISOName" = 'swe'),
                (select "Id" from "Language" where "IsoCode" = 'swe'),
                '1993-06-20T00:00:00.0000000',
                1)
        returning *),
     u as (
         insert
             into "User" ("IdentityServerId", "Email", "DataCollection", "MainGroupId", "AnalyticsEnabled",
                          "PhoneNumber",
                          "CreatorPermissionLevel", "MainCharacterId")
                 select uuid_generate_v4(),
                        'friend-author-6-6d7b57df2b3846908913d9bc2442879a@frever-test.com',
                        true,
                        g."Id",
                        true,
                        null,
                        array []::bigint[],
                        111
                 from g
                 returning *),
     activity as (
         insert into "UserActivity" ("GroupId", "OccurredAt", "ActionType")
             select g."Id", null, 'Login'
             from g
             where null is not null)
select *
from u;, __p_0)
'
Debug [10107]: Generated query execution expression: 
'queryContext =&gt; new FromSqlQueryingEnumerable&lt;User&gt;(
    (RelationalQueryContext)queryContext, 
    RelationalCommandCache.QueryExpression(
        Projection Mapping:
            EmptyProjectionMember -&gt; Dictionary&lt;IProperty, int&gt; { [Property: User.Id (long) Required PK AfterSave:Throw ValueGenerated.OnAdd, 0], [Property: User.AnalyticsEnabled (bool) Required, 1], [Property: User.AppleId (string), 2], [Property: User.CreatedTime (DateTime) Required ValueGenerated.OnAdd, 3], [Property: User.CreatorPermissionLevel (long[]) Element type: long Required, 4], [Property: User.DataCollection (bool?), 5], [Property: User.Email (string) Index, 6], [Property: User.GoogleId (string), 7], [Property: User.IdentityServerId (Guid) Required Index, 8], [Property: User.IsFeatured (bool) Required, 9], [Property: User.MainCharacterId (long?) FK Index, 10], [Property: User.MainGroupId (long) Required FK Index, 11], [Property: User.ModifiedTime (DateTime) Required, 12], [Property: User.PhoneNumber (string) Index, 13] }
        SELECT f.Id, f.AnalyticsEnabled, f.AppleId, f.CreatedTime, f.CreatorPermissionLevel, f.DataCollection, f.Email, f.GoogleId, f.IdentityServerId, f.IsFeatured, f.MainCharacterId, f.MainGroupId, f.ModifiedTime, f.PhoneNumber
        FROM 
with g as (
    insert into "Group" ("NickName",
                         "TaxationCountryId",
                         "DefaultLanguageId",
                         "BirthDate",
                         "Gender"
        )
        values ('friend-author-6-6d7b57df2b3846908913d9bc2442879a',
                (select "Id" from "Country" where "ISOName" = 'swe'),
                (select "Id" from "Language" where "IsoCode" = 'swe'),
                '1993-06-20T00:00:00.0000000',
                1)
        returning *),
     u as (
         insert
             into "User" ("IdentityServerId", "Email", "DataCollection", "MainGroupId", "AnalyticsEnabled",
                          "PhoneNumber",
                          "CreatorPermissionLevel", "MainCharacterId")
                 select uuid_generate_v4(),
                        'friend-author-6-6d7b57df2b3846908913d9bc2442879a@frever-test.com',
                        true,
                        g."Id",
                        true,
                        null,
                        array []::bigint[],
                        111
                 from g
                 returning *),
     activity as (
         insert into "UserActivity" ("GroupId", "OccurredAt", "ActionType")
             select g."Id", null, 'Login'
             from g
             where null is not null)
select *
from u;), 
    null, 
    List&lt;string&gt; { "Id", "AnalyticsEnabled", "AppleId", "CreatedTime", "CreatorPermissionLevel", "DataCollection", "Email", "GoogleId", "IdentityServerId", "IsFeatured", "MainCharacterId", "MainGroupId", "ModifiedTime", "PhoneNumber" }, 
    Func&lt;QueryContext, DbDataReader, int[], User&gt;, 
    Frever.Common.IntegrationTesting.TestReadWriteDbContext, 
    False, 
    False, 
    True
)'
Debug [20103]: Creating DbCommand for 'ExecuteReader'.
Debug [20104]: Created DbCommand for 'ExecuteReader' (0ms).
Debug [20106]: Initialized DbCommand for 'ExecuteReader' (0ms).
Debug [20100]: Executing DbCommand [Parameters=[], CommandType='Text', CommandTimeout='60']

with g as (
    insert into "Group" ("NickName",
                         "TaxationCountryId",
                         "DefaultLanguageId",
                         "BirthDate",
                         "Gender"
        )
        values ('friend-author-6-6d7b57df2b3846908913d9bc2442879a',
                (select "Id" from "Country" where "ISOName" = 'swe'),
                (select "Id" from "Language" where "IsoCode" = 'swe'),
                '1993-06-20T00:00:00.0000000',
                1)
        returning *),
     u as (
         insert
             into "User" ("IdentityServerId", "Email", "DataCollection", "MainGroupId", "AnalyticsEnabled",
                          "PhoneNumber",
                          "CreatorPermissionLevel", "MainCharacterId")
                 select uuid_generate_v4(),
                        'friend-author-6-6d7b57df2b3846908913d9bc2442879a@frever-test.com',
                        true,
                        g."Id",
                        true,
                        null,
                        array []::bigint[],
                        111
                 from g
                 returning *),
     activity as (
         insert into "UserActivity" ("GroupId", "OccurredAt", "ActionType")
             select g."Id", null, 'Login'
             from g
             where null is not null)
select *
from u;
Information [20101]: Executed DbCommand (1ms) [Parameters=[], CommandType='Text', CommandTimeout='60']

with g as (
    insert into "Group" ("NickName",
                         "TaxationCountryId",
                         "DefaultLanguageId",
                         "BirthDate",
                         "Gender"
        )
        values ('friend-author-6-6d7b57df2b3846908913d9bc2442879a',
                (select "Id" from "Country" where "ISOName" = 'swe'),
                (select "Id" from "Language" where "IsoCode" = 'swe'),
                '1993-06-20T00:00:00.0000000',
                1)
        returning *),
     u as (
         insert
             into "User" ("IdentityServerId", "Email", "DataCollection", "MainGroupId", "AnalyticsEnabled",
                          "PhoneNumber",
                          "CreatorPermissionLevel", "MainCharacterId")
                 select uuid_generate_v4(),
                        'friend-author-6-6d7b57df2b3846908913d9bc2442879a@frever-test.com',
                        true,
                        g."Id",
                        true,
                        null,
                        array []::bigint[],
                        111
                 from g
                 returning *),
     activity as (
         insert into "UserActivity" ("GroupId", "OccurredAt", "ActionType")
             select g."Id", null, 'Login'
             from g
             where null is not null)
select *
from u;
Debug [10806]: Context 'TestReadWriteDbContext' started tracking 'User' entity with key '{Id: 189628}'.
Debug [20301]: Closing data reader to 'frevertest' on server 'tcp://postgres-frever-it:5432'.
Debug [20300]: A data reader for 'frevertest' on server 'tcp://postgres-frever-it:5432' is being disposed after spending 0ms reading results.
Debug [10111]: Compiling query expression: 
'DbSet&lt;User&gt;().FromSql(
with g as (
    insert into "Group" ("NickName",
                         "TaxationCountryId",
                         "DefaultLanguageId",
                         "BirthDate",
                         "Gender"
        )
        values ('friend-author-7-551f298964464cb1a84cbfd821d82c27',
                (select "Id" from "Country" where "ISOName" = 'swe'),
                (select "Id" from "Language" where "IsoCode" = 'swe'),
                '1991-04-10T00:00:00.0000000',
                1)
        returning *),
     u as (
         insert
             into "User" ("IdentityServerId", "Email", "DataCollection", "MainGroupId", "AnalyticsEnabled",
                          "PhoneNumber",
                          "CreatorPermissionLevel", "MainCharacterId")
                 select uuid_generate_v4(),
                        'friend-author-7-551f298964464cb1a84cbfd821d82c27@frever-test.com',
                        true,
                        g."Id",
                        true,
                        null,
                        array []::bigint[],
                        111
                 from g
                 returning *),
     activity as (
         insert into "UserActivity" ("GroupId", "OccurredAt", "ActionType")
             select g."Id", null, 'Login'
             from g
             where null is not null)
select *
from u;, __p_0)
'
Debug [10107]: Generated query execution expression: 
'queryContext =&gt; new FromSqlQueryingEnumerable&lt;User&gt;(
    (RelationalQueryContext)queryContext, 
    RelationalCommandCache.QueryExpression(
        Projection Mapping:
            EmptyProjectionMember -&gt; Dictionary&lt;IProperty, int&gt; { [Property: User.Id (long) Required PK AfterSave:Throw ValueGenerated.OnAdd, 0], [Property: User.AnalyticsEnabled (bool) Required, 1], [Property: User.AppleId (string), 2], [Property: User.CreatedTime (DateTime) Required ValueGenerated.OnAdd, 3], [Property: User.CreatorPermissionLevel (long[]) Element type: long Required, 4], [Property: User.DataCollection (bool?), 5], [Property: User.Email (string) Index, 6], [Property: User.GoogleId (string), 7], [Property: User.IdentityServerId (Guid) Required Index, 8], [Property: User.IsFeatured (bool) Required, 9], [Property: User.MainCharacterId (long?) FK Index, 10], [Property: User.MainGroupId (long) Required FK Index, 11], [Property: User.ModifiedTime (DateTime) Required, 12], [Property: User.PhoneNumber (string) Index, 13] }
        SELECT f.Id, f.AnalyticsEnabled, f.AppleId, f.CreatedTime, f.CreatorPermissionLevel, f.DataCollection, f.Email, f.GoogleId, f.IdentityServerId, f.IsFeatured, f.MainCharacterId, f.MainGroupId, f.ModifiedTime, f.PhoneNumber
        FROM 
with g as (
    insert into "Group" ("NickName",
                         "TaxationCountryId",
                         "DefaultLanguageId",
                         "BirthDate",
                         "Gender"
        )
        values ('friend-author-7-551f298964464cb1a84cbfd821d82c27',
                (select "Id" from "Country" where "ISOName" = 'swe'),
                (select "Id" from "Language" where "IsoCode" = 'swe'),
                '1991-04-10T00:00:00.0000000',
                1)
        returning *),
     u as (
         insert
             into "User" ("IdentityServerId", "Email", "DataCollection", "MainGroupId", "AnalyticsEnabled",
                          "PhoneNumber",
                          "CreatorPermissionLevel", "MainCharacterId")
                 select uuid_generate_v4(),
                        'friend-author-7-551f298964464cb1a84cbfd821d82c27@frever-test.com',
                        true,
                        g."Id",
                        true,
                        null,
                        array []::bigint[],
                        111
                 from g
                 returning *),
     activity as (
         insert into "UserActivity" ("GroupId", "OccurredAt", "ActionType")
             select g."Id", null, 'Login'
             from g
             where null is not null)
select *
from u;), 
    null, 
    List&lt;string&gt; { "Id", "AnalyticsEnabled", "AppleId", "CreatedTime", "CreatorPermissionLevel", "DataCollection", "Email", "GoogleId", "IdentityServerId", "IsFeatured", "MainCharacterId", "MainGroupId", "ModifiedTime", "PhoneNumber" }, 
    Func&lt;QueryContext, DbDataReader, int[], User&gt;, 
    Frever.Common.IntegrationTesting.TestReadWriteDbContext, 
    False, 
    False, 
    True
)'
Debug [20103]: Creating DbCommand for 'ExecuteReader'.
Debug [20104]: Created DbCommand for 'ExecuteReader' (0ms).
Debug [20106]: Initialized DbCommand for 'ExecuteReader' (0ms).
Debug [20100]: Executing DbCommand [Parameters=[], CommandType='Text', CommandTimeout='60']

with g as (
    insert into "Group" ("NickName",
                         "TaxationCountryId",
                         "DefaultLanguageId",
                         "BirthDate",
                         "Gender"
        )
        values ('friend-author-7-551f298964464cb1a84cbfd821d82c27',
                (select "Id" from "Country" where "ISOName" = 'swe'),
                (select "Id" from "Language" where "IsoCode" = 'swe'),
                '1991-04-10T00:00:00.0000000',
                1)
        returning *),
     u as (
         insert
             into "User" ("IdentityServerId", "Email", "DataCollection", "MainGroupId", "AnalyticsEnabled",
                          "PhoneNumber",
                          "CreatorPermissionLevel", "MainCharacterId")
                 select uuid_generate_v4(),
                        'friend-author-7-551f298964464cb1a84cbfd821d82c27@frever-test.com',
                        true,
                        g."Id",
                        true,
                        null,
                        array []::bigint[],
                        111
                 from g
                 returning *),
     activity as (
         insert into "UserActivity" ("GroupId", "OccurredAt", "ActionType")
             select g."Id", null, 'Login'
             from g
             where null is not null)
select *
from u;
Information [20101]: Executed DbCommand (2ms) [Parameters=[], CommandType='Text', CommandTimeout='60']

with g as (
    insert into "Group" ("NickName",
                         "TaxationCountryId",
                         "DefaultLanguageId",
                         "BirthDate",
                         "Gender"
        )
        values ('friend-author-7-551f298964464cb1a84cbfd821d82c27',
                (select "Id" from "Country" where "ISOName" = 'swe'),
                (select "Id" from "Language" where "IsoCode" = 'swe'),
                '1991-04-10T00:00:00.0000000',
                1)
        returning *),
     u as (
         insert
             into "User" ("IdentityServerId", "Email", "DataCollection", "MainGroupId", "AnalyticsEnabled",
                          "PhoneNumber",
                          "CreatorPermissionLevel", "MainCharacterId")
                 select uuid_generate_v4(),
                        'friend-author-7-551f298964464cb1a84cbfd821d82c27@frever-test.com',
                        true,
                        g."Id",
                        true,
                        null,
                        array []::bigint[],
                        111
                 from g
                 returning *),
     activity as (
         insert into "UserActivity" ("GroupId", "OccurredAt", "ActionType")
             select g."Id", null, 'Login'
             from g
             where null is not null)
select *
from u;
Debug [10806]: Context 'TestReadWriteDbContext' started tracking 'User' entity with key '{Id: 189629}'.
Debug [20301]: Closing data reader to 'frevertest' on server 'tcp://postgres-frever-it:5432'.
Debug [20300]: A data reader for 'frevertest' on server 'tcp://postgres-frever-it:5432' is being disposed after spending 0ms reading results.
Debug [10111]: Compiling query expression: 
'DbSet&lt;User&gt;().FromSql(
with g as (
    insert into "Group" ("NickName",
                         "TaxationCountryId",
                         "DefaultLanguageId",
                         "BirthDate",
                         "Gender"
        )
        values ('friend-author-8-9eef9580a7a848c69dec6374d442fc6b',
                (select "Id" from "Country" where "ISOName" = 'swe'),
                (select "Id" from "Language" where "IsoCode" = 'swe'),
                '1991-06-29T00:00:00.0000000',
                1)
        returning *),
     u as (
         insert
             into "User" ("IdentityServerId", "Email", "DataCollection", "MainGroupId", "AnalyticsEnabled",
                          "PhoneNumber",
                          "CreatorPermissionLevel", "MainCharacterId")
                 select uuid_generate_v4(),
                        'friend-author-8-9eef9580a7a848c69dec6374d442fc6b@frever-test.com',
                        true,
                        g."Id",
                        true,
                        null,
                        array []::bigint[],
                        111
                 from g
                 returning *),
     activity as (
         insert into "UserActivity" ("GroupId", "OccurredAt", "ActionType")
             select g."Id", null, 'Login'
             from g
             where null is not null)
select *
from u;, __p_0)
'
Debug [10107]: Generated query execution expression: 
'queryContext =&gt; new FromSqlQueryingEnumerable&lt;User&gt;(
    (RelationalQueryContext)queryContext, 
    RelationalCommandCache.QueryExpression(
        Projection Mapping:
            EmptyProjectionMember -&gt; Dictionary&lt;IProperty, int&gt; { [Property: User.Id (long) Required PK AfterSave:Throw ValueGenerated.OnAdd, 0], [Property: User.AnalyticsEnabled (bool) Required, 1], [Property: User.AppleId (string), 2], [Property: User.CreatedTime (DateTime) Required ValueGenerated.OnAdd, 3], [Property: User.CreatorPermissionLevel (long[]) Element type: long Required, 4], [Property: User.DataCollection (bool?), 5], [Property: User.Email (string) Index, 6], [Property: User.GoogleId (string), 7], [Property: User.IdentityServerId (Guid) Required Index, 8], [Property: User.IsFeatured (bool) Required, 9], [Property: User.MainCharacterId (long?) FK Index, 10], [Property: User.MainGroupId (long) Required FK Index, 11], [Property: User.ModifiedTime (DateTime) Required, 12], [Property: User.PhoneNumber (string) Index, 13] }
        SELECT f.Id, f.AnalyticsEnabled, f.AppleId, f.CreatedTime, f.CreatorPermissionLevel, f.DataCollection, f.Email, f.GoogleId, f.IdentityServerId, f.IsFeatured, f.MainCharacterId, f.MainGroupId, f.ModifiedTime, f.PhoneNumber
        FROM 
with g as (
    insert into "Group" ("NickName",
                         "TaxationCountryId",
                         "DefaultLanguageId",
                         "BirthDate",
                         "Gender"
        )
        values ('friend-author-8-9eef9580a7a848c69dec6374d442fc6b',
                (select "Id" from "Country" where "ISOName" = 'swe'),
                (select "Id" from "Language" where "IsoCode" = 'swe'),
                '1991-06-29T00:00:00.0000000',
                1)
        returning *),
     u as (
         insert
             into "User" ("IdentityServerId", "Email", "DataCollection", "MainGroupId", "AnalyticsEnabled",
                          "PhoneNumber",
                          "CreatorPermissionLevel", "MainCharacterId")
                 select uuid_generate_v4(),
                        'friend-author-8-9eef9580a7a848c69dec6374d442fc6b@frever-test.com',
                        true,
                        g."Id",
                        true,
                        null,
                        array []::bigint[],
                        111
                 from g
                 returning *),
     activity as (
         insert into "UserActivity" ("GroupId", "OccurredAt", "ActionType")
             select g."Id", null, 'Login'
             from g
             where null is not null)
select *
from u;), 
    null, 
    List&lt;string&gt; { "Id", "AnalyticsEnabled", "AppleId", "CreatedTime", "CreatorPermissionLevel", "DataCollection", "Email", "GoogleId", "IdentityServerId", "IsFeatured", "MainCharacterId", "MainGroupId", "ModifiedTime", "PhoneNumber" }, 
    Func&lt;QueryContext, DbDataReader, int[], User&gt;, 
    Frever.Common.IntegrationTesting.TestReadWriteDbContext, 
    False, 
    False, 
    True
)'
Debug [20103]: Creating DbCommand for 'ExecuteReader'.
Debug [20104]: Created DbCommand for 'ExecuteReader' (0ms).
Debug [20106]: Initialized DbCommand for 'ExecuteReader' (0ms).
Debug [20100]: Executing DbCommand [Parameters=[], CommandType='Text', CommandTimeout='60']

with g as (
    insert into "Group" ("NickName",
                         "TaxationCountryId",
                         "DefaultLanguageId",
                         "BirthDate",
                         "Gender"
        )
        values ('friend-author-8-9eef9580a7a848c69dec6374d442fc6b',
                (select "Id" from "Country" where "ISOName" = 'swe'),
                (select "Id" from "Language" where "IsoCode" = 'swe'),
                '1991-06-29T00:00:00.0000000',
                1)
        returning *),
     u as (
         insert
             into "User" ("IdentityServerId", "Email", "DataCollection", "MainGroupId", "AnalyticsEnabled",
                          "PhoneNumber",
                          "CreatorPermissionLevel", "MainCharacterId")
                 select uuid_generate_v4(),
                        'friend-author-8-9eef9580a7a848c69dec6374d442fc6b@frever-test.com',
                        true,
                        g."Id",
                        true,
                        null,
                        array []::bigint[],
                        111
                 from g
                 returning *),
     activity as (
         insert into "UserActivity" ("GroupId", "OccurredAt", "ActionType")
             select g."Id", null, 'Login'
             from g
             where null is not null)
select *
from u;
Information [20101]: Executed DbCommand (8ms) [Parameters=[], CommandType='Text', CommandTimeout='60']

with g as (
    insert into "Group" ("NickName",
                         "TaxationCountryId",
                         "DefaultLanguageId",
                         "BirthDate",
                         "Gender"
        )
        values ('friend-author-8-9eef9580a7a848c69dec6374d442fc6b',
                (select "Id" from "Country" where "ISOName" = 'swe'),
                (select "Id" from "Language" where "IsoCode" = 'swe'),
                '1991-06-29T00:00:00.0000000',
                1)
        returning *),
     u as (
         insert
             into "User" ("IdentityServerId", "Email", "DataCollection", "MainGroupId", "AnalyticsEnabled",
                          "PhoneNumber",
                          "CreatorPermissionLevel", "MainCharacterId")
                 select uuid_generate_v4(),
                        'friend-author-8-9eef9580a7a848c69dec6374d442fc6b@frever-test.com',
                        true,
                        g."Id",
                        true,
                        null,
                        array []::bigint[],
                        111
                 from g
                 returning *),
     activity as (
         insert into "UserActivity" ("GroupId", "OccurredAt", "ActionType")
             select g."Id", null, 'Login'
             from g
             where null is not null)
select *
from u;
Debug [10806]: Context 'TestReadWriteDbContext' started tracking 'User' entity with key '{Id: 189630}'.
Debug [20301]: Closing data reader to 'frevertest' on server 'tcp://postgres-frever-it:5432'.
Debug [20300]: A data reader for 'frevertest' on server 'tcp://postgres-frever-it:5432' is being disposed after spending 0ms reading results.
Debug [10111]: Compiling query expression: 
'DbSet&lt;User&gt;().FromSql(
with g as (
    insert into "Group" ("NickName",
                         "TaxationCountryId",
                         "DefaultLanguageId",
                         "BirthDate",
                         "Gender"
        )
        values ('friend-author-9-62dc088b51a04d1ca125fe3c7b60f119',
                (select "Id" from "Country" where "ISOName" = 'swe'),
                (select "Id" from "Language" where "IsoCode" = 'swe'),
                '1992-10-12T00:00:00.0000000',
                1)
        returning *),
     u as (
         insert
             into "User" ("IdentityServerId", "Email", "DataCollection", "MainGroupId", "AnalyticsEnabled",
                          "PhoneNumber",
                          "CreatorPermissionLevel", "MainCharacterId")
                 select uuid_generate_v4(),
                        'friend-author-9-62dc088b51a04d1ca125fe3c7b60f119@frever-test.com',
                        true,
                        g."Id",
                        true,
                        null,
                        array []::bigint[],
                        111
                 from g
                 returning *),
     activity as (
         insert into "UserActivity" ("GroupId", "OccurredAt", "ActionType")
             select g."Id", null, 'Login'
             from g
             where null is not null)
select *
from u;, __p_0)
'
Debug [10107]: Generated query execution expression: 
'queryContext =&gt; new FromSqlQueryingEnumerable&lt;User&gt;(
    (RelationalQueryContext)queryContext, 
    RelationalCommandCache.QueryExpression(
        Projection Mapping:
            EmptyProjectionMember -&gt; Dictionary&lt;IProperty, int&gt; { [Property: User.Id (long) Required PK AfterSave:Throw ValueGenerated.OnAdd, 0], [Property: User.AnalyticsEnabled (bool) Required, 1], [Property: User.AppleId (string), 2], [Property: User.CreatedTime (DateTime) Required ValueGenerated.OnAdd, 3], [Property: User.CreatorPermissionLevel (long[]) Element type: long Required, 4], [Property: User.DataCollection (bool?), 5], [Property: User.Email (string) Index, 6], [Property: User.GoogleId (string), 7], [Property: User.IdentityServerId (Guid) Required Index, 8], [Property: User.IsFeatured (bool) Required, 9], [Property: User.MainCharacterId (long?) FK Index, 10], [Property: User.MainGroupId (long) Required FK Index, 11], [Property: User.ModifiedTime (DateTime) Required, 12], [Property: User.PhoneNumber (string) Index, 13] }
        SELECT f.Id, f.AnalyticsEnabled, f.AppleId, f.CreatedTime, f.CreatorPermissionLevel, f.DataCollection, f.Email, f.GoogleId, f.IdentityServerId, f.IsFeatured, f.MainCharacterId, f.MainGroupId, f.ModifiedTime, f.PhoneNumber
        FROM 
with g as (
    insert into "Group" ("NickName",
                         "TaxationCountryId",
                         "DefaultLanguageId",
                         "BirthDate",
                         "Gender"
        )
        values ('friend-author-9-62dc088b51a04d1ca125fe3c7b60f119',
                (select "Id" from "Country" where "ISOName" = 'swe'),
                (select "Id" from "Language" where "IsoCode" = 'swe'),
                '1992-10-12T00:00:00.0000000',
                1)
        returning *),
     u as (
         insert
             into "User" ("IdentityServerId", "Email", "DataCollection", "MainGroupId", "AnalyticsEnabled",
                          "PhoneNumber",
                          "CreatorPermissionLevel", "MainCharacterId")
                 select uuid_generate_v4(),
                        'friend-author-9-62dc088b51a04d1ca125fe3c7b60f119@frever-test.com',
                        true,
                        g."Id",
                        true,
                        null,
                        array []::bigint[],
                        111
                 from g
                 returning *),
     activity as (
         insert into "UserActivity" ("GroupId", "OccurredAt", "ActionType")
             select g."Id", null, 'Login'
             from g
             where null is not null)
select *
from u;), 
    null, 
    List&lt;string&gt; { "Id", "AnalyticsEnabled", "AppleId", "CreatedTime", "CreatorPermissionLevel", "DataCollection", "Email", "GoogleId", "IdentityServerId", "IsFeatured", "MainCharacterId", "MainGroupId", "ModifiedTime", "PhoneNumber" }, 
    Func&lt;QueryContext, DbDataReader, int[], User&gt;, 
    Frever.Common.IntegrationTesting.TestReadWriteDbContext, 
    False, 
    False, 
    True
)'
Debug [20103]: Creating DbCommand for 'ExecuteReader'.
Debug [20104]: Created DbCommand for 'ExecuteReader' (0ms).
Debug [20106]: Initialized DbCommand for 'ExecuteReader' (0ms).
Debug [20100]: Executing DbCommand [Parameters=[], CommandType='Text', CommandTimeout='60']

with g as (
    insert into "Group" ("NickName",
                         "TaxationCountryId",
                         "DefaultLanguageId",
                         "BirthDate",
                         "Gender"
        )
        values ('friend-author-9-62dc088b51a04d1ca125fe3c7b60f119',
                (select "Id" from "Country" where "ISOName" = 'swe'),
                (select "Id" from "Language" where "IsoCode" = 'swe'),
                '1992-10-12T00:00:00.0000000',
                1)
        returning *),
     u as (
         insert
             into "User" ("IdentityServerId", "Email", "DataCollection", "MainGroupId", "AnalyticsEnabled",
                          "PhoneNumber",
                          "CreatorPermissionLevel", "MainCharacterId")
                 select uuid_generate_v4(),
                        'friend-author-9-62dc088b51a04d1ca125fe3c7b60f119@frever-test.com',
                        true,
                        g."Id",
                        true,
                        null,
                        array []::bigint[],
                        111
                 from g
                 returning *),
     activity as (
         insert into "UserActivity" ("GroupId", "OccurredAt", "ActionType")
             select g."Id", null, 'Login'
             from g
             where null is not null)
select *
from u;
Information [20101]: Executed DbCommand (1ms) [Parameters=[], CommandType='Text', CommandTimeout='60']

with g as (
    insert into "Group" ("NickName",
                         "TaxationCountryId",
                         "DefaultLanguageId",
                         "BirthDate",
                         "Gender"
        )
        values ('friend-author-9-62dc088b51a04d1ca125fe3c7b60f119',
                (select "Id" from "Country" where "ISOName" = 'swe'),
                (select "Id" from "Language" where "IsoCode" = 'swe'),
                '1992-10-12T00:00:00.0000000',
                1)
        returning *),
     u as (
         insert
             into "User" ("IdentityServerId", "Email", "DataCollection", "MainGroupId", "AnalyticsEnabled",
                          "PhoneNumber",
                          "CreatorPermissionLevel", "MainCharacterId")
                 select uuid_generate_v4(),
                        'friend-author-9-62dc088b51a04d1ca125fe3c7b60f119@frever-test.com',
                        true,
                        g."Id",
                        true,
                        null,
                        array []::bigint[],
                        111
                 from g
                 returning *),
     activity as (
         insert into "UserActivity" ("GroupId", "OccurredAt", "ActionType")
             select g."Id", null, 'Login'
             from g
             where null is not null)
select *
from u;
Debug [10806]: Context 'TestReadWriteDbContext' started tracking 'User' entity with key '{Id: 189631}'.
Debug [20301]: Closing data reader to 'frevertest' on server 'tcp://postgres-frever-it:5432'.
Debug [20300]: A data reader for 'frevertest' on server 'tcp://postgres-frever-it:5432' is being disposed after spending 0ms reading results.
Debug [10111]: Compiling query expression: 
'DbSet&lt;User&gt;().FromSql(
with g as (
    insert into "Group" ("NickName",
                         "TaxationCountryId",
                         "DefaultLanguageId",
                         "BirthDate",
                         "Gender"
        )
        values ('friend-author-10-ba6ec7283e3b438b8ead064a0f167154',
                (select "Id" from "Country" where "ISOName" = 'swe'),
                (select "Id" from "Language" where "IsoCode" = 'swe'),
                '1992-08-08T00:00:00.0000000',
                1)
        returning *),
     u as (
         insert
             into "User" ("IdentityServerId", "Email", "DataCollection", "MainGroupId", "AnalyticsEnabled",
                          "PhoneNumber",
                          "CreatorPermissionLevel", "MainCharacterId")
                 select uuid_generate_v4(),
                        'friend-author-10-ba6ec7283e3b438b8ead064a0f167154@frever-test.com',
                        true,
                        g."Id",
                        true,
                        null,
                        array []::bigint[],
                        111
                 from g
                 returning *),
     activity as (
         insert into "UserActivity" ("GroupId", "OccurredAt", "ActionType")
             select g."Id", null, 'Login'
             from g
             where null is not null)
select *
from u;, __p_0)
'
Debug [10107]: Generated query execution expression: 
'queryContext =&gt; new FromSqlQueryingEnumerable&lt;User&gt;(
    (RelationalQueryContext)queryContext, 
    RelationalCommandCache.QueryExpression(
        Projection Mapping:
            EmptyProjectionMember -&gt; Dictionary&lt;IProperty, int&gt; { [Property: User.Id (long) Required PK AfterSave:Throw ValueGenerated.OnAdd, 0], [Property: User.AnalyticsEnabled (bool) Required, 1], [Property: User.AppleId (string), 2], [Property: User.CreatedTime (DateTime) Required ValueGenerated.OnAdd, 3], [Property: User.CreatorPermissionLevel (long[]) Element type: long Required, 4], [Property: User.DataCollection (bool?), 5], [Property: User.Email (string) Index, 6], [Property: User.GoogleId (string), 7], [Property: User.IdentityServerId (Guid) Required Index, 8], [Property: User.IsFeatured (bool) Required, 9], [Property: User.MainCharacterId (long?) FK Index, 10], [Property: User.MainGroupId (long) Required FK Index, 11], [Property: User.ModifiedTime (DateTime) Required, 12], [Property: User.PhoneNumber (string) Index, 13] }
        SELECT f.Id, f.AnalyticsEnabled, f.AppleId, f.CreatedTime, f.CreatorPermissionLevel, f.DataCollection, f.Email, f.GoogleId, f.IdentityServerId, f.IsFeatured, f.MainCharacterId, f.MainGroupId, f.ModifiedTime, f.PhoneNumber
        FROM 
with g as (
    insert into "Group" ("NickName",
                         "TaxationCountryId",
                         "DefaultLanguageId",
                         "BirthDate",
                         "Gender"
        )
        values ('friend-author-10-ba6ec7283e3b438b8ead064a0f167154',
                (select "Id" from "Country" where "ISOName" = 'swe'),
                (select "Id" from "Language" where "IsoCode" = 'swe'),
                '1992-08-08T00:00:00.0000000',
                1)
        returning *),
     u as (
         insert
             into "User" ("IdentityServerId", "Email", "DataCollection", "MainGroupId", "AnalyticsEnabled",
                          "PhoneNumber",
                          "CreatorPermissionLevel", "MainCharacterId")
                 select uuid_generate_v4(),
                        'friend-author-10-ba6ec7283e3b438b8ead064a0f167154@frever-test.com',
                        true,
                        g."Id",
                        true,
                        null,
                        array []::bigint[],
                        111
                 from g
                 returning *),
     activity as (
         insert into "UserActivity" ("GroupId", "OccurredAt", "ActionType")
             select g."Id", null, 'Login'
             from g
             where null is not null)
select *
from u;), 
    null, 
    List&lt;string&gt; { "Id", "AnalyticsEnabled", "AppleId", "CreatedTime", "CreatorPermissionLevel", "DataCollection", "Email", "GoogleId", "IdentityServerId", "IsFeatured", "MainCharacterId", "MainGroupId", "ModifiedTime", "PhoneNumber" }, 
    Func&lt;QueryContext, DbDataReader, int[], User&gt;, 
    Frever.Common.IntegrationTesting.TestReadWriteDbContext, 
    False, 
    False, 
    True
)'
Debug [20103]: Creating DbCommand for 'ExecuteReader'.
Debug [20104]: Created DbCommand for 'ExecuteReader' (0ms).
Debug [20106]: Initialized DbCommand for 'ExecuteReader' (0ms).
Debug [20100]: Executing DbCommand [Parameters=[], CommandType='Text', CommandTimeout='60']

with g as (
    insert into "Group" ("NickName",
                         "TaxationCountryId",
                         "DefaultLanguageId",
                         "BirthDate",
                         "Gender"
        )
        values ('friend-author-10-ba6ec7283e3b438b8ead064a0f167154',
                (select "Id" from "Country" where "ISOName" = 'swe'),
                (select "Id" from "Language" where "IsoCode" = 'swe'),
                '1992-08-08T00:00:00.0000000',
                1)
        returning *),
     u as (
         insert
             into "User" ("IdentityServerId", "Email", "DataCollection", "MainGroupId", "AnalyticsEnabled",
                          "PhoneNumber",
                          "CreatorPermissionLevel", "MainCharacterId")
                 select uuid_generate_v4(),
                        'friend-author-10-ba6ec7283e3b438b8ead064a0f167154@frever-test.com',
                        true,
                        g."Id",
                        true,
                        null,
                        array []::bigint[],
                        111
                 from g
                 returning *),
     activity as (
         insert into "UserActivity" ("GroupId", "OccurredAt", "ActionType")
             select g."Id", null, 'Login'
             from g
             where null is not null)
select *
from u;
Information [20101]: Executed DbCommand (1ms) [Parameters=[], CommandType='Text', CommandTimeout='60']

with g as (
    insert into "Group" ("NickName",
                         "TaxationCountryId",
                         "DefaultLanguageId",
                         "BirthDate",
                         "Gender"
        )
        values ('friend-author-10-ba6ec7283e3b438b8ead064a0f167154',
                (select "Id" from "Country" where "ISOName" = 'swe'),
                (select "Id" from "Language" where "IsoCode" = 'swe'),
                '1992-08-08T00:00:00.0000000',
                1)
        returning *),
     u as (
         insert
             into "User" ("IdentityServerId", "Email", "DataCollection", "MainGroupId", "AnalyticsEnabled",
                          "PhoneNumber",
                          "CreatorPermissionLevel", "MainCharacterId")
                 select uuid_generate_v4(),
                        'friend-author-10-ba6ec7283e3b438b8ead064a0f167154@frever-test.com',
                        true,
                        g."Id",
                        true,
                        null,
                        array []::bigint[],
                        111
                 from g
                 returning *),
     activity as (
         insert into "UserActivity" ("GroupId", "OccurredAt", "ActionType")
             select g."Id", null, 'Login'
             from g
             where null is not null)
select *
from u;
Debug [10806]: Context 'TestReadWriteDbContext' started tracking 'User' entity with key '{Id: 189632}'.
Debug [20301]: Closing data reader to 'frevertest' on server 'tcp://postgres-frever-it:5432'.
Debug [20300]: A data reader for 'frevertest' on server 'tcp://postgres-frever-it:5432' is being disposed after spending 0ms reading results.
Debug [10111]: Compiling query expression: 
'DbSet&lt;User&gt;().FromSql(
with g as (
    insert into "Group" ("NickName",
                         "TaxationCountryId",
                         "DefaultLanguageId",
                         "BirthDate",
                         "Gender"
        )
        values ('friend-author-11-9772ba8e9a4544018e60ece9b3a054f3',
                (select "Id" from "Country" where "ISOName" = 'swe'),
                (select "Id" from "Language" where "IsoCode" = 'swe'),
                '1993-02-16T00:00:00.0000000',
                1)
        returning *),
     u as (
         insert
             into "User" ("IdentityServerId", "Email", "DataCollection", "MainGroupId", "AnalyticsEnabled",
                          "PhoneNumber",
                          "CreatorPermissionLevel", "MainCharacterId")
                 select uuid_generate_v4(),
                        'friend-author-11-9772ba8e9a4544018e60ece9b3a054f3@frever-test.com',
                        true,
                        g."Id",
                        true,
                        null,
                        array []::bigint[],
                        111
                 from g
                 returning *),
     activity as (
         insert into "UserActivity" ("GroupId", "OccurredAt", "ActionType")
             select g."Id", null, 'Login'
             from g
             where null is not null)
select *
from u;, __p_0)
'
Debug [10107]: Generated query execution expression: 
'queryContext =&gt; new FromSqlQueryingEnumerable&lt;User&gt;(
    (RelationalQueryContext)queryContext, 
    RelationalCommandCache.QueryExpression(
        Projection Mapping:
            EmptyProjectionMember -&gt; Dictionary&lt;IProperty, int&gt; { [Property: User.Id (long) Required PK AfterSave:Throw ValueGenerated.OnAdd, 0], [Property: User.AnalyticsEnabled (bool) Required, 1], [Property: User.AppleId (string), 2], [Property: User.CreatedTime (DateTime) Required ValueGenerated.OnAdd, 3], [Property: User.CreatorPermissionLevel (long[]) Element type: long Required, 4], [Property: User.DataCollection (bool?), 5], [Property: User.Email (string) Index, 6], [Property: User.GoogleId (string), 7], [Property: User.IdentityServerId (Guid) Required Index, 8], [Property: User.IsFeatured (bool) Required, 9], [Property: User.MainCharacterId (long?) FK Index, 10], [Property: User.MainGroupId (long) Required FK Index, 11], [Property: User.ModifiedTime (DateTime) Required, 12], [Property: User.PhoneNumber (string) Index, 13] }
        SELECT f.Id, f.AnalyticsEnabled, f.AppleId, f.CreatedTime, f.CreatorPermissionLevel, f.DataCollection, f.Email, f.GoogleId, f.IdentityServerId, f.IsFeatured, f.MainCharacterId, f.MainGroupId, f.ModifiedTime, f.PhoneNumber
        FROM 
with g as (
    insert into "Group" ("NickName",
                         "TaxationCountryId",
                         "DefaultLanguageId",
                         "BirthDate",
                         "Gender"
        )
        values ('friend-author-11-9772ba8e9a4544018e60ece9b3a054f3',
                (select "Id" from "Country" where "ISOName" = 'swe'),
                (select "Id" from "Language" where "IsoCode" = 'swe'),
                '1993-02-16T00:00:00.0000000',
                1)
        returning *),
     u as (
         insert
             into "User" ("IdentityServerId", "Email", "DataCollection", "MainGroupId", "AnalyticsEnabled",
                          "PhoneNumber",
                          "CreatorPermissionLevel", "MainCharacterId")
                 select uuid_generate_v4(),
                        'friend-author-11-9772ba8e9a4544018e60ece9b3a054f3@frever-test.com',
                        true,
                        g."Id",
                        true,
                        null,
                        array []::bigint[],
                        111
                 from g
                 returning *),
     activity as (
         insert into "UserActivity" ("GroupId", "OccurredAt", "ActionType")
             select g."Id", null, 'Login'
             from g
             where null is not null)
select *
from u;), 
    null, 
    List&lt;string&gt; { "Id", "AnalyticsEnabled", "AppleId", "CreatedTime", "CreatorPermissionLevel", "DataCollection", "Email", "GoogleId", "IdentityServerId", "IsFeatured", "MainCharacterId", "MainGroupId", "ModifiedTime", "PhoneNumber" }, 
    Func&lt;QueryContext, DbDataReader, int[], User&gt;, 
    Frever.Common.IntegrationTesting.TestReadWriteDbContext, 
    False, 
    False, 
    True
)'
Debug [20103]: Creating DbCommand for 'ExecuteReader'.
Debug [20104]: Created DbCommand for 'ExecuteReader' (0ms).
Debug [20106]: Initialized DbCommand for 'ExecuteReader' (0ms).
Debug [20100]: Executing DbCommand [Parameters=[], CommandType='Text', CommandTimeout='60']

with g as (
    insert into "Group" ("NickName",
                         "TaxationCountryId",
                         "DefaultLanguageId",
                         "BirthDate",
                         "Gender"
        )
        values ('friend-author-11-9772ba8e9a4544018e60ece9b3a054f3',
                (select "Id" from "Country" where "ISOName" = 'swe'),
                (select "Id" from "Language" where "IsoCode" = 'swe'),
                '1993-02-16T00:00:00.0000000',
                1)
        returning *),
     u as (
         insert
             into "User" ("IdentityServerId", "Email", "DataCollection", "MainGroupId", "AnalyticsEnabled",
                          "PhoneNumber",
                          "CreatorPermissionLevel", "MainCharacterId")
                 select uuid_generate_v4(),
                        'friend-author-11-9772ba8e9a4544018e60ece9b3a054f3@frever-test.com',
                        true,
                        g."Id",
                        true,
                        null,
                        array []::bigint[],
                        111
                 from g
                 returning *),
     activity as (
         insert into "UserActivity" ("GroupId", "OccurredAt", "ActionType")
             select g."Id", null, 'Login'
             from g
             where null is not null)
select *
from u;
Information [20101]: Executed DbCommand (1ms) [Parameters=[], CommandType='Text', CommandTimeout='60']

with g as (
    insert into "Group" ("NickName",
                         "TaxationCountryId",
                         "DefaultLanguageId",
                         "BirthDate",
                         "Gender"
        )
        values ('friend-author-11-9772ba8e9a4544018e60ece9b3a054f3',
                (select "Id" from "Country" where "ISOName" = 'swe'),
                (select "Id" from "Language" where "IsoCode" = 'swe'),
                '1993-02-16T00:00:00.0000000',
                1)
        returning *),
     u as (
         insert
             into "User" ("IdentityServerId", "Email", "DataCollection", "MainGroupId", "AnalyticsEnabled",
                          "PhoneNumber",
                          "CreatorPermissionLevel", "MainCharacterId")
                 select uuid_generate_v4(),
                        'friend-author-11-9772ba8e9a4544018e60ece9b3a054f3@frever-test.com',
                        true,
                        g."Id",
                        true,
                        null,
                        array []::bigint[],
                        111
                 from g
                 returning *),
     activity as (
         insert into "UserActivity" ("GroupId", "OccurredAt", "ActionType")
             select g."Id", null, 'Login'
             from g
             where null is not null)
select *
from u;
Debug [10806]: Context 'TestReadWriteDbContext' started tracking 'User' entity with key '{Id: 189633}'.
Debug [20301]: Closing data reader to 'frevertest' on server 'tcp://postgres-frever-it:5432'.
Debug [20300]: A data reader for 'frevertest' on server 'tcp://postgres-frever-it:5432' is being disposed after spending 0ms reading results.
Debug [10111]: Compiling query expression: 
'DbSet&lt;User&gt;().FromSql(
with g as (
    insert into "Group" ("NickName",
                         "TaxationCountryId",
                         "DefaultLanguageId",
                         "BirthDate",
                         "Gender"
        )
        values ('friend-author-12-9f3819a2575b4cf1b36a32585891b763',
                (select "Id" from "Country" where "ISOName" = 'swe'),
                (select "Id" from "Language" where "IsoCode" = 'swe'),
                '1991-05-18T00:00:00.0000000',
                1)
        returning *),
     u as (
         insert
             into "User" ("IdentityServerId", "Email", "DataCollection", "MainGroupId", "AnalyticsEnabled",
                          "PhoneNumber",
                          "CreatorPermissionLevel", "MainCharacterId")
                 select uuid_generate_v4(),
                        'friend-author-12-9f3819a2575b4cf1b36a32585891b763@frever-test.com',
                        true,
                        g."Id",
                        true,
                        null,
                        array []::bigint[],
                        111
                 from g
                 returning *),
     activity as (
         insert into "UserActivity" ("GroupId", "OccurredAt", "ActionType")
             select g."Id", null, 'Login'
             from g
             where null is not null)
select *
from u;, __p_0)
'
Debug [10107]: Generated query execution expression: 
'queryContext =&gt; new FromSqlQueryingEnumerable&lt;User&gt;(
    (RelationalQueryContext)queryContext, 
    RelationalCommandCache.QueryExpression(
        Projection Mapping:
            EmptyProjectionMember -&gt; Dictionary&lt;IProperty, int&gt; { [Property: User.Id (long) Required PK AfterSave:Throw ValueGenerated.OnAdd, 0], [Property: User.AnalyticsEnabled (bool) Required, 1], [Property: User.AppleId (string), 2], [Property: User.CreatedTime (DateTime) Required ValueGenerated.OnAdd, 3], [Property: User.CreatorPermissionLevel (long[]) Element type: long Required, 4], [Property: User.DataCollection (bool?), 5], [Property: User.Email (string) Index, 6], [Property: User.GoogleId (string), 7], [Property: User.IdentityServerId (Guid) Required Index, 8], [Property: User.IsFeatured (bool) Required, 9], [Property: User.MainCharacterId (long?) FK Index, 10], [Property: User.MainGroupId (long) Required FK Index, 11], [Property: User.ModifiedTime (DateTime) Required, 12], [Property: User.PhoneNumber (string) Index, 13] }
        SELECT f.Id, f.AnalyticsEnabled, f.AppleId, f.CreatedTime, f.CreatorPermissionLevel, f.DataCollection, f.Email, f.GoogleId, f.IdentityServerId, f.IsFeatured, f.MainCharacterId, f.MainGroupId, f.ModifiedTime, f.PhoneNumber
        FROM 
with g as (
    insert into "Group" ("NickName",
                         "TaxationCountryId",
                         "DefaultLanguageId",
                         "BirthDate",
                         "Gender"
        )
        values ('friend-author-12-9f3819a2575b4cf1b36a32585891b763',
                (select "Id" from "Country" where "ISOName" = 'swe'),
                (select "Id" from "Language" where "IsoCode" = 'swe'),
                '1991-05-18T00:00:00.0000000',
                1)
        returning *),
     u as (
         insert
             into "User" ("IdentityServerId", "Email", "DataCollection", "MainGroupId", "AnalyticsEnabled",
                          "PhoneNumber",
                          "CreatorPermissionLevel", "MainCharacterId")
                 select uuid_generate_v4(),
                        'friend-author-12-9f3819a2575b4cf1b36a32585891b763@frever-test.com',
                        true,
                        g."Id",
                        true,
                        null,
                        array []::bigint[],
                        111
                 from g
                 returning *),
     activity as (
         insert into "UserActivity" ("GroupId", "OccurredAt", "ActionType")
             select g."Id", null, 'Login'
             from g
             where null is not null)
select *
from u;), 
    null, 
    List&lt;string&gt; { "Id", "AnalyticsEnabled", "AppleId", "CreatedTime", "CreatorPermissionLevel", "DataCollection", "Email", "GoogleId", "IdentityServerId", "IsFeatured", "MainCharacterId", "MainGroupId", "ModifiedTime", "PhoneNumber" }, 
    Func&lt;QueryContext, DbDataReader, int[], User&gt;, 
    Frever.Common.IntegrationTesting.TestReadWriteDbContext, 
    False, 
    False, 
    True
)'
Debug [20103]: Creating DbCommand for 'ExecuteReader'.
Debug [20104]: Created DbCommand for 'ExecuteReader' (0ms).
Debug [20106]: Initialized DbCommand for 'ExecuteReader' (0ms).
Debug [20100]: Executing DbCommand [Parameters=[], CommandType='Text', CommandTimeout='60']

with g as (
    insert into "Group" ("NickName",
                         "TaxationCountryId",
                         "DefaultLanguageId",
                         "BirthDate",
                         "Gender"
        )
        values ('friend-author-12-9f3819a2575b4cf1b36a32585891b763',
                (select "Id" from "Country" where "ISOName" = 'swe'),
                (select "Id" from "Language" where "IsoCode" = 'swe'),
                '1991-05-18T00:00:00.0000000',
                1)
        returning *),
     u as (
         insert
             into "User" ("IdentityServerId", "Email", "DataCollection", "MainGroupId", "AnalyticsEnabled",
                          "PhoneNumber",
                          "CreatorPermissionLevel", "MainCharacterId")
                 select uuid_generate_v4(),
                        'friend-author-12-9f3819a2575b4cf1b36a32585891b763@frever-test.com',
                        true,
                        g."Id",
                        true,
                        null,
                        array []::bigint[],
                        111
                 from g
                 returning *),
     activity as (
         insert into "UserActivity" ("GroupId", "OccurredAt", "ActionType")
             select g."Id", null, 'Login'
             from g
             where null is not null)
select *
from u;
Information [20101]: Executed DbCommand (1ms) [Parameters=[], CommandType='Text', CommandTimeout='60']

with g as (
    insert into "Group" ("NickName",
                         "TaxationCountryId",
                         "DefaultLanguageId",
                         "BirthDate",
                         "Gender"
        )
        values ('friend-author-12-9f3819a2575b4cf1b36a32585891b763',
                (select "Id" from "Country" where "ISOName" = 'swe'),
                (select "Id" from "Language" where "IsoCode" = 'swe'),
                '1991-05-18T00:00:00.0000000',
                1)
        returning *),
     u as (
         insert
             into "User" ("IdentityServerId", "Email", "DataCollection", "MainGroupId", "AnalyticsEnabled",
                          "PhoneNumber",
                          "CreatorPermissionLevel", "MainCharacterId")
                 select uuid_generate_v4(),
                        'friend-author-12-9f3819a2575b4cf1b36a32585891b763@frever-test.com',
                        true,
                        g."Id",
                        true,
                        null,
                        array []::bigint[],
                        111
                 from g
                 returning *),
     activity as (
         insert into "UserActivity" ("GroupId", "OccurredAt", "ActionType")
             select g."Id", null, 'Login'
             from g
             where null is not null)
select *
from u;
Debug [10806]: Context 'TestReadWriteDbContext' started tracking 'User' entity with key '{Id: 189634}'.
Debug [20301]: Closing data reader to 'frevertest' on server 'tcp://postgres-frever-it:5432'.
Debug [20300]: A data reader for 'frevertest' on server 'tcp://postgres-frever-it:5432' is being disposed after spending 0ms reading results.
Debug [10111]: Compiling query expression: 
'DbSet&lt;User&gt;().FromSql(
with g as (
    insert into "Group" ("NickName",
                         "TaxationCountryId",
                         "DefaultLanguageId",
                         "BirthDate",
                         "Gender"
        )
        values ('friend-author-13-a4b7d489161e444c943dcb794b71bc37',
                (select "Id" from "Country" where "ISOName" = 'swe'),
                (select "Id" from "Language" where "IsoCode" = 'swe'),
                '1992-01-31T00:00:00.0000000',
                1)
        returning *),
     u as (
         insert
             into "User" ("IdentityServerId", "Email", "DataCollection", "MainGroupId", "AnalyticsEnabled",
                          "PhoneNumber",
                          "CreatorPermissionLevel", "MainCharacterId")
                 select uuid_generate_v4(),
                        'friend-author-13-a4b7d489161e444c943dcb794b71bc37@frever-test.com',
                        true,
                        g."Id",
                        true,
                        null,
                        array []::bigint[],
                        111
                 from g
                 returning *),
     activity as (
         insert into "UserActivity" ("GroupId", "OccurredAt", "ActionType")
             select g."Id", null, 'Login'
             from g
             where null is not null)
select *
from u;, __p_0)
'
Debug [10107]: Generated query execution expression: 
'queryContext =&gt; new FromSqlQueryingEnumerable&lt;User&gt;(
    (RelationalQueryContext)queryContext, 
    RelationalCommandCache.QueryExpression(
        Projection Mapping:
            EmptyProjectionMember -&gt; Dictionary&lt;IProperty, int&gt; { [Property: User.Id (long) Required PK AfterSave:Throw ValueGenerated.OnAdd, 0], [Property: User.AnalyticsEnabled (bool) Required, 1], [Property: User.AppleId (string), 2], [Property: User.CreatedTime (DateTime) Required ValueGenerated.OnAdd, 3], [Property: User.CreatorPermissionLevel (long[]) Element type: long Required, 4], [Property: User.DataCollection (bool?), 5], [Property: User.Email (string) Index, 6], [Property: User.GoogleId (string), 7], [Property: User.IdentityServerId (Guid) Required Index, 8], [Property: User.IsFeatured (bool) Required, 9], [Property: User.MainCharacterId (long?) FK Index, 10], [Property: User.MainGroupId (long) Required FK Index, 11], [Property: User.ModifiedTime (DateTime) Required, 12], [Property: User.PhoneNumber (string) Index, 13] }
        SELECT f.Id, f.AnalyticsEnabled, f.AppleId, f.CreatedTime, f.CreatorPermissionLevel, f.DataCollection, f.Email, f.GoogleId, f.IdentityServerId, f.IsFeatured, f.MainCharacterId, f.MainGroupId, f.ModifiedTime, f.PhoneNumber
        FROM 
with g as (
    insert into "Group" ("NickName",
                         "TaxationCountryId",
                         "DefaultLanguageId",
                         "BirthDate",
                         "Gender"
        )
        values ('friend-author-13-a4b7d489161e444c943dcb794b71bc37',
                (select "Id" from "Country" where "ISOName" = 'swe'),
                (select "Id" from "Language" where "IsoCode" = 'swe'),
                '1992-01-31T00:00:00.0000000',
                1)
        returning *),
     u as (
         insert
             into "User" ("IdentityServerId", "Email", "DataCollection", "MainGroupId", "AnalyticsEnabled",
                          "PhoneNumber",
                          "CreatorPermissionLevel", "MainCharacterId")
                 select uuid_generate_v4(),
                        'friend-author-13-a4b7d489161e444c943dcb794b71bc37@frever-test.com',
                        true,
                        g."Id",
                        true,
                        null,
                        array []::bigint[],
                        111
                 from g
                 returning *),
     activity as (
         insert into "UserActivity" ("GroupId", "OccurredAt", "ActionType")
             select g."Id", null, 'Login'
             from g
             where null is not null)
select *
from u;), 
    null, 
    List&lt;string&gt; { "Id", "AnalyticsEnabled", "AppleId", "CreatedTime", "CreatorPermissionLevel", "DataCollection", "Email", "GoogleId", "IdentityServerId", "IsFeatured", "MainCharacterId", "MainGroupId", "ModifiedTime", "PhoneNumber" }, 
    Func&lt;QueryContext, DbDataReader, int[], User&gt;, 
    Frever.Common.IntegrationTesting.TestReadWriteDbContext, 
    False, 
    False, 
    True
)'
Debug [20103]: Creating DbCommand for 'ExecuteReader'.
Debug [20104]: Created DbCommand for 'ExecuteReader' (0ms).
Debug [20106]: Initialized DbCommand for 'ExecuteReader' (0ms).
Debug [20100]: Executing DbCommand [Parameters=[], CommandType='Text', CommandTimeout='60']

with g as (
    insert into "Group" ("NickName",
                         "TaxationCountryId",
                         "DefaultLanguageId",
                         "BirthDate",
                         "Gender"
        )
        values ('friend-author-13-a4b7d489161e444c943dcb794b71bc37',
                (select "Id" from "Country" where "ISOName" = 'swe'),
                (select "Id" from "Language" where "IsoCode" = 'swe'),
                '1992-01-31T00:00:00.0000000',
                1)
        returning *),
     u as (
         insert
             into "User" ("IdentityServerId", "Email", "DataCollection", "MainGroupId", "AnalyticsEnabled",
                          "PhoneNumber",
                          "CreatorPermissionLevel", "MainCharacterId")
                 select uuid_generate_v4(),
                        'friend-author-13-a4b7d489161e444c943dcb794b71bc37@frever-test.com',
                        true,
                        g."Id",
                        true,
                        null,
                        array []::bigint[],
                        111
                 from g
                 returning *),
     activity as (
         insert into "UserActivity" ("GroupId", "OccurredAt", "ActionType")
             select g."Id", null, 'Login'
             from g
             where null is not null)
select *
from u;
Information [20101]: Executed DbCommand (1ms) [Parameters=[], CommandType='Text', CommandTimeout='60']

with g as (
    insert into "Group" ("NickName",
                         "TaxationCountryId",
                         "DefaultLanguageId",
                         "BirthDate",
                         "Gender"
        )
        values ('friend-author-13-a4b7d489161e444c943dcb794b71bc37',
                (select "Id" from "Country" where "ISOName" = 'swe'),
                (select "Id" from "Language" where "IsoCode" = 'swe'),
                '1992-01-31T00:00:00.0000000',
                1)
        returning *),
     u as (
         insert
             into "User" ("IdentityServerId", "Email", "DataCollection", "MainGroupId", "AnalyticsEnabled",
                          "PhoneNumber",
                          "CreatorPermissionLevel", "MainCharacterId")
                 select uuid_generate_v4(),
                        'friend-author-13-a4b7d489161e444c943dcb794b71bc37@frever-test.com',
                        true,
                        g."Id",
                        true,
                        null,
                        array []::bigint[],
                        111
                 from g
                 returning *),
     activity as (
         insert into "UserActivity" ("GroupId", "OccurredAt", "ActionType")
             select g."Id", null, 'Login'
             from g
             where null is not null)
select *
from u;
Debug [10806]: Context 'TestReadWriteDbContext' started tracking 'User' entity with key '{Id: 189635}'.
Debug [20301]: Closing data reader to 'frevertest' on server 'tcp://postgres-frever-it:5432'.
Debug [20300]: A data reader for 'frevertest' on server 'tcp://postgres-frever-it:5432' is being disposed after spending 0ms reading results.
Debug [10111]: Compiling query expression: 
'DbSet&lt;User&gt;().FromSql(
with g as (
    insert into "Group" ("NickName",
                         "TaxationCountryId",
                         "DefaultLanguageId",
                         "BirthDate",
                         "Gender"
        )
        values ('friend-author-14-2d1451f8f9274f25bfdb9f916dad603d',
                (select "Id" from "Country" where "ISOName" = 'swe'),
                (select "Id" from "Language" where "IsoCode" = 'swe'),
                '1993-01-02T00:00:00.0000000',
                1)
        returning *),
     u as (
         insert
             into "User" ("IdentityServerId", "Email", "DataCollection", "MainGroupId", "AnalyticsEnabled",
                          "PhoneNumber",
                          "CreatorPermissionLevel", "MainCharacterId")
                 select uuid_generate_v4(),
                        'friend-author-14-2d1451f8f9274f25bfdb9f916dad603d@frever-test.com',
                        true,
                        g."Id",
                        true,
                        null,
                        array []::bigint[],
                        111
                 from g
                 returning *),
     activity as (
         insert into "UserActivity" ("GroupId", "OccurredAt", "ActionType")
             select g."Id", null, 'Login'
             from g
             where null is not null)
select *
from u;, __p_0)
'
Debug [10107]: Generated query execution expression: 
'queryContext =&gt; new FromSqlQueryingEnumerable&lt;User&gt;(
    (RelationalQueryContext)queryContext, 
    RelationalCommandCache.QueryExpression(
        Projection Mapping:
            EmptyProjectionMember -&gt; Dictionary&lt;IProperty, int&gt; { [Property: User.Id (long) Required PK AfterSave:Throw ValueGenerated.OnAdd, 0], [Property: User.AnalyticsEnabled (bool) Required, 1], [Property: User.AppleId (string), 2], [Property: User.CreatedTime (DateTime) Required ValueGenerated.OnAdd, 3], [Property: User.CreatorPermissionLevel (long[]) Element type: long Required, 4], [Property: User.DataCollection (bool?), 5], [Property: User.Email (string) Index, 6], [Property: User.GoogleId (string), 7], [Property: User.IdentityServerId (Guid) Required Index, 8], [Property: User.IsFeatured (bool) Required, 9], [Property: User.MainCharacterId (long?) FK Index, 10], [Property: User.MainGroupId (long) Required FK Index, 11], [Property: User.ModifiedTime (DateTime) Required, 12], [Property: User.PhoneNumber (string) Index, 13] }
        SELECT f.Id, f.AnalyticsEnabled, f.AppleId, f.CreatedTime, f.CreatorPermissionLevel, f.DataCollection, f.Email, f.GoogleId, f.IdentityServerId, f.IsFeatured, f.MainCharacterId, f.MainGroupId, f.ModifiedTime, f.PhoneNumber
        FROM 
with g as (
    insert into "Group" ("NickName",
                         "TaxationCountryId",
                         "DefaultLanguageId",
                         "BirthDate",
                         "Gender"
        )
        values ('friend-author-14-2d1451f8f9274f25bfdb9f916dad603d',
                (select "Id" from "Country" where "ISOName" = 'swe'),
                (select "Id" from "Language" where "IsoCode" = 'swe'),
                '1993-01-02T00:00:00.0000000',
                1)
        returning *),
     u as (
         insert
             into "User" ("IdentityServerId", "Email", "DataCollection", "MainGroupId", "AnalyticsEnabled",
                          "PhoneNumber",
                          "CreatorPermissionLevel", "MainCharacterId")
                 select uuid_generate_v4(),
                        'friend-author-14-2d1451f8f9274f25bfdb9f916dad603d@frever-test.com',
                        true,
                        g."Id",
                        true,
                        null,
                        array []::bigint[],
                        111
                 from g
                 returning *),
     activity as (
         insert into "UserActivity" ("GroupId", "OccurredAt", "ActionType")
             select g."Id", null, 'Login'
             from g
             where null is not null)
select *
from u;), 
    null, 
    List&lt;string&gt; { "Id", "AnalyticsEnabled", "AppleId", "CreatedTime", "CreatorPermissionLevel", "DataCollection", "Email", "GoogleId", "IdentityServerId", "IsFeatured", "MainCharacterId", "MainGroupId", "ModifiedTime", "PhoneNumber" }, 
    Func&lt;QueryContext, DbDataReader, int[], User&gt;, 
    Frever.Common.IntegrationTesting.TestReadWriteDbContext, 
    False, 
    False, 
    True
)'
Debug [20103]: Creating DbCommand for 'ExecuteReader'.
Debug [20104]: Created DbCommand for 'ExecuteReader' (0ms).
Debug [20106]: Initialized DbCommand for 'ExecuteReader' (0ms).
Debug [20100]: Executing DbCommand [Parameters=[], CommandType='Text', CommandTimeout='60']

with g as (
    insert into "Group" ("NickName",
                         "TaxationCountryId",
                         "DefaultLanguageId",
                         "BirthDate",
                         "Gender"
        )
        values ('friend-author-14-2d1451f8f9274f25bfdb9f916dad603d',
                (select "Id" from "Country" where "ISOName" = 'swe'),
                (select "Id" from "Language" where "IsoCode" = 'swe'),
                '1993-01-02T00:00:00.0000000',
                1)
        returning *),
     u as (
         insert
             into "User" ("IdentityServerId", "Email", "DataCollection", "MainGroupId", "AnalyticsEnabled",
                          "PhoneNumber",
                          "CreatorPermissionLevel", "MainCharacterId")
                 select uuid_generate_v4(),
                        'friend-author-14-2d1451f8f9274f25bfdb9f916dad603d@frever-test.com',
                        true,
                        g."Id",
                        true,
                        null,
                        array []::bigint[],
                        111
                 from g
                 returning *),
     activity as (
         insert into "UserActivity" ("GroupId", "OccurredAt", "ActionType")
             select g."Id", null, 'Login'
             from g
             where null is not null)
select *
from u;
Information [20101]: Executed DbCommand (1ms) [Parameters=[], CommandType='Text', CommandTimeout='60']

with g as (
    insert into "Group" ("NickName",
                         "TaxationCountryId",
                         "DefaultLanguageId",
                         "BirthDate",
                         "Gender"
        )
        values ('friend-author-14-2d1451f8f9274f25bfdb9f916dad603d',
                (select "Id" from "Country" where "ISOName" = 'swe'),
                (select "Id" from "Language" where "IsoCode" = 'swe'),
                '1993-01-02T00:00:00.0000000',
                1)
        returning *),
     u as (
         insert
             into "User" ("IdentityServerId", "Email", "DataCollection", "MainGroupId", "AnalyticsEnabled",
                          "PhoneNumber",
                          "CreatorPermissionLevel", "MainCharacterId")
                 select uuid_generate_v4(),
                        'friend-author-14-2d1451f8f9274f25bfdb9f916dad603d@frever-test.com',
                        true,
                        g."Id",
                        true,
                        null,
                        array []::bigint[],
                        111
                 from g
                 returning *),
     activity as (
         insert into "UserActivity" ("GroupId", "OccurredAt", "ActionType")
             select g."Id", null, 'Login'
             from g
             where null is not null)
select *
from u;
Debug [10806]: Context 'TestReadWriteDbContext' started tracking 'User' entity with key '{Id: 189636}'.
Debug [20301]: Closing data reader to 'frevertest' on server 'tcp://postgres-frever-it:5432'.
Debug [20300]: A data reader for 'frevertest' on server 'tcp://postgres-frever-it:5432' is being disposed after spending 0ms reading results.
Debug [10111]: Compiling query expression: 
'DbSet&lt;User&gt;().FromSql(
with g as (
    insert into "Group" ("NickName",
                         "TaxationCountryId",
                         "DefaultLanguageId",
                         "BirthDate",
                         "Gender"
        )
        values ('friend-author-15-a887aa011c294808b6b1c2d9b839133b',
                (select "Id" from "Country" where "ISOName" = 'swe'),
                (select "Id" from "Language" where "IsoCode" = 'swe'),
                '1990-12-14T00:00:00.0000000',
                1)
        returning *),
     u as (
         insert
             into "User" ("IdentityServerId", "Email", "DataCollection", "MainGroupId", "AnalyticsEnabled",
                          "PhoneNumber",
                          "CreatorPermissionLevel", "MainCharacterId")
                 select uuid_generate_v4(),
                        'friend-author-15-a887aa011c294808b6b1c2d9b839133b@frever-test.com',
                        true,
                        g."Id",
                        true,
                        null,
                        array []::bigint[],
                        111
                 from g
                 returning *),
     activity as (
         insert into "UserActivity" ("GroupId", "OccurredAt", "ActionType")
             select g."Id", null, 'Login'
             from g
             where null is not null)
select *
from u;, __p_0)
'
Debug [10107]: Generated query execution expression: 
'queryContext =&gt; new FromSqlQueryingEnumerable&lt;User&gt;(
    (RelationalQueryContext)queryContext, 
    RelationalCommandCache.QueryExpression(
        Projection Mapping:
            EmptyProjectionMember -&gt; Dictionary&lt;IProperty, int&gt; { [Property: User.Id (long) Required PK AfterSave:Throw ValueGenerated.OnAdd, 0], [Property: User.AnalyticsEnabled (bool) Required, 1], [Property: User.AppleId (string), 2], [Property: User.CreatedTime (DateTime) Required ValueGenerated.OnAdd, 3], [Property: User.CreatorPermissionLevel (long[]) Element type: long Required, 4], [Property: User.DataCollection (bool?), 5], [Property: User.Email (string) Index, 6], [Property: User.GoogleId (string), 7], [Property: User.IdentityServerId (Guid) Required Index, 8], [Property: User.IsFeatured (bool) Required, 9], [Property: User.MainCharacterId (long?) FK Index, 10], [Property: User.MainGroupId (long) Required FK Index, 11], [Property: User.ModifiedTime (DateTime) Required, 12], [Property: User.PhoneNumber (string) Index, 13] }
        SELECT f.Id, f.AnalyticsEnabled, f.AppleId, f.CreatedTime, f.CreatorPermissionLevel, f.DataCollection, f.Email, f.GoogleId, f.IdentityServerId, f.IsFeatured, f.MainCharacterId, f.MainGroupId, f.ModifiedTime, f.PhoneNumber
        FROM 
with g as (
    insert into "Group" ("NickName",
                         "TaxationCountryId",
                         "DefaultLanguageId",
                         "BirthDate",
                         "Gender"
        )
        values ('friend-author-15-a887aa011c294808b6b1c2d9b839133b',
                (select "Id" from "Country" where "ISOName" = 'swe'),
                (select "Id" from "Language" where "IsoCode" = 'swe'),
                '1990-12-14T00:00:00.0000000',
                1)
        returning *),
     u as (
         insert
             into "User" ("IdentityServerId", "Email", "DataCollection", "MainGroupId", "AnalyticsEnabled",
                          "PhoneNumber",
                          "CreatorPermissionLevel", "MainCharacterId")
                 select uuid_generate_v4(),
                        'friend-author-15-a887aa011c294808b6b1c2d9b839133b@frever-test.com',
                        true,
                        g."Id",
                        true,
                        null,
                        array []::bigint[],
                        111
                 from g
                 returning *),
     activity as (
         insert into "UserActivity" ("GroupId", "OccurredAt", "ActionType")
             select g."Id", null, 'Login'
             from g
             where null is not null)
select *
from u;), 
    null, 
    List&lt;string&gt; { "Id", "AnalyticsEnabled", "AppleId", "CreatedTime", "CreatorPermissionLevel", "DataCollection", "Email", "GoogleId", "IdentityServerId", "IsFeatured", "MainCharacterId", "MainGroupId", "ModifiedTime", "PhoneNumber" }, 
    Func&lt;QueryContext, DbDataReader, int[], User&gt;, 
    Frever.Common.IntegrationTesting.TestReadWriteDbContext, 
    False, 
    False, 
    True
)'
Debug [20103]: Creating DbCommand for 'ExecuteReader'.
Debug [20104]: Created DbCommand for 'ExecuteReader' (0ms).
Debug [20106]: Initialized DbCommand for 'ExecuteReader' (0ms).
Debug [20100]: Executing DbCommand [Parameters=[], CommandType='Text', CommandTimeout='60']

with g as (
    insert into "Group" ("NickName",
                         "TaxationCountryId",
                         "DefaultLanguageId",
                         "BirthDate",
                         "Gender"
        )
        values ('friend-author-15-a887aa011c294808b6b1c2d9b839133b',
                (select "Id" from "Country" where "ISOName" = 'swe'),
                (select "Id" from "Language" where "IsoCode" = 'swe'),
                '1990-12-14T00:00:00.0000000',
                1)
        returning *),
     u as (
         insert
             into "User" ("IdentityServerId", "Email", "DataCollection", "MainGroupId", "AnalyticsEnabled",
                          "PhoneNumber",
                          "CreatorPermissionLevel", "MainCharacterId")
                 select uuid_generate_v4(),
                        'friend-author-15-a887aa011c294808b6b1c2d9b839133b@frever-test.com',
                        true,
                        g."Id",
                        true,
                        null,
                        array []::bigint[],
                        111
                 from g
                 returning *),
     activity as (
         insert into "UserActivity" ("GroupId", "OccurredAt", "ActionType")
             select g."Id", null, 'Login'
             from g
             where null is not null)
select *
from u;
Information [20101]: Executed DbCommand (1ms) [Parameters=[], CommandType='Text', CommandTimeout='60']

with g as (
    insert into "Group" ("NickName",
                         "TaxationCountryId",
                         "DefaultLanguageId",
                         "BirthDate",
                         "Gender"
        )
        values ('friend-author-15-a887aa011c294808b6b1c2d9b839133b',
                (select "Id" from "Country" where "ISOName" = 'swe'),
                (select "Id" from "Language" where "IsoCode" = 'swe'),
                '1990-12-14T00:00:00.0000000',
                1)
        returning *),
     u as (
         insert
             into "User" ("IdentityServerId", "Email", "DataCollection", "MainGroupId", "AnalyticsEnabled",
                          "PhoneNumber",
                          "CreatorPermissionLevel", "MainCharacterId")
                 select uuid_generate_v4(),
                        'friend-author-15-a887aa011c294808b6b1c2d9b839133b@frever-test.com',
                        true,
                        g."Id",
                        true,
                        null,
                        array []::bigint[],
                        111
                 from g
                 returning *),
     activity as (
         insert into "UserActivity" ("GroupId", "OccurredAt", "ActionType")
             select g."Id", null, 'Login'
             from g
             where null is not null)
select *
from u;
Debug [10806]: Context 'TestReadWriteDbContext' started tracking 'User' entity with key '{Id: 189637}'.
Debug [20301]: Closing data reader to 'frevertest' on server 'tcp://postgres-frever-it:5432'.
Debug [20300]: A data reader for 'frevertest' on server 'tcp://postgres-frever-it:5432' is being disposed after spending 0ms reading results.
Debug [10111]: Compiling query expression: 
'DbSet&lt;User&gt;().FromSql(
with g as (
    insert into "Group" ("NickName",
                         "TaxationCountryId",
                         "DefaultLanguageId",
                         "BirthDate",
                         "Gender"
        )
        values ('friend-author-16-06ad7460972b4050b9c74fd17bb2c31f',
                (select "Id" from "Country" where "ISOName" = 'swe'),
                (select "Id" from "Language" where "IsoCode" = 'swe'),
                '1990-12-09T00:00:00.0000000',
                1)
        returning *),
     u as (
         insert
             into "User" ("IdentityServerId", "Email", "DataCollection", "MainGroupId", "AnalyticsEnabled",
                          "PhoneNumber",
                          "CreatorPermissionLevel", "MainCharacterId")
                 select uuid_generate_v4(),
                        'friend-author-16-06ad7460972b4050b9c74fd17bb2c31f@frever-test.com',
                        true,
                        g."Id",
                        true,
                        null,
                        array []::bigint[],
                        111
                 from g
                 returning *),
     activity as (
         insert into "UserActivity" ("GroupId", "OccurredAt", "ActionType")
             select g."Id", null, 'Login'
             from g
             where null is not null)
select *
from u;, __p_0)
'
Debug [10107]: Generated query execution expression: 
'queryContext =&gt; new FromSqlQueryingEnumerable&lt;User&gt;(
    (RelationalQueryContext)queryContext, 
    RelationalCommandCache.QueryExpression(
        Projection Mapping:
            EmptyProjectionMember -&gt; Dictionary&lt;IProperty, int&gt; { [Property: User.Id (long) Required PK AfterSave:Throw ValueGenerated.OnAdd, 0], [Property: User.AnalyticsEnabled (bool) Required, 1], [Property: User.AppleId (string), 2], [Property: User.CreatedTime (DateTime) Required ValueGenerated.OnAdd, 3], [Property: User.CreatorPermissionLevel (long[]) Element type: long Required, 4], [Property: User.DataCollection (bool?), 5], [Property: User.Email (string) Index, 6], [Property: User.GoogleId (string), 7], [Property: User.IdentityServerId (Guid) Required Index, 8], [Property: User.IsFeatured (bool) Required, 9], [Property: User.MainCharacterId (long?) FK Index, 10], [Property: User.MainGroupId (long) Required FK Index, 11], [Property: User.ModifiedTime (DateTime) Required, 12], [Property: User.PhoneNumber (string) Index, 13] }
        SELECT f.Id, f.AnalyticsEnabled, f.AppleId, f.CreatedTime, f.CreatorPermissionLevel, f.DataCollection, f.Email, f.GoogleId, f.IdentityServerId, f.IsFeatured, f.MainCharacterId, f.MainGroupId, f.ModifiedTime, f.PhoneNumber
        FROM 
with g as (
    insert into "Group" ("NickName",
                         "TaxationCountryId",
                         "DefaultLanguageId",
                         "BirthDate",
                         "Gender"
        )
        values ('friend-author-16-06ad7460972b4050b9c74fd17bb2c31f',
                (select "Id" from "Country" where "ISOName" = 'swe'),
                (select "Id" from "Language" where "IsoCode" = 'swe'),
                '1990-12-09T00:00:00.0000000',
                1)
        returning *),
     u as (
         insert
             into "User" ("IdentityServerId", "Email", "DataCollection", "MainGroupId", "AnalyticsEnabled",
                          "PhoneNumber",
                          "CreatorPermissionLevel", "MainCharacterId")
                 select uuid_generate_v4(),
                        'friend-author-16-06ad7460972b4050b9c74fd17bb2c31f@frever-test.com',
                        true,
                        g."Id",
                        true,
                        null,
                        array []::bigint[],
                        111
                 from g
                 returning *),
     activity as (
         insert into "UserActivity" ("GroupId", "OccurredAt", "ActionType")
             select g."Id", null, 'Login'
             from g
             where null is not null)
select *
from u;), 
    null, 
    List&lt;string&gt; { "Id", "AnalyticsEnabled", "AppleId", "CreatedTime", "CreatorPermissionLevel", "DataCollection", "Email", "GoogleId", "IdentityServerId", "IsFeatured", "MainCharacterId", "MainGroupId", "ModifiedTime", "PhoneNumber" }, 
    Func&lt;QueryContext, DbDataReader, int[], User&gt;, 
    Frever.Common.IntegrationTesting.TestReadWriteDbContext, 
    False, 
    False, 
    True
)'
Debug [20103]: Creating DbCommand for 'ExecuteReader'.
Debug [20104]: Created DbCommand for 'ExecuteReader' (0ms).
Debug [20106]: Initialized DbCommand for 'ExecuteReader' (0ms).
Debug [20100]: Executing DbCommand [Parameters=[], CommandType='Text', CommandTimeout='60']

with g as (
    insert into "Group" ("NickName",
                         "TaxationCountryId",
                         "DefaultLanguageId",
                         "BirthDate",
                         "Gender"
        )
        values ('friend-author-16-06ad7460972b4050b9c74fd17bb2c31f',
                (select "Id" from "Country" where "ISOName" = 'swe'),
                (select "Id" from "Language" where "IsoCode" = 'swe'),
                '1990-12-09T00:00:00.0000000',
                1)
        returning *),
     u as (
         insert
             into "User" ("IdentityServerId", "Email", "DataCollection", "MainGroupId", "AnalyticsEnabled",
                          "PhoneNumber",
                          "CreatorPermissionLevel", "MainCharacterId")
                 select uuid_generate_v4(),
                        'friend-author-16-06ad7460972b4050b9c74fd17bb2c31f@frever-test.com',
                        true,
                        g."Id",
                        true,
                        null,
                        array []::bigint[],
                        111
                 from g
                 returning *),
     activity as (
         insert into "UserActivity" ("GroupId", "OccurredAt", "ActionType")
             select g."Id", null, 'Login'
             from g
             where null is not null)
select *
from u;
Information [20101]: Executed DbCommand (1ms) [Parameters=[], CommandType='Text', CommandTimeout='60']

with g as (
    insert into "Group" ("NickName",
                         "TaxationCountryId",
                         "DefaultLanguageId",
                         "BirthDate",
                         "Gender"
        )
        values ('friend-author-16-06ad7460972b4050b9c74fd17bb2c31f',
                (select "Id" from "Country" where "ISOName" = 'swe'),
                (select "Id" from "Language" where "IsoCode" = 'swe'),
                '1990-12-09T00:00:00.0000000',
                1)
        returning *),
     u as (
         insert
             into "User" ("IdentityServerId", "Email", "DataCollection", "MainGroupId", "AnalyticsEnabled",
                          "PhoneNumber",
                          "CreatorPermissionLevel", "MainCharacterId")
                 select uuid_generate_v4(),
                        'friend-author-16-06ad7460972b4050b9c74fd17bb2c31f@frever-test.com',
                        true,
                        g."Id",
                        true,
                        null,
                        array []::bigint[],
                        111
                 from g
                 returning *),
     activity as (
         insert into "UserActivity" ("GroupId", "OccurredAt", "ActionType")
             select g."Id", null, 'Login'
             from g
             where null is not null)
select *
from u;
Debug [10806]: Context 'TestReadWriteDbContext' started tracking 'User' entity with key '{Id: 189638}'.
Debug [20301]: Closing data reader to 'frevertest' on server 'tcp://postgres-frever-it:5432'.
Debug [20300]: A data reader for 'frevertest' on server 'tcp://postgres-frever-it:5432' is being disposed after spending 0ms reading results.
Debug [10111]: Compiling query expression: 
'DbSet&lt;User&gt;().FromSql(
with g as (
    insert into "Group" ("NickName",
                         "TaxationCountryId",
                         "DefaultLanguageId",
                         "BirthDate",
                         "Gender"
        )
        values ('friend-author-17-0862720c330540e49df976777d69400a',
                (select "Id" from "Country" where "ISOName" = 'swe'),
                (select "Id" from "Language" where "IsoCode" = 'swe'),
                '1992-07-18T00:00:00.0000000',
                1)
        returning *),
     u as (
         insert
             into "User" ("IdentityServerId", "Email", "DataCollection", "MainGroupId", "AnalyticsEnabled",
                          "PhoneNumber",
                          "CreatorPermissionLevel", "MainCharacterId")
                 select uuid_generate_v4(),
                        'friend-author-17-0862720c330540e49df976777d69400a@frever-test.com',
                        true,
                        g."Id",
                        true,
                        null,
                        array []::bigint[],
                        111
                 from g
                 returning *),
     activity as (
         insert into "UserActivity" ("GroupId", "OccurredAt", "ActionType")
             select g."Id", null, 'Login'
             from g
             where null is not null)
select *
from u;, __p_0)
'
Debug [10107]: Generated query execution expression: 
'queryContext =&gt; new FromSqlQueryingEnumerable&lt;User&gt;(
    (RelationalQueryContext)queryContext, 
    RelationalCommandCache.QueryExpression(
        Projection Mapping:
            EmptyProjectionMember -&gt; Dictionary&lt;IProperty, int&gt; { [Property: User.Id (long) Required PK AfterSave:Throw ValueGenerated.OnAdd, 0], [Property: User.AnalyticsEnabled (bool) Required, 1], [Property: User.AppleId (string), 2], [Property: User.CreatedTime (DateTime) Required ValueGenerated.OnAdd, 3], [Property: User.CreatorPermissionLevel (long[]) Element type: long Required, 4], [Property: User.DataCollection (bool?), 5], [Property: User.Email (string) Index, 6], [Property: User.GoogleId (string), 7], [Property: User.IdentityServerId (Guid) Required Index, 8], [Property: User.IsFeatured (bool) Required, 9], [Property: User.MainCharacterId (long?) FK Index, 10], [Property: User.MainGroupId (long) Required FK Index, 11], [Property: User.ModifiedTime (DateTime) Required, 12], [Property: User.PhoneNumber (string) Index, 13] }
        SELECT f.Id, f.AnalyticsEnabled, f.AppleId, f.CreatedTime, f.CreatorPermissionLevel, f.DataCollection, f.Email, f.GoogleId, f.IdentityServerId, f.IsFeatured, f.MainCharacterId, f.MainGroupId, f.ModifiedTime, f.PhoneNumber
        FROM 
with g as (
    insert into "Group" ("NickName",
                         "TaxationCountryId",
                         "DefaultLanguageId",
                         "BirthDate",
                         "Gender"
        )
        values ('friend-author-17-0862720c330540e49df976777d69400a',
                (select "Id" from "Country" where "ISOName" = 'swe'),
                (select "Id" from "Language" where "IsoCode" = 'swe'),
                '1992-07-18T00:00:00.0000000',
                1)
        returning *),
     u as (
         insert
             into "User" ("IdentityServerId", "Email", "DataCollection", "MainGroupId", "AnalyticsEnabled",
                          "PhoneNumber",
                          "CreatorPermissionLevel", "MainCharacterId")
                 select uuid_generate_v4(),
                        'friend-author-17-0862720c330540e49df976777d69400a@frever-test.com',
                        true,
                        g."Id",
                        true,
                        null,
                        array []::bigint[],
                        111
                 from g
                 returning *),
     activity as (
         insert into "UserActivity" ("GroupId", "OccurredAt", "ActionType")
             select g."Id", null, 'Login'
             from g
             where null is not null)
select *
from u;), 
    null, 
    List&lt;string&gt; { "Id", "AnalyticsEnabled", "AppleId", "CreatedTime", "CreatorPermissionLevel", "DataCollection", "Email", "GoogleId", "IdentityServerId", "IsFeatured", "MainCharacterId", "MainGroupId", "ModifiedTime", "PhoneNumber" }, 
    Func&lt;QueryContext, DbDataReader, int[], User&gt;, 
    Frever.Common.IntegrationTesting.TestReadWriteDbContext, 
    False, 
    False, 
    True
)'
Debug [20103]: Creating DbCommand for 'ExecuteReader'.
Debug [20104]: Created DbCommand for 'ExecuteReader' (0ms).
Debug [20106]: Initialized DbCommand for 'ExecuteReader' (0ms).
Debug [20100]: Executing DbCommand [Parameters=[], CommandType='Text', CommandTimeout='60']

with g as (
    insert into "Group" ("NickName",
                         "TaxationCountryId",
                         "DefaultLanguageId",
                         "BirthDate",
                         "Gender"
        )
        values ('friend-author-17-0862720c330540e49df976777d69400a',
                (select "Id" from "Country" where "ISOName" = 'swe'),
                (select "Id" from "Language" where "IsoCode" = 'swe'),
                '1992-07-18T00:00:00.0000000',
                1)
        returning *),
     u as (
         insert
             into "User" ("IdentityServerId", "Email", "DataCollection", "MainGroupId", "AnalyticsEnabled",
                          "PhoneNumber",
                          "CreatorPermissionLevel", "MainCharacterId")
                 select uuid_generate_v4(),
                        'friend-author-17-0862720c330540e49df976777d69400a@frever-test.com',
                        true,
                        g."Id",
                        true,
                        null,
                        array []::bigint[],
                        111
                 from g
                 returning *),
     activity as (
         insert into "UserActivity" ("GroupId", "OccurredAt", "ActionType")
             select g."Id", null, 'Login'
             from g
             where null is not null)
select *
from u;
Information [20101]: Executed DbCommand (1ms) [Parameters=[], CommandType='Text', CommandTimeout='60']

with g as (
    insert into "Group" ("NickName",
                         "TaxationCountryId",
                         "DefaultLanguageId",
                         "BirthDate",
                         "Gender"
        )
        values ('friend-author-17-0862720c330540e49df976777d69400a',
                (select "Id" from "Country" where "ISOName" = 'swe'),
                (select "Id" from "Language" where "IsoCode" = 'swe'),
                '1992-07-18T00:00:00.0000000',
                1)
        returning *),
     u as (
         insert
             into "User" ("IdentityServerId", "Email", "DataCollection", "MainGroupId", "AnalyticsEnabled",
                          "PhoneNumber",
                          "CreatorPermissionLevel", "MainCharacterId")
                 select uuid_generate_v4(),
                        'friend-author-17-0862720c330540e49df976777d69400a@frever-test.com',
                        true,
                        g."Id",
                        true,
                        null,
                        array []::bigint[],
                        111
                 from g
                 returning *),
     activity as (
         insert into "UserActivity" ("GroupId", "OccurredAt", "ActionType")
             select g."Id", null, 'Login'
             from g
             where null is not null)
select *
from u;
Debug [10806]: Context 'TestReadWriteDbContext' started tracking 'User' entity with key '{Id: 189639}'.
Debug [20301]: Closing data reader to 'frevertest' on server 'tcp://postgres-frever-it:5432'.
Debug [20300]: A data reader for 'frevertest' on server 'tcp://postgres-frever-it:5432' is being disposed after spending 0ms reading results.
Debug [10111]: Compiling query expression: 
'DbSet&lt;User&gt;().FromSql(
with g as (
    insert into "Group" ("NickName",
                         "TaxationCountryId",
                         "DefaultLanguageId",
                         "BirthDate",
                         "Gender"
        )
        values ('friend-author-18-7b2e33ae45e544c1b0dfc54e8488b700',
                (select "Id" from "Country" where "ISOName" = 'swe'),
                (select "Id" from "Language" where "IsoCode" = 'swe'),
                '1993-05-01T00:00:00.0000000',
                1)
        returning *),
     u as (
         insert
             into "User" ("IdentityServerId", "Email", "DataCollection", "MainGroupId", "AnalyticsEnabled",
                          "PhoneNumber",
                          "CreatorPermissionLevel", "MainCharacterId")
                 select uuid_generate_v4(),
                        'friend-author-18-7b2e33ae45e544c1b0dfc54e8488b700@frever-test.com',
                        true,
                        g."Id",
                        true,
                        null,
                        array []::bigint[],
                        111
                 from g
                 returning *),
     activity as (
         insert into "UserActivity" ("GroupId", "OccurredAt", "ActionType")
             select g."Id", null, 'Login'
             from g
             where null is not null)
select *
from u;, __p_0)
'
Debug [10107]: Generated query execution expression: 
'queryContext =&gt; new FromSqlQueryingEnumerable&lt;User&gt;(
    (RelationalQueryContext)queryContext, 
    RelationalCommandCache.QueryExpression(
        Projection Mapping:
            EmptyProjectionMember -&gt; Dictionary&lt;IProperty, int&gt; { [Property: User.Id (long) Required PK AfterSave:Throw ValueGenerated.OnAdd, 0], [Property: User.AnalyticsEnabled (bool) Required, 1], [Property: User.AppleId (string), 2], [Property: User.CreatedTime (DateTime) Required ValueGenerated.OnAdd, 3], [Property: User.CreatorPermissionLevel (long[]) Element type: long Required, 4], [Property: User.DataCollection (bool?), 5], [Property: User.Email (string) Index, 6], [Property: User.GoogleId (string), 7], [Property: User.IdentityServerId (Guid) Required Index, 8], [Property: User.IsFeatured (bool) Required, 9], [Property: User.MainCharacterId (long?) FK Index, 10], [Property: User.MainGroupId (long) Required FK Index, 11], [Property: User.ModifiedTime (DateTime) Required, 12], [Property: User.PhoneNumber (string) Index, 13] }
        SELECT f.Id, f.AnalyticsEnabled, f.AppleId, f.CreatedTime, f.CreatorPermissionLevel, f.DataCollection, f.Email, f.GoogleId, f.IdentityServerId, f.IsFeatured, f.MainCharacterId, f.MainGroupId, f.ModifiedTime, f.PhoneNumber
        FROM 
with g as (
    insert into "Group" ("NickName",
                         "TaxationCountryId",
                         "DefaultLanguageId",
                         "BirthDate",
                         "Gender"
        )
        values ('friend-author-18-7b2e33ae45e544c1b0dfc54e8488b700',
                (select "Id" from "Country" where "ISOName" = 'swe'),
                (select "Id" from "Language" where "IsoCode" = 'swe'),
                '1993-05-01T00:00:00.0000000',
                1)
        returning *),
     u as (
         insert
             into "User" ("IdentityServerId", "Email", "DataCollection", "MainGroupId", "AnalyticsEnabled",
                          "PhoneNumber",
                          "CreatorPermissionLevel", "MainCharacterId")
                 select uuid_generate_v4(),
                        'friend-author-18-7b2e33ae45e544c1b0dfc54e8488b700@frever-test.com',
                        true,
                        g."Id",
                        true,
                        null,
                        array []::bigint[],
                        111
                 from g
                 returning *),
     activity as (
         insert into "UserActivity" ("GroupId", "OccurredAt", "ActionType")
             select g."Id", null, 'Login'
             from g
             where null is not null)
select *
from u;), 
    null, 
    List&lt;string&gt; { "Id", "AnalyticsEnabled", "AppleId", "CreatedTime", "CreatorPermissionLevel", "DataCollection", "Email", "GoogleId", "IdentityServerId", "IsFeatured", "MainCharacterId", "MainGroupId", "ModifiedTime", "PhoneNumber" }, 
    Func&lt;QueryContext, DbDataReader, int[], User&gt;, 
    Frever.Common.IntegrationTesting.TestReadWriteDbContext, 
    False, 
    False, 
    True
)'
Debug [20103]: Creating DbCommand for 'ExecuteReader'.
Debug [20104]: Created DbCommand for 'ExecuteReader' (0ms).
Debug [20106]: Initialized DbCommand for 'ExecuteReader' (0ms).
Debug [20100]: Executing DbCommand [Parameters=[], CommandType='Text', CommandTimeout='60']

with g as (
    insert into "Group" ("NickName",
                         "TaxationCountryId",
                         "DefaultLanguageId",
                         "BirthDate",
                         "Gender"
        )
        values ('friend-author-18-7b2e33ae45e544c1b0dfc54e8488b700',
                (select "Id" from "Country" where "ISOName" = 'swe'),
                (select "Id" from "Language" where "IsoCode" = 'swe'),
                '1993-05-01T00:00:00.0000000',
                1)
        returning *),
     u as (
         insert
             into "User" ("IdentityServerId", "Email", "DataCollection", "MainGroupId", "AnalyticsEnabled",
                          "PhoneNumber",
                          "CreatorPermissionLevel", "MainCharacterId")
                 select uuid_generate_v4(),
                        'friend-author-18-7b2e33ae45e544c1b0dfc54e8488b700@frever-test.com',
                        true,
                        g."Id",
                        true,
                        null,
                        array []::bigint[],
                        111
                 from g
                 returning *),
     activity as (
         insert into "UserActivity" ("GroupId", "OccurredAt", "ActionType")
             select g."Id", null, 'Login'
             from g
             where null is not null)
select *
from u;
Information [20101]: Executed DbCommand (1ms) [Parameters=[], CommandType='Text', CommandTimeout='60']

with g as (
    insert into "Group" ("NickName",
                         "TaxationCountryId",
                         "DefaultLanguageId",
                         "BirthDate",
                         "Gender"
        )
        values ('friend-author-18-7b2e33ae45e544c1b0dfc54e8488b700',
                (select "Id" from "Country" where "ISOName" = 'swe'),
                (select "Id" from "Language" where "IsoCode" = 'swe'),
                '1993-05-01T00:00:00.0000000',
                1)
        returning *),
     u as (
         insert
             into "User" ("IdentityServerId", "Email", "DataCollection", "MainGroupId", "AnalyticsEnabled",
                          "PhoneNumber",
                          "CreatorPermissionLevel", "MainCharacterId")
                 select uuid_generate_v4(),
                        'friend-author-18-7b2e33ae45e544c1b0dfc54e8488b700@frever-test.com',
                        true,
                        g."Id",
                        true,
                        null,
                        array []::bigint[],
                        111
                 from g
                 returning *),
     activity as (
         insert into "UserActivity" ("GroupId", "OccurredAt", "ActionType")
             select g."Id", null, 'Login'
             from g
             where null is not null)
select *
from u;
Debug [10806]: Context 'TestReadWriteDbContext' started tracking 'User' entity with key '{Id: 189640}'.
Debug [20301]: Closing data reader to 'frevertest' on server 'tcp://postgres-frever-it:5432'.
Debug [20300]: A data reader for 'frevertest' on server 'tcp://postgres-frever-it:5432' is being disposed after spending 0ms reading results.
Debug [10111]: Compiling query expression: 
'DbSet&lt;User&gt;().FromSql(
with g as (
    insert into "Group" ("NickName",
                         "TaxationCountryId",
                         "DefaultLanguageId",
                         "BirthDate",
                         "Gender"
        )
        values ('friend-author-19-a89398302472436f91e957803c3fd194',
                (select "Id" from "Country" where "ISOName" = 'swe'),
                (select "Id" from "Language" where "IsoCode" = 'swe'),
                '1992-01-21T00:00:00.0000000',
                1)
        returning *),
     u as (
         insert
             into "User" ("IdentityServerId", "Email", "DataCollection", "MainGroupId", "AnalyticsEnabled",
                          "PhoneNumber",
                          "CreatorPermissionLevel", "MainCharacterId")
                 select uuid_generate_v4(),
                        'friend-author-19-a89398302472436f91e957803c3fd194@frever-test.com',
                        true,
                        g."Id",
                        true,
                        null,
                        array []::bigint[],
                        111
                 from g
                 returning *),
     activity as (
         insert into "UserActivity" ("GroupId", "OccurredAt", "ActionType")
             select g."Id", null, 'Login'
             from g
             where null is not null)
select *
from u;, __p_0)
'
Debug [10107]: Generated query execution expression: 
'queryContext =&gt; new FromSqlQueryingEnumerable&lt;User&gt;(
    (RelationalQueryContext)queryContext, 
    RelationalCommandCache.QueryExpression(
        Projection Mapping:
            EmptyProjectionMember -&gt; Dictionary&lt;IProperty, int&gt; { [Property: User.Id (long) Required PK AfterSave:Throw ValueGenerated.OnAdd, 0], [Property: User.AnalyticsEnabled (bool) Required, 1], [Property: User.AppleId (string), 2], [Property: User.CreatedTime (DateTime) Required ValueGenerated.OnAdd, 3], [Property: User.CreatorPermissionLevel (long[]) Element type: long Required, 4], [Property: User.DataCollection (bool?), 5], [Property: User.Email (string) Index, 6], [Property: User.GoogleId (string), 7], [Property: User.IdentityServerId (Guid) Required Index, 8], [Property: User.IsFeatured (bool) Required, 9], [Property: User.MainCharacterId (long?) FK Index, 10], [Property: User.MainGroupId (long) Required FK Index, 11], [Property: User.ModifiedTime (DateTime) Required, 12], [Property: User.PhoneNumber (string) Index, 13] }
        SELECT f.Id, f.AnalyticsEnabled, f.AppleId, f.CreatedTime, f.CreatorPermissionLevel, f.DataCollection, f.Email, f.GoogleId, f.IdentityServerId, f.IsFeatured, f.MainCharacterId, f.MainGroupId, f.ModifiedTime, f.PhoneNumber
        FROM 
with g as (
    insert into "Group" ("NickName",
                         "TaxationCountryId",
                         "DefaultLanguageId",
                         "BirthDate",
                         "Gender"
        )
        values ('friend-author-19-a89398302472436f91e957803c3fd194',
                (select "Id" from "Country" where "ISOName" = 'swe'),
                (select "Id" from "Language" where "IsoCode" = 'swe'),
                '1992-01-21T00:00:00.0000000',
                1)
        returning *),
     u as (
         insert
             into "User" ("IdentityServerId", "Email", "DataCollection", "MainGroupId", "AnalyticsEnabled",
                          "PhoneNumber",
                          "CreatorPermissionLevel", "MainCharacterId")
                 select uuid_generate_v4(),
                        'friend-author-19-a89398302472436f91e957803c3fd194@frever-test.com',
                        true,
                        g."Id",
                        true,
                        null,
                        array []::bigint[],
                        111
                 from g
                 returning *),
     activity as (
         insert into "UserActivity" ("GroupId", "OccurredAt", "ActionType")
             select g."Id", null, 'Login'
             from g
             where null is not null)
select *
from u;), 
    null, 
    List&lt;string&gt; { "Id", "AnalyticsEnabled", "AppleId", "CreatedTime", "CreatorPermissionLevel", "DataCollection", "Email", "GoogleId", "IdentityServerId", "IsFeatured", "MainCharacterId", "MainGroupId", "ModifiedTime", "PhoneNumber" }, 
    Func&lt;QueryContext, DbDataReader, int[], User&gt;, 
    Frever.Common.IntegrationTesting.TestReadWriteDbContext, 
    False, 
    False, 
    True
)'
Debug [20103]: Creating DbCommand for 'ExecuteReader'.
Debug [20104]: Created DbCommand for 'ExecuteReader' (0ms).
Debug [20106]: Initialized DbCommand for 'ExecuteReader' (0ms).
Debug [20100]: Executing DbCommand [Parameters=[], CommandType='Text', CommandTimeout='60']

with g as (
    insert into "Group" ("NickName",
                         "TaxationCountryId",
                         "DefaultLanguageId",
                         "BirthDate",
                         "Gender"
        )
        values ('friend-author-19-a89398302472436f91e957803c3fd194',
                (select "Id" from "Country" where "ISOName" = 'swe'),
                (select "Id" from "Language" where "IsoCode" = 'swe'),
                '1992-01-21T00:00:00.0000000',
                1)
        returning *),
     u as (
         insert
             into "User" ("IdentityServerId", "Email", "DataCollection", "MainGroupId", "AnalyticsEnabled",
                          "PhoneNumber",
                          "CreatorPermissionLevel", "MainCharacterId")
                 select uuid_generate_v4(),
                        'friend-author-19-a89398302472436f91e957803c3fd194@frever-test.com',
                        true,
                        g."Id",
                        true,
                        null,
                        array []::bigint[],
                        111
                 from g
                 returning *),
     activity as (
         insert into "UserActivity" ("GroupId", "OccurredAt", "ActionType")
             select g."Id", null, 'Login'
             from g
             where null is not null)
select *
from u;
Information [20101]: Executed DbCommand (1ms) [Parameters=[], CommandType='Text', CommandTimeout='60']

with g as (
    insert into "Group" ("NickName",
                         "TaxationCountryId",
                         "DefaultLanguageId",
                         "BirthDate",
                         "Gender"
        )
        values ('friend-author-19-a89398302472436f91e957803c3fd194',
                (select "Id" from "Country" where "ISOName" = 'swe'),
                (select "Id" from "Language" where "IsoCode" = 'swe'),
                '1992-01-21T00:00:00.0000000',
                1)
        returning *),
     u as (
         insert
             into "User" ("IdentityServerId", "Email", "DataCollection", "MainGroupId", "AnalyticsEnabled",
                          "PhoneNumber",
                          "CreatorPermissionLevel", "MainCharacterId")
                 select uuid_generate_v4(),
                        'friend-author-19-a89398302472436f91e957803c3fd194@frever-test.com',
                        true,
                        g."Id",
                        true,
                        null,
                        array []::bigint[],
                        111
                 from g
                 returning *),
     activity as (
         insert into "UserActivity" ("GroupId", "OccurredAt", "ActionType")
             select g."Id", null, 'Login'
             from g
             where null is not null)
select *
from u;
Debug [10806]: Context 'TestReadWriteDbContext' started tracking 'User' entity with key '{Id: 189641}'.
Debug [20301]: Closing data reader to 'frevertest' on server 'tcp://postgres-frever-it:5432'.
Debug [20300]: A data reader for 'frevertest' on server 'tcp://postgres-frever-it:5432' is being disposed after spending 0ms reading results.
Debug [10111]: Compiling query expression: 
'DbSet&lt;User&gt;().FromSql(
with g as (
    insert into "Group" ("NickName",
                         "TaxationCountryId",
                         "DefaultLanguageId",
                         "BirthDate",
                         "Gender"
        )
        values ('friend-author-20-a8ae7950ef244895bc97ccde5ea70a64',
                (select "Id" from "Country" where "ISOName" = 'usa'),
                (select "Id" from "Language" where "IsoCode" = 'eng'),
                '1991-08-11T00:00:00.0000000',
                1)
        returning *),
     u as (
         insert
             into "User" ("IdentityServerId", "Email", "DataCollection", "MainGroupId", "AnalyticsEnabled",
                          "PhoneNumber",
                          "CreatorPermissionLevel", "MainCharacterId")
                 select uuid_generate_v4(),
                        'friend-author-20-a8ae7950ef244895bc97ccde5ea70a64@frever-test.com',
                        true,
                        g."Id",
                        true,
                        null,
                        array []::bigint[],
                        111
                 from g
                 returning *),
     activity as (
         insert into "UserActivity" ("GroupId", "OccurredAt", "ActionType")
             select g."Id", null, 'Login'
             from g
             where null is not null)
select *
from u;, __p_0)
'
Debug [10107]: Generated query execution expression: 
'queryContext =&gt; new FromSqlQueryingEnumerable&lt;User&gt;(
    (RelationalQueryContext)queryContext, 
    RelationalCommandCache.QueryExpression(
        Projection Mapping:
            EmptyProjectionMember -&gt; Dictionary&lt;IProperty, int&gt; { [Property: User.Id (long) Required PK AfterSave:Throw ValueGenerated.OnAdd, 0], [Property: User.AnalyticsEnabled (bool) Required, 1], [Property: User.AppleId (string), 2], [Property: User.CreatedTime (DateTime) Required ValueGenerated.OnAdd, 3], [Property: User.CreatorPermissionLevel (long[]) Element type: long Required, 4], [Property: User.DataCollection (bool?), 5], [Property: User.Email (string) Index, 6], [Property: User.GoogleId (string), 7], [Property: User.IdentityServerId (Guid) Required Index, 8], [Property: User.IsFeatured (bool) Required, 9], [Property: User.MainCharacterId (long?) FK Index, 10], [Property: User.MainGroupId (long) Required FK Index, 11], [Property: User.ModifiedTime (DateTime) Required, 12], [Property: User.PhoneNumber (string) Index, 13] }
        SELECT f.Id, f.AnalyticsEnabled, f.AppleId, f.CreatedTime, f.CreatorPermissionLevel, f.DataCollection, f.Email, f.GoogleId, f.IdentityServerId, f.IsFeatured, f.MainCharacterId, f.MainGroupId, f.ModifiedTime, f.PhoneNumber
        FROM 
with g as (
    insert into "Group" ("NickName",
                         "TaxationCountryId",
                         "DefaultLanguageId",
                         "BirthDate",
                         "Gender"
        )
        values ('friend-author-20-a8ae7950ef244895bc97ccde5ea70a64',
                (select "Id" from "Country" where "ISOName" = 'usa'),
                (select "Id" from "Language" where "IsoCode" = 'eng'),
                '1991-08-11T00:00:00.0000000',
                1)
        returning *),
     u as (
         insert
             into "User" ("IdentityServerId", "Email", "DataCollection", "MainGroupId", "AnalyticsEnabled",
                          "PhoneNumber",
                          "CreatorPermissionLevel", "MainCharacterId")
                 select uuid_generate_v4(),
                        'friend-author-20-a8ae7950ef244895bc97ccde5ea70a64@frever-test.com',
                        true,
                        g."Id",
                        true,
                        null,
                        array []::bigint[],
                        111
                 from g
                 returning *),
     activity as (
         insert into "UserActivity" ("GroupId", "OccurredAt", "ActionType")
             select g."Id", null, 'Login'
             from g
             where null is not null)
select *
from u;), 
    null, 
    List&lt;string&gt; { "Id", "AnalyticsEnabled", "AppleId", "CreatedTime", "CreatorPermissionLevel", "DataCollection", "Email", "GoogleId", "IdentityServerId", "IsFeatured", "MainCharacterId", "MainGroupId", "ModifiedTime", "PhoneNumber" }, 
    Func&lt;QueryContext, DbDataReader, int[], User&gt;, 
    Frever.Common.IntegrationTesting.TestReadWriteDbContext, 
    False, 
    False, 
    True
)'
Debug [20103]: Creating DbCommand for 'ExecuteReader'.
Debug [20104]: Created DbCommand for 'ExecuteReader' (0ms).
Debug [20106]: Initialized DbCommand for 'ExecuteReader' (0ms).
Debug [20100]: Executing DbCommand [Parameters=[], CommandType='Text', CommandTimeout='60']

with g as (
    insert into "Group" ("NickName",
                         "TaxationCountryId",
                         "DefaultLanguageId",
                         "BirthDate",
                         "Gender"
        )
        values ('friend-author-20-a8ae7950ef244895bc97ccde5ea70a64',
                (select "Id" from "Country" where "ISOName" = 'usa'),
                (select "Id" from "Language" where "IsoCode" = 'eng'),
                '1991-08-11T00:00:00.0000000',
                1)
        returning *),
     u as (
         insert
             into "User" ("IdentityServerId", "Email", "DataCollection", "MainGroupId", "AnalyticsEnabled",
                          "PhoneNumber",
                          "CreatorPermissionLevel", "MainCharacterId")
                 select uuid_generate_v4(),
                        'friend-author-20-a8ae7950ef244895bc97ccde5ea70a64@frever-test.com',
                        true,
                        g."Id",
                        true,
                        null,
                        array []::bigint[],
                        111
                 from g
                 returning *),
     activity as (
         insert into "UserActivity" ("GroupId", "OccurredAt", "ActionType")
             select g."Id", null, 'Login'
             from g
             where null is not null)
select *
from u;
Information [20101]: Executed DbCommand (1ms) [Parameters=[], CommandType='Text', CommandTimeout='60']

with g as (
    insert into "Group" ("NickName",
                         "TaxationCountryId",
                         "DefaultLanguageId",
                         "BirthDate",
                         "Gender"
        )
        values ('friend-author-20-a8ae7950ef244895bc97ccde5ea70a64',
                (select "Id" from "Country" where "ISOName" = 'usa'),
                (select "Id" from "Language" where "IsoCode" = 'eng'),
                '1991-08-11T00:00:00.0000000',
                1)
        returning *),
     u as (
         insert
             into "User" ("IdentityServerId", "Email", "DataCollection", "MainGroupId", "AnalyticsEnabled",
                          "PhoneNumber",
                          "CreatorPermissionLevel", "MainCharacterId")
                 select uuid_generate_v4(),
                        'friend-author-20-a8ae7950ef244895bc97ccde5ea70a64@frever-test.com',
                        true,
                        g."Id",
                        true,
                        null,
                        array []::bigint[],
                        111
                 from g
                 returning *),
     activity as (
         insert into "UserActivity" ("GroupId", "OccurredAt", "ActionType")
             select g."Id", null, 'Login'
             from g
             where null is not null)
select *
from u;
Debug [10806]: Context 'TestReadWriteDbContext' started tracking 'User' entity with key '{Id: 189642}'.
Debug [20301]: Closing data reader to 'frevertest' on server 'tcp://postgres-frever-it:5432'.
Debug [20300]: A data reader for 'frevertest' on server 'tcp://postgres-frever-it:5432' is being disposed after spending 0ms reading results.
Debug [10111]: Compiling query expression: 
'DbSet&lt;User&gt;().FromSql(
with g as (
    insert into "Group" ("NickName",
                         "TaxationCountryId",
                         "DefaultLanguageId",
                         "BirthDate",
                         "Gender"
        )
        values ('friend-author-21-9c37137a56264edc9c3adca296685e77',
                (select "Id" from "Country" where "ISOName" = 'usa'),
                (select "Id" from "Language" where "IsoCode" = 'eng'),
                '1992-06-06T00:00:00.0000000',
                1)
        returning *),
     u as (
         insert
             into "User" ("IdentityServerId", "Email", "DataCollection", "MainGroupId", "AnalyticsEnabled",
                          "PhoneNumber",
                          "CreatorPermissionLevel", "MainCharacterId")
                 select uuid_generate_v4(),
                        'friend-author-21-9c37137a56264edc9c3adca296685e77@frever-test.com',
                        true,
                        g."Id",
                        true,
                        null,
                        array []::bigint[],
                        111
                 from g
                 returning *),
     activity as (
         insert into "UserActivity" ("GroupId", "OccurredAt", "ActionType")
             select g."Id", null, 'Login'
             from g
             where null is not null)
select *
from u;, __p_0)
'
Debug [10107]: Generated query execution expression: 
'queryContext =&gt; new FromSqlQueryingEnumerable&lt;User&gt;(
    (RelationalQueryContext)queryContext, 
    RelationalCommandCache.QueryExpression(
        Projection Mapping:
            EmptyProjectionMember -&gt; Dictionary&lt;IProperty, int&gt; { [Property: User.Id (long) Required PK AfterSave:Throw ValueGenerated.OnAdd, 0], [Property: User.AnalyticsEnabled (bool) Required, 1], [Property: User.AppleId (string), 2], [Property: User.CreatedTime (DateTime) Required ValueGenerated.OnAdd, 3], [Property: User.CreatorPermissionLevel (long[]) Element type: long Required, 4], [Property: User.DataCollection (bool?), 5], [Property: User.Email (string) Index, 6], [Property: User.GoogleId (string), 7], [Property: User.IdentityServerId (Guid) Required Index, 8], [Property: User.IsFeatured (bool) Required, 9], [Property: User.MainCharacterId (long?) FK Index, 10], [Property: User.MainGroupId (long) Required FK Index, 11], [Property: User.ModifiedTime (DateTime) Required, 12], [Property: User.PhoneNumber (string) Index, 13] }
        SELECT f.Id, f.AnalyticsEnabled, f.AppleId, f.CreatedTime, f.CreatorPermissionLevel, f.DataCollection, f.Email, f.GoogleId, f.IdentityServerId, f.IsFeatured, f.MainCharacterId, f.MainGroupId, f.ModifiedTime, f.PhoneNumber
        FROM 
with g as (
    insert into "Group" ("NickName",
                         "TaxationCountryId",
                         "DefaultLanguageId",
                         "BirthDate",
                         "Gender"
        )
        values ('friend-author-21-9c37137a56264edc9c3adca296685e77',
                (select "Id" from "Country" where "ISOName" = 'usa'),
                (select "Id" from "Language" where "IsoCode" = 'eng'),
                '1992-06-06T00:00:00.0000000',
                1)
        returning *),
     u as (
         insert
             into "User" ("IdentityServerId", "Email", "DataCollection", "MainGroupId", "AnalyticsEnabled",
                          "PhoneNumber",
                          "CreatorPermissionLevel", "MainCharacterId")
                 select uuid_generate_v4(),
                        'friend-author-21-9c37137a56264edc9c3adca296685e77@frever-test.com',
                        true,
                        g."Id",
                        true,
                        null,
                        array []::bigint[],
                        111
                 from g
                 returning *),
     activity as (
         insert into "UserActivity" ("GroupId", "OccurredAt", "ActionType")
             select g."Id", null, 'Login'
             from g
             where null is not null)
select *
from u;), 
    null, 
    List&lt;string&gt; { "Id", "AnalyticsEnabled", "AppleId", "CreatedTime", "CreatorPermissionLevel", "DataCollection", "Email", "GoogleId", "IdentityServerId", "IsFeatured", "MainCharacterId", "MainGroupId", "ModifiedTime", "PhoneNumber" }, 
    Func&lt;QueryContext, DbDataReader, int[], User&gt;, 
    Frever.Common.IntegrationTesting.TestReadWriteDbContext, 
    False, 
    False, 
    True
)'
Debug [20103]: Creating DbCommand for 'ExecuteReader'.
Debug [20104]: Created DbCommand for 'ExecuteReader' (0ms).
Debug [20106]: Initialized DbCommand for 'ExecuteReader' (0ms).
Debug [20100]: Executing DbCommand [Parameters=[], CommandType='Text', CommandTimeout='60']

with g as (
    insert into "Group" ("NickName",
                         "TaxationCountryId",
                         "DefaultLanguageId",
                         "BirthDate",
                         "Gender"
        )
        values ('friend-author-21-9c37137a56264edc9c3adca296685e77',
                (select "Id" from "Country" where "ISOName" = 'usa'),
                (select "Id" from "Language" where "IsoCode" = 'eng'),
                '1992-06-06T00:00:00.0000000',
                1)
        returning *),
     u as (
         insert
             into "User" ("IdentityServerId", "Email", "DataCollection", "MainGroupId", "AnalyticsEnabled",
                          "PhoneNumber",
                          "CreatorPermissionLevel", "MainCharacterId")
                 select uuid_generate_v4(),
                        'friend-author-21-9c37137a56264edc9c3adca296685e77@frever-test.com',
                        true,
                        g."Id",
                        true,
                        null,
                        array []::bigint[],
                        111
                 from g
                 returning *),
     activity as (
         insert into "UserActivity" ("GroupId", "OccurredAt", "ActionType")
             select g."Id", null, 'Login'
             from g
             where null is not null)
select *
from u;
Information [20101]: Executed DbCommand (1ms) [Parameters=[], CommandType='Text', CommandTimeout='60']

with g as (
    insert into "Group" ("NickName",
                         "TaxationCountryId",
                         "DefaultLanguageId",
                         "BirthDate",
                         "Gender"
        )
        values ('friend-author-21-9c37137a56264edc9c3adca296685e77',
                (select "Id" from "Country" where "ISOName" = 'usa'),
                (select "Id" from "Language" where "IsoCode" = 'eng'),
                '1992-06-06T00:00:00.0000000',
                1)
        returning *),
     u as (
         insert
             into "User" ("IdentityServerId", "Email", "DataCollection", "MainGroupId", "AnalyticsEnabled",
                          "PhoneNumber",
                          "CreatorPermissionLevel", "MainCharacterId")
                 select uuid_generate_v4(),
                        'friend-author-21-9c37137a56264edc9c3adca296685e77@frever-test.com',
                        true,
                        g."Id",
                        true,
                        null,
                        array []::bigint[],
                        111
                 from g
                 returning *),
     activity as (
         insert into "UserActivity" ("GroupId", "OccurredAt", "ActionType")
             select g."Id", null, 'Login'
             from g
             where null is not null)
select *
from u;
Debug [10806]: Context 'TestReadWriteDbContext' started tracking 'User' entity with key '{Id: 189643}'.
Debug [20301]: Closing data reader to 'frevertest' on server 'tcp://postgres-frever-it:5432'.
Debug [20300]: A data reader for 'frevertest' on server 'tcp://postgres-frever-it:5432' is being disposed after spending 0ms reading results.
Debug [10111]: Compiling query expression: 
'DbSet&lt;User&gt;().FromSql(
with g as (
    insert into "Group" ("NickName",
                         "TaxationCountryId",
                         "DefaultLanguageId",
                         "BirthDate",
                         "Gender"
        )
        values ('friend-author-22-3e7c2638628a445489e8af54416b4bca',
                (select "Id" from "Country" where "ISOName" = 'usa'),
                (select "Id" from "Language" where "IsoCode" = 'eng'),
                '1993-04-07T00:00:00.0000000',
                1)
        returning *),
     u as (
         insert
             into "User" ("IdentityServerId", "Email", "DataCollection", "MainGroupId", "AnalyticsEnabled",
                          "PhoneNumber",
                          "CreatorPermissionLevel", "MainCharacterId")
                 select uuid_generate_v4(),
                        'friend-author-22-3e7c2638628a445489e8af54416b4bca@frever-test.com',
                        true,
                        g."Id",
                        true,
                        null,
                        array []::bigint[],
                        111
                 from g
                 returning *),
     activity as (
         insert into "UserActivity" ("GroupId", "OccurredAt", "ActionType")
             select g."Id", null, 'Login'
             from g
             where null is not null)
select *
from u;, __p_0)
'
Debug [10107]: Generated query execution expression: 
'queryContext =&gt; new FromSqlQueryingEnumerable&lt;User&gt;(
    (RelationalQueryContext)queryContext, 
    RelationalCommandCache.QueryExpression(
        Projection Mapping:
            EmptyProjectionMember -&gt; Dictionary&lt;IProperty, int&gt; { [Property: User.Id (long) Required PK AfterSave:Throw ValueGenerated.OnAdd, 0], [Property: User.AnalyticsEnabled (bool) Required, 1], [Property: User.AppleId (string), 2], [Property: User.CreatedTime (DateTime) Required ValueGenerated.OnAdd, 3], [Property: User.CreatorPermissionLevel (long[]) Element type: long Required, 4], [Property: User.DataCollection (bool?), 5], [Property: User.Email (string) Index, 6], [Property: User.GoogleId (string), 7], [Property: User.IdentityServerId (Guid) Required Index, 8], [Property: User.IsFeatured (bool) Required, 9], [Property: User.MainCharacterId (long?) FK Index, 10], [Property: User.MainGroupId (long) Required FK Index, 11], [Property: User.ModifiedTime (DateTime) Required, 12], [Property: User.PhoneNumber (string) Index, 13] }
        SELECT f.Id, f.AnalyticsEnabled, f.AppleId, f.CreatedTime, f.CreatorPermissionLevel, f.DataCollection, f.Email, f.GoogleId, f.IdentityServerId, f.IsFeatured, f.MainCharacterId, f.MainGroupId, f.ModifiedTime, f.PhoneNumber
        FROM 
with g as (
    insert into "Group" ("NickName",
                         "TaxationCountryId",
                         "DefaultLanguageId",
                         "BirthDate",
                         "Gender"
        )
        values ('friend-author-22-3e7c2638628a445489e8af54416b4bca',
                (select "Id" from "Country" where "ISOName" = 'usa'),
                (select "Id" from "Language" where "IsoCode" = 'eng'),
                '1993-04-07T00:00:00.0000000',
                1)
        returning *),
     u as (
         insert
             into "User" ("IdentityServerId", "Email", "DataCollection", "MainGroupId", "AnalyticsEnabled",
                          "PhoneNumber",
                          "CreatorPermissionLevel", "MainCharacterId")
                 select uuid_generate_v4(),
                        'friend-author-22-3e7c2638628a445489e8af54416b4bca@frever-test.com',
                        true,
                        g."Id",
                        true,
                        null,
                        array []::bigint[],
                        111
                 from g
                 returning *),
     activity as (
         insert into "UserActivity" ("GroupId", "OccurredAt", "ActionType")
             select g."Id", null, 'Login'
             from g
             where null is not null)
select *
from u;), 
    null, 
    List&lt;string&gt; { "Id", "AnalyticsEnabled", "AppleId", "CreatedTime", "CreatorPermissionLevel", "DataCollection", "Email", "GoogleId", "IdentityServerId", "IsFeatured", "MainCharacterId", "MainGroupId", "ModifiedTime", "PhoneNumber" }, 
    Func&lt;QueryContext, DbDataReader, int[], User&gt;, 
    Frever.Common.IntegrationTesting.TestReadWriteDbContext, 
    False, 
    False, 
    True
)'
Debug [20103]: Creating DbCommand for 'ExecuteReader'.
Debug [20104]: Created DbCommand for 'ExecuteReader' (0ms).
Debug [20106]: Initialized DbCommand for 'ExecuteReader' (0ms).
Debug [20100]: Executing DbCommand [Parameters=[], CommandType='Text', CommandTimeout='60']

with g as (
    insert into "Group" ("NickName",
                         "TaxationCountryId",
                         "DefaultLanguageId",
                         "BirthDate",
                         "Gender"
        )
        values ('friend-author-22-3e7c2638628a445489e8af54416b4bca',
                (select "Id" from "Country" where "ISOName" = 'usa'),
                (select "Id" from "Language" where "IsoCode" = 'eng'),
                '1993-04-07T00:00:00.0000000',
                1)
        returning *),
     u as (
         insert
             into "User" ("IdentityServerId", "Email", "DataCollection", "MainGroupId", "AnalyticsEnabled",
                          "PhoneNumber",
                          "CreatorPermissionLevel", "MainCharacterId")
                 select uuid_generate_v4(),
                        'friend-author-22-3e7c2638628a445489e8af54416b4bca@frever-test.com',
                        true,
                        g."Id",
                        true,
                        null,
                        array []::bigint[],
                        111
                 from g
                 returning *),
     activity as (
         insert into "UserActivity" ("GroupId", "OccurredAt", "ActionType")
             select g."Id", null, 'Login'
             from g
             where null is not null)
select *
from u;
Information [20101]: Executed DbCommand (1ms) [Parameters=[], CommandType='Text', CommandTimeout='60']

with g as (
    insert into "Group" ("NickName",
                         "TaxationCountryId",
                         "DefaultLanguageId",
                         "BirthDate",
                         "Gender"
        )
        values ('friend-author-22-3e7c2638628a445489e8af54416b4bca',
                (select "Id" from "Country" where "ISOName" = 'usa'),
                (select "Id" from "Language" where "IsoCode" = 'eng'),
                '1993-04-07T00:00:00.0000000',
                1)
        returning *),
     u as (
         insert
             into "User" ("IdentityServerId", "Email", "DataCollection", "MainGroupId", "AnalyticsEnabled",
                          "PhoneNumber",
                          "CreatorPermissionLevel", "MainCharacterId")
                 select uuid_generate_v4(),
                        'friend-author-22-3e7c2638628a445489e8af54416b4bca@frever-test.com',
                        true,
                        g."Id",
                        true,
                        null,
                        array []::bigint[],
                        111
                 from g
                 returning *),
     activity as (
         insert into "UserActivity" ("GroupId", "OccurredAt", "ActionType")
             select g."Id", null, 'Login'
             from g
             where null is not null)
select *
from u;
Debug [10806]: Context 'TestReadWriteDbContext' started tracking 'User' entity with key '{Id: 189644}'.
Debug [20301]: Closing data reader to 'frevertest' on server 'tcp://postgres-frever-it:5432'.
Debug [20300]: A data reader for 'frevertest' on server 'tcp://postgres-frever-it:5432' is being disposed after spending 0ms reading results.
Debug [10111]: Compiling query expression: 
'DbSet&lt;User&gt;().FromSql(
with g as (
    insert into "Group" ("NickName",
                         "TaxationCountryId",
                         "DefaultLanguageId",
                         "BirthDate",
                         "Gender"
        )
        values ('friend-author-23-84ae8a034f23461ab3c9d6564bf71fb2',
                (select "Id" from "Country" where "ISOName" = 'usa'),
                (select "Id" from "Language" where "IsoCode" = 'eng'),
                '1992-09-19T00:00:00.0000000',
                1)
        returning *),
     u as (
         insert
             into "User" ("IdentityServerId", "Email", "DataCollection", "MainGroupId", "AnalyticsEnabled",
                          "PhoneNumber",
                          "CreatorPermissionLevel", "MainCharacterId")
                 select uuid_generate_v4(),
                        'friend-author-23-84ae8a034f23461ab3c9d6564bf71fb2@frever-test.com',
                        true,
                        g."Id",
                        true,
                        null,
                        array []::bigint[],
                        111
                 from g
                 returning *),
     activity as (
         insert into "UserActivity" ("GroupId", "OccurredAt", "ActionType")
             select g."Id", null, 'Login'
             from g
             where null is not null)
select *
from u;, __p_0)
'
Debug [10107]: Generated query execution expression: 
'queryContext =&gt; new FromSqlQueryingEnumerable&lt;User&gt;(
    (RelationalQueryContext)queryContext, 
    RelationalCommandCache.QueryExpression(
        Projection Mapping:
            EmptyProjectionMember -&gt; Dictionary&lt;IProperty, int&gt; { [Property: User.Id (long) Required PK AfterSave:Throw ValueGenerated.OnAdd, 0], [Property: User.AnalyticsEnabled (bool) Required, 1], [Property: User.AppleId (string), 2], [Property: User.CreatedTime (DateTime) Required ValueGenerated.OnAdd, 3], [Property: User.CreatorPermissionLevel (long[]) Element type: long Required, 4], [Property: User.DataCollection (bool?), 5], [Property: User.Email (string) Index, 6], [Property: User.GoogleId (string), 7], [Property: User.IdentityServerId (Guid) Required Index, 8], [Property: User.IsFeatured (bool) Required, 9], [Property: User.MainCharacterId (long?) FK Index, 10], [Property: User.MainGroupId (long) Required FK Index, 11], [Property: User.ModifiedTime (DateTime) Required, 12], [Property: User.PhoneNumber (string) Index, 13] }
        SELECT f.Id, f.AnalyticsEnabled, f.AppleId, f.CreatedTime, f.CreatorPermissionLevel, f.DataCollection, f.Email, f.GoogleId, f.IdentityServerId, f.IsFeatured, f.MainCharacterId, f.MainGroupId, f.ModifiedTime, f.PhoneNumber
        FROM 
with g as (
    insert into "Group" ("NickName",
                         "TaxationCountryId",
                         "DefaultLanguageId",
                         "BirthDate",
                         "Gender"
        )
        values ('friend-author-23-84ae8a034f23461ab3c9d6564bf71fb2',
                (select "Id" from "Country" where "ISOName" = 'usa'),
                (select "Id" from "Language" where "IsoCode" = 'eng'),
                '1992-09-19T00:00:00.0000000',
                1)
        returning *),
     u as (
         insert
             into "User" ("IdentityServerId", "Email", "DataCollection", "MainGroupId", "AnalyticsEnabled",
                          "PhoneNumber",
                          "CreatorPermissionLevel", "MainCharacterId")
                 select uuid_generate_v4(),
                        'friend-author-23-84ae8a034f23461ab3c9d6564bf71fb2@frever-test.com',
                        true,
                        g."Id",
                        true,
                        null,
                        array []::bigint[],
                        111
                 from g
                 returning *),
     activity as (
         insert into "UserActivity" ("GroupId", "OccurredAt", "ActionType")
             select g."Id", null, 'Login'
             from g
             where null is not null)
select *
from u;), 
    null, 
    List&lt;string&gt; { "Id", "AnalyticsEnabled", "AppleId", "CreatedTime", "CreatorPermissionLevel", "DataCollection", "Email", "GoogleId", "IdentityServerId", "IsFeatured", "MainCharacterId", "MainGroupId", "ModifiedTime", "PhoneNumber" }, 
    Func&lt;QueryContext, DbDataReader, int[], User&gt;, 
    Frever.Common.IntegrationTesting.TestReadWriteDbContext, 
    False, 
    False, 
    True
)'
Debug [20103]: Creating DbCommand for 'ExecuteReader'.
Debug [20104]: Created DbCommand for 'ExecuteReader' (0ms).
Debug [20106]: Initialized DbCommand for 'ExecuteReader' (0ms).
Debug [20100]: Executing DbCommand [Parameters=[], CommandType='Text', CommandTimeout='60']

with g as (
    insert into "Group" ("NickName",
                         "TaxationCountryId",
                         "DefaultLanguageId",
                         "BirthDate",
                         "Gender"
        )
        values ('friend-author-23-84ae8a034f23461ab3c9d6564bf71fb2',
                (select "Id" from "Country" where "ISOName" = 'usa'),
                (select "Id" from "Language" where "IsoCode" = 'eng'),
                '1992-09-19T00:00:00.0000000',
                1)
        returning *),
     u as (
         insert
             into "User" ("IdentityServerId", "Email", "DataCollection", "MainGroupId", "AnalyticsEnabled",
                          "PhoneNumber",
                          "CreatorPermissionLevel", "MainCharacterId")
                 select uuid_generate_v4(),
                        'friend-author-23-84ae8a034f23461ab3c9d6564bf71fb2@frever-test.com',
                        true,
                        g."Id",
                        true,
                        null,
                        array []::bigint[],
                        111
                 from g
                 returning *),
     activity as (
         insert into "UserActivity" ("GroupId", "OccurredAt", "ActionType")
             select g."Id", null, 'Login'
             from g
             where null is not null)
select *
from u;
Information [20101]: Executed DbCommand (1ms) [Parameters=[], CommandType='Text', CommandTimeout='60']

with g as (
    insert into "Group" ("NickName",
                         "TaxationCountryId",
                         "DefaultLanguageId",
                         "BirthDate",
                         "Gender"
        )
        values ('friend-author-23-84ae8a034f23461ab3c9d6564bf71fb2',
                (select "Id" from "Country" where "ISOName" = 'usa'),
                (select "Id" from "Language" where "IsoCode" = 'eng'),
                '1992-09-19T00:00:00.0000000',
                1)
        returning *),
     u as (
         insert
             into "User" ("IdentityServerId", "Email", "DataCollection", "MainGroupId", "AnalyticsEnabled",
                          "PhoneNumber",
                          "CreatorPermissionLevel", "MainCharacterId")
                 select uuid_generate_v4(),
                        'friend-author-23-84ae8a034f23461ab3c9d6564bf71fb2@frever-test.com',
                        true,
                        g."Id",
                        true,
                        null,
                        array []::bigint[],
                        111
                 from g
                 returning *),
     activity as (
         insert into "UserActivity" ("GroupId", "OccurredAt", "ActionType")
             select g."Id", null, 'Login'
             from g
             where null is not null)
select *
from u;
Debug [10806]: Context 'TestReadWriteDbContext' started tracking 'User' entity with key '{Id: 189645}'.
Debug [20301]: Closing data reader to 'frevertest' on server 'tcp://postgres-frever-it:5432'.
Debug [20300]: A data reader for 'frevertest' on server 'tcp://postgres-frever-it:5432' is being disposed after spending 0ms reading results.
Debug [10111]: Compiling query expression: 
'DbSet&lt;User&gt;().FromSql(
with g as (
    insert into "Group" ("NickName",
                         "TaxationCountryId",
                         "DefaultLanguageId",
                         "BirthDate",
                         "Gender"
        )
        values ('friend-author-24-02d937cc40944081b71559cd135827ea',
                (select "Id" from "Country" where "ISOName" = 'usa'),
                (select "Id" from "Language" where "IsoCode" = 'eng'),
                '1992-10-05T00:00:00.0000000',
                1)
        returning *),
     u as (
         insert
             into "User" ("IdentityServerId", "Email", "DataCollection", "MainGroupId", "AnalyticsEnabled",
                          "PhoneNumber",
                          "CreatorPermissionLevel", "MainCharacterId")
                 select uuid_generate_v4(),
                        'friend-author-24-02d937cc40944081b71559cd135827ea@frever-test.com',
                        true,
                        g."Id",
                        true,
                        null,
                        array []::bigint[],
                        111
                 from g
                 returning *),
     activity as (
         insert into "UserActivity" ("GroupId", "OccurredAt", "ActionType")
             select g."Id", null, 'Login'
             from g
             where null is not null)
select *
from u;, __p_0)
'
Debug [10107]: Generated query execution expression: 
'queryContext =&gt; new FromSqlQueryingEnumerable&lt;User&gt;(
    (RelationalQueryContext)queryContext, 
    RelationalCommandCache.QueryExpression(
        Projection Mapping:
            EmptyProjectionMember -&gt; Dictionary&lt;IProperty, int&gt; { [Property: User.Id (long) Required PK AfterSave:Throw ValueGenerated.OnAdd, 0], [Property: User.AnalyticsEnabled (bool) Required, 1], [Property: User.AppleId (string), 2], [Property: User.CreatedTime (DateTime) Required ValueGenerated.OnAdd, 3], [Property: User.CreatorPermissionLevel (long[]) Element type: long Required, 4], [Property: User.DataCollection (bool?), 5], [Property: User.Email (string) Index, 6], [Property: User.GoogleId (string), 7], [Property: User.IdentityServerId (Guid) Required Index, 8], [Property: User.IsFeatured (bool) Required, 9], [Property: User.MainCharacterId (long?) FK Index, 10], [Property: User.MainGroupId (long) Required FK Index, 11], [Property: User.ModifiedTime (DateTime) Required, 12], [Property: User.PhoneNumber (string) Index, 13] }
        SELECT f.Id, f.AnalyticsEnabled, f.AppleId, f.CreatedTime, f.CreatorPermissionLevel, f.DataCollection, f.Email, f.GoogleId, f.IdentityServerId, f.IsFeatured, f.MainCharacterId, f.MainGroupId, f.ModifiedTime, f.PhoneNumber
        FROM 
with g as (
    insert into "Group" ("NickName",
                         "TaxationCountryId",
                         "DefaultLanguageId",
                         "BirthDate",
                         "Gender"
        )
        values ('friend-author-24-02d937cc40944081b71559cd135827ea',
                (select "Id" from "Country" where "ISOName" = 'usa'),
                (select "Id" from "Language" where "IsoCode" = 'eng'),
                '1992-10-05T00:00:00.0000000',
                1)
        returning *),
     u as (
         insert
             into "User" ("IdentityServerId", "Email", "DataCollection", "MainGroupId", "AnalyticsEnabled",
                          "PhoneNumber",
                          "CreatorPermissionLevel", "MainCharacterId")
                 select uuid_generate_v4(),
                        'friend-author-24-02d937cc40944081b71559cd135827ea@frever-test.com',
                        true,
                        g."Id",
                        true,
                        null,
                        array []::bigint[],
                        111
                 from g
                 returning *),
     activity as (
         insert into "UserActivity" ("GroupId", "OccurredAt", "ActionType")
             select g."Id", null, 'Login'
             from g
             where null is not null)
select *
from u;), 
    null, 
    List&lt;string&gt; { "Id", "AnalyticsEnabled", "AppleId", "CreatedTime", "CreatorPermissionLevel", "DataCollection", "Email", "GoogleId", "IdentityServerId", "IsFeatured", "MainCharacterId", "MainGroupId", "ModifiedTime", "PhoneNumber" }, 
    Func&lt;QueryContext, DbDataReader, int[], User&gt;, 
    Frever.Common.IntegrationTesting.TestReadWriteDbContext, 
    False, 
    False, 
    True
)'
Debug [20103]: Creating DbCommand for 'ExecuteReader'.
Debug [20104]: Created DbCommand for 'ExecuteReader' (0ms).
Debug [20106]: Initialized DbCommand for 'ExecuteReader' (0ms).
Debug [20100]: Executing DbCommand [Parameters=[], CommandType='Text', CommandTimeout='60']

with g as (
    insert into "Group" ("NickName",
                         "TaxationCountryId",
                         "DefaultLanguageId",
                         "BirthDate",
                         "Gender"
        )
        values ('friend-author-24-02d937cc40944081b71559cd135827ea',
                (select "Id" from "Country" where "ISOName" = 'usa'),
                (select "Id" from "Language" where "IsoCode" = 'eng'),
                '1992-10-05T00:00:00.0000000',
                1)
        returning *),
     u as (
         insert
             into "User" ("IdentityServerId", "Email", "DataCollection", "MainGroupId", "AnalyticsEnabled",
                          "PhoneNumber",
                          "CreatorPermissionLevel", "MainCharacterId")
                 select uuid_generate_v4(),
                        'friend-author-24-02d937cc40944081b71559cd135827ea@frever-test.com',
                        true,
                        g."Id",
                        true,
                        null,
                        array []::bigint[],
                        111
                 from g
                 returning *),
     activity as (
         insert into "UserActivity" ("GroupId", "OccurredAt", "ActionType")
             select g."Id", null, 'Login'
             from g
             where null is not null)
select *
from u;
Information [20101]: Executed DbCommand (1ms) [Parameters=[], CommandType='Text', CommandTimeout='60']

with g as (
    insert into "Group" ("NickName",
                         "TaxationCountryId",
                         "DefaultLanguageId",
                         "BirthDate",
                         "Gender"
        )
        values ('friend-author-24-02d937cc40944081b71559cd135827ea',
                (select "Id" from "Country" where "ISOName" = 'usa'),
                (select "Id" from "Language" where "IsoCode" = 'eng'),
                '1992-10-05T00:00:00.0000000',
                1)
        returning *),
     u as (
         insert
             into "User" ("IdentityServerId", "Email", "DataCollection", "MainGroupId", "AnalyticsEnabled",
                          "PhoneNumber",
                          "CreatorPermissionLevel", "MainCharacterId")
                 select uuid_generate_v4(),
                        'friend-author-24-02d937cc40944081b71559cd135827ea@frever-test.com',
                        true,
                        g."Id",
                        true,
                        null,
                        array []::bigint[],
                        111
                 from g
                 returning *),
     activity as (
         insert into "UserActivity" ("GroupId", "OccurredAt", "ActionType")
             select g."Id", null, 'Login'
             from g
             where null is not null)
select *
from u;
Debug [10806]: Context 'TestReadWriteDbContext' started tracking 'User' entity with key '{Id: 189646}'.
Debug [20301]: Closing data reader to 'frevertest' on server 'tcp://postgres-frever-it:5432'.
Debug [20300]: A data reader for 'frevertest' on server 'tcp://postgres-frever-it:5432' is being disposed after spending 0ms reading results.
Debug [10111]: Compiling query expression: 
'DbSet&lt;User&gt;().FromSql(
with g as (
    insert into "Group" ("NickName",
                         "TaxationCountryId",
                         "DefaultLanguageId",
                         "BirthDate",
                         "Gender"
        )
        values ('friend-author-25-b022e3da1bd4472183f0b02d093573ed',
                (select "Id" from "Country" where "ISOName" = 'usa'),
                (select "Id" from "Language" where "IsoCode" = 'eng'),
                '1992-07-01T00:00:00.0000000',
                1)
        returning *),
     u as (
         insert
             into "User" ("IdentityServerId", "Email", "DataCollection", "MainGroupId", "AnalyticsEnabled",
                          "PhoneNumber",
                          "CreatorPermissionLevel", "MainCharacterId")
                 select uuid_generate_v4(),
                        'friend-author-25-b022e3da1bd4472183f0b02d093573ed@frever-test.com',
                        true,
                        g."Id",
                        true,
                        null,
                        array []::bigint[],
                        111
                 from g
                 returning *),
     activity as (
         insert into "UserActivity" ("GroupId", "OccurredAt", "ActionType")
             select g."Id", null, 'Login'
             from g
             where null is not null)
select *
from u;, __p_0)
'
Debug [10107]: Generated query execution expression: 
'queryContext =&gt; new FromSqlQueryingEnumerable&lt;User&gt;(
    (RelationalQueryContext)queryContext, 
    RelationalCommandCache.QueryExpression(
        Projection Mapping:
            EmptyProjectionMember -&gt; Dictionary&lt;IProperty, int&gt; { [Property: User.Id (long) Required PK AfterSave:Throw ValueGenerated.OnAdd, 0], [Property: User.AnalyticsEnabled (bool) Required, 1], [Property: User.AppleId (string), 2], [Property: User.CreatedTime (DateTime) Required ValueGenerated.OnAdd, 3], [Property: User.CreatorPermissionLevel (long[]) Element type: long Required, 4], [Property: User.DataCollection (bool?), 5], [Property: User.Email (string) Index, 6], [Property: User.GoogleId (string), 7], [Property: User.IdentityServerId (Guid) Required Index, 8], [Property: User.IsFeatured (bool) Required, 9], [Property: User.MainCharacterId (long?) FK Index, 10], [Property: User.MainGroupId (long) Required FK Index, 11], [Property: User.ModifiedTime (DateTime) Required, 12], [Property: User.PhoneNumber (string) Index, 13] }
        SELECT f.Id, f.AnalyticsEnabled, f.AppleId, f.CreatedTime, f.CreatorPermissionLevel, f.DataCollection, f.Email, f.GoogleId, f.IdentityServerId, f.IsFeatured, f.MainCharacterId, f.MainGroupId, f.ModifiedTime, f.PhoneNumber
        FROM 
with g as (
    insert into "Group" ("NickName",
                         "TaxationCountryId",
                         "DefaultLanguageId",
                         "BirthDate",
                         "Gender"
        )
        values ('friend-author-25-b022e3da1bd4472183f0b02d093573ed',
                (select "Id" from "Country" where "ISOName" = 'usa'),
                (select "Id" from "Language" where "IsoCode" = 'eng'),
                '1992-07-01T00:00:00.0000000',
                1)
        returning *),
     u as (
         insert
             into "User" ("IdentityServerId", "Email", "DataCollection", "MainGroupId", "AnalyticsEnabled",
                          "PhoneNumber",
                          "CreatorPermissionLevel", "MainCharacterId")
                 select uuid_generate_v4(),
                        'friend-author-25-b022e3da1bd4472183f0b02d093573ed@frever-test.com',
                        true,
                        g."Id",
                        true,
                        null,
                        array []::bigint[],
                        111
                 from g
                 returning *),
     activity as (
         insert into "UserActivity" ("GroupId", "OccurredAt", "ActionType")
             select g."Id", null, 'Login'
             from g
             where null is not null)
select *
from u;), 
    null, 
    List&lt;string&gt; { "Id", "AnalyticsEnabled", "AppleId", "CreatedTime", "CreatorPermissionLevel", "DataCollection", "Email", "GoogleId", "IdentityServerId", "IsFeatured", "MainCharacterId", "MainGroupId", "ModifiedTime", "PhoneNumber" }, 
    Func&lt;QueryContext, DbDataReader, int[], User&gt;, 
    Frever.Common.IntegrationTesting.TestReadWriteDbContext, 
    False, 
    False, 
    True
)'
Debug [20103]: Creating DbCommand for 'ExecuteReader'.
Debug [20104]: Created DbCommand for 'ExecuteReader' (0ms).
Debug [20106]: Initialized DbCommand for 'ExecuteReader' (0ms).
Debug [20100]: Executing DbCommand [Parameters=[], CommandType='Text', CommandTimeout='60']

with g as (
    insert into "Group" ("NickName",
                         "TaxationCountryId",
                         "DefaultLanguageId",
                         "BirthDate",
                         "Gender"
        )
        values ('friend-author-25-b022e3da1bd4472183f0b02d093573ed',
                (select "Id" from "Country" where "ISOName" = 'usa'),
                (select "Id" from "Language" where "IsoCode" = 'eng'),
                '1992-07-01T00:00:00.0000000',
                1)
        returning *),
     u as (
         insert
             into "User" ("IdentityServerId", "Email", "DataCollection", "MainGroupId", "AnalyticsEnabled",
                          "PhoneNumber",
                          "CreatorPermissionLevel", "MainCharacterId")
                 select uuid_generate_v4(),
                        'friend-author-25-b022e3da1bd4472183f0b02d093573ed@frever-test.com',
                        true,
                        g."Id",
                        true,
                        null,
                        array []::bigint[],
                        111
                 from g
                 returning *),
     activity as (
         insert into "UserActivity" ("GroupId", "OccurredAt", "ActionType")
             select g."Id", null, 'Login'
             from g
             where null is not null)
select *
from u;
Information [20101]: Executed DbCommand (1ms) [Parameters=[], CommandType='Text', CommandTimeout='60']

with g as (
    insert into "Group" ("NickName",
                         "TaxationCountryId",
                         "DefaultLanguageId",
                         "BirthDate",
                         "Gender"
        )
        values ('friend-author-25-b022e3da1bd4472183f0b02d093573ed',
                (select "Id" from "Country" where "ISOName" = 'usa'),
                (select "Id" from "Language" where "IsoCode" = 'eng'),
                '1992-07-01T00:00:00.0000000',
                1)
        returning *),
     u as (
         insert
             into "User" ("IdentityServerId", "Email", "DataCollection", "MainGroupId", "AnalyticsEnabled",
                          "PhoneNumber",
                          "CreatorPermissionLevel", "MainCharacterId")
                 select uuid_generate_v4(),
                        'friend-author-25-b022e3da1bd4472183f0b02d093573ed@frever-test.com',
                        true,
                        g."Id",
                        true,
                        null,
                        array []::bigint[],
                        111
                 from g
                 returning *),
     activity as (
         insert into "UserActivity" ("GroupId", "OccurredAt", "ActionType")
             select g."Id", null, 'Login'
             from g
             where null is not null)
select *
from u;
Debug [10806]: Context 'TestReadWriteDbContext' started tracking 'User' entity with key '{Id: 189647}'.
Debug [20301]: Closing data reader to 'frevertest' on server 'tcp://postgres-frever-it:5432'.
Debug [20300]: A data reader for 'frevertest' on server 'tcp://postgres-frever-it:5432' is being disposed after spending 0ms reading results.
Debug [10111]: Compiling query expression: 
'DbSet&lt;User&gt;().FromSql(
with g as (
    insert into "Group" ("NickName",
                         "TaxationCountryId",
                         "DefaultLanguageId",
                         "BirthDate",
                         "Gender"
        )
        values ('friend-author-26-9d63841ed09646b18bd8bb0d5941af46',
                (select "Id" from "Country" where "ISOName" = 'usa'),
                (select "Id" from "Language" where "IsoCode" = 'eng'),
                '1991-02-26T00:00:00.0000000',
                1)
        returning *),
     u as (
         insert
             into "User" ("IdentityServerId", "Email", "DataCollection", "MainGroupId", "AnalyticsEnabled",
                          "PhoneNumber",
                          "CreatorPermissionLevel", "MainCharacterId")
                 select uuid_generate_v4(),
                        'friend-author-26-9d63841ed09646b18bd8bb0d5941af46@frever-test.com',
                        true,
                        g."Id",
                        true,
                        null,
                        array []::bigint[],
                        111
                 from g
                 returning *),
     activity as (
         insert into "UserActivity" ("GroupId", "OccurredAt", "ActionType")
             select g."Id", null, 'Login'
             from g
             where null is not null)
select *
from u;, __p_0)
'
Debug [10107]: Generated query execution expression: 
'queryContext =&gt; new FromSqlQueryingEnumerable&lt;User&gt;(
    (RelationalQueryContext)queryContext, 
    RelationalCommandCache.QueryExpression(
        Projection Mapping:
            EmptyProjectionMember -&gt; Dictionary&lt;IProperty, int&gt; { [Property: User.Id (long) Required PK AfterSave:Throw ValueGenerated.OnAdd, 0], [Property: User.AnalyticsEnabled (bool) Required, 1], [Property: User.AppleId (string), 2], [Property: User.CreatedTime (DateTime) Required ValueGenerated.OnAdd, 3], [Property: User.CreatorPermissionLevel (long[]) Element type: long Required, 4], [Property: User.DataCollection (bool?), 5], [Property: User.Email (string) Index, 6], [Property: User.GoogleId (string), 7], [Property: User.IdentityServerId (Guid) Required Index, 8], [Property: User.IsFeatured (bool) Required, 9], [Property: User.MainCharacterId (long?) FK Index, 10], [Property: User.MainGroupId (long) Required FK Index, 11], [Property: User.ModifiedTime (DateTime) Required, 12], [Property: User.PhoneNumber (string) Index, 13] }
        SELECT f.Id, f.AnalyticsEnabled, f.AppleId, f.CreatedTime, f.CreatorPermissionLevel, f.DataCollection, f.Email, f.GoogleId, f.IdentityServerId, f.IsFeatured, f.MainCharacterId, f.MainGroupId, f.ModifiedTime, f.PhoneNumber
        FROM 
with g as (
    insert into "Group" ("NickName",
                         "TaxationCountryId",
                         "DefaultLanguageId",
                         "BirthDate",
                         "Gender"
        )
        values ('friend-author-26-9d63841ed09646b18bd8bb0d5941af46',
                (select "Id" from "Country" where "ISOName" = 'usa'),
                (select "Id" from "Language" where "IsoCode" = 'eng'),
                '1991-02-26T00:00:00.0000000',
                1)
        returning *),
     u as (
         insert
             into "User" ("IdentityServerId", "Email", "DataCollection", "MainGroupId", "AnalyticsEnabled",
                          "PhoneNumber",
                          "CreatorPermissionLevel", "MainCharacterId")
                 select uuid_generate_v4(),
                        'friend-author-26-9d63841ed09646b18bd8bb0d5941af46@frever-test.com',
                        true,
                        g."Id",
                        true,
                        null,
                        array []::bigint[],
                        111
                 from g
                 returning *),
     activity as (
         insert into "UserActivity" ("GroupId", "OccurredAt", "ActionType")
             select g."Id", null, 'Login'
             from g
             where null is not null)
select *
from u;), 
    null, 
    List&lt;string&gt; { "Id", "AnalyticsEnabled", "AppleId", "CreatedTime", "CreatorPermissionLevel", "DataCollection", "Email", "GoogleId", "IdentityServerId", "IsFeatured", "MainCharacterId", "MainGroupId", "ModifiedTime", "PhoneNumber" }, 
    Func&lt;QueryContext, DbDataReader, int[], User&gt;, 
    Frever.Common.IntegrationTesting.TestReadWriteDbContext, 
    False, 
    False, 
    True
)'
Debug [20103]: Creating DbCommand for 'ExecuteReader'.
Debug [20104]: Created DbCommand for 'ExecuteReader' (0ms).
Debug [20106]: Initialized DbCommand for 'ExecuteReader' (0ms).
Debug [20100]: Executing DbCommand [Parameters=[], CommandType='Text', CommandTimeout='60']

with g as (
    insert into "Group" ("NickName",
                         "TaxationCountryId",
                         "DefaultLanguageId",
                         "BirthDate",
                         "Gender"
        )
        values ('friend-author-26-9d63841ed09646b18bd8bb0d5941af46',
                (select "Id" from "Country" where "ISOName" = 'usa'),
                (select "Id" from "Language" where "IsoCode" = 'eng'),
                '1991-02-26T00:00:00.0000000',
                1)
        returning *),
     u as (
         insert
             into "User" ("IdentityServerId", "Email", "DataCollection", "MainGroupId", "AnalyticsEnabled",
                          "PhoneNumber",
                          "CreatorPermissionLevel", "MainCharacterId")
                 select uuid_generate_v4(),
                        'friend-author-26-9d63841ed09646b18bd8bb0d5941af46@frever-test.com',
                        true,
                        g."Id",
                        true,
                        null,
                        array []::bigint[],
                        111
                 from g
                 returning *),
     activity as (
         insert into "UserActivity" ("GroupId", "OccurredAt", "ActionType")
             select g."Id", null, 'Login'
             from g
             where null is not null)
select *
from u;
Information [20101]: Executed DbCommand (1ms) [Parameters=[], CommandType='Text', CommandTimeout='60']

with g as (
    insert into "Group" ("NickName",
                         "TaxationCountryId",
                         "DefaultLanguageId",
                         "BirthDate",
                         "Gender"
        )
        values ('friend-author-26-9d63841ed09646b18bd8bb0d5941af46',
                (select "Id" from "Country" where "ISOName" = 'usa'),
                (select "Id" from "Language" where "IsoCode" = 'eng'),
                '1991-02-26T00:00:00.0000000',
                1)
        returning *),
     u as (
         insert
             into "User" ("IdentityServerId", "Email", "DataCollection", "MainGroupId", "AnalyticsEnabled",
                          "PhoneNumber",
                          "CreatorPermissionLevel", "MainCharacterId")
                 select uuid_generate_v4(),
                        'friend-author-26-9d63841ed09646b18bd8bb0d5941af46@frever-test.com',
                        true,
                        g."Id",
                        true,
                        null,
                        array []::bigint[],
                        111
                 from g
                 returning *),
     activity as (
         insert into "UserActivity" ("GroupId", "OccurredAt", "ActionType")
             select g."Id", null, 'Login'
             from g
             where null is not null)
select *
from u;
Debug [10806]: Context 'TestReadWriteDbContext' started tracking 'User' entity with key '{Id: 189648}'.
Debug [20301]: Closing data reader to 'frevertest' on server 'tcp://postgres-frever-it:5432'.
Debug [20300]: A data reader for 'frevertest' on server 'tcp://postgres-frever-it:5432' is being disposed after spending 0ms reading results.
Debug [10111]: Compiling query expression: 
'DbSet&lt;User&gt;().FromSql(
with g as (
    insert into "Group" ("NickName",
                         "TaxationCountryId",
                         "DefaultLanguageId",
                         "BirthDate",
                         "Gender"
        )
        values ('friend-author-27-132573fc68124bf78c39f11331748447',
                (select "Id" from "Country" where "ISOName" = 'usa'),
                (select "Id" from "Language" where "IsoCode" = 'eng'),
                '1991-03-06T00:00:00.0000000',
                1)
        returning *),
     u as (
         insert
             into "User" ("IdentityServerId", "Email", "DataCollection", "MainGroupId", "AnalyticsEnabled",
                          "PhoneNumber",
                          "CreatorPermissionLevel", "MainCharacterId")
                 select uuid_generate_v4(),
                        'friend-author-27-132573fc68124bf78c39f11331748447@frever-test.com',
                        true,
                        g."Id",
                        true,
                        null,
                        array []::bigint[],
                        111
                 from g
                 returning *),
     activity as (
         insert into "UserActivity" ("GroupId", "OccurredAt", "ActionType")
             select g."Id", null, 'Login'
             from g
             where null is not null)
select *
from u;, __p_0)
'
Debug [10107]: Generated query execution expression: 
'queryContext =&gt; new FromSqlQueryingEnumerable&lt;User&gt;(
    (RelationalQueryContext)queryContext, 
    RelationalCommandCache.QueryExpression(
        Projection Mapping:
            EmptyProjectionMember -&gt; Dictionary&lt;IProperty, int&gt; { [Property: User.Id (long) Required PK AfterSave:Throw ValueGenerated.OnAdd, 0], [Property: User.AnalyticsEnabled (bool) Required, 1], [Property: User.AppleId (string), 2], [Property: User.CreatedTime (DateTime) Required ValueGenerated.OnAdd, 3], [Property: User.CreatorPermissionLevel (long[]) Element type: long Required, 4], [Property: User.DataCollection (bool?), 5], [Property: User.Email (string) Index, 6], [Property: User.GoogleId (string), 7], [Property: User.IdentityServerId (Guid) Required Index, 8], [Property: User.IsFeatured (bool) Required, 9], [Property: User.MainCharacterId (long?) FK Index, 10], [Property: User.MainGroupId (long) Required FK Index, 11], [Property: User.ModifiedTime (DateTime) Required, 12], [Property: User.PhoneNumber (string) Index, 13] }
        SELECT f.Id, f.AnalyticsEnabled, f.AppleId, f.CreatedTime, f.CreatorPermissionLevel, f.DataCollection, f.Email, f.GoogleId, f.IdentityServerId, f.IsFeatured, f.MainCharacterId, f.MainGroupId, f.ModifiedTime, f.PhoneNumber
        FROM 
with g as (
    insert into "Group" ("NickName",
                         "TaxationCountryId",
                         "DefaultLanguageId",
                         "BirthDate",
                         "Gender"
        )
        values ('friend-author-27-132573fc68124bf78c39f11331748447',
                (select "Id" from "Country" where "ISOName" = 'usa'),
                (select "Id" from "Language" where "IsoCode" = 'eng'),
                '1991-03-06T00:00:00.0000000',
                1)
        returning *),
     u as (
         insert
             into "User" ("IdentityServerId", "Email", "DataCollection", "MainGroupId", "AnalyticsEnabled",
                          "PhoneNumber",
                          "CreatorPermissionLevel", "MainCharacterId")
                 select uuid_generate_v4(),
                        'friend-author-27-132573fc68124bf78c39f11331748447@frever-test.com',
                        true,
                        g."Id",
                        true,
                        null,
                        array []::bigint[],
                        111
                 from g
                 returning *),
     activity as (
         insert into "UserActivity" ("GroupId", "OccurredAt", "ActionType")
             select g."Id", null, 'Login'
             from g
             where null is not null)
select *
from u;), 
    null, 
    List&lt;string&gt; { "Id", "AnalyticsEnabled", "AppleId", "CreatedTime", "CreatorPermissionLevel", "DataCollection", "Email", "GoogleId", "IdentityServerId", "IsFeatured", "MainCharacterId", "MainGroupId", "ModifiedTime", "PhoneNumber" }, 
    Func&lt;QueryContext, DbDataReader, int[], User&gt;, 
    Frever.Common.IntegrationTesting.TestReadWriteDbContext, 
    False, 
    False, 
    True
)'
Debug [20103]: Creating DbCommand for 'ExecuteReader'.
Debug [20104]: Created DbCommand for 'ExecuteReader' (0ms).
Debug [20106]: Initialized DbCommand for 'ExecuteReader' (0ms).
Debug [20100]: Executing DbCommand [Parameters=[], CommandType='Text', CommandTimeout='60']

with g as (
    insert into "Group" ("NickName",
                         "TaxationCountryId",
                         "DefaultLanguageId",
                         "BirthDate",
                         "Gender"
        )
        values ('friend-author-27-132573fc68124bf78c39f11331748447',
                (select "Id" from "Country" where "ISOName" = 'usa'),
                (select "Id" from "Language" where "IsoCode" = 'eng'),
                '1991-03-06T00:00:00.0000000',
                1)
        returning *),
     u as (
         insert
             into "User" ("IdentityServerId", "Email", "DataCollection", "MainGroupId", "AnalyticsEnabled",
                          "PhoneNumber",
                          "CreatorPermissionLevel", "MainCharacterId")
                 select uuid_generate_v4(),
                        'friend-author-27-132573fc68124bf78c39f11331748447@frever-test.com',
                        true,
                        g."Id",
                        true,
                        null,
                        array []::bigint[],
                        111
                 from g
                 returning *),
     activity as (
         insert into "UserActivity" ("GroupId", "OccurredAt", "ActionType")
             select g."Id", null, 'Login'
             from g
             where null is not null)
select *
from u;
Information [20101]: Executed DbCommand (1ms) [Parameters=[], CommandType='Text', CommandTimeout='60']

with g as (
    insert into "Group" ("NickName",
                         "TaxationCountryId",
                         "DefaultLanguageId",
                         "BirthDate",
                         "Gender"
        )
        values ('friend-author-27-132573fc68124bf78c39f11331748447',
                (select "Id" from "Country" where "ISOName" = 'usa'),
                (select "Id" from "Language" where "IsoCode" = 'eng'),
                '1991-03-06T00:00:00.0000000',
                1)
        returning *),
     u as (
         insert
             into "User" ("IdentityServerId", "Email", "DataCollection", "MainGroupId", "AnalyticsEnabled",
                          "PhoneNumber",
                          "CreatorPermissionLevel", "MainCharacterId")
                 select uuid_generate_v4(),
                        'friend-author-27-132573fc68124bf78c39f11331748447@frever-test.com',
                        true,
                        g."Id",
                        true,
                        null,
                        array []::bigint[],
                        111
                 from g
                 returning *),
     activity as (
         insert into "UserActivity" ("GroupId", "OccurredAt", "ActionType")
             select g."Id", null, 'Login'
             from g
             where null is not null)
select *
from u;
Debug [10806]: Context 'TestReadWriteDbContext' started tracking 'User' entity with key '{Id: 189649}'.
Debug [20301]: Closing data reader to 'frevertest' on server 'tcp://postgres-frever-it:5432'.
Debug [20300]: A data reader for 'frevertest' on server 'tcp://postgres-frever-it:5432' is being disposed after spending 0ms reading results.
Debug [10111]: Compiling query expression: 
'DbSet&lt;User&gt;().FromSql(
with g as (
    insert into "Group" ("NickName",
                         "TaxationCountryId",
                         "DefaultLanguageId",
                         "BirthDate",
                         "Gender"
        )
        values ('friend-author-28-4f7e8584e49645c8a318483f67e9ef87',
                (select "Id" from "Country" where "ISOName" = 'usa'),
                (select "Id" from "Language" where "IsoCode" = 'eng'),
                '1991-09-24T00:00:00.0000000',
                1)
        returning *),
     u as (
         insert
             into "User" ("IdentityServerId", "Email", "DataCollection", "MainGroupId", "AnalyticsEnabled",
                          "PhoneNumber",
                          "CreatorPermissionLevel", "MainCharacterId")
                 select uuid_generate_v4(),
                        'friend-author-28-4f7e8584e49645c8a318483f67e9ef87@frever-test.com',
                        true,
                        g."Id",
                        true,
                        null,
                        array []::bigint[],
                        111
                 from g
                 returning *),
     activity as (
         insert into "UserActivity" ("GroupId", "OccurredAt", "ActionType")
             select g."Id", null, 'Login'
             from g
             where null is not null)
select *
from u;, __p_0)
'
Debug [10107]: Generated query execution expression: 
'queryContext =&gt; new FromSqlQueryingEnumerable&lt;User&gt;(
    (RelationalQueryContext)queryContext, 
    RelationalCommandCache.QueryExpression(
        Projection Mapping:
            EmptyProjectionMember -&gt; Dictionary&lt;IProperty, int&gt; { [Property: User.Id (long) Required PK AfterSave:Throw ValueGenerated.OnAdd, 0], [Property: User.AnalyticsEnabled (bool) Required, 1], [Property: User.AppleId (string), 2], [Property: User.CreatedTime (DateTime) Required ValueGenerated.OnAdd, 3], [Property: User.CreatorPermissionLevel (long[]) Element type: long Required, 4], [Property: User.DataCollection (bool?), 5], [Property: User.Email (string) Index, 6], [Property: User.GoogleId (string), 7], [Property: User.IdentityServerId (Guid) Required Index, 8], [Property: User.IsFeatured (bool) Required, 9], [Property: User.MainCharacterId (long?) FK Index, 10], [Property: User.MainGroupId (long) Required FK Index, 11], [Property: User.ModifiedTime (DateTime) Required, 12], [Property: User.PhoneNumber (string) Index, 13] }
        SELECT f.Id, f.AnalyticsEnabled, f.AppleId, f.CreatedTime, f.CreatorPermissionLevel, f.DataCollection, f.Email, f.GoogleId, f.IdentityServerId, f.IsFeatured, f.MainCharacterId, f.MainGroupId, f.ModifiedTime, f.PhoneNumber
        FROM 
with g as (
    insert into "Group" ("NickName",
                         "TaxationCountryId",
                         "DefaultLanguageId",
                         "BirthDate",
                         "Gender"
        )
        values ('friend-author-28-4f7e8584e49645c8a318483f67e9ef87',
                (select "Id" from "Country" where "ISOName" = 'usa'),
                (select "Id" from "Language" where "IsoCode" = 'eng'),
                '1991-09-24T00:00:00.0000000',
                1)
        returning *),
     u as (
         insert
             into "User" ("IdentityServerId", "Email", "DataCollection", "MainGroupId", "AnalyticsEnabled",
                          "PhoneNumber",
                          "CreatorPermissionLevel", "MainCharacterId")
                 select uuid_generate_v4(),
                        'friend-author-28-4f7e8584e49645c8a318483f67e9ef87@frever-test.com',
                        true,
                        g."Id",
                        true,
                        null,
                        array []::bigint[],
                        111
                 from g
                 returning *),
     activity as (
         insert into "UserActivity" ("GroupId", "OccurredAt", "ActionType")
             select g."Id", null, 'Login'
             from g
             where null is not null)
select *
from u;), 
    null, 
    List&lt;string&gt; { "Id", "AnalyticsEnabled", "AppleId", "CreatedTime", "CreatorPermissionLevel", "DataCollection", "Email", "GoogleId", "IdentityServerId", "IsFeatured", "MainCharacterId", "MainGroupId", "ModifiedTime", "PhoneNumber" }, 
    Func&lt;QueryContext, DbDataReader, int[], User&gt;, 
    Frever.Common.IntegrationTesting.TestReadWriteDbContext, 
    False, 
    False, 
    True
)'
Debug [20103]: Creating DbCommand for 'ExecuteReader'.
Debug [20104]: Created DbCommand for 'ExecuteReader' (0ms).
Debug [20106]: Initialized DbCommand for 'ExecuteReader' (0ms).
Debug [20100]: Executing DbCommand [Parameters=[], CommandType='Text', CommandTimeout='60']

with g as (
    insert into "Group" ("NickName",
                         "TaxationCountryId",
                         "DefaultLanguageId",
                         "BirthDate",
                         "Gender"
        )
        values ('friend-author-28-4f7e8584e49645c8a318483f67e9ef87',
                (select "Id" from "Country" where "ISOName" = 'usa'),
                (select "Id" from "Language" where "IsoCode" = 'eng'),
                '1991-09-24T00:00:00.0000000',
                1)
        returning *),
     u as (
         insert
             into "User" ("IdentityServerId", "Email", "DataCollection", "MainGroupId", "AnalyticsEnabled",
                          "PhoneNumber",
                          "CreatorPermissionLevel", "MainCharacterId")
                 select uuid_generate_v4(),
                        'friend-author-28-4f7e8584e49645c8a318483f67e9ef87@frever-test.com',
                        true,
                        g."Id",
                        true,
                        null,
                        array []::bigint[],
                        111
                 from g
                 returning *),
     activity as (
         insert into "UserActivity" ("GroupId", "OccurredAt", "ActionType")
             select g."Id", null, 'Login'
             from g
             where null is not null)
select *
from u;
Information [20101]: Executed DbCommand (1ms) [Parameters=[], CommandType='Text', CommandTimeout='60']

with g as (
    insert into "Group" ("NickName",
                         "TaxationCountryId",
                         "DefaultLanguageId",
                         "BirthDate",
                         "Gender"
        )
        values ('friend-author-28-4f7e8584e49645c8a318483f67e9ef87',
                (select "Id" from "Country" where "ISOName" = 'usa'),
                (select "Id" from "Language" where "IsoCode" = 'eng'),
                '1991-09-24T00:00:00.0000000',
                1)
        returning *),
     u as (
         insert
             into "User" ("IdentityServerId", "Email", "DataCollection", "MainGroupId", "AnalyticsEnabled",
                          "PhoneNumber",
                          "CreatorPermissionLevel", "MainCharacterId")
                 select uuid_generate_v4(),
                        'friend-author-28-4f7e8584e49645c8a318483f67e9ef87@frever-test.com',
                        true,
                        g."Id",
                        true,
                        null,
                        array []::bigint[],
                        111
                 from g
                 returning *),
     activity as (
         insert into "UserActivity" ("GroupId", "OccurredAt", "ActionType")
             select g."Id", null, 'Login'
             from g
             where null is not null)
select *
from u;
Debug [10806]: Context 'TestReadWriteDbContext' started tracking 'User' entity with key '{Id: 189650}'.
Debug [20301]: Closing data reader to 'frevertest' on server 'tcp://postgres-frever-it:5432'.
Debug [20300]: A data reader for 'frevertest' on server 'tcp://postgres-frever-it:5432' is being disposed after spending 0ms reading results.
Debug [10111]: Compiling query expression: 
'DbSet&lt;User&gt;().FromSql(
with g as (
    insert into "Group" ("NickName",
                         "TaxationCountryId",
                         "DefaultLanguageId",
                         "BirthDate",
                         "Gender"
        )
        values ('friend-author-29-4df2565fb4a64b1d8c23084d0f606b8d',
                (select "Id" from "Country" where "ISOName" = 'usa'),
                (select "Id" from "Language" where "IsoCode" = 'eng'),
                '1992-11-29T00:00:00.0000000',
                1)
        returning *),
     u as (
         insert
             into "User" ("IdentityServerId", "Email", "DataCollection", "MainGroupId", "AnalyticsEnabled",
                          "PhoneNumber",
                          "CreatorPermissionLevel", "MainCharacterId")
                 select uuid_generate_v4(),
                        'friend-author-29-4df2565fb4a64b1d8c23084d0f606b8d@frever-test.com',
                        true,
                        g."Id",
                        true,
                        null,
                        array []::bigint[],
                        111
                 from g
                 returning *),
     activity as (
         insert into "UserActivity" ("GroupId", "OccurredAt", "ActionType")
             select g."Id", null, 'Login'
             from g
             where null is not null)
select *
from u;, __p_0)
'
Debug [10107]: Generated query execution expression: 
'queryContext =&gt; new FromSqlQueryingEnumerable&lt;User&gt;(
    (RelationalQueryContext)queryContext, 
    RelationalCommandCache.QueryExpression(
        Projection Mapping:
            EmptyProjectionMember -&gt; Dictionary&lt;IProperty, int&gt; { [Property: User.Id (long) Required PK AfterSave:Throw ValueGenerated.OnAdd, 0], [Property: User.AnalyticsEnabled (bool) Required, 1], [Property: User.AppleId (string), 2], [Property: User.CreatedTime (DateTime) Required ValueGenerated.OnAdd, 3], [Property: User.CreatorPermissionLevel (long[]) Element type: long Required, 4], [Property: User.DataCollection (bool?), 5], [Property: User.Email (string) Index, 6], [Property: User.GoogleId (string), 7], [Property: User.IdentityServerId (Guid) Required Index, 8], [Property: User.IsFeatured (bool) Required, 9], [Property: User.MainCharacterId (long?) FK Index, 10], [Property: User.MainGroupId (long) Required FK Index, 11], [Property: User.ModifiedTime (DateTime) Required, 12], [Property: User.PhoneNumber (string) Index, 13] }
        SELECT f.Id, f.AnalyticsEnabled, f.AppleId, f.CreatedTime, f.CreatorPermissionLevel, f.DataCollection, f.Email, f.GoogleId, f.IdentityServerId, f.IsFeatured, f.MainCharacterId, f.MainGroupId, f.ModifiedTime, f.PhoneNumber
        FROM 
with g as (
    insert into "Group" ("NickName",
                         "TaxationCountryId",
                         "DefaultLanguageId",
                         "BirthDate",
                         "Gender"
        )
        values ('friend-author-29-4df2565fb4a64b1d8c23084d0f606b8d',
                (select "Id" from "Country" where "ISOName" = 'usa'),
                (select "Id" from "Language" where "IsoCode" = 'eng'),
                '1992-11-29T00:00:00.0000000',
                1)
        returning *),
     u as (
         insert
             into "User" ("IdentityServerId", "Email", "DataCollection", "MainGroupId", "AnalyticsEnabled",
                          "PhoneNumber",
                          "CreatorPermissionLevel", "MainCharacterId")
                 select uuid_generate_v4(),
                        'friend-author-29-4df2565fb4a64b1d8c23084d0f606b8d@frever-test.com',
                        true,
                        g."Id",
                        true,
                        null,
                        array []::bigint[],
                        111
                 from g
                 returning *),
     activity as (
         insert into "UserActivity" ("GroupId", "OccurredAt", "ActionType")
             select g."Id", null, 'Login'
             from g
             where null is not null)
select *
from u;), 
    null, 
    List&lt;string&gt; { "Id", "AnalyticsEnabled", "AppleId", "CreatedTime", "CreatorPermissionLevel", "DataCollection", "Email", "GoogleId", "IdentityServerId", "IsFeatured", "MainCharacterId", "MainGroupId", "ModifiedTime", "PhoneNumber" }, 
    Func&lt;QueryContext, DbDataReader, int[], User&gt;, 
    Frever.Common.IntegrationTesting.TestReadWriteDbContext, 
    False, 
    False, 
    True
)'
Debug [20103]: Creating DbCommand for 'ExecuteReader'.
Debug [20104]: Created DbCommand for 'ExecuteReader' (0ms).
Debug [20106]: Initialized DbCommand for 'ExecuteReader' (0ms).
Debug [20100]: Executing DbCommand [Parameters=[], CommandType='Text', CommandTimeout='60']

with g as (
    insert into "Group" ("NickName",
                         "TaxationCountryId",
                         "DefaultLanguageId",
                         "BirthDate",
                         "Gender"
        )
        values ('friend-author-29-4df2565fb4a64b1d8c23084d0f606b8d',
                (select "Id" from "Country" where "ISOName" = 'usa'),
                (select "Id" from "Language" where "IsoCode" = 'eng'),
                '1992-11-29T00:00:00.0000000',
                1)
        returning *),
     u as (
         insert
             into "User" ("IdentityServerId", "Email", "DataCollection", "MainGroupId", "AnalyticsEnabled",
                          "PhoneNumber",
                          "CreatorPermissionLevel", "MainCharacterId")
                 select uuid_generate_v4(),
                        'friend-author-29-4df2565fb4a64b1d8c23084d0f606b8d@frever-test.com',
                        true,
                        g."Id",
                        true,
                        null,
                        array []::bigint[],
                        111
                 from g
                 returning *),
     activity as (
         insert into "UserActivity" ("GroupId", "OccurredAt", "ActionType")
             select g."Id", null, 'Login'
             from g
             where null is not null)
select *
from u;
Information [20101]: Executed DbCommand (1ms) [Parameters=[], CommandType='Text', CommandTimeout='60']

with g as (
    insert into "Group" ("NickName",
                         "TaxationCountryId",
                         "DefaultLanguageId",
                         "BirthDate",
                         "Gender"
        )
        values ('friend-author-29-4df2565fb4a64b1d8c23084d0f606b8d',
                (select "Id" from "Country" where "ISOName" = 'usa'),
                (select "Id" from "Language" where "IsoCode" = 'eng'),
                '1992-11-29T00:00:00.0000000',
                1)
        returning *),
     u as (
         insert
             into "User" ("IdentityServerId", "Email", "DataCollection", "MainGroupId", "AnalyticsEnabled",
                          "PhoneNumber",
                          "CreatorPermissionLevel", "MainCharacterId")
                 select uuid_generate_v4(),
                        'friend-author-29-4df2565fb4a64b1d8c23084d0f606b8d@frever-test.com',
                        true,
                        g."Id",
                        true,
                        null,
                        array []::bigint[],
                        111
                 from g
                 returning *),
     activity as (
         insert into "UserActivity" ("GroupId", "OccurredAt", "ActionType")
             select g."Id", null, 'Login'
             from g
             where null is not null)
select *
from u;
Debug [10806]: Context 'TestReadWriteDbContext' started tracking 'User' entity with key '{Id: 189651}'.
Debug [20301]: Closing data reader to 'frevertest' on server 'tcp://postgres-frever-it:5432'.
Debug [20300]: A data reader for 'frevertest' on server 'tcp://postgres-frever-it:5432' is being disposed after spending 0ms reading results.
Debug [10111]: Compiling query expression: 
'DbSet&lt;User&gt;().FromSql(
with g as (
    insert into "Group" ("NickName",
                         "TaxationCountryId",
                         "DefaultLanguageId",
                         "BirthDate",
                         "Gender"
        )
        values ('friend-author-30-82651f4e1fe64e5eb14847be113d1c9b',
                (select "Id" from "Country" where "ISOName" = 'usa'),
                (select "Id" from "Language" where "IsoCode" = 'eng'),
                '1993-06-11T00:00:00.0000000',
                1)
        returning *),
     u as (
         insert
             into "User" ("IdentityServerId", "Email", "DataCollection", "MainGroupId", "AnalyticsEnabled",
                          "PhoneNumber",
                          "CreatorPermissionLevel", "MainCharacterId")
                 select uuid_generate_v4(),
                        'friend-author-30-82651f4e1fe64e5eb14847be113d1c9b@frever-test.com',
                        true,
                        g."Id",
                        true,
                        null,
                        array []::bigint[],
                        111
                 from g
                 returning *),
     activity as (
         insert into "UserActivity" ("GroupId", "OccurredAt", "ActionType")
             select g."Id", null, 'Login'
             from g
             where null is not null)
select *
from u;, __p_0)
'
Debug [10107]: Generated query execution expression: 
'queryContext =&gt; new FromSqlQueryingEnumerable&lt;User&gt;(
    (RelationalQueryContext)queryContext, 
    RelationalCommandCache.QueryExpression(
        Projection Mapping:
            EmptyProjectionMember -&gt; Dictionary&lt;IProperty, int&gt; { [Property: User.Id (long) Required PK AfterSave:Throw ValueGenerated.OnAdd, 0], [Property: User.AnalyticsEnabled (bool) Required, 1], [Property: User.AppleId (string), 2], [Property: User.CreatedTime (DateTime) Required ValueGenerated.OnAdd, 3], [Property: User.CreatorPermissionLevel (long[]) Element type: long Required, 4], [Property: User.DataCollection (bool?), 5], [Property: User.Email (string) Index, 6], [Property: User.GoogleId (string), 7], [Property: User.IdentityServerId (Guid) Required Index, 8], [Property: User.IsFeatured (bool) Required, 9], [Property: User.MainCharacterId (long?) FK Index, 10], [Property: User.MainGroupId (long) Required FK Index, 11], [Property: User.ModifiedTime (DateTime) Required, 12], [Property: User.PhoneNumber (string) Index, 13] }
        SELECT f.Id, f.AnalyticsEnabled, f.AppleId, f.CreatedTime, f.CreatorPermissionLevel, f.DataCollection, f.Email, f.GoogleId, f.IdentityServerId, f.IsFeatured, f.MainCharacterId, f.MainGroupId, f.ModifiedTime, f.PhoneNumber
        FROM 
with g as (
    insert into "Group" ("NickName",
                         "TaxationCountryId",
                         "DefaultLanguageId",
                         "BirthDate",
                         "Gender"
        )
        values ('friend-author-30-82651f4e1fe64e5eb14847be113d1c9b',
                (select "Id" from "Country" where "ISOName" = 'usa'),
                (select "Id" from "Language" where "IsoCode" = 'eng'),
                '1993-06-11T00:00:00.0000000',
                1)
        returning *),
     u as (
         insert
             into "User" ("IdentityServerId", "Email", "DataCollection", "MainGroupId", "AnalyticsEnabled",
                          "PhoneNumber",
                          "CreatorPermissionLevel", "MainCharacterId")
                 select uuid_generate_v4(),
                        'friend-author-30-82651f4e1fe64e5eb14847be113d1c9b@frever-test.com',
                        true,
                        g."Id",
                        true,
                        null,
                        array []::bigint[],
                        111
                 from g
                 returning *),
     activity as (
         insert into "UserActivity" ("GroupId", "OccurredAt", "ActionType")
             select g."Id", null, 'Login'
             from g
             where null is not null)
select *
from u;), 
    null, 
    List&lt;string&gt; { "Id", "AnalyticsEnabled", "AppleId", "CreatedTime", "CreatorPermissionLevel", "DataCollection", "Email", "GoogleId", "IdentityServerId", "IsFeatured", "MainCharacterId", "MainGroupId", "ModifiedTime", "PhoneNumber" }, 
    Func&lt;QueryContext, DbDataReader, int[], User&gt;, 
    Frever.Common.IntegrationTesting.TestReadWriteDbContext, 
    False, 
    False, 
    True
)'
Debug [20103]: Creating DbCommand for 'ExecuteReader'.
Debug [20104]: Created DbCommand for 'ExecuteReader' (0ms).
Debug [20106]: Initialized DbCommand for 'ExecuteReader' (0ms).
Debug [20100]: Executing DbCommand [Parameters=[], CommandType='Text', CommandTimeout='60']

with g as (
    insert into "Group" ("NickName",
                         "TaxationCountryId",
                         "DefaultLanguageId",
                         "BirthDate",
                         "Gender"
        )
        values ('friend-author-30-82651f4e1fe64e5eb14847be113d1c9b',
                (select "Id" from "Country" where "ISOName" = 'usa'),
                (select "Id" from "Language" where "IsoCode" = 'eng'),
                '1993-06-11T00:00:00.0000000',
                1)
        returning *),
     u as (
         insert
             into "User" ("IdentityServerId", "Email", "DataCollection", "MainGroupId", "AnalyticsEnabled",
                          "PhoneNumber",
                          "CreatorPermissionLevel", "MainCharacterId")
                 select uuid_generate_v4(),
                        'friend-author-30-82651f4e1fe64e5eb14847be113d1c9b@frever-test.com',
                        true,
                        g."Id",
                        true,
                        null,
                        array []::bigint[],
                        111
                 from g
                 returning *),
     activity as (
         insert into "UserActivity" ("GroupId", "OccurredAt", "ActionType")
             select g."Id", null, 'Login'
             from g
             where null is not null)
select *
from u;
Information [20101]: Executed DbCommand (1ms) [Parameters=[], CommandType='Text', CommandTimeout='60']

with g as (
    insert into "Group" ("NickName",
                         "TaxationCountryId",
                         "DefaultLanguageId",
                         "BirthDate",
                         "Gender"
        )
        values ('friend-author-30-82651f4e1fe64e5eb14847be113d1c9b',
                (select "Id" from "Country" where "ISOName" = 'usa'),
                (select "Id" from "Language" where "IsoCode" = 'eng'),
                '1993-06-11T00:00:00.0000000',
                1)
        returning *),
     u as (
         insert
             into "User" ("IdentityServerId", "Email", "DataCollection", "MainGroupId", "AnalyticsEnabled",
                          "PhoneNumber",
                          "CreatorPermissionLevel", "MainCharacterId")
                 select uuid_generate_v4(),
                        'friend-author-30-82651f4e1fe64e5eb14847be113d1c9b@frever-test.com',
                        true,
                        g."Id",
                        true,
                        null,
                        array []::bigint[],
                        111
                 from g
                 returning *),
     activity as (
         insert into "UserActivity" ("GroupId", "OccurredAt", "ActionType")
             select g."Id", null, 'Login'
             from g
             where null is not null)
select *
from u;
Debug [10806]: Context 'TestReadWriteDbContext' started tracking 'User' entity with key '{Id: 189652}'.
Debug [20301]: Closing data reader to 'frevertest' on server 'tcp://postgres-frever-it:5432'.
Debug [20300]: A data reader for 'frevertest' on server 'tcp://postgres-frever-it:5432' is being disposed after spending 0ms reading results.
Debug [10111]: Compiling query expression: 
'DbSet&lt;User&gt;().FromSql(
with g as (
    insert into "Group" ("NickName",
                         "TaxationCountryId",
                         "DefaultLanguageId",
                         "BirthDate",
                         "Gender"
        )
        values ('friend-author-31-c2ad1a0a3dc34148a54f6c5b9ff4f1c0',
                (select "Id" from "Country" where "ISOName" = 'usa'),
                (select "Id" from "Language" where "IsoCode" = 'eng'),
                '1992-02-11T00:00:00.0000000',
                1)
        returning *),
     u as (
         insert
             into "User" ("IdentityServerId", "Email", "DataCollection", "MainGroupId", "AnalyticsEnabled",
                          "PhoneNumber",
                          "CreatorPermissionLevel", "MainCharacterId")
                 select uuid_generate_v4(),
                        'friend-author-31-c2ad1a0a3dc34148a54f6c5b9ff4f1c0@frever-test.com',
                        true,
                        g."Id",
                        true,
                        null,
                        array []::bigint[],
                        111
                 from g
                 returning *),
     activity as (
         insert into "UserActivity" ("GroupId", "OccurredAt", "ActionType")
             select g."Id", null, 'Login'
             from g
             where null is not null)
select *
from u;, __p_0)
'
Debug [10107]: Generated query execution expression: 
'queryContext =&gt; new FromSqlQueryingEnumerable&lt;User&gt;(
    (RelationalQueryContext)queryContext, 
    RelationalCommandCache.QueryExpression(
        Projection Mapping:
            EmptyProjectionMember -&gt; Dictionary&lt;IProperty, int&gt; { [Property: User.Id (long) Required PK AfterSave:Throw ValueGenerated.OnAdd, 0], [Property: User.AnalyticsEnabled (bool) Required, 1], [Property: User.AppleId (string), 2], [Property: User.CreatedTime (DateTime) Required ValueGenerated.OnAdd, 3], [Property: User.CreatorPermissionLevel (long[]) Element type: long Required, 4], [Property: User.DataCollection (bool?), 5], [Property: User.Email (string) Index, 6], [Property: User.GoogleId (string), 7], [Property: User.IdentityServerId (Guid) Required Index, 8], [Property: User.IsFeatured (bool) Required, 9], [Property: User.MainCharacterId (long?) FK Index, 10], [Property: User.MainGroupId (long) Required FK Index, 11], [Property: User.ModifiedTime (DateTime) Required, 12], [Property: User.PhoneNumber (string) Index, 13] }
        SELECT f.Id, f.AnalyticsEnabled, f.AppleId, f.CreatedTime, f.CreatorPermissionLevel, f.DataCollection, f.Email, f.GoogleId, f.IdentityServerId, f.IsFeatured, f.MainCharacterId, f.MainGroupId, f.ModifiedTime, f.PhoneNumber
        FROM 
with g as (
    insert into "Group" ("NickName",
                         "TaxationCountryId",
                         "DefaultLanguageId",
                         "BirthDate",
                         "Gender"
        )
        values ('friend-author-31-c2ad1a0a3dc34148a54f6c5b9ff4f1c0',
                (select "Id" from "Country" where "ISOName" = 'usa'),
                (select "Id" from "Language" where "IsoCode" = 'eng'),
                '1992-02-11T00:00:00.0000000',
                1)
        returning *),
     u as (
         insert
             into "User" ("IdentityServerId", "Email", "DataCollection", "MainGroupId", "AnalyticsEnabled",
                          "PhoneNumber",
                          "CreatorPermissionLevel", "MainCharacterId")
                 select uuid_generate_v4(),
                        'friend-author-31-c2ad1a0a3dc34148a54f6c5b9ff4f1c0@frever-test.com',
                        true,
                        g."Id",
                        true,
                        null,
                        array []::bigint[],
                        111
                 from g
                 returning *),
     activity as (
         insert into "UserActivity" ("GroupId", "OccurredAt", "ActionType")
             select g."Id", null, 'Login'
             from g
             where null is not null)
select *
from u;), 
    null, 
    List&lt;string&gt; { "Id", "AnalyticsEnabled", "AppleId", "CreatedTime", "CreatorPermissionLevel", "DataCollection", "Email", "GoogleId", "IdentityServerId", "IsFeatured", "MainCharacterId", "MainGroupId", "ModifiedTime", "PhoneNumber" }, 
    Func&lt;QueryContext, DbDataReader, int[], User&gt;, 
    Frever.Common.IntegrationTesting.TestReadWriteDbContext, 
    False, 
    False, 
    True
)'
Debug [20103]: Creating DbCommand for 'ExecuteReader'.
Debug [20104]: Created DbCommand for 'ExecuteReader' (0ms).
Debug [20106]: Initialized DbCommand for 'ExecuteReader' (0ms).
Debug [20100]: Executing DbCommand [Parameters=[], CommandType='Text', CommandTimeout='60']

with g as (
    insert into "Group" ("NickName",
                         "TaxationCountryId",
                         "DefaultLanguageId",
                         "BirthDate",
                         "Gender"
        )
        values ('friend-author-31-c2ad1a0a3dc34148a54f6c5b9ff4f1c0',
                (select "Id" from "Country" where "ISOName" = 'usa'),
                (select "Id" from "Language" where "IsoCode" = 'eng'),
                '1992-02-11T00:00:00.0000000',
                1)
        returning *),
     u as (
         insert
             into "User" ("IdentityServerId", "Email", "DataCollection", "MainGroupId", "AnalyticsEnabled",
                          "PhoneNumber",
                          "CreatorPermissionLevel", "MainCharacterId")
                 select uuid_generate_v4(),
                        'friend-author-31-c2ad1a0a3dc34148a54f6c5b9ff4f1c0@frever-test.com',
                        true,
                        g."Id",
                        true,
                        null,
                        array []::bigint[],
                        111
                 from g
                 returning *),
     activity as (
         insert into "UserActivity" ("GroupId", "OccurredAt", "ActionType")
             select g."Id", null, 'Login'
             from g
             where null is not null)
select *
from u;
Information [20101]: Executed DbCommand (2ms) [Parameters=[], CommandType='Text', CommandTimeout='60']

with g as (
    insert into "Group" ("NickName",
                         "TaxationCountryId",
                         "DefaultLanguageId",
                         "BirthDate",
                         "Gender"
        )
        values ('friend-author-31-c2ad1a0a3dc34148a54f6c5b9ff4f1c0',
                (select "Id" from "Country" where "ISOName" = 'usa'),
                (select "Id" from "Language" where "IsoCode" = 'eng'),
                '1992-02-11T00:00:00.0000000',
                1)
        returning *),
     u as (
         insert
             into "User" ("IdentityServerId", "Email", "DataCollection", "MainGroupId", "AnalyticsEnabled",
                          "PhoneNumber",
                          "CreatorPermissionLevel", "MainCharacterId")
                 select uuid_generate_v4(),
                        'friend-author-31-c2ad1a0a3dc34148a54f6c5b9ff4f1c0@frever-test.com',
                        true,
                        g."Id",
                        true,
                        null,
                        array []::bigint[],
                        111
                 from g
                 returning *),
     activity as (
         insert into "UserActivity" ("GroupId", "OccurredAt", "ActionType")
             select g."Id", null, 'Login'
             from g
             where null is not null)
select *
from u;
Debug [10806]: Context 'TestReadWriteDbContext' started tracking 'User' entity with key '{Id: 189653}'.
Debug [20301]: Closing data reader to 'frevertest' on server 'tcp://postgres-frever-it:5432'.
Debug [20300]: A data reader for 'frevertest' on server 'tcp://postgres-frever-it:5432' is being disposed after spending 0ms reading results.
Debug [10111]: Compiling query expression: 
'DbSet&lt;User&gt;().FromSql(
with g as (
    insert into "Group" ("NickName",
                         "TaxationCountryId",
                         "DefaultLanguageId",
                         "BirthDate",
                         "Gender"
        )
        values ('friend-author-32-421724f37dea4730ad50c118e139a08f',
                (select "Id" from "Country" where "ISOName" = 'usa'),
                (select "Id" from "Language" where "IsoCode" = 'eng'),
                '1992-06-26T00:00:00.0000000',
                1)
        returning *),
     u as (
         insert
             into "User" ("IdentityServerId", "Email", "DataCollection", "MainGroupId", "AnalyticsEnabled",
                          "PhoneNumber",
                          "CreatorPermissionLevel", "MainCharacterId")
                 select uuid_generate_v4(),
                        'friend-author-32-421724f37dea4730ad50c118e139a08f@frever-test.com',
                        true,
                        g."Id",
                        true,
                        null,
                        array []::bigint[],
                        111
                 from g
                 returning *),
     activity as (
         insert into "UserActivity" ("GroupId", "OccurredAt", "ActionType")
             select g."Id", null, 'Login'
             from g
             where null is not null)
select *
from u;, __p_0)
'
Debug [10107]: Generated query execution expression: 
'queryContext =&gt; new FromSqlQueryingEnumerable&lt;User&gt;(
    (RelationalQueryContext)queryContext, 
    RelationalCommandCache.QueryExpression(
        Projection Mapping:
            EmptyProjectionMember -&gt; Dictionary&lt;IProperty, int&gt; { [Property: User.Id (long) Required PK AfterSave:Throw ValueGenerated.OnAdd, 0], [Property: User.AnalyticsEnabled (bool) Required, 1], [Property: User.AppleId (string), 2], [Property: User.CreatedTime (DateTime) Required ValueGenerated.OnAdd, 3], [Property: User.CreatorPermissionLevel (long[]) Element type: long Required, 4], [Property: User.DataCollection (bool?), 5], [Property: User.Email (string) Index, 6], [Property: User.GoogleId (string), 7], [Property: User.IdentityServerId (Guid) Required Index, 8], [Property: User.IsFeatured (bool) Required, 9], [Property: User.MainCharacterId (long?) FK Index, 10], [Property: User.MainGroupId (long) Required FK Index, 11], [Property: User.ModifiedTime (DateTime) Required, 12], [Property: User.PhoneNumber (string) Index, 13] }
        SELECT f.Id, f.AnalyticsEnabled, f.AppleId, f.CreatedTime, f.CreatorPermissionLevel, f.DataCollection, f.Email, f.GoogleId, f.IdentityServerId, f.IsFeatured, f.MainCharacterId, f.MainGroupId, f.ModifiedTime, f.PhoneNumber
        FROM 
with g as (
    insert into "Group" ("NickName",
                         "TaxationCountryId",
                         "DefaultLanguageId",
                         "BirthDate",
                         "Gender"
        )
        values ('friend-author-32-421724f37dea4730ad50c118e139a08f',
                (select "Id" from "Country" where "ISOName" = 'usa'),
                (select "Id" from "Language" where "IsoCode" = 'eng'),
                '1992-06-26T00:00:00.0000000',
                1)
        returning *),
     u as (
         insert
             into "User" ("IdentityServerId", "Email", "DataCollection", "MainGroupId", "AnalyticsEnabled",
                          "PhoneNumber",
                          "CreatorPermissionLevel", "MainCharacterId")
                 select uuid_generate_v4(),
                        'friend-author-32-421724f37dea4730ad50c118e139a08f@frever-test.com',
                        true,
                        g."Id",
                        true,
                        null,
                        array []::bigint[],
                        111
                 from g
                 returning *),
     activity as (
         insert into "UserActivity" ("GroupId", "OccurredAt", "ActionType")
             select g."Id", null, 'Login'
             from g
             where null is not null)
select *
from u;), 
    null, 
    List&lt;string&gt; { "Id", "AnalyticsEnabled", "AppleId", "CreatedTime", "CreatorPermissionLevel", "DataCollection", "Email", "GoogleId", "IdentityServerId", "IsFeatured", "MainCharacterId", "MainGroupId", "ModifiedTime", "PhoneNumber" }, 
    Func&lt;QueryContext, DbDataReader, int[], User&gt;, 
    Frever.Common.IntegrationTesting.TestReadWriteDbContext, 
    False, 
    False, 
    True
)'
Debug [20103]: Creating DbCommand for 'ExecuteReader'.
Debug [20104]: Created DbCommand for 'ExecuteReader' (0ms).
Debug [20106]: Initialized DbCommand for 'ExecuteReader' (0ms).
Debug [20100]: Executing DbCommand [Parameters=[], CommandType='Text', CommandTimeout='60']

with g as (
    insert into "Group" ("NickName",
                         "TaxationCountryId",
                         "DefaultLanguageId",
                         "BirthDate",
                         "Gender"
        )
        values ('friend-author-32-421724f37dea4730ad50c118e139a08f',
                (select "Id" from "Country" where "ISOName" = 'usa'),
                (select "Id" from "Language" where "IsoCode" = 'eng'),
                '1992-06-26T00:00:00.0000000',
                1)
        returning *),
     u as (
         insert
             into "User" ("IdentityServerId", "Email", "DataCollection", "MainGroupId", "AnalyticsEnabled",
                          "PhoneNumber",
                          "CreatorPermissionLevel", "MainCharacterId")
                 select uuid_generate_v4(),
                        'friend-author-32-421724f37dea4730ad50c118e139a08f@frever-test.com',
                        true,
                        g."Id",
                        true,
                        null,
                        array []::bigint[],
                        111
                 from g
                 returning *),
     activity as (
         insert into "UserActivity" ("GroupId", "OccurredAt", "ActionType")
             select g."Id", null, 'Login'
             from g
             where null is not null)
select *
from u;
Information [20101]: Executed DbCommand (1ms) [Parameters=[], CommandType='Text', CommandTimeout='60']

with g as (
    insert into "Group" ("NickName",
                         "TaxationCountryId",
                         "DefaultLanguageId",
                         "BirthDate",
                         "Gender"
        )
        values ('friend-author-32-421724f37dea4730ad50c118e139a08f',
                (select "Id" from "Country" where "ISOName" = 'usa'),
                (select "Id" from "Language" where "IsoCode" = 'eng'),
                '1992-06-26T00:00:00.0000000',
                1)
        returning *),
     u as (
         insert
             into "User" ("IdentityServerId", "Email", "DataCollection", "MainGroupId", "AnalyticsEnabled",
                          "PhoneNumber",
                          "CreatorPermissionLevel", "MainCharacterId")
                 select uuid_generate_v4(),
                        'friend-author-32-421724f37dea4730ad50c118e139a08f@frever-test.com',
                        true,
                        g."Id",
                        true,
                        null,
                        array []::bigint[],
                        111
                 from g
                 returning *),
     activity as (
         insert into "UserActivity" ("GroupId", "OccurredAt", "ActionType")
             select g."Id", null, 'Login'
             from g
             where null is not null)
select *
from u;
Debug [10806]: Context 'TestReadWriteDbContext' started tracking 'User' entity with key '{Id: 189654}'.
Debug [20301]: Closing data reader to 'frevertest' on server 'tcp://postgres-frever-it:5432'.
Debug [20300]: A data reader for 'frevertest' on server 'tcp://postgres-frever-it:5432' is being disposed after spending 0ms reading results.
Debug [10111]: Compiling query expression: 
'DbSet&lt;User&gt;().FromSql(
with g as (
    insert into "Group" ("NickName",
                         "TaxationCountryId",
                         "DefaultLanguageId",
                         "BirthDate",
                         "Gender"
        )
        values ('friend-author-33-745971e390d54cc083b2996709610d35',
                (select "Id" from "Country" where "ISOName" = 'usa'),
                (select "Id" from "Language" where "IsoCode" = 'eng'),
                '1991-07-28T00:00:00.0000000',
                1)
        returning *),
     u as (
         insert
             into "User" ("IdentityServerId", "Email", "DataCollection", "MainGroupId", "AnalyticsEnabled",
                          "PhoneNumber",
                          "CreatorPermissionLevel", "MainCharacterId")
                 select uuid_generate_v4(),
                        'friend-author-33-745971e390d54cc083b2996709610d35@frever-test.com',
                        true,
                        g."Id",
                        true,
                        null,
                        array []::bigint[],
                        111
                 from g
                 returning *),
     activity as (
         insert into "UserActivity" ("GroupId", "OccurredAt", "ActionType")
             select g."Id", null, 'Login'
             from g
             where null is not null)
select *
from u;, __p_0)
'
Debug [10107]: Generated query execution expression: 
'queryContext =&gt; new FromSqlQueryingEnumerable&lt;User&gt;(
    (RelationalQueryContext)queryContext, 
    RelationalCommandCache.QueryExpression(
        Projection Mapping:
            EmptyProjectionMember -&gt; Dictionary&lt;IProperty, int&gt; { [Property: User.Id (long) Required PK AfterSave:Throw ValueGenerated.OnAdd, 0], [Property: User.AnalyticsEnabled (bool) Required, 1], [Property: User.AppleId (string), 2], [Property: User.CreatedTime (DateTime) Required ValueGenerated.OnAdd, 3], [Property: User.CreatorPermissionLevel (long[]) Element type: long Required, 4], [Property: User.DataCollection (bool?), 5], [Property: User.Email (string) Index, 6], [Property: User.GoogleId (string), 7], [Property: User.IdentityServerId (Guid) Required Index, 8], [Property: User.IsFeatured (bool) Required, 9], [Property: User.MainCharacterId (long?) FK Index, 10], [Property: User.MainGroupId (long) Required FK Index, 11], [Property: User.ModifiedTime (DateTime) Required, 12], [Property: User.PhoneNumber (string) Index, 13] }
        SELECT f.Id, f.AnalyticsEnabled, f.AppleId, f.CreatedTime, f.CreatorPermissionLevel, f.DataCollection, f.Email, f.GoogleId, f.IdentityServerId, f.IsFeatured, f.MainCharacterId, f.MainGroupId, f.ModifiedTime, f.PhoneNumber
        FROM 
with g as (
    insert into "Group" ("NickName",
                         "TaxationCountryId",
                         "DefaultLanguageId",
                         "BirthDate",
                         "Gender"
        )
        values ('friend-author-33-745971e390d54cc083b2996709610d35',
                (select "Id" from "Country" where "ISOName" = 'usa'),
                (select "Id" from "Language" where "IsoCode" = 'eng'),
                '1991-07-28T00:00:00.0000000',
                1)
        returning *),
     u as (
         insert
             into "User" ("IdentityServerId", "Email", "DataCollection", "MainGroupId", "AnalyticsEnabled",
                          "PhoneNumber",
                          "CreatorPermissionLevel", "MainCharacterId")
                 select uuid_generate_v4(),
                        'friend-author-33-745971e390d54cc083b2996709610d35@frever-test.com',
                        true,
                        g."Id",
                        true,
                        null,
                        array []::bigint[],
                        111
                 from g
                 returning *),
     activity as (
         insert into "UserActivity" ("GroupId", "OccurredAt", "ActionType")
             select g."Id", null, 'Login'
             from g
             where null is not null)
select *
from u;), 
    null, 
    List&lt;string&gt; { "Id", "AnalyticsEnabled", "AppleId", "CreatedTime", "CreatorPermissionLevel", "DataCollection", "Email", "GoogleId", "IdentityServerId", "IsFeatured", "MainCharacterId", "MainGroupId", "ModifiedTime", "PhoneNumber" }, 
    Func&lt;QueryContext, DbDataReader, int[], User&gt;, 
    Frever.Common.IntegrationTesting.TestReadWriteDbContext, 
    False, 
    False, 
    True
)'
Debug [20103]: Creating DbCommand for 'ExecuteReader'.
Debug [20104]: Created DbCommand for 'ExecuteReader' (0ms).
Debug [20106]: Initialized DbCommand for 'ExecuteReader' (0ms).
Debug [20100]: Executing DbCommand [Parameters=[], CommandType='Text', CommandTimeout='60']

with g as (
    insert into "Group" ("NickName",
                         "TaxationCountryId",
                         "DefaultLanguageId",
                         "BirthDate",
                         "Gender"
        )
        values ('friend-author-33-745971e390d54cc083b2996709610d35',
                (select "Id" from "Country" where "ISOName" = 'usa'),
                (select "Id" from "Language" where "IsoCode" = 'eng'),
                '1991-07-28T00:00:00.0000000',
                1)
        returning *),
     u as (
         insert
             into "User" ("IdentityServerId", "Email", "DataCollection", "MainGroupId", "AnalyticsEnabled",
                          "PhoneNumber",
                          "CreatorPermissionLevel", "MainCharacterId")
                 select uuid_generate_v4(),
                        'friend-author-33-745971e390d54cc083b2996709610d35@frever-test.com',
                        true,
                        g."Id",
                        true,
                        null,
                        array []::bigint[],
                        111
                 from g
                 returning *),
     activity as (
         insert into "UserActivity" ("GroupId", "OccurredAt", "ActionType")
             select g."Id", null, 'Login'
             from g
             where null is not null)
select *
from u;
Information [20101]: Executed DbCommand (1ms) [Parameters=[], CommandType='Text', CommandTimeout='60']

with g as (
    insert into "Group" ("NickName",
                         "TaxationCountryId",
                         "DefaultLanguageId",
                         "BirthDate",
                         "Gender"
        )
        values ('friend-author-33-745971e390d54cc083b2996709610d35',
                (select "Id" from "Country" where "ISOName" = 'usa'),
                (select "Id" from "Language" where "IsoCode" = 'eng'),
                '1991-07-28T00:00:00.0000000',
                1)
        returning *),
     u as (
         insert
             into "User" ("IdentityServerId", "Email", "DataCollection", "MainGroupId", "AnalyticsEnabled",
                          "PhoneNumber",
                          "CreatorPermissionLevel", "MainCharacterId")
                 select uuid_generate_v4(),
                        'friend-author-33-745971e390d54cc083b2996709610d35@frever-test.com',
                        true,
                        g."Id",
                        true,
                        null,
                        array []::bigint[],
                        111
                 from g
                 returning *),
     activity as (
         insert into "UserActivity" ("GroupId", "OccurredAt", "ActionType")
             select g."Id", null, 'Login'
             from g
             where null is not null)
select *
from u;
Debug [10806]: Context 'TestReadWriteDbContext' started tracking 'User' entity with key '{Id: 189655}'.
Debug [20301]: Closing data reader to 'frevertest' on server 'tcp://postgres-frever-it:5432'.
Debug [20300]: A data reader for 'frevertest' on server 'tcp://postgres-frever-it:5432' is being disposed after spending 0ms reading results.
Debug [10111]: Compiling query expression: 
'DbSet&lt;User&gt;().FromSql(
with g as (
    insert into "Group" ("NickName",
                         "TaxationCountryId",
                         "DefaultLanguageId",
                         "BirthDate",
                         "Gender"
        )
        values ('friend-author-34-8e57ac44fbd84f08b21802d0d54f0d3a',
                (select "Id" from "Country" where "ISOName" = 'usa'),
                (select "Id" from "Language" where "IsoCode" = 'eng'),
                '1991-08-29T00:00:00.0000000',
                1)
        returning *),
     u as (
         insert
             into "User" ("IdentityServerId", "Email", "DataCollection", "MainGroupId", "AnalyticsEnabled",
                          "PhoneNumber",
                          "CreatorPermissionLevel", "MainCharacterId")
                 select uuid_generate_v4(),
                        'friend-author-34-8e57ac44fbd84f08b21802d0d54f0d3a@frever-test.com',
                        true,
                        g."Id",
                        true,
                        null,
                        array []::bigint[],
                        111
                 from g
                 returning *),
     activity as (
         insert into "UserActivity" ("GroupId", "OccurredAt", "ActionType")
             select g."Id", null, 'Login'
             from g
             where null is not null)
select *
from u;, __p_0)
'
Debug [10107]: Generated query execution expression: 
'queryContext =&gt; new FromSqlQueryingEnumerable&lt;User&gt;(
    (RelationalQueryContext)queryContext, 
    RelationalCommandCache.QueryExpression(
        Projection Mapping:
            EmptyProjectionMember -&gt; Dictionary&lt;IProperty, int&gt; { [Property: User.Id (long) Required PK AfterSave:Throw ValueGenerated.OnAdd, 0], [Property: User.AnalyticsEnabled (bool) Required, 1], [Property: User.AppleId (string), 2], [Property: User.CreatedTime (DateTime) Required ValueGenerated.OnAdd, 3], [Property: User.CreatorPermissionLevel (long[]) Element type: long Required, 4], [Property: User.DataCollection (bool?), 5], [Property: User.Email (string) Index, 6], [Property: User.GoogleId (string), 7], [Property: User.IdentityServerId (Guid) Required Index, 8], [Property: User.IsFeatured (bool) Required, 9], [Property: User.MainCharacterId (long?) FK Index, 10], [Property: User.MainGroupId (long) Required FK Index, 11], [Property: User.ModifiedTime (DateTime) Required, 12], [Property: User.PhoneNumber (string) Index, 13] }
        SELECT f.Id, f.AnalyticsEnabled, f.AppleId, f.CreatedTime, f.CreatorPermissionLevel, f.DataCollection, f.Email, f.GoogleId, f.IdentityServerId, f.IsFeatured, f.MainCharacterId, f.MainGroupId, f.ModifiedTime, f.PhoneNumber
        FROM 
with g as (
    insert into "Group" ("NickName",
                         "TaxationCountryId",
                         "DefaultLanguageId",
                         "BirthDate",
                         "Gender"
        )
        values ('friend-author-34-8e57ac44fbd84f08b21802d0d54f0d3a',
                (select "Id" from "Country" where "ISOName" = 'usa'),
                (select "Id" from "Language" where "IsoCode" = 'eng'),
                '1991-08-29T00:00:00.0000000',
                1)
        returning *),
     u as (
         insert
             into "User" ("IdentityServerId", "Email", "DataCollection", "MainGroupId", "AnalyticsEnabled",
                          "PhoneNumber",
                          "CreatorPermissionLevel", "MainCharacterId")
                 select uuid_generate_v4(),
                        'friend-author-34-8e57ac44fbd84f08b21802d0d54f0d3a@frever-test.com',
                        true,
                        g."Id",
                        true,
                        null,
                        array []::bigint[],
                        111
                 from g
                 returning *),
     activity as (
         insert into "UserActivity" ("GroupId", "OccurredAt", "ActionType")
             select g."Id", null, 'Login'
             from g
             where null is not null)
select *
from u;), 
    null, 
    List&lt;string&gt; { "Id", "AnalyticsEnabled", "AppleId", "CreatedTime", "CreatorPermissionLevel", "DataCollection", "Email", "GoogleId", "IdentityServerId", "IsFeatured", "MainCharacterId", "MainGroupId", "ModifiedTime", "PhoneNumber" }, 
    Func&lt;QueryContext, DbDataReader, int[], User&gt;, 
    Frever.Common.IntegrationTesting.TestReadWriteDbContext, 
    False, 
    False, 
    True
)'
Debug [20103]: Creating DbCommand for 'ExecuteReader'.
Debug [20104]: Created DbCommand for 'ExecuteReader' (0ms).
Debug [20106]: Initialized DbCommand for 'ExecuteReader' (0ms).
Debug [20100]: Executing DbCommand [Parameters=[], CommandType='Text', CommandTimeout='60']

with g as (
    insert into "Group" ("NickName",
                         "TaxationCountryId",
                         "DefaultLanguageId",
                         "BirthDate",
                         "Gender"
        )
        values ('friend-author-34-8e57ac44fbd84f08b21802d0d54f0d3a',
                (select "Id" from "Country" where "ISOName" = 'usa'),
                (select "Id" from "Language" where "IsoCode" = 'eng'),
                '1991-08-29T00:00:00.0000000',
                1)
        returning *),
     u as (
         insert
             into "User" ("IdentityServerId", "Email", "DataCollection", "MainGroupId", "AnalyticsEnabled",
                          "PhoneNumber",
                          "CreatorPermissionLevel", "MainCharacterId")
                 select uuid_generate_v4(),
                        'friend-author-34-8e57ac44fbd84f08b21802d0d54f0d3a@frever-test.com',
                        true,
                        g."Id",
                        true,
                        null,
                        array []::bigint[],
                        111
                 from g
                 returning *),
     activity as (
         insert into "UserActivity" ("GroupId", "OccurredAt", "ActionType")
             select g."Id", null, 'Login'
             from g
             where null is not null)
select *
from u;
Information [20101]: Executed DbCommand (1ms) [Parameters=[], CommandType='Text', CommandTimeout='60']

with g as (
    insert into "Group" ("NickName",
                         "TaxationCountryId",
                         "DefaultLanguageId",
                         "BirthDate",
                         "Gender"
        )
        values ('friend-author-34-8e57ac44fbd84f08b21802d0d54f0d3a',
                (select "Id" from "Country" where "ISOName" = 'usa'),
                (select "Id" from "Language" where "IsoCode" = 'eng'),
                '1991-08-29T00:00:00.0000000',
                1)
        returning *),
     u as (
         insert
             into "User" ("IdentityServerId", "Email", "DataCollection", "MainGroupId", "AnalyticsEnabled",
                          "PhoneNumber",
                          "CreatorPermissionLevel", "MainCharacterId")
                 select uuid_generate_v4(),
                        'friend-author-34-8e57ac44fbd84f08b21802d0d54f0d3a@frever-test.com',
                        true,
                        g."Id",
                        true,
                        null,
                        array []::bigint[],
                        111
                 from g
                 returning *),
     activity as (
         insert into "UserActivity" ("GroupId", "OccurredAt", "ActionType")
             select g."Id", null, 'Login'
             from g
             where null is not null)
select *
from u;
Debug [10806]: Context 'TestReadWriteDbContext' started tracking 'User' entity with key '{Id: 189656}'.
Debug [20301]: Closing data reader to 'frevertest' on server 'tcp://postgres-frever-it:5432'.
Debug [20300]: A data reader for 'frevertest' on server 'tcp://postgres-frever-it:5432' is being disposed after spending 0ms reading results.
Debug [10111]: Compiling query expression: 
'DbSet&lt;User&gt;().FromSql(
with g as (
    insert into "Group" ("NickName",
                         "TaxationCountryId",
                         "DefaultLanguageId",
                         "BirthDate",
                         "Gender"
        )
        values ('friend-author-35-a472ccdce7104a5e96964a9f5ba83245',
                (select "Id" from "Country" where "ISOName" = 'usa'),
                (select "Id" from "Language" where "IsoCode" = 'eng'),
                '1992-11-01T00:00:00.0000000',
                1)
        returning *),
     u as (
         insert
             into "User" ("IdentityServerId", "Email", "DataCollection", "MainGroupId", "AnalyticsEnabled",
                          "PhoneNumber",
                          "CreatorPermissionLevel", "MainCharacterId")
                 select uuid_generate_v4(),
                        'friend-author-35-a472ccdce7104a5e96964a9f5ba83245@frever-test.com',
                        true,
                        g."Id",
                        true,
                        null,
                        array []::bigint[],
                        111
                 from g
                 returning *),
     activity as (
         insert into "UserActivity" ("GroupId", "OccurredAt", "ActionType")
             select g."Id", null, 'Login'
             from g
             where null is not null)
select *
from u;, __p_0)
'
Debug [10107]: Generated query execution expression: 
'queryContext =&gt; new FromSqlQueryingEnumerable&lt;User&gt;(
    (RelationalQueryContext)queryContext, 
    RelationalCommandCache.QueryExpression(
        Projection Mapping:
            EmptyProjectionMember -&gt; Dictionary&lt;IProperty, int&gt; { [Property: User.Id (long) Required PK AfterSave:Throw ValueGenerated.OnAdd, 0], [Property: User.AnalyticsEnabled (bool) Required, 1], [Property: User.AppleId (string), 2], [Property: User.CreatedTime (DateTime) Required ValueGenerated.OnAdd, 3], [Property: User.CreatorPermissionLevel (long[]) Element type: long Required, 4], [Property: User.DataCollection (bool?), 5], [Property: User.Email (string) Index, 6], [Property: User.GoogleId (string), 7], [Property: User.IdentityServerId (Guid) Required Index, 8], [Property: User.IsFeatured (bool) Required, 9], [Property: User.MainCharacterId (long?) FK Index, 10], [Property: User.MainGroupId (long) Required FK Index, 11], [Property: User.ModifiedTime (DateTime) Required, 12], [Property: User.PhoneNumber (string) Index, 13] }
        SELECT f.Id, f.AnalyticsEnabled, f.AppleId, f.CreatedTime, f.CreatorPermissionLevel, f.DataCollection, f.Email, f.GoogleId, f.IdentityServerId, f.IsFeatured, f.MainCharacterId, f.MainGroupId, f.ModifiedTime, f.PhoneNumber
        FROM 
with g as (
    insert into "Group" ("NickName",
                         "TaxationCountryId",
                         "DefaultLanguageId",
                         "BirthDate",
                         "Gender"
        )
        values ('friend-author-35-a472ccdce7104a5e96964a9f5ba83245',
                (select "Id" from "Country" where "ISOName" = 'usa'),
                (select "Id" from "Language" where "IsoCode" = 'eng'),
                '1992-11-01T00:00:00.0000000',
                1)
        returning *),
     u as (
         insert
             into "User" ("IdentityServerId", "Email", "DataCollection", "MainGroupId", "AnalyticsEnabled",
                          "PhoneNumber",
                          "CreatorPermissionLevel", "MainCharacterId")
                 select uuid_generate_v4(),
                        'friend-author-35-a472ccdce7104a5e96964a9f5ba83245@frever-test.com',
                        true,
                        g."Id",
                        true,
                        null,
                        array []::bigint[],
                        111
                 from g
                 returning *),
     activity as (
         insert into "UserActivity" ("GroupId", "OccurredAt", "ActionType")
             select g."Id", null, 'Login'
             from g
             where null is not null)
select *
from u;), 
    null, 
    List&lt;string&gt; { "Id", "AnalyticsEnabled", "AppleId", "CreatedTime", "CreatorPermissionLevel", "DataCollection", "Email", "GoogleId", "IdentityServerId", "IsFeatured", "MainCharacterId", "MainGroupId", "ModifiedTime", "PhoneNumber" }, 
    Func&lt;QueryContext, DbDataReader, int[], User&gt;, 
    Frever.Common.IntegrationTesting.TestReadWriteDbContext, 
    False, 
    False, 
    True
)'
Debug [20103]: Creating DbCommand for 'ExecuteReader'.
Debug [20104]: Created DbCommand for 'ExecuteReader' (0ms).
Debug [20106]: Initialized DbCommand for 'ExecuteReader' (0ms).
Debug [20100]: Executing DbCommand [Parameters=[], CommandType='Text', CommandTimeout='60']

with g as (
    insert into "Group" ("NickName",
                         "TaxationCountryId",
                         "DefaultLanguageId",
                         "BirthDate",
                         "Gender"
        )
        values ('friend-author-35-a472ccdce7104a5e96964a9f5ba83245',
                (select "Id" from "Country" where "ISOName" = 'usa'),
                (select "Id" from "Language" where "IsoCode" = 'eng'),
                '1992-11-01T00:00:00.0000000',
                1)
        returning *),
     u as (
         insert
             into "User" ("IdentityServerId", "Email", "DataCollection", "MainGroupId", "AnalyticsEnabled",
                          "PhoneNumber",
                          "CreatorPermissionLevel", "MainCharacterId")
                 select uuid_generate_v4(),
                        'friend-author-35-a472ccdce7104a5e96964a9f5ba83245@frever-test.com',
                        true,
                        g."Id",
                        true,
                        null,
                        array []::bigint[],
                        111
                 from g
                 returning *),
     activity as (
         insert into "UserActivity" ("GroupId", "OccurredAt", "ActionType")
             select g."Id", null, 'Login'
             from g
             where null is not null)
select *
from u;
Information [20101]: Executed DbCommand (1ms) [Parameters=[], CommandType='Text', CommandTimeout='60']

with g as (
    insert into "Group" ("NickName",
                         "TaxationCountryId",
                         "DefaultLanguageId",
                         "BirthDate",
                         "Gender"
        )
        values ('friend-author-35-a472ccdce7104a5e96964a9f5ba83245',
                (select "Id" from "Country" where "ISOName" = 'usa'),
                (select "Id" from "Language" where "IsoCode" = 'eng'),
                '1992-11-01T00:00:00.0000000',
                1)
        returning *),
     u as (
         insert
             into "User" ("IdentityServerId", "Email", "DataCollection", "MainGroupId", "AnalyticsEnabled",
                          "PhoneNumber",
                          "CreatorPermissionLevel", "MainCharacterId")
                 select uuid_generate_v4(),
                        'friend-author-35-a472ccdce7104a5e96964a9f5ba83245@frever-test.com',
                        true,
                        g."Id",
                        true,
                        null,
                        array []::bigint[],
                        111
                 from g
                 returning *),
     activity as (
         insert into "UserActivity" ("GroupId", "OccurredAt", "ActionType")
             select g."Id", null, 'Login'
             from g
             where null is not null)
select *
from u;
Debug [10806]: Context 'TestReadWriteDbContext' started tracking 'User' entity with key '{Id: 189657}'.
Debug [20301]: Closing data reader to 'frevertest' on server 'tcp://postgres-frever-it:5432'.
Debug [20300]: A data reader for 'frevertest' on server 'tcp://postgres-frever-it:5432' is being disposed after spending 0ms reading results.
Debug [10111]: Compiling query expression: 
'DbSet&lt;User&gt;().FromSql(
with g as (
    insert into "Group" ("NickName",
                         "TaxationCountryId",
                         "DefaultLanguageId",
                         "BirthDate",
                         "Gender"
        )
        values ('friend-author-36-dcbdc075fc9b466d949f77c7f94d8a27',
                (select "Id" from "Country" where "ISOName" = 'usa'),
                (select "Id" from "Language" where "IsoCode" = 'eng'),
                '1992-10-01T00:00:00.0000000',
                1)
        returning *),
     u as (
         insert
             into "User" ("IdentityServerId", "Email", "DataCollection", "MainGroupId", "AnalyticsEnabled",
                          "PhoneNumber",
                          "CreatorPermissionLevel", "MainCharacterId")
                 select uuid_generate_v4(),
                        'friend-author-36-dcbdc075fc9b466d949f77c7f94d8a27@frever-test.com',
                        true,
                        g."Id",
                        true,
                        null,
                        array []::bigint[],
                        111
                 from g
                 returning *),
     activity as (
         insert into "UserActivity" ("GroupId", "OccurredAt", "ActionType")
             select g."Id", null, 'Login'
             from g
             where null is not null)
select *
from u;, __p_0)
'
Debug [10107]: Generated query execution expression: 
'queryContext =&gt; new FromSqlQueryingEnumerable&lt;User&gt;(
    (RelationalQueryContext)queryContext, 
    RelationalCommandCache.QueryExpression(
        Projection Mapping:
            EmptyProjectionMember -&gt; Dictionary&lt;IProperty, int&gt; { [Property: User.Id (long) Required PK AfterSave:Throw ValueGenerated.OnAdd, 0], [Property: User.AnalyticsEnabled (bool) Required, 1], [Property: User.AppleId (string), 2], [Property: User.CreatedTime (DateTime) Required ValueGenerated.OnAdd, 3], [Property: User.CreatorPermissionLevel (long[]) Element type: long Required, 4], [Property: User.DataCollection (bool?), 5], [Property: User.Email (string) Index, 6], [Property: User.GoogleId (string), 7], [Property: User.IdentityServerId (Guid) Required Index, 8], [Property: User.IsFeatured (bool) Required, 9], [Property: User.MainCharacterId (long?) FK Index, 10], [Property: User.MainGroupId (long) Required FK Index, 11], [Property: User.ModifiedTime (DateTime) Required, 12], [Property: User.PhoneNumber (string) Index, 13] }
        SELECT f.Id, f.AnalyticsEnabled, f.AppleId, f.CreatedTime, f.CreatorPermissionLevel, f.DataCollection, f.Email, f.GoogleId, f.IdentityServerId, f.IsFeatured, f.MainCharacterId, f.MainGroupId, f.ModifiedTime, f.PhoneNumber
        FROM 
with g as (
    insert into "Group" ("NickName",
                         "TaxationCountryId",
                         "DefaultLanguageId",
                         "BirthDate",
                         "Gender"
        )
        values ('friend-author-36-dcbdc075fc9b466d949f77c7f94d8a27',
                (select "Id" from "Country" where "ISOName" = 'usa'),
                (select "Id" from "Language" where "IsoCode" = 'eng'),
                '1992-10-01T00:00:00.0000000',
                1)
        returning *),
     u as (
         insert
             into "User" ("IdentityServerId", "Email", "DataCollection", "MainGroupId", "AnalyticsEnabled",
                          "PhoneNumber",
                          "CreatorPermissionLevel", "MainCharacterId")
                 select uuid_generate_v4(),
                        'friend-author-36-dcbdc075fc9b466d949f77c7f94d8a27@frever-test.com',
                        true,
                        g."Id",
                        true,
                        null,
                        array []::bigint[],
                        111
                 from g
                 returning *),
     activity as (
         insert into "UserActivity" ("GroupId", "OccurredAt", "ActionType")
             select g."Id", null, 'Login'
             from g
             where null is not null)
select *
from u;), 
    null, 
    List&lt;string&gt; { "Id", "AnalyticsEnabled", "AppleId", "CreatedTime", "CreatorPermissionLevel", "DataCollection", "Email", "GoogleId", "IdentityServerId", "IsFeatured", "MainCharacterId", "MainGroupId", "ModifiedTime", "PhoneNumber" }, 
    Func&lt;QueryContext, DbDataReader, int[], User&gt;, 
    Frever.Common.IntegrationTesting.TestReadWriteDbContext, 
    False, 
    False, 
    True
)'
Debug [20103]: Creating DbCommand for 'ExecuteReader'.
Debug [20104]: Created DbCommand for 'ExecuteReader' (0ms).
Debug [20106]: Initialized DbCommand for 'ExecuteReader' (0ms).
Debug [20100]: Executing DbCommand [Parameters=[], CommandType='Text', CommandTimeout='60']

with g as (
    insert into "Group" ("NickName",
                         "TaxationCountryId",
                         "DefaultLanguageId",
                         "BirthDate",
                         "Gender"
        )
        values ('friend-author-36-dcbdc075fc9b466d949f77c7f94d8a27',
                (select "Id" from "Country" where "ISOName" = 'usa'),
                (select "Id" from "Language" where "IsoCode" = 'eng'),
                '1992-10-01T00:00:00.0000000',
                1)
        returning *),
     u as (
         insert
             into "User" ("IdentityServerId", "Email", "DataCollection", "MainGroupId", "AnalyticsEnabled",
                          "PhoneNumber",
                          "CreatorPermissionLevel", "MainCharacterId")
                 select uuid_generate_v4(),
                        'friend-author-36-dcbdc075fc9b466d949f77c7f94d8a27@frever-test.com',
                        true,
                        g."Id",
                        true,
                        null,
                        array []::bigint[],
                        111
                 from g
                 returning *),
     activity as (
         insert into "UserActivity" ("GroupId", "OccurredAt", "ActionType")
             select g."Id", null, 'Login'
             from g
             where null is not null)
select *
from u;
Information [20101]: Executed DbCommand (1ms) [Parameters=[], CommandType='Text', CommandTimeout='60']

with g as (
    insert into "Group" ("NickName",
                         "TaxationCountryId",
                         "DefaultLanguageId",
                         "BirthDate",
                         "Gender"
        )
        values ('friend-author-36-dcbdc075fc9b466d949f77c7f94d8a27',
                (select "Id" from "Country" where "ISOName" = 'usa'),
                (select "Id" from "Language" where "IsoCode" = 'eng'),
                '1992-10-01T00:00:00.0000000',
                1)
        returning *),
     u as (
         insert
             into "User" ("IdentityServerId", "Email", "DataCollection", "MainGroupId", "AnalyticsEnabled",
                          "PhoneNumber",
                          "CreatorPermissionLevel", "MainCharacterId")
                 select uuid_generate_v4(),
                        'friend-author-36-dcbdc075fc9b466d949f77c7f94d8a27@frever-test.com',
                        true,
                        g."Id",
                        true,
                        null,
                        array []::bigint[],
                        111
                 from g
                 returning *),
     activity as (
         insert into "UserActivity" ("GroupId", "OccurredAt", "ActionType")
             select g."Id", null, 'Login'
             from g
             where null is not null)
select *
from u;
Debug [10806]: Context 'TestReadWriteDbContext' started tracking 'User' entity with key '{Id: 189658}'.
Debug [20301]: Closing data reader to 'frevertest' on server 'tcp://postgres-frever-it:5432'.
Debug [20300]: A data reader for 'frevertest' on server 'tcp://postgres-frever-it:5432' is being disposed after spending 0ms reading results.
Debug [10111]: Compiling query expression: 
'DbSet&lt;User&gt;().FromSql(
with g as (
    insert into "Group" ("NickName",
                         "TaxationCountryId",
                         "DefaultLanguageId",
                         "BirthDate",
                         "Gender"
        )
        values ('friend-author-37-7adc9bafd3e54bbaa1c614c0cf67e950',
                (select "Id" from "Country" where "ISOName" = 'usa'),
                (select "Id" from "Language" where "IsoCode" = 'eng'),
                '1991-04-12T00:00:00.0000000',
                1)
        returning *),
     u as (
         insert
             into "User" ("IdentityServerId", "Email", "DataCollection", "MainGroupId", "AnalyticsEnabled",
                          "PhoneNumber",
                          "CreatorPermissionLevel", "MainCharacterId")
                 select uuid_generate_v4(),
                        'friend-author-37-7adc9bafd3e54bbaa1c614c0cf67e950@frever-test.com',
                        true,
                        g."Id",
                        true,
                        null,
                        array []::bigint[],
                        111
                 from g
                 returning *),
     activity as (
         insert into "UserActivity" ("GroupId", "OccurredAt", "ActionType")
             select g."Id", null, 'Login'
             from g
             where null is not null)
select *
from u;, __p_0)
'
Debug [10107]: Generated query execution expression: 
'queryContext =&gt; new FromSqlQueryingEnumerable&lt;User&gt;(
    (RelationalQueryContext)queryContext, 
    RelationalCommandCache.QueryExpression(
        Projection Mapping:
            EmptyProjectionMember -&gt; Dictionary&lt;IProperty, int&gt; { [Property: User.Id (long) Required PK AfterSave:Throw ValueGenerated.OnAdd, 0], [Property: User.AnalyticsEnabled (bool) Required, 1], [Property: User.AppleId (string), 2], [Property: User.CreatedTime (DateTime) Required ValueGenerated.OnAdd, 3], [Property: User.CreatorPermissionLevel (long[]) Element type: long Required, 4], [Property: User.DataCollection (bool?), 5], [Property: User.Email (string) Index, 6], [Property: User.GoogleId (string), 7], [Property: User.IdentityServerId (Guid) Required Index, 8], [Property: User.IsFeatured (bool) Required, 9], [Property: User.MainCharacterId (long?) FK Index, 10], [Property: User.MainGroupId (long) Required FK Index, 11], [Property: User.ModifiedTime (DateTime) Required, 12], [Property: User.PhoneNumber (string) Index, 13] }
        SELECT f.Id, f.AnalyticsEnabled, f.AppleId, f.CreatedTime, f.CreatorPermissionLevel, f.DataCollection, f.Email, f.GoogleId, f.IdentityServerId, f.IsFeatured, f.MainCharacterId, f.MainGroupId, f.ModifiedTime, f.PhoneNumber
        FROM 
with g as (
    insert into "Group" ("NickName",
                         "TaxationCountryId",
                         "DefaultLanguageId",
                         "BirthDate",
                         "Gender"
        )
        values ('friend-author-37-7adc9bafd3e54bbaa1c614c0cf67e950',
                (select "Id" from "Country" where "ISOName" = 'usa'),
                (select "Id" from "Language" where "IsoCode" = 'eng'),
                '1991-04-12T00:00:00.0000000',
                1)
        returning *),
     u as (
         insert
             into "User" ("IdentityServerId", "Email", "DataCollection", "MainGroupId", "AnalyticsEnabled",
                          "PhoneNumber",
                          "CreatorPermissionLevel", "MainCharacterId")
                 select uuid_generate_v4(),
                        'friend-author-37-7adc9bafd3e54bbaa1c614c0cf67e950@frever-test.com',
                        true,
                        g."Id",
                        true,
                        null,
                        array []::bigint[],
                        111
                 from g
                 returning *),
     activity as (
         insert into "UserActivity" ("GroupId", "OccurredAt", "ActionType")
             select g."Id", null, 'Login'
             from g
             where null is not null)
select *
from u;), 
    null, 
    List&lt;string&gt; { "Id", "AnalyticsEnabled", "AppleId", "CreatedTime", "CreatorPermissionLevel", "DataCollection", "Email", "GoogleId", "IdentityServerId", "IsFeatured", "MainCharacterId", "MainGroupId", "ModifiedTime", "PhoneNumber" }, 
    Func&lt;QueryContext, DbDataReader, int[], User&gt;, 
    Frever.Common.IntegrationTesting.TestReadWriteDbContext, 
    False, 
    False, 
    True
)'
Debug [20103]: Creating DbCommand for 'ExecuteReader'.
Debug [20104]: Created DbCommand for 'ExecuteReader' (0ms).
Debug [20106]: Initialized DbCommand for 'ExecuteReader' (0ms).
Debug [20100]: Executing DbCommand [Parameters=[], CommandType='Text', CommandTimeout='60']

with g as (
    insert into "Group" ("NickName",
                         "TaxationCountryId",
                         "DefaultLanguageId",
                         "BirthDate",
                         "Gender"
        )
        values ('friend-author-37-7adc9bafd3e54bbaa1c614c0cf67e950',
                (select "Id" from "Country" where "ISOName" = 'usa'),
                (select "Id" from "Language" where "IsoCode" = 'eng'),
                '1991-04-12T00:00:00.0000000',
                1)
        returning *),
     u as (
         insert
             into "User" ("IdentityServerId", "Email", "DataCollection", "MainGroupId", "AnalyticsEnabled",
                          "PhoneNumber",
                          "CreatorPermissionLevel", "MainCharacterId")
                 select uuid_generate_v4(),
                        'friend-author-37-7adc9bafd3e54bbaa1c614c0cf67e950@frever-test.com',
                        true,
                        g."Id",
                        true,
                        null,
                        array []::bigint[],
                        111
                 from g
                 returning *),
     activity as (
         insert into "UserActivity" ("GroupId", "OccurredAt", "ActionType")
             select g."Id", null, 'Login'
             from g
             where null is not null)
select *
from u;
Information [20101]: Executed DbCommand (1ms) [Parameters=[], CommandType='Text', CommandTimeout='60']

with g as (
    insert into "Group" ("NickName",
                         "TaxationCountryId",
                         "DefaultLanguageId",
                         "BirthDate",
                         "Gender"
        )
        values ('friend-author-37-7adc9bafd3e54bbaa1c614c0cf67e950',
                (select "Id" from "Country" where "ISOName" = 'usa'),
                (select "Id" from "Language" where "IsoCode" = 'eng'),
                '1991-04-12T00:00:00.0000000',
                1)
        returning *),
     u as (
         insert
             into "User" ("IdentityServerId", "Email", "DataCollection", "MainGroupId", "AnalyticsEnabled",
                          "PhoneNumber",
                          "CreatorPermissionLevel", "MainCharacterId")
                 select uuid_generate_v4(),
                        'friend-author-37-7adc9bafd3e54bbaa1c614c0cf67e950@frever-test.com',
                        true,
                        g."Id",
                        true,
                        null,
                        array []::bigint[],
                        111
                 from g
                 returning *),
     activity as (
         insert into "UserActivity" ("GroupId", "OccurredAt", "ActionType")
             select g."Id", null, 'Login'
             from g
             where null is not null)
select *
from u;
Debug [10806]: Context 'TestReadWriteDbContext' started tracking 'User' entity with key '{Id: 189659}'.
Debug [20301]: Closing data reader to 'frevertest' on server 'tcp://postgres-frever-it:5432'.
Debug [20300]: A data reader for 'frevertest' on server 'tcp://postgres-frever-it:5432' is being disposed after spending 0ms reading results.
Debug [10111]: Compiling query expression: 
'DbSet&lt;User&gt;().FromSql(
with g as (
    insert into "Group" ("NickName",
                         "TaxationCountryId",
                         "DefaultLanguageId",
                         "BirthDate",
                         "Gender"
        )
        values ('friend-author-38-7bf563b384ca478ba3309d5cf4080e54',
                (select "Id" from "Country" where "ISOName" = 'usa'),
                (select "Id" from "Language" where "IsoCode" = 'eng'),
                '1991-07-09T00:00:00.0000000',
                1)
        returning *),
     u as (
         insert
             into "User" ("IdentityServerId", "Email", "DataCollection", "MainGroupId", "AnalyticsEnabled",
                          "PhoneNumber",
                          "CreatorPermissionLevel", "MainCharacterId")
                 select uuid_generate_v4(),
                        'friend-author-38-7bf563b384ca478ba3309d5cf4080e54@frever-test.com',
                        true,
                        g."Id",
                        true,
                        null,
                        array []::bigint[],
                        111
                 from g
                 returning *),
     activity as (
         insert into "UserActivity" ("GroupId", "OccurredAt", "ActionType")
             select g."Id", null, 'Login'
             from g
             where null is not null)
select *
from u;, __p_0)
'
Debug [10107]: Generated query execution expression: 
'queryContext =&gt; new FromSqlQueryingEnumerable&lt;User&gt;(
    (RelationalQueryContext)queryContext, 
    RelationalCommandCache.QueryExpression(
        Projection Mapping:
            EmptyProjectionMember -&gt; Dictionary&lt;IProperty, int&gt; { [Property: User.Id (long) Required PK AfterSave:Throw ValueGenerated.OnAdd, 0], [Property: User.AnalyticsEnabled (bool) Required, 1], [Property: User.AppleId (string), 2], [Property: User.CreatedTime (DateTime) Required ValueGenerated.OnAdd, 3], [Property: User.CreatorPermissionLevel (long[]) Element type: long Required, 4], [Property: User.DataCollection (bool?), 5], [Property: User.Email (string) Index, 6], [Property: User.GoogleId (string), 7], [Property: User.IdentityServerId (Guid) Required Index, 8], [Property: User.IsFeatured (bool) Required, 9], [Property: User.MainCharacterId (long?) FK Index, 10], [Property: User.MainGroupId (long) Required FK Index, 11], [Property: User.ModifiedTime (DateTime) Required, 12], [Property: User.PhoneNumber (string) Index, 13] }
        SELECT f.Id, f.AnalyticsEnabled, f.AppleId, f.CreatedTime, f.CreatorPermissionLevel, f.DataCollection, f.Email, f.GoogleId, f.IdentityServerId, f.IsFeatured, f.MainCharacterId, f.MainGroupId, f.ModifiedTime, f.PhoneNumber
        FROM 
with g as (
    insert into "Group" ("NickName",
                         "TaxationCountryId",
                         "DefaultLanguageId",
                         "BirthDate",
                         "Gender"
        )
        values ('friend-author-38-7bf563b384ca478ba3309d5cf4080e54',
                (select "Id" from "Country" where "ISOName" = 'usa'),
                (select "Id" from "Language" where "IsoCode" = 'eng'),
                '1991-07-09T00:00:00.0000000',
                1)
        returning *),
     u as (
         insert
             into "User" ("IdentityServerId", "Email", "DataCollection", "MainGroupId", "AnalyticsEnabled",
                          "PhoneNumber",
                          "CreatorPermissionLevel", "MainCharacterId")
                 select uuid_generate_v4(),
                        'friend-author-38-7bf563b384ca478ba3309d5cf4080e54@frever-test.com',
                        true,
                        g."Id",
                        true,
                        null,
                        array []::bigint[],
                        111
                 from g
                 returning *),
     activity as (
         insert into "UserActivity" ("GroupId", "OccurredAt", "ActionType")
             select g."Id", null, 'Login'
             from g
             where null is not null)
select *
from u;), 
    null, 
    List&lt;string&gt; { "Id", "AnalyticsEnabled", "AppleId", "CreatedTime", "CreatorPermissionLevel", "DataCollection", "Email", "GoogleId", "IdentityServerId", "IsFeatured", "MainCharacterId", "MainGroupId", "ModifiedTime", "PhoneNumber" }, 
    Func&lt;QueryContext, DbDataReader, int[], User&gt;, 
    Frever.Common.IntegrationTesting.TestReadWriteDbContext, 
    False, 
    False, 
    True
)'
Debug [20103]: Creating DbCommand for 'ExecuteReader'.
Debug [20104]: Created DbCommand for 'ExecuteReader' (0ms).
Debug [20106]: Initialized DbCommand for 'ExecuteReader' (0ms).
Debug [20100]: Executing DbCommand [Parameters=[], CommandType='Text', CommandTimeout='60']

with g as (
    insert into "Group" ("NickName",
                         "TaxationCountryId",
                         "DefaultLanguageId",
                         "BirthDate",
                         "Gender"
        )
        values ('friend-author-38-7bf563b384ca478ba3309d5cf4080e54',
                (select "Id" from "Country" where "ISOName" = 'usa'),
                (select "Id" from "Language" where "IsoCode" = 'eng'),
                '1991-07-09T00:00:00.0000000',
                1)
        returning *),
     u as (
         insert
             into "User" ("IdentityServerId", "Email", "DataCollection", "MainGroupId", "AnalyticsEnabled",
                          "PhoneNumber",
                          "CreatorPermissionLevel", "MainCharacterId")
                 select uuid_generate_v4(),
                        'friend-author-38-7bf563b384ca478ba3309d5cf4080e54@frever-test.com',
                        true,
                        g."Id",
                        true,
                        null,
                        array []::bigint[],
                        111
                 from g
                 returning *),
     activity as (
         insert into "UserActivity" ("GroupId", "OccurredAt", "ActionType")
             select g."Id", null, 'Login'
             from g
             where null is not null)
select *
from u;
Information [20101]: Executed DbCommand (1ms) [Parameters=[], CommandType='Text', CommandTimeout='60']

with g as (
    insert into "Group" ("NickName",
                         "TaxationCountryId",
                         "DefaultLanguageId",
                         "BirthDate",
                         "Gender"
        )
        values ('friend-author-38-7bf563b384ca478ba3309d5cf4080e54',
                (select "Id" from "Country" where "ISOName" = 'usa'),
                (select "Id" from "Language" where "IsoCode" = 'eng'),
                '1991-07-09T00:00:00.0000000',
                1)
        returning *),
     u as (
         insert
             into "User" ("IdentityServerId", "Email", "DataCollection", "MainGroupId", "AnalyticsEnabled",
                          "PhoneNumber",
                          "CreatorPermissionLevel", "MainCharacterId")
                 select uuid_generate_v4(),
                        'friend-author-38-7bf563b384ca478ba3309d5cf4080e54@frever-test.com',
                        true,
                        g."Id",
                        true,
                        null,
                        array []::bigint[],
                        111
                 from g
                 returning *),
     activity as (
         insert into "UserActivity" ("GroupId", "OccurredAt", "ActionType")
             select g."Id", null, 'Login'
             from g
             where null is not null)
select *
from u;
Debug [10806]: Context 'TestReadWriteDbContext' started tracking 'User' entity with key '{Id: 189660}'.
Debug [20301]: Closing data reader to 'frevertest' on server 'tcp://postgres-frever-it:5432'.
Debug [20300]: A data reader for 'frevertest' on server 'tcp://postgres-frever-it:5432' is being disposed after spending 0ms reading results.
Debug [10111]: Compiling query expression: 
'DbSet&lt;User&gt;().FromSql(
with g as (
    insert into "Group" ("NickName",
                         "TaxationCountryId",
                         "DefaultLanguageId",
                         "BirthDate",
                         "Gender"
        )
        values ('friend-author-39-21958161926c4bb5997b023aa60504bc',
                (select "Id" from "Country" where "ISOName" = 'usa'),
                (select "Id" from "Language" where "IsoCode" = 'eng'),
                '1993-02-16T00:00:00.0000000',
                1)
        returning *),
     u as (
         insert
             into "User" ("IdentityServerId", "Email", "DataCollection", "MainGroupId", "AnalyticsEnabled",
                          "PhoneNumber",
                          "CreatorPermissionLevel", "MainCharacterId")
                 select uuid_generate_v4(),
                        'friend-author-39-21958161926c4bb5997b023aa60504bc@frever-test.com',
                        true,
                        g."Id",
                        true,
                        null,
                        array []::bigint[],
                        111
                 from g
                 returning *),
     activity as (
         insert into "UserActivity" ("GroupId", "OccurredAt", "ActionType")
             select g."Id", null, 'Login'
             from g
             where null is not null)
select *
from u;, __p_0)
'
Debug [10107]: Generated query execution expression: 
'queryContext =&gt; new FromSqlQueryingEnumerable&lt;User&gt;(
    (RelationalQueryContext)queryContext, 
    RelationalCommandCache.QueryExpression(
        Projection Mapping:
            EmptyProjectionMember -&gt; Dictionary&lt;IProperty, int&gt; { [Property: User.Id (long) Required PK AfterSave:Throw ValueGenerated.OnAdd, 0], [Property: User.AnalyticsEnabled (bool) Required, 1], [Property: User.AppleId (string), 2], [Property: User.CreatedTime (DateTime) Required ValueGenerated.OnAdd, 3], [Property: User.CreatorPermissionLevel (long[]) Element type: long Required, 4], [Property: User.DataCollection (bool?), 5], [Property: User.Email (string) Index, 6], [Property: User.GoogleId (string), 7], [Property: User.IdentityServerId (Guid) Required Index, 8], [Property: User.IsFeatured (bool) Required, 9], [Property: User.MainCharacterId (long?) FK Index, 10], [Property: User.MainGroupId (long) Required FK Index, 11], [Property: User.ModifiedTime (DateTime) Required, 12], [Property: User.PhoneNumber (string) Index, 13] }
        SELECT f.Id, f.AnalyticsEnabled, f.AppleId, f.CreatedTime, f.CreatorPermissionLevel, f.DataCollection, f.Email, f.GoogleId, f.IdentityServerId, f.IsFeatured, f.MainCharacterId, f.MainGroupId, f.ModifiedTime, f.PhoneNumber
        FROM 
with g as (
    insert into "Group" ("NickName",
                         "TaxationCountryId",
                         "DefaultLanguageId",
                         "BirthDate",
                         "Gender"
        )
        values ('friend-author-39-21958161926c4bb5997b023aa60504bc',
                (select "Id" from "Country" where "ISOName" = 'usa'),
                (select "Id" from "Language" where "IsoCode" = 'eng'),
                '1993-02-16T00:00:00.0000000',
                1)
        returning *),
     u as (
         insert
             into "User" ("IdentityServerId", "Email", "DataCollection", "MainGroupId", "AnalyticsEnabled",
                          "PhoneNumber",
                          "CreatorPermissionLevel", "MainCharacterId")
                 select uuid_generate_v4(),
                        'friend-author-39-21958161926c4bb5997b023aa60504bc@frever-test.com',
                        true,
                        g."Id",
                        true,
                        null,
                        array []::bigint[],
                        111
                 from g
                 returning *),
     activity as (
         insert into "UserActivity" ("GroupId", "OccurredAt", "ActionType")
             select g."Id", null, 'Login'
             from g
             where null is not null)
select *
from u;), 
    null, 
    List&lt;string&gt; { "Id", "AnalyticsEnabled", "AppleId", "CreatedTime", "CreatorPermissionLevel", "DataCollection", "Email", "GoogleId", "IdentityServerId", "IsFeatured", "MainCharacterId", "MainGroupId", "ModifiedTime", "PhoneNumber" }, 
    Func&lt;QueryContext, DbDataReader, int[], User&gt;, 
    Frever.Common.IntegrationTesting.TestReadWriteDbContext, 
    False, 
    False, 
    True
)'
Debug [20103]: Creating DbCommand for 'ExecuteReader'.
Debug [20104]: Created DbCommand for 'ExecuteReader' (0ms).
Debug [20106]: Initialized DbCommand for 'ExecuteReader' (0ms).
Debug [20100]: Executing DbCommand [Parameters=[], CommandType='Text', CommandTimeout='60']

with g as (
    insert into "Group" ("NickName",
                         "TaxationCountryId",
                         "DefaultLanguageId",
                         "BirthDate",
                         "Gender"
        )
        values ('friend-author-39-21958161926c4bb5997b023aa60504bc',
                (select "Id" from "Country" where "ISOName" = 'usa'),
                (select "Id" from "Language" where "IsoCode" = 'eng'),
                '1993-02-16T00:00:00.0000000',
                1)
        returning *),
     u as (
         insert
             into "User" ("IdentityServerId", "Email", "DataCollection", "MainGroupId", "AnalyticsEnabled",
                          "PhoneNumber",
                          "CreatorPermissionLevel", "MainCharacterId")
                 select uuid_generate_v4(),
                        'friend-author-39-21958161926c4bb5997b023aa60504bc@frever-test.com',
                        true,
                        g."Id",
                        true,
                        null,
                        array []::bigint[],
                        111
                 from g
                 returning *),
     activity as (
         insert into "UserActivity" ("GroupId", "OccurredAt", "ActionType")
             select g."Id", null, 'Login'
             from g
             where null is not null)
select *
from u;
Information [20101]: Executed DbCommand (2ms) [Parameters=[], CommandType='Text', CommandTimeout='60']

with g as (
    insert into "Group" ("NickName",
                         "TaxationCountryId",
                         "DefaultLanguageId",
                         "BirthDate",
                         "Gender"
        )
        values ('friend-author-39-21958161926c4bb5997b023aa60504bc',
                (select "Id" from "Country" where "ISOName" = 'usa'),
                (select "Id" from "Language" where "IsoCode" = 'eng'),
                '1993-02-16T00:00:00.0000000',
                1)
        returning *),
     u as (
         insert
             into "User" ("IdentityServerId", "Email", "DataCollection", "MainGroupId", "AnalyticsEnabled",
                          "PhoneNumber",
                          "CreatorPermissionLevel", "MainCharacterId")
                 select uuid_generate_v4(),
                        'friend-author-39-21958161926c4bb5997b023aa60504bc@frever-test.com',
                        true,
                        g."Id",
                        true,
                        null,
                        array []::bigint[],
                        111
                 from g
                 returning *),
     activity as (
         insert into "UserActivity" ("GroupId", "OccurredAt", "ActionType")
             select g."Id", null, 'Login'
             from g
             where null is not null)
select *
from u;
Debug [10806]: Context 'TestReadWriteDbContext' started tracking 'User' entity with key '{Id: 189661}'.
Debug [20301]: Closing data reader to 'frevertest' on server 'tcp://postgres-frever-it:5432'.
Debug [20300]: A data reader for 'frevertest' on server 'tcp://postgres-frever-it:5432' is being disposed after spending 0ms reading results.
Debug [10111]: Compiling query expression: 
'DbSet&lt;User&gt;().FromSql(
with g as (
    insert into "Group" ("NickName",
                         "TaxationCountryId",
                         "DefaultLanguageId",
                         "BirthDate",
                         "Gender"
        )
        values ('friend-author-40-c47ea8f07a86438f865bbb0bb75d3d45',
                (select "Id" from "Country" where "ISOName" = 'usa'),
                (select "Id" from "Language" where "IsoCode" = 'eng'),
                '1993-03-14T00:00:00.0000000',
                1)
        returning *),
     u as (
         insert
             into "User" ("IdentityServerId", "Email", "DataCollection", "MainGroupId", "AnalyticsEnabled",
                          "PhoneNumber",
                          "CreatorPermissionLevel", "MainCharacterId")
                 select uuid_generate_v4(),
                        'friend-author-40-c47ea8f07a86438f865bbb0bb75d3d45@frever-test.com',
                        true,
                        g."Id",
                        true,
                        null,
                        array []::bigint[],
                        111
                 from g
                 returning *),
     activity as (
         insert into "UserActivity" ("GroupId", "OccurredAt", "ActionType")
             select g."Id", null, 'Login'
             from g
             where null is not null)
select *
from u;, __p_0)
'
Debug [10107]: Generated query execution expression: 
'queryContext =&gt; new FromSqlQueryingEnumerable&lt;User&gt;(
    (RelationalQueryContext)queryContext, 
    RelationalCommandCache.QueryExpression(
        Projection Mapping:
            EmptyProjectionMember -&gt; Dictionary&lt;IProperty, int&gt; { [Property: User.Id (long) Required PK AfterSave:Throw ValueGenerated.OnAdd, 0], [Property: User.AnalyticsEnabled (bool) Required, 1], [Property: User.AppleId (string), 2], [Property: User.CreatedTime (DateTime) Required ValueGenerated.OnAdd, 3], [Property: User.CreatorPermissionLevel (long[]) Element type: long Required, 4], [Property: User.DataCollection (bool?), 5], [Property: User.Email (string) Index, 6], [Property: User.GoogleId (string), 7], [Property: User.IdentityServerId (Guid) Required Index, 8], [Property: User.IsFeatured (bool) Required, 9], [Property: User.MainCharacterId (long?) FK Index, 10], [Property: User.MainGroupId (long) Required FK Index, 11], [Property: User.ModifiedTime (DateTime) Required, 12], [Property: User.PhoneNumber (string) Index, 13] }
        SELECT f.Id, f.AnalyticsEnabled, f.AppleId, f.CreatedTime, f.CreatorPermissionLevel, f.DataCollection, f.Email, f.GoogleId, f.IdentityServerId, f.IsFeatured, f.MainCharacterId, f.MainGroupId, f.ModifiedTime, f.PhoneNumber
        FROM 
with g as (
    insert into "Group" ("NickName",
                         "TaxationCountryId",
                         "DefaultLanguageId",
                         "BirthDate",
                         "Gender"
        )
        values ('friend-author-40-c47ea8f07a86438f865bbb0bb75d3d45',
                (select "Id" from "Country" where "ISOName" = 'usa'),
                (select "Id" from "Language" where "IsoCode" = 'eng'),
                '1993-03-14T00:00:00.0000000',
                1)
        returning *),
     u as (
         insert
             into "User" ("IdentityServerId", "Email", "DataCollection", "MainGroupId", "AnalyticsEnabled",
                          "PhoneNumber",
                          "CreatorPermissionLevel", "MainCharacterId")
                 select uuid_generate_v4(),
                        'friend-author-40-c47ea8f07a86438f865bbb0bb75d3d45@frever-test.com',
                        true,
                        g."Id",
                        true,
                        null,
                        array []::bigint[],
                        111
                 from g
                 returning *),
     activity as (
         insert into "UserActivity" ("GroupId", "OccurredAt", "ActionType")
             select g."Id", null, 'Login'
             from g
             where null is not null)
select *
from u;), 
    null, 
    List&lt;string&gt; { "Id", "AnalyticsEnabled", "AppleId", "CreatedTime", "CreatorPermissionLevel", "DataCollection", "Email", "GoogleId", "IdentityServerId", "IsFeatured", "MainCharacterId", "MainGroupId", "ModifiedTime", "PhoneNumber" }, 
    Func&lt;QueryContext, DbDataReader, int[], User&gt;, 
    Frever.Common.IntegrationTesting.TestReadWriteDbContext, 
    False, 
    False, 
    True
)'
Debug [20103]: Creating DbCommand for 'ExecuteReader'.
Debug [20104]: Created DbCommand for 'ExecuteReader' (0ms).
Debug [20106]: Initialized DbCommand for 'ExecuteReader' (0ms).
Debug [20100]: Executing DbCommand [Parameters=[], CommandType='Text', CommandTimeout='60']

with g as (
    insert into "Group" ("NickName",
                         "TaxationCountryId",
                         "DefaultLanguageId",
                         "BirthDate",
                         "Gender"
        )
        values ('friend-author-40-c47ea8f07a86438f865bbb0bb75d3d45',
                (select "Id" from "Country" where "ISOName" = 'usa'),
                (select "Id" from "Language" where "IsoCode" = 'eng'),
                '1993-03-14T00:00:00.0000000',
                1)
        returning *),
     u as (
         insert
             into "User" ("IdentityServerId", "Email", "DataCollection", "MainGroupId", "AnalyticsEnabled",
                          "PhoneNumber",
                          "CreatorPermissionLevel", "MainCharacterId")
                 select uuid_generate_v4(),
                        'friend-author-40-c47ea8f07a86438f865bbb0bb75d3d45@frever-test.com',
                        true,
                        g."Id",
                        true,
                        null,
                        array []::bigint[],
                        111
                 from g
                 returning *),
     activity as (
         insert into "UserActivity" ("GroupId", "OccurredAt", "ActionType")
             select g."Id", null, 'Login'
             from g
             where null is not null)
select *
from u;
Information [20101]: Executed DbCommand (1ms) [Parameters=[], CommandType='Text', CommandTimeout='60']

with g as (
    insert into "Group" ("NickName",
                         "TaxationCountryId",
                         "DefaultLanguageId",
                         "BirthDate",
                         "Gender"
        )
        values ('friend-author-40-c47ea8f07a86438f865bbb0bb75d3d45',
                (select "Id" from "Country" where "ISOName" = 'usa'),
                (select "Id" from "Language" where "IsoCode" = 'eng'),
                '1993-03-14T00:00:00.0000000',
                1)
        returning *),
     u as (
         insert
             into "User" ("IdentityServerId", "Email", "DataCollection", "MainGroupId", "AnalyticsEnabled",
                          "PhoneNumber",
                          "CreatorPermissionLevel", "MainCharacterId")
                 select uuid_generate_v4(),
                        'friend-author-40-c47ea8f07a86438f865bbb0bb75d3d45@frever-test.com',
                        true,
                        g."Id",
                        true,
                        null,
                        array []::bigint[],
                        111
                 from g
                 returning *),
     activity as (
         insert into "UserActivity" ("GroupId", "OccurredAt", "ActionType")
             select g."Id", null, 'Login'
             from g
             where null is not null)
select *
from u;
Debug [10806]: Context 'TestReadWriteDbContext' started tracking 'User' entity with key '{Id: 189662}'.
Debug [20301]: Closing data reader to 'frevertest' on server 'tcp://postgres-frever-it:5432'.
Debug [20300]: A data reader for 'frevertest' on server 'tcp://postgres-frever-it:5432' is being disposed after spending 0ms reading results.
Debug [10111]: Compiling query expression: 
'DbSet&lt;User&gt;().FromSql(
with g as (
    insert into "Group" ("NickName",
                         "TaxationCountryId",
                         "DefaultLanguageId",
                         "BirthDate",
                         "Gender"
        )
        values ('friend-author-41-958d612c97b2495a99c2d93ce9f98227',
                (select "Id" from "Country" where "ISOName" = 'usa'),
                (select "Id" from "Language" where "IsoCode" = 'eng'),
                '1992-05-08T00:00:00.0000000',
                1)
        returning *),
     u as (
         insert
             into "User" ("IdentityServerId", "Email", "DataCollection", "MainGroupId", "AnalyticsEnabled",
                          "PhoneNumber",
                          "CreatorPermissionLevel", "MainCharacterId")
                 select uuid_generate_v4(),
                        'friend-author-41-958d612c97b2495a99c2d93ce9f98227@frever-test.com',
                        true,
                        g."Id",
                        true,
                        null,
                        array []::bigint[],
                        111
                 from g
                 returning *),
     activity as (
         insert into "UserActivity" ("GroupId", "OccurredAt", "ActionType")
             select g."Id", null, 'Login'
             from g
             where null is not null)
select *
from u;, __p_0)
'
Debug [10107]: Generated query execution expression: 
'queryContext =&gt; new FromSqlQueryingEnumerable&lt;User&gt;(
    (RelationalQueryContext)queryContext, 
    RelationalCommandCache.QueryExpression(
        Projection Mapping:
            EmptyProjectionMember -&gt; Dictionary&lt;IProperty, int&gt; { [Property: User.Id (long) Required PK AfterSave:Throw ValueGenerated.OnAdd, 0], [Property: User.AnalyticsEnabled (bool) Required, 1], [Property: User.AppleId (string), 2], [Property: User.CreatedTime (DateTime) Required ValueGenerated.OnAdd, 3], [Property: User.CreatorPermissionLevel (long[]) Element type: long Required, 4], [Property: User.DataCollection (bool?), 5], [Property: User.Email (string) Index, 6], [Property: User.GoogleId (string), 7], [Property: User.IdentityServerId (Guid) Required Index, 8], [Property: User.IsFeatured (bool) Required, 9], [Property: User.MainCharacterId (long?) FK Index, 10], [Property: User.MainGroupId (long) Required FK Index, 11], [Property: User.ModifiedTime (DateTime) Required, 12], [Property: User.PhoneNumber (string) Index, 13] }
        SELECT f.Id, f.AnalyticsEnabled, f.AppleId, f.CreatedTime, f.CreatorPermissionLevel, f.DataCollection, f.Email, f.GoogleId, f.IdentityServerId, f.IsFeatured, f.MainCharacterId, f.MainGroupId, f.ModifiedTime, f.PhoneNumber
        FROM 
with g as (
    insert into "Group" ("NickName",
                         "TaxationCountryId",
                         "DefaultLanguageId",
                         "BirthDate",
                         "Gender"
        )
        values ('friend-author-41-958d612c97b2495a99c2d93ce9f98227',
                (select "Id" from "Country" where "ISOName" = 'usa'),
                (select "Id" from "Language" where "IsoCode" = 'eng'),
                '1992-05-08T00:00:00.0000000',
                1)
        returning *),
     u as (
         insert
             into "User" ("IdentityServerId", "Email", "DataCollection", "MainGroupId", "AnalyticsEnabled",
                          "PhoneNumber",
                          "CreatorPermissionLevel", "MainCharacterId")
                 select uuid_generate_v4(),
                        'friend-author-41-958d612c97b2495a99c2d93ce9f98227@frever-test.com',
                        true,
                        g."Id",
                        true,
                        null,
                        array []::bigint[],
                        111
                 from g
                 returning *),
     activity as (
         insert into "UserActivity" ("GroupId", "OccurredAt", "ActionType")
             select g."Id", null, 'Login'
             from g
             where null is not null)
select *
from u;), 
    null, 
    List&lt;string&gt; { "Id", "AnalyticsEnabled", "AppleId", "CreatedTime", "CreatorPermissionLevel", "DataCollection", "Email", "GoogleId", "IdentityServerId", "IsFeatured", "MainCharacterId", "MainGroupId", "ModifiedTime", "PhoneNumber" }, 
    Func&lt;QueryContext, DbDataReader, int[], User&gt;, 
    Frever.Common.IntegrationTesting.TestReadWriteDbContext, 
    False, 
    False, 
    True
)'
Debug [20103]: Creating DbCommand for 'ExecuteReader'.
Debug [20104]: Created DbCommand for 'ExecuteReader' (0ms).
Debug [20106]: Initialized DbCommand for 'ExecuteReader' (0ms).
Debug [20100]: Executing DbCommand [Parameters=[], CommandType='Text', CommandTimeout='60']

with g as (
    insert into "Group" ("NickName",
                         "TaxationCountryId",
                         "DefaultLanguageId",
                         "BirthDate",
                         "Gender"
        )
        values ('friend-author-41-958d612c97b2495a99c2d93ce9f98227',
                (select "Id" from "Country" where "ISOName" = 'usa'),
                (select "Id" from "Language" where "IsoCode" = 'eng'),
                '1992-05-08T00:00:00.0000000',
                1)
        returning *),
     u as (
         insert
             into "User" ("IdentityServerId", "Email", "DataCollection", "MainGroupId", "AnalyticsEnabled",
                          "PhoneNumber",
                          "CreatorPermissionLevel", "MainCharacterId")
                 select uuid_generate_v4(),
                        'friend-author-41-958d612c97b2495a99c2d93ce9f98227@frever-test.com',
                        true,
                        g."Id",
                        true,
                        null,
                        array []::bigint[],
                        111
                 from g
                 returning *),
     activity as (
         insert into "UserActivity" ("GroupId", "OccurredAt", "ActionType")
             select g."Id", null, 'Login'
             from g
             where null is not null)
select *
from u;
Information [20101]: Executed DbCommand (1ms) [Parameters=[], CommandType='Text', CommandTimeout='60']

with g as (
    insert into "Group" ("NickName",
                         "TaxationCountryId",
                         "DefaultLanguageId",
                         "BirthDate",
                         "Gender"
        )
        values ('friend-author-41-958d612c97b2495a99c2d93ce9f98227',
                (select "Id" from "Country" where "ISOName" = 'usa'),
                (select "Id" from "Language" where "IsoCode" = 'eng'),
                '1992-05-08T00:00:00.0000000',
                1)
        returning *),
     u as (
         insert
             into "User" ("IdentityServerId", "Email", "DataCollection", "MainGroupId", "AnalyticsEnabled",
                          "PhoneNumber",
                          "CreatorPermissionLevel", "MainCharacterId")
                 select uuid_generate_v4(),
                        'friend-author-41-958d612c97b2495a99c2d93ce9f98227@frever-test.com',
                        true,
                        g."Id",
                        true,
                        null,
                        array []::bigint[],
                        111
                 from g
                 returning *),
     activity as (
         insert into "UserActivity" ("GroupId", "OccurredAt", "ActionType")
             select g."Id", null, 'Login'
             from g
             where null is not null)
select *
from u;
Debug [10806]: Context 'TestReadWriteDbContext' started tracking 'User' entity with key '{Id: 189663}'.
Debug [20301]: Closing data reader to 'frevertest' on server 'tcp://postgres-frever-it:5432'.
Debug [20300]: A data reader for 'frevertest' on server 'tcp://postgres-frever-it:5432' is being disposed after spending 0ms reading results.
Debug [10111]: Compiling query expression: 
'DbSet&lt;User&gt;().FromSql(
with g as (
    insert into "Group" ("NickName",
                         "TaxationCountryId",
                         "DefaultLanguageId",
                         "BirthDate",
                         "Gender"
        )
        values ('friend-author-42-8528a2ff77564529969256aaf9eb2722',
                (select "Id" from "Country" where "ISOName" = 'usa'),
                (select "Id" from "Language" where "IsoCode" = 'eng'),
                '1993-05-14T00:00:00.0000000',
                1)
        returning *),
     u as (
         insert
             into "User" ("IdentityServerId", "Email", "DataCollection", "MainGroupId", "AnalyticsEnabled",
                          "PhoneNumber",
                          "CreatorPermissionLevel", "MainCharacterId")
                 select uuid_generate_v4(),
                        'friend-author-42-8528a2ff77564529969256aaf9eb2722@frever-test.com',
                        true,
                        g."Id",
                        true,
                        null,
                        array []::bigint[],
                        111
                 from g
                 returning *),
     activity as (
         insert into "UserActivity" ("GroupId", "OccurredAt", "ActionType")
             select g."Id", null, 'Login'
             from g
             where null is not null)
select *
from u;, __p_0)
'
Debug [10107]: Generated query execution expression: 
'queryContext =&gt; new FromSqlQueryingEnumerable&lt;User&gt;(
    (RelationalQueryContext)queryContext, 
    RelationalCommandCache.QueryExpression(
        Projection Mapping:
            EmptyProjectionMember -&gt; Dictionary&lt;IProperty, int&gt; { [Property: User.Id (long) Required PK AfterSave:Throw ValueGenerated.OnAdd, 0], [Property: User.AnalyticsEnabled (bool) Required, 1], [Property: User.AppleId (string), 2], [Property: User.CreatedTime (DateTime) Required ValueGenerated.OnAdd, 3], [Property: User.CreatorPermissionLevel (long[]) Element type: long Required, 4], [Property: User.DataCollection (bool?), 5], [Property: User.Email (string) Index, 6], [Property: User.GoogleId (string), 7], [Property: User.IdentityServerId (Guid) Required Index, 8], [Property: User.IsFeatured (bool) Required, 9], [Property: User.MainCharacterId (long?) FK Index, 10], [Property: User.MainGroupId (long) Required FK Index, 11], [Property: User.ModifiedTime (DateTime) Required, 12], [Property: User.PhoneNumber (string) Index, 13] }
        SELECT f.Id, f.AnalyticsEnabled, f.AppleId, f.CreatedTime, f.CreatorPermissionLevel, f.DataCollection, f.Email, f.GoogleId, f.IdentityServerId, f.IsFeatured, f.MainCharacterId, f.MainGroupId, f.ModifiedTime, f.PhoneNumber
        FROM 
with g as (
    insert into "Group" ("NickName",
                         "TaxationCountryId",
                         "DefaultLanguageId",
                         "BirthDate",
                         "Gender"
        )
        values ('friend-author-42-8528a2ff77564529969256aaf9eb2722',
                (select "Id" from "Country" where "ISOName" = 'usa'),
                (select "Id" from "Language" where "IsoCode" = 'eng'),
                '1993-05-14T00:00:00.0000000',
                1)
        returning *),
     u as (
         insert
             into "User" ("IdentityServerId", "Email", "DataCollection", "MainGroupId", "AnalyticsEnabled",
                          "PhoneNumber",
                          "CreatorPermissionLevel", "MainCharacterId")
                 select uuid_generate_v4(),
                        'friend-author-42-8528a2ff77564529969256aaf9eb2722@frever-test.com',
                        true,
                        g."Id",
                        true,
                        null,
                        array []::bigint[],
                        111
                 from g
                 returning *),
     activity as (
         insert into "UserActivity" ("GroupId", "OccurredAt", "ActionType")
             select g."Id", null, 'Login'
             from g
             where null is not null)
select *
from u;), 
    null, 
    List&lt;string&gt; { "Id", "AnalyticsEnabled", "AppleId", "CreatedTime", "CreatorPermissionLevel", "DataCollection", "Email", "GoogleId", "IdentityServerId", "IsFeatured", "MainCharacterId", "MainGroupId", "ModifiedTime", "PhoneNumber" }, 
    Func&lt;QueryContext, DbDataReader, int[], User&gt;, 
    Frever.Common.IntegrationTesting.TestReadWriteDbContext, 
    False, 
    False, 
    True
)'
Debug [20103]: Creating DbCommand for 'ExecuteReader'.
Debug [20104]: Created DbCommand for 'ExecuteReader' (0ms).
Debug [20106]: Initialized DbCommand for 'ExecuteReader' (0ms).
Debug [20100]: Executing DbCommand [Parameters=[], CommandType='Text', CommandTimeout='60']

with g as (
    insert into "Group" ("NickName",
                         "TaxationCountryId",
                         "DefaultLanguageId",
                         "BirthDate",
                         "Gender"
        )
        values ('friend-author-42-8528a2ff77564529969256aaf9eb2722',
                (select "Id" from "Country" where "ISOName" = 'usa'),
                (select "Id" from "Language" where "IsoCode" = 'eng'),
                '1993-05-14T00:00:00.0000000',
                1)
        returning *),
     u as (
         insert
             into "User" ("IdentityServerId", "Email", "DataCollection", "MainGroupId", "AnalyticsEnabled",
                          "PhoneNumber",
                          "CreatorPermissionLevel", "MainCharacterId")
                 select uuid_generate_v4(),
                        'friend-author-42-8528a2ff77564529969256aaf9eb2722@frever-test.com',
                        true,
                        g."Id",
                        true,
                        null,
                        array []::bigint[],
                        111
                 from g
                 returning *),
     activity as (
         insert into "UserActivity" ("GroupId", "OccurredAt", "ActionType")
             select g."Id", null, 'Login'
             from g
             where null is not null)
select *
from u;
Information [20101]: Executed DbCommand (1ms) [Parameters=[], CommandType='Text', CommandTimeout='60']

with g as (
    insert into "Group" ("NickName",
                         "TaxationCountryId",
                         "DefaultLanguageId",
                         "BirthDate",
                         "Gender"
        )
        values ('friend-author-42-8528a2ff77564529969256aaf9eb2722',
                (select "Id" from "Country" where "ISOName" = 'usa'),
                (select "Id" from "Language" where "IsoCode" = 'eng'),
                '1993-05-14T00:00:00.0000000',
                1)
        returning *),
     u as (
         insert
             into "User" ("IdentityServerId", "Email", "DataCollection", "MainGroupId", "AnalyticsEnabled",
                          "PhoneNumber",
                          "CreatorPermissionLevel", "MainCharacterId")
                 select uuid_generate_v4(),
                        'friend-author-42-8528a2ff77564529969256aaf9eb2722@frever-test.com',
                        true,
                        g."Id",
                        true,
                        null,
                        array []::bigint[],
                        111
                 from g
                 returning *),
     activity as (
         insert into "UserActivity" ("GroupId", "OccurredAt", "ActionType")
             select g."Id", null, 'Login'
             from g
             where null is not null)
select *
from u;
Debug [10806]: Context 'TestReadWriteDbContext' started tracking 'User' entity with key '{Id: 189664}'.
Debug [20301]: Closing data reader to 'frevertest' on server 'tcp://postgres-frever-it:5432'.
Debug [20300]: A data reader for 'frevertest' on server 'tcp://postgres-frever-it:5432' is being disposed after spending 0ms reading results.
Debug [10111]: Compiling query expression: 
'DbSet&lt;User&gt;().FromSql(
with g as (
    insert into "Group" ("NickName",
                         "TaxationCountryId",
                         "DefaultLanguageId",
                         "BirthDate",
                         "Gender"
        )
        values ('friend-author-43-83396020e6e54e4680b5397128c586b3',
                (select "Id" from "Country" where "ISOName" = 'usa'),
                (select "Id" from "Language" where "IsoCode" = 'eng'),
                '1992-06-27T00:00:00.0000000',
                1)
        returning *),
     u as (
         insert
             into "User" ("IdentityServerId", "Email", "DataCollection", "MainGroupId", "AnalyticsEnabled",
                          "PhoneNumber",
                          "CreatorPermissionLevel", "MainCharacterId")
                 select uuid_generate_v4(),
                        'friend-author-43-83396020e6e54e4680b5397128c586b3@frever-test.com',
                        true,
                        g."Id",
                        true,
                        null,
                        array []::bigint[],
                        111
                 from g
                 returning *),
     activity as (
         insert into "UserActivity" ("GroupId", "OccurredAt", "ActionType")
             select g."Id", null, 'Login'
             from g
             where null is not null)
select *
from u;, __p_0)
'
Debug [10107]: Generated query execution expression: 
'queryContext =&gt; new FromSqlQueryingEnumerable&lt;User&gt;(
    (RelationalQueryContext)queryContext, 
    RelationalCommandCache.QueryExpression(
        Projection Mapping:
            EmptyProjectionMember -&gt; Dictionary&lt;IProperty, int&gt; { [Property: User.Id (long) Required PK AfterSave:Throw ValueGenerated.OnAdd, 0], [Property: User.AnalyticsEnabled (bool) Required, 1], [Property: User.AppleId (string), 2], [Property: User.CreatedTime (DateTime) Required ValueGenerated.OnAdd, 3], [Property: User.CreatorPermissionLevel (long[]) Element type: long Required, 4], [Property: User.DataCollection (bool?), 5], [Property: User.Email (string) Index, 6], [Property: User.GoogleId (string), 7], [Property: User.IdentityServerId (Guid) Required Index, 8], [Property: User.IsFeatured (bool) Required, 9], [Property: User.MainCharacterId (long?) FK Index, 10], [Property: User.MainGroupId (long) Required FK Index, 11], [Property: User.ModifiedTime (DateTime) Required, 12], [Property: User.PhoneNumber (string) Index, 13] }
        SELECT f.Id, f.AnalyticsEnabled, f.AppleId, f.CreatedTime, f.CreatorPermissionLevel, f.DataCollection, f.Email, f.GoogleId, f.IdentityServerId, f.IsFeatured, f.MainCharacterId, f.MainGroupId, f.ModifiedTime, f.PhoneNumber
        FROM 
with g as (
    insert into "Group" ("NickName",
                         "TaxationCountryId",
                         "DefaultLanguageId",
                         "BirthDate",
                         "Gender"
        )
        values ('friend-author-43-83396020e6e54e4680b5397128c586b3',
                (select "Id" from "Country" where "ISOName" = 'usa'),
                (select "Id" from "Language" where "IsoCode" = 'eng'),
                '1992-06-27T00:00:00.0000000',
                1)
        returning *),
     u as (
         insert
             into "User" ("IdentityServerId", "Email", "DataCollection", "MainGroupId", "AnalyticsEnabled",
                          "PhoneNumber",
                          "CreatorPermissionLevel", "MainCharacterId")
                 select uuid_generate_v4(),
                        'friend-author-43-83396020e6e54e4680b5397128c586b3@frever-test.com',
                        true,
                        g."Id",
                        true,
                        null,
                        array []::bigint[],
                        111
                 from g
                 returning *),
     activity as (
         insert into "UserActivity" ("GroupId", "OccurredAt", "ActionType")
             select g."Id", null, 'Login'
             from g
             where null is not null)
select *
from u;), 
    null, 
    List&lt;string&gt; { "Id", "AnalyticsEnabled", "AppleId", "CreatedTime", "CreatorPermissionLevel", "DataCollection", "Email", "GoogleId", "IdentityServerId", "IsFeatured", "MainCharacterId", "MainGroupId", "ModifiedTime", "PhoneNumber" }, 
    Func&lt;QueryContext, DbDataReader, int[], User&gt;, 
    Frever.Common.IntegrationTesting.TestReadWriteDbContext, 
    False, 
    False, 
    True
)'
Debug [20103]: Creating DbCommand for 'ExecuteReader'.
Debug [20104]: Created DbCommand for 'ExecuteReader' (0ms).
Debug [20106]: Initialized DbCommand for 'ExecuteReader' (0ms).
Debug [20100]: Executing DbCommand [Parameters=[], CommandType='Text', CommandTimeout='60']

with g as (
    insert into "Group" ("NickName",
                         "TaxationCountryId",
                         "DefaultLanguageId",
                         "BirthDate",
                         "Gender"
        )
        values ('friend-author-43-83396020e6e54e4680b5397128c586b3',
                (select "Id" from "Country" where "ISOName" = 'usa'),
                (select "Id" from "Language" where "IsoCode" = 'eng'),
                '1992-06-27T00:00:00.0000000',
                1)
        returning *),
     u as (
         insert
             into "User" ("IdentityServerId", "Email", "DataCollection", "MainGroupId", "AnalyticsEnabled",
                          "PhoneNumber",
                          "CreatorPermissionLevel", "MainCharacterId")
                 select uuid_generate_v4(),
                        'friend-author-43-83396020e6e54e4680b5397128c586b3@frever-test.com',
                        true,
                        g."Id",
                        true,
                        null,
                        array []::bigint[],
                        111
                 from g
                 returning *),
     activity as (
         insert into "UserActivity" ("GroupId", "OccurredAt", "ActionType")
             select g."Id", null, 'Login'
             from g
             where null is not null)
select *
from u;
Information [20101]: Executed DbCommand (1ms) [Parameters=[], CommandType='Text', CommandTimeout='60']

with g as (
    insert into "Group" ("NickName",
                         "TaxationCountryId",
                         "DefaultLanguageId",
                         "BirthDate",
                         "Gender"
        )
        values ('friend-author-43-83396020e6e54e4680b5397128c586b3',
                (select "Id" from "Country" where "ISOName" = 'usa'),
                (select "Id" from "Language" where "IsoCode" = 'eng'),
                '1992-06-27T00:00:00.0000000',
                1)
        returning *),
     u as (
         insert
             into "User" ("IdentityServerId", "Email", "DataCollection", "MainGroupId", "AnalyticsEnabled",
                          "PhoneNumber",
                          "CreatorPermissionLevel", "MainCharacterId")
                 select uuid_generate_v4(),
                        'friend-author-43-83396020e6e54e4680b5397128c586b3@frever-test.com',
                        true,
                        g."Id",
                        true,
                        null,
                        array []::bigint[],
                        111
                 from g
                 returning *),
     activity as (
         insert into "UserActivity" ("GroupId", "OccurredAt", "ActionType")
             select g."Id", null, 'Login'
             from g
             where null is not null)
select *
from u;
Debug [10806]: Context 'TestReadWriteDbContext' started tracking 'User' entity with key '{Id: 189665}'.
Debug [20301]: Closing data reader to 'frevertest' on server 'tcp://postgres-frever-it:5432'.
Debug [20300]: A data reader for 'frevertest' on server 'tcp://postgres-frever-it:5432' is being disposed after spending 0ms reading results.
Debug [10111]: Compiling query expression: 
'DbSet&lt;User&gt;().FromSql(
with g as (
    insert into "Group" ("NickName",
                         "TaxationCountryId",
                         "DefaultLanguageId",
                         "BirthDate",
                         "Gender"
        )
        values ('friend-author-44-a154acc14c014b9aacc7fc60ee6d1df8',
                (select "Id" from "Country" where "ISOName" = 'usa'),
                (select "Id" from "Language" where "IsoCode" = 'eng'),
                '1992-11-04T00:00:00.0000000',
                1)
        returning *),
     u as (
         insert
             into "User" ("IdentityServerId", "Email", "DataCollection", "MainGroupId", "AnalyticsEnabled",
                          "PhoneNumber",
                          "CreatorPermissionLevel", "MainCharacterId")
                 select uuid_generate_v4(),
                        'friend-author-44-a154acc14c014b9aacc7fc60ee6d1df8@frever-test.com',
                        true,
                        g."Id",
                        true,
                        null,
                        array []::bigint[],
                        111
                 from g
                 returning *),
     activity as (
         insert into "UserActivity" ("GroupId", "OccurredAt", "ActionType")
             select g."Id", null, 'Login'
             from g
             where null is not null)
select *
from u;, __p_0)
'
Debug [10107]: Generated query execution expression: 
'queryContext =&gt; new FromSqlQueryingEnumerable&lt;User&gt;(
    (RelationalQueryContext)queryContext, 
    RelationalCommandCache.QueryExpression(
        Projection Mapping:
            EmptyProjectionMember -&gt; Dictionary&lt;IProperty, int&gt; { [Property: User.Id (long) Required PK AfterSave:Throw ValueGenerated.OnAdd, 0], [Property: User.AnalyticsEnabled (bool) Required, 1], [Property: User.AppleId (string), 2], [Property: User.CreatedTime (DateTime) Required ValueGenerated.OnAdd, 3], [Property: User.CreatorPermissionLevel (long[]) Element type: long Required, 4], [Property: User.DataCollection (bool?), 5], [Property: User.Email (string) Index, 6], [Property: User.GoogleId (string), 7], [Property: User.IdentityServerId (Guid) Required Index, 8], [Property: User.IsFeatured (bool) Required, 9], [Property: User.MainCharacterId (long?) FK Index, 10], [Property: User.MainGroupId (long) Required FK Index, 11], [Property: User.ModifiedTime (DateTime) Required, 12], [Property: User.PhoneNumber (string) Index, 13] }
        SELECT f.Id, f.AnalyticsEnabled, f.AppleId, f.CreatedTime, f.CreatorPermissionLevel, f.DataCollection, f.Email, f.GoogleId, f.IdentityServerId, f.IsFeatured, f.MainCharacterId, f.MainGroupId, f.ModifiedTime, f.PhoneNumber
        FROM 
with g as (
    insert into "Group" ("NickName",
                         "TaxationCountryId",
                         "DefaultLanguageId",
                         "BirthDate",
                         "Gender"
        )
        values ('friend-author-44-a154acc14c014b9aacc7fc60ee6d1df8',
                (select "Id" from "Country" where "ISOName" = 'usa'),
                (select "Id" from "Language" where "IsoCode" = 'eng'),
                '1992-11-04T00:00:00.0000000',
                1)
        returning *),
     u as (
         insert
             into "User" ("IdentityServerId", "Email", "DataCollection", "MainGroupId", "AnalyticsEnabled",
                          "PhoneNumber",
                          "CreatorPermissionLevel", "MainCharacterId")
                 select uuid_generate_v4(),
                        'friend-author-44-a154acc14c014b9aacc7fc60ee6d1df8@frever-test.com',
                        true,
                        g."Id",
                        true,
                        null,
                        array []::bigint[],
                        111
                 from g
                 returning *),
     activity as (
         insert into "UserActivity" ("GroupId", "OccurredAt", "ActionType")
             select g."Id", null, 'Login'
             from g
             where null is not null)
select *
from u;), 
    null, 
    List&lt;string&gt; { "Id", "AnalyticsEnabled", "AppleId", "CreatedTime", "CreatorPermissionLevel", "DataCollection", "Email", "GoogleId", "IdentityServerId", "IsFeatured", "MainCharacterId", "MainGroupId", "ModifiedTime", "PhoneNumber" }, 
    Func&lt;QueryContext, DbDataReader, int[], User&gt;, 
    Frever.Common.IntegrationTesting.TestReadWriteDbContext, 
    False, 
    False, 
    True
)'
Debug [20103]: Creating DbCommand for 'ExecuteReader'.
Debug [20104]: Created DbCommand for 'ExecuteReader' (0ms).
Debug [20106]: Initialized DbCommand for 'ExecuteReader' (0ms).
Debug [20100]: Executing DbCommand [Parameters=[], CommandType='Text', CommandTimeout='60']

with g as (
    insert into "Group" ("NickName",
                         "TaxationCountryId",
                         "DefaultLanguageId",
                         "BirthDate",
                         "Gender"
        )
        values ('friend-author-44-a154acc14c014b9aacc7fc60ee6d1df8',
                (select "Id" from "Country" where "ISOName" = 'usa'),
                (select "Id" from "Language" where "IsoCode" = 'eng'),
                '1992-11-04T00:00:00.0000000',
                1)
        returning *),
     u as (
         insert
             into "User" ("IdentityServerId", "Email", "DataCollection", "MainGroupId", "AnalyticsEnabled",
                          "PhoneNumber",
                          "CreatorPermissionLevel", "MainCharacterId")
                 select uuid_generate_v4(),
                        'friend-author-44-a154acc14c014b9aacc7fc60ee6d1df8@frever-test.com',
                        true,
                        g."Id",
                        true,
                        null,
                        array []::bigint[],
                        111
                 from g
                 returning *),
     activity as (
         insert into "UserActivity" ("GroupId", "OccurredAt", "ActionType")
             select g."Id", null, 'Login'
             from g
             where null is not null)
select *
from u;
Information [20101]: Executed DbCommand (1ms) [Parameters=[], CommandType='Text', CommandTimeout='60']

with g as (
    insert into "Group" ("NickName",
                         "TaxationCountryId",
                         "DefaultLanguageId",
                         "BirthDate",
                         "Gender"
        )
        values ('friend-author-44-a154acc14c014b9aacc7fc60ee6d1df8',
                (select "Id" from "Country" where "ISOName" = 'usa'),
                (select "Id" from "Language" where "IsoCode" = 'eng'),
                '1992-11-04T00:00:00.0000000',
                1)
        returning *),
     u as (
         insert
             into "User" ("IdentityServerId", "Email", "DataCollection", "MainGroupId", "AnalyticsEnabled",
                          "PhoneNumber",
                          "CreatorPermissionLevel", "MainCharacterId")
                 select uuid_generate_v4(),
                        'friend-author-44-a154acc14c014b9aacc7fc60ee6d1df8@frever-test.com',
                        true,
                        g."Id",
                        true,
                        null,
                        array []::bigint[],
                        111
                 from g
                 returning *),
     activity as (
         insert into "UserActivity" ("GroupId", "OccurredAt", "ActionType")
             select g."Id", null, 'Login'
             from g
             where null is not null)
select *
from u;
Debug [10806]: Context 'TestReadWriteDbContext' started tracking 'User' entity with key '{Id: 189666}'.
Debug [20301]: Closing data reader to 'frevertest' on server 'tcp://postgres-frever-it:5432'.
Debug [20300]: A data reader for 'frevertest' on server 'tcp://postgres-frever-it:5432' is being disposed after spending 0ms reading results.
Debug [10111]: Compiling query expression: 
'DbSet&lt;User&gt;().FromSql(
with g as (
    insert into "Group" ("NickName",
                         "TaxationCountryId",
                         "DefaultLanguageId",
                         "BirthDate",
                         "Gender"
        )
        values ('friend-author-45-59a4818087e4402894b8919db36b1dab',
                (select "Id" from "Country" where "ISOName" = 'usa'),
                (select "Id" from "Language" where "IsoCode" = 'eng'),
                '1991-03-26T00:00:00.0000000',
                1)
        returning *),
     u as (
         insert
             into "User" ("IdentityServerId", "Email", "DataCollection", "MainGroupId", "AnalyticsEnabled",
                          "PhoneNumber",
                          "CreatorPermissionLevel", "MainCharacterId")
                 select uuid_generate_v4(),
                        'friend-author-45-59a4818087e4402894b8919db36b1dab@frever-test.com',
                        true,
                        g."Id",
                        true,
                        null,
                        array []::bigint[],
                        111
                 from g
                 returning *),
     activity as (
         insert into "UserActivity" ("GroupId", "OccurredAt", "ActionType")
             select g."Id", null, 'Login'
             from g
             where null is not null)
select *
from u;, __p_0)
'
Debug [10107]: Generated query execution expression: 
'queryContext =&gt; new FromSqlQueryingEnumerable&lt;User&gt;(
    (RelationalQueryContext)queryContext, 
    RelationalCommandCache.QueryExpression(
        Projection Mapping:
            EmptyProjectionMember -&gt; Dictionary&lt;IProperty, int&gt; { [Property: User.Id (long) Required PK AfterSave:Throw ValueGenerated.OnAdd, 0], [Property: User.AnalyticsEnabled (bool) Required, 1], [Property: User.AppleId (string), 2], [Property: User.CreatedTime (DateTime) Required ValueGenerated.OnAdd, 3], [Property: User.CreatorPermissionLevel (long[]) Element type: long Required, 4], [Property: User.DataCollection (bool?), 5], [Property: User.Email (string) Index, 6], [Property: User.GoogleId (string), 7], [Property: User.IdentityServerId (Guid) Required Index, 8], [Property: User.IsFeatured (bool) Required, 9], [Property: User.MainCharacterId (long?) FK Index, 10], [Property: User.MainGroupId (long) Required FK Index, 11], [Property: User.ModifiedTime (DateTime) Required, 12], [Property: User.PhoneNumber (string) Index, 13] }
        SELECT f.Id, f.AnalyticsEnabled, f.AppleId, f.CreatedTime, f.CreatorPermissionLevel, f.DataCollection, f.Email, f.GoogleId, f.IdentityServerId, f.IsFeatured, f.MainCharacterId, f.MainGroupId, f.ModifiedTime, f.PhoneNumber
        FROM 
with g as (
    insert into "Group" ("NickName",
                         "TaxationCountryId",
                         "DefaultLanguageId",
                         "BirthDate",
                         "Gender"
        )
        values ('friend-author-45-59a4818087e4402894b8919db36b1dab',
                (select "Id" from "Country" where "ISOName" = 'usa'),
                (select "Id" from "Language" where "IsoCode" = 'eng'),
                '1991-03-26T00:00:00.0000000',
                1)
        returning *),
     u as (
         insert
             into "User" ("IdentityServerId", "Email", "DataCollection", "MainGroupId", "AnalyticsEnabled",
                          "PhoneNumber",
                          "CreatorPermissionLevel", "MainCharacterId")
                 select uuid_generate_v4(),
                        'friend-author-45-59a4818087e4402894b8919db36b1dab@frever-test.com',
                        true,
                        g."Id",
                        true,
                        null,
                        array []::bigint[],
                        111
                 from g
                 returning *),
     activity as (
         insert into "UserActivity" ("GroupId", "OccurredAt", "ActionType")
             select g."Id", null, 'Login'
             from g
             where null is not null)
select *
from u;), 
    null, 
    List&lt;string&gt; { "Id", "AnalyticsEnabled", "AppleId", "CreatedTime", "CreatorPermissionLevel", "DataCollection", "Email", "GoogleId", "IdentityServerId", "IsFeatured", "MainCharacterId", "MainGroupId", "ModifiedTime", "PhoneNumber" }, 
    Func&lt;QueryContext, DbDataReader, int[], User&gt;, 
    Frever.Common.IntegrationTesting.TestReadWriteDbContext, 
    False, 
    False, 
    True
)'
Debug [20103]: Creating DbCommand for 'ExecuteReader'.
Debug [20104]: Created DbCommand for 'ExecuteReader' (0ms).
Debug [20106]: Initialized DbCommand for 'ExecuteReader' (0ms).
Debug [20100]: Executing DbCommand [Parameters=[], CommandType='Text', CommandTimeout='60']

with g as (
    insert into "Group" ("NickName",
                         "TaxationCountryId",
                         "DefaultLanguageId",
                         "BirthDate",
                         "Gender"
        )
        values ('friend-author-45-59a4818087e4402894b8919db36b1dab',
                (select "Id" from "Country" where "ISOName" = 'usa'),
                (select "Id" from "Language" where "IsoCode" = 'eng'),
                '1991-03-26T00:00:00.0000000',
                1)
        returning *),
     u as (
         insert
             into "User" ("IdentityServerId", "Email", "DataCollection", "MainGroupId", "AnalyticsEnabled",
                          "PhoneNumber",
                          "CreatorPermissionLevel", "MainCharacterId")
                 select uuid_generate_v4(),
                        'friend-author-45-59a4818087e4402894b8919db36b1dab@frever-test.com',
                        true,
                        g."Id",
                        true,
                        null,
                        array []::bigint[],
                        111
                 from g
                 returning *),
     activity as (
         insert into "UserActivity" ("GroupId", "OccurredAt", "ActionType")
             select g."Id", null, 'Login'
             from g
             where null is not null)
select *
from u;
Information [20101]: Executed DbCommand (1ms) [Parameters=[], CommandType='Text', CommandTimeout='60']

with g as (
    insert into "Group" ("NickName",
                         "TaxationCountryId",
                         "DefaultLanguageId",
                         "BirthDate",
                         "Gender"
        )
        values ('friend-author-45-59a4818087e4402894b8919db36b1dab',
                (select "Id" from "Country" where "ISOName" = 'usa'),
                (select "Id" from "Language" where "IsoCode" = 'eng'),
                '1991-03-26T00:00:00.0000000',
                1)
        returning *),
     u as (
         insert
             into "User" ("IdentityServerId", "Email", "DataCollection", "MainGroupId", "AnalyticsEnabled",
                          "PhoneNumber",
                          "CreatorPermissionLevel", "MainCharacterId")
                 select uuid_generate_v4(),
                        'friend-author-45-59a4818087e4402894b8919db36b1dab@frever-test.com',
                        true,
                        g."Id",
                        true,
                        null,
                        array []::bigint[],
                        111
                 from g
                 returning *),
     activity as (
         insert into "UserActivity" ("GroupId", "OccurredAt", "ActionType")
             select g."Id", null, 'Login'
             from g
             where null is not null)
select *
from u;
Debug [10806]: Context 'TestReadWriteDbContext' started tracking 'User' entity with key '{Id: 189667}'.
Debug [20301]: Closing data reader to 'frevertest' on server 'tcp://postgres-frever-it:5432'.
Debug [20300]: A data reader for 'frevertest' on server 'tcp://postgres-frever-it:5432' is being disposed after spending 0ms reading results.
Debug [10111]: Compiling query expression: 
'DbSet&lt;User&gt;().FromSql(
with g as (
    insert into "Group" ("NickName",
                         "TaxationCountryId",
                         "DefaultLanguageId",
                         "BirthDate",
                         "Gender"
        )
        values ('friend-author-46-e65cd2005bb5409e84e6dbe77f1df9a4',
                (select "Id" from "Country" where "ISOName" = 'usa'),
                (select "Id" from "Language" where "IsoCode" = 'eng'),
                '1992-04-25T00:00:00.0000000',
                1)
        returning *),
     u as (
         insert
             into "User" ("IdentityServerId", "Email", "DataCollection", "MainGroupId", "AnalyticsEnabled",
                          "PhoneNumber",
                          "CreatorPermissionLevel", "MainCharacterId")
                 select uuid_generate_v4(),
                        'friend-author-46-e65cd2005bb5409e84e6dbe77f1df9a4@frever-test.com',
                        true,
                        g."Id",
                        true,
                        null,
                        array []::bigint[],
                        111
                 from g
                 returning *),
     activity as (
         insert into "UserActivity" ("GroupId", "OccurredAt", "ActionType")
             select g."Id", null, 'Login'
             from g
             where null is not null)
select *
from u;, __p_0)
'
Debug [10107]: Generated query execution expression: 
'queryContext =&gt; new FromSqlQueryingEnumerable&lt;User&gt;(
    (RelationalQueryContext)queryContext, 
    RelationalCommandCache.QueryExpression(
        Projection Mapping:
            EmptyProjectionMember -&gt; Dictionary&lt;IProperty, int&gt; { [Property: User.Id (long) Required PK AfterSave:Throw ValueGenerated.OnAdd, 0], [Property: User.AnalyticsEnabled (bool) Required, 1], [Property: User.AppleId (string), 2], [Property: User.CreatedTime (DateTime) Required ValueGenerated.OnAdd, 3], [Property: User.CreatorPermissionLevel (long[]) Element type: long Required, 4], [Property: User.DataCollection (bool?), 5], [Property: User.Email (string) Index, 6], [Property: User.GoogleId (string), 7], [Property: User.IdentityServerId (Guid) Required Index, 8], [Property: User.IsFeatured (bool) Required, 9], [Property: User.MainCharacterId (long?) FK Index, 10], [Property: User.MainGroupId (long) Required FK Index, 11], [Property: User.ModifiedTime (DateTime) Required, 12], [Property: User.PhoneNumber (string) Index, 13] }
        SELECT f.Id, f.AnalyticsEnabled, f.AppleId, f.CreatedTime, f.CreatorPermissionLevel, f.DataCollection, f.Email, f.GoogleId, f.IdentityServerId, f.IsFeatured, f.MainCharacterId, f.MainGroupId, f.ModifiedTime, f.PhoneNumber
        FROM 
with g as (
    insert into "Group" ("NickName",
                         "TaxationCountryId",
                         "DefaultLanguageId",
                         "BirthDate",
                         "Gender"
        )
        values ('friend-author-46-e65cd2005bb5409e84e6dbe77f1df9a4',
                (select "Id" from "Country" where "ISOName" = 'usa'),
                (select "Id" from "Language" where "IsoCode" = 'eng'),
                '1992-04-25T00:00:00.0000000',
                1)
        returning *),
     u as (
         insert
             into "User" ("IdentityServerId", "Email", "DataCollection", "MainGroupId", "AnalyticsEnabled",
                          "PhoneNumber",
                          "CreatorPermissionLevel", "MainCharacterId")
                 select uuid_generate_v4(),
                        'friend-author-46-e65cd2005bb5409e84e6dbe77f1df9a4@frever-test.com',
                        true,
                        g."Id",
                        true,
                        null,
                        array []::bigint[],
                        111
                 from g
                 returning *),
     activity as (
         insert into "UserActivity" ("GroupId", "OccurredAt", "ActionType")
             select g."Id", null, 'Login'
             from g
             where null is not null)
select *
from u;), 
    null, 
    List&lt;string&gt; { "Id", "AnalyticsEnabled", "AppleId", "CreatedTime", "CreatorPermissionLevel", "DataCollection", "Email", "GoogleId", "IdentityServerId", "IsFeatured", "MainCharacterId", "MainGroupId", "ModifiedTime", "PhoneNumber" }, 
    Func&lt;QueryContext, DbDataReader, int[], User&gt;, 
    Frever.Common.IntegrationTesting.TestReadWriteDbContext, 
    False, 
    False, 
    True
)'
Debug [20103]: Creating DbCommand for 'ExecuteReader'.
Debug [20104]: Created DbCommand for 'ExecuteReader' (0ms).
Debug [20106]: Initialized DbCommand for 'ExecuteReader' (0ms).
Debug [20100]: Executing DbCommand [Parameters=[], CommandType='Text', CommandTimeout='60']

with g as (
    insert into "Group" ("NickName",
                         "TaxationCountryId",
                         "DefaultLanguageId",
                         "BirthDate",
                         "Gender"
        )
        values ('friend-author-46-e65cd2005bb5409e84e6dbe77f1df9a4',
                (select "Id" from "Country" where "ISOName" = 'usa'),
                (select "Id" from "Language" where "IsoCode" = 'eng'),
                '1992-04-25T00:00:00.0000000',
                1)
        returning *),
     u as (
         insert
             into "User" ("IdentityServerId", "Email", "DataCollection", "MainGroupId", "AnalyticsEnabled",
                          "PhoneNumber",
                          "CreatorPermissionLevel", "MainCharacterId")
                 select uuid_generate_v4(),
                        'friend-author-46-e65cd2005bb5409e84e6dbe77f1df9a4@frever-test.com',
                        true,
                        g."Id",
                        true,
                        null,
                        array []::bigint[],
                        111
                 from g
                 returning *),
     activity as (
         insert into "UserActivity" ("GroupId", "OccurredAt", "ActionType")
             select g."Id", null, 'Login'
             from g
             where null is not null)
select *
from u;
Information [20101]: Executed DbCommand (1ms) [Parameters=[], CommandType='Text', CommandTimeout='60']

with g as (
    insert into "Group" ("NickName",
                         "TaxationCountryId",
                         "DefaultLanguageId",
                         "BirthDate",
                         "Gender"
        )
        values ('friend-author-46-e65cd2005bb5409e84e6dbe77f1df9a4',
                (select "Id" from "Country" where "ISOName" = 'usa'),
                (select "Id" from "Language" where "IsoCode" = 'eng'),
                '1992-04-25T00:00:00.0000000',
                1)
        returning *),
     u as (
         insert
             into "User" ("IdentityServerId", "Email", "DataCollection", "MainGroupId", "AnalyticsEnabled",
                          "PhoneNumber",
                          "CreatorPermissionLevel", "MainCharacterId")
                 select uuid_generate_v4(),
                        'friend-author-46-e65cd2005bb5409e84e6dbe77f1df9a4@frever-test.com',
                        true,
                        g."Id",
                        true,
                        null,
                        array []::bigint[],
                        111
                 from g
                 returning *),
     activity as (
         insert into "UserActivity" ("GroupId", "OccurredAt", "ActionType")
             select g."Id", null, 'Login'
             from g
             where null is not null)
select *
from u;
Debug [10806]: Context 'TestReadWriteDbContext' started tracking 'User' entity with key '{Id: 189668}'.
Debug [20301]: Closing data reader to 'frevertest' on server 'tcp://postgres-frever-it:5432'.
Debug [20300]: A data reader for 'frevertest' on server 'tcp://postgres-frever-it:5432' is being disposed after spending 0ms reading results.
Debug [10111]: Compiling query expression: 
'DbSet&lt;User&gt;().FromSql(
with g as (
    insert into "Group" ("NickName",
                         "TaxationCountryId",
                         "DefaultLanguageId",
                         "BirthDate",
                         "Gender"
        )
        values ('friend-author-47-1715b76597e646009de5a15334a0b6a1',
                (select "Id" from "Country" where "ISOName" = 'usa'),
                (select "Id" from "Language" where "IsoCode" = 'eng'),
                '1992-12-21T00:00:00.0000000',
                1)
        returning *),
     u as (
         insert
             into "User" ("IdentityServerId", "Email", "DataCollection", "MainGroupId", "AnalyticsEnabled",
                          "PhoneNumber",
                          "CreatorPermissionLevel", "MainCharacterId")
                 select uuid_generate_v4(),
                        'friend-author-47-1715b76597e646009de5a15334a0b6a1@frever-test.com',
                        true,
                        g."Id",
                        true,
                        null,
                        array []::bigint[],
                        111
                 from g
                 returning *),
     activity as (
         insert into "UserActivity" ("GroupId", "OccurredAt", "ActionType")
             select g."Id", null, 'Login'
             from g
             where null is not null)
select *
from u;, __p_0)
'
Debug [10107]: Generated query execution expression: 
'queryContext =&gt; new FromSqlQueryingEnumerable&lt;User&gt;(
    (RelationalQueryContext)queryContext, 
    RelationalCommandCache.QueryExpression(
        Projection Mapping:
            EmptyProjectionMember -&gt; Dictionary&lt;IProperty, int&gt; { [Property: User.Id (long) Required PK AfterSave:Throw ValueGenerated.OnAdd, 0], [Property: User.AnalyticsEnabled (bool) Required, 1], [Property: User.AppleId (string), 2], [Property: User.CreatedTime (DateTime) Required ValueGenerated.OnAdd, 3], [Property: User.CreatorPermissionLevel (long[]) Element type: long Required, 4], [Property: User.DataCollection (bool?), 5], [Property: User.Email (string) Index, 6], [Property: User.GoogleId (string), 7], [Property: User.IdentityServerId (Guid) Required Index, 8], [Property: User.IsFeatured (bool) Required, 9], [Property: User.MainCharacterId (long?) FK Index, 10], [Property: User.MainGroupId (long) Required FK Index, 11], [Property: User.ModifiedTime (DateTime) Required, 12], [Property: User.PhoneNumber (string) Index, 13] }
        SELECT f.Id, f.AnalyticsEnabled, f.AppleId, f.CreatedTime, f.CreatorPermissionLevel, f.DataCollection, f.Email, f.GoogleId, f.IdentityServerId, f.IsFeatured, f.MainCharacterId, f.MainGroupId, f.ModifiedTime, f.PhoneNumber
        FROM 
with g as (
    insert into "Group" ("NickName",
                         "TaxationCountryId",
                         "DefaultLanguageId",
                         "BirthDate",
                         "Gender"
        )
        values ('friend-author-47-1715b76597e646009de5a15334a0b6a1',
                (select "Id" from "Country" where "ISOName" = 'usa'),
                (select "Id" from "Language" where "IsoCode" = 'eng'),
                '1992-12-21T00:00:00.0000000',
                1)
        returning *),
     u as (
         insert
             into "User" ("IdentityServerId", "Email", "DataCollection", "MainGroupId", "AnalyticsEnabled",
                          "PhoneNumber",
                          "CreatorPermissionLevel", "MainCharacterId")
                 select uuid_generate_v4(),
                        'friend-author-47-1715b76597e646009de5a15334a0b6a1@frever-test.com',
                        true,
                        g."Id",
                        true,
                        null,
                        array []::bigint[],
                        111
                 from g
                 returning *),
     activity as (
         insert into "UserActivity" ("GroupId", "OccurredAt", "ActionType")
             select g."Id", null, 'Login'
             from g
             where null is not null)
select *
from u;), 
    null, 
    List&lt;string&gt; { "Id", "AnalyticsEnabled", "AppleId", "CreatedTime", "CreatorPermissionLevel", "DataCollection", "Email", "GoogleId", "IdentityServerId", "IsFeatured", "MainCharacterId", "MainGroupId", "ModifiedTime", "PhoneNumber" }, 
    Func&lt;QueryContext, DbDataReader, int[], User&gt;, 
    Frever.Common.IntegrationTesting.TestReadWriteDbContext, 
    False, 
    False, 
    True
)'
Debug [20103]: Creating DbCommand for 'ExecuteReader'.
Debug [20104]: Created DbCommand for 'ExecuteReader' (0ms).
Debug [20106]: Initialized DbCommand for 'ExecuteReader' (0ms).
Debug [20100]: Executing DbCommand [Parameters=[], CommandType='Text', CommandTimeout='60']

with g as (
    insert into "Group" ("NickName",
                         "TaxationCountryId",
                         "DefaultLanguageId",
                         "BirthDate",
                         "Gender"
        )
        values ('friend-author-47-1715b76597e646009de5a15334a0b6a1',
                (select "Id" from "Country" where "ISOName" = 'usa'),
                (select "Id" from "Language" where "IsoCode" = 'eng'),
                '1992-12-21T00:00:00.0000000',
                1)
        returning *),
     u as (
         insert
             into "User" ("IdentityServerId", "Email", "DataCollection", "MainGroupId", "AnalyticsEnabled",
                          "PhoneNumber",
                          "CreatorPermissionLevel", "MainCharacterId")
                 select uuid_generate_v4(),
                        'friend-author-47-1715b76597e646009de5a15334a0b6a1@frever-test.com',
                        true,
                        g."Id",
                        true,
                        null,
                        array []::bigint[],
                        111
                 from g
                 returning *),
     activity as (
         insert into "UserActivity" ("GroupId", "OccurredAt", "ActionType")
             select g."Id", null, 'Login'
             from g
             where null is not null)
select *
from u;
Information [20101]: Executed DbCommand (1ms) [Parameters=[], CommandType='Text', CommandTimeout='60']

with g as (
    insert into "Group" ("NickName",
                         "TaxationCountryId",
                         "DefaultLanguageId",
                         "BirthDate",
                         "Gender"
        )
        values ('friend-author-47-1715b76597e646009de5a15334a0b6a1',
                (select "Id" from "Country" where "ISOName" = 'usa'),
                (select "Id" from "Language" where "IsoCode" = 'eng'),
                '1992-12-21T00:00:00.0000000',
                1)
        returning *),
     u as (
         insert
             into "User" ("IdentityServerId", "Email", "DataCollection", "MainGroupId", "AnalyticsEnabled",
                          "PhoneNumber",
                          "CreatorPermissionLevel", "MainCharacterId")
                 select uuid_generate_v4(),
                        'friend-author-47-1715b76597e646009de5a15334a0b6a1@frever-test.com',
                        true,
                        g."Id",
                        true,
                        null,
                        array []::bigint[],
                        111
                 from g
                 returning *),
     activity as (
         insert into "UserActivity" ("GroupId", "OccurredAt", "ActionType")
             select g."Id", null, 'Login'
             from g
             where null is not null)
select *
from u;
Debug [10806]: Context 'TestReadWriteDbContext' started tracking 'User' entity with key '{Id: 189669}'.
Debug [20301]: Closing data reader to 'frevertest' on server 'tcp://postgres-frever-it:5432'.
Debug [20300]: A data reader for 'frevertest' on server 'tcp://postgres-frever-it:5432' is being disposed after spending 0ms reading results.
Debug [10111]: Compiling query expression: 
'DbSet&lt;User&gt;().FromSql(
with g as (
    insert into "Group" ("NickName",
                         "TaxationCountryId",
                         "DefaultLanguageId",
                         "BirthDate",
                         "Gender"
        )
        values ('friend-author-48-85d4615b2be14c8baf1925e3561b34d8',
                (select "Id" from "Country" where "ISOName" = 'usa'),
                (select "Id" from "Language" where "IsoCode" = 'eng'),
                '1992-05-06T00:00:00.0000000',
                1)
        returning *),
     u as (
         insert
             into "User" ("IdentityServerId", "Email", "DataCollection", "MainGroupId", "AnalyticsEnabled",
                          "PhoneNumber",
                          "CreatorPermissionLevel", "MainCharacterId")
                 select uuid_generate_v4(),
                        'friend-author-48-85d4615b2be14c8baf1925e3561b34d8@frever-test.com',
                        true,
                        g."Id",
                        true,
                        null,
                        array []::bigint[],
                        111
                 from g
                 returning *),
     activity as (
         insert into "UserActivity" ("GroupId", "OccurredAt", "ActionType")
             select g."Id", null, 'Login'
             from g
             where null is not null)
select *
from u;, __p_0)
'
Debug [10107]: Generated query execution expression: 
'queryContext =&gt; new FromSqlQueryingEnumerable&lt;User&gt;(
    (RelationalQueryContext)queryContext, 
    RelationalCommandCache.QueryExpression(
        Projection Mapping:
            EmptyProjectionMember -&gt; Dictionary&lt;IProperty, int&gt; { [Property: User.Id (long) Required PK AfterSave:Throw ValueGenerated.OnAdd, 0], [Property: User.AnalyticsEnabled (bool) Required, 1], [Property: User.AppleId (string), 2], [Property: User.CreatedTime (DateTime) Required ValueGenerated.OnAdd, 3], [Property: User.CreatorPermissionLevel (long[]) Element type: long Required, 4], [Property: User.DataCollection (bool?), 5], [Property: User.Email (string) Index, 6], [Property: User.GoogleId (string), 7], [Property: User.IdentityServerId (Guid) Required Index, 8], [Property: User.IsFeatured (bool) Required, 9], [Property: User.MainCharacterId (long?) FK Index, 10], [Property: User.MainGroupId (long) Required FK Index, 11], [Property: User.ModifiedTime (DateTime) Required, 12], [Property: User.PhoneNumber (string) Index, 13] }
        SELECT f.Id, f.AnalyticsEnabled, f.AppleId, f.CreatedTime, f.CreatorPermissionLevel, f.DataCollection, f.Email, f.GoogleId, f.IdentityServerId, f.IsFeatured, f.MainCharacterId, f.MainGroupId, f.ModifiedTime, f.PhoneNumber
        FROM 
with g as (
    insert into "Group" ("NickName",
                         "TaxationCountryId",
                         "DefaultLanguageId",
                         "BirthDate",
                         "Gender"
        )
        values ('friend-author-48-85d4615b2be14c8baf1925e3561b34d8',
                (select "Id" from "Country" where "ISOName" = 'usa'),
                (select "Id" from "Language" where "IsoCode" = 'eng'),
                '1992-05-06T00:00:00.0000000',
                1)
        returning *),
     u as (
         insert
             into "User" ("IdentityServerId", "Email", "DataCollection", "MainGroupId", "AnalyticsEnabled",
                          "PhoneNumber",
                          "CreatorPermissionLevel", "MainCharacterId")
                 select uuid_generate_v4(),
                        'friend-author-48-85d4615b2be14c8baf1925e3561b34d8@frever-test.com',
                        true,
                        g."Id",
                        true,
                        null,
                        array []::bigint[],
                        111
                 from g
                 returning *),
     activity as (
         insert into "UserActivity" ("GroupId", "OccurredAt", "ActionType")
             select g."Id", null, 'Login'
             from g
             where null is not null)
select *
from u;), 
    null, 
    List&lt;string&gt; { "Id", "AnalyticsEnabled", "AppleId", "CreatedTime", "CreatorPermissionLevel", "DataCollection", "Email", "GoogleId", "IdentityServerId", "IsFeatured", "MainCharacterId", "MainGroupId", "ModifiedTime", "PhoneNumber" }, 
    Func&lt;QueryContext, DbDataReader, int[], User&gt;, 
    Frever.Common.IntegrationTesting.TestReadWriteDbContext, 
    False, 
    False, 
    True
)'
Debug [20103]: Creating DbCommand for 'ExecuteReader'.
Debug [20104]: Created DbCommand for 'ExecuteReader' (0ms).
Debug [20106]: Initialized DbCommand for 'ExecuteReader' (0ms).
Debug [20100]: Executing DbCommand [Parameters=[], CommandType='Text', CommandTimeout='60']

with g as (
    insert into "Group" ("NickName",
                         "TaxationCountryId",
                         "DefaultLanguageId",
                         "BirthDate",
                         "Gender"
        )
        values ('friend-author-48-85d4615b2be14c8baf1925e3561b34d8',
                (select "Id" from "Country" where "ISOName" = 'usa'),
                (select "Id" from "Language" where "IsoCode" = 'eng'),
                '1992-05-06T00:00:00.0000000',
                1)
        returning *),
     u as (
         insert
             into "User" ("IdentityServerId", "Email", "DataCollection", "MainGroupId", "AnalyticsEnabled",
                          "PhoneNumber",
                          "CreatorPermissionLevel", "MainCharacterId")
                 select uuid_generate_v4(),
                        'friend-author-48-85d4615b2be14c8baf1925e3561b34d8@frever-test.com',
                        true,
                        g."Id",
                        true,
                        null,
                        array []::bigint[],
                        111
                 from g
                 returning *),
     activity as (
         insert into "UserActivity" ("GroupId", "OccurredAt", "ActionType")
             select g."Id", null, 'Login'
             from g
             where null is not null)
select *
from u;
Information [20101]: Executed DbCommand (1ms) [Parameters=[], CommandType='Text', CommandTimeout='60']

with g as (
    insert into "Group" ("NickName",
                         "TaxationCountryId",
                         "DefaultLanguageId",
                         "BirthDate",
                         "Gender"
        )
        values ('friend-author-48-85d4615b2be14c8baf1925e3561b34d8',
                (select "Id" from "Country" where "ISOName" = 'usa'),
                (select "Id" from "Language" where "IsoCode" = 'eng'),
                '1992-05-06T00:00:00.0000000',
                1)
        returning *),
     u as (
         insert
             into "User" ("IdentityServerId", "Email", "DataCollection", "MainGroupId", "AnalyticsEnabled",
                          "PhoneNumber",
                          "CreatorPermissionLevel", "MainCharacterId")
                 select uuid_generate_v4(),
                        'friend-author-48-85d4615b2be14c8baf1925e3561b34d8@frever-test.com',
                        true,
                        g."Id",
                        true,
                        null,
                        array []::bigint[],
                        111
                 from g
                 returning *),
     activity as (
         insert into "UserActivity" ("GroupId", "OccurredAt", "ActionType")
             select g."Id", null, 'Login'
             from g
             where null is not null)
select *
from u;
Debug [10806]: Context 'TestReadWriteDbContext' started tracking 'User' entity with key '{Id: 189670}'.
Debug [20301]: Closing data reader to 'frevertest' on server 'tcp://postgres-frever-it:5432'.
Debug [20300]: A data reader for 'frevertest' on server 'tcp://postgres-frever-it:5432' is being disposed after spending 0ms reading results.
Debug [10111]: Compiling query expression: 
'DbSet&lt;User&gt;().FromSql(
with g as (
    insert into "Group" ("NickName",
                         "TaxationCountryId",
                         "DefaultLanguageId",
                         "BirthDate",
                         "Gender"
        )
        values ('friend-author-49-a8463d1c7cb04447ae889e9f19631c76',
                (select "Id" from "Country" where "ISOName" = 'usa'),
                (select "Id" from "Language" where "IsoCode" = 'eng'),
                '1990-12-25T00:00:00.0000000',
                1)
        returning *),
     u as (
         insert
             into "User" ("IdentityServerId", "Email", "DataCollection", "MainGroupId", "AnalyticsEnabled",
                          "PhoneNumber",
                          "CreatorPermissionLevel", "MainCharacterId")
                 select uuid_generate_v4(),
                        'friend-author-49-a8463d1c7cb04447ae889e9f19631c76@frever-test.com',
                        true,
                        g."Id",
                        true,
                        null,
                        array []::bigint[],
                        111
                 from g
                 returning *),
     activity as (
         insert into "UserActivity" ("GroupId", "OccurredAt", "ActionType")
             select g."Id", null, 'Login'
             from g
             where null is not null)
select *
from u;, __p_0)
'
Debug [10107]: Generated query execution expression: 
'queryContext =&gt; new FromSqlQueryingEnumerable&lt;User&gt;(
    (RelationalQueryContext)queryContext, 
    RelationalCommandCache.QueryExpression(
        Projection Mapping:
            EmptyProjectionMember -&gt; Dictionary&lt;IProperty, int&gt; { [Property: User.Id (long) Required PK AfterSave:Throw ValueGenerated.OnAdd, 0], [Property: User.AnalyticsEnabled (bool) Required, 1], [Property: User.AppleId (string), 2], [Property: User.CreatedTime (DateTime) Required ValueGenerated.OnAdd, 3], [Property: User.CreatorPermissionLevel (long[]) Element type: long Required, 4], [Property: User.DataCollection (bool?), 5], [Property: User.Email (string) Index, 6], [Property: User.GoogleId (string), 7], [Property: User.IdentityServerId (Guid) Required Index, 8], [Property: User.IsFeatured (bool) Required, 9], [Property: User.MainCharacterId (long?) FK Index, 10], [Property: User.MainGroupId (long) Required FK Index, 11], [Property: User.ModifiedTime (DateTime) Required, 12], [Property: User.PhoneNumber (string) Index, 13] }
        SELECT f.Id, f.AnalyticsEnabled, f.AppleId, f.CreatedTime, f.CreatorPermissionLevel, f.DataCollection, f.Email, f.GoogleId, f.IdentityServerId, f.IsFeatured, f.MainCharacterId, f.MainGroupId, f.ModifiedTime, f.PhoneNumber
        FROM 
with g as (
    insert into "Group" ("NickName",
                         "TaxationCountryId",
                         "DefaultLanguageId",
                         "BirthDate",
                         "Gender"
        )
        values ('friend-author-49-a8463d1c7cb04447ae889e9f19631c76',
                (select "Id" from "Country" where "ISOName" = 'usa'),
                (select "Id" from "Language" where "IsoCode" = 'eng'),
                '1990-12-25T00:00:00.0000000',
                1)
        returning *),
     u as (
         insert
             into "User" ("IdentityServerId", "Email", "DataCollection", "MainGroupId", "AnalyticsEnabled",
                          "PhoneNumber",
                          "CreatorPermissionLevel", "MainCharacterId")
                 select uuid_generate_v4(),
                        'friend-author-49-a8463d1c7cb04447ae889e9f19631c76@frever-test.com',
                        true,
                        g."Id",
                        true,
                        null,
                        array []::bigint[],
                        111
                 from g
                 returning *),
     activity as (
         insert into "UserActivity" ("GroupId", "OccurredAt", "ActionType")
             select g."Id", null, 'Login'
             from g
             where null is not null)
select *
from u;), 
    null, 
    List&lt;string&gt; { "Id", "AnalyticsEnabled", "AppleId", "CreatedTime", "CreatorPermissionLevel", "DataCollection", "Email", "GoogleId", "IdentityServerId", "IsFeatured", "MainCharacterId", "MainGroupId", "ModifiedTime", "PhoneNumber" }, 
    Func&lt;QueryContext, DbDataReader, int[], User&gt;, 
    Frever.Common.IntegrationTesting.TestReadWriteDbContext, 
    False, 
    False, 
    True
)'
Debug [20103]: Creating DbCommand for 'ExecuteReader'.
Debug [20104]: Created DbCommand for 'ExecuteReader' (0ms).
Debug [20106]: Initialized DbCommand for 'ExecuteReader' (0ms).
Debug [20100]: Executing DbCommand [Parameters=[], CommandType='Text', CommandTimeout='60']

with g as (
    insert into "Group" ("NickName",
                         "TaxationCountryId",
                         "DefaultLanguageId",
                         "BirthDate",
                         "Gender"
        )
        values ('friend-author-49-a8463d1c7cb04447ae889e9f19631c76',
                (select "Id" from "Country" where "ISOName" = 'usa'),
                (select "Id" from "Language" where "IsoCode" = 'eng'),
                '1990-12-25T00:00:00.0000000',
                1)
        returning *),
     u as (
         insert
             into "User" ("IdentityServerId", "Email", "DataCollection", "MainGroupId", "AnalyticsEnabled",
                          "PhoneNumber",
                          "CreatorPermissionLevel", "MainCharacterId")
                 select uuid_generate_v4(),
                        'friend-author-49-a8463d1c7cb04447ae889e9f19631c76@frever-test.com',
                        true,
                        g."Id",
                        true,
                        null,
                        array []::bigint[],
                        111
                 from g
                 returning *),
     activity as (
         insert into "UserActivity" ("GroupId", "OccurredAt", "ActionType")
             select g."Id", null, 'Login'
             from g
             where null is not null)
select *
from u;
Information [20101]: Executed DbCommand (1ms) [Parameters=[], CommandType='Text', CommandTimeout='60']

with g as (
    insert into "Group" ("NickName",
                         "TaxationCountryId",
                         "DefaultLanguageId",
                         "BirthDate",
                         "Gender"
        )
        values ('friend-author-49-a8463d1c7cb04447ae889e9f19631c76',
                (select "Id" from "Country" where "ISOName" = 'usa'),
                (select "Id" from "Language" where "IsoCode" = 'eng'),
                '1990-12-25T00:00:00.0000000',
                1)
        returning *),
     u as (
         insert
             into "User" ("IdentityServerId", "Email", "DataCollection", "MainGroupId", "AnalyticsEnabled",
                          "PhoneNumber",
                          "CreatorPermissionLevel", "MainCharacterId")
                 select uuid_generate_v4(),
                        'friend-author-49-a8463d1c7cb04447ae889e9f19631c76@frever-test.com',
                        true,
                        g."Id",
                        true,
                        null,
                        array []::bigint[],
                        111
                 from g
                 returning *),
     activity as (
         insert into "UserActivity" ("GroupId", "OccurredAt", "ActionType")
             select g."Id", null, 'Login'
             from g
             where null is not null)
select *
from u;
Debug [10806]: Context 'TestReadWriteDbContext' started tracking 'User' entity with key '{Id: 189671}'.
Debug [20301]: Closing data reader to 'frevertest' on server 'tcp://postgres-frever-it:5432'.
Debug [20300]: A data reader for 'frevertest' on server 'tcp://postgres-frever-it:5432' is being disposed after spending 0ms reading results.
Debug [10111]: Compiling query expression: 
'DbSet&lt;User&gt;().FromSql(
with g as (
    insert into "Group" ("NickName",
                         "TaxationCountryId",
                         "DefaultLanguageId",
                         "BirthDate",
                         "Gender"
        )
        values ('friend-author-50-7f301595b92e43649a8c29b91f0e6588',
                (select "Id" from "Country" where "ISOName" = 'usa'),
                (select "Id" from "Language" where "IsoCode" = 'eng'),
                '1991-12-10T00:00:00.0000000',
                1)
        returning *),
     u as (
         insert
             into "User" ("IdentityServerId", "Email", "DataCollection", "MainGroupId", "AnalyticsEnabled",
                          "PhoneNumber",
                          "CreatorPermissionLevel", "MainCharacterId")
                 select uuid_generate_v4(),
                        'friend-author-50-7f301595b92e43649a8c29b91f0e6588@frever-test.com',
                        true,
                        g."Id",
                        true,
                        null,
                        array []::bigint[],
                        111
                 from g
                 returning *),
     activity as (
         insert into "UserActivity" ("GroupId", "OccurredAt", "ActionType")
             select g."Id", null, 'Login'
             from g
             where null is not null)
select *
from u;, __p_0)
'
Debug [10107]: Generated query execution expression: 
'queryContext =&gt; new FromSqlQueryingEnumerable&lt;User&gt;(
    (RelationalQueryContext)queryContext, 
    RelationalCommandCache.QueryExpression(
        Projection Mapping:
            EmptyProjectionMember -&gt; Dictionary&lt;IProperty, int&gt; { [Property: User.Id (long) Required PK AfterSave:Throw ValueGenerated.OnAdd, 0], [Property: User.AnalyticsEnabled (bool) Required, 1], [Property: User.AppleId (string), 2], [Property: User.CreatedTime (DateTime) Required ValueGenerated.OnAdd, 3], [Property: User.CreatorPermissionLevel (long[]) Element type: long Required, 4], [Property: User.DataCollection (bool?), 5], [Property: User.Email (string) Index, 6], [Property: User.GoogleId (string), 7], [Property: User.IdentityServerId (Guid) Required Index, 8], [Property: User.IsFeatured (bool) Required, 9], [Property: User.MainCharacterId (long?) FK Index, 10], [Property: User.MainGroupId (long) Required FK Index, 11], [Property: User.ModifiedTime (DateTime) Required, 12], [Property: User.PhoneNumber (string) Index, 13] }
        SELECT f.Id, f.AnalyticsEnabled, f.AppleId, f.CreatedTime, f.CreatorPermissionLevel, f.DataCollection, f.Email, f.GoogleId, f.IdentityServerId, f.IsFeatured, f.MainCharacterId, f.MainGroupId, f.ModifiedTime, f.PhoneNumber
        FROM 
with g as (
    insert into "Group" ("NickName",
                         "TaxationCountryId",
                         "DefaultLanguageId",
                         "BirthDate",
                         "Gender"
        )
        values ('friend-author-50-7f301595b92e43649a8c29b91f0e6588',
                (select "Id" from "Country" where "ISOName" = 'usa'),
                (select "Id" from "Language" where "IsoCode" = 'eng'),
                '1991-12-10T00:00:00.0000000',
                1)
        returning *),
     u as (
         insert
             into "User" ("IdentityServerId", "Email", "DataCollection", "MainGroupId", "AnalyticsEnabled",
                          "PhoneNumber",
                          "CreatorPermissionLevel", "MainCharacterId")
                 select uuid_generate_v4(),
                        'friend-author-50-7f301595b92e43649a8c29b91f0e6588@frever-test.com',
                        true,
                        g."Id",
                        true,
                        null,
                        array []::bigint[],
                        111
                 from g
                 returning *),
     activity as (
         insert into "UserActivity" ("GroupId", "OccurredAt", "ActionType")
             select g."Id", null, 'Login'
             from g
             where null is not null)
select *
from u;), 
    null, 
    List&lt;string&gt; { "Id", "AnalyticsEnabled", "AppleId", "CreatedTime", "CreatorPermissionLevel", "DataCollection", "Email", "GoogleId", "IdentityServerId", "IsFeatured", "MainCharacterId", "MainGroupId", "ModifiedTime", "PhoneNumber" }, 
    Func&lt;QueryContext, DbDataReader, int[], User&gt;, 
    Frever.Common.IntegrationTesting.TestReadWriteDbContext, 
    False, 
    False, 
    True
)'
Debug [20103]: Creating DbCommand for 'ExecuteReader'.
Debug [20104]: Created DbCommand for 'ExecuteReader' (0ms).
Debug [20106]: Initialized DbCommand for 'ExecuteReader' (0ms).
Debug [20100]: Executing DbCommand [Parameters=[], CommandType='Text', CommandTimeout='60']

with g as (
    insert into "Group" ("NickName",
                         "TaxationCountryId",
                         "DefaultLanguageId",
                         "BirthDate",
                         "Gender"
        )
        values ('friend-author-50-7f301595b92e43649a8c29b91f0e6588',
                (select "Id" from "Country" where "ISOName" = 'usa'),
                (select "Id" from "Language" where "IsoCode" = 'eng'),
                '1991-12-10T00:00:00.0000000',
                1)
        returning *),
     u as (
         insert
             into "User" ("IdentityServerId", "Email", "DataCollection", "MainGroupId", "AnalyticsEnabled",
                          "PhoneNumber",
                          "CreatorPermissionLevel", "MainCharacterId")
                 select uuid_generate_v4(),
                        'friend-author-50-7f301595b92e43649a8c29b91f0e6588@frever-test.com',
                        true,
                        g."Id",
                        true,
                        null,
                        array []::bigint[],
                        111
                 from g
                 returning *),
     activity as (
         insert into "UserActivity" ("GroupId", "OccurredAt", "ActionType")
             select g."Id", null, 'Login'
             from g
             where null is not null)
select *
from u;
Information [20101]: Executed DbCommand (1ms) [Parameters=[], CommandType='Text', CommandTimeout='60']

with g as (
    insert into "Group" ("NickName",
                         "TaxationCountryId",
                         "DefaultLanguageId",
                         "BirthDate",
                         "Gender"
        )
        values ('friend-author-50-7f301595b92e43649a8c29b91f0e6588',
                (select "Id" from "Country" where "ISOName" = 'usa'),
                (select "Id" from "Language" where "IsoCode" = 'eng'),
                '1991-12-10T00:00:00.0000000',
                1)
        returning *),
     u as (
         insert
             into "User" ("IdentityServerId", "Email", "DataCollection", "MainGroupId", "AnalyticsEnabled",
                          "PhoneNumber",
                          "CreatorPermissionLevel", "MainCharacterId")
                 select uuid_generate_v4(),
                        'friend-author-50-7f301595b92e43649a8c29b91f0e6588@frever-test.com',
                        true,
                        g."Id",
                        true,
                        null,
                        array []::bigint[],
                        111
                 from g
                 returning *),
     activity as (
         insert into "UserActivity" ("GroupId", "OccurredAt", "ActionType")
             select g."Id", null, 'Login'
             from g
             where null is not null)
select *
from u;
Debug [10806]: Context 'TestReadWriteDbContext' started tracking 'User' entity with key '{Id: 189672}'.
Debug [20301]: Closing data reader to 'frevertest' on server 'tcp://postgres-frever-it:5432'.
Debug [20300]: A data reader for 'frevertest' on server 'tcp://postgres-frever-it:5432' is being disposed after spending 0ms reading results.
Debug [10111]: Compiling query expression: 
'DbSet&lt;User&gt;().FromSql(
with g as (
    insert into "Group" ("NickName",
                         "TaxationCountryId",
                         "DefaultLanguageId",
                         "BirthDate",
                         "Gender"
        )
        values ('friend-author-51-f2ca6838cd2348a9a2411839d72903f5',
                (select "Id" from "Country" where "ISOName" = 'usa'),
                (select "Id" from "Language" where "IsoCode" = 'eng'),
                '1991-03-06T00:00:00.0000000',
                1)
        returning *),
     u as (
         insert
             into "User" ("IdentityServerId", "Email", "DataCollection", "MainGroupId", "AnalyticsEnabled",
                          "PhoneNumber",
                          "CreatorPermissionLevel", "MainCharacterId")
                 select uuid_generate_v4(),
                        'friend-author-51-f2ca6838cd2348a9a2411839d72903f5@frever-test.com',
                        true,
                        g."Id",
                        true,
                        null,
                        array []::bigint[],
                        111
                 from g
                 returning *),
     activity as (
         insert into "UserActivity" ("GroupId", "OccurredAt", "ActionType")
             select g."Id", null, 'Login'
             from g
             where null is not null)
select *
from u;, __p_0)
'
Debug [10107]: Generated query execution expression: 
'queryContext =&gt; new FromSqlQueryingEnumerable&lt;User&gt;(
    (RelationalQueryContext)queryContext, 
    RelationalCommandCache.QueryExpression(
        Projection Mapping:
            EmptyProjectionMember -&gt; Dictionary&lt;IProperty, int&gt; { [Property: User.Id (long) Required PK AfterSave:Throw ValueGenerated.OnAdd, 0], [Property: User.AnalyticsEnabled (bool) Required, 1], [Property: User.AppleId (string), 2], [Property: User.CreatedTime (DateTime) Required ValueGenerated.OnAdd, 3], [Property: User.CreatorPermissionLevel (long[]) Element type: long Required, 4], [Property: User.DataCollection (bool?), 5], [Property: User.Email (string) Index, 6], [Property: User.GoogleId (string), 7], [Property: User.IdentityServerId (Guid) Required Index, 8], [Property: User.IsFeatured (bool) Required, 9], [Property: User.MainCharacterId (long?) FK Index, 10], [Property: User.MainGroupId (long) Required FK Index, 11], [Property: User.ModifiedTime (DateTime) Required, 12], [Property: User.PhoneNumber (string) Index, 13] }
        SELECT f.Id, f.AnalyticsEnabled, f.AppleId, f.CreatedTime, f.CreatorPermissionLevel, f.DataCollection, f.Email, f.GoogleId, f.IdentityServerId, f.IsFeatured, f.MainCharacterId, f.MainGroupId, f.ModifiedTime, f.PhoneNumber
        FROM 
with g as (
    insert into "Group" ("NickName",
                         "TaxationCountryId",
                         "DefaultLanguageId",
                         "BirthDate",
                         "Gender"
        )
        values ('friend-author-51-f2ca6838cd2348a9a2411839d72903f5',
                (select "Id" from "Country" where "ISOName" = 'usa'),
                (select "Id" from "Language" where "IsoCode" = 'eng'),
                '1991-03-06T00:00:00.0000000',
                1)
        returning *),
     u as (
         insert
             into "User" ("IdentityServerId", "Email", "DataCollection", "MainGroupId", "AnalyticsEnabled",
                          "PhoneNumber",
                          "CreatorPermissionLevel", "MainCharacterId")
                 select uuid_generate_v4(),
                        'friend-author-51-f2ca6838cd2348a9a2411839d72903f5@frever-test.com',
                        true,
                        g."Id",
                        true,
                        null,
                        array []::bigint[],
                        111
                 from g
                 returning *),
     activity as (
         insert into "UserActivity" ("GroupId", "OccurredAt", "ActionType")
             select g."Id", null, 'Login'
             from g
             where null is not null)
select *
from u;), 
    null, 
    List&lt;string&gt; { "Id", "AnalyticsEnabled", "AppleId", "CreatedTime", "CreatorPermissionLevel", "DataCollection", "Email", "GoogleId", "IdentityServerId", "IsFeatured", "MainCharacterId", "MainGroupId", "ModifiedTime", "PhoneNumber" }, 
    Func&lt;QueryContext, DbDataReader, int[], User&gt;, 
    Frever.Common.IntegrationTesting.TestReadWriteDbContext, 
    False, 
    False, 
    True
)'
Debug [20103]: Creating DbCommand for 'ExecuteReader'.
Debug [20104]: Created DbCommand for 'ExecuteReader' (0ms).
Debug [20106]: Initialized DbCommand for 'ExecuteReader' (0ms).
Debug [20100]: Executing DbCommand [Parameters=[], CommandType='Text', CommandTimeout='60']

with g as (
    insert into "Group" ("NickName",
                         "TaxationCountryId",
                         "DefaultLanguageId",
                         "BirthDate",
                         "Gender"
        )
        values ('friend-author-51-f2ca6838cd2348a9a2411839d72903f5',
                (select "Id" from "Country" where "ISOName" = 'usa'),
                (select "Id" from "Language" where "IsoCode" = 'eng'),
                '1991-03-06T00:00:00.0000000',
                1)
        returning *),
     u as (
         insert
             into "User" ("IdentityServerId", "Email", "DataCollection", "MainGroupId", "AnalyticsEnabled",
                          "PhoneNumber",
                          "CreatorPermissionLevel", "MainCharacterId")
                 select uuid_generate_v4(),
                        'friend-author-51-f2ca6838cd2348a9a2411839d72903f5@frever-test.com',
                        true,
                        g."Id",
                        true,
                        null,
                        array []::bigint[],
                        111
                 from g
                 returning *),
     activity as (
         insert into "UserActivity" ("GroupId", "OccurredAt", "ActionType")
             select g."Id", null, 'Login'
             from g
             where null is not null)
select *
from u;
Information [20101]: Executed DbCommand (1ms) [Parameters=[], CommandType='Text', CommandTimeout='60']

with g as (
    insert into "Group" ("NickName",
                         "TaxationCountryId",
                         "DefaultLanguageId",
                         "BirthDate",
                         "Gender"
        )
        values ('friend-author-51-f2ca6838cd2348a9a2411839d72903f5',
                (select "Id" from "Country" where "ISOName" = 'usa'),
                (select "Id" from "Language" where "IsoCode" = 'eng'),
                '1991-03-06T00:00:00.0000000',
                1)
        returning *),
     u as (
         insert
             into "User" ("IdentityServerId", "Email", "DataCollection", "MainGroupId", "AnalyticsEnabled",
                          "PhoneNumber",
                          "CreatorPermissionLevel", "MainCharacterId")
                 select uuid_generate_v4(),
                        'friend-author-51-f2ca6838cd2348a9a2411839d72903f5@frever-test.com',
                        true,
                        g."Id",
                        true,
                        null,
                        array []::bigint[],
                        111
                 from g
                 returning *),
     activity as (
         insert into "UserActivity" ("GroupId", "OccurredAt", "ActionType")
             select g."Id", null, 'Login'
             from g
             where null is not null)
select *
from u;
Debug [10806]: Context 'TestReadWriteDbContext' started tracking 'User' entity with key '{Id: 189673}'.
Debug [20301]: Closing data reader to 'frevertest' on server 'tcp://postgres-frever-it:5432'.
Debug [20300]: A data reader for 'frevertest' on server 'tcp://postgres-frever-it:5432' is being disposed after spending 0ms reading results.
Debug [10111]: Compiling query expression: 
'DbSet&lt;User&gt;().FromSql(
with g as (
    insert into "Group" ("NickName",
                         "TaxationCountryId",
                         "DefaultLanguageId",
                         "BirthDate",
                         "Gender"
        )
        values ('friend-author-52-40f4222fc8bc48ee8cf2fb8348104617',
                (select "Id" from "Country" where "ISOName" = 'usa'),
                (select "Id" from "Language" where "IsoCode" = 'eng'),
                '1991-10-19T00:00:00.0000000',
                1)
        returning *),
     u as (
         insert
             into "User" ("IdentityServerId", "Email", "DataCollection", "MainGroupId", "AnalyticsEnabled",
                          "PhoneNumber",
                          "CreatorPermissionLevel", "MainCharacterId")
                 select uuid_generate_v4(),
                        'friend-author-52-40f4222fc8bc48ee8cf2fb8348104617@frever-test.com',
                        true,
                        g."Id",
                        true,
                        null,
                        array []::bigint[],
                        111
                 from g
                 returning *),
     activity as (
         insert into "UserActivity" ("GroupId", "OccurredAt", "ActionType")
             select g."Id", null, 'Login'
             from g
             where null is not null)
select *
from u;, __p_0)
'
Debug [10107]: Generated query execution expression: 
'queryContext =&gt; new FromSqlQueryingEnumerable&lt;User&gt;(
    (RelationalQueryContext)queryContext, 
    RelationalCommandCache.QueryExpression(
        Projection Mapping:
            EmptyProjectionMember -&gt; Dictionary&lt;IProperty, int&gt; { [Property: User.Id (long) Required PK AfterSave:Throw ValueGenerated.OnAdd, 0], [Property: User.AnalyticsEnabled (bool) Required, 1], [Property: User.AppleId (string), 2], [Property: User.CreatedTime (DateTime) Required ValueGenerated.OnAdd, 3], [Property: User.CreatorPermissionLevel (long[]) Element type: long Required, 4], [Property: User.DataCollection (bool?), 5], [Property: User.Email (string) Index, 6], [Property: User.GoogleId (string), 7], [Property: User.IdentityServerId (Guid) Required Index, 8], [Property: User.IsFeatured (bool) Required, 9], [Property: User.MainCharacterId (long?) FK Index, 10], [Property: User.MainGroupId (long) Required FK Index, 11], [Property: User.ModifiedTime (DateTime) Required, 12], [Property: User.PhoneNumber (string) Index, 13] }
        SELECT f.Id, f.AnalyticsEnabled, f.AppleId, f.CreatedTime, f.CreatorPermissionLevel, f.DataCollection, f.Email, f.GoogleId, f.IdentityServerId, f.IsFeatured, f.MainCharacterId, f.MainGroupId, f.ModifiedTime, f.PhoneNumber
        FROM 
with g as (
    insert into "Group" ("NickName",
                         "TaxationCountryId",
                         "DefaultLanguageId",
                         "BirthDate",
                         "Gender"
        )
        values ('friend-author-52-40f4222fc8bc48ee8cf2fb8348104617',
                (select "Id" from "Country" where "ISOName" = 'usa'),
                (select "Id" from "Language" where "IsoCode" = 'eng'),
                '1991-10-19T00:00:00.0000000',
                1)
        returning *),
     u as (
         insert
             into "User" ("IdentityServerId", "Email", "DataCollection", "MainGroupId", "AnalyticsEnabled",
                          "PhoneNumber",
                          "CreatorPermissionLevel", "MainCharacterId")
                 select uuid_generate_v4(),
                        'friend-author-52-40f4222fc8bc48ee8cf2fb8348104617@frever-test.com',
                        true,
                        g."Id",
                        true,
                        null,
                        array []::bigint[],
                        111
                 from g
                 returning *),
     activity as (
         insert into "UserActivity" ("GroupId", "OccurredAt", "ActionType")
             select g."Id", null, 'Login'
             from g
             where null is not null)
select *
from u;), 
    null, 
    List&lt;string&gt; { "Id", "AnalyticsEnabled", "AppleId", "CreatedTime", "CreatorPermissionLevel", "DataCollection", "Email", "GoogleId", "IdentityServerId", "IsFeatured", "MainCharacterId", "MainGroupId", "ModifiedTime", "PhoneNumber" }, 
    Func&lt;QueryContext, DbDataReader, int[], User&gt;, 
    Frever.Common.IntegrationTesting.TestReadWriteDbContext, 
    False, 
    False, 
    True
)'
Debug [20103]: Creating DbCommand for 'ExecuteReader'.
Debug [20104]: Created DbCommand for 'ExecuteReader' (0ms).
Debug [20106]: Initialized DbCommand for 'ExecuteReader' (0ms).
Debug [20100]: Executing DbCommand [Parameters=[], CommandType='Text', CommandTimeout='60']

with g as (
    insert into "Group" ("NickName",
                         "TaxationCountryId",
                         "DefaultLanguageId",
                         "BirthDate",
                         "Gender"
        )
        values ('friend-author-52-40f4222fc8bc48ee8cf2fb8348104617',
                (select "Id" from "Country" where "ISOName" = 'usa'),
                (select "Id" from "Language" where "IsoCode" = 'eng'),
                '1991-10-19T00:00:00.0000000',
                1)
        returning *),
     u as (
         insert
             into "User" ("IdentityServerId", "Email", "DataCollection", "MainGroupId", "AnalyticsEnabled",
                          "PhoneNumber",
                          "CreatorPermissionLevel", "MainCharacterId")
                 select uuid_generate_v4(),
                        'friend-author-52-40f4222fc8bc48ee8cf2fb8348104617@frever-test.com',
                        true,
                        g."Id",
                        true,
                        null,
                        array []::bigint[],
                        111
                 from g
                 returning *),
     activity as (
         insert into "UserActivity" ("GroupId", "OccurredAt", "ActionType")
             select g."Id", null, 'Login'
             from g
             where null is not null)
select *
from u;
Information [20101]: Executed DbCommand (1ms) [Parameters=[], CommandType='Text', CommandTimeout='60']

with g as (
    insert into "Group" ("NickName",
                         "TaxationCountryId",
                         "DefaultLanguageId",
                         "BirthDate",
                         "Gender"
        )
        values ('friend-author-52-40f4222fc8bc48ee8cf2fb8348104617',
                (select "Id" from "Country" where "ISOName" = 'usa'),
                (select "Id" from "Language" where "IsoCode" = 'eng'),
                '1991-10-19T00:00:00.0000000',
                1)
        returning *),
     u as (
         insert
             into "User" ("IdentityServerId", "Email", "DataCollection", "MainGroupId", "AnalyticsEnabled",
                          "PhoneNumber",
                          "CreatorPermissionLevel", "MainCharacterId")
                 select uuid_generate_v4(),
                        'friend-author-52-40f4222fc8bc48ee8cf2fb8348104617@frever-test.com',
                        true,
                        g."Id",
                        true,
                        null,
                        array []::bigint[],
                        111
                 from g
                 returning *),
     activity as (
         insert into "UserActivity" ("GroupId", "OccurredAt", "ActionType")
             select g."Id", null, 'Login'
             from g
             where null is not null)
select *
from u;
Debug [10806]: Context 'TestReadWriteDbContext' started tracking 'User' entity with key '{Id: 189674}'.
Debug [20301]: Closing data reader to 'frevertest' on server 'tcp://postgres-frever-it:5432'.
Debug [20300]: A data reader for 'frevertest' on server 'tcp://postgres-frever-it:5432' is being disposed after spending 0ms reading results.
Debug [10111]: Compiling query expression: 
'DbSet&lt;User&gt;().FromSql(
with g as (
    insert into "Group" ("NickName",
                         "TaxationCountryId",
                         "DefaultLanguageId",
                         "BirthDate",
                         "Gender"
        )
        values ('friend-author-53-1cb9c5c88f6343c39dba0d945c451c6a',
                (select "Id" from "Country" where "ISOName" = 'usa'),
                (select "Id" from "Language" where "IsoCode" = 'eng'),
                '1992-08-01T00:00:00.0000000',
                1)
        returning *),
     u as (
         insert
             into "User" ("IdentityServerId", "Email", "DataCollection", "MainGroupId", "AnalyticsEnabled",
                          "PhoneNumber",
                          "CreatorPermissionLevel", "MainCharacterId")
                 select uuid_generate_v4(),
                        'friend-author-53-1cb9c5c88f6343c39dba0d945c451c6a@frever-test.com',
                        true,
                        g."Id",
                        true,
                        null,
                        array []::bigint[],
                        111
                 from g
                 returning *),
     activity as (
         insert into "UserActivity" ("GroupId", "OccurredAt", "ActionType")
             select g."Id", null, 'Login'
             from g
             where null is not null)
select *
from u;, __p_0)
'
Debug [10107]: Generated query execution expression: 
'queryContext =&gt; new FromSqlQueryingEnumerable&lt;User&gt;(
    (RelationalQueryContext)queryContext, 
    RelationalCommandCache.QueryExpression(
        Projection Mapping:
            EmptyProjectionMember -&gt; Dictionary&lt;IProperty, int&gt; { [Property: User.Id (long) Required PK AfterSave:Throw ValueGenerated.OnAdd, 0], [Property: User.AnalyticsEnabled (bool) Required, 1], [Property: User.AppleId (string), 2], [Property: User.CreatedTime (DateTime) Required ValueGenerated.OnAdd, 3], [Property: User.CreatorPermissionLevel (long[]) Element type: long Required, 4], [Property: User.DataCollection (bool?), 5], [Property: User.Email (string) Index, 6], [Property: User.GoogleId (string), 7], [Property: User.IdentityServerId (Guid) Required Index, 8], [Property: User.IsFeatured (bool) Required, 9], [Property: User.MainCharacterId (long?) FK Index, 10], [Property: User.MainGroupId (long) Required FK Index, 11], [Property: User.ModifiedTime (DateTime) Required, 12], [Property: User.PhoneNumber (string) Index, 13] }
        SELECT f.Id, f.AnalyticsEnabled, f.AppleId, f.CreatedTime, f.CreatorPermissionLevel, f.DataCollection, f.Email, f.GoogleId, f.IdentityServerId, f.IsFeatured, f.MainCharacterId, f.MainGroupId, f.ModifiedTime, f.PhoneNumber
        FROM 
with g as (
    insert into "Group" ("NickName",
                         "TaxationCountryId",
                         "DefaultLanguageId",
                         "BirthDate",
                         "Gender"
        )
        values ('friend-author-53-1cb9c5c88f6343c39dba0d945c451c6a',
                (select "Id" from "Country" where "ISOName" = 'usa'),
                (select "Id" from "Language" where "IsoCode" = 'eng'),
                '1992-08-01T00:00:00.0000000',
                1)
        returning *),
     u as (
         insert
             into "User" ("IdentityServerId", "Email", "DataCollection", "MainGroupId", "AnalyticsEnabled",
                          "PhoneNumber",
                          "CreatorPermissionLevel", "MainCharacterId")
                 select uuid_generate_v4(),
                        'friend-author-53-1cb9c5c88f6343c39dba0d945c451c6a@frever-test.com',
                        true,
                        g."Id",
                        true,
                        null,
                        array []::bigint[],
                        111
                 from g
                 returning *),
     activity as (
         insert into "UserActivity" ("GroupId", "OccurredAt", "ActionType")
             select g."Id", null, 'Login'
             from g
             where null is not null)
select *
from u;), 
    null, 
    List&lt;string&gt; { "Id", "AnalyticsEnabled", "AppleId", "CreatedTime", "CreatorPermissionLevel", "DataCollection", "Email", "GoogleId", "IdentityServerId", "IsFeatured", "MainCharacterId", "MainGroupId", "ModifiedTime", "PhoneNumber" }, 
    Func&lt;QueryContext, DbDataReader, int[], User&gt;, 
    Frever.Common.IntegrationTesting.TestReadWriteDbContext, 
    False, 
    False, 
    True
)'
Debug [20103]: Creating DbCommand for 'ExecuteReader'.
Debug [20104]: Created DbCommand for 'ExecuteReader' (0ms).
Debug [20106]: Initialized DbCommand for 'ExecuteReader' (0ms).
Debug [20100]: Executing DbCommand [Parameters=[], CommandType='Text', CommandTimeout='60']

with g as (
    insert into "Group" ("NickName",
                         "TaxationCountryId",
                         "DefaultLanguageId",
                         "BirthDate",
                         "Gender"
        )
        values ('friend-author-53-1cb9c5c88f6343c39dba0d945c451c6a',
                (select "Id" from "Country" where "ISOName" = 'usa'),
                (select "Id" from "Language" where "IsoCode" = 'eng'),
                '1992-08-01T00:00:00.0000000',
                1)
        returning *),
     u as (
         insert
             into "User" ("IdentityServerId", "Email", "DataCollection", "MainGroupId", "AnalyticsEnabled",
                          "PhoneNumber",
                          "CreatorPermissionLevel", "MainCharacterId")
                 select uuid_generate_v4(),
                        'friend-author-53-1cb9c5c88f6343c39dba0d945c451c6a@frever-test.com',
                        true,
                        g."Id",
                        true,
                        null,
                        array []::bigint[],
                        111
                 from g
                 returning *),
     activity as (
         insert into "UserActivity" ("GroupId", "OccurredAt", "ActionType")
             select g."Id", null, 'Login'
             from g
             where null is not null)
select *
from u;
Information [20101]: Executed DbCommand (1ms) [Parameters=[], CommandType='Text', CommandTimeout='60']

with g as (
    insert into "Group" ("NickName",
                         "TaxationCountryId",
                         "DefaultLanguageId",
                         "BirthDate",
                         "Gender"
        )
        values ('friend-author-53-1cb9c5c88f6343c39dba0d945c451c6a',
                (select "Id" from "Country" where "ISOName" = 'usa'),
                (select "Id" from "Language" where "IsoCode" = 'eng'),
                '1992-08-01T00:00:00.0000000',
                1)
        returning *),
     u as (
         insert
             into "User" ("IdentityServerId", "Email", "DataCollection", "MainGroupId", "AnalyticsEnabled",
                          "PhoneNumber",
                          "CreatorPermissionLevel", "MainCharacterId")
                 select uuid_generate_v4(),
                        'friend-author-53-1cb9c5c88f6343c39dba0d945c451c6a@frever-test.com',
                        true,
                        g."Id",
                        true,
                        null,
                        array []::bigint[],
                        111
                 from g
                 returning *),
     activity as (
         insert into "UserActivity" ("GroupId", "OccurredAt", "ActionType")
             select g."Id", null, 'Login'
             from g
             where null is not null)
select *
from u;
Debug [10806]: Context 'TestReadWriteDbContext' started tracking 'User' entity with key '{Id: 189675}'.
Debug [20301]: Closing data reader to 'frevertest' on server 'tcp://postgres-frever-it:5432'.
Debug [20300]: A data reader for 'frevertest' on server 'tcp://postgres-frever-it:5432' is being disposed after spending 0ms reading results.
Debug [10111]: Compiling query expression: 
'DbSet&lt;User&gt;().FromSql(
with g as (
    insert into "Group" ("NickName",
                         "TaxationCountryId",
                         "DefaultLanguageId",
                         "BirthDate",
                         "Gender"
        )
        values ('friend-author-54-8275d7b001b54f62957127baef5ea29f',
                (select "Id" from "Country" where "ISOName" = 'usa'),
                (select "Id" from "Language" where "IsoCode" = 'eng'),
                '1991-06-17T00:00:00.0000000',
                1)
        returning *),
     u as (
         insert
             into "User" ("IdentityServerId", "Email", "DataCollection", "MainGroupId", "AnalyticsEnabled",
                          "PhoneNumber",
                          "CreatorPermissionLevel", "MainCharacterId")
                 select uuid_generate_v4(),
                        'friend-author-54-8275d7b001b54f62957127baef5ea29f@frever-test.com',
                        true,
                        g."Id",
                        true,
                        null,
                        array []::bigint[],
                        111
                 from g
                 returning *),
     activity as (
         insert into "UserActivity" ("GroupId", "OccurredAt", "ActionType")
             select g."Id", null, 'Login'
             from g
             where null is not null)
select *
from u;, __p_0)
'
Debug [10107]: Generated query execution expression: 
'queryContext =&gt; new FromSqlQueryingEnumerable&lt;User&gt;(
    (RelationalQueryContext)queryContext, 
    RelationalCommandCache.QueryExpression(
        Projection Mapping:
            EmptyProjectionMember -&gt; Dictionary&lt;IProperty, int&gt; { [Property: User.Id (long) Required PK AfterSave:Throw ValueGenerated.OnAdd, 0], [Property: User.AnalyticsEnabled (bool) Required, 1], [Property: User.AppleId (string), 2], [Property: User.CreatedTime (DateTime) Required ValueGenerated.OnAdd, 3], [Property: User.CreatorPermissionLevel (long[]) Element type: long Required, 4], [Property: User.DataCollection (bool?), 5], [Property: User.Email (string) Index, 6], [Property: User.GoogleId (string), 7], [Property: User.IdentityServerId (Guid) Required Index, 8], [Property: User.IsFeatured (bool) Required, 9], [Property: User.MainCharacterId (long?) FK Index, 10], [Property: User.MainGroupId (long) Required FK Index, 11], [Property: User.ModifiedTime (DateTime) Required, 12], [Property: User.PhoneNumber (string) Index, 13] }
        SELECT f.Id, f.AnalyticsEnabled, f.AppleId, f.CreatedTime, f.CreatorPermissionLevel, f.DataCollection, f.Email, f.GoogleId, f.IdentityServerId, f.IsFeatured, f.MainCharacterId, f.MainGroupId, f.ModifiedTime, f.PhoneNumber
        FROM 
with g as (
    insert into "Group" ("NickName",
                         "TaxationCountryId",
                         "DefaultLanguageId",
                         "BirthDate",
                         "Gender"
        )
        values ('friend-author-54-8275d7b001b54f62957127baef5ea29f',
                (select "Id" from "Country" where "ISOName" = 'usa'),
                (select "Id" from "Language" where "IsoCode" = 'eng'),
                '1991-06-17T00:00:00.0000000',
                1)
        returning *),
     u as (
         insert
             into "User" ("IdentityServerId", "Email", "DataCollection", "MainGroupId", "AnalyticsEnabled",
                          "PhoneNumber",
                          "CreatorPermissionLevel", "MainCharacterId")
                 select uuid_generate_v4(),
                        'friend-author-54-8275d7b001b54f62957127baef5ea29f@frever-test.com',
                        true,
                        g."Id",
                        true,
                        null,
                        array []::bigint[],
                        111
                 from g
                 returning *),
     activity as (
         insert into "UserActivity" ("GroupId", "OccurredAt", "ActionType")
             select g."Id", null, 'Login'
             from g
             where null is not null)
select *
from u;), 
    null, 
    List&lt;string&gt; { "Id", "AnalyticsEnabled", "AppleId", "CreatedTime", "CreatorPermissionLevel", "DataCollection", "Email", "GoogleId", "IdentityServerId", "IsFeatured", "MainCharacterId", "MainGroupId", "ModifiedTime", "PhoneNumber" }, 
    Func&lt;QueryContext, DbDataReader, int[], User&gt;, 
    Frever.Common.IntegrationTesting.TestReadWriteDbContext, 
    False, 
    False, 
    True
)'
Debug [20103]: Creating DbCommand for 'ExecuteReader'.
Debug [20104]: Created DbCommand for 'ExecuteReader' (0ms).
Debug [20106]: Initialized DbCommand for 'ExecuteReader' (0ms).
Debug [20100]: Executing DbCommand [Parameters=[], CommandType='Text', CommandTimeout='60']

with g as (
    insert into "Group" ("NickName",
                         "TaxationCountryId",
                         "DefaultLanguageId",
                         "BirthDate",
                         "Gender"
        )
        values ('friend-author-54-8275d7b001b54f62957127baef5ea29f',
                (select "Id" from "Country" where "ISOName" = 'usa'),
                (select "Id" from "Language" where "IsoCode" = 'eng'),
                '1991-06-17T00:00:00.0000000',
                1)
        returning *),
     u as (
         insert
             into "User" ("IdentityServerId", "Email", "DataCollection", "MainGroupId", "AnalyticsEnabled",
                          "PhoneNumber",
                          "CreatorPermissionLevel", "MainCharacterId")
                 select uuid_generate_v4(),
                        'friend-author-54-8275d7b001b54f62957127baef5ea29f@frever-test.com',
                        true,
                        g."Id",
                        true,
                        null,
                        array []::bigint[],
                        111
                 from g
                 returning *),
     activity as (
         insert into "UserActivity" ("GroupId", "OccurredAt", "ActionType")
             select g."Id", null, 'Login'
             from g
             where null is not null)
select *
from u;
Information [20101]: Executed DbCommand (1ms) [Parameters=[], CommandType='Text', CommandTimeout='60']

with g as (
    insert into "Group" ("NickName",
                         "TaxationCountryId",
                         "DefaultLanguageId",
                         "BirthDate",
                         "Gender"
        )
        values ('friend-author-54-8275d7b001b54f62957127baef5ea29f',
                (select "Id" from "Country" where "ISOName" = 'usa'),
                (select "Id" from "Language" where "IsoCode" = 'eng'),
                '1991-06-17T00:00:00.0000000',
                1)
        returning *),
     u as (
         insert
             into "User" ("IdentityServerId", "Email", "DataCollection", "MainGroupId", "AnalyticsEnabled",
                          "PhoneNumber",
                          "CreatorPermissionLevel", "MainCharacterId")
                 select uuid_generate_v4(),
                        'friend-author-54-8275d7b001b54f62957127baef5ea29f@frever-test.com',
                        true,
                        g."Id",
                        true,
                        null,
                        array []::bigint[],
                        111
                 from g
                 returning *),
     activity as (
         insert into "UserActivity" ("GroupId", "OccurredAt", "ActionType")
             select g."Id", null, 'Login'
             from g
             where null is not null)
select *
from u;
Debug [10806]: Context 'TestReadWriteDbContext' started tracking 'User' entity with key '{Id: 189676}'.
Debug [20301]: Closing data reader to 'frevertest' on server 'tcp://postgres-frever-it:5432'.
Debug [20300]: A data reader for 'frevertest' on server 'tcp://postgres-frever-it:5432' is being disposed after spending 0ms reading results.
Debug [10111]: Compiling query expression: 
'DbSet&lt;User&gt;().FromSql(
with g as (
    insert into "Group" ("NickName",
                         "TaxationCountryId",
                         "DefaultLanguageId",
                         "BirthDate",
                         "Gender"
        )
        values ('friend-author-55-a332ec70f8d046e0a3eeaff2f5a51bfa',
                (select "Id" from "Country" where "ISOName" = 'usa'),
                (select "Id" from "Language" where "IsoCode" = 'eng'),
                '1992-03-20T00:00:00.0000000',
                1)
        returning *),
     u as (
         insert
             into "User" ("IdentityServerId", "Email", "DataCollection", "MainGroupId", "AnalyticsEnabled",
                          "PhoneNumber",
                          "CreatorPermissionLevel", "MainCharacterId")
                 select uuid_generate_v4(),
                        'friend-author-55-a332ec70f8d046e0a3eeaff2f5a51bfa@frever-test.com',
                        true,
                        g."Id",
                        true,
                        null,
                        array []::bigint[],
                        111
                 from g
                 returning *),
     activity as (
         insert into "UserActivity" ("GroupId", "OccurredAt", "ActionType")
             select g."Id", null, 'Login'
             from g
             where null is not null)
select *
from u;, __p_0)
'
Debug [10107]: Generated query execution expression: 
'queryContext =&gt; new FromSqlQueryingEnumerable&lt;User&gt;(
    (RelationalQueryContext)queryContext, 
    RelationalCommandCache.QueryExpression(
        Projection Mapping:
            EmptyProjectionMember -&gt; Dictionary&lt;IProperty, int&gt; { [Property: User.Id (long) Required PK AfterSave:Throw ValueGenerated.OnAdd, 0], [Property: User.AnalyticsEnabled (bool) Required, 1], [Property: User.AppleId (string), 2], [Property: User.CreatedTime (DateTime) Required ValueGenerated.OnAdd, 3], [Property: User.CreatorPermissionLevel (long[]) Element type: long Required, 4], [Property: User.DataCollection (bool?), 5], [Property: User.Email (string) Index, 6], [Property: User.GoogleId (string), 7], [Property: User.IdentityServerId (Guid) Required Index, 8], [Property: User.IsFeatured (bool) Required, 9], [Property: User.MainCharacterId (long?) FK Index, 10], [Property: User.MainGroupId (long) Required FK Index, 11], [Property: User.ModifiedTime (DateTime) Required, 12], [Property: User.PhoneNumber (string) Index, 13] }
        SELECT f.Id, f.AnalyticsEnabled, f.AppleId, f.CreatedTime, f.CreatorPermissionLevel, f.DataCollection, f.Email, f.GoogleId, f.IdentityServerId, f.IsFeatured, f.MainCharacterId, f.MainGroupId, f.ModifiedTime, f.PhoneNumber
        FROM 
with g as (
    insert into "Group" ("NickName",
                         "TaxationCountryId",
                         "DefaultLanguageId",
                         "BirthDate",
                         "Gender"
        )
        values ('friend-author-55-a332ec70f8d046e0a3eeaff2f5a51bfa',
                (select "Id" from "Country" where "ISOName" = 'usa'),
                (select "Id" from "Language" where "IsoCode" = 'eng'),
                '1992-03-20T00:00:00.0000000',
                1)
        returning *),
     u as (
         insert
             into "User" ("IdentityServerId", "Email", "DataCollection", "MainGroupId", "AnalyticsEnabled",
                          "PhoneNumber",
                          "CreatorPermissionLevel", "MainCharacterId")
                 select uuid_generate_v4(),
                        'friend-author-55-a332ec70f8d046e0a3eeaff2f5a51bfa@frever-test.com',
                        true,
                        g."Id",
                        true,
                        null,
                        array []::bigint[],
                        111
                 from g
                 returning *),
     activity as (
         insert into "UserActivity" ("GroupId", "OccurredAt", "ActionType")
             select g."Id", null, 'Login'
             from g
             where null is not null)
select *
from u;), 
    null, 
    List&lt;string&gt; { "Id", "AnalyticsEnabled", "AppleId", "CreatedTime", "CreatorPermissionLevel", "DataCollection", "Email", "GoogleId", "IdentityServerId", "IsFeatured", "MainCharacterId", "MainGroupId", "ModifiedTime", "PhoneNumber" }, 
    Func&lt;QueryContext, DbDataReader, int[], User&gt;, 
    Frever.Common.IntegrationTesting.TestReadWriteDbContext, 
    False, 
    False, 
    True
)'
Debug [20103]: Creating DbCommand for 'ExecuteReader'.
Debug [20104]: Created DbCommand for 'ExecuteReader' (0ms).
Debug [20106]: Initialized DbCommand for 'ExecuteReader' (0ms).
Debug [20100]: Executing DbCommand [Parameters=[], CommandType='Text', CommandTimeout='60']

with g as (
    insert into "Group" ("NickName",
                         "TaxationCountryId",
                         "DefaultLanguageId",
                         "BirthDate",
                         "Gender"
        )
        values ('friend-author-55-a332ec70f8d046e0a3eeaff2f5a51bfa',
                (select "Id" from "Country" where "ISOName" = 'usa'),
                (select "Id" from "Language" where "IsoCode" = 'eng'),
                '1992-03-20T00:00:00.0000000',
                1)
        returning *),
     u as (
         insert
             into "User" ("IdentityServerId", "Email", "DataCollection", "MainGroupId", "AnalyticsEnabled",
                          "PhoneNumber",
                          "CreatorPermissionLevel", "MainCharacterId")
                 select uuid_generate_v4(),
                        'friend-author-55-a332ec70f8d046e0a3eeaff2f5a51bfa@frever-test.com',
                        true,
                        g."Id",
                        true,
                        null,
                        array []::bigint[],
                        111
                 from g
                 returning *),
     activity as (
         insert into "UserActivity" ("GroupId", "OccurredAt", "ActionType")
             select g."Id", null, 'Login'
             from g
             where null is not null)
select *
from u;
Information [20101]: Executed DbCommand (1ms) [Parameters=[], CommandType='Text', CommandTimeout='60']

with g as (
    insert into "Group" ("NickName",
                         "TaxationCountryId",
                         "DefaultLanguageId",
                         "BirthDate",
                         "Gender"
        )
        values ('friend-author-55-a332ec70f8d046e0a3eeaff2f5a51bfa',
                (select "Id" from "Country" where "ISOName" = 'usa'),
                (select "Id" from "Language" where "IsoCode" = 'eng'),
                '1992-03-20T00:00:00.0000000',
                1)
        returning *),
     u as (
         insert
             into "User" ("IdentityServerId", "Email", "DataCollection", "MainGroupId", "AnalyticsEnabled",
                          "PhoneNumber",
                          "CreatorPermissionLevel", "MainCharacterId")
                 select uuid_generate_v4(),
                        'friend-author-55-a332ec70f8d046e0a3eeaff2f5a51bfa@frever-test.com',
                        true,
                        g."Id",
                        true,
                        null,
                        array []::bigint[],
                        111
                 from g
                 returning *),
     activity as (
         insert into "UserActivity" ("GroupId", "OccurredAt", "ActionType")
             select g."Id", null, 'Login'
             from g
             where null is not null)
select *
from u;
Debug [10806]: Context 'TestReadWriteDbContext' started tracking 'User' entity with key '{Id: 189677}'.
Debug [20301]: Closing data reader to 'frevertest' on server 'tcp://postgres-frever-it:5432'.
Debug [20300]: A data reader for 'frevertest' on server 'tcp://postgres-frever-it:5432' is being disposed after spending 0ms reading results.
Debug [10111]: Compiling query expression: 
'DbSet&lt;User&gt;().FromSql(
with g as (
    insert into "Group" ("NickName",
                         "TaxationCountryId",
                         "DefaultLanguageId",
                         "BirthDate",
                         "Gender"
        )
        values ('friend-author-56-7ab2589aae5d46538de71a8066a576d5',
                (select "Id" from "Country" where "ISOName" = 'usa'),
                (select "Id" from "Language" where "IsoCode" = 'eng'),
                '1991-01-28T00:00:00.0000000',
                1)
        returning *),
     u as (
         insert
             into "User" ("IdentityServerId", "Email", "DataCollection", "MainGroupId", "AnalyticsEnabled",
                          "PhoneNumber",
                          "CreatorPermissionLevel", "MainCharacterId")
                 select uuid_generate_v4(),
                        'friend-author-56-7ab2589aae5d46538de71a8066a576d5@frever-test.com',
                        true,
                        g."Id",
                        true,
                        null,
                        array []::bigint[],
                        111
                 from g
                 returning *),
     activity as (
         insert into "UserActivity" ("GroupId", "OccurredAt", "ActionType")
             select g."Id", null, 'Login'
             from g
             where null is not null)
select *
from u;, __p_0)
'
Debug [10107]: Generated query execution expression: 
'queryContext =&gt; new FromSqlQueryingEnumerable&lt;User&gt;(
    (RelationalQueryContext)queryContext, 
    RelationalCommandCache.QueryExpression(
        Projection Mapping:
            EmptyProjectionMember -&gt; Dictionary&lt;IProperty, int&gt; { [Property: User.Id (long) Required PK AfterSave:Throw ValueGenerated.OnAdd, 0], [Property: User.AnalyticsEnabled (bool) Required, 1], [Property: User.AppleId (string), 2], [Property: User.CreatedTime (DateTime) Required ValueGenerated.OnAdd, 3], [Property: User.CreatorPermissionLevel (long[]) Element type: long Required, 4], [Property: User.DataCollection (bool?), 5], [Property: User.Email (string) Index, 6], [Property: User.GoogleId (string), 7], [Property: User.IdentityServerId (Guid) Required Index, 8], [Property: User.IsFeatured (bool) Required, 9], [Property: User.MainCharacterId (long?) FK Index, 10], [Property: User.MainGroupId (long) Required FK Index, 11], [Property: User.ModifiedTime (DateTime) Required, 12], [Property: User.PhoneNumber (string) Index, 13] }
        SELECT f.Id, f.AnalyticsEnabled, f.AppleId, f.CreatedTime, f.CreatorPermissionLevel, f.DataCollection, f.Email, f.GoogleId, f.IdentityServerId, f.IsFeatured, f.MainCharacterId, f.MainGroupId, f.ModifiedTime, f.PhoneNumber
        FROM 
with g as (
    insert into "Group" ("NickName",
                         "TaxationCountryId",
                         "DefaultLanguageId",
                         "BirthDate",
                         "Gender"
        )
        values ('friend-author-56-7ab2589aae5d46538de71a8066a576d5',
                (select "Id" from "Country" where "ISOName" = 'usa'),
                (select "Id" from "Language" where "IsoCode" = 'eng'),
                '1991-01-28T00:00:00.0000000',
                1)
        returning *),
     u as (
         insert
             into "User" ("IdentityServerId", "Email", "DataCollection", "MainGroupId", "AnalyticsEnabled",
                          "PhoneNumber",
                          "CreatorPermissionLevel", "MainCharacterId")
                 select uuid_generate_v4(),
                        'friend-author-56-7ab2589aae5d46538de71a8066a576d5@frever-test.com',
                        true,
                        g."Id",
                        true,
                        null,
                        array []::bigint[],
                        111
                 from g
                 returning *),
     activity as (
         insert into "UserActivity" ("GroupId", "OccurredAt", "ActionType")
             select g."Id", null, 'Login'
             from g
             where null is not null)
select *
from u;), 
    null, 
    List&lt;string&gt; { "Id", "AnalyticsEnabled", "AppleId", "CreatedTime", "CreatorPermissionLevel", "DataCollection", "Email", "GoogleId", "IdentityServerId", "IsFeatured", "MainCharacterId", "MainGroupId", "ModifiedTime", "PhoneNumber" }, 
    Func&lt;QueryContext, DbDataReader, int[], User&gt;, 
    Frever.Common.IntegrationTesting.TestReadWriteDbContext, 
    False, 
    False, 
    True
)'
Debug [20103]: Creating DbCommand for 'ExecuteReader'.
Debug [20104]: Created DbCommand for 'ExecuteReader' (0ms).
Debug [20106]: Initialized DbCommand for 'ExecuteReader' (0ms).
Debug [20100]: Executing DbCommand [Parameters=[], CommandType='Text', CommandTimeout='60']

with g as (
    insert into "Group" ("NickName",
                         "TaxationCountryId",
                         "DefaultLanguageId",
                         "BirthDate",
                         "Gender"
        )
        values ('friend-author-56-7ab2589aae5d46538de71a8066a576d5',
                (select "Id" from "Country" where "ISOName" = 'usa'),
                (select "Id" from "Language" where "IsoCode" = 'eng'),
                '1991-01-28T00:00:00.0000000',
                1)
        returning *),
     u as (
         insert
             into "User" ("IdentityServerId", "Email", "DataCollection", "MainGroupId", "AnalyticsEnabled",
                          "PhoneNumber",
                          "CreatorPermissionLevel", "MainCharacterId")
                 select uuid_generate_v4(),
                        'friend-author-56-7ab2589aae5d46538de71a8066a576d5@frever-test.com',
                        true,
                        g."Id",
                        true,
                        null,
                        array []::bigint[],
                        111
                 from g
                 returning *),
     activity as (
         insert into "UserActivity" ("GroupId", "OccurredAt", "ActionType")
             select g."Id", null, 'Login'
             from g
             where null is not null)
select *
from u;
Information [20101]: Executed DbCommand (1ms) [Parameters=[], CommandType='Text', CommandTimeout='60']

with g as (
    insert into "Group" ("NickName",
                         "TaxationCountryId",
                         "DefaultLanguageId",
                         "BirthDate",
                         "Gender"
        )
        values ('friend-author-56-7ab2589aae5d46538de71a8066a576d5',
                (select "Id" from "Country" where "ISOName" = 'usa'),
                (select "Id" from "Language" where "IsoCode" = 'eng'),
                '1991-01-28T00:00:00.0000000',
                1)
        returning *),
     u as (
         insert
             into "User" ("IdentityServerId", "Email", "DataCollection", "MainGroupId", "AnalyticsEnabled",
                          "PhoneNumber",
                          "CreatorPermissionLevel", "MainCharacterId")
                 select uuid_generate_v4(),
                        'friend-author-56-7ab2589aae5d46538de71a8066a576d5@frever-test.com',
                        true,
                        g."Id",
                        true,
                        null,
                        array []::bigint[],
                        111
                 from g
                 returning *),
     activity as (
         insert into "UserActivity" ("GroupId", "OccurredAt", "ActionType")
             select g."Id", null, 'Login'
             from g
             where null is not null)
select *
from u;
Debug [10806]: Context 'TestReadWriteDbContext' started tracking 'User' entity with key '{Id: 189678}'.
Debug [20301]: Closing data reader to 'frevertest' on server 'tcp://postgres-frever-it:5432'.
Debug [20300]: A data reader for 'frevertest' on server 'tcp://postgres-frever-it:5432' is being disposed after spending 0ms reading results.
Debug [10111]: Compiling query expression: 
'DbSet&lt;User&gt;().FromSql(
with g as (
    insert into "Group" ("NickName",
                         "TaxationCountryId",
                         "DefaultLanguageId",
                         "BirthDate",
                         "Gender"
        )
        values ('friend-author-57-0a5278d818fb4cb4a916d720f771215e',
                (select "Id" from "Country" where "ISOName" = 'usa'),
                (select "Id" from "Language" where "IsoCode" = 'eng'),
                '1993-03-08T00:00:00.0000000',
                1)
        returning *),
     u as (
         insert
             into "User" ("IdentityServerId", "Email", "DataCollection", "MainGroupId", "AnalyticsEnabled",
                          "PhoneNumber",
                          "CreatorPermissionLevel", "MainCharacterId")
                 select uuid_generate_v4(),
                        'friend-author-57-0a5278d818fb4cb4a916d720f771215e@frever-test.com',
                        true,
                        g."Id",
                        true,
                        null,
                        array []::bigint[],
                        111
                 from g
                 returning *),
     activity as (
         insert into "UserActivity" ("GroupId", "OccurredAt", "ActionType")
             select g."Id", null, 'Login'
             from g
             where null is not null)
select *
from u;, __p_0)
'
Debug [10107]: Generated query execution expression: 
'queryContext =&gt; new FromSqlQueryingEnumerable&lt;User&gt;(
    (RelationalQueryContext)queryContext, 
    RelationalCommandCache.QueryExpression(
        Projection Mapping:
            EmptyProjectionMember -&gt; Dictionary&lt;IProperty, int&gt; { [Property: User.Id (long) Required PK AfterSave:Throw ValueGenerated.OnAdd, 0], [Property: User.AnalyticsEnabled (bool) Required, 1], [Property: User.AppleId (string), 2], [Property: User.CreatedTime (DateTime) Required ValueGenerated.OnAdd, 3], [Property: User.CreatorPermissionLevel (long[]) Element type: long Required, 4], [Property: User.DataCollection (bool?), 5], [Property: User.Email (string) Index, 6], [Property: User.GoogleId (string), 7], [Property: User.IdentityServerId (Guid) Required Index, 8], [Property: User.IsFeatured (bool) Required, 9], [Property: User.MainCharacterId (long?) FK Index, 10], [Property: User.MainGroupId (long) Required FK Index, 11], [Property: User.ModifiedTime (DateTime) Required, 12], [Property: User.PhoneNumber (string) Index, 13] }
        SELECT f.Id, f.AnalyticsEnabled, f.AppleId, f.CreatedTime, f.CreatorPermissionLevel, f.DataCollection, f.Email, f.GoogleId, f.IdentityServerId, f.IsFeatured, f.MainCharacterId, f.MainGroupId, f.ModifiedTime, f.PhoneNumber
        FROM 
with g as (
    insert into "Group" ("NickName",
                         "TaxationCountryId",
                         "DefaultLanguageId",
                         "BirthDate",
                         "Gender"
        )
        values ('friend-author-57-0a5278d818fb4cb4a916d720f771215e',
                (select "Id" from "Country" where "ISOName" = 'usa'),
                (select "Id" from "Language" where "IsoCode" = 'eng'),
                '1993-03-08T00:00:00.0000000',
                1)
        returning *),
     u as (
         insert
             into "User" ("IdentityServerId", "Email", "DataCollection", "MainGroupId", "AnalyticsEnabled",
                          "PhoneNumber",
                          "CreatorPermissionLevel", "MainCharacterId")
                 select uuid_generate_v4(),
                        'friend-author-57-0a5278d818fb4cb4a916d720f771215e@frever-test.com',
                        true,
                        g."Id",
                        true,
                        null,
                        array []::bigint[],
                        111
                 from g
                 returning *),
     activity as (
         insert into "UserActivity" ("GroupId", "OccurredAt", "ActionType")
             select g."Id", null, 'Login'
             from g
             where null is not null)
select *
from u;), 
    null, 
    List&lt;string&gt; { "Id", "AnalyticsEnabled", "AppleId", "CreatedTime", "CreatorPermissionLevel", "DataCollection", "Email", "GoogleId", "IdentityServerId", "IsFeatured", "MainCharacterId", "MainGroupId", "ModifiedTime", "PhoneNumber" }, 
    Func&lt;QueryContext, DbDataReader, int[], User&gt;, 
    Frever.Common.IntegrationTesting.TestReadWriteDbContext, 
    False, 
    False, 
    True
)'
Debug [20103]: Creating DbCommand for 'ExecuteReader'.
Debug [20104]: Created DbCommand for 'ExecuteReader' (0ms).
Debug [20106]: Initialized DbCommand for 'ExecuteReader' (0ms).
Debug [20100]: Executing DbCommand [Parameters=[], CommandType='Text', CommandTimeout='60']

with g as (
    insert into "Group" ("NickName",
                         "TaxationCountryId",
                         "DefaultLanguageId",
                         "BirthDate",
                         "Gender"
        )
        values ('friend-author-57-0a5278d818fb4cb4a916d720f771215e',
                (select "Id" from "Country" where "ISOName" = 'usa'),
                (select "Id" from "Language" where "IsoCode" = 'eng'),
                '1993-03-08T00:00:00.0000000',
                1)
        returning *),
     u as (
         insert
             into "User" ("IdentityServerId", "Email", "DataCollection", "MainGroupId", "AnalyticsEnabled",
                          "PhoneNumber",
                          "CreatorPermissionLevel", "MainCharacterId")
                 select uuid_generate_v4(),
                        'friend-author-57-0a5278d818fb4cb4a916d720f771215e@frever-test.com',
                        true,
                        g."Id",
                        true,
                        null,
                        array []::bigint[],
                        111
                 from g
                 returning *),
     activity as (
         insert into "UserActivity" ("GroupId", "OccurredAt", "ActionType")
             select g."Id", null, 'Login'
             from g
             where null is not null)
select *
from u;
Information [20101]: Executed DbCommand (1ms) [Parameters=[], CommandType='Text', CommandTimeout='60']

with g as (
    insert into "Group" ("NickName",
                         "TaxationCountryId",
                         "DefaultLanguageId",
                         "BirthDate",
                         "Gender"
        )
        values ('friend-author-57-0a5278d818fb4cb4a916d720f771215e',
                (select "Id" from "Country" where "ISOName" = 'usa'),
                (select "Id" from "Language" where "IsoCode" = 'eng'),
                '1993-03-08T00:00:00.0000000',
                1)
        returning *),
     u as (
         insert
             into "User" ("IdentityServerId", "Email", "DataCollection", "MainGroupId", "AnalyticsEnabled",
                          "PhoneNumber",
                          "CreatorPermissionLevel", "MainCharacterId")
                 select uuid_generate_v4(),
                        'friend-author-57-0a5278d818fb4cb4a916d720f771215e@frever-test.com',
                        true,
                        g."Id",
                        true,
                        null,
                        array []::bigint[],
                        111
                 from g
                 returning *),
     activity as (
         insert into "UserActivity" ("GroupId", "OccurredAt", "ActionType")
             select g."Id", null, 'Login'
             from g
             where null is not null)
select *
from u;
Debug [10806]: Context 'TestReadWriteDbContext' started tracking 'User' entity with key '{Id: 189679}'.
Debug [20301]: Closing data reader to 'frevertest' on server 'tcp://postgres-frever-it:5432'.
Debug [20300]: A data reader for 'frevertest' on server 'tcp://postgres-frever-it:5432' is being disposed after spending 0ms reading results.
Debug [10111]: Compiling query expression: 
'DbSet&lt;User&gt;().FromSql(
with g as (
    insert into "Group" ("NickName",
                         "TaxationCountryId",
                         "DefaultLanguageId",
                         "BirthDate",
                         "Gender"
        )
        values ('friend-author-58-1950e86bcdb74452a47e7731d030bb8d',
                (select "Id" from "Country" where "ISOName" = 'usa'),
                (select "Id" from "Language" where "IsoCode" = 'eng'),
                '1992-01-16T00:00:00.0000000',
                1)
        returning *),
     u as (
         insert
             into "User" ("IdentityServerId", "Email", "DataCollection", "MainGroupId", "AnalyticsEnabled",
                          "PhoneNumber",
                          "CreatorPermissionLevel", "MainCharacterId")
                 select uuid_generate_v4(),
                        'friend-author-58-1950e86bcdb74452a47e7731d030bb8d@frever-test.com',
                        true,
                        g."Id",
                        true,
                        null,
                        array []::bigint[],
                        111
                 from g
                 returning *),
     activity as (
         insert into "UserActivity" ("GroupId", "OccurredAt", "ActionType")
             select g."Id", null, 'Login'
             from g
             where null is not null)
select *
from u;, __p_0)
'
Debug [10107]: Generated query execution expression: 
'queryContext =&gt; new FromSqlQueryingEnumerable&lt;User&gt;(
    (RelationalQueryContext)queryContext, 
    RelationalCommandCache.QueryExpression(
        Projection Mapping:
            EmptyProjectionMember -&gt; Dictionary&lt;IProperty, int&gt; { [Property: User.Id (long) Required PK AfterSave:Throw ValueGenerated.OnAdd, 0], [Property: User.AnalyticsEnabled (bool) Required, 1], [Property: User.AppleId (string), 2], [Property: User.CreatedTime (DateTime) Required ValueGenerated.OnAdd, 3], [Property: User.CreatorPermissionLevel (long[]) Element type: long Required, 4], [Property: User.DataCollection (bool?), 5], [Property: User.Email (string) Index, 6], [Property: User.GoogleId (string), 7], [Property: User.IdentityServerId (Guid) Required Index, 8], [Property: User.IsFeatured (bool) Required, 9], [Property: User.MainCharacterId (long?) FK Index, 10], [Property: User.MainGroupId (long) Required FK Index, 11], [Property: User.ModifiedTime (DateTime) Required, 12], [Property: User.PhoneNumber (string) Index, 13] }
        SELECT f.Id, f.AnalyticsEnabled, f.AppleId, f.CreatedTime, f.CreatorPermissionLevel, f.DataCollection, f.Email, f.GoogleId, f.IdentityServerId, f.IsFeatured, f.MainCharacterId, f.MainGroupId, f.ModifiedTime, f.PhoneNumber
        FROM 
with g as (
    insert into "Group" ("NickName",
                         "TaxationCountryId",
                         "DefaultLanguageId",
                         "BirthDate",
                         "Gender"
        )
        values ('friend-author-58-1950e86bcdb74452a47e7731d030bb8d',
                (select "Id" from "Country" where "ISOName" = 'usa'),
                (select "Id" from "Language" where "IsoCode" = 'eng'),
                '1992-01-16T00:00:00.0000000',
                1)
        returning *),
     u as (
         insert
             into "User" ("IdentityServerId", "Email", "DataCollection", "MainGroupId", "AnalyticsEnabled",
                          "PhoneNumber",
                          "CreatorPermissionLevel", "MainCharacterId")
                 select uuid_generate_v4(),
                        'friend-author-58-1950e86bcdb74452a47e7731d030bb8d@frever-test.com',
                        true,
                        g."Id",
                        true,
                        null,
                        array []::bigint[],
                        111
                 from g
                 returning *),
     activity as (
         insert into "UserActivity" ("GroupId", "OccurredAt", "ActionType")
             select g."Id", null, 'Login'
             from g
             where null is not null)
select *
from u;), 
    null, 
    List&lt;string&gt; { "Id", "AnalyticsEnabled", "AppleId", "CreatedTime", "CreatorPermissionLevel", "DataCollection", "Email", "GoogleId", "IdentityServerId", "IsFeatured", "MainCharacterId", "MainGroupId", "ModifiedTime", "PhoneNumber" }, 
    Func&lt;QueryContext, DbDataReader, int[], User&gt;, 
    Frever.Common.IntegrationTesting.TestReadWriteDbContext, 
    False, 
    False, 
    True
)'
Debug [20103]: Creating DbCommand for 'ExecuteReader'.
Debug [20104]: Created DbCommand for 'ExecuteReader' (0ms).
Debug [20106]: Initialized DbCommand for 'ExecuteReader' (0ms).
Debug [20100]: Executing DbCommand [Parameters=[], CommandType='Text', CommandTimeout='60']

with g as (
    insert into "Group" ("NickName",
                         "TaxationCountryId",
                         "DefaultLanguageId",
                         "BirthDate",
                         "Gender"
        )
        values ('friend-author-58-1950e86bcdb74452a47e7731d030bb8d',
                (select "Id" from "Country" where "ISOName" = 'usa'),
                (select "Id" from "Language" where "IsoCode" = 'eng'),
                '1992-01-16T00:00:00.0000000',
                1)
        returning *),
     u as (
         insert
             into "User" ("IdentityServerId", "Email", "DataCollection", "MainGroupId", "AnalyticsEnabled",
                          "PhoneNumber",
                          "CreatorPermissionLevel", "MainCharacterId")
                 select uuid_generate_v4(),
                        'friend-author-58-1950e86bcdb74452a47e7731d030bb8d@frever-test.com',
                        true,
                        g."Id",
                        true,
                        null,
                        array []::bigint[],
                        111
                 from g
                 returning *),
     activity as (
         insert into "UserActivity" ("GroupId", "OccurredAt", "ActionType")
             select g."Id", null, 'Login'
             from g
             where null is not null)
select *
from u;
Information [20101]: Executed DbCommand (1ms) [Parameters=[], CommandType='Text', CommandTimeout='60']

with g as (
    insert into "Group" ("NickName",
                         "TaxationCountryId",
                         "DefaultLanguageId",
                         "BirthDate",
                         "Gender"
        )
        values ('friend-author-58-1950e86bcdb74452a47e7731d030bb8d',
                (select "Id" from "Country" where "ISOName" = 'usa'),
                (select "Id" from "Language" where "IsoCode" = 'eng'),
                '1992-01-16T00:00:00.0000000',
                1)
        returning *),
     u as (
         insert
             into "User" ("IdentityServerId", "Email", "DataCollection", "MainGroupId", "AnalyticsEnabled",
                          "PhoneNumber",
                          "CreatorPermissionLevel", "MainCharacterId")
                 select uuid_generate_v4(),
                        'friend-author-58-1950e86bcdb74452a47e7731d030bb8d@frever-test.com',
                        true,
                        g."Id",
                        true,
                        null,
                        array []::bigint[],
                        111
                 from g
                 returning *),
     activity as (
         insert into "UserActivity" ("GroupId", "OccurredAt", "ActionType")
             select g."Id", null, 'Login'
             from g
             where null is not null)
select *
from u;
Debug [10806]: Context 'TestReadWriteDbContext' started tracking 'User' entity with key '{Id: 189680}'.
Debug [20301]: Closing data reader to 'frevertest' on server 'tcp://postgres-frever-it:5432'.
Debug [20300]: A data reader for 'frevertest' on server 'tcp://postgres-frever-it:5432' is being disposed after spending 0ms reading results.
Debug [10111]: Compiling query expression: 
'DbSet&lt;User&gt;().FromSql(
with g as (
    insert into "Group" ("NickName",
                         "TaxationCountryId",
                         "DefaultLanguageId",
                         "BirthDate",
                         "Gender"
        )
        values ('friend-author-59-ff09a19dcdde4898833f47b3426a7fbf',
                (select "Id" from "Country" where "ISOName" = 'usa'),
                (select "Id" from "Language" where "IsoCode" = 'eng'),
                '1992-08-01T00:00:00.0000000',
                1)
        returning *),
     u as (
         insert
             into "User" ("IdentityServerId", "Email", "DataCollection", "MainGroupId", "AnalyticsEnabled",
                          "PhoneNumber",
                          "CreatorPermissionLevel", "MainCharacterId")
                 select uuid_generate_v4(),
                        'friend-author-59-ff09a19dcdde4898833f47b3426a7fbf@frever-test.com',
                        true,
                        g."Id",
                        true,
                        null,
                        array []::bigint[],
                        111
                 from g
                 returning *),
     activity as (
         insert into "UserActivity" ("GroupId", "OccurredAt", "ActionType")
             select g."Id", null, 'Login'
             from g
             where null is not null)
select *
from u;, __p_0)
'
Debug [10107]: Generated query execution expression: 
'queryContext =&gt; new FromSqlQueryingEnumerable&lt;User&gt;(
    (RelationalQueryContext)queryContext, 
    RelationalCommandCache.QueryExpression(
        Projection Mapping:
            EmptyProjectionMember -&gt; Dictionary&lt;IProperty, int&gt; { [Property: User.Id (long) Required PK AfterSave:Throw ValueGenerated.OnAdd, 0], [Property: User.AnalyticsEnabled (bool) Required, 1], [Property: User.AppleId (string), 2], [Property: User.CreatedTime (DateTime) Required ValueGenerated.OnAdd, 3], [Property: User.CreatorPermissionLevel (long[]) Element type: long Required, 4], [Property: User.DataCollection (bool?), 5], [Property: User.Email (string) Index, 6], [Property: User.GoogleId (string), 7], [Property: User.IdentityServerId (Guid) Required Index, 8], [Property: User.IsFeatured (bool) Required, 9], [Property: User.MainCharacterId (long?) FK Index, 10], [Property: User.MainGroupId (long) Required FK Index, 11], [Property: User.ModifiedTime (DateTime) Required, 12], [Property: User.PhoneNumber (string) Index, 13] }
        SELECT f.Id, f.AnalyticsEnabled, f.AppleId, f.CreatedTime, f.CreatorPermissionLevel, f.DataCollection, f.Email, f.GoogleId, f.IdentityServerId, f.IsFeatured, f.MainCharacterId, f.MainGroupId, f.ModifiedTime, f.PhoneNumber
        FROM 
with g as (
    insert into "Group" ("NickName",
                         "TaxationCountryId",
                         "DefaultLanguageId",
                         "BirthDate",
                         "Gender"
        )
        values ('friend-author-59-ff09a19dcdde4898833f47b3426a7fbf',
                (select "Id" from "Country" where "ISOName" = 'usa'),
                (select "Id" from "Language" where "IsoCode" = 'eng'),
                '1992-08-01T00:00:00.0000000',
                1)
        returning *),
     u as (
         insert
             into "User" ("IdentityServerId", "Email", "DataCollection", "MainGroupId", "AnalyticsEnabled",
                          "PhoneNumber",
                          "CreatorPermissionLevel", "MainCharacterId")
                 select uuid_generate_v4(),
                        'friend-author-59-ff09a19dcdde4898833f47b3426a7fbf@frever-test.com',
                        true,
                        g."Id",
                        true,
                        null,
                        array []::bigint[],
                        111
                 from g
                 returning *),
     activity as (
         insert into "UserActivity" ("GroupId", "OccurredAt", "ActionType")
             select g."Id", null, 'Login'
             from g
             where null is not null)
select *
from u;), 
    null, 
    List&lt;string&gt; { "Id", "AnalyticsEnabled", "AppleId", "CreatedTime", "CreatorPermissionLevel", "DataCollection", "Email", "GoogleId", "IdentityServerId", "IsFeatured", "MainCharacterId", "MainGroupId", "ModifiedTime", "PhoneNumber" }, 
    Func&lt;QueryContext, DbDataReader, int[], User&gt;, 
    Frever.Common.IntegrationTesting.TestReadWriteDbContext, 
    False, 
    False, 
    True
)'
Debug [20103]: Creating DbCommand for 'ExecuteReader'.
Debug [20104]: Created DbCommand for 'ExecuteReader' (0ms).
Debug [20106]: Initialized DbCommand for 'ExecuteReader' (0ms).
Debug [20100]: Executing DbCommand [Parameters=[], CommandType='Text', CommandTimeout='60']

with g as (
    insert into "Group" ("NickName",
                         "TaxationCountryId",
                         "DefaultLanguageId",
                         "BirthDate",
                         "Gender"
        )
        values ('friend-author-59-ff09a19dcdde4898833f47b3426a7fbf',
                (select "Id" from "Country" where "ISOName" = 'usa'),
                (select "Id" from "Language" where "IsoCode" = 'eng'),
                '1992-08-01T00:00:00.0000000',
                1)
        returning *),
     u as (
         insert
             into "User" ("IdentityServerId", "Email", "DataCollection", "MainGroupId", "AnalyticsEnabled",
                          "PhoneNumber",
                          "CreatorPermissionLevel", "MainCharacterId")
                 select uuid_generate_v4(),
                        'friend-author-59-ff09a19dcdde4898833f47b3426a7fbf@frever-test.com',
                        true,
                        g."Id",
                        true,
                        null,
                        array []::bigint[],
                        111
                 from g
                 returning *),
     activity as (
         insert into "UserActivity" ("GroupId", "OccurredAt", "ActionType")
             select g."Id", null, 'Login'
             from g
             where null is not null)
select *
from u;
Information [20101]: Executed DbCommand (1ms) [Parameters=[], CommandType='Text', CommandTimeout='60']

with g as (
    insert into "Group" ("NickName",
                         "TaxationCountryId",
                         "DefaultLanguageId",
                         "BirthDate",
                         "Gender"
        )
        values ('friend-author-59-ff09a19dcdde4898833f47b3426a7fbf',
                (select "Id" from "Country" where "ISOName" = 'usa'),
                (select "Id" from "Language" where "IsoCode" = 'eng'),
                '1992-08-01T00:00:00.0000000',
                1)
        returning *),
     u as (
         insert
             into "User" ("IdentityServerId", "Email", "DataCollection", "MainGroupId", "AnalyticsEnabled",
                          "PhoneNumber",
                          "CreatorPermissionLevel", "MainCharacterId")
                 select uuid_generate_v4(),
                        'friend-author-59-ff09a19dcdde4898833f47b3426a7fbf@frever-test.com',
                        true,
                        g."Id",
                        true,
                        null,
                        array []::bigint[],
                        111
                 from g
                 returning *),
     activity as (
         insert into "UserActivity" ("GroupId", "OccurredAt", "ActionType")
             select g."Id", null, 'Login'
             from g
             where null is not null)
select *
from u;
Debug [10806]: Context 'TestReadWriteDbContext' started tracking 'User' entity with key '{Id: 189681}'.
Debug [20301]: Closing data reader to 'frevertest' on server 'tcp://postgres-frever-it:5432'.
Debug [20300]: A data reader for 'frevertest' on server 'tcp://postgres-frever-it:5432' is being disposed after spending 0ms reading results.
Debug [10111]: Compiling query expression: 
'DbSet&lt;User&gt;().FromSql(
with g as (
    insert into "Group" ("NickName",
                         "TaxationCountryId",
                         "DefaultLanguageId",
                         "BirthDate",
                         "Gender"
        )
        values ('friend-author-60-45064066a5974796933cb6a1bfa7da62',
                (select "Id" from "Country" where "ISOName" = 'usa'),
                (select "Id" from "Language" where "IsoCode" = 'eng'),
                '1991-09-21T00:00:00.0000000',
                1)
        returning *),
     u as (
         insert
             into "User" ("IdentityServerId", "Email", "DataCollection", "MainGroupId", "AnalyticsEnabled",
                          "PhoneNumber",
                          "CreatorPermissionLevel", "MainCharacterId")
                 select uuid_generate_v4(),
                        'friend-author-60-45064066a5974796933cb6a1bfa7da62@frever-test.com',
                        true,
                        g."Id",
                        true,
                        null,
                        array []::bigint[],
                        111
                 from g
                 returning *),
     activity as (
         insert into "UserActivity" ("GroupId", "OccurredAt", "ActionType")
             select g."Id", null, 'Login'
             from g
             where null is not null)
select *
from u;, __p_0)
'
Debug [10107]: Generated query execution expression: 
'queryContext =&gt; new FromSqlQueryingEnumerable&lt;User&gt;(
    (RelationalQueryContext)queryContext, 
    RelationalCommandCache.QueryExpression(
        Projection Mapping:
            EmptyProjectionMember -&gt; Dictionary&lt;IProperty, int&gt; { [Property: User.Id (long) Required PK AfterSave:Throw ValueGenerated.OnAdd, 0], [Property: User.AnalyticsEnabled (bool) Required, 1], [Property: User.AppleId (string), 2], [Property: User.CreatedTime (DateTime) Required ValueGenerated.OnAdd, 3], [Property: User.CreatorPermissionLevel (long[]) Element type: long Required, 4], [Property: User.DataCollection (bool?), 5], [Property: User.Email (string) Index, 6], [Property: User.GoogleId (string), 7], [Property: User.IdentityServerId (Guid) Required Index, 8], [Property: User.IsFeatured (bool) Required, 9], [Property: User.MainCharacterId (long?) FK Index, 10], [Property: User.MainGroupId (long) Required FK Index, 11], [Property: User.ModifiedTime (DateTime) Required, 12], [Property: User.PhoneNumber (string) Index, 13] }
        SELECT f.Id, f.AnalyticsEnabled, f.AppleId, f.CreatedTime, f.CreatorPermissionLevel, f.DataCollection, f.Email, f.GoogleId, f.IdentityServerId, f.IsFeatured, f.MainCharacterId, f.MainGroupId, f.ModifiedTime, f.PhoneNumber
        FROM 
with g as (
    insert into "Group" ("NickName",
                         "TaxationCountryId",
                         "DefaultLanguageId",
                         "BirthDate",
                         "Gender"
        )
        values ('friend-author-60-45064066a5974796933cb6a1bfa7da62',
                (select "Id" from "Country" where "ISOName" = 'usa'),
                (select "Id" from "Language" where "IsoCode" = 'eng'),
                '1991-09-21T00:00:00.0000000',
                1)
        returning *),
     u as (
         insert
             into "User" ("IdentityServerId", "Email", "DataCollection", "MainGroupId", "AnalyticsEnabled",
                          "PhoneNumber",
                          "CreatorPermissionLevel", "MainCharacterId")
                 select uuid_generate_v4(),
                        'friend-author-60-45064066a5974796933cb6a1bfa7da62@frever-test.com',
                        true,
                        g."Id",
                        true,
                        null,
                        array []::bigint[],
                        111
                 from g
                 returning *),
     activity as (
         insert into "UserActivity" ("GroupId", "OccurredAt", "ActionType")
             select g."Id", null, 'Login'
             from g
             where null is not null)
select *
from u;), 
    null, 
    List&lt;string&gt; { "Id", "AnalyticsEnabled", "AppleId", "CreatedTime", "CreatorPermissionLevel", "DataCollection", "Email", "GoogleId", "IdentityServerId", "IsFeatured", "MainCharacterId", "MainGroupId", "ModifiedTime", "PhoneNumber" }, 
    Func&lt;QueryContext, DbDataReader, int[], User&gt;, 
    Frever.Common.IntegrationTesting.TestReadWriteDbContext, 
    False, 
    False, 
    True
)'
Debug [20103]: Creating DbCommand for 'ExecuteReader'.
Debug [20104]: Created DbCommand for 'ExecuteReader' (0ms).
Debug [20106]: Initialized DbCommand for 'ExecuteReader' (0ms).
Debug [20100]: Executing DbCommand [Parameters=[], CommandType='Text', CommandTimeout='60']

with g as (
    insert into "Group" ("NickName",
                         "TaxationCountryId",
                         "DefaultLanguageId",
                         "BirthDate",
                         "Gender"
        )
        values ('friend-author-60-45064066a5974796933cb6a1bfa7da62',
                (select "Id" from "Country" where "ISOName" = 'usa'),
                (select "Id" from "Language" where "IsoCode" = 'eng'),
                '1991-09-21T00:00:00.0000000',
                1)
        returning *),
     u as (
         insert
             into "User" ("IdentityServerId", "Email", "DataCollection", "MainGroupId", "AnalyticsEnabled",
                          "PhoneNumber",
                          "CreatorPermissionLevel", "MainCharacterId")
                 select uuid_generate_v4(),
                        'friend-author-60-45064066a5974796933cb6a1bfa7da62@frever-test.com',
                        true,
                        g."Id",
                        true,
                        null,
                        array []::bigint[],
                        111
                 from g
                 returning *),
     activity as (
         insert into "UserActivity" ("GroupId", "OccurredAt", "ActionType")
             select g."Id", null, 'Login'
             from g
             where null is not null)
select *
from u;
Information [20101]: Executed DbCommand (1ms) [Parameters=[], CommandType='Text', CommandTimeout='60']

with g as (
    insert into "Group" ("NickName",
                         "TaxationCountryId",
                         "DefaultLanguageId",
                         "BirthDate",
                         "Gender"
        )
        values ('friend-author-60-45064066a5974796933cb6a1bfa7da62',
                (select "Id" from "Country" where "ISOName" = 'usa'),
                (select "Id" from "Language" where "IsoCode" = 'eng'),
                '1991-09-21T00:00:00.0000000',
                1)
        returning *),
     u as (
         insert
             into "User" ("IdentityServerId", "Email", "DataCollection", "MainGroupId", "AnalyticsEnabled",
                          "PhoneNumber",
                          "CreatorPermissionLevel", "MainCharacterId")
                 select uuid_generate_v4(),
                        'friend-author-60-45064066a5974796933cb6a1bfa7da62@frever-test.com',
                        true,
                        g."Id",
                        true,
                        null,
                        array []::bigint[],
                        111
                 from g
                 returning *),
     activity as (
         insert into "UserActivity" ("GroupId", "OccurredAt", "ActionType")
             select g."Id", null, 'Login'
             from g
             where null is not null)
select *
from u;
Debug [10806]: Context 'TestReadWriteDbContext' started tracking 'User' entity with key '{Id: 189682}'.
Debug [20301]: Closing data reader to 'frevertest' on server 'tcp://postgres-frever-it:5432'.
Debug [20300]: A data reader for 'frevertest' on server 'tcp://postgres-frever-it:5432' is being disposed after spending 0ms reading results.
Debug [10111]: Compiling query expression: 
'DbSet&lt;User&gt;().FromSql(
with g as (
    insert into "Group" ("NickName",
                         "TaxationCountryId",
                         "DefaultLanguageId",
                         "BirthDate",
                         "Gender"
        )
        values ('friend-author-61-7843a95cdc51418cb8fb64458a076dc1',
                (select "Id" from "Country" where "ISOName" = 'usa'),
                (select "Id" from "Language" where "IsoCode" = 'eng'),
                '1992-10-25T00:00:00.0000000',
                1)
        returning *),
     u as (
         insert
             into "User" ("IdentityServerId", "Email", "DataCollection", "MainGroupId", "AnalyticsEnabled",
                          "PhoneNumber",
                          "CreatorPermissionLevel", "MainCharacterId")
                 select uuid_generate_v4(),
                        'friend-author-61-7843a95cdc51418cb8fb64458a076dc1@frever-test.com',
                        true,
                        g."Id",
                        true,
                        null,
                        array []::bigint[],
                        111
                 from g
                 returning *),
     activity as (
         insert into "UserActivity" ("GroupId", "OccurredAt", "ActionType")
             select g."Id", null, 'Login'
             from g
             where null is not null)
select *
from u;, __p_0)
'
Debug [10107]: Generated query execution expression: 
'queryContext =&gt; new FromSqlQueryingEnumerable&lt;User&gt;(
    (RelationalQueryContext)queryContext, 
    RelationalCommandCache.QueryExpression(
        Projection Mapping:
            EmptyProjectionMember -&gt; Dictionary&lt;IProperty, int&gt; { [Property: User.Id (long) Required PK AfterSave:Throw ValueGenerated.OnAdd, 0], [Property: User.AnalyticsEnabled (bool) Required, 1], [Property: User.AppleId (string), 2], [Property: User.CreatedTime (DateTime) Required ValueGenerated.OnAdd, 3], [Property: User.CreatorPermissionLevel (long[]) Element type: long Required, 4], [Property: User.DataCollection (bool?), 5], [Property: User.Email (string) Index, 6], [Property: User.GoogleId (string), 7], [Property: User.IdentityServerId (Guid) Required Index, 8], [Property: User.IsFeatured (bool) Required, 9], [Property: User.MainCharacterId (long?) FK Index, 10], [Property: User.MainGroupId (long) Required FK Index, 11], [Property: User.ModifiedTime (DateTime) Required, 12], [Property: User.PhoneNumber (string) Index, 13] }
        SELECT f.Id, f.AnalyticsEnabled, f.AppleId, f.CreatedTime, f.CreatorPermissionLevel, f.DataCollection, f.Email, f.GoogleId, f.IdentityServerId, f.IsFeatured, f.MainCharacterId, f.MainGroupId, f.ModifiedTime, f.PhoneNumber
        FROM 
with g as (
    insert into "Group" ("NickName",
                         "TaxationCountryId",
                         "DefaultLanguageId",
                         "BirthDate",
                         "Gender"
        )
        values ('friend-author-61-7843a95cdc51418cb8fb64458a076dc1',
                (select "Id" from "Country" where "ISOName" = 'usa'),
                (select "Id" from "Language" where "IsoCode" = 'eng'),
                '1992-10-25T00:00:00.0000000',
                1)
        returning *),
     u as (
         insert
             into "User" ("IdentityServerId", "Email", "DataCollection", "MainGroupId", "AnalyticsEnabled",
                          "PhoneNumber",
                          "CreatorPermissionLevel", "MainCharacterId")
                 select uuid_generate_v4(),
                        'friend-author-61-7843a95cdc51418cb8fb64458a076dc1@frever-test.com',
                        true,
                        g."Id",
                        true,
                        null,
                        array []::bigint[],
                        111
                 from g
                 returning *),
     activity as (
         insert into "UserActivity" ("GroupId", "OccurredAt", "ActionType")
             select g."Id", null, 'Login'
             from g
             where null is not null)
select *
from u;), 
    null, 
    List&lt;string&gt; { "Id", "AnalyticsEnabled", "AppleId", "CreatedTime", "CreatorPermissionLevel", "DataCollection", "Email", "GoogleId", "IdentityServerId", "IsFeatured", "MainCharacterId", "MainGroupId", "ModifiedTime", "PhoneNumber" }, 
    Func&lt;QueryContext, DbDataReader, int[], User&gt;, 
    Frever.Common.IntegrationTesting.TestReadWriteDbContext, 
    False, 
    False, 
    True
)'
Debug [20103]: Creating DbCommand for 'ExecuteReader'.
Debug [20104]: Created DbCommand for 'ExecuteReader' (0ms).
Debug [20106]: Initialized DbCommand for 'ExecuteReader' (0ms).
Debug [20100]: Executing DbCommand [Parameters=[], CommandType='Text', CommandTimeout='60']

with g as (
    insert into "Group" ("NickName",
                         "TaxationCountryId",
                         "DefaultLanguageId",
                         "BirthDate",
                         "Gender"
        )
        values ('friend-author-61-7843a95cdc51418cb8fb64458a076dc1',
                (select "Id" from "Country" where "ISOName" = 'usa'),
                (select "Id" from "Language" where "IsoCode" = 'eng'),
                '1992-10-25T00:00:00.0000000',
                1)
        returning *),
     u as (
         insert
             into "User" ("IdentityServerId", "Email", "DataCollection", "MainGroupId", "AnalyticsEnabled",
                          "PhoneNumber",
                          "CreatorPermissionLevel", "MainCharacterId")
                 select uuid_generate_v4(),
                        'friend-author-61-7843a95cdc51418cb8fb64458a076dc1@frever-test.com',
                        true,
                        g."Id",
                        true,
                        null,
                        array []::bigint[],
                        111
                 from g
                 returning *),
     activity as (
         insert into "UserActivity" ("GroupId", "OccurredAt", "ActionType")
             select g."Id", null, 'Login'
             from g
             where null is not null)
select *
from u;
Information [20101]: Executed DbCommand (1ms) [Parameters=[], CommandType='Text', CommandTimeout='60']

with g as (
    insert into "Group" ("NickName",
                         "TaxationCountryId",
                         "DefaultLanguageId",
                         "BirthDate",
                         "Gender"
        )
        values ('friend-author-61-7843a95cdc51418cb8fb64458a076dc1',
                (select "Id" from "Country" where "ISOName" = 'usa'),
                (select "Id" from "Language" where "IsoCode" = 'eng'),
                '1992-10-25T00:00:00.0000000',
                1)
        returning *),
     u as (
         insert
             into "User" ("IdentityServerId", "Email", "DataCollection", "MainGroupId", "AnalyticsEnabled",
                          "PhoneNumber",
                          "CreatorPermissionLevel", "MainCharacterId")
                 select uuid_generate_v4(),
                        'friend-author-61-7843a95cdc51418cb8fb64458a076dc1@frever-test.com',
                        true,
                        g."Id",
                        true,
                        null,
                        array []::bigint[],
                        111
                 from g
                 returning *),
     activity as (
         insert into "UserActivity" ("GroupId", "OccurredAt", "ActionType")
             select g."Id", null, 'Login'
             from g
             where null is not null)
select *
from u;
Debug [10806]: Context 'TestReadWriteDbContext' started tracking 'User' entity with key '{Id: 189683}'.
Debug [20301]: Closing data reader to 'frevertest' on server 'tcp://postgres-frever-it:5432'.
Debug [20300]: A data reader for 'frevertest' on server 'tcp://postgres-frever-it:5432' is being disposed after spending 0ms reading results.
Debug [10111]: Compiling query expression: 
'DbSet&lt;User&gt;().FromSql(
with g as (
    insert into "Group" ("NickName",
                         "TaxationCountryId",
                         "DefaultLanguageId",
                         "BirthDate",
                         "Gender"
        )
        values ('friend-author-62-7d1518f3501545d1b49f845488da3c60',
                (select "Id" from "Country" where "ISOName" = 'usa'),
                (select "Id" from "Language" where "IsoCode" = 'eng'),
                '1992-03-01T00:00:00.0000000',
                1)
        returning *),
     u as (
         insert
             into "User" ("IdentityServerId", "Email", "DataCollection", "MainGroupId", "AnalyticsEnabled",
                          "PhoneNumber",
                          "CreatorPermissionLevel", "MainCharacterId")
                 select uuid_generate_v4(),
                        'friend-author-62-7d1518f3501545d1b49f845488da3c60@frever-test.com',
                        true,
                        g."Id",
                        true,
                        null,
                        array []::bigint[],
                        111
                 from g
                 returning *),
     activity as (
         insert into "UserActivity" ("GroupId", "OccurredAt", "ActionType")
             select g."Id", null, 'Login'
             from g
             where null is not null)
select *
from u;, __p_0)
'
Debug [10107]: Generated query execution expression: 
'queryContext =&gt; new FromSqlQueryingEnumerable&lt;User&gt;(
    (RelationalQueryContext)queryContext, 
    RelationalCommandCache.QueryExpression(
        Projection Mapping:
            EmptyProjectionMember -&gt; Dictionary&lt;IProperty, int&gt; { [Property: User.Id (long) Required PK AfterSave:Throw ValueGenerated.OnAdd, 0], [Property: User.AnalyticsEnabled (bool) Required, 1], [Property: User.AppleId (string), 2], [Property: User.CreatedTime (DateTime) Required ValueGenerated.OnAdd, 3], [Property: User.CreatorPermissionLevel (long[]) Element type: long Required, 4], [Property: User.DataCollection (bool?), 5], [Property: User.Email (string) Index, 6], [Property: User.GoogleId (string), 7], [Property: User.IdentityServerId (Guid) Required Index, 8], [Property: User.IsFeatured (bool) Required, 9], [Property: User.MainCharacterId (long?) FK Index, 10], [Property: User.MainGroupId (long) Required FK Index, 11], [Property: User.ModifiedTime (DateTime) Required, 12], [Property: User.PhoneNumber (string) Index, 13] }
        SELECT f.Id, f.AnalyticsEnabled, f.AppleId, f.CreatedTime, f.CreatorPermissionLevel, f.DataCollection, f.Email, f.GoogleId, f.IdentityServerId, f.IsFeatured, f.MainCharacterId, f.MainGroupId, f.ModifiedTime, f.PhoneNumber
        FROM 
with g as (
    insert into "Group" ("NickName",
                         "TaxationCountryId",
                         "DefaultLanguageId",
                         "BirthDate",
                         "Gender"
        )
        values ('friend-author-62-7d1518f3501545d1b49f845488da3c60',
                (select "Id" from "Country" where "ISOName" = 'usa'),
                (select "Id" from "Language" where "IsoCode" = 'eng'),
                '1992-03-01T00:00:00.0000000',
                1)
        returning *),
     u as (
         insert
             into "User" ("IdentityServerId", "Email", "DataCollection", "MainGroupId", "AnalyticsEnabled",
                          "PhoneNumber",
                          "CreatorPermissionLevel", "MainCharacterId")
                 select uuid_generate_v4(),
                        'friend-author-62-7d1518f3501545d1b49f845488da3c60@frever-test.com',
                        true,
                        g."Id",
                        true,
                        null,
                        array []::bigint[],
                        111
                 from g
                 returning *),
     activity as (
         insert into "UserActivity" ("GroupId", "OccurredAt", "ActionType")
             select g."Id", null, 'Login'
             from g
             where null is not null)
select *
from u;), 
    null, 
    List&lt;string&gt; { "Id", "AnalyticsEnabled", "AppleId", "CreatedTime", "CreatorPermissionLevel", "DataCollection", "Email", "GoogleId", "IdentityServerId", "IsFeatured", "MainCharacterId", "MainGroupId", "ModifiedTime", "PhoneNumber" }, 
    Func&lt;QueryContext, DbDataReader, int[], User&gt;, 
    Frever.Common.IntegrationTesting.TestReadWriteDbContext, 
    False, 
    False, 
    True
)'
Debug [20103]: Creating DbCommand for 'ExecuteReader'.
Debug [20104]: Created DbCommand for 'ExecuteReader' (0ms).
Debug [20106]: Initialized DbCommand for 'ExecuteReader' (0ms).
Debug [20100]: Executing DbCommand [Parameters=[], CommandType='Text', CommandTimeout='60']

with g as (
    insert into "Group" ("NickName",
                         "TaxationCountryId",
                         "DefaultLanguageId",
                         "BirthDate",
                         "Gender"
        )
        values ('friend-author-62-7d1518f3501545d1b49f845488da3c60',
                (select "Id" from "Country" where "ISOName" = 'usa'),
                (select "Id" from "Language" where "IsoCode" = 'eng'),
                '1992-03-01T00:00:00.0000000',
                1)
        returning *),
     u as (
         insert
             into "User" ("IdentityServerId", "Email", "DataCollection", "MainGroupId", "AnalyticsEnabled",
                          "PhoneNumber",
                          "CreatorPermissionLevel", "MainCharacterId")
                 select uuid_generate_v4(),
                        'friend-author-62-7d1518f3501545d1b49f845488da3c60@frever-test.com',
                        true,
                        g."Id",
                        true,
                        null,
                        array []::bigint[],
                        111
                 from g
                 returning *),
     activity as (
         insert into "UserActivity" ("GroupId", "OccurredAt", "ActionType")
             select g."Id", null, 'Login'
             from g
             where null is not null)
select *
from u;
Information [20101]: Executed DbCommand (1ms) [Parameters=[], CommandType='Text', CommandTimeout='60']

with g as (
    insert into "Group" ("NickName",
                         "TaxationCountryId",
                         "DefaultLanguageId",
                         "BirthDate",
                         "Gender"
        )
        values ('friend-author-62-7d1518f3501545d1b49f845488da3c60',
                (select "Id" from "Country" where "ISOName" = 'usa'),
                (select "Id" from "Language" where "IsoCode" = 'eng'),
                '1992-03-01T00:00:00.0000000',
                1)
        returning *),
     u as (
         insert
             into "User" ("IdentityServerId", "Email", "DataCollection", "MainGroupId", "AnalyticsEnabled",
                          "PhoneNumber",
                          "CreatorPermissionLevel", "MainCharacterId")
                 select uuid_generate_v4(),
                        'friend-author-62-7d1518f3501545d1b49f845488da3c60@frever-test.com',
                        true,
                        g."Id",
                        true,
                        null,
                        array []::bigint[],
                        111
                 from g
                 returning *),
     activity as (
         insert into "UserActivity" ("GroupId", "OccurredAt", "ActionType")
             select g."Id", null, 'Login'
             from g
             where null is not null)
select *
from u;
Debug [10806]: Context 'TestReadWriteDbContext' started tracking 'User' entity with key '{Id: 189684}'.
Debug [20301]: Closing data reader to 'frevertest' on server 'tcp://postgres-frever-it:5432'.
Debug [20300]: A data reader for 'frevertest' on server 'tcp://postgres-frever-it:5432' is being disposed after spending 0ms reading results.
Debug [10111]: Compiling query expression: 
'DbSet&lt;User&gt;().FromSql(
with g as (
    insert into "Group" ("NickName",
                         "TaxationCountryId",
                         "DefaultLanguageId",
                         "BirthDate",
                         "Gender"
        )
        values ('friend-author-63-9d02683d423c40079f9fe9a7e72c43f2',
                (select "Id" from "Country" where "ISOName" = 'usa'),
                (select "Id" from "Language" where "IsoCode" = 'eng'),
                '1991-10-31T00:00:00.0000000',
                1)
        returning *),
     u as (
         insert
             into "User" ("IdentityServerId", "Email", "DataCollection", "MainGroupId", "AnalyticsEnabled",
                          "PhoneNumber",
                          "CreatorPermissionLevel", "MainCharacterId")
                 select uuid_generate_v4(),
                        'friend-author-63-9d02683d423c40079f9fe9a7e72c43f2@frever-test.com',
                        true,
                        g."Id",
                        true,
                        null,
                        array []::bigint[],
                        111
                 from g
                 returning *),
     activity as (
         insert into "UserActivity" ("GroupId", "OccurredAt", "ActionType")
             select g."Id", null, 'Login'
             from g
             where null is not null)
select *
from u;, __p_0)
'
Debug [10107]: Generated query execution expression: 
'queryContext =&gt; new FromSqlQueryingEnumerable&lt;User&gt;(
    (RelationalQueryContext)queryContext, 
    RelationalCommandCache.QueryExpression(
        Projection Mapping:
            EmptyProjectionMember -&gt; Dictionary&lt;IProperty, int&gt; { [Property: User.Id (long) Required PK AfterSave:Throw ValueGenerated.OnAdd, 0], [Property: User.AnalyticsEnabled (bool) Required, 1], [Property: User.AppleId (string), 2], [Property: User.CreatedTime (DateTime) Required ValueGenerated.OnAdd, 3], [Property: User.CreatorPermissionLevel (long[]) Element type: long Required, 4], [Property: User.DataCollection (bool?), 5], [Property: User.Email (string) Index, 6], [Property: User.GoogleId (string), 7], [Property: User.IdentityServerId (Guid) Required Index, 8], [Property: User.IsFeatured (bool) Required, 9], [Property: User.MainCharacterId (long?) FK Index, 10], [Property: User.MainGroupId (long) Required FK Index, 11], [Property: User.ModifiedTime (DateTime) Required, 12], [Property: User.PhoneNumber (string) Index, 13] }
        SELECT f.Id, f.AnalyticsEnabled, f.AppleId, f.CreatedTime, f.CreatorPermissionLevel, f.DataCollection, f.Email, f.GoogleId, f.IdentityServerId, f.IsFeatured, f.MainCharacterId, f.MainGroupId, f.ModifiedTime, f.PhoneNumber
        FROM 
with g as (
    insert into "Group" ("NickName",
                         "TaxationCountryId",
                         "DefaultLanguageId",
                         "BirthDate",
                         "Gender"
        )
        values ('friend-author-63-9d02683d423c40079f9fe9a7e72c43f2',
                (select "Id" from "Country" where "ISOName" = 'usa'),
                (select "Id" from "Language" where "IsoCode" = 'eng'),
                '1991-10-31T00:00:00.0000000',
                1)
        returning *),
     u as (
         insert
             into "User" ("IdentityServerId", "Email", "DataCollection", "MainGroupId", "AnalyticsEnabled",
                          "PhoneNumber",
                          "CreatorPermissionLevel", "MainCharacterId")
                 select uuid_generate_v4(),
                        'friend-author-63-9d02683d423c40079f9fe9a7e72c43f2@frever-test.com',
                        true,
                        g."Id",
                        true,
                        null,
                        array []::bigint[],
                        111
                 from g
                 returning *),
     activity as (
         insert into "UserActivity" ("GroupId", "OccurredAt", "ActionType")
             select g."Id", null, 'Login'
             from g
             where null is not null)
select *
from u;), 
    null, 
    List&lt;string&gt; { "Id", "AnalyticsEnabled", "AppleId", "CreatedTime", "CreatorPermissionLevel", "DataCollection", "Email", "GoogleId", "IdentityServerId", "IsFeatured", "MainCharacterId", "MainGroupId", "ModifiedTime", "PhoneNumber" }, 
    Func&lt;QueryContext, DbDataReader, int[], User&gt;, 
    Frever.Common.IntegrationTesting.TestReadWriteDbContext, 
    False, 
    False, 
    True
)'
Debug [20103]: Creating DbCommand for 'ExecuteReader'.
Debug [20104]: Created DbCommand for 'ExecuteReader' (0ms).
Debug [20106]: Initialized DbCommand for 'ExecuteReader' (0ms).
Debug [20100]: Executing DbCommand [Parameters=[], CommandType='Text', CommandTimeout='60']

with g as (
    insert into "Group" ("NickName",
                         "TaxationCountryId",
                         "DefaultLanguageId",
                         "BirthDate",
                         "Gender"
        )
        values ('friend-author-63-9d02683d423c40079f9fe9a7e72c43f2',
                (select "Id" from "Country" where "ISOName" = 'usa'),
                (select "Id" from "Language" where "IsoCode" = 'eng'),
                '1991-10-31T00:00:00.0000000',
                1)
        returning *),
     u as (
         insert
             into "User" ("IdentityServerId", "Email", "DataCollection", "MainGroupId", "AnalyticsEnabled",
                          "PhoneNumber",
                          "CreatorPermissionLevel", "MainCharacterId")
                 select uuid_generate_v4(),
                        'friend-author-63-9d02683d423c40079f9fe9a7e72c43f2@frever-test.com',
                        true,
                        g."Id",
                        true,
                        null,
                        array []::bigint[],
                        111
                 from g
                 returning *),
     activity as (
         insert into "UserActivity" ("GroupId", "OccurredAt", "ActionType")
             select g."Id", null, 'Login'
             from g
             where null is not null)
select *
from u;
Information [20101]: Executed DbCommand (1ms) [Parameters=[], CommandType='Text', CommandTimeout='60']

with g as (
    insert into "Group" ("NickName",
                         "TaxationCountryId",
                         "DefaultLanguageId",
                         "BirthDate",
                         "Gender"
        )
        values ('friend-author-63-9d02683d423c40079f9fe9a7e72c43f2',
                (select "Id" from "Country" where "ISOName" = 'usa'),
                (select "Id" from "Language" where "IsoCode" = 'eng'),
                '1991-10-31T00:00:00.0000000',
                1)
        returning *),
     u as (
         insert
             into "User" ("IdentityServerId", "Email", "DataCollection", "MainGroupId", "AnalyticsEnabled",
                          "PhoneNumber",
                          "CreatorPermissionLevel", "MainCharacterId")
                 select uuid_generate_v4(),
                        'friend-author-63-9d02683d423c40079f9fe9a7e72c43f2@frever-test.com',
                        true,
                        g."Id",
                        true,
                        null,
                        array []::bigint[],
                        111
                 from g
                 returning *),
     activity as (
         insert into "UserActivity" ("GroupId", "OccurredAt", "ActionType")
             select g."Id", null, 'Login'
             from g
             where null is not null)
select *
from u;
Debug [10806]: Context 'TestReadWriteDbContext' started tracking 'User' entity with key '{Id: 189685}'.
Debug [20301]: Closing data reader to 'frevertest' on server 'tcp://postgres-frever-it:5432'.
Debug [20300]: A data reader for 'frevertest' on server 'tcp://postgres-frever-it:5432' is being disposed after spending 0ms reading results.
Debug [10111]: Compiling query expression: 
'DbSet&lt;User&gt;().FromSql(
with g as (
    insert into "Group" ("NickName",
                         "TaxationCountryId",
                         "DefaultLanguageId",
                         "BirthDate",
                         "Gender"
        )
        values ('friend-author-64-bcf7917781ed4be5b86828a1af70e95f',
                (select "Id" from "Country" where "ISOName" = 'usa'),
                (select "Id" from "Language" where "IsoCode" = 'eng'),
                '1991-09-11T00:00:00.0000000',
                1)
        returning *),
     u as (
         insert
             into "User" ("IdentityServerId", "Email", "DataCollection", "MainGroupId", "AnalyticsEnabled",
                          "PhoneNumber",
                          "CreatorPermissionLevel", "MainCharacterId")
                 select uuid_generate_v4(),
                        'friend-author-64-bcf7917781ed4be5b86828a1af70e95f@frever-test.com',
                        true,
                        g."Id",
                        true,
                        null,
                        array []::bigint[],
                        111
                 from g
                 returning *),
     activity as (
         insert into "UserActivity" ("GroupId", "OccurredAt", "ActionType")
             select g."Id", null, 'Login'
             from g
             where null is not null)
select *
from u;, __p_0)
'
Debug [10107]: Generated query execution expression: 
'queryContext =&gt; new FromSqlQueryingEnumerable&lt;User&gt;(
    (RelationalQueryContext)queryContext, 
    RelationalCommandCache.QueryExpression(
        Projection Mapping:
            EmptyProjectionMember -&gt; Dictionary&lt;IProperty, int&gt; { [Property: User.Id (long) Required PK AfterSave:Throw ValueGenerated.OnAdd, 0], [Property: User.AnalyticsEnabled (bool) Required, 1], [Property: User.AppleId (string), 2], [Property: User.CreatedTime (DateTime) Required ValueGenerated.OnAdd, 3], [Property: User.CreatorPermissionLevel (long[]) Element type: long Required, 4], [Property: User.DataCollection (bool?), 5], [Property: User.Email (string) Index, 6], [Property: User.GoogleId (string), 7], [Property: User.IdentityServerId (Guid) Required Index, 8], [Property: User.IsFeatured (bool) Required, 9], [Property: User.MainCharacterId (long?) FK Index, 10], [Property: User.MainGroupId (long) Required FK Index, 11], [Property: User.ModifiedTime (DateTime) Required, 12], [Property: User.PhoneNumber (string) Index, 13] }
        SELECT f.Id, f.AnalyticsEnabled, f.AppleId, f.CreatedTime, f.CreatorPermissionLevel, f.DataCollection, f.Email, f.GoogleId, f.IdentityServerId, f.IsFeatured, f.MainCharacterId, f.MainGroupId, f.ModifiedTime, f.PhoneNumber
        FROM 
with g as (
    insert into "Group" ("NickName",
                         "TaxationCountryId",
                         "DefaultLanguageId",
                         "BirthDate",
                         "Gender"
        )
        values ('friend-author-64-bcf7917781ed4be5b86828a1af70e95f',
                (select "Id" from "Country" where "ISOName" = 'usa'),
                (select "Id" from "Language" where "IsoCode" = 'eng'),
                '1991-09-11T00:00:00.0000000',
                1)
        returning *),
     u as (
         insert
             into "User" ("IdentityServerId", "Email", "DataCollection", "MainGroupId", "AnalyticsEnabled",
                          "PhoneNumber",
                          "CreatorPermissionLevel", "MainCharacterId")
                 select uuid_generate_v4(),
                        'friend-author-64-bcf7917781ed4be5b86828a1af70e95f@frever-test.com',
                        true,
                        g."Id",
                        true,
                        null,
                        array []::bigint[],
                        111
                 from g
                 returning *),
     activity as (
         insert into "UserActivity" ("GroupId", "OccurredAt", "ActionType")
             select g."Id", null, 'Login'
             from g
             where null is not null)
select *
from u;), 
    null, 
    List&lt;string&gt; { "Id", "AnalyticsEnabled", "AppleId", "CreatedTime", "CreatorPermissionLevel", "DataCollection", "Email", "GoogleId", "IdentityServerId", "IsFeatured", "MainCharacterId", "MainGroupId", "ModifiedTime", "PhoneNumber" }, 
    Func&lt;QueryContext, DbDataReader, int[], User&gt;, 
    Frever.Common.IntegrationTesting.TestReadWriteDbContext, 
    False, 
    False, 
    True
)'
Debug [20103]: Creating DbCommand for 'ExecuteReader'.
Debug [20104]: Created DbCommand for 'ExecuteReader' (0ms).
Debug [20106]: Initialized DbCommand for 'ExecuteReader' (0ms).
Debug [20100]: Executing DbCommand [Parameters=[], CommandType='Text', CommandTimeout='60']

with g as (
    insert into "Group" ("NickName",
                         "TaxationCountryId",
                         "DefaultLanguageId",
                         "BirthDate",
                         "Gender"
        )
        values ('friend-author-64-bcf7917781ed4be5b86828a1af70e95f',
                (select "Id" from "Country" where "ISOName" = 'usa'),
                (select "Id" from "Language" where "IsoCode" = 'eng'),
                '1991-09-11T00:00:00.0000000',
                1)
        returning *),
     u as (
         insert
             into "User" ("IdentityServerId", "Email", "DataCollection", "MainGroupId", "AnalyticsEnabled",
                          "PhoneNumber",
                          "CreatorPermissionLevel", "MainCharacterId")
                 select uuid_generate_v4(),
                        'friend-author-64-bcf7917781ed4be5b86828a1af70e95f@frever-test.com',
                        true,
                        g."Id",
                        true,
                        null,
                        array []::bigint[],
                        111
                 from g
                 returning *),
     activity as (
         insert into "UserActivity" ("GroupId", "OccurredAt", "ActionType")
             select g."Id", null, 'Login'
             from g
             where null is not null)
select *
from u;
Information [20101]: Executed DbCommand (1ms) [Parameters=[], CommandType='Text', CommandTimeout='60']

with g as (
    insert into "Group" ("NickName",
                         "TaxationCountryId",
                         "DefaultLanguageId",
                         "BirthDate",
                         "Gender"
        )
        values ('friend-author-64-bcf7917781ed4be5b86828a1af70e95f',
                (select "Id" from "Country" where "ISOName" = 'usa'),
                (select "Id" from "Language" where "IsoCode" = 'eng'),
                '1991-09-11T00:00:00.0000000',
                1)
        returning *),
     u as (
         insert
             into "User" ("IdentityServerId", "Email", "DataCollection", "MainGroupId", "AnalyticsEnabled",
                          "PhoneNumber",
                          "CreatorPermissionLevel", "MainCharacterId")
                 select uuid_generate_v4(),
                        'friend-author-64-bcf7917781ed4be5b86828a1af70e95f@frever-test.com',
                        true,
                        g."Id",
                        true,
                        null,
                        array []::bigint[],
                        111
                 from g
                 returning *),
     activity as (
         insert into "UserActivity" ("GroupId", "OccurredAt", "ActionType")
             select g."Id", null, 'Login'
             from g
             where null is not null)
select *
from u;
Debug [10806]: Context 'TestReadWriteDbContext' started tracking 'User' entity with key '{Id: 189686}'.
Debug [20301]: Closing data reader to 'frevertest' on server 'tcp://postgres-frever-it:5432'.
Debug [20300]: A data reader for 'frevertest' on server 'tcp://postgres-frever-it:5432' is being disposed after spending 0ms reading results.
Debug [10111]: Compiling query expression: 
'DbSet&lt;User&gt;().FromSql(
with g as (
    insert into "Group" ("NickName",
                         "TaxationCountryId",
                         "DefaultLanguageId",
                         "BirthDate",
                         "Gender"
        )
        values ('friend-author-65-2d06f937124441dd9c0ab66921207dda',
                (select "Id" from "Country" where "ISOName" = 'usa'),
                (select "Id" from "Language" where "IsoCode" = 'eng'),
                '1992-03-24T00:00:00.0000000',
                1)
        returning *),
     u as (
         insert
             into "User" ("IdentityServerId", "Email", "DataCollection", "MainGroupId", "AnalyticsEnabled",
                          "PhoneNumber",
                          "CreatorPermissionLevel", "MainCharacterId")
                 select uuid_generate_v4(),
                        'friend-author-65-2d06f937124441dd9c0ab66921207dda@frever-test.com',
                        true,
                        g."Id",
                        true,
                        null,
                        array []::bigint[],
                        111
                 from g
                 returning *),
     activity as (
         insert into "UserActivity" ("GroupId", "OccurredAt", "ActionType")
             select g."Id", null, 'Login'
             from g
             where null is not null)
select *
from u;, __p_0)
'
Debug [10107]: Generated query execution expression: 
'queryContext =&gt; new FromSqlQueryingEnumerable&lt;User&gt;(
    (RelationalQueryContext)queryContext, 
    RelationalCommandCache.QueryExpression(
        Projection Mapping:
            EmptyProjectionMember -&gt; Dictionary&lt;IProperty, int&gt; { [Property: User.Id (long) Required PK AfterSave:Throw ValueGenerated.OnAdd, 0], [Property: User.AnalyticsEnabled (bool) Required, 1], [Property: User.AppleId (string), 2], [Property: User.CreatedTime (DateTime) Required ValueGenerated.OnAdd, 3], [Property: User.CreatorPermissionLevel (long[]) Element type: long Required, 4], [Property: User.DataCollection (bool?), 5], [Property: User.Email (string) Index, 6], [Property: User.GoogleId (string), 7], [Property: User.IdentityServerId (Guid) Required Index, 8], [Property: User.IsFeatured (bool) Required, 9], [Property: User.MainCharacterId (long?) FK Index, 10], [Property: User.MainGroupId (long) Required FK Index, 11], [Property: User.ModifiedTime (DateTime) Required, 12], [Property: User.PhoneNumber (string) Index, 13] }
        SELECT f.Id, f.AnalyticsEnabled, f.AppleId, f.CreatedTime, f.CreatorPermissionLevel, f.DataCollection, f.Email, f.GoogleId, f.IdentityServerId, f.IsFeatured, f.MainCharacterId, f.MainGroupId, f.ModifiedTime, f.PhoneNumber
        FROM 
with g as (
    insert into "Group" ("NickName",
                         "TaxationCountryId",
                         "DefaultLanguageId",
                         "BirthDate",
                         "Gender"
        )
        values ('friend-author-65-2d06f937124441dd9c0ab66921207dda',
                (select "Id" from "Country" where "ISOName" = 'usa'),
                (select "Id" from "Language" where "IsoCode" = 'eng'),
                '1992-03-24T00:00:00.0000000',
                1)
        returning *),
     u as (
         insert
             into "User" ("IdentityServerId", "Email", "DataCollection", "MainGroupId", "AnalyticsEnabled",
                          "PhoneNumber",
                          "CreatorPermissionLevel", "MainCharacterId")
                 select uuid_generate_v4(),
                        'friend-author-65-2d06f937124441dd9c0ab66921207dda@frever-test.com',
                        true,
                        g."Id",
                        true,
                        null,
                        array []::bigint[],
                        111
                 from g
                 returning *),
     activity as (
         insert into "UserActivity" ("GroupId", "OccurredAt", "ActionType")
             select g."Id", null, 'Login'
             from g
             where null is not null)
select *
from u;), 
    null, 
    List&lt;string&gt; { "Id", "AnalyticsEnabled", "AppleId", "CreatedTime", "CreatorPermissionLevel", "DataCollection", "Email", "GoogleId", "IdentityServerId", "IsFeatured", "MainCharacterId", "MainGroupId", "ModifiedTime", "PhoneNumber" }, 
    Func&lt;QueryContext, DbDataReader, int[], User&gt;, 
    Frever.Common.IntegrationTesting.TestReadWriteDbContext, 
    False, 
    False, 
    True
)'
Debug [20103]: Creating DbCommand for 'ExecuteReader'.
Debug [20104]: Created DbCommand for 'ExecuteReader' (0ms).
Debug [20106]: Initialized DbCommand for 'ExecuteReader' (0ms).
Debug [20100]: Executing DbCommand [Parameters=[], CommandType='Text', CommandTimeout='60']

with g as (
    insert into "Group" ("NickName",
                         "TaxationCountryId",
                         "DefaultLanguageId",
                         "BirthDate",
                         "Gender"
        )
        values ('friend-author-65-2d06f937124441dd9c0ab66921207dda',
                (select "Id" from "Country" where "ISOName" = 'usa'),
                (select "Id" from "Language" where "IsoCode" = 'eng'),
                '1992-03-24T00:00:00.0000000',
                1)
        returning *),
     u as (
         insert
             into "User" ("IdentityServerId", "Email", "DataCollection", "MainGroupId", "AnalyticsEnabled",
                          "PhoneNumber",
                          "CreatorPermissionLevel", "MainCharacterId")
                 select uuid_generate_v4(),
                        'friend-author-65-2d06f937124441dd9c0ab66921207dda@frever-test.com',
                        true,
                        g."Id",
                        true,
                        null,
                        array []::bigint[],
                        111
                 from g
                 returning *),
     activity as (
         insert into "UserActivity" ("GroupId", "OccurredAt", "ActionType")
             select g."Id", null, 'Login'
             from g
             where null is not null)
select *
from u;
Information [20101]: Executed DbCommand (2ms) [Parameters=[], CommandType='Text', CommandTimeout='60']

with g as (
    insert into "Group" ("NickName",
                         "TaxationCountryId",
                         "DefaultLanguageId",
                         "BirthDate",
                         "Gender"
        )
        values ('friend-author-65-2d06f937124441dd9c0ab66921207dda',
                (select "Id" from "Country" where "ISOName" = 'usa'),
                (select "Id" from "Language" where "IsoCode" = 'eng'),
                '1992-03-24T00:00:00.0000000',
                1)
        returning *),
     u as (
         insert
             into "User" ("IdentityServerId", "Email", "DataCollection", "MainGroupId", "AnalyticsEnabled",
                          "PhoneNumber",
                          "CreatorPermissionLevel", "MainCharacterId")
                 select uuid_generate_v4(),
                        'friend-author-65-2d06f937124441dd9c0ab66921207dda@frever-test.com',
                        true,
                        g."Id",
                        true,
                        null,
                        array []::bigint[],
                        111
                 from g
                 returning *),
     activity as (
         insert into "UserActivity" ("GroupId", "OccurredAt", "ActionType")
             select g."Id", null, 'Login'
             from g
             where null is not null)
select *
from u;
Debug [10806]: Context 'TestReadWriteDbContext' started tracking 'User' entity with key '{Id: 189687}'.
Debug [20301]: Closing data reader to 'frevertest' on server 'tcp://postgres-frever-it:5432'.
Debug [20300]: A data reader for 'frevertest' on server 'tcp://postgres-frever-it:5432' is being disposed after spending 0ms reading results.
Debug [10111]: Compiling query expression: 
'DbSet&lt;User&gt;().FromSql(
with g as (
    insert into "Group" ("NickName",
                         "TaxationCountryId",
                         "DefaultLanguageId",
                         "BirthDate",
                         "Gender"
        )
        values ('friend-author-66-8b241e7fc43b4b10bd339c6c5f79fc6f',
                (select "Id" from "Country" where "ISOName" = 'usa'),
                (select "Id" from "Language" where "IsoCode" = 'eng'),
                '1993-04-10T00:00:00.0000000',
                1)
        returning *),
     u as (
         insert
             into "User" ("IdentityServerId", "Email", "DataCollection", "MainGroupId", "AnalyticsEnabled",
                          "PhoneNumber",
                          "CreatorPermissionLevel", "MainCharacterId")
                 select uuid_generate_v4(),
                        'friend-author-66-8b241e7fc43b4b10bd339c6c5f79fc6f@frever-test.com',
                        true,
                        g."Id",
                        true,
                        null,
                        array []::bigint[],
                        111
                 from g
                 returning *),
     activity as (
         insert into "UserActivity" ("GroupId", "OccurredAt", "ActionType")
             select g."Id", null, 'Login'
             from g
             where null is not null)
select *
from u;, __p_0)
'
Debug [10107]: Generated query execution expression: 
'queryContext =&gt; new FromSqlQueryingEnumerable&lt;User&gt;(
    (RelationalQueryContext)queryContext, 
    RelationalCommandCache.QueryExpression(
        Projection Mapping:
            EmptyProjectionMember -&gt; Dictionary&lt;IProperty, int&gt; { [Property: User.Id (long) Required PK AfterSave:Throw ValueGenerated.OnAdd, 0], [Property: User.AnalyticsEnabled (bool) Required, 1], [Property: User.AppleId (string), 2], [Property: User.CreatedTime (DateTime) Required ValueGenerated.OnAdd, 3], [Property: User.CreatorPermissionLevel (long[]) Element type: long Required, 4], [Property: User.DataCollection (bool?), 5], [Property: User.Email (string) Index, 6], [Property: User.GoogleId (string), 7], [Property: User.IdentityServerId (Guid) Required Index, 8], [Property: User.IsFeatured (bool) Required, 9], [Property: User.MainCharacterId (long?) FK Index, 10], [Property: User.MainGroupId (long) Required FK Index, 11], [Property: User.ModifiedTime (DateTime) Required, 12], [Property: User.PhoneNumber (string) Index, 13] }
        SELECT f.Id, f.AnalyticsEnabled, f.AppleId, f.CreatedTime, f.CreatorPermissionLevel, f.DataCollection, f.Email, f.GoogleId, f.IdentityServerId, f.IsFeatured, f.MainCharacterId, f.MainGroupId, f.ModifiedTime, f.PhoneNumber
        FROM 
with g as (
    insert into "Group" ("NickName",
                         "TaxationCountryId",
                         "DefaultLanguageId",
                         "BirthDate",
                         "Gender"
        )
        values ('friend-author-66-8b241e7fc43b4b10bd339c6c5f79fc6f',
                (select "Id" from "Country" where "ISOName" = 'usa'),
                (select "Id" from "Language" where "IsoCode" = 'eng'),
                '1993-04-10T00:00:00.0000000',
                1)
        returning *),
     u as (
         insert
             into "User" ("IdentityServerId", "Email", "DataCollection", "MainGroupId", "AnalyticsEnabled",
                          "PhoneNumber",
                          "CreatorPermissionLevel", "MainCharacterId")
                 select uuid_generate_v4(),
                        'friend-author-66-8b241e7fc43b4b10bd339c6c5f79fc6f@frever-test.com',
                        true,
                        g."Id",
                        true,
                        null,
                        array []::bigint[],
                        111
                 from g
                 returning *),
     activity as (
         insert into "UserActivity" ("GroupId", "OccurredAt", "ActionType")
             select g."Id", null, 'Login'
             from g
             where null is not null)
select *
from u;), 
    null, 
    List&lt;string&gt; { "Id", "AnalyticsEnabled", "AppleId", "CreatedTime", "CreatorPermissionLevel", "DataCollection", "Email", "GoogleId", "IdentityServerId", "IsFeatured", "MainCharacterId", "MainGroupId", "ModifiedTime", "PhoneNumber" }, 
    Func&lt;QueryContext, DbDataReader, int[], User&gt;, 
    Frever.Common.IntegrationTesting.TestReadWriteDbContext, 
    False, 
    False, 
    True
)'
Debug [20103]: Creating DbCommand for 'ExecuteReader'.
Debug [20104]: Created DbCommand for 'ExecuteReader' (0ms).
Debug [20106]: Initialized DbCommand for 'ExecuteReader' (0ms).
Debug [20100]: Executing DbCommand [Parameters=[], CommandType='Text', CommandTimeout='60']

with g as (
    insert into "Group" ("NickName",
                         "TaxationCountryId",
                         "DefaultLanguageId",
                         "BirthDate",
                         "Gender"
        )
        values ('friend-author-66-8b241e7fc43b4b10bd339c6c5f79fc6f',
                (select "Id" from "Country" where "ISOName" = 'usa'),
                (select "Id" from "Language" where "IsoCode" = 'eng'),
                '1993-04-10T00:00:00.0000000',
                1)
        returning *),
     u as (
         insert
             into "User" ("IdentityServerId", "Email", "DataCollection", "MainGroupId", "AnalyticsEnabled",
                          "PhoneNumber",
                          "CreatorPermissionLevel", "MainCharacterId")
                 select uuid_generate_v4(),
                        'friend-author-66-8b241e7fc43b4b10bd339c6c5f79fc6f@frever-test.com',
                        true,
                        g."Id",
                        true,
                        null,
                        array []::bigint[],
                        111
                 from g
                 returning *),
     activity as (
         insert into "UserActivity" ("GroupId", "OccurredAt", "ActionType")
             select g."Id", null, 'Login'
             from g
             where null is not null)
select *
from u;
Information [20101]: Executed DbCommand (1ms) [Parameters=[], CommandType='Text', CommandTimeout='60']

with g as (
    insert into "Group" ("NickName",
                         "TaxationCountryId",
                         "DefaultLanguageId",
                         "BirthDate",
                         "Gender"
        )
        values ('friend-author-66-8b241e7fc43b4b10bd339c6c5f79fc6f',
                (select "Id" from "Country" where "ISOName" = 'usa'),
                (select "Id" from "Language" where "IsoCode" = 'eng'),
                '1993-04-10T00:00:00.0000000',
                1)
        returning *),
     u as (
         insert
             into "User" ("IdentityServerId", "Email", "DataCollection", "MainGroupId", "AnalyticsEnabled",
                          "PhoneNumber",
                          "CreatorPermissionLevel", "MainCharacterId")
                 select uuid_generate_v4(),
                        'friend-author-66-8b241e7fc43b4b10bd339c6c5f79fc6f@frever-test.com',
                        true,
                        g."Id",
                        true,
                        null,
                        array []::bigint[],
                        111
                 from g
                 returning *),
     activity as (
         insert into "UserActivity" ("GroupId", "OccurredAt", "ActionType")
             select g."Id", null, 'Login'
             from g
             where null is not null)
select *
from u;
Debug [10806]: Context 'TestReadWriteDbContext' started tracking 'User' entity with key '{Id: 189688}'.
Debug [20301]: Closing data reader to 'frevertest' on server 'tcp://postgres-frever-it:5432'.
Debug [20300]: A data reader for 'frevertest' on server 'tcp://postgres-frever-it:5432' is being disposed after spending 0ms reading results.
Debug [10111]: Compiling query expression: 
'DbSet&lt;User&gt;().FromSql(
with g as (
    insert into "Group" ("NickName",
                         "TaxationCountryId",
                         "DefaultLanguageId",
                         "BirthDate",
                         "Gender"
        )
        values ('friend-author-67-2c06f978b44a458098e66cc2ed98b05c',
                (select "Id" from "Country" where "ISOName" = 'usa'),
                (select "Id" from "Language" where "IsoCode" = 'eng'),
                '1993-06-03T00:00:00.0000000',
                1)
        returning *),
     u as (
         insert
             into "User" ("IdentityServerId", "Email", "DataCollection", "MainGroupId", "AnalyticsEnabled",
                          "PhoneNumber",
                          "CreatorPermissionLevel", "MainCharacterId")
                 select uuid_generate_v4(),
                        'friend-author-67-2c06f978b44a458098e66cc2ed98b05c@frever-test.com',
                        true,
                        g."Id",
                        true,
                        null,
                        array []::bigint[],
                        111
                 from g
                 returning *),
     activity as (
         insert into "UserActivity" ("GroupId", "OccurredAt", "ActionType")
             select g."Id", null, 'Login'
             from g
             where null is not null)
select *
from u;, __p_0)
'
Debug [10107]: Generated query execution expression: 
'queryContext =&gt; new FromSqlQueryingEnumerable&lt;User&gt;(
    (RelationalQueryContext)queryContext, 
    RelationalCommandCache.QueryExpression(
        Projection Mapping:
            EmptyProjectionMember -&gt; Dictionary&lt;IProperty, int&gt; { [Property: User.Id (long) Required PK AfterSave:Throw ValueGenerated.OnAdd, 0], [Property: User.AnalyticsEnabled (bool) Required, 1], [Property: User.AppleId (string), 2], [Property: User.CreatedTime (DateTime) Required ValueGenerated.OnAdd, 3], [Property: User.CreatorPermissionLevel (long[]) Element type: long Required, 4], [Property: User.DataCollection (bool?), 5], [Property: User.Email (string) Index, 6], [Property: User.GoogleId (string), 7], [Property: User.IdentityServerId (Guid) Required Index, 8], [Property: User.IsFeatured (bool) Required, 9], [Property: User.MainCharacterId (long?) FK Index, 10], [Property: User.MainGroupId (long) Required FK Index, 11], [Property: User.ModifiedTime (DateTime) Required, 12], [Property: User.PhoneNumber (string) Index, 13] }
        SELECT f.Id, f.AnalyticsEnabled, f.AppleId, f.CreatedTime, f.CreatorPermissionLevel, f.DataCollection, f.Email, f.GoogleId, f.IdentityServerId, f.IsFeatured, f.MainCharacterId, f.MainGroupId, f.ModifiedTime, f.PhoneNumber
        FROM 
with g as (
    insert into "Group" ("NickName",
                         "TaxationCountryId",
                         "DefaultLanguageId",
                         "BirthDate",
                         "Gender"
        )
        values ('friend-author-67-2c06f978b44a458098e66cc2ed98b05c',
                (select "Id" from "Country" where "ISOName" = 'usa'),
                (select "Id" from "Language" where "IsoCode" = 'eng'),
                '1993-06-03T00:00:00.0000000',
                1)
        returning *),
     u as (
         insert
             into "User" ("IdentityServerId", "Email", "DataCollection", "MainGroupId", "AnalyticsEnabled",
                          "PhoneNumber",
                          "CreatorPermissionLevel", "MainCharacterId")
                 select uuid_generate_v4(),
                        'friend-author-67-2c06f978b44a458098e66cc2ed98b05c@frever-test.com',
                        true,
                        g."Id",
                        true,
                        null,
                        array []::bigint[],
                        111
                 from g
                 returning *),
     activity as (
         insert into "UserActivity" ("GroupId", "OccurredAt", "ActionType")
             select g."Id", null, 'Login'
             from g
             where null is not null)
select *
from u;), 
    null, 
    List&lt;string&gt; { "Id", "AnalyticsEnabled", "AppleId", "CreatedTime", "CreatorPermissionLevel", "DataCollection", "Email", "GoogleId", "IdentityServerId", "IsFeatured", "MainCharacterId", "MainGroupId", "ModifiedTime", "PhoneNumber" }, 
    Func&lt;QueryContext, DbDataReader, int[], User&gt;, 
    Frever.Common.IntegrationTesting.TestReadWriteDbContext, 
    False, 
    False, 
    True
)'
Debug [20103]: Creating DbCommand for 'ExecuteReader'.
Debug [20104]: Created DbCommand for 'ExecuteReader' (0ms).
Debug [20106]: Initialized DbCommand for 'ExecuteReader' (0ms).
Debug [20100]: Executing DbCommand [Parameters=[], CommandType='Text', CommandTimeout='60']

with g as (
    insert into "Group" ("NickName",
                         "TaxationCountryId",
                         "DefaultLanguageId",
                         "BirthDate",
                         "Gender"
        )
        values ('friend-author-67-2c06f978b44a458098e66cc2ed98b05c',
                (select "Id" from "Country" where "ISOName" = 'usa'),
                (select "Id" from "Language" where "IsoCode" = 'eng'),
                '1993-06-03T00:00:00.0000000',
                1)
        returning *),
     u as (
         insert
             into "User" ("IdentityServerId", "Email", "DataCollection", "MainGroupId", "AnalyticsEnabled",
                          "PhoneNumber",
                          "CreatorPermissionLevel", "MainCharacterId")
                 select uuid_generate_v4(),
                        'friend-author-67-2c06f978b44a458098e66cc2ed98b05c@frever-test.com',
                        true,
                        g."Id",
                        true,
                        null,
                        array []::bigint[],
                        111
                 from g
                 returning *),
     activity as (
         insert into "UserActivity" ("GroupId", "OccurredAt", "ActionType")
             select g."Id", null, 'Login'
             from g
             where null is not null)
select *
from u;
Information [20101]: Executed DbCommand (1ms) [Parameters=[], CommandType='Text', CommandTimeout='60']

with g as (
    insert into "Group" ("NickName",
                         "TaxationCountryId",
                         "DefaultLanguageId",
                         "BirthDate",
                         "Gender"
        )
        values ('friend-author-67-2c06f978b44a458098e66cc2ed98b05c',
                (select "Id" from "Country" where "ISOName" = 'usa'),
                (select "Id" from "Language" where "IsoCode" = 'eng'),
                '1993-06-03T00:00:00.0000000',
                1)
        returning *),
     u as (
         insert
             into "User" ("IdentityServerId", "Email", "DataCollection", "MainGroupId", "AnalyticsEnabled",
                          "PhoneNumber",
                          "CreatorPermissionLevel", "MainCharacterId")
                 select uuid_generate_v4(),
                        'friend-author-67-2c06f978b44a458098e66cc2ed98b05c@frever-test.com',
                        true,
                        g."Id",
                        true,
                        null,
                        array []::bigint[],
                        111
                 from g
                 returning *),
     activity as (
         insert into "UserActivity" ("GroupId", "OccurredAt", "ActionType")
             select g."Id", null, 'Login'
             from g
             where null is not null)
select *
from u;
Debug [10806]: Context 'TestReadWriteDbContext' started tracking 'User' entity with key '{Id: 189689}'.
Debug [20301]: Closing data reader to 'frevertest' on server 'tcp://postgres-frever-it:5432'.
Debug [20300]: A data reader for 'frevertest' on server 'tcp://postgres-frever-it:5432' is being disposed after spending 0ms reading results.
Debug [10111]: Compiling query expression: 
'DbSet&lt;User&gt;().FromSql(
with g as (
    insert into "Group" ("NickName",
                         "TaxationCountryId",
                         "DefaultLanguageId",
                         "BirthDate",
                         "Gender"
        )
        values ('friend-author-68-b7f918d8b1f64dd58756915626ed6a68',
                (select "Id" from "Country" where "ISOName" = 'usa'),
                (select "Id" from "Language" where "IsoCode" = 'eng'),
                '1992-05-07T00:00:00.0000000',
                1)
        returning *),
     u as (
         insert
             into "User" ("IdentityServerId", "Email", "DataCollection", "MainGroupId", "AnalyticsEnabled",
                          "PhoneNumber",
                          "CreatorPermissionLevel", "MainCharacterId")
                 select uuid_generate_v4(),
                        'friend-author-68-b7f918d8b1f64dd58756915626ed6a68@frever-test.com',
                        true,
                        g."Id",
                        true,
                        null,
                        array []::bigint[],
                        111
                 from g
                 returning *),
     activity as (
         insert into "UserActivity" ("GroupId", "OccurredAt", "ActionType")
             select g."Id", null, 'Login'
             from g
             where null is not null)
select *
from u;, __p_0)
'
Debug [10107]: Generated query execution expression: 
'queryContext =&gt; new FromSqlQueryingEnumerable&lt;User&gt;(
    (RelationalQueryContext)queryContext, 
    RelationalCommandCache.QueryExpression(
        Projection Mapping:
            EmptyProjectionMember -&gt; Dictionary&lt;IProperty, int&gt; { [Property: User.Id (long) Required PK AfterSave:Throw ValueGenerated.OnAdd, 0], [Property: User.AnalyticsEnabled (bool) Required, 1], [Property: User.AppleId (string), 2], [Property: User.CreatedTime (DateTime) Required ValueGenerated.OnAdd, 3], [Property: User.CreatorPermissionLevel (long[]) Element type: long Required, 4], [Property: User.DataCollection (bool?), 5], [Property: User.Email (string) Index, 6], [Property: User.GoogleId (string), 7], [Property: User.IdentityServerId (Guid) Required Index, 8], [Property: User.IsFeatured (bool) Required, 9], [Property: User.MainCharacterId (long?) FK Index, 10], [Property: User.MainGroupId (long) Required FK Index, 11], [Property: User.ModifiedTime (DateTime) Required, 12], [Property: User.PhoneNumber (string) Index, 13] }
        SELECT f.Id, f.AnalyticsEnabled, f.AppleId, f.CreatedTime, f.CreatorPermissionLevel, f.DataCollection, f.Email, f.GoogleId, f.IdentityServerId, f.IsFeatured, f.MainCharacterId, f.MainGroupId, f.ModifiedTime, f.PhoneNumber
        FROM 
with g as (
    insert into "Group" ("NickName",
                         "TaxationCountryId",
                         "DefaultLanguageId",
                         "BirthDate",
                         "Gender"
        )
        values ('friend-author-68-b7f918d8b1f64dd58756915626ed6a68',
                (select "Id" from "Country" where "ISOName" = 'usa'),
                (select "Id" from "Language" where "IsoCode" = 'eng'),
                '1992-05-07T00:00:00.0000000',
                1)
        returning *),
     u as (
         insert
             into "User" ("IdentityServerId", "Email", "DataCollection", "MainGroupId", "AnalyticsEnabled",
                          "PhoneNumber",
                          "CreatorPermissionLevel", "MainCharacterId")
                 select uuid_generate_v4(),
                        'friend-author-68-b7f918d8b1f64dd58756915626ed6a68@frever-test.com',
                        true,
                        g."Id",
                        true,
                        null,
                        array []::bigint[],
                        111
                 from g
                 returning *),
     activity as (
         insert into "UserActivity" ("GroupId", "OccurredAt", "ActionType")
             select g."Id", null, 'Login'
             from g
             where null is not null)
select *
from u;), 
    null, 
    List&lt;string&gt; { "Id", "AnalyticsEnabled", "AppleId", "CreatedTime", "CreatorPermissionLevel", "DataCollection", "Email", "GoogleId", "IdentityServerId", "IsFeatured", "MainCharacterId", "MainGroupId", "ModifiedTime", "PhoneNumber" }, 
    Func&lt;QueryContext, DbDataReader, int[], User&gt;, 
    Frever.Common.IntegrationTesting.TestReadWriteDbContext, 
    False, 
    False, 
    True
)'
Debug [20103]: Creating DbCommand for 'ExecuteReader'.
Debug [20104]: Created DbCommand for 'ExecuteReader' (0ms).
Debug [20106]: Initialized DbCommand for 'ExecuteReader' (0ms).
Debug [20100]: Executing DbCommand [Parameters=[], CommandType='Text', CommandTimeout='60']

with g as (
    insert into "Group" ("NickName",
                         "TaxationCountryId",
                         "DefaultLanguageId",
                         "BirthDate",
                         "Gender"
        )
        values ('friend-author-68-b7f918d8b1f64dd58756915626ed6a68',
                (select "Id" from "Country" where "ISOName" = 'usa'),
                (select "Id" from "Language" where "IsoCode" = 'eng'),
                '1992-05-07T00:00:00.0000000',
                1)
        returning *),
     u as (
         insert
             into "User" ("IdentityServerId", "Email", "DataCollection", "MainGroupId", "AnalyticsEnabled",
                          "PhoneNumber",
                          "CreatorPermissionLevel", "MainCharacterId")
                 select uuid_generate_v4(),
                        'friend-author-68-b7f918d8b1f64dd58756915626ed6a68@frever-test.com',
                        true,
                        g."Id",
                        true,
                        null,
                        array []::bigint[],
                        111
                 from g
                 returning *),
     activity as (
         insert into "UserActivity" ("GroupId", "OccurredAt", "ActionType")
             select g."Id", null, 'Login'
             from g
             where null is not null)
select *
from u;
Information [20101]: Executed DbCommand (1ms) [Parameters=[], CommandType='Text', CommandTimeout='60']

with g as (
    insert into "Group" ("NickName",
                         "TaxationCountryId",
                         "DefaultLanguageId",
                         "BirthDate",
                         "Gender"
        )
        values ('friend-author-68-b7f918d8b1f64dd58756915626ed6a68',
                (select "Id" from "Country" where "ISOName" = 'usa'),
                (select "Id" from "Language" where "IsoCode" = 'eng'),
                '1992-05-07T00:00:00.0000000',
                1)
        returning *),
     u as (
         insert
             into "User" ("IdentityServerId", "Email", "DataCollection", "MainGroupId", "AnalyticsEnabled",
                          "PhoneNumber",
                          "CreatorPermissionLevel", "MainCharacterId")
                 select uuid_generate_v4(),
                        'friend-author-68-b7f918d8b1f64dd58756915626ed6a68@frever-test.com',
                        true,
                        g."Id",
                        true,
                        null,
                        array []::bigint[],
                        111
                 from g
                 returning *),
     activity as (
         insert into "UserActivity" ("GroupId", "OccurredAt", "ActionType")
             select g."Id", null, 'Login'
             from g
             where null is not null)
select *
from u;
Debug [10806]: Context 'TestReadWriteDbContext' started tracking 'User' entity with key '{Id: 189690}'.
Debug [20301]: Closing data reader to 'frevertest' on server 'tcp://postgres-frever-it:5432'.
Debug [20300]: A data reader for 'frevertest' on server 'tcp://postgres-frever-it:5432' is being disposed after spending 0ms reading results.
Debug [10111]: Compiling query expression: 
'DbSet&lt;User&gt;().FromSql(
with g as (
    insert into "Group" ("NickName",
                         "TaxationCountryId",
                         "DefaultLanguageId",
                         "BirthDate",
                         "Gender"
        )
        values ('friend-author-69-ca30db278a1a44cba816918d93ba0312',
                (select "Id" from "Country" where "ISOName" = 'usa'),
                (select "Id" from "Language" where "IsoCode" = 'eng'),
                '1992-08-29T00:00:00.0000000',
                1)
        returning *),
     u as (
         insert
             into "User" ("IdentityServerId", "Email", "DataCollection", "MainGroupId", "AnalyticsEnabled",
                          "PhoneNumber",
                          "CreatorPermissionLevel", "MainCharacterId")
                 select uuid_generate_v4(),
                        'friend-author-69-ca30db278a1a44cba816918d93ba0312@frever-test.com',
                        true,
                        g."Id",
                        true,
                        null,
                        array []::bigint[],
                        111
                 from g
                 returning *),
     activity as (
         insert into "UserActivity" ("GroupId", "OccurredAt", "ActionType")
             select g."Id", null, 'Login'
             from g
             where null is not null)
select *
from u;, __p_0)
'
Debug [10107]: Generated query execution expression: 
'queryContext =&gt; new FromSqlQueryingEnumerable&lt;User&gt;(
    (RelationalQueryContext)queryContext, 
    RelationalCommandCache.QueryExpression(
        Projection Mapping:
            EmptyProjectionMember -&gt; Dictionary&lt;IProperty, int&gt; { [Property: User.Id (long) Required PK AfterSave:Throw ValueGenerated.OnAdd, 0], [Property: User.AnalyticsEnabled (bool) Required, 1], [Property: User.AppleId (string), 2], [Property: User.CreatedTime (DateTime) Required ValueGenerated.OnAdd, 3], [Property: User.CreatorPermissionLevel (long[]) Element type: long Required, 4], [Property: User.DataCollection (bool?), 5], [Property: User.Email (string) Index, 6], [Property: User.GoogleId (string), 7], [Property: User.IdentityServerId (Guid) Required Index, 8], [Property: User.IsFeatured (bool) Required, 9], [Property: User.MainCharacterId (long?) FK Index, 10], [Property: User.MainGroupId (long) Required FK Index, 11], [Property: User.ModifiedTime (DateTime) Required, 12], [Property: User.PhoneNumber (string) Index, 13] }
        SELECT f.Id, f.AnalyticsEnabled, f.AppleId, f.CreatedTime, f.CreatorPermissionLevel, f.DataCollection, f.Email, f.GoogleId, f.IdentityServerId, f.IsFeatured, f.MainCharacterId, f.MainGroupId, f.ModifiedTime, f.PhoneNumber
        FROM 
with g as (
    insert into "Group" ("NickName",
                         "TaxationCountryId",
                         "DefaultLanguageId",
                         "BirthDate",
                         "Gender"
        )
        values ('friend-author-69-ca30db278a1a44cba816918d93ba0312',
                (select "Id" from "Country" where "ISOName" = 'usa'),
                (select "Id" from "Language" where "IsoCode" = 'eng'),
                '1992-08-29T00:00:00.0000000',
                1)
        returning *),
     u as (
         insert
             into "User" ("IdentityServerId", "Email", "DataCollection", "MainGroupId", "AnalyticsEnabled",
                          "PhoneNumber",
                          "CreatorPermissionLevel", "MainCharacterId")
                 select uuid_generate_v4(),
                        'friend-author-69-ca30db278a1a44cba816918d93ba0312@frever-test.com',
                        true,
                        g."Id",
                        true,
                        null,
                        array []::bigint[],
                        111
                 from g
                 returning *),
     activity as (
         insert into "UserActivity" ("GroupId", "OccurredAt", "ActionType")
             select g."Id", null, 'Login'
             from g
             where null is not null)
select *
from u;), 
    null, 
    List&lt;string&gt; { "Id", "AnalyticsEnabled", "AppleId", "CreatedTime", "CreatorPermissionLevel", "DataCollection", "Email", "GoogleId", "IdentityServerId", "IsFeatured", "MainCharacterId", "MainGroupId", "ModifiedTime", "PhoneNumber" }, 
    Func&lt;QueryContext, DbDataReader, int[], User&gt;, 
    Frever.Common.IntegrationTesting.TestReadWriteDbContext, 
    False, 
    False, 
    True
)'
Debug [20103]: Creating DbCommand for 'ExecuteReader'.
Debug [20104]: Created DbCommand for 'ExecuteReader' (0ms).
Debug [20106]: Initialized DbCommand for 'ExecuteReader' (0ms).
Debug [20100]: Executing DbCommand [Parameters=[], CommandType='Text', CommandTimeout='60']

with g as (
    insert into "Group" ("NickName",
                         "TaxationCountryId",
                         "DefaultLanguageId",
                         "BirthDate",
                         "Gender"
        )
        values ('friend-author-69-ca30db278a1a44cba816918d93ba0312',
                (select "Id" from "Country" where "ISOName" = 'usa'),
                (select "Id" from "Language" where "IsoCode" = 'eng'),
                '1992-08-29T00:00:00.0000000',
                1)
        returning *),
     u as (
         insert
             into "User" ("IdentityServerId", "Email", "DataCollection", "MainGroupId", "AnalyticsEnabled",
                          "PhoneNumber",
                          "CreatorPermissionLevel", "MainCharacterId")
                 select uuid_generate_v4(),
                        'friend-author-69-ca30db278a1a44cba816918d93ba0312@frever-test.com',
                        true,
                        g."Id",
                        true,
                        null,
                        array []::bigint[],
                        111
                 from g
                 returning *),
     activity as (
         insert into "UserActivity" ("GroupId", "OccurredAt", "ActionType")
             select g."Id", null, 'Login'
             from g
             where null is not null)
select *
from u;
Information [20101]: Executed DbCommand (2ms) [Parameters=[], CommandType='Text', CommandTimeout='60']

with g as (
    insert into "Group" ("NickName",
                         "TaxationCountryId",
                         "DefaultLanguageId",
                         "BirthDate",
                         "Gender"
        )
        values ('friend-author-69-ca30db278a1a44cba816918d93ba0312',
                (select "Id" from "Country" where "ISOName" = 'usa'),
                (select "Id" from "Language" where "IsoCode" = 'eng'),
                '1992-08-29T00:00:00.0000000',
                1)
        returning *),
     u as (
         insert
             into "User" ("IdentityServerId", "Email", "DataCollection", "MainGroupId", "AnalyticsEnabled",
                          "PhoneNumber",
                          "CreatorPermissionLevel", "MainCharacterId")
                 select uuid_generate_v4(),
                        'friend-author-69-ca30db278a1a44cba816918d93ba0312@frever-test.com',
                        true,
                        g."Id",
                        true,
                        null,
                        array []::bigint[],
                        111
                 from g
                 returning *),
     activity as (
         insert into "UserActivity" ("GroupId", "OccurredAt", "ActionType")
             select g."Id", null, 'Login'
             from g
             where null is not null)
select *
from u;
Debug [10806]: Context 'TestReadWriteDbContext' started tracking 'User' entity with key '{Id: 189691}'.
Debug [20301]: Closing data reader to 'frevertest' on server 'tcp://postgres-frever-it:5432'.
Debug [20300]: A data reader for 'frevertest' on server 'tcp://postgres-frever-it:5432' is being disposed after spending 0ms reading results.
Debug [10111]: Compiling query expression: 
'DbSet&lt;User&gt;().FromSql(
with g as (
    insert into "Group" ("NickName",
                         "TaxationCountryId",
                         "DefaultLanguageId",
                         "BirthDate",
                         "Gender"
        )
        values ('friend-author-70-2f456135e7e74032968805e509c65793',
                (select "Id" from "Country" where "ISOName" = 'usa'),
                (select "Id" from "Language" where "IsoCode" = 'eng'),
                '1992-09-09T00:00:00.0000000',
                1)
        returning *),
     u as (
         insert
             into "User" ("IdentityServerId", "Email", "DataCollection", "MainGroupId", "AnalyticsEnabled",
                          "PhoneNumber",
                          "CreatorPermissionLevel", "MainCharacterId")
                 select uuid_generate_v4(),
                        'friend-author-70-2f456135e7e74032968805e509c65793@frever-test.com',
                        true,
                        g."Id",
                        true,
                        null,
                        array []::bigint[],
                        111
                 from g
                 returning *),
     activity as (
         insert into "UserActivity" ("GroupId", "OccurredAt", "ActionType")
             select g."Id", null, 'Login'
             from g
             where null is not null)
select *
from u;, __p_0)
'
Debug [10107]: Generated query execution expression: 
'queryContext =&gt; new FromSqlQueryingEnumerable&lt;User&gt;(
    (RelationalQueryContext)queryContext, 
    RelationalCommandCache.QueryExpression(
        Projection Mapping:
            EmptyProjectionMember -&gt; Dictionary&lt;IProperty, int&gt; { [Property: User.Id (long) Required PK AfterSave:Throw ValueGenerated.OnAdd, 0], [Property: User.AnalyticsEnabled (bool) Required, 1], [Property: User.AppleId (string), 2], [Property: User.CreatedTime (DateTime) Required ValueGenerated.OnAdd, 3], [Property: User.CreatorPermissionLevel (long[]) Element type: long Required, 4], [Property: User.DataCollection (bool?), 5], [Property: User.Email (string) Index, 6], [Property: User.GoogleId (string), 7], [Property: User.IdentityServerId (Guid) Required Index, 8], [Property: User.IsFeatured (bool) Required, 9], [Property: User.MainCharacterId (long?) FK Index, 10], [Property: User.MainGroupId (long) Required FK Index, 11], [Property: User.ModifiedTime (DateTime) Required, 12], [Property: User.PhoneNumber (string) Index, 13] }
        SELECT f.Id, f.AnalyticsEnabled, f.AppleId, f.CreatedTime, f.CreatorPermissionLevel, f.DataCollection, f.Email, f.GoogleId, f.IdentityServerId, f.IsFeatured, f.MainCharacterId, f.MainGroupId, f.ModifiedTime, f.PhoneNumber
        FROM 
with g as (
    insert into "Group" ("NickName",
                         "TaxationCountryId",
                         "DefaultLanguageId",
                         "BirthDate",
                         "Gender"
        )
        values ('friend-author-70-2f456135e7e74032968805e509c65793',
                (select "Id" from "Country" where "ISOName" = 'usa'),
                (select "Id" from "Language" where "IsoCode" = 'eng'),
                '1992-09-09T00:00:00.0000000',
                1)
        returning *),
     u as (
         insert
             into "User" ("IdentityServerId", "Email", "DataCollection", "MainGroupId", "AnalyticsEnabled",
                          "PhoneNumber",
                          "CreatorPermissionLevel", "MainCharacterId")
                 select uuid_generate_v4(),
                        'friend-author-70-2f456135e7e74032968805e509c65793@frever-test.com',
                        true,
                        g."Id",
                        true,
                        null,
                        array []::bigint[],
                        111
                 from g
                 returning *),
     activity as (
         insert into "UserActivity" ("GroupId", "OccurredAt", "ActionType")
             select g."Id", null, 'Login'
             from g
             where null is not null)
select *
from u;), 
    null, 
    List&lt;string&gt; { "Id", "AnalyticsEnabled", "AppleId", "CreatedTime", "CreatorPermissionLevel", "DataCollection", "Email", "GoogleId", "IdentityServerId", "IsFeatured", "MainCharacterId", "MainGroupId", "ModifiedTime", "PhoneNumber" }, 
    Func&lt;QueryContext, DbDataReader, int[], User&gt;, 
    Frever.Common.IntegrationTesting.TestReadWriteDbContext, 
    False, 
    False, 
    True
)'
Debug [20103]: Creating DbCommand for 'ExecuteReader'.
Debug [20104]: Created DbCommand for 'ExecuteReader' (0ms).
Debug [20106]: Initialized DbCommand for 'ExecuteReader' (0ms).
Debug [20100]: Executing DbCommand [Parameters=[], CommandType='Text', CommandTimeout='60']

with g as (
    insert into "Group" ("NickName",
                         "TaxationCountryId",
                         "DefaultLanguageId",
                         "BirthDate",
                         "Gender"
        )
        values ('friend-author-70-2f456135e7e74032968805e509c65793',
                (select "Id" from "Country" where "ISOName" = 'usa'),
                (select "Id" from "Language" where "IsoCode" = 'eng'),
                '1992-09-09T00:00:00.0000000',
                1)
        returning *),
     u as (
         insert
             into "User" ("IdentityServerId", "Email", "DataCollection", "MainGroupId", "AnalyticsEnabled",
                          "PhoneNumber",
                          "CreatorPermissionLevel", "MainCharacterId")
                 select uuid_generate_v4(),
                        'friend-author-70-2f456135e7e74032968805e509c65793@frever-test.com',
                        true,
                        g."Id",
                        true,
                        null,
                        array []::bigint[],
                        111
                 from g
                 returning *),
     activity as (
         insert into "UserActivity" ("GroupId", "OccurredAt", "ActionType")
             select g."Id", null, 'Login'
             from g
             where null is not null)
select *
from u;
Information [20101]: Executed DbCommand (1ms) [Parameters=[], CommandType='Text', CommandTimeout='60']

with g as (
    insert into "Group" ("NickName",
                         "TaxationCountryId",
                         "DefaultLanguageId",
                         "BirthDate",
                         "Gender"
        )
        values ('friend-author-70-2f456135e7e74032968805e509c65793',
                (select "Id" from "Country" where "ISOName" = 'usa'),
                (select "Id" from "Language" where "IsoCode" = 'eng'),
                '1992-09-09T00:00:00.0000000',
                1)
        returning *),
     u as (
         insert
             into "User" ("IdentityServerId", "Email", "DataCollection", "MainGroupId", "AnalyticsEnabled",
                          "PhoneNumber",
                          "CreatorPermissionLevel", "MainCharacterId")
                 select uuid_generate_v4(),
                        'friend-author-70-2f456135e7e74032968805e509c65793@frever-test.com',
                        true,
                        g."Id",
                        true,
                        null,
                        array []::bigint[],
                        111
                 from g
                 returning *),
     activity as (
         insert into "UserActivity" ("GroupId", "OccurredAt", "ActionType")
             select g."Id", null, 'Login'
             from g
             where null is not null)
select *
from u;
Debug [10806]: Context 'TestReadWriteDbContext' started tracking 'User' entity with key '{Id: 189692}'.
Debug [20301]: Closing data reader to 'frevertest' on server 'tcp://postgres-frever-it:5432'.
Debug [20300]: A data reader for 'frevertest' on server 'tcp://postgres-frever-it:5432' is being disposed after spending 0ms reading results.
Debug [10111]: Compiling query expression: 
'DbSet&lt;User&gt;().FromSql(
with g as (
    insert into "Group" ("NickName",
                         "TaxationCountryId",
                         "DefaultLanguageId",
                         "BirthDate",
                         "Gender"
        )
        values ('friend-author-71-3fa8e29c37bb4d56a8cd02e4013ac69d',
                (select "Id" from "Country" where "ISOName" = 'usa'),
                (select "Id" from "Language" where "IsoCode" = 'eng'),
                '1993-04-25T00:00:00.0000000',
                1)
        returning *),
     u as (
         insert
             into "User" ("IdentityServerId", "Email", "DataCollection", "MainGroupId", "AnalyticsEnabled",
                          "PhoneNumber",
                          "CreatorPermissionLevel", "MainCharacterId")
                 select uuid_generate_v4(),
                        'friend-author-71-3fa8e29c37bb4d56a8cd02e4013ac69d@frever-test.com',
                        true,
                        g."Id",
                        true,
                        null,
                        array []::bigint[],
                        111
                 from g
                 returning *),
     activity as (
         insert into "UserActivity" ("GroupId", "OccurredAt", "ActionType")
             select g."Id", null, 'Login'
             from g
             where null is not null)
select *
from u;, __p_0)
'
Debug [10107]: Generated query execution expression: 
'queryContext =&gt; new FromSqlQueryingEnumerable&lt;User&gt;(
    (RelationalQueryContext)queryContext, 
    RelationalCommandCache.QueryExpression(
        Projection Mapping:
            EmptyProjectionMember -&gt; Dictionary&lt;IProperty, int&gt; { [Property: User.Id (long) Required PK AfterSave:Throw ValueGenerated.OnAdd, 0], [Property: User.AnalyticsEnabled (bool) Required, 1], [Property: User.AppleId (string), 2], [Property: User.CreatedTime (DateTime) Required ValueGenerated.OnAdd, 3], [Property: User.CreatorPermissionLevel (long[]) Element type: long Required, 4], [Property: User.DataCollection (bool?), 5], [Property: User.Email (string) Index, 6], [Property: User.GoogleId (string), 7], [Property: User.IdentityServerId (Guid) Required Index, 8], [Property: User.IsFeatured (bool) Required, 9], [Property: User.MainCharacterId (long?) FK Index, 10], [Property: User.MainGroupId (long) Required FK Index, 11], [Property: User.ModifiedTime (DateTime) Required, 12], [Property: User.PhoneNumber (string) Index, 13] }
        SELECT f.Id, f.AnalyticsEnabled, f.AppleId, f.CreatedTime, f.CreatorPermissionLevel, f.DataCollection, f.Email, f.GoogleId, f.IdentityServerId, f.IsFeatured, f.MainCharacterId, f.MainGroupId, f.ModifiedTime, f.PhoneNumber
        FROM 
with g as (
    insert into "Group" ("NickName",
                         "TaxationCountryId",
                         "DefaultLanguageId",
                         "BirthDate",
                         "Gender"
        )
        values ('friend-author-71-3fa8e29c37bb4d56a8cd02e4013ac69d',
                (select "Id" from "Country" where "ISOName" = 'usa'),
                (select "Id" from "Language" where "IsoCode" = 'eng'),
                '1993-04-25T00:00:00.0000000',
                1)
        returning *),
     u as (
         insert
             into "User" ("IdentityServerId", "Email", "DataCollection", "MainGroupId", "AnalyticsEnabled",
                          "PhoneNumber",
                          "CreatorPermissionLevel", "MainCharacterId")
                 select uuid_generate_v4(),
                        'friend-author-71-3fa8e29c37bb4d56a8cd02e4013ac69d@frever-test.com',
                        true,
                        g."Id",
                        true,
                        null,
                        array []::bigint[],
                        111
                 from g
                 returning *),
     activity as (
         insert into "UserActivity" ("GroupId", "OccurredAt", "ActionType")
             select g."Id", null, 'Login'
             from g
             where null is not null)
select *
from u;), 
    null, 
    List&lt;string&gt; { "Id", "AnalyticsEnabled", "AppleId", "CreatedTime", "CreatorPermissionLevel", "DataCollection", "Email", "GoogleId", "IdentityServerId", "IsFeatured", "MainCharacterId", "MainGroupId", "ModifiedTime", "PhoneNumber" }, 
    Func&lt;QueryContext, DbDataReader, int[], User&gt;, 
    Frever.Common.IntegrationTesting.TestReadWriteDbContext, 
    False, 
    False, 
    True
)'
Debug [20103]: Creating DbCommand for 'ExecuteReader'.
Debug [20104]: Created DbCommand for 'ExecuteReader' (0ms).
Debug [20106]: Initialized DbCommand for 'ExecuteReader' (0ms).
Debug [20100]: Executing DbCommand [Parameters=[], CommandType='Text', CommandTimeout='60']

with g as (
    insert into "Group" ("NickName",
                         "TaxationCountryId",
                         "DefaultLanguageId",
                         "BirthDate",
                         "Gender"
        )
        values ('friend-author-71-3fa8e29c37bb4d56a8cd02e4013ac69d',
                (select "Id" from "Country" where "ISOName" = 'usa'),
                (select "Id" from "Language" where "IsoCode" = 'eng'),
                '1993-04-25T00:00:00.0000000',
                1)
        returning *),
     u as (
         insert
             into "User" ("IdentityServerId", "Email", "DataCollection", "MainGroupId", "AnalyticsEnabled",
                          "PhoneNumber",
                          "CreatorPermissionLevel", "MainCharacterId")
                 select uuid_generate_v4(),
                        'friend-author-71-3fa8e29c37bb4d56a8cd02e4013ac69d@frever-test.com',
                        true,
                        g."Id",
                        true,
                        null,
                        array []::bigint[],
                        111
                 from g
                 returning *),
     activity as (
         insert into "UserActivity" ("GroupId", "OccurredAt", "ActionType")
             select g."Id", null, 'Login'
             from g
             where null is not null)
select *
from u;
Information [20101]: Executed DbCommand (1ms) [Parameters=[], CommandType='Text', CommandTimeout='60']

with g as (
    insert into "Group" ("NickName",
                         "TaxationCountryId",
                         "DefaultLanguageId",
                         "BirthDate",
                         "Gender"
        )
        values ('friend-author-71-3fa8e29c37bb4d56a8cd02e4013ac69d',
                (select "Id" from "Country" where "ISOName" = 'usa'),
                (select "Id" from "Language" where "IsoCode" = 'eng'),
                '1993-04-25T00:00:00.0000000',
                1)
        returning *),
     u as (
         insert
             into "User" ("IdentityServerId", "Email", "DataCollection", "MainGroupId", "AnalyticsEnabled",
                          "PhoneNumber",
                          "CreatorPermissionLevel", "MainCharacterId")
                 select uuid_generate_v4(),
                        'friend-author-71-3fa8e29c37bb4d56a8cd02e4013ac69d@frever-test.com',
                        true,
                        g."Id",
                        true,
                        null,
                        array []::bigint[],
                        111
                 from g
                 returning *),
     activity as (
         insert into "UserActivity" ("GroupId", "OccurredAt", "ActionType")
             select g."Id", null, 'Login'
             from g
             where null is not null)
select *
from u;
Debug [10806]: Context 'TestReadWriteDbContext' started tracking 'User' entity with key '{Id: 189693}'.
Debug [20301]: Closing data reader to 'frevertest' on server 'tcp://postgres-frever-it:5432'.
Debug [20300]: A data reader for 'frevertest' on server 'tcp://postgres-frever-it:5432' is being disposed after spending 0ms reading results.
Debug [10111]: Compiling query expression: 
'DbSet&lt;User&gt;().FromSql(
with g as (
    insert into "Group" ("NickName",
                         "TaxationCountryId",
                         "DefaultLanguageId",
                         "BirthDate",
                         "Gender"
        )
        values ('friend-author-72-e1e04e48c071431fad872243666db2f1',
                (select "Id" from "Country" where "ISOName" = 'usa'),
                (select "Id" from "Language" where "IsoCode" = 'eng'),
                '1991-03-13T00:00:00.0000000',
                1)
        returning *),
     u as (
         insert
             into "User" ("IdentityServerId", "Email", "DataCollection", "MainGroupId", "AnalyticsEnabled",
                          "PhoneNumber",
                          "CreatorPermissionLevel", "MainCharacterId")
                 select uuid_generate_v4(),
                        'friend-author-72-e1e04e48c071431fad872243666db2f1@frever-test.com',
                        true,
                        g."Id",
                        true,
                        null,
                        array []::bigint[],
                        111
                 from g
                 returning *),
     activity as (
         insert into "UserActivity" ("GroupId", "OccurredAt", "ActionType")
             select g."Id", null, 'Login'
             from g
             where null is not null)
select *
from u;, __p_0)
'
Debug [10107]: Generated query execution expression: 
'queryContext =&gt; new FromSqlQueryingEnumerable&lt;User&gt;(
    (RelationalQueryContext)queryContext, 
    RelationalCommandCache.QueryExpression(
        Projection Mapping:
            EmptyProjectionMember -&gt; Dictionary&lt;IProperty, int&gt; { [Property: User.Id (long) Required PK AfterSave:Throw ValueGenerated.OnAdd, 0], [Property: User.AnalyticsEnabled (bool) Required, 1], [Property: User.AppleId (string), 2], [Property: User.CreatedTime (DateTime) Required ValueGenerated.OnAdd, 3], [Property: User.CreatorPermissionLevel (long[]) Element type: long Required, 4], [Property: User.DataCollection (bool?), 5], [Property: User.Email (string) Index, 6], [Property: User.GoogleId (string), 7], [Property: User.IdentityServerId (Guid) Required Index, 8], [Property: User.IsFeatured (bool) Required, 9], [Property: User.MainCharacterId (long?) FK Index, 10], [Property: User.MainGroupId (long) Required FK Index, 11], [Property: User.ModifiedTime (DateTime) Required, 12], [Property: User.PhoneNumber (string) Index, 13] }
        SELECT f.Id, f.AnalyticsEnabled, f.AppleId, f.CreatedTime, f.CreatorPermissionLevel, f.DataCollection, f.Email, f.GoogleId, f.IdentityServerId, f.IsFeatured, f.MainCharacterId, f.MainGroupId, f.ModifiedTime, f.PhoneNumber
        FROM 
with g as (
    insert into "Group" ("NickName",
                         "TaxationCountryId",
                         "DefaultLanguageId",
                         "BirthDate",
                         "Gender"
        )
        values ('friend-author-72-e1e04e48c071431fad872243666db2f1',
                (select "Id" from "Country" where "ISOName" = 'usa'),
                (select "Id" from "Language" where "IsoCode" = 'eng'),
                '1991-03-13T00:00:00.0000000',
                1)
        returning *),
     u as (
         insert
             into "User" ("IdentityServerId", "Email", "DataCollection", "MainGroupId", "AnalyticsEnabled",
                          "PhoneNumber",
                          "CreatorPermissionLevel", "MainCharacterId")
                 select uuid_generate_v4(),
                        'friend-author-72-e1e04e48c071431fad872243666db2f1@frever-test.com',
                        true,
                        g."Id",
                        true,
                        null,
                        array []::bigint[],
                        111
                 from g
                 returning *),
     activity as (
         insert into "UserActivity" ("GroupId", "OccurredAt", "ActionType")
             select g."Id", null, 'Login'
             from g
             where null is not null)
select *
from u;), 
    null, 
    List&lt;string&gt; { "Id", "AnalyticsEnabled", "AppleId", "CreatedTime", "CreatorPermissionLevel", "DataCollection", "Email", "GoogleId", "IdentityServerId", "IsFeatured", "MainCharacterId", "MainGroupId", "ModifiedTime", "PhoneNumber" }, 
    Func&lt;QueryContext, DbDataReader, int[], User&gt;, 
    Frever.Common.IntegrationTesting.TestReadWriteDbContext, 
    False, 
    False, 
    True
)'
Debug [20103]: Creating DbCommand for 'ExecuteReader'.
Debug [20104]: Created DbCommand for 'ExecuteReader' (0ms).
Debug [20106]: Initialized DbCommand for 'ExecuteReader' (0ms).
Debug [20100]: Executing DbCommand [Parameters=[], CommandType='Text', CommandTimeout='60']

with g as (
    insert into "Group" ("NickName",
                         "TaxationCountryId",
                         "DefaultLanguageId",
                         "BirthDate",
                         "Gender"
        )
        values ('friend-author-72-e1e04e48c071431fad872243666db2f1',
                (select "Id" from "Country" where "ISOName" = 'usa'),
                (select "Id" from "Language" where "IsoCode" = 'eng'),
                '1991-03-13T00:00:00.0000000',
                1)
        returning *),
     u as (
         insert
             into "User" ("IdentityServerId", "Email", "DataCollection", "MainGroupId", "AnalyticsEnabled",
                          "PhoneNumber",
                          "CreatorPermissionLevel", "MainCharacterId")
                 select uuid_generate_v4(),
                        'friend-author-72-e1e04e48c071431fad872243666db2f1@frever-test.com',
                        true,
                        g."Id",
                        true,
                        null,
                        array []::bigint[],
                        111
                 from g
                 returning *),
     activity as (
         insert into "UserActivity" ("GroupId", "OccurredAt", "ActionType")
             select g."Id", null, 'Login'
             from g
             where null is not null)
select *
from u;
Information [20101]: Executed DbCommand (1ms) [Parameters=[], CommandType='Text', CommandTimeout='60']

with g as (
    insert into "Group" ("NickName",
                         "TaxationCountryId",
                         "DefaultLanguageId",
                         "BirthDate",
                         "Gender"
        )
        values ('friend-author-72-e1e04e48c071431fad872243666db2f1',
                (select "Id" from "Country" where "ISOName" = 'usa'),
                (select "Id" from "Language" where "IsoCode" = 'eng'),
                '1991-03-13T00:00:00.0000000',
                1)
        returning *),
     u as (
         insert
             into "User" ("IdentityServerId", "Email", "DataCollection", "MainGroupId", "AnalyticsEnabled",
                          "PhoneNumber",
                          "CreatorPermissionLevel", "MainCharacterId")
                 select uuid_generate_v4(),
                        'friend-author-72-e1e04e48c071431fad872243666db2f1@frever-test.com',
                        true,
                        g."Id",
                        true,
                        null,
                        array []::bigint[],
                        111
                 from g
                 returning *),
     activity as (
         insert into "UserActivity" ("GroupId", "OccurredAt", "ActionType")
             select g."Id", null, 'Login'
             from g
             where null is not null)
select *
from u;
Debug [10806]: Context 'TestReadWriteDbContext' started tracking 'User' entity with key '{Id: 189694}'.
Debug [20301]: Closing data reader to 'frevertest' on server 'tcp://postgres-frever-it:5432'.
Debug [20300]: A data reader for 'frevertest' on server 'tcp://postgres-frever-it:5432' is being disposed after spending 0ms reading results.
Debug [10111]: Compiling query expression: 
'DbSet&lt;User&gt;().FromSql(
with g as (
    insert into "Group" ("NickName",
                         "TaxationCountryId",
                         "DefaultLanguageId",
                         "BirthDate",
                         "Gender"
        )
        values ('friend-author-73-9a7071f82d1a49f2aedaa0905bd90ac2',
                (select "Id" from "Country" where "ISOName" = 'usa'),
                (select "Id" from "Language" where "IsoCode" = 'eng'),
                '1992-01-10T00:00:00.0000000',
                1)
        returning *),
     u as (
         insert
             into "User" ("IdentityServerId", "Email", "DataCollection", "MainGroupId", "AnalyticsEnabled",
                          "PhoneNumber",
                          "CreatorPermissionLevel", "MainCharacterId")
                 select uuid_generate_v4(),
                        'friend-author-73-9a7071f82d1a49f2aedaa0905bd90ac2@frever-test.com',
                        true,
                        g."Id",
                        true,
                        null,
                        array []::bigint[],
                        111
                 from g
                 returning *),
     activity as (
         insert into "UserActivity" ("GroupId", "OccurredAt", "ActionType")
             select g."Id", null, 'Login'
             from g
             where null is not null)
select *
from u;, __p_0)
'
Debug [10107]: Generated query execution expression: 
'queryContext =&gt; new FromSqlQueryingEnumerable&lt;User&gt;(
    (RelationalQueryContext)queryContext, 
    RelationalCommandCache.QueryExpression(
        Projection Mapping:
            EmptyProjectionMember -&gt; Dictionary&lt;IProperty, int&gt; { [Property: User.Id (long) Required PK AfterSave:Throw ValueGenerated.OnAdd, 0], [Property: User.AnalyticsEnabled (bool) Required, 1], [Property: User.AppleId (string), 2], [Property: User.CreatedTime (DateTime) Required ValueGenerated.OnAdd, 3], [Property: User.CreatorPermissionLevel (long[]) Element type: long Required, 4], [Property: User.DataCollection (bool?), 5], [Property: User.Email (string) Index, 6], [Property: User.GoogleId (string), 7], [Property: User.IdentityServerId (Guid) Required Index, 8], [Property: User.IsFeatured (bool) Required, 9], [Property: User.MainCharacterId (long?) FK Index, 10], [Property: User.MainGroupId (long) Required FK Index, 11], [Property: User.ModifiedTime (DateTime) Required, 12], [Property: User.PhoneNumber (string) Index, 13] }
        SELECT f.Id, f.AnalyticsEnabled, f.AppleId, f.CreatedTime, f.CreatorPermissionLevel, f.DataCollection, f.Email, f.GoogleId, f.IdentityServerId, f.IsFeatured, f.MainCharacterId, f.MainGroupId, f.ModifiedTime, f.PhoneNumber
        FROM 
with g as (
    insert into "Group" ("NickName",
                         "TaxationCountryId",
                         "DefaultLanguageId",
                         "BirthDate",
                         "Gender"
        )
        values ('friend-author-73-9a7071f82d1a49f2aedaa0905bd90ac2',
                (select "Id" from "Country" where "ISOName" = 'usa'),
                (select "Id" from "Language" where "IsoCode" = 'eng'),
                '1992-01-10T00:00:00.0000000',
                1)
        returning *),
     u as (
         insert
             into "User" ("IdentityServerId", "Email", "DataCollection", "MainGroupId", "AnalyticsEnabled",
                          "PhoneNumber",
                          "CreatorPermissionLevel", "MainCharacterId")
                 select uuid_generate_v4(),
                        'friend-author-73-9a7071f82d1a49f2aedaa0905bd90ac2@frever-test.com',
                        true,
                        g."Id",
                        true,
                        null,
                        array []::bigint[],
                        111
                 from g
                 returning *),
     activity as (
         insert into "UserActivity" ("GroupId", "OccurredAt", "ActionType")
             select g."Id", null, 'Login'
             from g
             where null is not null)
select *
from u;), 
    null, 
    List&lt;string&gt; { "Id", "AnalyticsEnabled", "AppleId", "CreatedTime", "CreatorPermissionLevel", "DataCollection", "Email", "GoogleId", "IdentityServerId", "IsFeatured", "MainCharacterId", "MainGroupId", "ModifiedTime", "PhoneNumber" }, 
    Func&lt;QueryContext, DbDataReader, int[], User&gt;, 
    Frever.Common.IntegrationTesting.TestReadWriteDbContext, 
    False, 
    False, 
    True
)'
Debug [20103]: Creating DbCommand for 'ExecuteReader'.
Debug [20104]: Created DbCommand for 'ExecuteReader' (0ms).
Debug [20106]: Initialized DbCommand for 'ExecuteReader' (0ms).
Debug [20100]: Executing DbCommand [Parameters=[], CommandType='Text', CommandTimeout='60']

with g as (
    insert into "Group" ("NickName",
                         "TaxationCountryId",
                         "DefaultLanguageId",
                         "BirthDate",
                         "Gender"
        )
        values ('friend-author-73-9a7071f82d1a49f2aedaa0905bd90ac2',
                (select "Id" from "Country" where "ISOName" = 'usa'),
                (select "Id" from "Language" where "IsoCode" = 'eng'),
                '1992-01-10T00:00:00.0000000',
                1)
        returning *),
     u as (
         insert
             into "User" ("IdentityServerId", "Email", "DataCollection", "MainGroupId", "AnalyticsEnabled",
                          "PhoneNumber",
                          "CreatorPermissionLevel", "MainCharacterId")
                 select uuid_generate_v4(),
                        'friend-author-73-9a7071f82d1a49f2aedaa0905bd90ac2@frever-test.com',
                        true,
                        g."Id",
                        true,
                        null,
                        array []::bigint[],
                        111
                 from g
                 returning *),
     activity as (
         insert into "UserActivity" ("GroupId", "OccurredAt", "ActionType")
             select g."Id", null, 'Login'
             from g
             where null is not null)
select *
from u;
Information [20101]: Executed DbCommand (1ms) [Parameters=[], CommandType='Text', CommandTimeout='60']

with g as (
    insert into "Group" ("NickName",
                         "TaxationCountryId",
                         "DefaultLanguageId",
                         "BirthDate",
                         "Gender"
        )
        values ('friend-author-73-9a7071f82d1a49f2aedaa0905bd90ac2',
                (select "Id" from "Country" where "ISOName" = 'usa'),
                (select "Id" from "Language" where "IsoCode" = 'eng'),
                '1992-01-10T00:00:00.0000000',
                1)
        returning *),
     u as (
         insert
             into "User" ("IdentityServerId", "Email", "DataCollection", "MainGroupId", "AnalyticsEnabled",
                          "PhoneNumber",
                          "CreatorPermissionLevel", "MainCharacterId")
                 select uuid_generate_v4(),
                        'friend-author-73-9a7071f82d1a49f2aedaa0905bd90ac2@frever-test.com',
                        true,
                        g."Id",
                        true,
                        null,
                        array []::bigint[],
                        111
                 from g
                 returning *),
     activity as (
         insert into "UserActivity" ("GroupId", "OccurredAt", "ActionType")
             select g."Id", null, 'Login'
             from g
             where null is not null)
select *
from u;
Debug [10806]: Context 'TestReadWriteDbContext' started tracking 'User' entity with key '{Id: 189695}'.
Debug [20301]: Closing data reader to 'frevertest' on server 'tcp://postgres-frever-it:5432'.
Debug [20300]: A data reader for 'frevertest' on server 'tcp://postgres-frever-it:5432' is being disposed after spending 0ms reading results.
Debug [10111]: Compiling query expression: 
'DbSet&lt;User&gt;().FromSql(
with g as (
    insert into "Group" ("NickName",
                         "TaxationCountryId",
                         "DefaultLanguageId",
                         "BirthDate",
                         "Gender"
        )
        values ('friend-author-74-faf3790193d5496c9790f0f5e51bce1b',
                (select "Id" from "Country" where "ISOName" = 'usa'),
                (select "Id" from "Language" where "IsoCode" = 'eng'),
                '1992-02-10T00:00:00.0000000',
                1)
        returning *),
     u as (
         insert
             into "User" ("IdentityServerId", "Email", "DataCollection", "MainGroupId", "AnalyticsEnabled",
                          "PhoneNumber",
                          "CreatorPermissionLevel", "MainCharacterId")
                 select uuid_generate_v4(),
                        'friend-author-74-faf3790193d5496c9790f0f5e51bce1b@frever-test.com',
                        true,
                        g."Id",
                        true,
                        null,
                        array []::bigint[],
                        111
                 from g
                 returning *),
     activity as (
         insert into "UserActivity" ("GroupId", "OccurredAt", "ActionType")
             select g."Id", null, 'Login'
             from g
             where null is not null)
select *
from u;, __p_0)
'
Debug [10107]: Generated query execution expression: 
'queryContext =&gt; new FromSqlQueryingEnumerable&lt;User&gt;(
    (RelationalQueryContext)queryContext, 
    RelationalCommandCache.QueryExpression(
        Projection Mapping:
            EmptyProjectionMember -&gt; Dictionary&lt;IProperty, int&gt; { [Property: User.Id (long) Required PK AfterSave:Throw ValueGenerated.OnAdd, 0], [Property: User.AnalyticsEnabled (bool) Required, 1], [Property: User.AppleId (string), 2], [Property: User.CreatedTime (DateTime) Required ValueGenerated.OnAdd, 3], [Property: User.CreatorPermissionLevel (long[]) Element type: long Required, 4], [Property: User.DataCollection (bool?), 5], [Property: User.Email (string) Index, 6], [Property: User.GoogleId (string), 7], [Property: User.IdentityServerId (Guid) Required Index, 8], [Property: User.IsFeatured (bool) Required, 9], [Property: User.MainCharacterId (long?) FK Index, 10], [Property: User.MainGroupId (long) Required FK Index, 11], [Property: User.ModifiedTime (DateTime) Required, 12], [Property: User.PhoneNumber (string) Index, 13] }
        SELECT f.Id, f.AnalyticsEnabled, f.AppleId, f.CreatedTime, f.CreatorPermissionLevel, f.DataCollection, f.Email, f.GoogleId, f.IdentityServerId, f.IsFeatured, f.MainCharacterId, f.MainGroupId, f.ModifiedTime, f.PhoneNumber
        FROM 
with g as (
    insert into "Group" ("NickName",
                         "TaxationCountryId",
                         "DefaultLanguageId",
                         "BirthDate",
                         "Gender"
        )
        values ('friend-author-74-faf3790193d5496c9790f0f5e51bce1b',
                (select "Id" from "Country" where "ISOName" = 'usa'),
                (select "Id" from "Language" where "IsoCode" = 'eng'),
                '1992-02-10T00:00:00.0000000',
                1)
        returning *),
     u as (
         insert
             into "User" ("IdentityServerId", "Email", "DataCollection", "MainGroupId", "AnalyticsEnabled",
                          "PhoneNumber",
                          "CreatorPermissionLevel", "MainCharacterId")
                 select uuid_generate_v4(),
                        'friend-author-74-faf3790193d5496c9790f0f5e51bce1b@frever-test.com',
                        true,
                        g."Id",
                        true,
                        null,
                        array []::bigint[],
                        111
                 from g
                 returning *),
     activity as (
         insert into "UserActivity" ("GroupId", "OccurredAt", "ActionType")
             select g."Id", null, 'Login'
             from g
             where null is not null)
select *
from u;), 
    null, 
    List&lt;string&gt; { "Id", "AnalyticsEnabled", "AppleId", "CreatedTime", "CreatorPermissionLevel", "DataCollection", "Email", "GoogleId", "IdentityServerId", "IsFeatured", "MainCharacterId", "MainGroupId", "ModifiedTime", "PhoneNumber" }, 
    Func&lt;QueryContext, DbDataReader, int[], User&gt;, 
    Frever.Common.IntegrationTesting.TestReadWriteDbContext, 
    False, 
    False, 
    True
)'
Debug [20103]: Creating DbCommand for 'ExecuteReader'.
Debug [20104]: Created DbCommand for 'ExecuteReader' (0ms).
Debug [20106]: Initialized DbCommand for 'ExecuteReader' (0ms).
Debug [20100]: Executing DbCommand [Parameters=[], CommandType='Text', CommandTimeout='60']

with g as (
    insert into "Group" ("NickName",
                         "TaxationCountryId",
                         "DefaultLanguageId",
                         "BirthDate",
                         "Gender"
        )
        values ('friend-author-74-faf3790193d5496c9790f0f5e51bce1b',
                (select "Id" from "Country" where "ISOName" = 'usa'),
                (select "Id" from "Language" where "IsoCode" = 'eng'),
                '1992-02-10T00:00:00.0000000',
                1)
        returning *),
     u as (
         insert
             into "User" ("IdentityServerId", "Email", "DataCollection", "MainGroupId", "AnalyticsEnabled",
                          "PhoneNumber",
                          "CreatorPermissionLevel", "MainCharacterId")
                 select uuid_generate_v4(),
                        'friend-author-74-faf3790193d5496c9790f0f5e51bce1b@frever-test.com',
                        true,
                        g."Id",
                        true,
                        null,
                        array []::bigint[],
                        111
                 from g
                 returning *),
     activity as (
         insert into "UserActivity" ("GroupId", "OccurredAt", "ActionType")
             select g."Id", null, 'Login'
             from g
             where null is not null)
select *
from u;
Information [20101]: Executed DbCommand (1ms) [Parameters=[], CommandType='Text', CommandTimeout='60']

with g as (
    insert into "Group" ("NickName",
                         "TaxationCountryId",
                         "DefaultLanguageId",
                         "BirthDate",
                         "Gender"
        )
        values ('friend-author-74-faf3790193d5496c9790f0f5e51bce1b',
                (select "Id" from "Country" where "ISOName" = 'usa'),
                (select "Id" from "Language" where "IsoCode" = 'eng'),
                '1992-02-10T00:00:00.0000000',
                1)
        returning *),
     u as (
         insert
             into "User" ("IdentityServerId", "Email", "DataCollection", "MainGroupId", "AnalyticsEnabled",
                          "PhoneNumber",
                          "CreatorPermissionLevel", "MainCharacterId")
                 select uuid_generate_v4(),
                        'friend-author-74-faf3790193d5496c9790f0f5e51bce1b@frever-test.com',
                        true,
                        g."Id",
                        true,
                        null,
                        array []::bigint[],
                        111
                 from g
                 returning *),
     activity as (
         insert into "UserActivity" ("GroupId", "OccurredAt", "ActionType")
             select g."Id", null, 'Login'
             from g
             where null is not null)
select *
from u;
Debug [10806]: Context 'TestReadWriteDbContext' started tracking 'User' entity with key '{Id: 189696}'.
Debug [20301]: Closing data reader to 'frevertest' on server 'tcp://postgres-frever-it:5432'.
Debug [20300]: A data reader for 'frevertest' on server 'tcp://postgres-frever-it:5432' is being disposed after spending 0ms reading results.
Debug [10111]: Compiling query expression: 
'DbSet&lt;User&gt;().FromSql(
with g as (
    insert into "Group" ("NickName",
                         "TaxationCountryId",
                         "DefaultLanguageId",
                         "BirthDate",
                         "Gender"
        )
        values ('friend-author-75-ffbc82092cd546e89c207b6c76bf220e',
                (select "Id" from "Country" where "ISOName" = 'usa'),
                (select "Id" from "Language" where "IsoCode" = 'eng'),
                '1991-01-12T00:00:00.0000000',
                1)
        returning *),
     u as (
         insert
             into "User" ("IdentityServerId", "Email", "DataCollection", "MainGroupId", "AnalyticsEnabled",
                          "PhoneNumber",
                          "CreatorPermissionLevel", "MainCharacterId")
                 select uuid_generate_v4(),
                        'friend-author-75-ffbc82092cd546e89c207b6c76bf220e@frever-test.com',
                        true,
                        g."Id",
                        true,
                        null,
                        array []::bigint[],
                        111
                 from g
                 returning *),
     activity as (
         insert into "UserActivity" ("GroupId", "OccurredAt", "ActionType")
             select g."Id", null, 'Login'
             from g
             where null is not null)
select *
from u;, __p_0)
'
Debug [10107]: Generated query execution expression: 
'queryContext =&gt; new FromSqlQueryingEnumerable&lt;User&gt;(
    (RelationalQueryContext)queryContext, 
    RelationalCommandCache.QueryExpression(
        Projection Mapping:
            EmptyProjectionMember -&gt; Dictionary&lt;IProperty, int&gt; { [Property: User.Id (long) Required PK AfterSave:Throw ValueGenerated.OnAdd, 0], [Property: User.AnalyticsEnabled (bool) Required, 1], [Property: User.AppleId (string), 2], [Property: User.CreatedTime (DateTime) Required ValueGenerated.OnAdd, 3], [Property: User.CreatorPermissionLevel (long[]) Element type: long Required, 4], [Property: User.DataCollection (bool?), 5], [Property: User.Email (string) Index, 6], [Property: User.GoogleId (string), 7], [Property: User.IdentityServerId (Guid) Required Index, 8], [Property: User.IsFeatured (bool) Required, 9], [Property: User.MainCharacterId (long?) FK Index, 10], [Property: User.MainGroupId (long) Required FK Index, 11], [Property: User.ModifiedTime (DateTime) Required, 12], [Property: User.PhoneNumber (string) Index, 13] }
        SELECT f.Id, f.AnalyticsEnabled, f.AppleId, f.CreatedTime, f.CreatorPermissionLevel, f.DataCollection, f.Email, f.GoogleId, f.IdentityServerId, f.IsFeatured, f.MainCharacterId, f.MainGroupId, f.ModifiedTime, f.PhoneNumber
        FROM 
with g as (
    insert into "Group" ("NickName",
                         "TaxationCountryId",
                         "DefaultLanguageId",
                         "BirthDate",
                         "Gender"
        )
        values ('friend-author-75-ffbc82092cd546e89c207b6c76bf220e',
                (select "Id" from "Country" where "ISOName" = 'usa'),
                (select "Id" from "Language" where "IsoCode" = 'eng'),
                '1991-01-12T00:00:00.0000000',
                1)
        returning *),
     u as (
         insert
             into "User" ("IdentityServerId", "Email", "DataCollection", "MainGroupId", "AnalyticsEnabled",
                          "PhoneNumber",
                          "CreatorPermissionLevel", "MainCharacterId")
                 select uuid_generate_v4(),
                        'friend-author-75-ffbc82092cd546e89c207b6c76bf220e@frever-test.com',
                        true,
                        g."Id",
                        true,
                        null,
                        array []::bigint[],
                        111
                 from g
                 returning *),
     activity as (
         insert into "UserActivity" ("GroupId", "OccurredAt", "ActionType")
             select g."Id", null, 'Login'
             from g
             where null is not null)
select *
from u;), 
    null, 
    List&lt;string&gt; { "Id", "AnalyticsEnabled", "AppleId", "CreatedTime", "CreatorPermissionLevel", "DataCollection", "Email", "GoogleId", "IdentityServerId", "IsFeatured", "MainCharacterId", "MainGroupId", "ModifiedTime", "PhoneNumber" }, 
    Func&lt;QueryContext, DbDataReader, int[], User&gt;, 
    Frever.Common.IntegrationTesting.TestReadWriteDbContext, 
    False, 
    False, 
    True
)'
Debug [20103]: Creating DbCommand for 'ExecuteReader'.
Debug [20104]: Created DbCommand for 'ExecuteReader' (0ms).
Debug [20106]: Initialized DbCommand for 'ExecuteReader' (0ms).
Debug [20100]: Executing DbCommand [Parameters=[], CommandType='Text', CommandTimeout='60']

with g as (
    insert into "Group" ("NickName",
                         "TaxationCountryId",
                         "DefaultLanguageId",
                         "BirthDate",
                         "Gender"
        )
        values ('friend-author-75-ffbc82092cd546e89c207b6c76bf220e',
                (select "Id" from "Country" where "ISOName" = 'usa'),
                (select "Id" from "Language" where "IsoCode" = 'eng'),
                '1991-01-12T00:00:00.0000000',
                1)
        returning *),
     u as (
         insert
             into "User" ("IdentityServerId", "Email", "DataCollection", "MainGroupId", "AnalyticsEnabled",
                          "PhoneNumber",
                          "CreatorPermissionLevel", "MainCharacterId")
                 select uuid_generate_v4(),
                        'friend-author-75-ffbc82092cd546e89c207b6c76bf220e@frever-test.com',
                        true,
                        g."Id",
                        true,
                        null,
                        array []::bigint[],
                        111
                 from g
                 returning *),
     activity as (
         insert into "UserActivity" ("GroupId", "OccurredAt", "ActionType")
             select g."Id", null, 'Login'
             from g
             where null is not null)
select *
from u;
Information [20101]: Executed DbCommand (1ms) [Parameters=[], CommandType='Text', CommandTimeout='60']

with g as (
    insert into "Group" ("NickName",
                         "TaxationCountryId",
                         "DefaultLanguageId",
                         "BirthDate",
                         "Gender"
        )
        values ('friend-author-75-ffbc82092cd546e89c207b6c76bf220e',
                (select "Id" from "Country" where "ISOName" = 'usa'),
                (select "Id" from "Language" where "IsoCode" = 'eng'),
                '1991-01-12T00:00:00.0000000',
                1)
        returning *),
     u as (
         insert
             into "User" ("IdentityServerId", "Email", "DataCollection", "MainGroupId", "AnalyticsEnabled",
                          "PhoneNumber",
                          "CreatorPermissionLevel", "MainCharacterId")
                 select uuid_generate_v4(),
                        'friend-author-75-ffbc82092cd546e89c207b6c76bf220e@frever-test.com',
                        true,
                        g."Id",
                        true,
                        null,
                        array []::bigint[],
                        111
                 from g
                 returning *),
     activity as (
         insert into "UserActivity" ("GroupId", "OccurredAt", "ActionType")
             select g."Id", null, 'Login'
             from g
             where null is not null)
select *
from u;
Debug [10806]: Context 'TestReadWriteDbContext' started tracking 'User' entity with key '{Id: 189697}'.
Debug [20301]: Closing data reader to 'frevertest' on server 'tcp://postgres-frever-it:5432'.
Debug [20300]: A data reader for 'frevertest' on server 'tcp://postgres-frever-it:5432' is being disposed after spending 0ms reading results.
Debug [10111]: Compiling query expression: 
'DbSet&lt;User&gt;().FromSql(
with g as (
    insert into "Group" ("NickName",
                         "TaxationCountryId",
                         "DefaultLanguageId",
                         "BirthDate",
                         "Gender"
        )
        values ('friend-author-76-27c9bc3ee8ea4f59b6f1bbfdfe23c4c8',
                (select "Id" from "Country" where "ISOName" = 'usa'),
                (select "Id" from "Language" where "IsoCode" = 'eng'),
                '1990-11-06T00:00:00.0000000',
                1)
        returning *),
     u as (
         insert
             into "User" ("IdentityServerId", "Email", "DataCollection", "MainGroupId", "AnalyticsEnabled",
                          "PhoneNumber",
                          "CreatorPermissionLevel", "MainCharacterId")
                 select uuid_generate_v4(),
                        'friend-author-76-27c9bc3ee8ea4f59b6f1bbfdfe23c4c8@frever-test.com',
                        true,
                        g."Id",
                        true,
                        null,
                        array []::bigint[],
                        111
                 from g
                 returning *),
     activity as (
         insert into "UserActivity" ("GroupId", "OccurredAt", "ActionType")
             select g."Id", null, 'Login'
             from g
             where null is not null)
select *
from u;, __p_0)
'
Debug [10107]: Generated query execution expression: 
'queryContext =&gt; new FromSqlQueryingEnumerable&lt;User&gt;(
    (RelationalQueryContext)queryContext, 
    RelationalCommandCache.QueryExpression(
        Projection Mapping:
            EmptyProjectionMember -&gt; Dictionary&lt;IProperty, int&gt; { [Property: User.Id (long) Required PK AfterSave:Throw ValueGenerated.OnAdd, 0], [Property: User.AnalyticsEnabled (bool) Required, 1], [Property: User.AppleId (string), 2], [Property: User.CreatedTime (DateTime) Required ValueGenerated.OnAdd, 3], [Property: User.CreatorPermissionLevel (long[]) Element type: long Required, 4], [Property: User.DataCollection (bool?), 5], [Property: User.Email (string) Index, 6], [Property: User.GoogleId (string), 7], [Property: User.IdentityServerId (Guid) Required Index, 8], [Property: User.IsFeatured (bool) Required, 9], [Property: User.MainCharacterId (long?) FK Index, 10], [Property: User.MainGroupId (long) Required FK Index, 11], [Property: User.ModifiedTime (DateTime) Required, 12], [Property: User.PhoneNumber (string) Index, 13] }
        SELECT f.Id, f.AnalyticsEnabled, f.AppleId, f.CreatedTime, f.CreatorPermissionLevel, f.DataCollection, f.Email, f.GoogleId, f.IdentityServerId, f.IsFeatured, f.MainCharacterId, f.MainGroupId, f.ModifiedTime, f.PhoneNumber
        FROM 
with g as (
    insert into "Group" ("NickName",
                         "TaxationCountryId",
                         "DefaultLanguageId",
                         "BirthDate",
                         "Gender"
        )
        values ('friend-author-76-27c9bc3ee8ea4f59b6f1bbfdfe23c4c8',
                (select "Id" from "Country" where "ISOName" = 'usa'),
                (select "Id" from "Language" where "IsoCode" = 'eng'),
                '1990-11-06T00:00:00.0000000',
                1)
        returning *),
     u as (
         insert
             into "User" ("IdentityServerId", "Email", "DataCollection", "MainGroupId", "AnalyticsEnabled",
                          "PhoneNumber",
                          "CreatorPermissionLevel", "MainCharacterId")
                 select uuid_generate_v4(),
                        'friend-author-76-27c9bc3ee8ea4f59b6f1bbfdfe23c4c8@frever-test.com',
                        true,
                        g."Id",
                        true,
                        null,
                        array []::bigint[],
                        111
                 from g
                 returning *),
     activity as (
         insert into "UserActivity" ("GroupId", "OccurredAt", "ActionType")
             select g."Id", null, 'Login'
             from g
             where null is not null)
select *
from u;), 
    null, 
    List&lt;string&gt; { "Id", "AnalyticsEnabled", "AppleId", "CreatedTime", "CreatorPermissionLevel", "DataCollection", "Email", "GoogleId", "IdentityServerId", "IsFeatured", "MainCharacterId", "MainGroupId", "ModifiedTime", "PhoneNumber" }, 
    Func&lt;QueryContext, DbDataReader, int[], User&gt;, 
    Frever.Common.IntegrationTesting.TestReadWriteDbContext, 
    False, 
    False, 
    True
)'
Debug [20103]: Creating DbCommand for 'ExecuteReader'.
Debug [20104]: Created DbCommand for 'ExecuteReader' (0ms).
Debug [20106]: Initialized DbCommand for 'ExecuteReader' (0ms).
Debug [20100]: Executing DbCommand [Parameters=[], CommandType='Text', CommandTimeout='60']

with g as (
    insert into "Group" ("NickName",
                         "TaxationCountryId",
                         "DefaultLanguageId",
                         "BirthDate",
                         "Gender"
        )
        values ('friend-author-76-27c9bc3ee8ea4f59b6f1bbfdfe23c4c8',
                (select "Id" from "Country" where "ISOName" = 'usa'),
                (select "Id" from "Language" where "IsoCode" = 'eng'),
                '1990-11-06T00:00:00.0000000',
                1)
        returning *),
     u as (
         insert
             into "User" ("IdentityServerId", "Email", "DataCollection", "MainGroupId", "AnalyticsEnabled",
                          "PhoneNumber",
                          "CreatorPermissionLevel", "MainCharacterId")
                 select uuid_generate_v4(),
                        'friend-author-76-27c9bc3ee8ea4f59b6f1bbfdfe23c4c8@frever-test.com',
                        true,
                        g."Id",
                        true,
                        null,
                        array []::bigint[],
                        111
                 from g
                 returning *),
     activity as (
         insert into "UserActivity" ("GroupId", "OccurredAt", "ActionType")
             select g."Id", null, 'Login'
             from g
             where null is not null)
select *
from u;
Information [20101]: Executed DbCommand (1ms) [Parameters=[], CommandType='Text', CommandTimeout='60']

with g as (
    insert into "Group" ("NickName",
                         "TaxationCountryId",
                         "DefaultLanguageId",
                         "BirthDate",
                         "Gender"
        )
        values ('friend-author-76-27c9bc3ee8ea4f59b6f1bbfdfe23c4c8',
                (select "Id" from "Country" where "ISOName" = 'usa'),
                (select "Id" from "Language" where "IsoCode" = 'eng'),
                '1990-11-06T00:00:00.0000000',
                1)
        returning *),
     u as (
         insert
             into "User" ("IdentityServerId", "Email", "DataCollection", "MainGroupId", "AnalyticsEnabled",
                          "PhoneNumber",
                          "CreatorPermissionLevel", "MainCharacterId")
                 select uuid_generate_v4(),
                        'friend-author-76-27c9bc3ee8ea4f59b6f1bbfdfe23c4c8@frever-test.com',
                        true,
                        g."Id",
                        true,
                        null,
                        array []::bigint[],
                        111
                 from g
                 returning *),
     activity as (
         insert into "UserActivity" ("GroupId", "OccurredAt", "ActionType")
             select g."Id", null, 'Login'
             from g
             where null is not null)
select *
from u;
Debug [10806]: Context 'TestReadWriteDbContext' started tracking 'User' entity with key '{Id: 189698}'.
Debug [20301]: Closing data reader to 'frevertest' on server 'tcp://postgres-frever-it:5432'.
Debug [20300]: A data reader for 'frevertest' on server 'tcp://postgres-frever-it:5432' is being disposed after spending 0ms reading results.
Debug [10111]: Compiling query expression: 
'DbSet&lt;User&gt;().FromSql(
with g as (
    insert into "Group" ("NickName",
                         "TaxationCountryId",
                         "DefaultLanguageId",
                         "BirthDate",
                         "Gender"
        )
        values ('friend-author-77-123d31828f774e4bbadeacf67ed9dade',
                (select "Id" from "Country" where "ISOName" = 'usa'),
                (select "Id" from "Language" where "IsoCode" = 'eng'),
                '1992-10-29T00:00:00.0000000',
                1)
        returning *),
     u as (
         insert
             into "User" ("IdentityServerId", "Email", "DataCollection", "MainGroupId", "AnalyticsEnabled",
                          "PhoneNumber",
                          "CreatorPermissionLevel", "MainCharacterId")
                 select uuid_generate_v4(),
                        'friend-author-77-123d31828f774e4bbadeacf67ed9dade@frever-test.com',
                        true,
                        g."Id",
                        true,
                        null,
                        array []::bigint[],
                        111
                 from g
                 returning *),
     activity as (
         insert into "UserActivity" ("GroupId", "OccurredAt", "ActionType")
             select g."Id", null, 'Login'
             from g
             where null is not null)
select *
from u;, __p_0)
'
Debug [10107]: Generated query execution expression: 
'queryContext =&gt; new FromSqlQueryingEnumerable&lt;User&gt;(
    (RelationalQueryContext)queryContext, 
    RelationalCommandCache.QueryExpression(
        Projection Mapping:
            EmptyProjectionMember -&gt; Dictionary&lt;IProperty, int&gt; { [Property: User.Id (long) Required PK AfterSave:Throw ValueGenerated.OnAdd, 0], [Property: User.AnalyticsEnabled (bool) Required, 1], [Property: User.AppleId (string), 2], [Property: User.CreatedTime (DateTime) Required ValueGenerated.OnAdd, 3], [Property: User.CreatorPermissionLevel (long[]) Element type: long Required, 4], [Property: User.DataCollection (bool?), 5], [Property: User.Email (string) Index, 6], [Property: User.GoogleId (string), 7], [Property: User.IdentityServerId (Guid) Required Index, 8], [Property: User.IsFeatured (bool) Required, 9], [Property: User.MainCharacterId (long?) FK Index, 10], [Property: User.MainGroupId (long) Required FK Index, 11], [Property: User.ModifiedTime (DateTime) Required, 12], [Property: User.PhoneNumber (string) Index, 13] }
        SELECT f.Id, f.AnalyticsEnabled, f.AppleId, f.CreatedTime, f.CreatorPermissionLevel, f.DataCollection, f.Email, f.GoogleId, f.IdentityServerId, f.IsFeatured, f.MainCharacterId, f.MainGroupId, f.ModifiedTime, f.PhoneNumber
        FROM 
with g as (
    insert into "Group" ("NickName",
                         "TaxationCountryId",
                         "DefaultLanguageId",
                         "BirthDate",
                         "Gender"
        )
        values ('friend-author-77-123d31828f774e4bbadeacf67ed9dade',
                (select "Id" from "Country" where "ISOName" = 'usa'),
                (select "Id" from "Language" where "IsoCode" = 'eng'),
                '1992-10-29T00:00:00.0000000',
                1)
        returning *),
     u as (
         insert
             into "User" ("IdentityServerId", "Email", "DataCollection", "MainGroupId", "AnalyticsEnabled",
                          "PhoneNumber",
                          "CreatorPermissionLevel", "MainCharacterId")
                 select uuid_generate_v4(),
                        'friend-author-77-123d31828f774e4bbadeacf67ed9dade@frever-test.com',
                        true,
                        g."Id",
                        true,
                        null,
                        array []::bigint[],
                        111
                 from g
                 returning *),
     activity as (
         insert into "UserActivity" ("GroupId", "OccurredAt", "ActionType")
             select g."Id", null, 'Login'
             from g
             where null is not null)
select *
from u;), 
    null, 
    List&lt;string&gt; { "Id", "AnalyticsEnabled", "AppleId", "CreatedTime", "CreatorPermissionLevel", "DataCollection", "Email", "GoogleId", "IdentityServerId", "IsFeatured", "MainCharacterId", "MainGroupId", "ModifiedTime", "PhoneNumber" }, 
    Func&lt;QueryContext, DbDataReader, int[], User&gt;, 
    Frever.Common.IntegrationTesting.TestReadWriteDbContext, 
    False, 
    False, 
    True
)'
Debug [20103]: Creating DbCommand for 'ExecuteReader'.
Debug [20104]: Created DbCommand for 'ExecuteReader' (0ms).
Debug [20106]: Initialized DbCommand for 'ExecuteReader' (0ms).
Debug [20100]: Executing DbCommand [Parameters=[], CommandType='Text', CommandTimeout='60']

with g as (
    insert into "Group" ("NickName",
                         "TaxationCountryId",
                         "DefaultLanguageId",
                         "BirthDate",
                         "Gender"
        )
        values ('friend-author-77-123d31828f774e4bbadeacf67ed9dade',
                (select "Id" from "Country" where "ISOName" = 'usa'),
                (select "Id" from "Language" where "IsoCode" = 'eng'),
                '1992-10-29T00:00:00.0000000',
                1)
        returning *),
     u as (
         insert
             into "User" ("IdentityServerId", "Email", "DataCollection", "MainGroupId", "AnalyticsEnabled",
                          "PhoneNumber",
                          "CreatorPermissionLevel", "MainCharacterId")
                 select uuid_generate_v4(),
                        'friend-author-77-123d31828f774e4bbadeacf67ed9dade@frever-test.com',
                        true,
                        g."Id",
                        true,
                        null,
                        array []::bigint[],
                        111
                 from g
                 returning *),
     activity as (
         insert into "UserActivity" ("GroupId", "OccurredAt", "ActionType")
             select g."Id", null, 'Login'
             from g
             where null is not null)
select *
from u;
Information [20101]: Executed DbCommand (1ms) [Parameters=[], CommandType='Text', CommandTimeout='60']

with g as (
    insert into "Group" ("NickName",
                         "TaxationCountryId",
                         "DefaultLanguageId",
                         "BirthDate",
                         "Gender"
        )
        values ('friend-author-77-123d31828f774e4bbadeacf67ed9dade',
                (select "Id" from "Country" where "ISOName" = 'usa'),
                (select "Id" from "Language" where "IsoCode" = 'eng'),
                '1992-10-29T00:00:00.0000000',
                1)
        returning *),
     u as (
         insert
             into "User" ("IdentityServerId", "Email", "DataCollection", "MainGroupId", "AnalyticsEnabled",
                          "PhoneNumber",
                          "CreatorPermissionLevel", "MainCharacterId")
                 select uuid_generate_v4(),
                        'friend-author-77-123d31828f774e4bbadeacf67ed9dade@frever-test.com',
                        true,
                        g."Id",
                        true,
                        null,
                        array []::bigint[],
                        111
                 from g
                 returning *),
     activity as (
         insert into "UserActivity" ("GroupId", "OccurredAt", "ActionType")
             select g."Id", null, 'Login'
             from g
             where null is not null)
select *
from u;
Debug [10806]: Context 'TestReadWriteDbContext' started tracking 'User' entity with key '{Id: 189699}'.
Debug [20301]: Closing data reader to 'frevertest' on server 'tcp://postgres-frever-it:5432'.
Debug [20300]: A data reader for 'frevertest' on server 'tcp://postgres-frever-it:5432' is being disposed after spending 0ms reading results.
Debug [10111]: Compiling query expression: 
'DbSet&lt;User&gt;().FromSql(
with g as (
    insert into "Group" ("NickName",
                         "TaxationCountryId",
                         "DefaultLanguageId",
                         "BirthDate",
                         "Gender"
        )
        values ('friend-author-78-008adfe964fa4598b068fa954c8121dc',
                (select "Id" from "Country" where "ISOName" = 'usa'),
                (select "Id" from "Language" where "IsoCode" = 'eng'),
                '1992-10-07T00:00:00.0000000',
                1)
        returning *),
     u as (
         insert
             into "User" ("IdentityServerId", "Email", "DataCollection", "MainGroupId", "AnalyticsEnabled",
                          "PhoneNumber",
                          "CreatorPermissionLevel", "MainCharacterId")
                 select uuid_generate_v4(),
                        'friend-author-78-008adfe964fa4598b068fa954c8121dc@frever-test.com',
                        true,
                        g."Id",
                        true,
                        null,
                        array []::bigint[],
                        111
                 from g
                 returning *),
     activity as (
         insert into "UserActivity" ("GroupId", "OccurredAt", "ActionType")
             select g."Id", null, 'Login'
             from g
             where null is not null)
select *
from u;, __p_0)
'
Debug [10107]: Generated query execution expression: 
'queryContext =&gt; new FromSqlQueryingEnumerable&lt;User&gt;(
    (RelationalQueryContext)queryContext, 
    RelationalCommandCache.QueryExpression(
        Projection Mapping:
            EmptyProjectionMember -&gt; Dictionary&lt;IProperty, int&gt; { [Property: User.Id (long) Required PK AfterSave:Throw ValueGenerated.OnAdd, 0], [Property: User.AnalyticsEnabled (bool) Required, 1], [Property: User.AppleId (string), 2], [Property: User.CreatedTime (DateTime) Required ValueGenerated.OnAdd, 3], [Property: User.CreatorPermissionLevel (long[]) Element type: long Required, 4], [Property: User.DataCollection (bool?), 5], [Property: User.Email (string) Index, 6], [Property: User.GoogleId (string), 7], [Property: User.IdentityServerId (Guid) Required Index, 8], [Property: User.IsFeatured (bool) Required, 9], [Property: User.MainCharacterId (long?) FK Index, 10], [Property: User.MainGroupId (long) Required FK Index, 11], [Property: User.ModifiedTime (DateTime) Required, 12], [Property: User.PhoneNumber (string) Index, 13] }
        SELECT f.Id, f.AnalyticsEnabled, f.AppleId, f.CreatedTime, f.CreatorPermissionLevel, f.DataCollection, f.Email, f.GoogleId, f.IdentityServerId, f.IsFeatured, f.MainCharacterId, f.MainGroupId, f.ModifiedTime, f.PhoneNumber
        FROM 
with g as (
    insert into "Group" ("NickName",
                         "TaxationCountryId",
                         "DefaultLanguageId",
                         "BirthDate",
                         "Gender"
        )
        values ('friend-author-78-008adfe964fa4598b068fa954c8121dc',
                (select "Id" from "Country" where "ISOName" = 'usa'),
                (select "Id" from "Language" where "IsoCode" = 'eng'),
                '1992-10-07T00:00:00.0000000',
                1)
        returning *),
     u as (
         insert
             into "User" ("IdentityServerId", "Email", "DataCollection", "MainGroupId", "AnalyticsEnabled",
                          "PhoneNumber",
                          "CreatorPermissionLevel", "MainCharacterId")
                 select uuid_generate_v4(),
                        'friend-author-78-008adfe964fa4598b068fa954c8121dc@frever-test.com',
                        true,
                        g."Id",
                        true,
                        null,
                        array []::bigint[],
                        111
                 from g
                 returning *),
     activity as (
         insert into "UserActivity" ("GroupId", "OccurredAt", "ActionType")
             select g."Id", null, 'Login'
             from g
             where null is not null)
select *
from u;), 
    null, 
    List&lt;string&gt; { "Id", "AnalyticsEnabled", "AppleId", "CreatedTime", "CreatorPermissionLevel", "DataCollection", "Email", "GoogleId", "IdentityServerId", "IsFeatured", "MainCharacterId", "MainGroupId", "ModifiedTime", "PhoneNumber" }, 
    Func&lt;QueryContext, DbDataReader, int[], User&gt;, 
    Frever.Common.IntegrationTesting.TestReadWriteDbContext, 
    False, 
    False, 
    True
)'
Debug [20103]: Creating DbCommand for 'ExecuteReader'.
Debug [20104]: Created DbCommand for 'ExecuteReader' (0ms).
Debug [20106]: Initialized DbCommand for 'ExecuteReader' (0ms).
Debug [20100]: Executing DbCommand [Parameters=[], CommandType='Text', CommandTimeout='60']

with g as (
    insert into "Group" ("NickName",
                         "TaxationCountryId",
                         "DefaultLanguageId",
                         "BirthDate",
                         "Gender"
        )
        values ('friend-author-78-008adfe964fa4598b068fa954c8121dc',
                (select "Id" from "Country" where "ISOName" = 'usa'),
                (select "Id" from "Language" where "IsoCode" = 'eng'),
                '1992-10-07T00:00:00.0000000',
                1)
        returning *),
     u as (
         insert
             into "User" ("IdentityServerId", "Email", "DataCollection", "MainGroupId", "AnalyticsEnabled",
                          "PhoneNumber",
                          "CreatorPermissionLevel", "MainCharacterId")
                 select uuid_generate_v4(),
                        'friend-author-78-008adfe964fa4598b068fa954c8121dc@frever-test.com',
                        true,
                        g."Id",
                        true,
                        null,
                        array []::bigint[],
                        111
                 from g
                 returning *),
     activity as (
         insert into "UserActivity" ("GroupId", "OccurredAt", "ActionType")
             select g."Id", null, 'Login'
             from g
             where null is not null)
select *
from u;
Information [20101]: Executed DbCommand (1ms) [Parameters=[], CommandType='Text', CommandTimeout='60']

with g as (
    insert into "Group" ("NickName",
                         "TaxationCountryId",
                         "DefaultLanguageId",
                         "BirthDate",
                         "Gender"
        )
        values ('friend-author-78-008adfe964fa4598b068fa954c8121dc',
                (select "Id" from "Country" where "ISOName" = 'usa'),
                (select "Id" from "Language" where "IsoCode" = 'eng'),
                '1992-10-07T00:00:00.0000000',
                1)
        returning *),
     u as (
         insert
             into "User" ("IdentityServerId", "Email", "DataCollection", "MainGroupId", "AnalyticsEnabled",
                          "PhoneNumber",
                          "CreatorPermissionLevel", "MainCharacterId")
                 select uuid_generate_v4(),
                        'friend-author-78-008adfe964fa4598b068fa954c8121dc@frever-test.com',
                        true,
                        g."Id",
                        true,
                        null,
                        array []::bigint[],
                        111
                 from g
                 returning *),
     activity as (
         insert into "UserActivity" ("GroupId", "OccurredAt", "ActionType")
             select g."Id", null, 'Login'
             from g
             where null is not null)
select *
from u;
Debug [10806]: Context 'TestReadWriteDbContext' started tracking 'User' entity with key '{Id: 189700}'.
Debug [20301]: Closing data reader to 'frevertest' on server 'tcp://postgres-frever-it:5432'.
Debug [20300]: A data reader for 'frevertest' on server 'tcp://postgres-frever-it:5432' is being disposed after spending 0ms reading results.
Debug [10111]: Compiling query expression: 
'DbSet&lt;User&gt;().FromSql(
with g as (
    insert into "Group" ("NickName",
                         "TaxationCountryId",
                         "DefaultLanguageId",
                         "BirthDate",
                         "Gender"
        )
        values ('friend-author-79-586faf88e32a400597c7dae407d705e5',
                (select "Id" from "Country" where "ISOName" = 'usa'),
                (select "Id" from "Language" where "IsoCode" = 'eng'),
                '1991-02-21T00:00:00.0000000',
                1)
        returning *),
     u as (
         insert
             into "User" ("IdentityServerId", "Email", "DataCollection", "MainGroupId", "AnalyticsEnabled",
                          "PhoneNumber",
                          "CreatorPermissionLevel", "MainCharacterId")
                 select uuid_generate_v4(),
                        'friend-author-79-586faf88e32a400597c7dae407d705e5@frever-test.com',
                        true,
                        g."Id",
                        true,
                        null,
                        array []::bigint[],
                        111
                 from g
                 returning *),
     activity as (
         insert into "UserActivity" ("GroupId", "OccurredAt", "ActionType")
             select g."Id", null, 'Login'
             from g
             where null is not null)
select *
from u;, __p_0)
'
Debug [10107]: Generated query execution expression: 
'queryContext =&gt; new FromSqlQueryingEnumerable&lt;User&gt;(
    (RelationalQueryContext)queryContext, 
    RelationalCommandCache.QueryExpression(
        Projection Mapping:
            EmptyProjectionMember -&gt; Dictionary&lt;IProperty, int&gt; { [Property: User.Id (long) Required PK AfterSave:Throw ValueGenerated.OnAdd, 0], [Property: User.AnalyticsEnabled (bool) Required, 1], [Property: User.AppleId (string), 2], [Property: User.CreatedTime (DateTime) Required ValueGenerated.OnAdd, 3], [Property: User.CreatorPermissionLevel (long[]) Element type: long Required, 4], [Property: User.DataCollection (bool?), 5], [Property: User.Email (string) Index, 6], [Property: User.GoogleId (string), 7], [Property: User.IdentityServerId (Guid) Required Index, 8], [Property: User.IsFeatured (bool) Required, 9], [Property: User.MainCharacterId (long?) FK Index, 10], [Property: User.MainGroupId (long) Required FK Index, 11], [Property: User.ModifiedTime (DateTime) Required, 12], [Property: User.PhoneNumber (string) Index, 13] }
        SELECT f.Id, f.AnalyticsEnabled, f.AppleId, f.CreatedTime, f.CreatorPermissionLevel, f.DataCollection, f.Email, f.GoogleId, f.IdentityServerId, f.IsFeatured, f.MainCharacterId, f.MainGroupId, f.ModifiedTime, f.PhoneNumber
        FROM 
with g as (
    insert into "Group" ("NickName",
                         "TaxationCountryId",
                         "DefaultLanguageId",
                         "BirthDate",
                         "Gender"
        )
        values ('friend-author-79-586faf88e32a400597c7dae407d705e5',
                (select "Id" from "Country" where "ISOName" = 'usa'),
                (select "Id" from "Language" where "IsoCode" = 'eng'),
                '1991-02-21T00:00:00.0000000',
                1)
        returning *),
     u as (
         insert
             into "User" ("IdentityServerId", "Email", "DataCollection", "MainGroupId", "AnalyticsEnabled",
                          "PhoneNumber",
                          "CreatorPermissionLevel", "MainCharacterId")
                 select uuid_generate_v4(),
                        'friend-author-79-586faf88e32a400597c7dae407d705e5@frever-test.com',
                        true,
                        g."Id",
                        true,
                        null,
                        array []::bigint[],
                        111
                 from g
                 returning *),
     activity as (
         insert into "UserActivity" ("GroupId", "OccurredAt", "ActionType")
             select g."Id", null, 'Login'
             from g
             where null is not null)
select *
from u;), 
    null, 
    List&lt;string&gt; { "Id", "AnalyticsEnabled", "AppleId", "CreatedTime", "CreatorPermissionLevel", "DataCollection", "Email", "GoogleId", "IdentityServerId", "IsFeatured", "MainCharacterId", "MainGroupId", "ModifiedTime", "PhoneNumber" }, 
    Func&lt;QueryContext, DbDataReader, int[], User&gt;, 
    Frever.Common.IntegrationTesting.TestReadWriteDbContext, 
    False, 
    False, 
    True
)'
Debug [20103]: Creating DbCommand for 'ExecuteReader'.
Debug [20104]: Created DbCommand for 'ExecuteReader' (0ms).
Debug [20106]: Initialized DbCommand for 'ExecuteReader' (0ms).
Debug [20100]: Executing DbCommand [Parameters=[], CommandType='Text', CommandTimeout='60']

with g as (
    insert into "Group" ("NickName",
                         "TaxationCountryId",
                         "DefaultLanguageId",
                         "BirthDate",
                         "Gender"
        )
        values ('friend-author-79-586faf88e32a400597c7dae407d705e5',
                (select "Id" from "Country" where "ISOName" = 'usa'),
                (select "Id" from "Language" where "IsoCode" = 'eng'),
                '1991-02-21T00:00:00.0000000',
                1)
        returning *),
     u as (
         insert
             into "User" ("IdentityServerId", "Email", "DataCollection", "MainGroupId", "AnalyticsEnabled",
                          "PhoneNumber",
                          "CreatorPermissionLevel", "MainCharacterId")
                 select uuid_generate_v4(),
                        'friend-author-79-586faf88e32a400597c7dae407d705e5@frever-test.com',
                        true,
                        g."Id",
                        true,
                        null,
                        array []::bigint[],
                        111
                 from g
                 returning *),
     activity as (
         insert into "UserActivity" ("GroupId", "OccurredAt", "ActionType")
             select g."Id", null, 'Login'
             from g
             where null is not null)
select *
from u;
Information [20101]: Executed DbCommand (1ms) [Parameters=[], CommandType='Text', CommandTimeout='60']

with g as (
    insert into "Group" ("NickName",
                         "TaxationCountryId",
                         "DefaultLanguageId",
                         "BirthDate",
                         "Gender"
        )
        values ('friend-author-79-586faf88e32a400597c7dae407d705e5',
                (select "Id" from "Country" where "ISOName" = 'usa'),
                (select "Id" from "Language" where "IsoCode" = 'eng'),
                '1991-02-21T00:00:00.0000000',
                1)
        returning *),
     u as (
         insert
             into "User" ("IdentityServerId", "Email", "DataCollection", "MainGroupId", "AnalyticsEnabled",
                          "PhoneNumber",
                          "CreatorPermissionLevel", "MainCharacterId")
                 select uuid_generate_v4(),
                        'friend-author-79-586faf88e32a400597c7dae407d705e5@frever-test.com',
                        true,
                        g."Id",
                        true,
                        null,
                        array []::bigint[],
                        111
                 from g
                 returning *),
     activity as (
         insert into "UserActivity" ("GroupId", "OccurredAt", "ActionType")
             select g."Id", null, 'Login'
             from g
             where null is not null)
select *
from u;
Debug [10806]: Context 'TestReadWriteDbContext' started tracking 'User' entity with key '{Id: 189701}'.
Debug [20301]: Closing data reader to 'frevertest' on server 'tcp://postgres-frever-it:5432'.
Debug [20300]: A data reader for 'frevertest' on server 'tcp://postgres-frever-it:5432' is being disposed after spending 0ms reading results.
Debug [10111]: Compiling query expression: 
'DbSet&lt;User&gt;().FromSql(
with g as (
    insert into "Group" ("NickName",
                         "TaxationCountryId",
                         "DefaultLanguageId",
                         "BirthDate",
                         "Gender"
        )
        values ('friend-author-80-0aee6fcd0d974831b491f7e8e074b49e',
                (select "Id" from "Country" where "ISOName" = 'usa'),
                (select "Id" from "Language" where "IsoCode" = 'eng'),
                '1990-10-27T00:00:00.0000000',
                1)
        returning *),
     u as (
         insert
             into "User" ("IdentityServerId", "Email", "DataCollection", "MainGroupId", "AnalyticsEnabled",
                          "PhoneNumber",
                          "CreatorPermissionLevel", "MainCharacterId")
                 select uuid_generate_v4(),
                        'friend-author-80-0aee6fcd0d974831b491f7e8e074b49e@frever-test.com',
                        true,
                        g."Id",
                        true,
                        null,
                        array []::bigint[],
                        111
                 from g
                 returning *),
     activity as (
         insert into "UserActivity" ("GroupId", "OccurredAt", "ActionType")
             select g."Id", null, 'Login'
             from g
             where null is not null)
select *
from u;, __p_0)
'
Debug [10107]: Generated query execution expression: 
'queryContext =&gt; new FromSqlQueryingEnumerable&lt;User&gt;(
    (RelationalQueryContext)queryContext, 
    RelationalCommandCache.QueryExpression(
        Projection Mapping:
            EmptyProjectionMember -&gt; Dictionary&lt;IProperty, int&gt; { [Property: User.Id (long) Required PK AfterSave:Throw ValueGenerated.OnAdd, 0], [Property: User.AnalyticsEnabled (bool) Required, 1], [Property: User.AppleId (string), 2], [Property: User.CreatedTime (DateTime) Required ValueGenerated.OnAdd, 3], [Property: User.CreatorPermissionLevel (long[]) Element type: long Required, 4], [Property: User.DataCollection (bool?), 5], [Property: User.Email (string) Index, 6], [Property: User.GoogleId (string), 7], [Property: User.IdentityServerId (Guid) Required Index, 8], [Property: User.IsFeatured (bool) Required, 9], [Property: User.MainCharacterId (long?) FK Index, 10], [Property: User.MainGroupId (long) Required FK Index, 11], [Property: User.ModifiedTime (DateTime) Required, 12], [Property: User.PhoneNumber (string) Index, 13] }
        SELECT f.Id, f.AnalyticsEnabled, f.AppleId, f.CreatedTime, f.CreatorPermissionLevel, f.DataCollection, f.Email, f.GoogleId, f.IdentityServerId, f.IsFeatured, f.MainCharacterId, f.MainGroupId, f.ModifiedTime, f.PhoneNumber
        FROM 
with g as (
    insert into "Group" ("NickName",
                         "TaxationCountryId",
                         "DefaultLanguageId",
                         "BirthDate",
                         "Gender"
        )
        values ('friend-author-80-0aee6fcd0d974831b491f7e8e074b49e',
                (select "Id" from "Country" where "ISOName" = 'usa'),
                (select "Id" from "Language" where "IsoCode" = 'eng'),
                '1990-10-27T00:00:00.0000000',
                1)
        returning *),
     u as (
         insert
             into "User" ("IdentityServerId", "Email", "DataCollection", "MainGroupId", "AnalyticsEnabled",
                          "PhoneNumber",
                          "CreatorPermissionLevel", "MainCharacterId")
                 select uuid_generate_v4(),
                        'friend-author-80-0aee6fcd0d974831b491f7e8e074b49e@frever-test.com',
                        true,
                        g."Id",
                        true,
                        null,
                        array []::bigint[],
                        111
                 from g
                 returning *),
     activity as (
         insert into "UserActivity" ("GroupId", "OccurredAt", "ActionType")
             select g."Id", null, 'Login'
             from g
             where null is not null)
select *
from u;), 
    null, 
    List&lt;string&gt; { "Id", "AnalyticsEnabled", "AppleId", "CreatedTime", "CreatorPermissionLevel", "DataCollection", "Email", "GoogleId", "IdentityServerId", "IsFeatured", "MainCharacterId", "MainGroupId", "ModifiedTime", "PhoneNumber" }, 
    Func&lt;QueryContext, DbDataReader, int[], User&gt;, 
    Frever.Common.IntegrationTesting.TestReadWriteDbContext, 
    False, 
    False, 
    True
)'
Debug [20103]: Creating DbCommand for 'ExecuteReader'.
Debug [20104]: Created DbCommand for 'ExecuteReader' (0ms).
Debug [20106]: Initialized DbCommand for 'ExecuteReader' (0ms).
Debug [20100]: Executing DbCommand [Parameters=[], CommandType='Text', CommandTimeout='60']

with g as (
    insert into "Group" ("NickName",
                         "TaxationCountryId",
                         "DefaultLanguageId",
                         "BirthDate",
                         "Gender"
        )
        values ('friend-author-80-0aee6fcd0d974831b491f7e8e074b49e',
                (select "Id" from "Country" where "ISOName" = 'usa'),
                (select "Id" from "Language" where "IsoCode" = 'eng'),
                '1990-10-27T00:00:00.0000000',
                1)
        returning *),
     u as (
         insert
             into "User" ("IdentityServerId", "Email", "DataCollection", "MainGroupId", "AnalyticsEnabled",
                          "PhoneNumber",
                          "CreatorPermissionLevel", "MainCharacterId")
                 select uuid_generate_v4(),
                        'friend-author-80-0aee6fcd0d974831b491f7e8e074b49e@frever-test.com',
                        true,
                        g."Id",
                        true,
                        null,
                        array []::bigint[],
                        111
                 from g
                 returning *),
     activity as (
         insert into "UserActivity" ("GroupId", "OccurredAt", "ActionType")
             select g."Id", null, 'Login'
             from g
             where null is not null)
select *
from u;
Information [20101]: Executed DbCommand (1ms) [Parameters=[], CommandType='Text', CommandTimeout='60']

with g as (
    insert into "Group" ("NickName",
                         "TaxationCountryId",
                         "DefaultLanguageId",
                         "BirthDate",
                         "Gender"
        )
        values ('friend-author-80-0aee6fcd0d974831b491f7e8e074b49e',
                (select "Id" from "Country" where "ISOName" = 'usa'),
                (select "Id" from "Language" where "IsoCode" = 'eng'),
                '1990-10-27T00:00:00.0000000',
                1)
        returning *),
     u as (
         insert
             into "User" ("IdentityServerId", "Email", "DataCollection", "MainGroupId", "AnalyticsEnabled",
                          "PhoneNumber",
                          "CreatorPermissionLevel", "MainCharacterId")
                 select uuid_generate_v4(),
                        'friend-author-80-0aee6fcd0d974831b491f7e8e074b49e@frever-test.com',
                        true,
                        g."Id",
                        true,
                        null,
                        array []::bigint[],
                        111
                 from g
                 returning *),
     activity as (
         insert into "UserActivity" ("GroupId", "OccurredAt", "ActionType")
             select g."Id", null, 'Login'
             from g
             where null is not null)
select *
from u;
Debug [10806]: Context 'TestReadWriteDbContext' started tracking 'User' entity with key '{Id: 189702}'.
Debug [20301]: Closing data reader to 'frevertest' on server 'tcp://postgres-frever-it:5432'.
Debug [20300]: A data reader for 'frevertest' on server 'tcp://postgres-frever-it:5432' is being disposed after spending 0ms reading results.
Debug [10111]: Compiling query expression: 
'DbSet&lt;User&gt;().FromSql(
with g as (
    insert into "Group" ("NickName",
                         "TaxationCountryId",
                         "DefaultLanguageId",
                         "BirthDate",
                         "Gender"
        )
        values ('friend-author-81-bd88b5405fab4f4a873ce82fd51312fe',
                (select "Id" from "Country" where "ISOName" = 'usa'),
                (select "Id" from "Language" where "IsoCode" = 'eng'),
                '1991-03-18T00:00:00.0000000',
                1)
        returning *),
     u as (
         insert
             into "User" ("IdentityServerId", "Email", "DataCollection", "MainGroupId", "AnalyticsEnabled",
                          "PhoneNumber",
                          "CreatorPermissionLevel", "MainCharacterId")
                 select uuid_generate_v4(),
                        'friend-author-81-bd88b5405fab4f4a873ce82fd51312fe@frever-test.com',
                        true,
                        g."Id",
                        true,
                        null,
                        array []::bigint[],
                        111
                 from g
                 returning *),
     activity as (
         insert into "UserActivity" ("GroupId", "OccurredAt", "ActionType")
             select g."Id", null, 'Login'
             from g
             where null is not null)
select *
from u;, __p_0)
'
Debug [10107]: Generated query execution expression: 
'queryContext =&gt; new FromSqlQueryingEnumerable&lt;User&gt;(
    (RelationalQueryContext)queryContext, 
    RelationalCommandCache.QueryExpression(
        Projection Mapping:
            EmptyProjectionMember -&gt; Dictionary&lt;IProperty, int&gt; { [Property: User.Id (long) Required PK AfterSave:Throw ValueGenerated.OnAdd, 0], [Property: User.AnalyticsEnabled (bool) Required, 1], [Property: User.AppleId (string), 2], [Property: User.CreatedTime (DateTime) Required ValueGenerated.OnAdd, 3], [Property: User.CreatorPermissionLevel (long[]) Element type: long Required, 4], [Property: User.DataCollection (bool?), 5], [Property: User.Email (string) Index, 6], [Property: User.GoogleId (string), 7], [Property: User.IdentityServerId (Guid) Required Index, 8], [Property: User.IsFeatured (bool) Required, 9], [Property: User.MainCharacterId (long?) FK Index, 10], [Property: User.MainGroupId (long) Required FK Index, 11], [Property: User.ModifiedTime (DateTime) Required, 12], [Property: User.PhoneNumber (string) Index, 13] }
        SELECT f.Id, f.AnalyticsEnabled, f.AppleId, f.CreatedTime, f.CreatorPermissionLevel, f.DataCollection, f.Email, f.GoogleId, f.IdentityServerId, f.IsFeatured, f.MainCharacterId, f.MainGroupId, f.ModifiedTime, f.PhoneNumber
        FROM 
with g as (
    insert into "Group" ("NickName",
                         "TaxationCountryId",
                         "DefaultLanguageId",
                         "BirthDate",
                         "Gender"
        )
        values ('friend-author-81-bd88b5405fab4f4a873ce82fd51312fe',
                (select "Id" from "Country" where "ISOName" = 'usa'),
                (select "Id" from "Language" where "IsoCode" = 'eng'),
                '1991-03-18T00:00:00.0000000',
                1)
        returning *),
     u as (
         insert
             into "User" ("IdentityServerId", "Email", "DataCollection", "MainGroupId", "AnalyticsEnabled",
                          "PhoneNumber",
                          "CreatorPermissionLevel", "MainCharacterId")
                 select uuid_generate_v4(),
                        'friend-author-81-bd88b5405fab4f4a873ce82fd51312fe@frever-test.com',
                        true,
                        g."Id",
                        true,
                        null,
                        array []::bigint[],
                        111
                 from g
                 returning *),
     activity as (
         insert into "UserActivity" ("GroupId", "OccurredAt", "ActionType")
             select g."Id", null, 'Login'
             from g
             where null is not null)
select *
from u;), 
    null, 
    List&lt;string&gt; { "Id", "AnalyticsEnabled", "AppleId", "CreatedTime", "CreatorPermissionLevel", "DataCollection", "Email", "GoogleId", "IdentityServerId", "IsFeatured", "MainCharacterId", "MainGroupId", "ModifiedTime", "PhoneNumber" }, 
    Func&lt;QueryContext, DbDataReader, int[], User&gt;, 
    Frever.Common.IntegrationTesting.TestReadWriteDbContext, 
    False, 
    False, 
    True
)'
Debug [20103]: Creating DbCommand for 'ExecuteReader'.
Debug [20104]: Created DbCommand for 'ExecuteReader' (0ms).
Debug [20106]: Initialized DbCommand for 'ExecuteReader' (0ms).
Debug [20100]: Executing DbCommand [Parameters=[], CommandType='Text', CommandTimeout='60']

with g as (
    insert into "Group" ("NickName",
                         "TaxationCountryId",
                         "DefaultLanguageId",
                         "BirthDate",
                         "Gender"
        )
        values ('friend-author-81-bd88b5405fab4f4a873ce82fd51312fe',
                (select "Id" from "Country" where "ISOName" = 'usa'),
                (select "Id" from "Language" where "IsoCode" = 'eng'),
                '1991-03-18T00:00:00.0000000',
                1)
        returning *),
     u as (
         insert
             into "User" ("IdentityServerId", "Email", "DataCollection", "MainGroupId", "AnalyticsEnabled",
                          "PhoneNumber",
                          "CreatorPermissionLevel", "MainCharacterId")
                 select uuid_generate_v4(),
                        'friend-author-81-bd88b5405fab4f4a873ce82fd51312fe@frever-test.com',
                        true,
                        g."Id",
                        true,
                        null,
                        array []::bigint[],
                        111
                 from g
                 returning *),
     activity as (
         insert into "UserActivity" ("GroupId", "OccurredAt", "ActionType")
             select g."Id", null, 'Login'
             from g
             where null is not null)
select *
from u;
Information [20101]: Executed DbCommand (1ms) [Parameters=[], CommandType='Text', CommandTimeout='60']

with g as (
    insert into "Group" ("NickName",
                         "TaxationCountryId",
                         "DefaultLanguageId",
                         "BirthDate",
                         "Gender"
        )
        values ('friend-author-81-bd88b5405fab4f4a873ce82fd51312fe',
                (select "Id" from "Country" where "ISOName" = 'usa'),
                (select "Id" from "Language" where "IsoCode" = 'eng'),
                '1991-03-18T00:00:00.0000000',
                1)
        returning *),
     u as (
         insert
             into "User" ("IdentityServerId", "Email", "DataCollection", "MainGroupId", "AnalyticsEnabled",
                          "PhoneNumber",
                          "CreatorPermissionLevel", "MainCharacterId")
                 select uuid_generate_v4(),
                        'friend-author-81-bd88b5405fab4f4a873ce82fd51312fe@frever-test.com',
                        true,
                        g."Id",
                        true,
                        null,
                        array []::bigint[],
                        111
                 from g
                 returning *),
     activity as (
         insert into "UserActivity" ("GroupId", "OccurredAt", "ActionType")
             select g."Id", null, 'Login'
             from g
             where null is not null)
select *
from u;
Debug [10806]: Context 'TestReadWriteDbContext' started tracking 'User' entity with key '{Id: 189703}'.
Debug [20301]: Closing data reader to 'frevertest' on server 'tcp://postgres-frever-it:5432'.
Debug [20300]: A data reader for 'frevertest' on server 'tcp://postgres-frever-it:5432' is being disposed after spending 0ms reading results.
Debug [10111]: Compiling query expression: 
'DbSet&lt;User&gt;().FromSql(
with g as (
    insert into "Group" ("NickName",
                         "TaxationCountryId",
                         "DefaultLanguageId",
                         "BirthDate",
                         "Gender"
        )
        values ('friend-author-82-bd1f98b3f35d49f698b2e95e4d9f9e92',
                (select "Id" from "Country" where "ISOName" = 'usa'),
                (select "Id" from "Language" where "IsoCode" = 'eng'),
                '1991-04-07T00:00:00.0000000',
                1)
        returning *),
     u as (
         insert
             into "User" ("IdentityServerId", "Email", "DataCollection", "MainGroupId", "AnalyticsEnabled",
                          "PhoneNumber",
                          "CreatorPermissionLevel", "MainCharacterId")
                 select uuid_generate_v4(),
                        'friend-author-82-bd1f98b3f35d49f698b2e95e4d9f9e92@frever-test.com',
                        true,
                        g."Id",
                        true,
                        null,
                        array []::bigint[],
                        111
                 from g
                 returning *),
     activity as (
         insert into "UserActivity" ("GroupId", "OccurredAt", "ActionType")
             select g."Id", null, 'Login'
             from g
             where null is not null)
select *
from u;, __p_0)
'
Debug [10107]: Generated query execution expression: 
'queryContext =&gt; new FromSqlQueryingEnumerable&lt;User&gt;(
    (RelationalQueryContext)queryContext, 
    RelationalCommandCache.QueryExpression(
        Projection Mapping:
            EmptyProjectionMember -&gt; Dictionary&lt;IProperty, int&gt; { [Property: User.Id (long) Required PK AfterSave:Throw ValueGenerated.OnAdd, 0], [Property: User.AnalyticsEnabled (bool) Required, 1], [Property: User.AppleId (string), 2], [Property: User.CreatedTime (DateTime) Required ValueGenerated.OnAdd, 3], [Property: User.CreatorPermissionLevel (long[]) Element type: long Required, 4], [Property: User.DataCollection (bool?), 5], [Property: User.Email (string) Index, 6], [Property: User.GoogleId (string), 7], [Property: User.IdentityServerId (Guid) Required Index, 8], [Property: User.IsFeatured (bool) Required, 9], [Property: User.MainCharacterId (long?) FK Index, 10], [Property: User.MainGroupId (long) Required FK Index, 11], [Property: User.ModifiedTime (DateTime) Required, 12], [Property: User.PhoneNumber (string) Index, 13] }
        SELECT f.Id, f.AnalyticsEnabled, f.AppleId, f.CreatedTime, f.CreatorPermissionLevel, f.DataCollection, f.Email, f.GoogleId, f.IdentityServerId, f.IsFeatured, f.MainCharacterId, f.MainGroupId, f.ModifiedTime, f.PhoneNumber
        FROM 
with g as (
    insert into "Group" ("NickName",
                         "TaxationCountryId",
                         "DefaultLanguageId",
                         "BirthDate",
                         "Gender"
        )
        values ('friend-author-82-bd1f98b3f35d49f698b2e95e4d9f9e92',
                (select "Id" from "Country" where "ISOName" = 'usa'),
                (select "Id" from "Language" where "IsoCode" = 'eng'),
                '1991-04-07T00:00:00.0000000',
                1)
        returning *),
     u as (
         insert
             into "User" ("IdentityServerId", "Email", "DataCollection", "MainGroupId", "AnalyticsEnabled",
                          "PhoneNumber",
                          "CreatorPermissionLevel", "MainCharacterId")
                 select uuid_generate_v4(),
                        'friend-author-82-bd1f98b3f35d49f698b2e95e4d9f9e92@frever-test.com',
                        true,
                        g."Id",
                        true,
                        null,
                        array []::bigint[],
                        111
                 from g
                 returning *),
     activity as (
         insert into "UserActivity" ("GroupId", "OccurredAt", "ActionType")
             select g."Id", null, 'Login'
             from g
             where null is not null)
select *
from u;), 
    null, 
    List&lt;string&gt; { "Id", "AnalyticsEnabled", "AppleId", "CreatedTime", "CreatorPermissionLevel", "DataCollection", "Email", "GoogleId", "IdentityServerId", "IsFeatured", "MainCharacterId", "MainGroupId", "ModifiedTime", "PhoneNumber" }, 
    Func&lt;QueryContext, DbDataReader, int[], User&gt;, 
    Frever.Common.IntegrationTesting.TestReadWriteDbContext, 
    False, 
    False, 
    True
)'
Debug [20103]: Creating DbCommand for 'ExecuteReader'.
Debug [20104]: Created DbCommand for 'ExecuteReader' (0ms).
Debug [20106]: Initialized DbCommand for 'ExecuteReader' (0ms).
Debug [20100]: Executing DbCommand [Parameters=[], CommandType='Text', CommandTimeout='60']

with g as (
    insert into "Group" ("NickName",
                         "TaxationCountryId",
                         "DefaultLanguageId",
                         "BirthDate",
                         "Gender"
        )
        values ('friend-author-82-bd1f98b3f35d49f698b2e95e4d9f9e92',
                (select "Id" from "Country" where "ISOName" = 'usa'),
                (select "Id" from "Language" where "IsoCode" = 'eng'),
                '1991-04-07T00:00:00.0000000',
                1)
        returning *),
     u as (
         insert
             into "User" ("IdentityServerId", "Email", "DataCollection", "MainGroupId", "AnalyticsEnabled",
                          "PhoneNumber",
                          "CreatorPermissionLevel", "MainCharacterId")
                 select uuid_generate_v4(),
                        'friend-author-82-bd1f98b3f35d49f698b2e95e4d9f9e92@frever-test.com',
                        true,
                        g."Id",
                        true,
                        null,
                        array []::bigint[],
                        111
                 from g
                 returning *),
     activity as (
         insert into "UserActivity" ("GroupId", "OccurredAt", "ActionType")
             select g."Id", null, 'Login'
             from g
             where null is not null)
select *
from u;
Information [20101]: Executed DbCommand (1ms) [Parameters=[], CommandType='Text', CommandTimeout='60']

with g as (
    insert into "Group" ("NickName",
                         "TaxationCountryId",
                         "DefaultLanguageId",
                         "BirthDate",
                         "Gender"
        )
        values ('friend-author-82-bd1f98b3f35d49f698b2e95e4d9f9e92',
                (select "Id" from "Country" where "ISOName" = 'usa'),
                (select "Id" from "Language" where "IsoCode" = 'eng'),
                '1991-04-07T00:00:00.0000000',
                1)
        returning *),
     u as (
         insert
             into "User" ("IdentityServerId", "Email", "DataCollection", "MainGroupId", "AnalyticsEnabled",
                          "PhoneNumber",
                          "CreatorPermissionLevel", "MainCharacterId")
                 select uuid_generate_v4(),
                        'friend-author-82-bd1f98b3f35d49f698b2e95e4d9f9e92@frever-test.com',
                        true,
                        g."Id",
                        true,
                        null,
                        array []::bigint[],
                        111
                 from g
                 returning *),
     activity as (
         insert into "UserActivity" ("GroupId", "OccurredAt", "ActionType")
             select g."Id", null, 'Login'
             from g
             where null is not null)
select *
from u;
Debug [10806]: Context 'TestReadWriteDbContext' started tracking 'User' entity with key '{Id: 189704}'.
Debug [20301]: Closing data reader to 'frevertest' on server 'tcp://postgres-frever-it:5432'.
Debug [20300]: A data reader for 'frevertest' on server 'tcp://postgres-frever-it:5432' is being disposed after spending 0ms reading results.
Debug [10111]: Compiling query expression: 
'DbSet&lt;User&gt;().FromSql(
with g as (
    insert into "Group" ("NickName",
                         "TaxationCountryId",
                         "DefaultLanguageId",
                         "BirthDate",
                         "Gender"
        )
        values ('friend-author-83-a8a02889cbb546f6bca981f16f6c1080',
                (select "Id" from "Country" where "ISOName" = 'usa'),
                (select "Id" from "Language" where "IsoCode" = 'eng'),
                '1992-01-10T00:00:00.0000000',
                1)
        returning *),
     u as (
         insert
             into "User" ("IdentityServerId", "Email", "DataCollection", "MainGroupId", "AnalyticsEnabled",
                          "PhoneNumber",
                          "CreatorPermissionLevel", "MainCharacterId")
                 select uuid_generate_v4(),
                        'friend-author-83-a8a02889cbb546f6bca981f16f6c1080@frever-test.com',
                        true,
                        g."Id",
                        true,
                        null,
                        array []::bigint[],
                        111
                 from g
                 returning *),
     activity as (
         insert into "UserActivity" ("GroupId", "OccurredAt", "ActionType")
             select g."Id", null, 'Login'
             from g
             where null is not null)
select *
from u;, __p_0)
'
Debug [10107]: Generated query execution expression: 
'queryContext =&gt; new FromSqlQueryingEnumerable&lt;User&gt;(
    (RelationalQueryContext)queryContext, 
    RelationalCommandCache.QueryExpression(
        Projection Mapping:
            EmptyProjectionMember -&gt; Dictionary&lt;IProperty, int&gt; { [Property: User.Id (long) Required PK AfterSave:Throw ValueGenerated.OnAdd, 0], [Property: User.AnalyticsEnabled (bool) Required, 1], [Property: User.AppleId (string), 2], [Property: User.CreatedTime (DateTime) Required ValueGenerated.OnAdd, 3], [Property: User.CreatorPermissionLevel (long[]) Element type: long Required, 4], [Property: User.DataCollection (bool?), 5], [Property: User.Email (string) Index, 6], [Property: User.GoogleId (string), 7], [Property: User.IdentityServerId (Guid) Required Index, 8], [Property: User.IsFeatured (bool) Required, 9], [Property: User.MainCharacterId (long?) FK Index, 10], [Property: User.MainGroupId (long) Required FK Index, 11], [Property: User.ModifiedTime (DateTime) Required, 12], [Property: User.PhoneNumber (string) Index, 13] }
        SELECT f.Id, f.AnalyticsEnabled, f.AppleId, f.CreatedTime, f.CreatorPermissionLevel, f.DataCollection, f.Email, f.GoogleId, f.IdentityServerId, f.IsFeatured, f.MainCharacterId, f.MainGroupId, f.ModifiedTime, f.PhoneNumber
        FROM 
with g as (
    insert into "Group" ("NickName",
                         "TaxationCountryId",
                         "DefaultLanguageId",
                         "BirthDate",
                         "Gender"
        )
        values ('friend-author-83-a8a02889cbb546f6bca981f16f6c1080',
                (select "Id" from "Country" where "ISOName" = 'usa'),
                (select "Id" from "Language" where "IsoCode" = 'eng'),
                '1992-01-10T00:00:00.0000000',
                1)
        returning *),
     u as (
         insert
             into "User" ("IdentityServerId", "Email", "DataCollection", "MainGroupId", "AnalyticsEnabled",
                          "PhoneNumber",
                          "CreatorPermissionLevel", "MainCharacterId")
                 select uuid_generate_v4(),
                        'friend-author-83-a8a02889cbb546f6bca981f16f6c1080@frever-test.com',
                        true,
                        g."Id",
                        true,
                        null,
                        array []::bigint[],
                        111
                 from g
                 returning *),
     activity as (
         insert into "UserActivity" ("GroupId", "OccurredAt", "ActionType")
             select g."Id", null, 'Login'
             from g
             where null is not null)
select *
from u;), 
    null, 
    List&lt;string&gt; { "Id", "AnalyticsEnabled", "AppleId", "CreatedTime", "CreatorPermissionLevel", "DataCollection", "Email", "GoogleId", "IdentityServerId", "IsFeatured", "MainCharacterId", "MainGroupId", "ModifiedTime", "PhoneNumber" }, 
    Func&lt;QueryContext, DbDataReader, int[], User&gt;, 
    Frever.Common.IntegrationTesting.TestReadWriteDbContext, 
    False, 
    False, 
    True
)'
Debug [20103]: Creating DbCommand for 'ExecuteReader'.
Debug [20104]: Created DbCommand for 'ExecuteReader' (0ms).
Debug [20106]: Initialized DbCommand for 'ExecuteReader' (0ms).
Debug [20100]: Executing DbCommand [Parameters=[], CommandType='Text', CommandTimeout='60']

with g as (
    insert into "Group" ("NickName",
                         "TaxationCountryId",
                         "DefaultLanguageId",
                         "BirthDate",
                         "Gender"
        )
        values ('friend-author-83-a8a02889cbb546f6bca981f16f6c1080',
                (select "Id" from "Country" where "ISOName" = 'usa'),
                (select "Id" from "Language" where "IsoCode" = 'eng'),
                '1992-01-10T00:00:00.0000000',
                1)
        returning *),
     u as (
         insert
             into "User" ("IdentityServerId", "Email", "DataCollection", "MainGroupId", "AnalyticsEnabled",
                          "PhoneNumber",
                          "CreatorPermissionLevel", "MainCharacterId")
                 select uuid_generate_v4(),
                        'friend-author-83-a8a02889cbb546f6bca981f16f6c1080@frever-test.com',
                        true,
                        g."Id",
                        true,
                        null,
                        array []::bigint[],
                        111
                 from g
                 returning *),
     activity as (
         insert into "UserActivity" ("GroupId", "OccurredAt", "ActionType")
             select g."Id", null, 'Login'
             from g
             where null is not null)
select *
from u;
Information [20101]: Executed DbCommand (1ms) [Parameters=[], CommandType='Text', CommandTimeout='60']

with g as (
    insert into "Group" ("NickName",
                         "TaxationCountryId",
                         "DefaultLanguageId",
                         "BirthDate",
                         "Gender"
        )
        values ('friend-author-83-a8a02889cbb546f6bca981f16f6c1080',
                (select "Id" from "Country" where "ISOName" = 'usa'),
                (select "Id" from "Language" where "IsoCode" = 'eng'),
                '1992-01-10T00:00:00.0000000',
                1)
        returning *),
     u as (
         insert
             into "User" ("IdentityServerId", "Email", "DataCollection", "MainGroupId", "AnalyticsEnabled",
                          "PhoneNumber",
                          "CreatorPermissionLevel", "MainCharacterId")
                 select uuid_generate_v4(),
                        'friend-author-83-a8a02889cbb546f6bca981f16f6c1080@frever-test.com',
                        true,
                        g."Id",
                        true,
                        null,
                        array []::bigint[],
                        111
                 from g
                 returning *),
     activity as (
         insert into "UserActivity" ("GroupId", "OccurredAt", "ActionType")
             select g."Id", null, 'Login'
             from g
             where null is not null)
select *
from u;
Debug [10806]: Context 'TestReadWriteDbContext' started tracking 'User' entity with key '{Id: 189705}'.
Debug [20301]: Closing data reader to 'frevertest' on server 'tcp://postgres-frever-it:5432'.
Debug [20300]: A data reader for 'frevertest' on server 'tcp://postgres-frever-it:5432' is being disposed after spending 0ms reading results.
Debug [10111]: Compiling query expression: 
'DbSet&lt;User&gt;().FromSql(
with g as (
    insert into "Group" ("NickName",
                         "TaxationCountryId",
                         "DefaultLanguageId",
                         "BirthDate",
                         "Gender"
        )
        values ('friend-author-84-ca173390071f4e63aad4cd5197dc9d49',
                (select "Id" from "Country" where "ISOName" = 'usa'),
                (select "Id" from "Language" where "IsoCode" = 'eng'),
                '1990-12-13T00:00:00.0000000',
                1)
        returning *),
     u as (
         insert
             into "User" ("IdentityServerId", "Email", "DataCollection", "MainGroupId", "AnalyticsEnabled",
                          "PhoneNumber",
                          "CreatorPermissionLevel", "MainCharacterId")
                 select uuid_generate_v4(),
                        'friend-author-84-ca173390071f4e63aad4cd5197dc9d49@frever-test.com',
                        true,
                        g."Id",
                        true,
                        null,
                        array []::bigint[],
                        111
                 from g
                 returning *),
     activity as (
         insert into "UserActivity" ("GroupId", "OccurredAt", "ActionType")
             select g."Id", null, 'Login'
             from g
             where null is not null)
select *
from u;, __p_0)
'
Debug [10107]: Generated query execution expression: 
'queryContext =&gt; new FromSqlQueryingEnumerable&lt;User&gt;(
    (RelationalQueryContext)queryContext, 
    RelationalCommandCache.QueryExpression(
        Projection Mapping:
            EmptyProjectionMember -&gt; Dictionary&lt;IProperty, int&gt; { [Property: User.Id (long) Required PK AfterSave:Throw ValueGenerated.OnAdd, 0], [Property: User.AnalyticsEnabled (bool) Required, 1], [Property: User.AppleId (string), 2], [Property: User.CreatedTime (DateTime) Required ValueGenerated.OnAdd, 3], [Property: User.CreatorPermissionLevel (long[]) Element type: long Required, 4], [Property: User.DataCollection (bool?), 5], [Property: User.Email (string) Index, 6], [Property: User.GoogleId (string), 7], [Property: User.IdentityServerId (Guid) Required Index, 8], [Property: User.IsFeatured (bool) Required, 9], [Property: User.MainCharacterId (long?) FK Index, 10], [Property: User.MainGroupId (long) Required FK Index, 11], [Property: User.ModifiedTime (DateTime) Required, 12], [Property: User.PhoneNumber (string) Index, 13] }
        SELECT f.Id, f.AnalyticsEnabled, f.AppleId, f.CreatedTime, f.CreatorPermissionLevel, f.DataCollection, f.Email, f.GoogleId, f.IdentityServerId, f.IsFeatured, f.MainCharacterId, f.MainGroupId, f.ModifiedTime, f.PhoneNumber
        FROM 
with g as (
    insert into "Group" ("NickName",
                         "TaxationCountryId",
                         "DefaultLanguageId",
                         "BirthDate",
                         "Gender"
        )
        values ('friend-author-84-ca173390071f4e63aad4cd5197dc9d49',
                (select "Id" from "Country" where "ISOName" = 'usa'),
                (select "Id" from "Language" where "IsoCode" = 'eng'),
                '1990-12-13T00:00:00.0000000',
                1)
        returning *),
     u as (
         insert
             into "User" ("IdentityServerId", "Email", "DataCollection", "MainGroupId", "AnalyticsEnabled",
                          "PhoneNumber",
                          "CreatorPermissionLevel", "MainCharacterId")
                 select uuid_generate_v4(),
                        'friend-author-84-ca173390071f4e63aad4cd5197dc9d49@frever-test.com',
                        true,
                        g."Id",
                        true,
                        null,
                        array []::bigint[],
                        111
                 from g
                 returning *),
     activity as (
         insert into "UserActivity" ("GroupId", "OccurredAt", "ActionType")
             select g."Id", null, 'Login'
             from g
             where null is not null)
select *
from u;), 
    null, 
    List&lt;string&gt; { "Id", "AnalyticsEnabled", "AppleId", "CreatedTime", "CreatorPermissionLevel", "DataCollection", "Email", "GoogleId", "IdentityServerId", "IsFeatured", "MainCharacterId", "MainGroupId", "ModifiedTime", "PhoneNumber" }, 
    Func&lt;QueryContext, DbDataReader, int[], User&gt;, 
    Frever.Common.IntegrationTesting.TestReadWriteDbContext, 
    False, 
    False, 
    True
)'
Debug [20103]: Creating DbCommand for 'ExecuteReader'.
Debug [20104]: Created DbCommand for 'ExecuteReader' (0ms).
Debug [20106]: Initialized DbCommand for 'ExecuteReader' (0ms).
Debug [20100]: Executing DbCommand [Parameters=[], CommandType='Text', CommandTimeout='60']

with g as (
    insert into "Group" ("NickName",
                         "TaxationCountryId",
                         "DefaultLanguageId",
                         "BirthDate",
                         "Gender"
        )
        values ('friend-author-84-ca173390071f4e63aad4cd5197dc9d49',
                (select "Id" from "Country" where "ISOName" = 'usa'),
                (select "Id" from "Language" where "IsoCode" = 'eng'),
                '1990-12-13T00:00:00.0000000',
                1)
        returning *),
     u as (
         insert
             into "User" ("IdentityServerId", "Email", "DataCollection", "MainGroupId", "AnalyticsEnabled",
                          "PhoneNumber",
                          "CreatorPermissionLevel", "MainCharacterId")
                 select uuid_generate_v4(),
                        'friend-author-84-ca173390071f4e63aad4cd5197dc9d49@frever-test.com',
                        true,
                        g."Id",
                        true,
                        null,
                        array []::bigint[],
                        111
                 from g
                 returning *),
     activity as (
         insert into "UserActivity" ("GroupId", "OccurredAt", "ActionType")
             select g."Id", null, 'Login'
             from g
             where null is not null)
select *
from u;
Information [20101]: Executed DbCommand (1ms) [Parameters=[], CommandType='Text', CommandTimeout='60']

with g as (
    insert into "Group" ("NickName",
                         "TaxationCountryId",
                         "DefaultLanguageId",
                         "BirthDate",
                         "Gender"
        )
        values ('friend-author-84-ca173390071f4e63aad4cd5197dc9d49',
                (select "Id" from "Country" where "ISOName" = 'usa'),
                (select "Id" from "Language" where "IsoCode" = 'eng'),
                '1990-12-13T00:00:00.0000000',
                1)
        returning *),
     u as (
         insert
             into "User" ("IdentityServerId", "Email", "DataCollection", "MainGroupId", "AnalyticsEnabled",
                          "PhoneNumber",
                          "CreatorPermissionLevel", "MainCharacterId")
                 select uuid_generate_v4(),
                        'friend-author-84-ca173390071f4e63aad4cd5197dc9d49@frever-test.com',
                        true,
                        g."Id",
                        true,
                        null,
                        array []::bigint[],
                        111
                 from g
                 returning *),
     activity as (
         insert into "UserActivity" ("GroupId", "OccurredAt", "ActionType")
             select g."Id", null, 'Login'
             from g
             where null is not null)
select *
from u;
Debug [10806]: Context 'TestReadWriteDbContext' started tracking 'User' entity with key '{Id: 189706}'.
Debug [20301]: Closing data reader to 'frevertest' on server 'tcp://postgres-frever-it:5432'.
Debug [20300]: A data reader for 'frevertest' on server 'tcp://postgres-frever-it:5432' is being disposed after spending 0ms reading results.
Debug [10111]: Compiling query expression: 
'DbSet&lt;User&gt;().FromSql(
with g as (
    insert into "Group" ("NickName",
                         "TaxationCountryId",
                         "DefaultLanguageId",
                         "BirthDate",
                         "Gender"
        )
        values ('friend-author-85-66a27f12cb1f41e0bcd68d72ecba3e86',
                (select "Id" from "Country" where "ISOName" = 'usa'),
                (select "Id" from "Language" where "IsoCode" = 'eng'),
                '1990-11-27T00:00:00.0000000',
                1)
        returning *),
     u as (
         insert
             into "User" ("IdentityServerId", "Email", "DataCollection", "MainGroupId", "AnalyticsEnabled",
                          "PhoneNumber",
                          "CreatorPermissionLevel", "MainCharacterId")
                 select uuid_generate_v4(),
                        'friend-author-85-66a27f12cb1f41e0bcd68d72ecba3e86@frever-test.com',
                        true,
                        g."Id",
                        true,
                        null,
                        array []::bigint[],
                        111
                 from g
                 returning *),
     activity as (
         insert into "UserActivity" ("GroupId", "OccurredAt", "ActionType")
             select g."Id", null, 'Login'
             from g
             where null is not null)
select *
from u;, __p_0)
'
Debug [10107]: Generated query execution expression: 
'queryContext =&gt; new FromSqlQueryingEnumerable&lt;User&gt;(
    (RelationalQueryContext)queryContext, 
    RelationalCommandCache.QueryExpression(
        Projection Mapping:
            EmptyProjectionMember -&gt; Dictionary&lt;IProperty, int&gt; { [Property: User.Id (long) Required PK AfterSave:Throw ValueGenerated.OnAdd, 0], [Property: User.AnalyticsEnabled (bool) Required, 1], [Property: User.AppleId (string), 2], [Property: User.CreatedTime (DateTime) Required ValueGenerated.OnAdd, 3], [Property: User.CreatorPermissionLevel (long[]) Element type: long Required, 4], [Property: User.DataCollection (bool?), 5], [Property: User.Email (string) Index, 6], [Property: User.GoogleId (string), 7], [Property: User.IdentityServerId (Guid) Required Index, 8], [Property: User.IsFeatured (bool) Required, 9], [Property: User.MainCharacterId (long?) FK Index, 10], [Property: User.MainGroupId (long) Required FK Index, 11], [Property: User.ModifiedTime (DateTime) Required, 12], [Property: User.PhoneNumber (string) Index, 13] }
        SELECT f.Id, f.AnalyticsEnabled, f.AppleId, f.CreatedTime, f.CreatorPermissionLevel, f.DataCollection, f.Email, f.GoogleId, f.IdentityServerId, f.IsFeatured, f.MainCharacterId, f.MainGroupId, f.ModifiedTime, f.PhoneNumber
        FROM 
with g as (
    insert into "Group" ("NickName",
                         "TaxationCountryId",
                         "DefaultLanguageId",
                         "BirthDate",
                         "Gender"
        )
        values ('friend-author-85-66a27f12cb1f41e0bcd68d72ecba3e86',
                (select "Id" from "Country" where "ISOName" = 'usa'),
                (select "Id" from "Language" where "IsoCode" = 'eng'),
                '1990-11-27T00:00:00.0000000',
                1)
        returning *),
     u as (
         insert
             into "User" ("IdentityServerId", "Email", "DataCollection", "MainGroupId", "AnalyticsEnabled",
                          "PhoneNumber",
                          "CreatorPermissionLevel", "MainCharacterId")
                 select uuid_generate_v4(),
                        'friend-author-85-66a27f12cb1f41e0bcd68d72ecba3e86@frever-test.com',
                        true,
                        g."Id",
                        true,
                        null,
                        array []::bigint[],
                        111
                 from g
                 returning *),
     activity as (
         insert into "UserActivity" ("GroupId", "OccurredAt", "ActionType")
             select g."Id", null, 'Login'
             from g
             where null is not null)
select *
from u;), 
    null, 
    List&lt;string&gt; { "Id", "AnalyticsEnabled", "AppleId", "CreatedTime", "CreatorPermissionLevel", "DataCollection", "Email", "GoogleId", "IdentityServerId", "IsFeatured", "MainCharacterId", "MainGroupId", "ModifiedTime", "PhoneNumber" }, 
    Func&lt;QueryContext, DbDataReader, int[], User&gt;, 
    Frever.Common.IntegrationTesting.TestReadWriteDbContext, 
    False, 
    False, 
    True
)'
Debug [20103]: Creating DbCommand for 'ExecuteReader'.
Debug [20104]: Created DbCommand for 'ExecuteReader' (0ms).
Debug [20106]: Initialized DbCommand for 'ExecuteReader' (0ms).
Debug [20100]: Executing DbCommand [Parameters=[], CommandType='Text', CommandTimeout='60']

with g as (
    insert into "Group" ("NickName",
                         "TaxationCountryId",
                         "DefaultLanguageId",
                         "BirthDate",
                         "Gender"
        )
        values ('friend-author-85-66a27f12cb1f41e0bcd68d72ecba3e86',
                (select "Id" from "Country" where "ISOName" = 'usa'),
                (select "Id" from "Language" where "IsoCode" = 'eng'),
                '1990-11-27T00:00:00.0000000',
                1)
        returning *),
     u as (
         insert
             into "User" ("IdentityServerId", "Email", "DataCollection", "MainGroupId", "AnalyticsEnabled",
                          "PhoneNumber",
                          "CreatorPermissionLevel", "MainCharacterId")
                 select uuid_generate_v4(),
                        'friend-author-85-66a27f12cb1f41e0bcd68d72ecba3e86@frever-test.com',
                        true,
                        g."Id",
                        true,
                        null,
                        array []::bigint[],
                        111
                 from g
                 returning *),
     activity as (
         insert into "UserActivity" ("GroupId", "OccurredAt", "ActionType")
             select g."Id", null, 'Login'
             from g
             where null is not null)
select *
from u;
Information [20101]: Executed DbCommand (1ms) [Parameters=[], CommandType='Text', CommandTimeout='60']

with g as (
    insert into "Group" ("NickName",
                         "TaxationCountryId",
                         "DefaultLanguageId",
                         "BirthDate",
                         "Gender"
        )
        values ('friend-author-85-66a27f12cb1f41e0bcd68d72ecba3e86',
                (select "Id" from "Country" where "ISOName" = 'usa'),
                (select "Id" from "Language" where "IsoCode" = 'eng'),
                '1990-11-27T00:00:00.0000000',
                1)
        returning *),
     u as (
         insert
             into "User" ("IdentityServerId", "Email", "DataCollection", "MainGroupId", "AnalyticsEnabled",
                          "PhoneNumber",
                          "CreatorPermissionLevel", "MainCharacterId")
                 select uuid_generate_v4(),
                        'friend-author-85-66a27f12cb1f41e0bcd68d72ecba3e86@frever-test.com',
                        true,
                        g."Id",
                        true,
                        null,
                        array []::bigint[],
                        111
                 from g
                 returning *),
     activity as (
         insert into "UserActivity" ("GroupId", "OccurredAt", "ActionType")
             select g."Id", null, 'Login'
             from g
             where null is not null)
select *
from u;
Debug [10806]: Context 'TestReadWriteDbContext' started tracking 'User' entity with key '{Id: 189707}'.
Debug [20301]: Closing data reader to 'frevertest' on server 'tcp://postgres-frever-it:5432'.
Debug [20300]: A data reader for 'frevertest' on server 'tcp://postgres-frever-it:5432' is being disposed after spending 0ms reading results.
Debug [10111]: Compiling query expression: 
'DbSet&lt;User&gt;().FromSql(
with g as (
    insert into "Group" ("NickName",
                         "TaxationCountryId",
                         "DefaultLanguageId",
                         "BirthDate",
                         "Gender"
        )
        values ('friend-author-86-6f717a87b8fa465abcaf472df65d22c3',
                (select "Id" from "Country" where "ISOName" = 'usa'),
                (select "Id" from "Language" where "IsoCode" = 'eng'),
                '1991-04-18T00:00:00.0000000',
                1)
        returning *),
     u as (
         insert
             into "User" ("IdentityServerId", "Email", "DataCollection", "MainGroupId", "AnalyticsEnabled",
                          "PhoneNumber",
                          "CreatorPermissionLevel", "MainCharacterId")
                 select uuid_generate_v4(),
                        'friend-author-86-6f717a87b8fa465abcaf472df65d22c3@frever-test.com',
                        true,
                        g."Id",
                        true,
                        null,
                        array []::bigint[],
                        111
                 from g
                 returning *),
     activity as (
         insert into "UserActivity" ("GroupId", "OccurredAt", "ActionType")
             select g."Id", null, 'Login'
             from g
             where null is not null)
select *
from u;, __p_0)
'
Debug [10107]: Generated query execution expression: 
'queryContext =&gt; new FromSqlQueryingEnumerable&lt;User&gt;(
    (RelationalQueryContext)queryContext, 
    RelationalCommandCache.QueryExpression(
        Projection Mapping:
            EmptyProjectionMember -&gt; Dictionary&lt;IProperty, int&gt; { [Property: User.Id (long) Required PK AfterSave:Throw ValueGenerated.OnAdd, 0], [Property: User.AnalyticsEnabled (bool) Required, 1], [Property: User.AppleId (string), 2], [Property: User.CreatedTime (DateTime) Required ValueGenerated.OnAdd, 3], [Property: User.CreatorPermissionLevel (long[]) Element type: long Required, 4], [Property: User.DataCollection (bool?), 5], [Property: User.Email (string) Index, 6], [Property: User.GoogleId (string), 7], [Property: User.IdentityServerId (Guid) Required Index, 8], [Property: User.IsFeatured (bool) Required, 9], [Property: User.MainCharacterId (long?) FK Index, 10], [Property: User.MainGroupId (long) Required FK Index, 11], [Property: User.ModifiedTime (DateTime) Required, 12], [Property: User.PhoneNumber (string) Index, 13] }
        SELECT f.Id, f.AnalyticsEnabled, f.AppleId, f.CreatedTime, f.CreatorPermissionLevel, f.DataCollection, f.Email, f.GoogleId, f.IdentityServerId, f.IsFeatured, f.MainCharacterId, f.MainGroupId, f.ModifiedTime, f.PhoneNumber
        FROM 
with g as (
    insert into "Group" ("NickName",
                         "TaxationCountryId",
                         "DefaultLanguageId",
                         "BirthDate",
                         "Gender"
        )
        values ('friend-author-86-6f717a87b8fa465abcaf472df65d22c3',
                (select "Id" from "Country" where "ISOName" = 'usa'),
                (select "Id" from "Language" where "IsoCode" = 'eng'),
                '1991-04-18T00:00:00.0000000',
                1)
        returning *),
     u as (
         insert
             into "User" ("IdentityServerId", "Email", "DataCollection", "MainGroupId", "AnalyticsEnabled",
                          "PhoneNumber",
                          "CreatorPermissionLevel", "MainCharacterId")
                 select uuid_generate_v4(),
                        'friend-author-86-6f717a87b8fa465abcaf472df65d22c3@frever-test.com',
                        true,
                        g."Id",
                        true,
                        null,
                        array []::bigint[],
                        111
                 from g
                 returning *),
     activity as (
         insert into "UserActivity" ("GroupId", "OccurredAt", "ActionType")
             select g."Id", null, 'Login'
             from g
             where null is not null)
select *
from u;), 
    null, 
    List&lt;string&gt; { "Id", "AnalyticsEnabled", "AppleId", "CreatedTime", "CreatorPermissionLevel", "DataCollection", "Email", "GoogleId", "IdentityServerId", "IsFeatured", "MainCharacterId", "MainGroupId", "ModifiedTime", "PhoneNumber" }, 
    Func&lt;QueryContext, DbDataReader, int[], User&gt;, 
    Frever.Common.IntegrationTesting.TestReadWriteDbContext, 
    False, 
    False, 
    True
)'
Debug [20103]: Creating DbCommand for 'ExecuteReader'.
Debug [20104]: Created DbCommand for 'ExecuteReader' (0ms).
Debug [20106]: Initialized DbCommand for 'ExecuteReader' (0ms).
Debug [20100]: Executing DbCommand [Parameters=[], CommandType='Text', CommandTimeout='60']

with g as (
    insert into "Group" ("NickName",
                         "TaxationCountryId",
                         "DefaultLanguageId",
                         "BirthDate",
                         "Gender"
        )
        values ('friend-author-86-6f717a87b8fa465abcaf472df65d22c3',
                (select "Id" from "Country" where "ISOName" = 'usa'),
                (select "Id" from "Language" where "IsoCode" = 'eng'),
                '1991-04-18T00:00:00.0000000',
                1)
        returning *),
     u as (
         insert
             into "User" ("IdentityServerId", "Email", "DataCollection", "MainGroupId", "AnalyticsEnabled",
                          "PhoneNumber",
                          "CreatorPermissionLevel", "MainCharacterId")
                 select uuid_generate_v4(),
                        'friend-author-86-6f717a87b8fa465abcaf472df65d22c3@frever-test.com',
                        true,
                        g."Id",
                        true,
                        null,
                        array []::bigint[],
                        111
                 from g
                 returning *),
     activity as (
         insert into "UserActivity" ("GroupId", "OccurredAt", "ActionType")
             select g."Id", null, 'Login'
             from g
             where null is not null)
select *
from u;
Information [20101]: Executed DbCommand (1ms) [Parameters=[], CommandType='Text', CommandTimeout='60']

with g as (
    insert into "Group" ("NickName",
                         "TaxationCountryId",
                         "DefaultLanguageId",
                         "BirthDate",
                         "Gender"
        )
        values ('friend-author-86-6f717a87b8fa465abcaf472df65d22c3',
                (select "Id" from "Country" where "ISOName" = 'usa'),
                (select "Id" from "Language" where "IsoCode" = 'eng'),
                '1991-04-18T00:00:00.0000000',
                1)
        returning *),
     u as (
         insert
             into "User" ("IdentityServerId", "Email", "DataCollection", "MainGroupId", "AnalyticsEnabled",
                          "PhoneNumber",
                          "CreatorPermissionLevel", "MainCharacterId")
                 select uuid_generate_v4(),
                        'friend-author-86-6f717a87b8fa465abcaf472df65d22c3@frever-test.com',
                        true,
                        g."Id",
                        true,
                        null,
                        array []::bigint[],
                        111
                 from g
                 returning *),
     activity as (
         insert into "UserActivity" ("GroupId", "OccurredAt", "ActionType")
             select g."Id", null, 'Login'
             from g
             where null is not null)
select *
from u;
Debug [10806]: Context 'TestReadWriteDbContext' started tracking 'User' entity with key '{Id: 189708}'.
Debug [20301]: Closing data reader to 'frevertest' on server 'tcp://postgres-frever-it:5432'.
Debug [20300]: A data reader for 'frevertest' on server 'tcp://postgres-frever-it:5432' is being disposed after spending 0ms reading results.
Debug [10111]: Compiling query expression: 
'DbSet&lt;User&gt;().FromSql(
with g as (
    insert into "Group" ("NickName",
                         "TaxationCountryId",
                         "DefaultLanguageId",
                         "BirthDate",
                         "Gender"
        )
        values ('friend-author-87-b44cd230802c49c8b4bd6da0e688c148',
                (select "Id" from "Country" where "ISOName" = 'usa'),
                (select "Id" from "Language" where "IsoCode" = 'eng'),
                '1993-04-01T00:00:00.0000000',
                1)
        returning *),
     u as (
         insert
             into "User" ("IdentityServerId", "Email", "DataCollection", "MainGroupId", "AnalyticsEnabled",
                          "PhoneNumber",
                          "CreatorPermissionLevel", "MainCharacterId")
                 select uuid_generate_v4(),
                        'friend-author-87-b44cd230802c49c8b4bd6da0e688c148@frever-test.com',
                        true,
                        g."Id",
                        true,
                        null,
                        array []::bigint[],
                        111
                 from g
                 returning *),
     activity as (
         insert into "UserActivity" ("GroupId", "OccurredAt", "ActionType")
             select g."Id", null, 'Login'
             from g
             where null is not null)
select *
from u;, __p_0)
'
Debug [10107]: Generated query execution expression: 
'queryContext =&gt; new FromSqlQueryingEnumerable&lt;User&gt;(
    (RelationalQueryContext)queryContext, 
    RelationalCommandCache.QueryExpression(
        Projection Mapping:
            EmptyProjectionMember -&gt; Dictionary&lt;IProperty, int&gt; { [Property: User.Id (long) Required PK AfterSave:Throw ValueGenerated.OnAdd, 0], [Property: User.AnalyticsEnabled (bool) Required, 1], [Property: User.AppleId (string), 2], [Property: User.CreatedTime (DateTime) Required ValueGenerated.OnAdd, 3], [Property: User.CreatorPermissionLevel (long[]) Element type: long Required, 4], [Property: User.DataCollection (bool?), 5], [Property: User.Email (string) Index, 6], [Property: User.GoogleId (string), 7], [Property: User.IdentityServerId (Guid) Required Index, 8], [Property: User.IsFeatured (bool) Required, 9], [Property: User.MainCharacterId (long?) FK Index, 10], [Property: User.MainGroupId (long) Required FK Index, 11], [Property: User.ModifiedTime (DateTime) Required, 12], [Property: User.PhoneNumber (string) Index, 13] }
        SELECT f.Id, f.AnalyticsEnabled, f.AppleId, f.CreatedTime, f.CreatorPermissionLevel, f.DataCollection, f.Email, f.GoogleId, f.IdentityServerId, f.IsFeatured, f.MainCharacterId, f.MainGroupId, f.ModifiedTime, f.PhoneNumber
        FROM 
with g as (
    insert into "Group" ("NickName",
                         "TaxationCountryId",
                         "DefaultLanguageId",
                         "BirthDate",
                         "Gender"
        )
        values ('friend-author-87-b44cd230802c49c8b4bd6da0e688c148',
                (select "Id" from "Country" where "ISOName" = 'usa'),
                (select "Id" from "Language" where "IsoCode" = 'eng'),
                '1993-04-01T00:00:00.0000000',
                1)
        returning *),
     u as (
         insert
             into "User" ("IdentityServerId", "Email", "DataCollection", "MainGroupId", "AnalyticsEnabled",
                          "PhoneNumber",
                          "CreatorPermissionLevel", "MainCharacterId")
                 select uuid_generate_v4(),
                        'friend-author-87-b44cd230802c49c8b4bd6da0e688c148@frever-test.com',
                        true,
                        g."Id",
                        true,
                        null,
                        array []::bigint[],
                        111
                 from g
                 returning *),
     activity as (
         insert into "UserActivity" ("GroupId", "OccurredAt", "ActionType")
             select g."Id", null, 'Login'
             from g
             where null is not null)
select *
from u;), 
    null, 
    List&lt;string&gt; { "Id", "AnalyticsEnabled", "AppleId", "CreatedTime", "CreatorPermissionLevel", "DataCollection", "Email", "GoogleId", "IdentityServerId", "IsFeatured", "MainCharacterId", "MainGroupId", "ModifiedTime", "PhoneNumber" }, 
    Func&lt;QueryContext, DbDataReader, int[], User&gt;, 
    Frever.Common.IntegrationTesting.TestReadWriteDbContext, 
    False, 
    False, 
    True
)'
Debug [20103]: Creating DbCommand for 'ExecuteReader'.
Debug [20104]: Created DbCommand for 'ExecuteReader' (0ms).
Debug [20106]: Initialized DbCommand for 'ExecuteReader' (0ms).
Debug [20100]: Executing DbCommand [Parameters=[], CommandType='Text', CommandTimeout='60']

with g as (
    insert into "Group" ("NickName",
                         "TaxationCountryId",
                         "DefaultLanguageId",
                         "BirthDate",
                         "Gender"
        )
        values ('friend-author-87-b44cd230802c49c8b4bd6da0e688c148',
                (select "Id" from "Country" where "ISOName" = 'usa'),
                (select "Id" from "Language" where "IsoCode" = 'eng'),
                '1993-04-01T00:00:00.0000000',
                1)
        returning *),
     u as (
         insert
             into "User" ("IdentityServerId", "Email", "DataCollection", "MainGroupId", "AnalyticsEnabled",
                          "PhoneNumber",
                          "CreatorPermissionLevel", "MainCharacterId")
                 select uuid_generate_v4(),
                        'friend-author-87-b44cd230802c49c8b4bd6da0e688c148@frever-test.com',
                        true,
                        g."Id",
                        true,
                        null,
                        array []::bigint[],
                        111
                 from g
                 returning *),
     activity as (
         insert into "UserActivity" ("GroupId", "OccurredAt", "ActionType")
             select g."Id", null, 'Login'
             from g
             where null is not null)
select *
from u;
Information [20101]: Executed DbCommand (1ms) [Parameters=[], CommandType='Text', CommandTimeout='60']

with g as (
    insert into "Group" ("NickName",
                         "TaxationCountryId",
                         "DefaultLanguageId",
                         "BirthDate",
                         "Gender"
        )
        values ('friend-author-87-b44cd230802c49c8b4bd6da0e688c148',
                (select "Id" from "Country" where "ISOName" = 'usa'),
                (select "Id" from "Language" where "IsoCode" = 'eng'),
                '1993-04-01T00:00:00.0000000',
                1)
        returning *),
     u as (
         insert
             into "User" ("IdentityServerId", "Email", "DataCollection", "MainGroupId", "AnalyticsEnabled",
                          "PhoneNumber",
                          "CreatorPermissionLevel", "MainCharacterId")
                 select uuid_generate_v4(),
                        'friend-author-87-b44cd230802c49c8b4bd6da0e688c148@frever-test.com',
                        true,
                        g."Id",
                        true,
                        null,
                        array []::bigint[],
                        111
                 from g
                 returning *),
     activity as (
         insert into "UserActivity" ("GroupId", "OccurredAt", "ActionType")
             select g."Id", null, 'Login'
             from g
             where null is not null)
select *
from u;
Debug [10806]: Context 'TestReadWriteDbContext' started tracking 'User' entity with key '{Id: 189709}'.
Debug [20301]: Closing data reader to 'frevertest' on server 'tcp://postgres-frever-it:5432'.
Debug [20300]: A data reader for 'frevertest' on server 'tcp://postgres-frever-it:5432' is being disposed after spending 0ms reading results.
Debug [10111]: Compiling query expression: 
'DbSet&lt;User&gt;().FromSql(
with g as (
    insert into "Group" ("NickName",
                         "TaxationCountryId",
                         "DefaultLanguageId",
                         "BirthDate",
                         "Gender"
        )
        values ('friend-author-88-19b4ae56b148440d989c677e0713bacd',
                (select "Id" from "Country" where "ISOName" = 'usa'),
                (select "Id" from "Language" where "IsoCode" = 'eng'),
                '1991-05-23T00:00:00.0000000',
                1)
        returning *),
     u as (
         insert
             into "User" ("IdentityServerId", "Email", "DataCollection", "MainGroupId", "AnalyticsEnabled",
                          "PhoneNumber",
                          "CreatorPermissionLevel", "MainCharacterId")
                 select uuid_generate_v4(),
                        'friend-author-88-19b4ae56b148440d989c677e0713bacd@frever-test.com',
                        true,
                        g."Id",
                        true,
                        null,
                        array []::bigint[],
                        111
                 from g
                 returning *),
     activity as (
         insert into "UserActivity" ("GroupId", "OccurredAt", "ActionType")
             select g."Id", null, 'Login'
             from g
             where null is not null)
select *
from u;, __p_0)
'
Debug [10107]: Generated query execution expression: 
'queryContext =&gt; new FromSqlQueryingEnumerable&lt;User&gt;(
    (RelationalQueryContext)queryContext, 
    RelationalCommandCache.QueryExpression(
        Projection Mapping:
            EmptyProjectionMember -&gt; Dictionary&lt;IProperty, int&gt; { [Property: User.Id (long) Required PK AfterSave:Throw ValueGenerated.OnAdd, 0], [Property: User.AnalyticsEnabled (bool) Required, 1], [Property: User.AppleId (string), 2], [Property: User.CreatedTime (DateTime) Required ValueGenerated.OnAdd, 3], [Property: User.CreatorPermissionLevel (long[]) Element type: long Required, 4], [Property: User.DataCollection (bool?), 5], [Property: User.Email (string) Index, 6], [Property: User.GoogleId (string), 7], [Property: User.IdentityServerId (Guid) Required Index, 8], [Property: User.IsFeatured (bool) Required, 9], [Property: User.MainCharacterId (long?) FK Index, 10], [Property: User.MainGroupId (long) Required FK Index, 11], [Property: User.ModifiedTime (DateTime) Required, 12], [Property: User.PhoneNumber (string) Index, 13] }
        SELECT f.Id, f.AnalyticsEnabled, f.AppleId, f.CreatedTime, f.CreatorPermissionLevel, f.DataCollection, f.Email, f.GoogleId, f.IdentityServerId, f.IsFeatured, f.MainCharacterId, f.MainGroupId, f.ModifiedTime, f.PhoneNumber
        FROM 
with g as (
    insert into "Group" ("NickName",
                         "TaxationCountryId",
                         "DefaultLanguageId",
                         "BirthDate",
                         "Gender"
        )
        values ('friend-author-88-19b4ae56b148440d989c677e0713bacd',
                (select "Id" from "Country" where "ISOName" = 'usa'),
                (select "Id" from "Language" where "IsoCode" = 'eng'),
                '1991-05-23T00:00:00.0000000',
                1)
        returning *),
     u as (
         insert
             into "User" ("IdentityServerId", "Email", "DataCollection", "MainGroupId", "AnalyticsEnabled",
                          "PhoneNumber",
                          "CreatorPermissionLevel", "MainCharacterId")
                 select uuid_generate_v4(),
                        'friend-author-88-19b4ae56b148440d989c677e0713bacd@frever-test.com',
                        true,
                        g."Id",
                        true,
                        null,
                        array []::bigint[],
                        111
                 from g
                 returning *),
     activity as (
         insert into "UserActivity" ("GroupId", "OccurredAt", "ActionType")
             select g."Id", null, 'Login'
             from g
             where null is not null)
select *
from u;), 
    null, 
    List&lt;string&gt; { "Id", "AnalyticsEnabled", "AppleId", "CreatedTime", "CreatorPermissionLevel", "DataCollection", "Email", "GoogleId", "IdentityServerId", "IsFeatured", "MainCharacterId", "MainGroupId", "ModifiedTime", "PhoneNumber" }, 
    Func&lt;QueryContext, DbDataReader, int[], User&gt;, 
    Frever.Common.IntegrationTesting.TestReadWriteDbContext, 
    False, 
    False, 
    True
)'
Debug [20103]: Creating DbCommand for 'ExecuteReader'.
Debug [20104]: Created DbCommand for 'ExecuteReader' (0ms).
Debug [20106]: Initialized DbCommand for 'ExecuteReader' (0ms).
Debug [20100]: Executing DbCommand [Parameters=[], CommandType='Text', CommandTimeout='60']

with g as (
    insert into "Group" ("NickName",
                         "TaxationCountryId",
                         "DefaultLanguageId",
                         "BirthDate",
                         "Gender"
        )
        values ('friend-author-88-19b4ae56b148440d989c677e0713bacd',
                (select "Id" from "Country" where "ISOName" = 'usa'),
                (select "Id" from "Language" where "IsoCode" = 'eng'),
                '1991-05-23T00:00:00.0000000',
                1)
        returning *),
     u as (
         insert
             into "User" ("IdentityServerId", "Email", "DataCollection", "MainGroupId", "AnalyticsEnabled",
                          "PhoneNumber",
                          "CreatorPermissionLevel", "MainCharacterId")
                 select uuid_generate_v4(),
                        'friend-author-88-19b4ae56b148440d989c677e0713bacd@frever-test.com',
                        true,
                        g."Id",
                        true,
                        null,
                        array []::bigint[],
                        111
                 from g
                 returning *),
     activity as (
         insert into "UserActivity" ("GroupId", "OccurredAt", "ActionType")
             select g."Id", null, 'Login'
             from g
             where null is not null)
select *
from u;
Information [20101]: Executed DbCommand (2ms) [Parameters=[], CommandType='Text', CommandTimeout='60']

with g as (
    insert into "Group" ("NickName",
                         "TaxationCountryId",
                         "DefaultLanguageId",
                         "BirthDate",
                         "Gender"
        )
        values ('friend-author-88-19b4ae56b148440d989c677e0713bacd',
                (select "Id" from "Country" where "ISOName" = 'usa'),
                (select "Id" from "Language" where "IsoCode" = 'eng'),
                '1991-05-23T00:00:00.0000000',
                1)
        returning *),
     u as (
         insert
             into "User" ("IdentityServerId", "Email", "DataCollection", "MainGroupId", "AnalyticsEnabled",
                          "PhoneNumber",
                          "CreatorPermissionLevel", "MainCharacterId")
                 select uuid_generate_v4(),
                        'friend-author-88-19b4ae56b148440d989c677e0713bacd@frever-test.com',
                        true,
                        g."Id",
                        true,
                        null,
                        array []::bigint[],
                        111
                 from g
                 returning *),
     activity as (
         insert into "UserActivity" ("GroupId", "OccurredAt", "ActionType")
             select g."Id", null, 'Login'
             from g
             where null is not null)
select *
from u;
Debug [10806]: Context 'TestReadWriteDbContext' started tracking 'User' entity with key '{Id: 189710}'.
Debug [20301]: Closing data reader to 'frevertest' on server 'tcp://postgres-frever-it:5432'.
Debug [20300]: A data reader for 'frevertest' on server 'tcp://postgres-frever-it:5432' is being disposed after spending 0ms reading results.
Debug [10111]: Compiling query expression: 
'DbSet&lt;User&gt;().FromSql(
with g as (
    insert into "Group" ("NickName",
                         "TaxationCountryId",
                         "DefaultLanguageId",
                         "BirthDate",
                         "Gender"
        )
        values ('friend-author-89-ba9e7c6107b74b45a862a34b1c3dad5f',
                (select "Id" from "Country" where "ISOName" = 'usa'),
                (select "Id" from "Language" where "IsoCode" = 'eng'),
                '1992-04-06T00:00:00.0000000',
                1)
        returning *),
     u as (
         insert
             into "User" ("IdentityServerId", "Email", "DataCollection", "MainGroupId", "AnalyticsEnabled",
                          "PhoneNumber",
                          "CreatorPermissionLevel", "MainCharacterId")
                 select uuid_generate_v4(),
                        'friend-author-89-ba9e7c6107b74b45a862a34b1c3dad5f@frever-test.com',
                        true,
                        g."Id",
                        true,
                        null,
                        array []::bigint[],
                        111
                 from g
                 returning *),
     activity as (
         insert into "UserActivity" ("GroupId", "OccurredAt", "ActionType")
             select g."Id", null, 'Login'
             from g
             where null is not null)
select *
from u;, __p_0)
'
Debug [10107]: Generated query execution expression: 
'queryContext =&gt; new FromSqlQueryingEnumerable&lt;User&gt;(
    (RelationalQueryContext)queryContext, 
    RelationalCommandCache.QueryExpression(
        Projection Mapping:
            EmptyProjectionMember -&gt; Dictionary&lt;IProperty, int&gt; { [Property: User.Id (long) Required PK AfterSave:Throw ValueGenerated.OnAdd, 0], [Property: User.AnalyticsEnabled (bool) Required, 1], [Property: User.AppleId (string), 2], [Property: User.CreatedTime (DateTime) Required ValueGenerated.OnAdd, 3], [Property: User.CreatorPermissionLevel (long[]) Element type: long Required, 4], [Property: User.DataCollection (bool?), 5], [Property: User.Email (string) Index, 6], [Property: User.GoogleId (string), 7], [Property: User.IdentityServerId (Guid) Required Index, 8], [Property: User.IsFeatured (bool) Required, 9], [Property: User.MainCharacterId (long?) FK Index, 10], [Property: User.MainGroupId (long) Required FK Index, 11], [Property: User.ModifiedTime (DateTime) Required, 12], [Property: User.PhoneNumber (string) Index, 13] }
        SELECT f.Id, f.AnalyticsEnabled, f.AppleId, f.CreatedTime, f.CreatorPermissionLevel, f.DataCollection, f.Email, f.GoogleId, f.IdentityServerId, f.IsFeatured, f.MainCharacterId, f.MainGroupId, f.ModifiedTime, f.PhoneNumber
        FROM 
with g as (
    insert into "Group" ("NickName",
                         "TaxationCountryId",
                         "DefaultLanguageId",
                         "BirthDate",
                         "Gender"
        )
        values ('friend-author-89-ba9e7c6107b74b45a862a34b1c3dad5f',
                (select "Id" from "Country" where "ISOName" = 'usa'),
                (select "Id" from "Language" where "IsoCode" = 'eng'),
                '1992-04-06T00:00:00.0000000',
                1)
        returning *),
     u as (
         insert
             into "User" ("IdentityServerId", "Email", "DataCollection", "MainGroupId", "AnalyticsEnabled",
                          "PhoneNumber",
                          "CreatorPermissionLevel", "MainCharacterId")
                 select uuid_generate_v4(),
                        'friend-author-89-ba9e7c6107b74b45a862a34b1c3dad5f@frever-test.com',
                        true,
                        g."Id",
                        true,
                        null,
                        array []::bigint[],
                        111
                 from g
                 returning *),
     activity as (
         insert into "UserActivity" ("GroupId", "OccurredAt", "ActionType")
             select g."Id", null, 'Login'
             from g
             where null is not null)
select *
from u;), 
    null, 
    List&lt;string&gt; { "Id", "AnalyticsEnabled", "AppleId", "CreatedTime", "CreatorPermissionLevel", "DataCollection", "Email", "GoogleId", "IdentityServerId", "IsFeatured", "MainCharacterId", "MainGroupId", "ModifiedTime", "PhoneNumber" }, 
    Func&lt;QueryContext, DbDataReader, int[], User&gt;, 
    Frever.Common.IntegrationTesting.TestReadWriteDbContext, 
    False, 
    False, 
    True
)'
Debug [20103]: Creating DbCommand for 'ExecuteReader'.
Debug [20104]: Created DbCommand for 'ExecuteReader' (0ms).
Debug [20106]: Initialized DbCommand for 'ExecuteReader' (0ms).
Debug [20100]: Executing DbCommand [Parameters=[], CommandType='Text', CommandTimeout='60']

with g as (
    insert into "Group" ("NickName",
                         "TaxationCountryId",
                         "DefaultLanguageId",
                         "BirthDate",
                         "Gender"
        )
        values ('friend-author-89-ba9e7c6107b74b45a862a34b1c3dad5f',
                (select "Id" from "Country" where "ISOName" = 'usa'),
                (select "Id" from "Language" where "IsoCode" = 'eng'),
                '1992-04-06T00:00:00.0000000',
                1)
        returning *),
     u as (
         insert
             into "User" ("IdentityServerId", "Email", "DataCollection", "MainGroupId", "AnalyticsEnabled",
                          "PhoneNumber",
                          "CreatorPermissionLevel", "MainCharacterId")
                 select uuid_generate_v4(),
                        'friend-author-89-ba9e7c6107b74b45a862a34b1c3dad5f@frever-test.com',
                        true,
                        g."Id",
                        true,
                        null,
                        array []::bigint[],
                        111
                 from g
                 returning *),
     activity as (
         insert into "UserActivity" ("GroupId", "OccurredAt", "ActionType")
             select g."Id", null, 'Login'
             from g
             where null is not null)
select *
from u;
Information [20101]: Executed DbCommand (2ms) [Parameters=[], CommandType='Text', CommandTimeout='60']

with g as (
    insert into "Group" ("NickName",
                         "TaxationCountryId",
                         "DefaultLanguageId",
                         "BirthDate",
                         "Gender"
        )
        values ('friend-author-89-ba9e7c6107b74b45a862a34b1c3dad5f',
                (select "Id" from "Country" where "ISOName" = 'usa'),
                (select "Id" from "Language" where "IsoCode" = 'eng'),
                '1992-04-06T00:00:00.0000000',
                1)
        returning *),
     u as (
         insert
             into "User" ("IdentityServerId", "Email", "DataCollection", "MainGroupId", "AnalyticsEnabled",
                          "PhoneNumber",
                          "CreatorPermissionLevel", "MainCharacterId")
                 select uuid_generate_v4(),
                        'friend-author-89-ba9e7c6107b74b45a862a34b1c3dad5f@frever-test.com',
                        true,
                        g."Id",
                        true,
                        null,
                        array []::bigint[],
                        111
                 from g
                 returning *),
     activity as (
         insert into "UserActivity" ("GroupId", "OccurredAt", "ActionType")
             select g."Id", null, 'Login'
             from g
             where null is not null)
select *
from u;
Debug [10806]: Context 'TestReadWriteDbContext' started tracking 'User' entity with key '{Id: 189711}'.
Debug [20301]: Closing data reader to 'frevertest' on server 'tcp://postgres-frever-it:5432'.
Debug [20300]: A data reader for 'frevertest' on server 'tcp://postgres-frever-it:5432' is being disposed after spending 0ms reading results.
Debug [10111]: Compiling query expression: 
'DbSet&lt;User&gt;().FromSql(
with g as (
    insert into "Group" ("NickName",
                         "TaxationCountryId",
                         "DefaultLanguageId",
                         "BirthDate",
                         "Gender"
        )
        values ('friend-author-90-c2b4fb793d5e46fbbafc733b46f39b96',
                (select "Id" from "Country" where "ISOName" = 'usa'),
                (select "Id" from "Language" where "IsoCode" = 'eng'),
                '1990-11-28T00:00:00.0000000',
                1)
        returning *),
     u as (
         insert
             into "User" ("IdentityServerId", "Email", "DataCollection", "MainGroupId", "AnalyticsEnabled",
                          "PhoneNumber",
                          "CreatorPermissionLevel", "MainCharacterId")
                 select uuid_generate_v4(),
                        'friend-author-90-c2b4fb793d5e46fbbafc733b46f39b96@frever-test.com',
                        true,
                        g."Id",
                        true,
                        null,
                        array []::bigint[],
                        111
                 from g
                 returning *),
     activity as (
         insert into "UserActivity" ("GroupId", "OccurredAt", "ActionType")
             select g."Id", null, 'Login'
             from g
             where null is not null)
select *
from u;, __p_0)
'
Debug [10107]: Generated query execution expression: 
'queryContext =&gt; new FromSqlQueryingEnumerable&lt;User&gt;(
    (RelationalQueryContext)queryContext, 
    RelationalCommandCache.QueryExpression(
        Projection Mapping:
            EmptyProjectionMember -&gt; Dictionary&lt;IProperty, int&gt; { [Property: User.Id (long) Required PK AfterSave:Throw ValueGenerated.OnAdd, 0], [Property: User.AnalyticsEnabled (bool) Required, 1], [Property: User.AppleId (string), 2], [Property: User.CreatedTime (DateTime) Required ValueGenerated.OnAdd, 3], [Property: User.CreatorPermissionLevel (long[]) Element type: long Required, 4], [Property: User.DataCollection (bool?), 5], [Property: User.Email (string) Index, 6], [Property: User.GoogleId (string), 7], [Property: User.IdentityServerId (Guid) Required Index, 8], [Property: User.IsFeatured (bool) Required, 9], [Property: User.MainCharacterId (long?) FK Index, 10], [Property: User.MainGroupId (long) Required FK Index, 11], [Property: User.ModifiedTime (DateTime) Required, 12], [Property: User.PhoneNumber (string) Index, 13] }
        SELECT f.Id, f.AnalyticsEnabled, f.AppleId, f.CreatedTime, f.CreatorPermissionLevel, f.DataCollection, f.Email, f.GoogleId, f.IdentityServerId, f.IsFeatured, f.MainCharacterId, f.MainGroupId, f.ModifiedTime, f.PhoneNumber
        FROM 
with g as (
    insert into "Group" ("NickName",
                         "TaxationCountryId",
                         "DefaultLanguageId",
                         "BirthDate",
                         "Gender"
        )
        values ('friend-author-90-c2b4fb793d5e46fbbafc733b46f39b96',
                (select "Id" from "Country" where "ISOName" = 'usa'),
                (select "Id" from "Language" where "IsoCode" = 'eng'),
                '1990-11-28T00:00:00.0000000',
                1)
        returning *),
     u as (
         insert
             into "User" ("IdentityServerId", "Email", "DataCollection", "MainGroupId", "AnalyticsEnabled",
                          "PhoneNumber",
                          "CreatorPermissionLevel", "MainCharacterId")
                 select uuid_generate_v4(),
                        'friend-author-90-c2b4fb793d5e46fbbafc733b46f39b96@frever-test.com',
                        true,
                        g."Id",
                        true,
                        null,
                        array []::bigint[],
                        111
                 from g
                 returning *),
     activity as (
         insert into "UserActivity" ("GroupId", "OccurredAt", "ActionType")
             select g."Id", null, 'Login'
             from g
             where null is not null)
select *
from u;), 
    null, 
    List&lt;string&gt; { "Id", "AnalyticsEnabled", "AppleId", "CreatedTime", "CreatorPermissionLevel", "DataCollection", "Email", "GoogleId", "IdentityServerId", "IsFeatured", "MainCharacterId", "MainGroupId", "ModifiedTime", "PhoneNumber" }, 
    Func&lt;QueryContext, DbDataReader, int[], User&gt;, 
    Frever.Common.IntegrationTesting.TestReadWriteDbContext, 
    False, 
    False, 
    True
)'
Debug [20103]: Creating DbCommand for 'ExecuteReader'.
Debug [20104]: Created DbCommand for 'ExecuteReader' (0ms).
Debug [20106]: Initialized DbCommand for 'ExecuteReader' (0ms).
Debug [20100]: Executing DbCommand [Parameters=[], CommandType='Text', CommandTimeout='60']

with g as (
    insert into "Group" ("NickName",
                         "TaxationCountryId",
                         "DefaultLanguageId",
                         "BirthDate",
                         "Gender"
        )
        values ('friend-author-90-c2b4fb793d5e46fbbafc733b46f39b96',
                (select "Id" from "Country" where "ISOName" = 'usa'),
                (select "Id" from "Language" where "IsoCode" = 'eng'),
                '1990-11-28T00:00:00.0000000',
                1)
        returning *),
     u as (
         insert
             into "User" ("IdentityServerId", "Email", "DataCollection", "MainGroupId", "AnalyticsEnabled",
                          "PhoneNumber",
                          "CreatorPermissionLevel", "MainCharacterId")
                 select uuid_generate_v4(),
                        'friend-author-90-c2b4fb793d5e46fbbafc733b46f39b96@frever-test.com',
                        true,
                        g."Id",
                        true,
                        null,
                        array []::bigint[],
                        111
                 from g
                 returning *),
     activity as (
         insert into "UserActivity" ("GroupId", "OccurredAt", "ActionType")
             select g."Id", null, 'Login'
             from g
             where null is not null)
select *
from u;
Information [20101]: Executed DbCommand (1ms) [Parameters=[], CommandType='Text', CommandTimeout='60']

with g as (
    insert into "Group" ("NickName",
                         "TaxationCountryId",
                         "DefaultLanguageId",
                         "BirthDate",
                         "Gender"
        )
        values ('friend-author-90-c2b4fb793d5e46fbbafc733b46f39b96',
                (select "Id" from "Country" where "ISOName" = 'usa'),
                (select "Id" from "Language" where "IsoCode" = 'eng'),
                '1990-11-28T00:00:00.0000000',
                1)
        returning *),
     u as (
         insert
             into "User" ("IdentityServerId", "Email", "DataCollection", "MainGroupId", "AnalyticsEnabled",
                          "PhoneNumber",
                          "CreatorPermissionLevel", "MainCharacterId")
                 select uuid_generate_v4(),
                        'friend-author-90-c2b4fb793d5e46fbbafc733b46f39b96@frever-test.com',
                        true,
                        g."Id",
                        true,
                        null,
                        array []::bigint[],
                        111
                 from g
                 returning *),
     activity as (
         insert into "UserActivity" ("GroupId", "OccurredAt", "ActionType")
             select g."Id", null, 'Login'
             from g
             where null is not null)
select *
from u;
Debug [10806]: Context 'TestReadWriteDbContext' started tracking 'User' entity with key '{Id: 189712}'.
Debug [20301]: Closing data reader to 'frevertest' on server 'tcp://postgres-frever-it:5432'.
Debug [20300]: A data reader for 'frevertest' on server 'tcp://postgres-frever-it:5432' is being disposed after spending 0ms reading results.
Debug [10111]: Compiling query expression: 
'DbSet&lt;User&gt;().FromSql(
with g as (
    insert into "Group" ("NickName",
                         "TaxationCountryId",
                         "DefaultLanguageId",
                         "BirthDate",
                         "Gender"
        )
        values ('friend-author-91-4688e2f6456d43de93253847ca4b1b1a',
                (select "Id" from "Country" where "ISOName" = 'usa'),
                (select "Id" from "Language" where "IsoCode" = 'eng'),
                '1991-06-17T00:00:00.0000000',
                1)
        returning *),
     u as (
         insert
             into "User" ("IdentityServerId", "Email", "DataCollection", "MainGroupId", "AnalyticsEnabled",
                          "PhoneNumber",
                          "CreatorPermissionLevel", "MainCharacterId")
                 select uuid_generate_v4(),
                        'friend-author-91-4688e2f6456d43de93253847ca4b1b1a@frever-test.com',
                        true,
                        g."Id",
                        true,
                        null,
                        array []::bigint[],
                        111
                 from g
                 returning *),
     activity as (
         insert into "UserActivity" ("GroupId", "OccurredAt", "ActionType")
             select g."Id", null, 'Login'
             from g
             where null is not null)
select *
from u;, __p_0)
'
Debug [10107]: Generated query execution expression: 
'queryContext =&gt; new FromSqlQueryingEnumerable&lt;User&gt;(
    (RelationalQueryContext)queryContext, 
    RelationalCommandCache.QueryExpression(
        Projection Mapping:
            EmptyProjectionMember -&gt; Dictionary&lt;IProperty, int&gt; { [Property: User.Id (long) Required PK AfterSave:Throw ValueGenerated.OnAdd, 0], [Property: User.AnalyticsEnabled (bool) Required, 1], [Property: User.AppleId (string), 2], [Property: User.CreatedTime (DateTime) Required ValueGenerated.OnAdd, 3], [Property: User.CreatorPermissionLevel (long[]) Element type: long Required, 4], [Property: User.DataCollection (bool?), 5], [Property: User.Email (string) Index, 6], [Property: User.GoogleId (string), 7], [Property: User.IdentityServerId (Guid) Required Index, 8], [Property: User.IsFeatured (bool) Required, 9], [Property: User.MainCharacterId (long?) FK Index, 10], [Property: User.MainGroupId (long) Required FK Index, 11], [Property: User.ModifiedTime (DateTime) Required, 12], [Property: User.PhoneNumber (string) Index, 13] }
        SELECT f.Id, f.AnalyticsEnabled, f.AppleId, f.CreatedTime, f.CreatorPermissionLevel, f.DataCollection, f.Email, f.GoogleId, f.IdentityServerId, f.IsFeatured, f.MainCharacterId, f.MainGroupId, f.ModifiedTime, f.PhoneNumber
        FROM 
with g as (
    insert into "Group" ("NickName",
                         "TaxationCountryId",
                         "DefaultLanguageId",
                         "BirthDate",
                         "Gender"
        )
        values ('friend-author-91-4688e2f6456d43de93253847ca4b1b1a',
                (select "Id" from "Country" where "ISOName" = 'usa'),
                (select "Id" from "Language" where "IsoCode" = 'eng'),
                '1991-06-17T00:00:00.0000000',
                1)
        returning *),
     u as (
         insert
             into "User" ("IdentityServerId", "Email", "DataCollection", "MainGroupId", "AnalyticsEnabled",
                          "PhoneNumber",
                          "CreatorPermissionLevel", "MainCharacterId")
                 select uuid_generate_v4(),
                        'friend-author-91-4688e2f6456d43de93253847ca4b1b1a@frever-test.com',
                        true,
                        g."Id",
                        true,
                        null,
                        array []::bigint[],
                        111
                 from g
                 returning *),
     activity as (
         insert into "UserActivity" ("GroupId", "OccurredAt", "ActionType")
             select g."Id", null, 'Login'
             from g
             where null is not null)
select *
from u;), 
    null, 
    List&lt;string&gt; { "Id", "AnalyticsEnabled", "AppleId", "CreatedTime", "CreatorPermissionLevel", "DataCollection", "Email", "GoogleId", "IdentityServerId", "IsFeatured", "MainCharacterId", "MainGroupId", "ModifiedTime", "PhoneNumber" }, 
    Func&lt;QueryContext, DbDataReader, int[], User&gt;, 
    Frever.Common.IntegrationTesting.TestReadWriteDbContext, 
    False, 
    False, 
    True
)'
Debug [20103]: Creating DbCommand for 'ExecuteReader'.
Debug [20104]: Created DbCommand for 'ExecuteReader' (0ms).
Debug [20106]: Initialized DbCommand for 'ExecuteReader' (0ms).
Debug [20100]: Executing DbCommand [Parameters=[], CommandType='Text', CommandTimeout='60']

with g as (
    insert into "Group" ("NickName",
                         "TaxationCountryId",
                         "DefaultLanguageId",
                         "BirthDate",
                         "Gender"
        )
        values ('friend-author-91-4688e2f6456d43de93253847ca4b1b1a',
                (select "Id" from "Country" where "ISOName" = 'usa'),
                (select "Id" from "Language" where "IsoCode" = 'eng'),
                '1991-06-17T00:00:00.0000000',
                1)
        returning *),
     u as (
         insert
             into "User" ("IdentityServerId", "Email", "DataCollection", "MainGroupId", "AnalyticsEnabled",
                          "PhoneNumber",
                          "CreatorPermissionLevel", "MainCharacterId")
                 select uuid_generate_v4(),
                        'friend-author-91-4688e2f6456d43de93253847ca4b1b1a@frever-test.com',
                        true,
                        g."Id",
                        true,
                        null,
                        array []::bigint[],
                        111
                 from g
                 returning *),
     activity as (
         insert into "UserActivity" ("GroupId", "OccurredAt", "ActionType")
             select g."Id", null, 'Login'
             from g
             where null is not null)
select *
from u;
Information [20101]: Executed DbCommand (1ms) [Parameters=[], CommandType='Text', CommandTimeout='60']

with g as (
    insert into "Group" ("NickName",
                         "TaxationCountryId",
                         "DefaultLanguageId",
                         "BirthDate",
                         "Gender"
        )
        values ('friend-author-91-4688e2f6456d43de93253847ca4b1b1a',
                (select "Id" from "Country" where "ISOName" = 'usa'),
                (select "Id" from "Language" where "IsoCode" = 'eng'),
                '1991-06-17T00:00:00.0000000',
                1)
        returning *),
     u as (
         insert
             into "User" ("IdentityServerId", "Email", "DataCollection", "MainGroupId", "AnalyticsEnabled",
                          "PhoneNumber",
                          "CreatorPermissionLevel", "MainCharacterId")
                 select uuid_generate_v4(),
                        'friend-author-91-4688e2f6456d43de93253847ca4b1b1a@frever-test.com',
                        true,
                        g."Id",
                        true,
                        null,
                        array []::bigint[],
                        111
                 from g
                 returning *),
     activity as (
         insert into "UserActivity" ("GroupId", "OccurredAt", "ActionType")
             select g."Id", null, 'Login'
             from g
             where null is not null)
select *
from u;
Debug [10806]: Context 'TestReadWriteDbContext' started tracking 'User' entity with key '{Id: 189713}'.
Debug [20301]: Closing data reader to 'frevertest' on server 'tcp://postgres-frever-it:5432'.
Debug [20300]: A data reader for 'frevertest' on server 'tcp://postgres-frever-it:5432' is being disposed after spending 0ms reading results.
Debug [10111]: Compiling query expression: 
'DbSet&lt;User&gt;().FromSql(
with g as (
    insert into "Group" ("NickName",
                         "TaxationCountryId",
                         "DefaultLanguageId",
                         "BirthDate",
                         "Gender"
        )
        values ('friend-author-92-08aafe1705224f819ad4a30e989b16d5',
                (select "Id" from "Country" where "ISOName" = 'usa'),
                (select "Id" from "Language" where "IsoCode" = 'eng'),
                '1992-06-08T00:00:00.0000000',
                1)
        returning *),
     u as (
         insert
             into "User" ("IdentityServerId", "Email", "DataCollection", "MainGroupId", "AnalyticsEnabled",
                          "PhoneNumber",
                          "CreatorPermissionLevel", "MainCharacterId")
                 select uuid_generate_v4(),
                        'friend-author-92-08aafe1705224f819ad4a30e989b16d5@frever-test.com',
                        true,
                        g."Id",
                        true,
                        null,
                        array []::bigint[],
                        111
                 from g
                 returning *),
     activity as (
         insert into "UserActivity" ("GroupId", "OccurredAt", "ActionType")
             select g."Id", null, 'Login'
             from g
             where null is not null)
select *
from u;, __p_0)
'
Debug [10107]: Generated query execution expression: 
'queryContext =&gt; new FromSqlQueryingEnumerable&lt;User&gt;(
    (RelationalQueryContext)queryContext, 
    RelationalCommandCache.QueryExpression(
        Projection Mapping:
            EmptyProjectionMember -&gt; Dictionary&lt;IProperty, int&gt; { [Property: User.Id (long) Required PK AfterSave:Throw ValueGenerated.OnAdd, 0], [Property: User.AnalyticsEnabled (bool) Required, 1], [Property: User.AppleId (string), 2], [Property: User.CreatedTime (DateTime) Required ValueGenerated.OnAdd, 3], [Property: User.CreatorPermissionLevel (long[]) Element type: long Required, 4], [Property: User.DataCollection (bool?), 5], [Property: User.Email (string) Index, 6], [Property: User.GoogleId (string), 7], [Property: User.IdentityServerId (Guid) Required Index, 8], [Property: User.IsFeatured (bool) Required, 9], [Property: User.MainCharacterId (long?) FK Index, 10], [Property: User.MainGroupId (long) Required FK Index, 11], [Property: User.ModifiedTime (DateTime) Required, 12], [Property: User.PhoneNumber (string) Index, 13] }
        SELECT f.Id, f.AnalyticsEnabled, f.AppleId, f.CreatedTime, f.CreatorPermissionLevel, f.DataCollection, f.Email, f.GoogleId, f.IdentityServerId, f.IsFeatured, f.MainCharacterId, f.MainGroupId, f.ModifiedTime, f.PhoneNumber
        FROM 
with g as (
    insert into "Group" ("NickName",
                         "TaxationCountryId",
                         "DefaultLanguageId",
                         "BirthDate",
                         "Gender"
        )
        values ('friend-author-92-08aafe1705224f819ad4a30e989b16d5',
                (select "Id" from "Country" where "ISOName" = 'usa'),
                (select "Id" from "Language" where "IsoCode" = 'eng'),
                '1992-06-08T00:00:00.0000000',
                1)
        returning *),
     u as (
         insert
             into "User" ("IdentityServerId", "Email", "DataCollection", "MainGroupId", "AnalyticsEnabled",
                          "PhoneNumber",
                          "CreatorPermissionLevel", "MainCharacterId")
                 select uuid_generate_v4(),
                        'friend-author-92-08aafe1705224f819ad4a30e989b16d5@frever-test.com',
                        true,
                        g."Id",
                        true,
                        null,
                        array []::bigint[],
                        111
                 from g
                 returning *),
     activity as (
         insert into "UserActivity" ("GroupId", "OccurredAt", "ActionType")
             select g."Id", null, 'Login'
             from g
             where null is not null)
select *
from u;), 
    null, 
    List&lt;string&gt; { "Id", "AnalyticsEnabled", "AppleId", "CreatedTime", "CreatorPermissionLevel", "DataCollection", "Email", "GoogleId", "IdentityServerId", "IsFeatured", "MainCharacterId", "MainGroupId", "ModifiedTime", "PhoneNumber" }, 
    Func&lt;QueryContext, DbDataReader, int[], User&gt;, 
    Frever.Common.IntegrationTesting.TestReadWriteDbContext, 
    False, 
    False, 
    True
)'
Debug [20103]: Creating DbCommand for 'ExecuteReader'.
Debug [20104]: Created DbCommand for 'ExecuteReader' (0ms).
Debug [20106]: Initialized DbCommand for 'ExecuteReader' (0ms).
Debug [20100]: Executing DbCommand [Parameters=[], CommandType='Text', CommandTimeout='60']

with g as (
    insert into "Group" ("NickName",
                         "TaxationCountryId",
                         "DefaultLanguageId",
                         "BirthDate",
                         "Gender"
        )
        values ('friend-author-92-08aafe1705224f819ad4a30e989b16d5',
                (select "Id" from "Country" where "ISOName" = 'usa'),
                (select "Id" from "Language" where "IsoCode" = 'eng'),
                '1992-06-08T00:00:00.0000000',
                1)
        returning *),
     u as (
         insert
             into "User" ("IdentityServerId", "Email", "DataCollection", "MainGroupId", "AnalyticsEnabled",
                          "PhoneNumber",
                          "CreatorPermissionLevel", "MainCharacterId")
                 select uuid_generate_v4(),
                        'friend-author-92-08aafe1705224f819ad4a30e989b16d5@frever-test.com',
                        true,
                        g."Id",
                        true,
                        null,
                        array []::bigint[],
                        111
                 from g
                 returning *),
     activity as (
         insert into "UserActivity" ("GroupId", "OccurredAt", "ActionType")
             select g."Id", null, 'Login'
             from g
             where null is not null)
select *
from u;
Information [20101]: Executed DbCommand (1ms) [Parameters=[], CommandType='Text', CommandTimeout='60']

with g as (
    insert into "Group" ("NickName",
                         "TaxationCountryId",
                         "DefaultLanguageId",
                         "BirthDate",
                         "Gender"
        )
        values ('friend-author-92-08aafe1705224f819ad4a30e989b16d5',
                (select "Id" from "Country" where "ISOName" = 'usa'),
                (select "Id" from "Language" where "IsoCode" = 'eng'),
                '1992-06-08T00:00:00.0000000',
                1)
        returning *),
     u as (
         insert
             into "User" ("IdentityServerId", "Email", "DataCollection", "MainGroupId", "AnalyticsEnabled",
                          "PhoneNumber",
                          "CreatorPermissionLevel", "MainCharacterId")
                 select uuid_generate_v4(),
                        'friend-author-92-08aafe1705224f819ad4a30e989b16d5@frever-test.com',
                        true,
                        g."Id",
                        true,
                        null,
                        array []::bigint[],
                        111
                 from g
                 returning *),
     activity as (
         insert into "UserActivity" ("GroupId", "OccurredAt", "ActionType")
             select g."Id", null, 'Login'
             from g
             where null is not null)
select *
from u;
Debug [10806]: Context 'TestReadWriteDbContext' started tracking 'User' entity with key '{Id: 189714}'.
Debug [20301]: Closing data reader to 'frevertest' on server 'tcp://postgres-frever-it:5432'.
Debug [20300]: A data reader for 'frevertest' on server 'tcp://postgres-frever-it:5432' is being disposed after spending 0ms reading results.
Debug [10111]: Compiling query expression: 
'DbSet&lt;User&gt;().FromSql(
with g as (
    insert into "Group" ("NickName",
                         "TaxationCountryId",
                         "DefaultLanguageId",
                         "BirthDate",
                         "Gender"
        )
        values ('friend-author-93-45bb77f861d74a918b6df972e8caea77',
                (select "Id" from "Country" where "ISOName" = 'usa'),
                (select "Id" from "Language" where "IsoCode" = 'eng'),
                '1993-06-18T00:00:00.0000000',
                1)
        returning *),
     u as (
         insert
             into "User" ("IdentityServerId", "Email", "DataCollection", "MainGroupId", "AnalyticsEnabled",
                          "PhoneNumber",
                          "CreatorPermissionLevel", "MainCharacterId")
                 select uuid_generate_v4(),
                        'friend-author-93-45bb77f861d74a918b6df972e8caea77@frever-test.com',
                        true,
                        g."Id",
                        true,
                        null,
                        array []::bigint[],
                        111
                 from g
                 returning *),
     activity as (
         insert into "UserActivity" ("GroupId", "OccurredAt", "ActionType")
             select g."Id", null, 'Login'
             from g
             where null is not null)
select *
from u;, __p_0)
'
Debug [10107]: Generated query execution expression: 
'queryContext =&gt; new FromSqlQueryingEnumerable&lt;User&gt;(
    (RelationalQueryContext)queryContext, 
    RelationalCommandCache.QueryExpression(
        Projection Mapping:
            EmptyProjectionMember -&gt; Dictionary&lt;IProperty, int&gt; { [Property: User.Id (long) Required PK AfterSave:Throw ValueGenerated.OnAdd, 0], [Property: User.AnalyticsEnabled (bool) Required, 1], [Property: User.AppleId (string), 2], [Property: User.CreatedTime (DateTime) Required ValueGenerated.OnAdd, 3], [Property: User.CreatorPermissionLevel (long[]) Element type: long Required, 4], [Property: User.DataCollection (bool?), 5], [Property: User.Email (string) Index, 6], [Property: User.GoogleId (string), 7], [Property: User.IdentityServerId (Guid) Required Index, 8], [Property: User.IsFeatured (bool) Required, 9], [Property: User.MainCharacterId (long?) FK Index, 10], [Property: User.MainGroupId (long) Required FK Index, 11], [Property: User.ModifiedTime (DateTime) Required, 12], [Property: User.PhoneNumber (string) Index, 13] }
        SELECT f.Id, f.AnalyticsEnabled, f.AppleId, f.CreatedTime, f.CreatorPermissionLevel, f.DataCollection, f.Email, f.GoogleId, f.IdentityServerId, f.IsFeatured, f.MainCharacterId, f.MainGroupId, f.ModifiedTime, f.PhoneNumber
        FROM 
with g as (
    insert into "Group" ("NickName",
                         "TaxationCountryId",
                         "DefaultLanguageId",
                         "BirthDate",
                         "Gender"
        )
        values ('friend-author-93-45bb77f861d74a918b6df972e8caea77',
                (select "Id" from "Country" where "ISOName" = 'usa'),
                (select "Id" from "Language" where "IsoCode" = 'eng'),
                '1993-06-18T00:00:00.0000000',
                1)
        returning *),
     u as (
         insert
             into "User" ("IdentityServerId", "Email", "DataCollection", "MainGroupId", "AnalyticsEnabled",
                          "PhoneNumber",
                          "CreatorPermissionLevel", "MainCharacterId")
                 select uuid_generate_v4(),
                        'friend-author-93-45bb77f861d74a918b6df972e8caea77@frever-test.com',
                        true,
                        g."Id",
                        true,
                        null,
                        array []::bigint[],
                        111
                 from g
                 returning *),
     activity as (
         insert into "UserActivity" ("GroupId", "OccurredAt", "ActionType")
             select g."Id", null, 'Login'
             from g
             where null is not null)
select *
from u;), 
    null, 
    List&lt;string&gt; { "Id", "AnalyticsEnabled", "AppleId", "CreatedTime", "CreatorPermissionLevel", "DataCollection", "Email", "GoogleId", "IdentityServerId", "IsFeatured", "MainCharacterId", "MainGroupId", "ModifiedTime", "PhoneNumber" }, 
    Func&lt;QueryContext, DbDataReader, int[], User&gt;, 
    Frever.Common.IntegrationTesting.TestReadWriteDbContext, 
    False, 
    False, 
    True
)'
Debug [20103]: Creating DbCommand for 'ExecuteReader'.
Debug [20104]: Created DbCommand for 'ExecuteReader' (0ms).
Debug [20106]: Initialized DbCommand for 'ExecuteReader' (0ms).
Debug [20100]: Executing DbCommand [Parameters=[], CommandType='Text', CommandTimeout='60']

with g as (
    insert into "Group" ("NickName",
                         "TaxationCountryId",
                         "DefaultLanguageId",
                         "BirthDate",
                         "Gender"
        )
        values ('friend-author-93-45bb77f861d74a918b6df972e8caea77',
                (select "Id" from "Country" where "ISOName" = 'usa'),
                (select "Id" from "Language" where "IsoCode" = 'eng'),
                '1993-06-18T00:00:00.0000000',
                1)
        returning *),
     u as (
         insert
             into "User" ("IdentityServerId", "Email", "DataCollection", "MainGroupId", "AnalyticsEnabled",
                          "PhoneNumber",
                          "CreatorPermissionLevel", "MainCharacterId")
                 select uuid_generate_v4(),
                        'friend-author-93-45bb77f861d74a918b6df972e8caea77@frever-test.com',
                        true,
                        g."Id",
                        true,
                        null,
                        array []::bigint[],
                        111
                 from g
                 returning *),
     activity as (
         insert into "UserActivity" ("GroupId", "OccurredAt", "ActionType")
             select g."Id", null, 'Login'
             from g
             where null is not null)
select *
from u;
Information [20101]: Executed DbCommand (1ms) [Parameters=[], CommandType='Text', CommandTimeout='60']

with g as (
    insert into "Group" ("NickName",
                         "TaxationCountryId",
                         "DefaultLanguageId",
                         "BirthDate",
                         "Gender"
        )
        values ('friend-author-93-45bb77f861d74a918b6df972e8caea77',
                (select "Id" from "Country" where "ISOName" = 'usa'),
                (select "Id" from "Language" where "IsoCode" = 'eng'),
                '1993-06-18T00:00:00.0000000',
                1)
        returning *),
     u as (
         insert
             into "User" ("IdentityServerId", "Email", "DataCollection", "MainGroupId", "AnalyticsEnabled",
                          "PhoneNumber",
                          "CreatorPermissionLevel", "MainCharacterId")
                 select uuid_generate_v4(),
                        'friend-author-93-45bb77f861d74a918b6df972e8caea77@frever-test.com',
                        true,
                        g."Id",
                        true,
                        null,
                        array []::bigint[],
                        111
                 from g
                 returning *),
     activity as (
         insert into "UserActivity" ("GroupId", "OccurredAt", "ActionType")
             select g."Id", null, 'Login'
             from g
             where null is not null)
select *
from u;
Debug [10806]: Context 'TestReadWriteDbContext' started tracking 'User' entity with key '{Id: 189715}'.
Debug [20301]: Closing data reader to 'frevertest' on server 'tcp://postgres-frever-it:5432'.
Debug [20300]: A data reader for 'frevertest' on server 'tcp://postgres-frever-it:5432' is being disposed after spending 0ms reading results.
Debug [10111]: Compiling query expression: 
'DbSet&lt;User&gt;().FromSql(
with g as (
    insert into "Group" ("NickName",
                         "TaxationCountryId",
                         "DefaultLanguageId",
                         "BirthDate",
                         "Gender"
        )
        values ('friend-author-94-d7cb59a75c57460faeee77de9868f186',
                (select "Id" from "Country" where "ISOName" = 'usa'),
                (select "Id" from "Language" where "IsoCode" = 'eng'),
                '1991-05-01T00:00:00.0000000',
                1)
        returning *),
     u as (
         insert
             into "User" ("IdentityServerId", "Email", "DataCollection", "MainGroupId", "AnalyticsEnabled",
                          "PhoneNumber",
                          "CreatorPermissionLevel", "MainCharacterId")
                 select uuid_generate_v4(),
                        'friend-author-94-d7cb59a75c57460faeee77de9868f186@frever-test.com',
                        true,
                        g."Id",
                        true,
                        null,
                        array []::bigint[],
                        111
                 from g
                 returning *),
     activity as (
         insert into "UserActivity" ("GroupId", "OccurredAt", "ActionType")
             select g."Id", null, 'Login'
             from g
             where null is not null)
select *
from u;, __p_0)
'
Debug [10107]: Generated query execution expression: 
'queryContext =&gt; new FromSqlQueryingEnumerable&lt;User&gt;(
    (RelationalQueryContext)queryContext, 
    RelationalCommandCache.QueryExpression(
        Projection Mapping:
            EmptyProjectionMember -&gt; Dictionary&lt;IProperty, int&gt; { [Property: User.Id (long) Required PK AfterSave:Throw ValueGenerated.OnAdd, 0], [Property: User.AnalyticsEnabled (bool) Required, 1], [Property: User.AppleId (string), 2], [Property: User.CreatedTime (DateTime) Required ValueGenerated.OnAdd, 3], [Property: User.CreatorPermissionLevel (long[]) Element type: long Required, 4], [Property: User.DataCollection (bool?), 5], [Property: User.Email (string) Index, 6], [Property: User.GoogleId (string), 7], [Property: User.IdentityServerId (Guid) Required Index, 8], [Property: User.IsFeatured (bool) Required, 9], [Property: User.MainCharacterId (long?) FK Index, 10], [Property: User.MainGroupId (long) Required FK Index, 11], [Property: User.ModifiedTime (DateTime) Required, 12], [Property: User.PhoneNumber (string) Index, 13] }
        SELECT f.Id, f.AnalyticsEnabled, f.AppleId, f.CreatedTime, f.CreatorPermissionLevel, f.DataCollection, f.Email, f.GoogleId, f.IdentityServerId, f.IsFeatured, f.MainCharacterId, f.MainGroupId, f.ModifiedTime, f.PhoneNumber
        FROM 
with g as (
    insert into "Group" ("NickName",
                         "TaxationCountryId",
                         "DefaultLanguageId",
                         "BirthDate",
                         "Gender"
        )
        values ('friend-author-94-d7cb59a75c57460faeee77de9868f186',
                (select "Id" from "Country" where "ISOName" = 'usa'),
                (select "Id" from "Language" where "IsoCode" = 'eng'),
                '1991-05-01T00:00:00.0000000',
                1)
        returning *),
     u as (
         insert
             into "User" ("IdentityServerId", "Email", "DataCollection", "MainGroupId", "AnalyticsEnabled",
                          "PhoneNumber",
                          "CreatorPermissionLevel", "MainCharacterId")
                 select uuid_generate_v4(),
                        'friend-author-94-d7cb59a75c57460faeee77de9868f186@frever-test.com',
                        true,
                        g."Id",
                        true,
                        null,
                        array []::bigint[],
                        111
                 from g
                 returning *),
     activity as (
         insert into "UserActivity" ("GroupId", "OccurredAt", "ActionType")
             select g."Id", null, 'Login'
             from g
             where null is not null)
select *
from u;), 
    null, 
    List&lt;string&gt; { "Id", "AnalyticsEnabled", "AppleId", "CreatedTime", "CreatorPermissionLevel", "DataCollection", "Email", "GoogleId", "IdentityServerId", "IsFeatured", "MainCharacterId", "MainGroupId", "ModifiedTime", "PhoneNumber" }, 
    Func&lt;QueryContext, DbDataReader, int[], User&gt;, 
    Frever.Common.IntegrationTesting.TestReadWriteDbContext, 
    False, 
    False, 
    True
)'
Debug [20103]: Creating DbCommand for 'ExecuteReader'.
Debug [20104]: Created DbCommand for 'ExecuteReader' (0ms).
Debug [20106]: Initialized DbCommand for 'ExecuteReader' (0ms).
Debug [20100]: Executing DbCommand [Parameters=[], CommandType='Text', CommandTimeout='60']

with g as (
    insert into "Group" ("NickName",
                         "TaxationCountryId",
                         "DefaultLanguageId",
                         "BirthDate",
                         "Gender"
        )
        values ('friend-author-94-d7cb59a75c57460faeee77de9868f186',
                (select "Id" from "Country" where "ISOName" = 'usa'),
                (select "Id" from "Language" where "IsoCode" = 'eng'),
                '1991-05-01T00:00:00.0000000',
                1)
        returning *),
     u as (
         insert
             into "User" ("IdentityServerId", "Email", "DataCollection", "MainGroupId", "AnalyticsEnabled",
                          "PhoneNumber",
                          "CreatorPermissionLevel", "MainCharacterId")
                 select uuid_generate_v4(),
                        'friend-author-94-d7cb59a75c57460faeee77de9868f186@frever-test.com',
                        true,
                        g."Id",
                        true,
                        null,
                        array []::bigint[],
                        111
                 from g
                 returning *),
     activity as (
         insert into "UserActivity" ("GroupId", "OccurredAt", "ActionType")
             select g."Id", null, 'Login'
             from g
             where null is not null)
select *
from u;
Information [20101]: Executed DbCommand (2ms) [Parameters=[], CommandType='Text', CommandTimeout='60']

with g as (
    insert into "Group" ("NickName",
                         "TaxationCountryId",
                         "DefaultLanguageId",
                         "BirthDate",
                         "Gender"
        )
        values ('friend-author-94-d7cb59a75c57460faeee77de9868f186',
                (select "Id" from "Country" where "ISOName" = 'usa'),
                (select "Id" from "Language" where "IsoCode" = 'eng'),
                '1991-05-01T00:00:00.0000000',
                1)
        returning *),
     u as (
         insert
             into "User" ("IdentityServerId", "Email", "DataCollection", "MainGroupId", "AnalyticsEnabled",
                          "PhoneNumber",
                          "CreatorPermissionLevel", "MainCharacterId")
                 select uuid_generate_v4(),
                        'friend-author-94-d7cb59a75c57460faeee77de9868f186@frever-test.com',
                        true,
                        g."Id",
                        true,
                        null,
                        array []::bigint[],
                        111
                 from g
                 returning *),
     activity as (
         insert into "UserActivity" ("GroupId", "OccurredAt", "ActionType")
             select g."Id", null, 'Login'
             from g
             where null is not null)
select *
from u;
Debug [10806]: Context 'TestReadWriteDbContext' started tracking 'User' entity with key '{Id: 189716}'.
Debug [20301]: Closing data reader to 'frevertest' on server 'tcp://postgres-frever-it:5432'.
Debug [20300]: A data reader for 'frevertest' on server 'tcp://postgres-frever-it:5432' is being disposed after spending 0ms reading results.
Debug [10111]: Compiling query expression: 
'DbSet&lt;User&gt;().FromSql(
with g as (
    insert into "Group" ("NickName",
                         "TaxationCountryId",
                         "DefaultLanguageId",
                         "BirthDate",
                         "Gender"
        )
        values ('friend-author-95-c6bf6f488641474ea022548aea68c950',
                (select "Id" from "Country" where "ISOName" = 'usa'),
                (select "Id" from "Language" where "IsoCode" = 'eng'),
                '1991-07-25T00:00:00.0000000',
                1)
        returning *),
     u as (
         insert
             into "User" ("IdentityServerId", "Email", "DataCollection", "MainGroupId", "AnalyticsEnabled",
                          "PhoneNumber",
                          "CreatorPermissionLevel", "MainCharacterId")
                 select uuid_generate_v4(),
                        'friend-author-95-c6bf6f488641474ea022548aea68c950@frever-test.com',
                        true,
                        g."Id",
                        true,
                        null,
                        array []::bigint[],
                        111
                 from g
                 returning *),
     activity as (
         insert into "UserActivity" ("GroupId", "OccurredAt", "ActionType")
             select g."Id", null, 'Login'
             from g
             where null is not null)
select *
from u;, __p_0)
'
Debug [10107]: Generated query execution expression: 
'queryContext =&gt; new FromSqlQueryingEnumerable&lt;User&gt;(
    (RelationalQueryContext)queryContext, 
    RelationalCommandCache.QueryExpression(
        Projection Mapping:
            EmptyProjectionMember -&gt; Dictionary&lt;IProperty, int&gt; { [Property: User.Id (long) Required PK AfterSave:Throw ValueGenerated.OnAdd, 0], [Property: User.AnalyticsEnabled (bool) Required, 1], [Property: User.AppleId (string), 2], [Property: User.CreatedTime (DateTime) Required ValueGenerated.OnAdd, 3], [Property: User.CreatorPermissionLevel (long[]) Element type: long Required, 4], [Property: User.DataCollection (bool?), 5], [Property: User.Email (string) Index, 6], [Property: User.GoogleId (string), 7], [Property: User.IdentityServerId (Guid) Required Index, 8], [Property: User.IsFeatured (bool) Required, 9], [Property: User.MainCharacterId (long?) FK Index, 10], [Property: User.MainGroupId (long) Required FK Index, 11], [Property: User.ModifiedTime (DateTime) Required, 12], [Property: User.PhoneNumber (string) Index, 13] }
        SELECT f.Id, f.AnalyticsEnabled, f.AppleId, f.CreatedTime, f.CreatorPermissionLevel, f.DataCollection, f.Email, f.GoogleId, f.IdentityServerId, f.IsFeatured, f.MainCharacterId, f.MainGroupId, f.ModifiedTime, f.PhoneNumber
        FROM 
with g as (
    insert into "Group" ("NickName",
                         "TaxationCountryId",
                         "DefaultLanguageId",
                         "BirthDate",
                         "Gender"
        )
        values ('friend-author-95-c6bf6f488641474ea022548aea68c950',
                (select "Id" from "Country" where "ISOName" = 'usa'),
                (select "Id" from "Language" where "IsoCode" = 'eng'),
                '1991-07-25T00:00:00.0000000',
                1)
        returning *),
     u as (
         insert
             into "User" ("IdentityServerId", "Email", "DataCollection", "MainGroupId", "AnalyticsEnabled",
                          "PhoneNumber",
                          "CreatorPermissionLevel", "MainCharacterId")
                 select uuid_generate_v4(),
                        'friend-author-95-c6bf6f488641474ea022548aea68c950@frever-test.com',
                        true,
                        g."Id",
                        true,
                        null,
                        array []::bigint[],
                        111
                 from g
                 returning *),
     activity as (
         insert into "UserActivity" ("GroupId", "OccurredAt", "ActionType")
             select g."Id", null, 'Login'
             from g
             where null is not null)
select *
from u;), 
    null, 
    List&lt;string&gt; { "Id", "AnalyticsEnabled", "AppleId", "CreatedTime", "CreatorPermissionLevel", "DataCollection", "Email", "GoogleId", "IdentityServerId", "IsFeatured", "MainCharacterId", "MainGroupId", "ModifiedTime", "PhoneNumber" }, 
    Func&lt;QueryContext, DbDataReader, int[], User&gt;, 
    Frever.Common.IntegrationTesting.TestReadWriteDbContext, 
    False, 
    False, 
    True
)'
Debug [20103]: Creating DbCommand for 'ExecuteReader'.
Debug [20104]: Created DbCommand for 'ExecuteReader' (0ms).
Debug [20106]: Initialized DbCommand for 'ExecuteReader' (0ms).
Debug [20100]: Executing DbCommand [Parameters=[], CommandType='Text', CommandTimeout='60']

with g as (
    insert into "Group" ("NickName",
                         "TaxationCountryId",
                         "DefaultLanguageId",
                         "BirthDate",
                         "Gender"
        )
        values ('friend-author-95-c6bf6f488641474ea022548aea68c950',
                (select "Id" from "Country" where "ISOName" = 'usa'),
                (select "Id" from "Language" where "IsoCode" = 'eng'),
                '1991-07-25T00:00:00.0000000',
                1)
        returning *),
     u as (
         insert
             into "User" ("IdentityServerId", "Email", "DataCollection", "MainGroupId", "AnalyticsEnabled",
                          "PhoneNumber",
                          "CreatorPermissionLevel", "MainCharacterId")
                 select uuid_generate_v4(),
                        'friend-author-95-c6bf6f488641474ea022548aea68c950@frever-test.com',
                        true,
                        g."Id",
                        true,
                        null,
                        array []::bigint[],
                        111
                 from g
                 returning *),
     activity as (
         insert into "UserActivity" ("GroupId", "OccurredAt", "ActionType")
             select g."Id", null, 'Login'
             from g
             where null is not null)
select *
from u;
Information [20101]: Executed DbCommand (1ms) [Parameters=[], CommandType='Text', CommandTimeout='60']

with g as (
    insert into "Group" ("NickName",
                         "TaxationCountryId",
                         "DefaultLanguageId",
                         "BirthDate",
                         "Gender"
        )
        values ('friend-author-95-c6bf6f488641474ea022548aea68c950',
                (select "Id" from "Country" where "ISOName" = 'usa'),
                (select "Id" from "Language" where "IsoCode" = 'eng'),
                '1991-07-25T00:00:00.0000000',
                1)
        returning *),
     u as (
         insert
             into "User" ("IdentityServerId", "Email", "DataCollection", "MainGroupId", "AnalyticsEnabled",
                          "PhoneNumber",
                          "CreatorPermissionLevel", "MainCharacterId")
                 select uuid_generate_v4(),
                        'friend-author-95-c6bf6f488641474ea022548aea68c950@frever-test.com',
                        true,
                        g."Id",
                        true,
                        null,
                        array []::bigint[],
                        111
                 from g
                 returning *),
     activity as (
         insert into "UserActivity" ("GroupId", "OccurredAt", "ActionType")
             select g."Id", null, 'Login'
             from g
             where null is not null)
select *
from u;
Debug [10806]: Context 'TestReadWriteDbContext' started tracking 'User' entity with key '{Id: 189717}'.
Debug [20301]: Closing data reader to 'frevertest' on server 'tcp://postgres-frever-it:5432'.
Debug [20300]: A data reader for 'frevertest' on server 'tcp://postgres-frever-it:5432' is being disposed after spending 0ms reading results.
Debug [10111]: Compiling query expression: 
'DbSet&lt;User&gt;().FromSql(
with g as (
    insert into "Group" ("NickName",
                         "TaxationCountryId",
                         "DefaultLanguageId",
                         "BirthDate",
                         "Gender"
        )
        values ('friend-author-96-d2997b7cab1c401a8940f4248aa2f240',
                (select "Id" from "Country" where "ISOName" = 'usa'),
                (select "Id" from "Language" where "IsoCode" = 'eng'),
                '1991-09-25T00:00:00.0000000',
                1)
        returning *),
     u as (
         insert
             into "User" ("IdentityServerId", "Email", "DataCollection", "MainGroupId", "AnalyticsEnabled",
                          "PhoneNumber",
                          "CreatorPermissionLevel", "MainCharacterId")
                 select uuid_generate_v4(),
                        'friend-author-96-d2997b7cab1c401a8940f4248aa2f240@frever-test.com',
                        true,
                        g."Id",
                        true,
                        null,
                        array []::bigint[],
                        111
                 from g
                 returning *),
     activity as (
         insert into "UserActivity" ("GroupId", "OccurredAt", "ActionType")
             select g."Id", null, 'Login'
             from g
             where null is not null)
select *
from u;, __p_0)
'
Debug [10107]: Generated query execution expression: 
'queryContext =&gt; new FromSqlQueryingEnumerable&lt;User&gt;(
    (RelationalQueryContext)queryContext, 
    RelationalCommandCache.QueryExpression(
        Projection Mapping:
            EmptyProjectionMember -&gt; Dictionary&lt;IProperty, int&gt; { [Property: User.Id (long) Required PK AfterSave:Throw ValueGenerated.OnAdd, 0], [Property: User.AnalyticsEnabled (bool) Required, 1], [Property: User.AppleId (string), 2], [Property: User.CreatedTime (DateTime) Required ValueGenerated.OnAdd, 3], [Property: User.CreatorPermissionLevel (long[]) Element type: long Required, 4], [Property: User.DataCollection (bool?), 5], [Property: User.Email (string) Index, 6], [Property: User.GoogleId (string), 7], [Property: User.IdentityServerId (Guid) Required Index, 8], [Property: User.IsFeatured (bool) Required, 9], [Property: User.MainCharacterId (long?) FK Index, 10], [Property: User.MainGroupId (long) Required FK Index, 11], [Property: User.ModifiedTime (DateTime) Required, 12], [Property: User.PhoneNumber (string) Index, 13] }
        SELECT f.Id, f.AnalyticsEnabled, f.AppleId, f.CreatedTime, f.CreatorPermissionLevel, f.DataCollection, f.Email, f.GoogleId, f.IdentityServerId, f.IsFeatured, f.MainCharacterId, f.MainGroupId, f.ModifiedTime, f.PhoneNumber
        FROM 
with g as (
    insert into "Group" ("NickName",
                         "TaxationCountryId",
                         "DefaultLanguageId",
                         "BirthDate",
                         "Gender"
        )
        values ('friend-author-96-d2997b7cab1c401a8940f4248aa2f240',
                (select "Id" from "Country" where "ISOName" = 'usa'),
                (select "Id" from "Language" where "IsoCode" = 'eng'),
                '1991-09-25T00:00:00.0000000',
                1)
        returning *),
     u as (
         insert
             into "User" ("IdentityServerId", "Email", "DataCollection", "MainGroupId", "AnalyticsEnabled",
                          "PhoneNumber",
                          "CreatorPermissionLevel", "MainCharacterId")
                 select uuid_generate_v4(),
                        'friend-author-96-d2997b7cab1c401a8940f4248aa2f240@frever-test.com',
                        true,
                        g."Id",
                        true,
                        null,
                        array []::bigint[],
                        111
                 from g
                 returning *),
     activity as (
         insert into "UserActivity" ("GroupId", "OccurredAt", "ActionType")
             select g."Id", null, 'Login'
             from g
             where null is not null)
select *
from u;), 
    null, 
    List&lt;string&gt; { "Id", "AnalyticsEnabled", "AppleId", "CreatedTime", "CreatorPermissionLevel", "DataCollection", "Email", "GoogleId", "IdentityServerId", "IsFeatured", "MainCharacterId", "MainGroupId", "ModifiedTime", "PhoneNumber" }, 
    Func&lt;QueryContext, DbDataReader, int[], User&gt;, 
    Frever.Common.IntegrationTesting.TestReadWriteDbContext, 
    False, 
    False, 
    True
)'
Debug [20103]: Creating DbCommand for 'ExecuteReader'.
Debug [20104]: Created DbCommand for 'ExecuteReader' (0ms).
Debug [20106]: Initialized DbCommand for 'ExecuteReader' (0ms).
Debug [20100]: Executing DbCommand [Parameters=[], CommandType='Text', CommandTimeout='60']

with g as (
    insert into "Group" ("NickName",
                         "TaxationCountryId",
                         "DefaultLanguageId",
                         "BirthDate",
                         "Gender"
        )
        values ('friend-author-96-d2997b7cab1c401a8940f4248aa2f240',
                (select "Id" from "Country" where "ISOName" = 'usa'),
                (select "Id" from "Language" where "IsoCode" = 'eng'),
                '1991-09-25T00:00:00.0000000',
                1)
        returning *),
     u as (
         insert
             into "User" ("IdentityServerId", "Email", "DataCollection", "MainGroupId", "AnalyticsEnabled",
                          "PhoneNumber",
                          "CreatorPermissionLevel", "MainCharacterId")
                 select uuid_generate_v4(),
                        'friend-author-96-d2997b7cab1c401a8940f4248aa2f240@frever-test.com',
                        true,
                        g."Id",
                        true,
                        null,
                        array []::bigint[],
                        111
                 from g
                 returning *),
     activity as (
         insert into "UserActivity" ("GroupId", "OccurredAt", "ActionType")
             select g."Id", null, 'Login'
             from g
             where null is not null)
select *
from u;
Information [20101]: Executed DbCommand (1ms) [Parameters=[], CommandType='Text', CommandTimeout='60']

with g as (
    insert into "Group" ("NickName",
                         "TaxationCountryId",
                         "DefaultLanguageId",
                         "BirthDate",
                         "Gender"
        )
        values ('friend-author-96-d2997b7cab1c401a8940f4248aa2f240',
                (select "Id" from "Country" where "ISOName" = 'usa'),
                (select "Id" from "Language" where "IsoCode" = 'eng'),
                '1991-09-25T00:00:00.0000000',
                1)
        returning *),
     u as (
         insert
             into "User" ("IdentityServerId", "Email", "DataCollection", "MainGroupId", "AnalyticsEnabled",
                          "PhoneNumber",
                          "CreatorPermissionLevel", "MainCharacterId")
                 select uuid_generate_v4(),
                        'friend-author-96-d2997b7cab1c401a8940f4248aa2f240@frever-test.com',
                        true,
                        g."Id",
                        true,
                        null,
                        array []::bigint[],
                        111
                 from g
                 returning *),
     activity as (
         insert into "UserActivity" ("GroupId", "OccurredAt", "ActionType")
             select g."Id", null, 'Login'
             from g
             where null is not null)
select *
from u;
Debug [10806]: Context 'TestReadWriteDbContext' started tracking 'User' entity with key '{Id: 189718}'.
Debug [20301]: Closing data reader to 'frevertest' on server 'tcp://postgres-frever-it:5432'.
Debug [20300]: A data reader for 'frevertest' on server 'tcp://postgres-frever-it:5432' is being disposed after spending 0ms reading results.
Debug [10111]: Compiling query expression: 
'DbSet&lt;User&gt;().FromSql(
with g as (
    insert into "Group" ("NickName",
                         "TaxationCountryId",
                         "DefaultLanguageId",
                         "BirthDate",
                         "Gender"
        )
        values ('friend-author-97-4ce01e88a8754b2e95958016dd5192a9',
                (select "Id" from "Country" where "ISOName" = 'usa'),
                (select "Id" from "Language" where "IsoCode" = 'eng'),
                '1992-03-05T00:00:00.0000000',
                1)
        returning *),
     u as (
         insert
             into "User" ("IdentityServerId", "Email", "DataCollection", "MainGroupId", "AnalyticsEnabled",
                          "PhoneNumber",
                          "CreatorPermissionLevel", "MainCharacterId")
                 select uuid_generate_v4(),
                        'friend-author-97-4ce01e88a8754b2e95958016dd5192a9@frever-test.com',
                        true,
                        g."Id",
                        true,
                        null,
                        array []::bigint[],
                        111
                 from g
                 returning *),
     activity as (
         insert into "UserActivity" ("GroupId", "OccurredAt", "ActionType")
             select g."Id", null, 'Login'
             from g
             where null is not null)
select *
from u;, __p_0)
'
Debug [10107]: Generated query execution expression: 
'queryContext =&gt; new FromSqlQueryingEnumerable&lt;User&gt;(
    (RelationalQueryContext)queryContext, 
    RelationalCommandCache.QueryExpression(
        Projection Mapping:
            EmptyProjectionMember -&gt; Dictionary&lt;IProperty, int&gt; { [Property: User.Id (long) Required PK AfterSave:Throw ValueGenerated.OnAdd, 0], [Property: User.AnalyticsEnabled (bool) Required, 1], [Property: User.AppleId (string), 2], [Property: User.CreatedTime (DateTime) Required ValueGenerated.OnAdd, 3], [Property: User.CreatorPermissionLevel (long[]) Element type: long Required, 4], [Property: User.DataCollection (bool?), 5], [Property: User.Email (string) Index, 6], [Property: User.GoogleId (string), 7], [Property: User.IdentityServerId (Guid) Required Index, 8], [Property: User.IsFeatured (bool) Required, 9], [Property: User.MainCharacterId (long?) FK Index, 10], [Property: User.MainGroupId (long) Required FK Index, 11], [Property: User.ModifiedTime (DateTime) Required, 12], [Property: User.PhoneNumber (string) Index, 13] }
        SELECT f.Id, f.AnalyticsEnabled, f.AppleId, f.CreatedTime, f.CreatorPermissionLevel, f.DataCollection, f.Email, f.GoogleId, f.IdentityServerId, f.IsFeatured, f.MainCharacterId, f.MainGroupId, f.ModifiedTime, f.PhoneNumber
        FROM 
with g as (
    insert into "Group" ("NickName",
                         "TaxationCountryId",
                         "DefaultLanguageId",
                         "BirthDate",
                         "Gender"
        )
        values ('friend-author-97-4ce01e88a8754b2e95958016dd5192a9',
                (select "Id" from "Country" where "ISOName" = 'usa'),
                (select "Id" from "Language" where "IsoCode" = 'eng'),
                '1992-03-05T00:00:00.0000000',
                1)
        returning *),
     u as (
         insert
             into "User" ("IdentityServerId", "Email", "DataCollection", "MainGroupId", "AnalyticsEnabled",
                          "PhoneNumber",
                          "CreatorPermissionLevel", "MainCharacterId")
                 select uuid_generate_v4(),
                        'friend-author-97-4ce01e88a8754b2e95958016dd5192a9@frever-test.com',
                        true,
                        g."Id",
                        true,
                        null,
                        array []::bigint[],
                        111
                 from g
                 returning *),
     activity as (
         insert into "UserActivity" ("GroupId", "OccurredAt", "ActionType")
             select g."Id", null, 'Login'
             from g
             where null is not null)
select *
from u;), 
    null, 
    List&lt;string&gt; { "Id", "AnalyticsEnabled", "AppleId", "CreatedTime", "CreatorPermissionLevel", "DataCollection", "Email", "GoogleId", "IdentityServerId", "IsFeatured", "MainCharacterId", "MainGroupId", "ModifiedTime", "PhoneNumber" }, 
    Func&lt;QueryContext, DbDataReader, int[], User&gt;, 
    Frever.Common.IntegrationTesting.TestReadWriteDbContext, 
    False, 
    False, 
    True
)'
Debug [20103]: Creating DbCommand for 'ExecuteReader'.
Debug [20104]: Created DbCommand for 'ExecuteReader' (0ms).
Debug [20106]: Initialized DbCommand for 'ExecuteReader' (0ms).
Debug [20100]: Executing DbCommand [Parameters=[], CommandType='Text', CommandTimeout='60']

with g as (
    insert into "Group" ("NickName",
                         "TaxationCountryId",
                         "DefaultLanguageId",
                         "BirthDate",
                         "Gender"
        )
        values ('friend-author-97-4ce01e88a8754b2e95958016dd5192a9',
                (select "Id" from "Country" where "ISOName" = 'usa'),
                (select "Id" from "Language" where "IsoCode" = 'eng'),
                '1992-03-05T00:00:00.0000000',
                1)
        returning *),
     u as (
         insert
             into "User" ("IdentityServerId", "Email", "DataCollection", "MainGroupId", "AnalyticsEnabled",
                          "PhoneNumber",
                          "CreatorPermissionLevel", "MainCharacterId")
                 select uuid_generate_v4(),
                        'friend-author-97-4ce01e88a8754b2e95958016dd5192a9@frever-test.com',
                        true,
                        g."Id",
                        true,
                        null,
                        array []::bigint[],
                        111
                 from g
                 returning *),
     activity as (
         insert into "UserActivity" ("GroupId", "OccurredAt", "ActionType")
             select g."Id", null, 'Login'
             from g
             where null is not null)
select *
from u;
Information [20101]: Executed DbCommand (1ms) [Parameters=[], CommandType='Text', CommandTimeout='60']

with g as (
    insert into "Group" ("NickName",
                         "TaxationCountryId",
                         "DefaultLanguageId",
                         "BirthDate",
                         "Gender"
        )
        values ('friend-author-97-4ce01e88a8754b2e95958016dd5192a9',
                (select "Id" from "Country" where "ISOName" = 'usa'),
                (select "Id" from "Language" where "IsoCode" = 'eng'),
                '1992-03-05T00:00:00.0000000',
                1)
        returning *),
     u as (
         insert
             into "User" ("IdentityServerId", "Email", "DataCollection", "MainGroupId", "AnalyticsEnabled",
                          "PhoneNumber",
                          "CreatorPermissionLevel", "MainCharacterId")
                 select uuid_generate_v4(),
                        'friend-author-97-4ce01e88a8754b2e95958016dd5192a9@frever-test.com',
                        true,
                        g."Id",
                        true,
                        null,
                        array []::bigint[],
                        111
                 from g
                 returning *),
     activity as (
         insert into "UserActivity" ("GroupId", "OccurredAt", "ActionType")
             select g."Id", null, 'Login'
             from g
             where null is not null)
select *
from u;
Debug [10806]: Context 'TestReadWriteDbContext' started tracking 'User' entity with key '{Id: 189719}'.
Debug [20301]: Closing data reader to 'frevertest' on server 'tcp://postgres-frever-it:5432'.
Debug [20300]: A data reader for 'frevertest' on server 'tcp://postgres-frever-it:5432' is being disposed after spending 0ms reading results.
Debug [10111]: Compiling query expression: 
'DbSet&lt;User&gt;().FromSql(
with g as (
    insert into "Group" ("NickName",
                         "TaxationCountryId",
                         "DefaultLanguageId",
                         "BirthDate",
                         "Gender"
        )
        values ('friend-author-98-cd419d9b23a4419f8ee3642399cea766',
                (select "Id" from "Country" where "ISOName" = 'usa'),
                (select "Id" from "Language" where "IsoCode" = 'eng'),
                '1991-04-07T00:00:00.0000000',
                1)
        returning *),
     u as (
         insert
             into "User" ("IdentityServerId", "Email", "DataCollection", "MainGroupId", "AnalyticsEnabled",
                          "PhoneNumber",
                          "CreatorPermissionLevel", "MainCharacterId")
                 select uuid_generate_v4(),
                        'friend-author-98-cd419d9b23a4419f8ee3642399cea766@frever-test.com',
                        true,
                        g."Id",
                        true,
                        null,
                        array []::bigint[],
                        111
                 from g
                 returning *),
     activity as (
         insert into "UserActivity" ("GroupId", "OccurredAt", "ActionType")
             select g."Id", null, 'Login'
             from g
             where null is not null)
select *
from u;, __p_0)
'
Debug [10107]: Generated query execution expression: 
'queryContext =&gt; new FromSqlQueryingEnumerable&lt;User&gt;(
    (RelationalQueryContext)queryContext, 
    RelationalCommandCache.QueryExpression(
        Projection Mapping:
            EmptyProjectionMember -&gt; Dictionary&lt;IProperty, int&gt; { [Property: User.Id (long) Required PK AfterSave:Throw ValueGenerated.OnAdd, 0], [Property: User.AnalyticsEnabled (bool) Required, 1], [Property: User.AppleId (string), 2], [Property: User.CreatedTime (DateTime) Required ValueGenerated.OnAdd, 3], [Property: User.CreatorPermissionLevel (long[]) Element type: long Required, 4], [Property: User.DataCollection (bool?), 5], [Property: User.Email (string) Index, 6], [Property: User.GoogleId (string), 7], [Property: User.IdentityServerId (Guid) Required Index, 8], [Property: User.IsFeatured (bool) Required, 9], [Property: User.MainCharacterId (long?) FK Index, 10], [Property: User.MainGroupId (long) Required FK Index, 11], [Property: User.ModifiedTime (DateTime) Required, 12], [Property: User.PhoneNumber (string) Index, 13] }
        SELECT f.Id, f.AnalyticsEnabled, f.AppleId, f.CreatedTime, f.CreatorPermissionLevel, f.DataCollection, f.Email, f.GoogleId, f.IdentityServerId, f.IsFeatured, f.MainCharacterId, f.MainGroupId, f.ModifiedTime, f.PhoneNumber
        FROM 
with g as (
    insert into "Group" ("NickName",
                         "TaxationCountryId",
                         "DefaultLanguageId",
                         "BirthDate",
                         "Gender"
        )
        values ('friend-author-98-cd419d9b23a4419f8ee3642399cea766',
                (select "Id" from "Country" where "ISOName" = 'usa'),
                (select "Id" from "Language" where "IsoCode" = 'eng'),
                '1991-04-07T00:00:00.0000000',
                1)
        returning *),
     u as (
         insert
             into "User" ("IdentityServerId", "Email", "DataCollection", "MainGroupId", "AnalyticsEnabled",
                          "PhoneNumber",
                          "CreatorPermissionLevel", "MainCharacterId")
                 select uuid_generate_v4(),
                        'friend-author-98-cd419d9b23a4419f8ee3642399cea766@frever-test.com',
                        true,
                        g."Id",
                        true,
                        null,
                        array []::bigint[],
                        111
                 from g
                 returning *),
     activity as (
         insert into "UserActivity" ("GroupId", "OccurredAt", "ActionType")
             select g."Id", null, 'Login'
             from g
             where null is not null)
select *
from u;), 
    null, 
    List&lt;string&gt; { "Id", "AnalyticsEnabled", "AppleId", "CreatedTime", "CreatorPermissionLevel", "DataCollection", "Email", "GoogleId", "IdentityServerId", "IsFeatured", "MainCharacterId", "MainGroupId", "ModifiedTime", "PhoneNumber" }, 
    Func&lt;QueryContext, DbDataReader, int[], User&gt;, 
    Frever.Common.IntegrationTesting.TestReadWriteDbContext, 
    False, 
    False, 
    True
)'
Debug [20103]: Creating DbCommand for 'ExecuteReader'.
Debug [20104]: Created DbCommand for 'ExecuteReader' (0ms).
Debug [20106]: Initialized DbCommand for 'ExecuteReader' (0ms).
Debug [20100]: Executing DbCommand [Parameters=[], CommandType='Text', CommandTimeout='60']

with g as (
    insert into "Group" ("NickName",
                         "TaxationCountryId",
                         "DefaultLanguageId",
                         "BirthDate",
                         "Gender"
        )
        values ('friend-author-98-cd419d9b23a4419f8ee3642399cea766',
                (select "Id" from "Country" where "ISOName" = 'usa'),
                (select "Id" from "Language" where "IsoCode" = 'eng'),
                '1991-04-07T00:00:00.0000000',
                1)
        returning *),
     u as (
         insert
             into "User" ("IdentityServerId", "Email", "DataCollection", "MainGroupId", "AnalyticsEnabled",
                          "PhoneNumber",
                          "CreatorPermissionLevel", "MainCharacterId")
                 select uuid_generate_v4(),
                        'friend-author-98-cd419d9b23a4419f8ee3642399cea766@frever-test.com',
                        true,
                        g."Id",
                        true,
                        null,
                        array []::bigint[],
                        111
                 from g
                 returning *),
     activity as (
         insert into "UserActivity" ("GroupId", "OccurredAt", "ActionType")
             select g."Id", null, 'Login'
             from g
             where null is not null)
select *
from u;
Information [20101]: Executed DbCommand (2ms) [Parameters=[], CommandType='Text', CommandTimeout='60']

with g as (
    insert into "Group" ("NickName",
                         "TaxationCountryId",
                         "DefaultLanguageId",
                         "BirthDate",
                         "Gender"
        )
        values ('friend-author-98-cd419d9b23a4419f8ee3642399cea766',
                (select "Id" from "Country" where "ISOName" = 'usa'),
                (select "Id" from "Language" where "IsoCode" = 'eng'),
                '1991-04-07T00:00:00.0000000',
                1)
        returning *),
     u as (
         insert
             into "User" ("IdentityServerId", "Email", "DataCollection", "MainGroupId", "AnalyticsEnabled",
                          "PhoneNumber",
                          "CreatorPermissionLevel", "MainCharacterId")
                 select uuid_generate_v4(),
                        'friend-author-98-cd419d9b23a4419f8ee3642399cea766@frever-test.com',
                        true,
                        g."Id",
                        true,
                        null,
                        array []::bigint[],
                        111
                 from g
                 returning *),
     activity as (
         insert into "UserActivity" ("GroupId", "OccurredAt", "ActionType")
             select g."Id", null, 'Login'
             from g
             where null is not null)
select *
from u;
Debug [10806]: Context 'TestReadWriteDbContext' started tracking 'User' entity with key '{Id: 189720}'.
Debug [20301]: Closing data reader to 'frevertest' on server 'tcp://postgres-frever-it:5432'.
Debug [20300]: A data reader for 'frevertest' on server 'tcp://postgres-frever-it:5432' is being disposed after spending 0ms reading results.
Debug [10111]: Compiling query expression: 
'DbSet&lt;User&gt;().FromSql(
with g as (
    insert into "Group" ("NickName",
                         "TaxationCountryId",
                         "DefaultLanguageId",
                         "BirthDate",
                         "Gender"
        )
        values ('friend-author-99-2000f5c90c0348fe8749ace035e06d8c',
                (select "Id" from "Country" where "ISOName" = 'usa'),
                (select "Id" from "Language" where "IsoCode" = 'eng'),
                '1991-02-14T00:00:00.0000000',
                1)
        returning *),
     u as (
         insert
             into "User" ("IdentityServerId", "Email", "DataCollection", "MainGroupId", "AnalyticsEnabled",
                          "PhoneNumber",
                          "CreatorPermissionLevel", "MainCharacterId")
                 select uuid_generate_v4(),
                        'friend-author-99-2000f5c90c0348fe8749ace035e06d8c@frever-test.com',
                        true,
                        g."Id",
                        true,
                        null,
                        array []::bigint[],
                        111
                 from g
                 returning *),
     activity as (
         insert into "UserActivity" ("GroupId", "OccurredAt", "ActionType")
             select g."Id", null, 'Login'
             from g
             where null is not null)
select *
from u;, __p_0)
'
Debug [10107]: Generated query execution expression: 
'queryContext =&gt; new FromSqlQueryingEnumerable&lt;User&gt;(
    (RelationalQueryContext)queryContext, 
    RelationalCommandCache.QueryExpression(
        Projection Mapping:
            EmptyProjectionMember -&gt; Dictionary&lt;IProperty, int&gt; { [Property: User.Id (long) Required PK AfterSave:Throw ValueGenerated.OnAdd, 0], [Property: User.AnalyticsEnabled (bool) Required, 1], [Property: User.AppleId (string), 2], [Property: User.CreatedTime (DateTime) Required ValueGenerated.OnAdd, 3], [Property: User.CreatorPermissionLevel (long[]) Element type: long Required, 4], [Property: User.DataCollection (bool?), 5], [Property: User.Email (string) Index, 6], [Property: User.GoogleId (string), 7], [Property: User.IdentityServerId (Guid) Required Index, 8], [Property: User.IsFeatured (bool) Required, 9], [Property: User.MainCharacterId (long?) FK Index, 10], [Property: User.MainGroupId (long) Required FK Index, 11], [Property: User.ModifiedTime (DateTime) Required, 12], [Property: User.PhoneNumber (string) Index, 13] }
        SELECT f.Id, f.AnalyticsEnabled, f.AppleId, f.CreatedTime, f.CreatorPermissionLevel, f.DataCollection, f.Email, f.GoogleId, f.IdentityServerId, f.IsFeatured, f.MainCharacterId, f.MainGroupId, f.ModifiedTime, f.PhoneNumber
        FROM 
with g as (
    insert into "Group" ("NickName",
                         "TaxationCountryId",
                         "DefaultLanguageId",
                         "BirthDate",
                         "Gender"
        )
        values ('friend-author-99-2000f5c90c0348fe8749ace035e06d8c',
                (select "Id" from "Country" where "ISOName" = 'usa'),
                (select "Id" from "Language" where "IsoCode" = 'eng'),
                '1991-02-14T00:00:00.0000000',
                1)
        returning *),
     u as (
         insert
             into "User" ("IdentityServerId", "Email", "DataCollection", "MainGroupId", "AnalyticsEnabled",
                          "PhoneNumber",
                          "CreatorPermissionLevel", "MainCharacterId")
                 select uuid_generate_v4(),
                        'friend-author-99-2000f5c90c0348fe8749ace035e06d8c@frever-test.com',
                        true,
                        g."Id",
                        true,
                        null,
                        array []::bigint[],
                        111
                 from g
                 returning *),
     activity as (
         insert into "UserActivity" ("GroupId", "OccurredAt", "ActionType")
             select g."Id", null, 'Login'
             from g
             where null is not null)
select *
from u;), 
    null, 
    List&lt;string&gt; { "Id", "AnalyticsEnabled", "AppleId", "CreatedTime", "CreatorPermissionLevel", "DataCollection", "Email", "GoogleId", "IdentityServerId", "IsFeatured", "MainCharacterId", "MainGroupId", "ModifiedTime", "PhoneNumber" }, 
    Func&lt;QueryContext, DbDataReader, int[], User&gt;, 
    Frever.Common.IntegrationTesting.TestReadWriteDbContext, 
    False, 
    False, 
    True
)'
Debug [20103]: Creating DbCommand for 'ExecuteReader'.
Debug [20104]: Created DbCommand for 'ExecuteReader' (0ms).
Debug [20106]: Initialized DbCommand for 'ExecuteReader' (0ms).
Debug [20100]: Executing DbCommand [Parameters=[], CommandType='Text', CommandTimeout='60']

with g as (
    insert into "Group" ("NickName",
                         "TaxationCountryId",
                         "DefaultLanguageId",
                         "BirthDate",
                         "Gender"
        )
        values ('friend-author-99-2000f5c90c0348fe8749ace035e06d8c',
                (select "Id" from "Country" where "ISOName" = 'usa'),
                (select "Id" from "Language" where "IsoCode" = 'eng'),
                '1991-02-14T00:00:00.0000000',
                1)
        returning *),
     u as (
         insert
             into "User" ("IdentityServerId", "Email", "DataCollection", "MainGroupId", "AnalyticsEnabled",
                          "PhoneNumber",
                          "CreatorPermissionLevel", "MainCharacterId")
                 select uuid_generate_v4(),
                        'friend-author-99-2000f5c90c0348fe8749ace035e06d8c@frever-test.com',
                        true,
                        g."Id",
                        true,
                        null,
                        array []::bigint[],
                        111
                 from g
                 returning *),
     activity as (
         insert into "UserActivity" ("GroupId", "OccurredAt", "ActionType")
             select g."Id", null, 'Login'
             from g
             where null is not null)
select *
from u;
Information [20101]: Executed DbCommand (1ms) [Parameters=[], CommandType='Text', CommandTimeout='60']

with g as (
    insert into "Group" ("NickName",
                         "TaxationCountryId",
                         "DefaultLanguageId",
                         "BirthDate",
                         "Gender"
        )
        values ('friend-author-99-2000f5c90c0348fe8749ace035e06d8c',
                (select "Id" from "Country" where "ISOName" = 'usa'),
                (select "Id" from "Language" where "IsoCode" = 'eng'),
                '1991-02-14T00:00:00.0000000',
                1)
        returning *),
     u as (
         insert
             into "User" ("IdentityServerId", "Email", "DataCollection", "MainGroupId", "AnalyticsEnabled",
                          "PhoneNumber",
                          "CreatorPermissionLevel", "MainCharacterId")
                 select uuid_generate_v4(),
                        'friend-author-99-2000f5c90c0348fe8749ace035e06d8c@frever-test.com',
                        true,
                        g."Id",
                        true,
                        null,
                        array []::bigint[],
                        111
                 from g
                 returning *),
     activity as (
         insert into "UserActivity" ("GroupId", "OccurredAt", "ActionType")
             select g."Id", null, 'Login'
             from g
             where null is not null)
select *
from u;
Debug [10806]: Context 'TestReadWriteDbContext' started tracking 'User' entity with key '{Id: 189721}'.
Debug [20301]: Closing data reader to 'frevertest' on server 'tcp://postgres-frever-it:5432'.
Debug [20300]: A data reader for 'frevertest' on server 'tcp://postgres-frever-it:5432' is being disposed after spending 0ms reading results.
Debug [10111]: Compiling query expression: 
'DbSet&lt;Character&gt;().FromSql(with ins as (
    insert into "Character" ("GenderId",
                             "CharacterStyleId",
                             "GroupId",
                             "Name",
                             "FilesInfo",
                             "PublicForCreation",
                             "PublicForBackgroundDancing",
                             "Size",
                             "PolyCount",
                             "IsDefault",
                             "SortOrder")
        values (1,
                1,
                189679,
                'character-189679',
                '[]'::json,
                false,
                false,
                10100,
                2003,
                true,
                1)
        returning *),
     update_main_character as (
         update "User"
             set "MainCharacterId" = (select "Id" from ins)
             where "MainGroupId" in (select "GroupId"
                                     from ins
                                     where "IsDefault" = true))
select *
from ins, __p_0)
'
Debug [10107]: Generated query execution expression: 
'queryContext =&gt; new FromSqlQueryingEnumerable&lt;Character&gt;(
    (RelationalQueryContext)queryContext, 
    RelationalCommandCache.QueryExpression(
        Projection Mapping:
            EmptyProjectionMember -&gt; Dictionary&lt;IProperty, int&gt; { [Property: Character.Id (long) Required PK AfterSave:Throw ValueGenerated.OnAdd, 0], [Property: Character.CharacterStyleId (long) Required FK Index, 1], [Property: Character.CreatedTime (DateTime) Required ValueGenerated.OnAdd, 2], [Property: Character.Files (List&lt;FileInfo&gt;), 3], [Property: Character.GenderId (long) Required FK Index, 4], [Property: Character.GroupId (long) Required FK Index, 5], [Property: Character.IsDefault (bool) Required, 6], [Property: Character.IsDeleted (bool) Required, 7], [Property: Character.ModifiedTime (DateTime) Required ValueGenerated.OnAdd, 8], [Property: Character.Name (string) Required ValueGenerated.OnAdd, 9], [Property: Character.PolyCount (int?), 10], [Property: Character.PublicForBackgroundDancing (bool) Required, 11], [Property: Character.PublicForCreation (bool) Required, 12], [Property: Character.ReadinessId (long) Required FK Index, 13], [Property: Character.Size (long?), 14], [Property: Character.SortOrder (int) Required, 15], [Property: Character.UploaderUserId (long) Required FK Index ValueGenerated.OnAdd, 16], [Property: Character.Version (Guid) Required, 17] }
        SELECT f.Id, f.CharacterStyleId, f.CreatedTime, f.FilesInfo, f.GenderId, f.GroupId, f.IsDefault, f.IsDeleted, f.ModifiedTime, f.Name, f.PolyCount, f.PublicForBackgroundDancing, f.PublicForCreation, f.ReadinessId, f.Size, f.SortOrder, f.UploaderUserId, f.Version
        FROM with ins as (
    insert into "Character" ("GenderId",
                             "CharacterStyleId",
                             "GroupId",
                             "Name",
                             "FilesInfo",
                             "PublicForCreation",
                             "PublicForBackgroundDancing",
                             "Size",
                             "PolyCount",
                             "IsDefault",
                             "SortOrder")
        values (1,
                1,
                189679,
                'character-189679',
                '[]'::json,
                false,
                false,
                10100,
                2003,
                true,
                1)
        returning *),
     update_main_character as (
         update "User"
             set "MainCharacterId" = (select "Id" from ins)
             where "MainGroupId" in (select "GroupId"
                                     from ins
                                     where "IsDefault" = true))
select *
from ins), 
    null, 
    List&lt;string&gt; { "Id", "CharacterStyleId", "CreatedTime", "FilesInfo", "GenderId", "GroupId", "IsDefault", "IsDeleted", "ModifiedTime", "Name", "PolyCount", "PublicForBackgroundDancing", "PublicForCreation", "ReadinessId", "Size", "SortOrder", "UploaderUserId", "Version" }, 
    Func&lt;QueryContext, DbDataReader, int[], Character&gt;, 
    Frever.Common.IntegrationTesting.TestReadWriteDbContext, 
    False, 
    False, 
    True
)'
Debug [20103]: Creating DbCommand for 'ExecuteReader'.
Debug [20104]: Created DbCommand for 'ExecuteReader' (0ms).
Debug [20106]: Initialized DbCommand for 'ExecuteReader' (0ms).
Debug [20100]: Executing DbCommand [Parameters=[], CommandType='Text', CommandTimeout='60']
with ins as (
    insert into "Character" ("GenderId",
                             "CharacterStyleId",
                             "GroupId",
                             "Name",
                             "FilesInfo",
                             "PublicForCreation",
                             "PublicForBackgroundDancing",
                             "Size",
                             "PolyCount",
                             "IsDefault",
                             "SortOrder")
        values (1,
                1,
                189679,
                'character-189679',
                '[]'::json,
                false,
                false,
                10100,
                2003,
                true,
                1)
        returning *),
     update_main_character as (
         update "User"
             set "MainCharacterId" = (select "Id" from ins)
             where "MainGroupId" in (select "GroupId"
                                     from ins
                                     where "IsDefault" = true))
select *
from ins
Information [20101]: Executed DbCommand (6ms) [Parameters=[], CommandType='Text', CommandTimeout='60']
with ins as (
    insert into "Character" ("GenderId",
                             "CharacterStyleId",
                             "GroupId",
                             "Name",
                             "FilesInfo",
                             "PublicForCreation",
                             "PublicForBackgroundDancing",
                             "Size",
                             "PolyCount",
                             "IsDefault",
                             "SortOrder")
        values (1,
                1,
                189679,
                'character-189679',
                '[]'::json,
                false,
                false,
                10100,
                2003,
                true,
                1)
        returning *),
     update_main_character as (
         update "User"
             set "MainCharacterId" = (select "Id" from ins)
             where "MainGroupId" in (select "GroupId"
                                     from ins
                                     where "IsDefault" = true))
select *
from ins
Debug [10806]: Context 'TestReadWriteDbContext' started tracking 'Character' entity with key '{Id: 304974}'.
Debug [20301]: Closing data reader to 'frevertest' on server 'tcp://postgres-frever-it:5432'.
Debug [20300]: A data reader for 'frevertest' on server 'tcp://postgres-frever-it:5432' is being disposed after spending 20ms reading results.
Debug [10111]: Compiling query expression: 
'DbSet&lt;Character&gt;().FromSql(with ins as (
    insert into "Character" ("GenderId",
                             "CharacterStyleId",
                             "GroupId",
                             "Name",
                             "FilesInfo",
                             "PublicForCreation",
                             "PublicForBackgroundDancing",
                             "Size",
                             "PolyCount",
                             "IsDefault",
                             "SortOrder")
        values (1,
                1,
                189680,
                'character-189680',
                '[]'::json,
                false,
                false,
                10100,
                2003,
                true,
                1)
        returning *),
     update_main_character as (
         update "User"
             set "MainCharacterId" = (select "Id" from ins)
             where "MainGroupId" in (select "GroupId"
                                     from ins
                                     where "IsDefault" = true))
select *
from ins, __p_0)
'
Debug [10107]: Generated query execution expression: 
'queryContext =&gt; new FromSqlQueryingEnumerable&lt;Character&gt;(
    (RelationalQueryContext)queryContext, 
    RelationalCommandCache.QueryExpression(
        Projection Mapping:
            EmptyProjectionMember -&gt; Dictionary&lt;IProperty, int&gt; { [Property: Character.Id (long) Required PK AfterSave:Throw ValueGenerated.OnAdd, 0], [Property: Character.CharacterStyleId (long) Required FK Index, 1], [Property: Character.CreatedTime (DateTime) Required ValueGenerated.OnAdd, 2], [Property: Character.Files (List&lt;FileInfo&gt;), 3], [Property: Character.GenderId (long) Required FK Index, 4], [Property: Character.GroupId (long) Required FK Index, 5], [Property: Character.IsDefault (bool) Required, 6], [Property: Character.IsDeleted (bool) Required, 7], [Property: Character.ModifiedTime (DateTime) Required ValueGenerated.OnAdd, 8], [Property: Character.Name (string) Required ValueGenerated.OnAdd, 9], [Property: Character.PolyCount (int?), 10], [Property: Character.PublicForBackgroundDancing (bool) Required, 11], [Property: Character.PublicForCreation (bool) Required, 12], [Property: Character.ReadinessId (long) Required FK Index, 13], [Property: Character.Size (long?), 14], [Property: Character.SortOrder (int) Required, 15], [Property: Character.UploaderUserId (long) Required FK Index ValueGenerated.OnAdd, 16], [Property: Character.Version (Guid) Required, 17] }
        SELECT f.Id, f.CharacterStyleId, f.CreatedTime, f.FilesInfo, f.GenderId, f.GroupId, f.IsDefault, f.IsDeleted, f.ModifiedTime, f.Name, f.PolyCount, f.PublicForBackgroundDancing, f.PublicForCreation, f.ReadinessId, f.Size, f.SortOrder, f.UploaderUserId, f.Version
        FROM with ins as (
    insert into "Character" ("GenderId",
                             "CharacterStyleId",
                             "GroupId",
                             "Name",
                             "FilesInfo",
                             "PublicForCreation",
                             "PublicForBackgroundDancing",
                             "Size",
                             "PolyCount",
                             "IsDefault",
                             "SortOrder")
        values (1,
                1,
                189680,
                'character-189680',
                '[]'::json,
                false,
                false,
                10100,
                2003,
                true,
                1)
        returning *),
     update_main_character as (
         update "User"
             set "MainCharacterId" = (select "Id" from ins)
             where "MainGroupId" in (select "GroupId"
                                     from ins
                                     where "IsDefault" = true))
select *
from ins), 
    null, 
    List&lt;string&gt; { "Id", "CharacterStyleId", "CreatedTime", "FilesInfo", "GenderId", "GroupId", "IsDefault", "IsDeleted", "ModifiedTime", "Name", "PolyCount", "PublicForBackgroundDancing", "PublicForCreation", "ReadinessId", "Size", "SortOrder", "UploaderUserId", "Version" }, 
    Func&lt;QueryContext, DbDataReader, int[], Character&gt;, 
    Frever.Common.IntegrationTesting.TestReadWriteDbContext, 
    False, 
    False, 
    True
)'
Debug [20103]: Creating DbCommand for 'ExecuteReader'.
Debug [20104]: Created DbCommand for 'ExecuteReader' (0ms).
Debug [20106]: Initialized DbCommand for 'ExecuteReader' (0ms).
Debug [20100]: Executing DbCommand [Parameters=[], CommandType='Text', CommandTimeout='60']
with ins as (
    insert into "Character" ("GenderId",
                             "CharacterStyleId",
                             "GroupId",
                             "Name",
                             "FilesInfo",
                             "PublicForCreation",
                             "PublicForBackgroundDancing",
                             "Size",
                             "PolyCount",
                             "IsDefault",
                             "SortOrder")
        values (1,
                1,
                189680,
                'character-189680',
                '[]'::json,
                false,
                false,
                10100,
                2003,
                true,
                1)
        returning *),
     update_main_character as (
         update "User"
             set "MainCharacterId" = (select "Id" from ins)
             where "MainGroupId" in (select "GroupId"
                                     from ins
                                     where "IsDefault" = true))
select *
from ins
Information [20101]: Executed DbCommand (1ms) [Parameters=[], CommandType='Text', CommandTimeout='60']
with ins as (
    insert into "Character" ("GenderId",
                             "CharacterStyleId",
                             "GroupId",
                             "Name",
                             "FilesInfo",
                             "PublicForCreation",
                             "PublicForBackgroundDancing",
                             "Size",
                             "PolyCount",
                             "IsDefault",
                             "SortOrder")
        values (1,
                1,
                189680,
                'character-189680',
                '[]'::json,
                false,
                false,
                10100,
                2003,
                true,
                1)
        returning *),
     update_main_character as (
         update "User"
             set "MainCharacterId" = (select "Id" from ins)
             where "MainGroupId" in (select "GroupId"
                                     from ins
                                     where "IsDefault" = true))
select *
from ins
Debug [10806]: Context 'TestReadWriteDbContext' started tracking 'Character' entity with key '{Id: 304975}'.
Debug [20301]: Closing data reader to 'frevertest' on server 'tcp://postgres-frever-it:5432'.
Debug [20300]: A data reader for 'frevertest' on server 'tcp://postgres-frever-it:5432' is being disposed after spending 0ms reading results.
Debug [10111]: Compiling query expression: 
'DbSet&lt;Character&gt;().FromSql(with ins as (
    insert into "Character" ("GenderId",
                             "CharacterStyleId",
                             "GroupId",
                             "Name",
                             "FilesInfo",
                             "PublicForCreation",
                             "PublicForBackgroundDancing",
                             "Size",
                             "PolyCount",
                             "IsDefault",
                             "SortOrder")
        values (1,
                1,
                189681,
                'character-189681',
                '[]'::json,
                false,
                false,
                10100,
                2003,
                true,
                1)
        returning *),
     update_main_character as (
         update "User"
             set "MainCharacterId" = (select "Id" from ins)
             where "MainGroupId" in (select "GroupId"
                                     from ins
                                     where "IsDefault" = true))
select *
from ins, __p_0)
'
Debug [10107]: Generated query execution expression: 
'queryContext =&gt; new FromSqlQueryingEnumerable&lt;Character&gt;(
    (RelationalQueryContext)queryContext, 
    RelationalCommandCache.QueryExpression(
        Projection Mapping:
            EmptyProjectionMember -&gt; Dictionary&lt;IProperty, int&gt; { [Property: Character.Id (long) Required PK AfterSave:Throw ValueGenerated.OnAdd, 0], [Property: Character.CharacterStyleId (long) Required FK Index, 1], [Property: Character.CreatedTime (DateTime) Required ValueGenerated.OnAdd, 2], [Property: Character.Files (List&lt;FileInfo&gt;), 3], [Property: Character.GenderId (long) Required FK Index, 4], [Property: Character.GroupId (long) Required FK Index, 5], [Property: Character.IsDefault (bool) Required, 6], [Property: Character.IsDeleted (bool) Required, 7], [Property: Character.ModifiedTime (DateTime) Required ValueGenerated.OnAdd, 8], [Property: Character.Name (string) Required ValueGenerated.OnAdd, 9], [Property: Character.PolyCount (int?), 10], [Property: Character.PublicForBackgroundDancing (bool) Required, 11], [Property: Character.PublicForCreation (bool) Required, 12], [Property: Character.ReadinessId (long) Required FK Index, 13], [Property: Character.Size (long?), 14], [Property: Character.SortOrder (int) Required, 15], [Property: Character.UploaderUserId (long) Required FK Index ValueGenerated.OnAdd, 16], [Property: Character.Version (Guid) Required, 17] }
        SELECT f.Id, f.CharacterStyleId, f.CreatedTime, f.FilesInfo, f.GenderId, f.GroupId, f.IsDefault, f.IsDeleted, f.ModifiedTime, f.Name, f.PolyCount, f.PublicForBackgroundDancing, f.PublicForCreation, f.ReadinessId, f.Size, f.SortOrder, f.UploaderUserId, f.Version
        FROM with ins as (
    insert into "Character" ("GenderId",
                             "CharacterStyleId",
                             "GroupId",
                             "Name",
                             "FilesInfo",
                             "PublicForCreation",
                             "PublicForBackgroundDancing",
                             "Size",
                             "PolyCount",
                             "IsDefault",
                             "SortOrder")
        values (1,
                1,
                189681,
                'character-189681',
                '[]'::json,
                false,
                false,
                10100,
                2003,
                true,
                1)
        returning *),
     update_main_character as (
         update "User"
             set "MainCharacterId" = (select "Id" from ins)
             where "MainGroupId" in (select "GroupId"
                                     from ins
                                     where "IsDefault" = true))
select *
from ins), 
    null, 
    List&lt;string&gt; { "Id", "CharacterStyleId", "CreatedTime", "FilesInfo", "GenderId", "GroupId", "IsDefault", "IsDeleted", "ModifiedTime", "Name", "PolyCount", "PublicForBackgroundDancing", "PublicForCreation", "ReadinessId", "Size", "SortOrder", "UploaderUserId", "Version" }, 
    Func&lt;QueryContext, DbDataReader, int[], Character&gt;, 
    Frever.Common.IntegrationTesting.TestReadWriteDbContext, 
    False, 
    False, 
    True
)'
Debug [20103]: Creating DbCommand for 'ExecuteReader'.
Debug [20104]: Created DbCommand for 'ExecuteReader' (0ms).
Debug [20106]: Initialized DbCommand for 'ExecuteReader' (0ms).
Debug [20100]: Executing DbCommand [Parameters=[], CommandType='Text', CommandTimeout='60']
with ins as (
    insert into "Character" ("GenderId",
                             "CharacterStyleId",
                             "GroupId",
                             "Name",
                             "FilesInfo",
                             "PublicForCreation",
                             "PublicForBackgroundDancing",
                             "Size",
                             "PolyCount",
                             "IsDefault",
                             "SortOrder")
        values (1,
                1,
                189681,
                'character-189681',
                '[]'::json,
                false,
                false,
                10100,
                2003,
                true,
                1)
        returning *),
     update_main_character as (
         update "User"
             set "MainCharacterId" = (select "Id" from ins)
             where "MainGroupId" in (select "GroupId"
                                     from ins
                                     where "IsDefault" = true))
select *
from ins
Information [20101]: Executed DbCommand (1ms) [Parameters=[], CommandType='Text', CommandTimeout='60']
with ins as (
    insert into "Character" ("GenderId",
                             "CharacterStyleId",
                             "GroupId",
                             "Name",
                             "FilesInfo",
                             "PublicForCreation",
                             "PublicForBackgroundDancing",
                             "Size",
                             "PolyCount",
                             "IsDefault",
                             "SortOrder")
        values (1,
                1,
                189681,
                'character-189681',
                '[]'::json,
                false,
                false,
                10100,
                2003,
                true,
                1)
        returning *),
     update_main_character as (
         update "User"
             set "MainCharacterId" = (select "Id" from ins)
             where "MainGroupId" in (select "GroupId"
                                     from ins
                                     where "IsDefault" = true))
select *
from ins
Debug [10806]: Context 'TestReadWriteDbContext' started tracking 'Character' entity with key '{Id: 304976}'.
Debug [20301]: Closing data reader to 'frevertest' on server 'tcp://postgres-frever-it:5432'.
Debug [20300]: A data reader for 'frevertest' on server 'tcp://postgres-frever-it:5432' is being disposed after spending 0ms reading results.
Debug [10111]: Compiling query expression: 
'DbSet&lt;Character&gt;().FromSql(with ins as (
    insert into "Character" ("GenderId",
                             "CharacterStyleId",
                             "GroupId",
                             "Name",
                             "FilesInfo",
                             "PublicForCreation",
                             "PublicForBackgroundDancing",
                             "Size",
                             "PolyCount",
                             "IsDefault",
                             "SortOrder")
        values (1,
                1,
                189682,
                'character-189682',
                '[]'::json,
                false,
                false,
                10100,
                2003,
                true,
                1)
        returning *),
     update_main_character as (
         update "User"
             set "MainCharacterId" = (select "Id" from ins)
             where "MainGroupId" in (select "GroupId"
                                     from ins
                                     where "IsDefault" = true))
select *
from ins, __p_0)
'
Debug [10107]: Generated query execution expression: 
'queryContext =&gt; new FromSqlQueryingEnumerable&lt;Character&gt;(
    (RelationalQueryContext)queryContext, 
    RelationalCommandCache.QueryExpression(
        Projection Mapping:
            EmptyProjectionMember -&gt; Dictionary&lt;IProperty, int&gt; { [Property: Character.Id (long) Required PK AfterSave:Throw ValueGenerated.OnAdd, 0], [Property: Character.CharacterStyleId (long) Required FK Index, 1], [Property: Character.CreatedTime (DateTime) Required ValueGenerated.OnAdd, 2], [Property: Character.Files (List&lt;FileInfo&gt;), 3], [Property: Character.GenderId (long) Required FK Index, 4], [Property: Character.GroupId (long) Required FK Index, 5], [Property: Character.IsDefault (bool) Required, 6], [Property: Character.IsDeleted (bool) Required, 7], [Property: Character.ModifiedTime (DateTime) Required ValueGenerated.OnAdd, 8], [Property: Character.Name (string) Required ValueGenerated.OnAdd, 9], [Property: Character.PolyCount (int?), 10], [Property: Character.PublicForBackgroundDancing (bool) Required, 11], [Property: Character.PublicForCreation (bool) Required, 12], [Property: Character.ReadinessId (long) Required FK Index, 13], [Property: Character.Size (long?), 14], [Property: Character.SortOrder (int) Required, 15], [Property: Character.UploaderUserId (long) Required FK Index ValueGenerated.OnAdd, 16], [Property: Character.Version (Guid) Required, 17] }
        SELECT f.Id, f.CharacterStyleId, f.CreatedTime, f.FilesInfo, f.GenderId, f.GroupId, f.IsDefault, f.IsDeleted, f.ModifiedTime, f.Name, f.PolyCount, f.PublicForBackgroundDancing, f.PublicForCreation, f.ReadinessId, f.Size, f.SortOrder, f.UploaderUserId, f.Version
        FROM with ins as (
    insert into "Character" ("GenderId",
                             "CharacterStyleId",
                             "GroupId",
                             "Name",
                             "FilesInfo",
                             "PublicForCreation",
                             "PublicForBackgroundDancing",
                             "Size",
                             "PolyCount",
                             "IsDefault",
                             "SortOrder")
        values (1,
                1,
                189682,
                'character-189682',
                '[]'::json,
                false,
                false,
                10100,
                2003,
                true,
                1)
        returning *),
     update_main_character as (
         update "User"
             set "MainCharacterId" = (select "Id" from ins)
             where "MainGroupId" in (select "GroupId"
                                     from ins
                                     where "IsDefault" = true))
select *
from ins), 
    null, 
    List&lt;string&gt; { "Id", "CharacterStyleId", "CreatedTime", "FilesInfo", "GenderId", "GroupId", "IsDefault", "IsDeleted", "ModifiedTime", "Name", "PolyCount", "PublicForBackgroundDancing", "PublicForCreation", "ReadinessId", "Size", "SortOrder", "UploaderUserId", "Version" }, 
    Func&lt;QueryContext, DbDataReader, int[], Character&gt;, 
    Frever.Common.IntegrationTesting.TestReadWriteDbContext, 
    False, 
    False, 
    True
)'
Debug [20103]: Creating DbCommand for 'ExecuteReader'.
Debug [20104]: Created DbCommand for 'ExecuteReader' (0ms).
Debug [20106]: Initialized DbCommand for 'ExecuteReader' (0ms).
Debug [20100]: Executing DbCommand [Parameters=[], CommandType='Text', CommandTimeout='60']
with ins as (
    insert into "Character" ("GenderId",
                             "CharacterStyleId",
                             "GroupId",
                             "Name",
                             "FilesInfo",
                             "PublicForCreation",
                             "PublicForBackgroundDancing",
                             "Size",
                             "PolyCount",
                             "IsDefault",
                             "SortOrder")
        values (1,
                1,
                189682,
                'character-189682',
                '[]'::json,
                false,
                false,
                10100,
                2003,
                true,
                1)
        returning *),
     update_main_character as (
         update "User"
             set "MainCharacterId" = (select "Id" from ins)
             where "MainGroupId" in (select "GroupId"
                                     from ins
                                     where "IsDefault" = true))
select *
from ins
Information [20101]: Executed DbCommand (1ms) [Parameters=[], CommandType='Text', CommandTimeout='60']
with ins as (
    insert into "Character" ("GenderId",
                             "CharacterStyleId",
                             "GroupId",
                             "Name",
                             "FilesInfo",
                             "PublicForCreation",
                             "PublicForBackgroundDancing",
                             "Size",
                             "PolyCount",
                             "IsDefault",
                             "SortOrder")
        values (1,
                1,
                189682,
                'character-189682',
                '[]'::json,
                false,
                false,
                10100,
                2003,
                true,
                1)
        returning *),
     update_main_character as (
         update "User"
             set "MainCharacterId" = (select "Id" from ins)
             where "MainGroupId" in (select "GroupId"
                                     from ins
                                     where "IsDefault" = true))
select *
from ins
Debug [10806]: Context 'TestReadWriteDbContext' started tracking 'Character' entity with key '{Id: 304977}'.
Debug [20301]: Closing data reader to 'frevertest' on server 'tcp://postgres-frever-it:5432'.
Debug [20300]: A data reader for 'frevertest' on server 'tcp://postgres-frever-it:5432' is being disposed after spending 0ms reading results.
Debug [10111]: Compiling query expression: 
'DbSet&lt;Character&gt;().FromSql(with ins as (
    insert into "Character" ("GenderId",
                             "CharacterStyleId",
                             "GroupId",
                             "Name",
                             "FilesInfo",
                             "PublicForCreation",
                             "PublicForBackgroundDancing",
                             "Size",
                             "PolyCount",
                             "IsDefault",
                             "SortOrder")
        values (1,
                1,
                189683,
                'character-189683',
                '[]'::json,
                false,
                false,
                10100,
                2003,
                true,
                1)
        returning *),
     update_main_character as (
         update "User"
             set "MainCharacterId" = (select "Id" from ins)
             where "MainGroupId" in (select "GroupId"
                                     from ins
                                     where "IsDefault" = true))
select *
from ins, __p_0)
'
Debug [10107]: Generated query execution expression: 
'queryContext =&gt; new FromSqlQueryingEnumerable&lt;Character&gt;(
    (RelationalQueryContext)queryContext, 
    RelationalCommandCache.QueryExpression(
        Projection Mapping:
            EmptyProjectionMember -&gt; Dictionary&lt;IProperty, int&gt; { [Property: Character.Id (long) Required PK AfterSave:Throw ValueGenerated.OnAdd, 0], [Property: Character.CharacterStyleId (long) Required FK Index, 1], [Property: Character.CreatedTime (DateTime) Required ValueGenerated.OnAdd, 2], [Property: Character.Files (List&lt;FileInfo&gt;), 3], [Property: Character.GenderId (long) Required FK Index, 4], [Property: Character.GroupId (long) Required FK Index, 5], [Property: Character.IsDefault (bool) Required, 6], [Property: Character.IsDeleted (bool) Required, 7], [Property: Character.ModifiedTime (DateTime) Required ValueGenerated.OnAdd, 8], [Property: Character.Name (string) Required ValueGenerated.OnAdd, 9], [Property: Character.PolyCount (int?), 10], [Property: Character.PublicForBackgroundDancing (bool) Required, 11], [Property: Character.PublicForCreation (bool) Required, 12], [Property: Character.ReadinessId (long) Required FK Index, 13], [Property: Character.Size (long?), 14], [Property: Character.SortOrder (int) Required, 15], [Property: Character.UploaderUserId (long) Required FK Index ValueGenerated.OnAdd, 16], [Property: Character.Version (Guid) Required, 17] }
        SELECT f.Id, f.CharacterStyleId, f.CreatedTime, f.FilesInfo, f.GenderId, f.GroupId, f.IsDefault, f.IsDeleted, f.ModifiedTime, f.Name, f.PolyCount, f.PublicForBackgroundDancing, f.PublicForCreation, f.ReadinessId, f.Size, f.SortOrder, f.UploaderUserId, f.Version
        FROM with ins as (
    insert into "Character" ("GenderId",
                             "CharacterStyleId",
                             "GroupId",
                             "Name",
                             "FilesInfo",
                             "PublicForCreation",
                             "PublicForBackgroundDancing",
                             "Size",
                             "PolyCount",
                             "IsDefault",
                             "SortOrder")
        values (1,
                1,
                189683,
                'character-189683',
                '[]'::json,
                false,
                false,
                10100,
                2003,
                true,
                1)
        returning *),
     update_main_character as (
         update "User"
             set "MainCharacterId" = (select "Id" from ins)
             where "MainGroupId" in (select "GroupId"
                                     from ins
                                     where "IsDefault" = true))
select *
from ins), 
    null, 
    List&lt;string&gt; { "Id", "CharacterStyleId", "CreatedTime", "FilesInfo", "GenderId", "GroupId", "IsDefault", "IsDeleted", "ModifiedTime", "Name", "PolyCount", "PublicForBackgroundDancing", "PublicForCreation", "ReadinessId", "Size", "SortOrder", "UploaderUserId", "Version" }, 
    Func&lt;QueryContext, DbDataReader, int[], Character&gt;, 
    Frever.Common.IntegrationTesting.TestReadWriteDbContext, 
    False, 
    False, 
    True
)'
Debug [20103]: Creating DbCommand for 'ExecuteReader'.
Debug [20104]: Created DbCommand for 'ExecuteReader' (0ms).
Debug [20106]: Initialized DbCommand for 'ExecuteReader' (0ms).
Debug [20100]: Executing DbCommand [Parameters=[], CommandType='Text', CommandTimeout='60']
with ins as (
    insert into "Character" ("GenderId",
                             "CharacterStyleId",
                             "GroupId",
                             "Name",
                             "FilesInfo",
                             "PublicForCreation",
                             "PublicForBackgroundDancing",
                             "Size",
                             "PolyCount",
                             "IsDefault",
                             "SortOrder")
        values (1,
                1,
                189683,
                'character-189683',
                '[]'::json,
                false,
                false,
                10100,
                2003,
                true,
                1)
        returning *),
     update_main_character as (
         update "User"
             set "MainCharacterId" = (select "Id" from ins)
             where "MainGroupId" in (select "GroupId"
                                     from ins
                                     where "IsDefault" = true))
select *
from ins
Information [20101]: Executed DbCommand (1ms) [Parameters=[], CommandType='Text', CommandTimeout='60']
with ins as (
    insert into "Character" ("GenderId",
                             "CharacterStyleId",
                             "GroupId",
                             "Name",
                             "FilesInfo",
                             "PublicForCreation",
                             "PublicForBackgroundDancing",
                             "Size",
                             "PolyCount",
                             "IsDefault",
                             "SortOrder")
        values (1,
                1,
                189683,
                'character-189683',
                '[]'::json,
                false,
                false,
                10100,
                2003,
                true,
                1)
        returning *),
     update_main_character as (
         update "User"
             set "MainCharacterId" = (select "Id" from ins)
             where "MainGroupId" in (select "GroupId"
                                     from ins
                                     where "IsDefault" = true))
select *
from ins
Debug [10806]: Context 'TestReadWriteDbContext' started tracking 'Character' entity with key '{Id: 304978}'.
Debug [20301]: Closing data reader to 'frevertest' on server 'tcp://postgres-frever-it:5432'.
Debug [20300]: A data reader for 'frevertest' on server 'tcp://postgres-frever-it:5432' is being disposed after spending 0ms reading results.
Debug [10111]: Compiling query expression: 
'DbSet&lt;Character&gt;().FromSql(with ins as (
    insert into "Character" ("GenderId",
                             "CharacterStyleId",
                             "GroupId",
                             "Name",
                             "FilesInfo",
                             "PublicForCreation",
                             "PublicForBackgroundDancing",
                             "Size",
                             "PolyCount",
                             "IsDefault",
                             "SortOrder")
        values (1,
                1,
                189684,
                'character-189684',
                '[]'::json,
                false,
                false,
                10100,
                2003,
                true,
                1)
        returning *),
     update_main_character as (
         update "User"
             set "MainCharacterId" = (select "Id" from ins)
             where "MainGroupId" in (select "GroupId"
                                     from ins
                                     where "IsDefault" = true))
select *
from ins, __p_0)
'
Debug [10107]: Generated query execution expression: 
'queryContext =&gt; new FromSqlQueryingEnumerable&lt;Character&gt;(
    (RelationalQueryContext)queryContext, 
    RelationalCommandCache.QueryExpression(
        Projection Mapping:
            EmptyProjectionMember -&gt; Dictionary&lt;IProperty, int&gt; { [Property: Character.Id (long) Required PK AfterSave:Throw ValueGenerated.OnAdd, 0], [Property: Character.CharacterStyleId (long) Required FK Index, 1], [Property: Character.CreatedTime (DateTime) Required ValueGenerated.OnAdd, 2], [Property: Character.Files (List&lt;FileInfo&gt;), 3], [Property: Character.GenderId (long) Required FK Index, 4], [Property: Character.GroupId (long) Required FK Index, 5], [Property: Character.IsDefault (bool) Required, 6], [Property: Character.IsDeleted (bool) Required, 7], [Property: Character.ModifiedTime (DateTime) Required ValueGenerated.OnAdd, 8], [Property: Character.Name (string) Required ValueGenerated.OnAdd, 9], [Property: Character.PolyCount (int?), 10], [Property: Character.PublicForBackgroundDancing (bool) Required, 11], [Property: Character.PublicForCreation (bool) Required, 12], [Property: Character.ReadinessId (long) Required FK Index, 13], [Property: Character.Size (long?), 14], [Property: Character.SortOrder (int) Required, 15], [Property: Character.UploaderUserId (long) Required FK Index ValueGenerated.OnAdd, 16], [Property: Character.Version (Guid) Required, 17] }
        SELECT f.Id, f.CharacterStyleId, f.CreatedTime, f.FilesInfo, f.GenderId, f.GroupId, f.IsDefault, f.IsDeleted, f.ModifiedTime, f.Name, f.PolyCount, f.PublicForBackgroundDancing, f.PublicForCreation, f.ReadinessId, f.Size, f.SortOrder, f.UploaderUserId, f.Version
        FROM with ins as (
    insert into "Character" ("GenderId",
                             "CharacterStyleId",
                             "GroupId",
                             "Name",
                             "FilesInfo",
                             "PublicForCreation",
                             "PublicForBackgroundDancing",
                             "Size",
                             "PolyCount",
                             "IsDefault",
                             "SortOrder")
        values (1,
                1,
                189684,
                'character-189684',
                '[]'::json,
                false,
                false,
                10100,
                2003,
                true,
                1)
        returning *),
     update_main_character as (
         update "User"
             set "MainCharacterId" = (select "Id" from ins)
             where "MainGroupId" in (select "GroupId"
                                     from ins
                                     where "IsDefault" = true))
select *
from ins), 
    null, 
    List&lt;string&gt; { "Id", "CharacterStyleId", "CreatedTime", "FilesInfo", "GenderId", "GroupId", "IsDefault", "IsDeleted", "ModifiedTime", "Name", "PolyCount", "PublicForBackgroundDancing", "PublicForCreation", "ReadinessId", "Size", "SortOrder", "UploaderUserId", "Version" }, 
    Func&lt;QueryContext, DbDataReader, int[], Character&gt;, 
    Frever.Common.IntegrationTesting.TestReadWriteDbContext, 
    False, 
    False, 
    True
)'
Debug [20103]: Creating DbCommand for 'ExecuteReader'.
Debug [20104]: Created DbCommand for 'ExecuteReader' (0ms).
Debug [20106]: Initialized DbCommand for 'ExecuteReader' (0ms).
Debug [20100]: Executing DbCommand [Parameters=[], CommandType='Text', CommandTimeout='60']
with ins as (
    insert into "Character" ("GenderId",
                             "CharacterStyleId",
                             "GroupId",
                             "Name",
                             "FilesInfo",
                             "PublicForCreation",
                             "PublicForBackgroundDancing",
                             "Size",
                             "PolyCount",
                             "IsDefault",
                             "SortOrder")
        values (1,
                1,
                189684,
                'character-189684',
                '[]'::json,
                false,
                false,
                10100,
                2003,
                true,
                1)
        returning *),
     update_main_character as (
         update "User"
             set "MainCharacterId" = (select "Id" from ins)
             where "MainGroupId" in (select "GroupId"
                                     from ins
                                     where "IsDefault" = true))
select *
from ins
Information [20101]: Executed DbCommand (1ms) [Parameters=[], CommandType='Text', CommandTimeout='60']
with ins as (
    insert into "Character" ("GenderId",
                             "CharacterStyleId",
                             "GroupId",
                             "Name",
                             "FilesInfo",
                             "PublicForCreation",
                             "PublicForBackgroundDancing",
                             "Size",
                             "PolyCount",
                             "IsDefault",
                             "SortOrder")
        values (1,
                1,
                189684,
                'character-189684',
                '[]'::json,
                false,
                false,
                10100,
                2003,
                true,
                1)
        returning *),
     update_main_character as (
         update "User"
             set "MainCharacterId" = (select "Id" from ins)
             where "MainGroupId" in (select "GroupId"
                                     from ins
                                     where "IsDefault" = true))
select *
from ins
Debug [10806]: Context 'TestReadWriteDbContext' started tracking 'Character' entity with key '{Id: 304979}'.
Debug [20301]: Closing data reader to 'frevertest' on server 'tcp://postgres-frever-it:5432'.
Debug [20300]: A data reader for 'frevertest' on server 'tcp://postgres-frever-it:5432' is being disposed after spending 0ms reading results.
Debug [10111]: Compiling query expression: 
'DbSet&lt;Character&gt;().FromSql(with ins as (
    insert into "Character" ("GenderId",
                             "CharacterStyleId",
                             "GroupId",
                             "Name",
                             "FilesInfo",
                             "PublicForCreation",
                             "PublicForBackgroundDancing",
                             "Size",
                             "PolyCount",
                             "IsDefault",
                             "SortOrder")
        values (1,
                1,
                189685,
                'character-189685',
                '[]'::json,
                false,
                false,
                10100,
                2003,
                true,
                1)
        returning *),
     update_main_character as (
         update "User"
             set "MainCharacterId" = (select "Id" from ins)
             where "MainGroupId" in (select "GroupId"
                                     from ins
                                     where "IsDefault" = true))
select *
from ins, __p_0)
'
Debug [10107]: Generated query execution expression: 
'queryContext =&gt; new FromSqlQueryingEnumerable&lt;Character&gt;(
    (RelationalQueryContext)queryContext, 
    RelationalCommandCache.QueryExpression(
        Projection Mapping:
            EmptyProjectionMember -&gt; Dictionary&lt;IProperty, int&gt; { [Property: Character.Id (long) Required PK AfterSave:Throw ValueGenerated.OnAdd, 0], [Property: Character.CharacterStyleId (long) Required FK Index, 1], [Property: Character.CreatedTime (DateTime) Required ValueGenerated.OnAdd, 2], [Property: Character.Files (List&lt;FileInfo&gt;), 3], [Property: Character.GenderId (long) Required FK Index, 4], [Property: Character.GroupId (long) Required FK Index, 5], [Property: Character.IsDefault (bool) Required, 6], [Property: Character.IsDeleted (bool) Required, 7], [Property: Character.ModifiedTime (DateTime) Required ValueGenerated.OnAdd, 8], [Property: Character.Name (string) Required ValueGenerated.OnAdd, 9], [Property: Character.PolyCount (int?), 10], [Property: Character.PublicForBackgroundDancing (bool) Required, 11], [Property: Character.PublicForCreation (bool) Required, 12], [Property: Character.ReadinessId (long) Required FK Index, 13], [Property: Character.Size (long?), 14], [Property: Character.SortOrder (int) Required, 15], [Property: Character.UploaderUserId (long) Required FK Index ValueGenerated.OnAdd, 16], [Property: Character.Version (Guid) Required, 17] }
        SELECT f.Id, f.CharacterStyleId, f.CreatedTime, f.FilesInfo, f.GenderId, f.GroupId, f.IsDefault, f.IsDeleted, f.ModifiedTime, f.Name, f.PolyCount, f.PublicForBackgroundDancing, f.PublicForCreation, f.ReadinessId, f.Size, f.SortOrder, f.UploaderUserId, f.Version
        FROM with ins as (
    insert into "Character" ("GenderId",
                             "CharacterStyleId",
                             "GroupId",
                             "Name",
                             "FilesInfo",
                             "PublicForCreation",
                             "PublicForBackgroundDancing",
                             "Size",
                             "PolyCount",
                             "IsDefault",
                             "SortOrder")
        values (1,
                1,
                189685,
                'character-189685',
                '[]'::json,
                false,
                false,
                10100,
                2003,
                true,
                1)
        returning *),
     update_main_character as (
         update "User"
             set "MainCharacterId" = (select "Id" from ins)
             where "MainGroupId" in (select "GroupId"
                                     from ins
                                     where "IsDefault" = true))
select *
from ins), 
    null, 
    List&lt;string&gt; { "Id", "CharacterStyleId", "CreatedTime", "FilesInfo", "GenderId", "GroupId", "IsDefault", "IsDeleted", "ModifiedTime", "Name", "PolyCount", "PublicForBackgroundDancing", "PublicForCreation", "ReadinessId", "Size", "SortOrder", "UploaderUserId", "Version" }, 
    Func&lt;QueryContext, DbDataReader, int[], Character&gt;, 
    Frever.Common.IntegrationTesting.TestReadWriteDbContext, 
    False, 
    False, 
    True
)'
Debug [20103]: Creating DbCommand for 'ExecuteReader'.
Debug [20104]: Created DbCommand for 'ExecuteReader' (0ms).
Debug [20106]: Initialized DbCommand for 'ExecuteReader' (0ms).
Debug [20100]: Executing DbCommand [Parameters=[], CommandType='Text', CommandTimeout='60']
with ins as (
    insert into "Character" ("GenderId",
                             "CharacterStyleId",
                             "GroupId",
                             "Name",
                             "FilesInfo",
                             "PublicForCreation",
                             "PublicForBackgroundDancing",
                             "Size",
                             "PolyCount",
                             "IsDefault",
                             "SortOrder")
        values (1,
                1,
                189685,
                'character-189685',
                '[]'::json,
                false,
                false,
                10100,
                2003,
                true,
                1)
        returning *),
     update_main_character as (
         update "User"
             set "MainCharacterId" = (select "Id" from ins)
             where "MainGroupId" in (select "GroupId"
                                     from ins
                                     where "IsDefault" = true))
select *
from ins
Information [20101]: Executed DbCommand (1ms) [Parameters=[], CommandType='Text', CommandTimeout='60']
with ins as (
    insert into "Character" ("GenderId",
                             "CharacterStyleId",
                             "GroupId",
                             "Name",
                             "FilesInfo",
                             "PublicForCreation",
                             "PublicForBackgroundDancing",
                             "Size",
                             "PolyCount",
                             "IsDefault",
                             "SortOrder")
        values (1,
                1,
                189685,
                'character-189685',
                '[]'::json,
                false,
                false,
                10100,
                2003,
                true,
                1)
        returning *),
     update_main_character as (
         update "User"
             set "MainCharacterId" = (select "Id" from ins)
             where "MainGroupId" in (select "GroupId"
                                     from ins
                                     where "IsDefault" = true))
select *
from ins
Debug [10806]: Context 'TestReadWriteDbContext' started tracking 'Character' entity with key '{Id: 304980}'.
Debug [20301]: Closing data reader to 'frevertest' on server 'tcp://postgres-frever-it:5432'.
Debug [20300]: A data reader for 'frevertest' on server 'tcp://postgres-frever-it:5432' is being disposed after spending 0ms reading results.
Debug [10111]: Compiling query expression: 
'DbSet&lt;Character&gt;().FromSql(with ins as (
    insert into "Character" ("GenderId",
                             "CharacterStyleId",
                             "GroupId",
                             "Name",
                             "FilesInfo",
                             "PublicForCreation",
                             "PublicForBackgroundDancing",
                             "Size",
                             "PolyCount",
                             "IsDefault",
                             "SortOrder")
        values (1,
                1,
                189686,
                'character-189686',
                '[]'::json,
                false,
                false,
                10100,
                2003,
                true,
                1)
        returning *),
     update_main_character as (
         update "User"
             set "MainCharacterId" = (select "Id" from ins)
             where "MainGroupId" in (select "GroupId"
                                     from ins
                                     where "IsDefault" = true))
select *
from ins, __p_0)
'
Debug [10107]: Generated query execution expression: 
'queryContext =&gt; new FromSqlQueryingEnumerable&lt;Character&gt;(
    (RelationalQueryContext)queryContext, 
    RelationalCommandCache.QueryExpression(
        Projection Mapping:
            EmptyProjectionMember -&gt; Dictionary&lt;IProperty, int&gt; { [Property: Character.Id (long) Required PK AfterSave:Throw ValueGenerated.OnAdd, 0], [Property: Character.CharacterStyleId (long) Required FK Index, 1], [Property: Character.CreatedTime (DateTime) Required ValueGenerated.OnAdd, 2], [Property: Character.Files (List&lt;FileInfo&gt;), 3], [Property: Character.GenderId (long) Required FK Index, 4], [Property: Character.GroupId (long) Required FK Index, 5], [Property: Character.IsDefault (bool) Required, 6], [Property: Character.IsDeleted (bool) Required, 7], [Property: Character.ModifiedTime (DateTime) Required ValueGenerated.OnAdd, 8], [Property: Character.Name (string) Required ValueGenerated.OnAdd, 9], [Property: Character.PolyCount (int?), 10], [Property: Character.PublicForBackgroundDancing (bool) Required, 11], [Property: Character.PublicForCreation (bool) Required, 12], [Property: Character.ReadinessId (long) Required FK Index, 13], [Property: Character.Size (long?), 14], [Property: Character.SortOrder (int) Required, 15], [Property: Character.UploaderUserId (long) Required FK Index ValueGenerated.OnAdd, 16], [Property: Character.Version (Guid) Required, 17] }
        SELECT f.Id, f.CharacterStyleId, f.CreatedTime, f.FilesInfo, f.GenderId, f.GroupId, f.IsDefault, f.IsDeleted, f.ModifiedTime, f.Name, f.PolyCount, f.PublicForBackgroundDancing, f.PublicForCreation, f.ReadinessId, f.Size, f.SortOrder, f.UploaderUserId, f.Version
        FROM with ins as (
    insert into "Character" ("GenderId",
                             "CharacterStyleId",
                             "GroupId",
                             "Name",
                             "FilesInfo",
                             "PublicForCreation",
                             "PublicForBackgroundDancing",
                             "Size",
                             "PolyCount",
                             "IsDefault",
                             "SortOrder")
        values (1,
                1,
                189686,
                'character-189686',
                '[]'::json,
                false,
                false,
                10100,
                2003,
                true,
                1)
        returning *),
     update_main_character as (
         update "User"
             set "MainCharacterId" = (select "Id" from ins)
             where "MainGroupId" in (select "GroupId"
                                     from ins
                                     where "IsDefault" = true))
select *
from ins), 
    null, 
    List&lt;string&gt; { "Id", "CharacterStyleId", "CreatedTime", "FilesInfo", "GenderId", "GroupId", "IsDefault", "IsDeleted", "ModifiedTime", "Name", "PolyCount", "PublicForBackgroundDancing", "PublicForCreation", "ReadinessId", "Size", "SortOrder", "UploaderUserId", "Version" }, 
    Func&lt;QueryContext, DbDataReader, int[], Character&gt;, 
    Frever.Common.IntegrationTesting.TestReadWriteDbContext, 
    False, 
    False, 
    True
)'
Debug [20103]: Creating DbCommand for 'ExecuteReader'.
Debug [20104]: Created DbCommand for 'ExecuteReader' (0ms).
Debug [20106]: Initialized DbCommand for 'ExecuteReader' (0ms).
Debug [20100]: Executing DbCommand [Parameters=[], CommandType='Text', CommandTimeout='60']
with ins as (
    insert into "Character" ("GenderId",
                             "CharacterStyleId",
                             "GroupId",
                             "Name",
                             "FilesInfo",
                             "PublicForCreation",
                             "PublicForBackgroundDancing",
                             "Size",
                             "PolyCount",
                             "IsDefault",
                             "SortOrder")
        values (1,
                1,
                189686,
                'character-189686',
                '[]'::json,
                false,
                false,
                10100,
                2003,
                true,
                1)
        returning *),
     update_main_character as (
         update "User"
             set "MainCharacterId" = (select "Id" from ins)
             where "MainGroupId" in (select "GroupId"
                                     from ins
                                     where "IsDefault" = true))
select *
from ins
Information [20101]: Executed DbCommand (1ms) [Parameters=[], CommandType='Text', CommandTimeout='60']
with ins as (
    insert into "Character" ("GenderId",
                             "CharacterStyleId",
                             "GroupId",
                             "Name",
                             "FilesInfo",
                             "PublicForCreation",
                             "PublicForBackgroundDancing",
                             "Size",
                             "PolyCount",
                             "IsDefault",
                             "SortOrder")
        values (1,
                1,
                189686,
                'character-189686',
                '[]'::json,
                false,
                false,
                10100,
                2003,
                true,
                1)
        returning *),
     update_main_character as (
         update "User"
             set "MainCharacterId" = (select "Id" from ins)
             where "MainGroupId" in (select "GroupId"
                                     from ins
                                     where "IsDefault" = true))
select *
from ins
Debug [10806]: Context 'TestReadWriteDbContext' started tracking 'Character' entity with key '{Id: 304981}'.
Debug [20301]: Closing data reader to 'frevertest' on server 'tcp://postgres-frever-it:5432'.
Debug [20300]: A data reader for 'frevertest' on server 'tcp://postgres-frever-it:5432' is being disposed after spending 0ms reading results.
Debug [10111]: Compiling query expression: 
'DbSet&lt;Character&gt;().FromSql(with ins as (
    insert into "Character" ("GenderId",
                             "CharacterStyleId",
                             "GroupId",
                             "Name",
                             "FilesInfo",
                             "PublicForCreation",
                             "PublicForBackgroundDancing",
                             "Size",
                             "PolyCount",
                             "IsDefault",
                             "SortOrder")
        values (1,
                1,
                189687,
                'character-189687',
                '[]'::json,
                false,
                false,
                10100,
                2003,
                true,
                1)
        returning *),
     update_main_character as (
         update "User"
             set "MainCharacterId" = (select "Id" from ins)
             where "MainGroupId" in (select "GroupId"
                                     from ins
                                     where "IsDefault" = true))
select *
from ins, __p_0)
'
Debug [10107]: Generated query execution expression: 
'queryContext =&gt; new FromSqlQueryingEnumerable&lt;Character&gt;(
    (RelationalQueryContext)queryContext, 
    RelationalCommandCache.QueryExpression(
        Projection Mapping:
            EmptyProjectionMember -&gt; Dictionary&lt;IProperty, int&gt; { [Property: Character.Id (long) Required PK AfterSave:Throw ValueGenerated.OnAdd, 0], [Property: Character.CharacterStyleId (long) Required FK Index, 1], [Property: Character.CreatedTime (DateTime) Required ValueGenerated.OnAdd, 2], [Property: Character.Files (List&lt;FileInfo&gt;), 3], [Property: Character.GenderId (long) Required FK Index, 4], [Property: Character.GroupId (long) Required FK Index, 5], [Property: Character.IsDefault (bool) Required, 6], [Property: Character.IsDeleted (bool) Required, 7], [Property: Character.ModifiedTime (DateTime) Required ValueGenerated.OnAdd, 8], [Property: Character.Name (string) Required ValueGenerated.OnAdd, 9], [Property: Character.PolyCount (int?), 10], [Property: Character.PublicForBackgroundDancing (bool) Required, 11], [Property: Character.PublicForCreation (bool) Required, 12], [Property: Character.ReadinessId (long) Required FK Index, 13], [Property: Character.Size (long?), 14], [Property: Character.SortOrder (int) Required, 15], [Property: Character.UploaderUserId (long) Required FK Index ValueGenerated.OnAdd, 16], [Property: Character.Version (Guid) Required, 17] }
        SELECT f.Id, f.CharacterStyleId, f.CreatedTime, f.FilesInfo, f.GenderId, f.GroupId, f.IsDefault, f.IsDeleted, f.ModifiedTime, f.Name, f.PolyCount, f.PublicForBackgroundDancing, f.PublicForCreation, f.ReadinessId, f.Size, f.SortOrder, f.UploaderUserId, f.Version
        FROM with ins as (
    insert into "Character" ("GenderId",
                             "CharacterStyleId",
                             "GroupId",
                             "Name",
                             "FilesInfo",
                             "PublicForCreation",
                             "PublicForBackgroundDancing",
                             "Size",
                             "PolyCount",
                             "IsDefault",
                             "SortOrder")
        values (1,
                1,
                189687,
                'character-189687',
                '[]'::json,
                false,
                false,
                10100,
                2003,
                true,
                1)
        returning *),
     update_main_character as (
         update "User"
             set "MainCharacterId" = (select "Id" from ins)
             where "MainGroupId" in (select "GroupId"
                                     from ins
                                     where "IsDefault" = true))
select *
from ins), 
    null, 
    List&lt;string&gt; { "Id", "CharacterStyleId", "CreatedTime", "FilesInfo", "GenderId", "GroupId", "IsDefault", "IsDeleted", "ModifiedTime", "Name", "PolyCount", "PublicForBackgroundDancing", "PublicForCreation", "ReadinessId", "Size", "SortOrder", "UploaderUserId", "Version" }, 
    Func&lt;QueryContext, DbDataReader, int[], Character&gt;, 
    Frever.Common.IntegrationTesting.TestReadWriteDbContext, 
    False, 
    False, 
    True
)'
Debug [20103]: Creating DbCommand for 'ExecuteReader'.
Debug [20104]: Created DbCommand for 'ExecuteReader' (0ms).
Debug [20106]: Initialized DbCommand for 'ExecuteReader' (0ms).
Debug [20100]: Executing DbCommand [Parameters=[], CommandType='Text', CommandTimeout='60']
with ins as (
    insert into "Character" ("GenderId",
                             "CharacterStyleId",
                             "GroupId",
                             "Name",
                             "FilesInfo",
                             "PublicForCreation",
                             "PublicForBackgroundDancing",
                             "Size",
                             "PolyCount",
                             "IsDefault",
                             "SortOrder")
        values (1,
                1,
                189687,
                'character-189687',
                '[]'::json,
                false,
                false,
                10100,
                2003,
                true,
                1)
        returning *),
     update_main_character as (
         update "User"
             set "MainCharacterId" = (select "Id" from ins)
             where "MainGroupId" in (select "GroupId"
                                     from ins
                                     where "IsDefault" = true))
select *
from ins
Information [20101]: Executed DbCommand (1ms) [Parameters=[], CommandType='Text', CommandTimeout='60']
with ins as (
    insert into "Character" ("GenderId",
                             "CharacterStyleId",
                             "GroupId",
                             "Name",
                             "FilesInfo",
                             "PublicForCreation",
                             "PublicForBackgroundDancing",
                             "Size",
                             "PolyCount",
                             "IsDefault",
                             "SortOrder")
        values (1,
                1,
                189687,
                'character-189687',
                '[]'::json,
                false,
                false,
                10100,
                2003,
                true,
                1)
        returning *),
     update_main_character as (
         update "User"
             set "MainCharacterId" = (select "Id" from ins)
             where "MainGroupId" in (select "GroupId"
                                     from ins
                                     where "IsDefault" = true))
select *
from ins
Debug [10806]: Context 'TestReadWriteDbContext' started tracking 'Character' entity with key '{Id: 304982}'.
Debug [20301]: Closing data reader to 'frevertest' on server 'tcp://postgres-frever-it:5432'.
Debug [20300]: A data reader for 'frevertest' on server 'tcp://postgres-frever-it:5432' is being disposed after spending 0ms reading results.
Debug [10111]: Compiling query expression: 
'DbSet&lt;Character&gt;().FromSql(with ins as (
    insert into "Character" ("GenderId",
                             "CharacterStyleId",
                             "GroupId",
                             "Name",
                             "FilesInfo",
                             "PublicForCreation",
                             "PublicForBackgroundDancing",
                             "Size",
                             "PolyCount",
                             "IsDefault",
                             "SortOrder")
        values (1,
                1,
                189688,
                'character-189688',
                '[]'::json,
                false,
                false,
                10100,
                2003,
                true,
                1)
        returning *),
     update_main_character as (
         update "User"
             set "MainCharacterId" = (select "Id" from ins)
             where "MainGroupId" in (select "GroupId"
                                     from ins
                                     where "IsDefault" = true))
select *
from ins, __p_0)
'
Debug [10107]: Generated query execution expression: 
'queryContext =&gt; new FromSqlQueryingEnumerable&lt;Character&gt;(
    (RelationalQueryContext)queryContext, 
    RelationalCommandCache.QueryExpression(
        Projection Mapping:
            EmptyProjectionMember -&gt; Dictionary&lt;IProperty, int&gt; { [Property: Character.Id (long) Required PK AfterSave:Throw ValueGenerated.OnAdd, 0], [Property: Character.CharacterStyleId (long) Required FK Index, 1], [Property: Character.CreatedTime (DateTime) Required ValueGenerated.OnAdd, 2], [Property: Character.Files (List&lt;FileInfo&gt;), 3], [Property: Character.GenderId (long) Required FK Index, 4], [Property: Character.GroupId (long) Required FK Index, 5], [Property: Character.IsDefault (bool) Required, 6], [Property: Character.IsDeleted (bool) Required, 7], [Property: Character.ModifiedTime (DateTime) Required ValueGenerated.OnAdd, 8], [Property: Character.Name (string) Required ValueGenerated.OnAdd, 9], [Property: Character.PolyCount (int?), 10], [Property: Character.PublicForBackgroundDancing (bool) Required, 11], [Property: Character.PublicForCreation (bool) Required, 12], [Property: Character.ReadinessId (long) Required FK Index, 13], [Property: Character.Size (long?), 14], [Property: Character.SortOrder (int) Required, 15], [Property: Character.UploaderUserId (long) Required FK Index ValueGenerated.OnAdd, 16], [Property: Character.Version (Guid) Required, 17] }
        SELECT f.Id, f.CharacterStyleId, f.CreatedTime, f.FilesInfo, f.GenderId, f.GroupId, f.IsDefault, f.IsDeleted, f.ModifiedTime, f.Name, f.PolyCount, f.PublicForBackgroundDancing, f.PublicForCreation, f.ReadinessId, f.Size, f.SortOrder, f.UploaderUserId, f.Version
        FROM with ins as (
    insert into "Character" ("GenderId",
                             "CharacterStyleId",
                             "GroupId",
                             "Name",
                             "FilesInfo",
                             "PublicForCreation",
                             "PublicForBackgroundDancing",
                             "Size",
                             "PolyCount",
                             "IsDefault",
                             "SortOrder")
        values (1,
                1,
                189688,
                'character-189688',
                '[]'::json,
                false,
                false,
                10100,
                2003,
                true,
                1)
        returning *),
     update_main_character as (
         update "User"
             set "MainCharacterId" = (select "Id" from ins)
             where "MainGroupId" in (select "GroupId"
                                     from ins
                                     where "IsDefault" = true))
select *
from ins), 
    null, 
    List&lt;string&gt; { "Id", "CharacterStyleId", "CreatedTime", "FilesInfo", "GenderId", "GroupId", "IsDefault", "IsDeleted", "ModifiedTime", "Name", "PolyCount", "PublicForBackgroundDancing", "PublicForCreation", "ReadinessId", "Size", "SortOrder", "UploaderUserId", "Version" }, 
    Func&lt;QueryContext, DbDataReader, int[], Character&gt;, 
    Frever.Common.IntegrationTesting.TestReadWriteDbContext, 
    False, 
    False, 
    True
)'
Debug [20103]: Creating DbCommand for 'ExecuteReader'.
Debug [20104]: Created DbCommand for 'ExecuteReader' (0ms).
Debug [20106]: Initialized DbCommand for 'ExecuteReader' (0ms).
Debug [20100]: Executing DbCommand [Parameters=[], CommandType='Text', CommandTimeout='60']
with ins as (
    insert into "Character" ("GenderId",
                             "CharacterStyleId",
                             "GroupId",
                             "Name",
                             "FilesInfo",
                             "PublicForCreation",
                             "PublicForBackgroundDancing",
                             "Size",
                             "PolyCount",
                             "IsDefault",
                             "SortOrder")
        values (1,
                1,
                189688,
                'character-189688',
                '[]'::json,
                false,
                false,
                10100,
                2003,
                true,
                1)
        returning *),
     update_main_character as (
         update "User"
             set "MainCharacterId" = (select "Id" from ins)
             where "MainGroupId" in (select "GroupId"
                                     from ins
                                     where "IsDefault" = true))
select *
from ins
Information [20101]: Executed DbCommand (1ms) [Parameters=[], CommandType='Text', CommandTimeout='60']
with ins as (
    insert into "Character" ("GenderId",
                             "CharacterStyleId",
                             "GroupId",
                             "Name",
                             "FilesInfo",
                             "PublicForCreation",
                             "PublicForBackgroundDancing",
                             "Size",
                             "PolyCount",
                             "IsDefault",
                             "SortOrder")
        values (1,
                1,
                189688,
                'character-189688',
                '[]'::json,
                false,
                false,
                10100,
                2003,
                true,
                1)
        returning *),
     update_main_character as (
         update "User"
             set "MainCharacterId" = (select "Id" from ins)
             where "MainGroupId" in (select "GroupId"
                                     from ins
                                     where "IsDefault" = true))
select *
from ins
Debug [10806]: Context 'TestReadWriteDbContext' started tracking 'Character' entity with key '{Id: 304983}'.
Debug [20301]: Closing data reader to 'frevertest' on server 'tcp://postgres-frever-it:5432'.
Debug [20300]: A data reader for 'frevertest' on server 'tcp://postgres-frever-it:5432' is being disposed after spending 0ms reading results.
Debug [10111]: Compiling query expression: 
'DbSet&lt;Character&gt;().FromSql(with ins as (
    insert into "Character" ("GenderId",
                             "CharacterStyleId",
                             "GroupId",
                             "Name",
                             "FilesInfo",
                             "PublicForCreation",
                             "PublicForBackgroundDancing",
                             "Size",
                             "PolyCount",
                             "IsDefault",
                             "SortOrder")
        values (1,
                1,
                189689,
                'character-189689',
                '[]'::json,
                false,
                false,
                10100,
                2003,
                true,
                1)
        returning *),
     update_main_character as (
         update "User"
             set "MainCharacterId" = (select "Id" from ins)
             where "MainGroupId" in (select "GroupId"
                                     from ins
                                     where "IsDefault" = true))
select *
from ins, __p_0)
'
Debug [10107]: Generated query execution expression: 
'queryContext =&gt; new FromSqlQueryingEnumerable&lt;Character&gt;(
    (RelationalQueryContext)queryContext, 
    RelationalCommandCache.QueryExpression(
        Projection Mapping:
            EmptyProjectionMember -&gt; Dictionary&lt;IProperty, int&gt; { [Property: Character.Id (long) Required PK AfterSave:Throw ValueGenerated.OnAdd, 0], [Property: Character.CharacterStyleId (long) Required FK Index, 1], [Property: Character.CreatedTime (DateTime) Required ValueGenerated.OnAdd, 2], [Property: Character.Files (List&lt;FileInfo&gt;), 3], [Property: Character.GenderId (long) Required FK Index, 4], [Property: Character.GroupId (long) Required FK Index, 5], [Property: Character.IsDefault (bool) Required, 6], [Property: Character.IsDeleted (bool) Required, 7], [Property: Character.ModifiedTime (DateTime) Required ValueGenerated.OnAdd, 8], [Property: Character.Name (string) Required ValueGenerated.OnAdd, 9], [Property: Character.PolyCount (int?), 10], [Property: Character.PublicForBackgroundDancing (bool) Required, 11], [Property: Character.PublicForCreation (bool) Required, 12], [Property: Character.ReadinessId (long) Required FK Index, 13], [Property: Character.Size (long?), 14], [Property: Character.SortOrder (int) Required, 15], [Property: Character.UploaderUserId (long) Required FK Index ValueGenerated.OnAdd, 16], [Property: Character.Version (Guid) Required, 17] }
        SELECT f.Id, f.CharacterStyleId, f.CreatedTime, f.FilesInfo, f.GenderId, f.GroupId, f.IsDefault, f.IsDeleted, f.ModifiedTime, f.Name, f.PolyCount, f.PublicForBackgroundDancing, f.PublicForCreation, f.ReadinessId, f.Size, f.SortOrder, f.UploaderUserId, f.Version
        FROM with ins as (
    insert into "Character" ("GenderId",
                             "CharacterStyleId",
                             "GroupId",
                             "Name",
                             "FilesInfo",
                             "PublicForCreation",
                             "PublicForBackgroundDancing",
                             "Size",
                             "PolyCount",
                             "IsDefault",
                             "SortOrder")
        values (1,
                1,
                189689,
                'character-189689',
                '[]'::json,
                false,
                false,
                10100,
                2003,
                true,
                1)
        returning *),
     update_main_character as (
         update "User"
             set "MainCharacterId" = (select "Id" from ins)
             where "MainGroupId" in (select "GroupId"
                                     from ins
                                     where "IsDefault" = true))
select *
from ins), 
    null, 
    List&lt;string&gt; { "Id", "CharacterStyleId", "CreatedTime", "FilesInfo", "GenderId", "GroupId", "IsDefault", "IsDeleted", "ModifiedTime", "Name", "PolyCount", "PublicForBackgroundDancing", "PublicForCreation", "ReadinessId", "Size", "SortOrder", "UploaderUserId", "Version" }, 
    Func&lt;QueryContext, DbDataReader, int[], Character&gt;, 
    Frever.Common.IntegrationTesting.TestReadWriteDbContext, 
    False, 
    False, 
    True
)'
Debug [20103]: Creating DbCommand for 'ExecuteReader'.
Debug [20104]: Created DbCommand for 'ExecuteReader' (0ms).
Debug [20106]: Initialized DbCommand for 'ExecuteReader' (0ms).
Debug [20100]: Executing DbCommand [Parameters=[], CommandType='Text', CommandTimeout='60']
with ins as (
    insert into "Character" ("GenderId",
                             "CharacterStyleId",
                             "GroupId",
                             "Name",
                             "FilesInfo",
                             "PublicForCreation",
                             "PublicForBackgroundDancing",
                             "Size",
                             "PolyCount",
                             "IsDefault",
                             "SortOrder")
        values (1,
                1,
                189689,
                'character-189689',
                '[]'::json,
                false,
                false,
                10100,
                2003,
                true,
                1)
        returning *),
     update_main_character as (
         update "User"
             set "MainCharacterId" = (select "Id" from ins)
             where "MainGroupId" in (select "GroupId"
                                     from ins
                                     where "IsDefault" = true))
select *
from ins
Information [20101]: Executed DbCommand (1ms) [Parameters=[], CommandType='Text', CommandTimeout='60']
with ins as (
    insert into "Character" ("GenderId",
                             "CharacterStyleId",
                             "GroupId",
                             "Name",
                             "FilesInfo",
                             "PublicForCreation",
                             "PublicForBackgroundDancing",
                             "Size",
                             "PolyCount",
                             "IsDefault",
                             "SortOrder")
        values (1,
                1,
                189689,
                'character-189689',
                '[]'::json,
                false,
                false,
                10100,
                2003,
                true,
                1)
        returning *),
     update_main_character as (
         update "User"
             set "MainCharacterId" = (select "Id" from ins)
             where "MainGroupId" in (select "GroupId"
                                     from ins
                                     where "IsDefault" = true))
select *
from ins
Debug [10806]: Context 'TestReadWriteDbContext' started tracking 'Character' entity with key '{Id: 304984}'.
Debug [20301]: Closing data reader to 'frevertest' on server 'tcp://postgres-frever-it:5432'.
Debug [20300]: A data reader for 'frevertest' on server 'tcp://postgres-frever-it:5432' is being disposed after spending 0ms reading results.
Debug [10111]: Compiling query expression: 
'DbSet&lt;Character&gt;().FromSql(with ins as (
    insert into "Character" ("GenderId",
                             "CharacterStyleId",
                             "GroupId",
                             "Name",
                             "FilesInfo",
                             "PublicForCreation",
                             "PublicForBackgroundDancing",
                             "Size",
                             "PolyCount",
                             "IsDefault",
                             "SortOrder")
        values (1,
                1,
                189690,
                'character-189690',
                '[]'::json,
                false,
                false,
                10100,
                2003,
                true,
                1)
        returning *),
     update_main_character as (
         update "User"
             set "MainCharacterId" = (select "Id" from ins)
             where "MainGroupId" in (select "GroupId"
                                     from ins
                                     where "IsDefault" = true))
select *
from ins, __p_0)
'
Debug [10107]: Generated query execution expression: 
'queryContext =&gt; new FromSqlQueryingEnumerable&lt;Character&gt;(
    (RelationalQueryContext)queryContext, 
    RelationalCommandCache.QueryExpression(
        Projection Mapping:
            EmptyProjectionMember -&gt; Dictionary&lt;IProperty, int&gt; { [Property: Character.Id (long) Required PK AfterSave:Throw ValueGenerated.OnAdd, 0], [Property: Character.CharacterStyleId (long) Required FK Index, 1], [Property: Character.CreatedTime (DateTime) Required ValueGenerated.OnAdd, 2], [Property: Character.Files (List&lt;FileInfo&gt;), 3], [Property: Character.GenderId (long) Required FK Index, 4], [Property: Character.GroupId (long) Required FK Index, 5], [Property: Character.IsDefault (bool) Required, 6], [Property: Character.IsDeleted (bool) Required, 7], [Property: Character.ModifiedTime (DateTime) Required ValueGenerated.OnAdd, 8], [Property: Character.Name (string) Required ValueGenerated.OnAdd, 9], [Property: Character.PolyCount (int?), 10], [Property: Character.PublicForBackgroundDancing (bool) Required, 11], [Property: Character.PublicForCreation (bool) Required, 12], [Property: Character.ReadinessId (long) Required FK Index, 13], [Property: Character.Size (long?), 14], [Property: Character.SortOrder (int) Required, 15], [Property: Character.UploaderUserId (long) Required FK Index ValueGenerated.OnAdd, 16], [Property: Character.Version (Guid) Required, 17] }
        SELECT f.Id, f.CharacterStyleId, f.CreatedTime, f.FilesInfo, f.GenderId, f.GroupId, f.IsDefault, f.IsDeleted, f.ModifiedTime, f.Name, f.PolyCount, f.PublicForBackgroundDancing, f.PublicForCreation, f.ReadinessId, f.Size, f.SortOrder, f.UploaderUserId, f.Version
        FROM with ins as (
    insert into "Character" ("GenderId",
                             "CharacterStyleId",
                             "GroupId",
                             "Name",
                             "FilesInfo",
                             "PublicForCreation",
                             "PublicForBackgroundDancing",
                             "Size",
                             "PolyCount",
                             "IsDefault",
                             "SortOrder")
        values (1,
                1,
                189690,
                'character-189690',
                '[]'::json,
                false,
                false,
                10100,
                2003,
                true,
                1)
        returning *),
     update_main_character as (
         update "User"
             set "MainCharacterId" = (select "Id" from ins)
             where "MainGroupId" in (select "GroupId"
                                     from ins
                                     where "IsDefault" = true))
select *
from ins), 
    null, 
    List&lt;string&gt; { "Id", "CharacterStyleId", "CreatedTime", "FilesInfo", "GenderId", "GroupId", "IsDefault", "IsDeleted", "ModifiedTime", "Name", "PolyCount", "PublicForBackgroundDancing", "PublicForCreation", "ReadinessId", "Size", "SortOrder", "UploaderUserId", "Version" }, 
    Func&lt;QueryContext, DbDataReader, int[], Character&gt;, 
    Frever.Common.IntegrationTesting.TestReadWriteDbContext, 
    False, 
    False, 
    True
)'
Debug [20103]: Creating DbCommand for 'ExecuteReader'.
Debug [20104]: Created DbCommand for 'ExecuteReader' (0ms).
Debug [20106]: Initialized DbCommand for 'ExecuteReader' (0ms).
Debug [20100]: Executing DbCommand [Parameters=[], CommandType='Text', CommandTimeout='60']
with ins as (
    insert into "Character" ("GenderId",
                             "CharacterStyleId",
                             "GroupId",
                             "Name",
                             "FilesInfo",
                             "PublicForCreation",
                             "PublicForBackgroundDancing",
                             "Size",
                             "PolyCount",
                             "IsDefault",
                             "SortOrder")
        values (1,
                1,
                189690,
                'character-189690',
                '[]'::json,
                false,
                false,
                10100,
                2003,
                true,
                1)
        returning *),
     update_main_character as (
         update "User"
             set "MainCharacterId" = (select "Id" from ins)
             where "MainGroupId" in (select "GroupId"
                                     from ins
                                     where "IsDefault" = true))
select *
from ins
Information [20101]: Executed DbCommand (1ms) [Parameters=[], CommandType='Text', CommandTimeout='60']
with ins as (
    insert into "Character" ("GenderId",
                             "CharacterStyleId",
                             "GroupId",
                             "Name",
                             "FilesInfo",
                             "PublicForCreation",
                             "PublicForBackgroundDancing",
                             "Size",
                             "PolyCount",
                             "IsDefault",
                             "SortOrder")
        values (1,
                1,
                189690,
                'character-189690',
                '[]'::json,
                false,
                false,
                10100,
                2003,
                true,
                1)
        returning *),
     update_main_character as (
         update "User"
             set "MainCharacterId" = (select "Id" from ins)
             where "MainGroupId" in (select "GroupId"
                                     from ins
                                     where "IsDefault" = true))
select *
from ins
Debug [10806]: Context 'TestReadWriteDbContext' started tracking 'Character' entity with key '{Id: 304985}'.
Debug [20301]: Closing data reader to 'frevertest' on server 'tcp://postgres-frever-it:5432'.
Debug [20300]: A data reader for 'frevertest' on server 'tcp://postgres-frever-it:5432' is being disposed after spending 0ms reading results.
Debug [10111]: Compiling query expression: 
'DbSet&lt;Character&gt;().FromSql(with ins as (
    insert into "Character" ("GenderId",
                             "CharacterStyleId",
                             "GroupId",
                             "Name",
                             "FilesInfo",
                             "PublicForCreation",
                             "PublicForBackgroundDancing",
                             "Size",
                             "PolyCount",
                             "IsDefault",
                             "SortOrder")
        values (1,
                1,
                189691,
                'character-189691',
                '[]'::json,
                false,
                false,
                10100,
                2003,
                true,
                1)
        returning *),
     update_main_character as (
         update "User"
             set "MainCharacterId" = (select "Id" from ins)
             where "MainGroupId" in (select "GroupId"
                                     from ins
                                     where "IsDefault" = true))
select *
from ins, __p_0)
'
Debug [10107]: Generated query execution expression: 
'queryContext =&gt; new FromSqlQueryingEnumerable&lt;Character&gt;(
    (RelationalQueryContext)queryContext, 
    RelationalCommandCache.QueryExpression(
        Projection Mapping:
            EmptyProjectionMember -&gt; Dictionary&lt;IProperty, int&gt; { [Property: Character.Id (long) Required PK AfterSave:Throw ValueGenerated.OnAdd, 0], [Property: Character.CharacterStyleId (long) Required FK Index, 1], [Property: Character.CreatedTime (DateTime) Required ValueGenerated.OnAdd, 2], [Property: Character.Files (List&lt;FileInfo&gt;), 3], [Property: Character.GenderId (long) Required FK Index, 4], [Property: Character.GroupId (long) Required FK Index, 5], [Property: Character.IsDefault (bool) Required, 6], [Property: Character.IsDeleted (bool) Required, 7], [Property: Character.ModifiedTime (DateTime) Required ValueGenerated.OnAdd, 8], [Property: Character.Name (string) Required ValueGenerated.OnAdd, 9], [Property: Character.PolyCount (int?), 10], [Property: Character.PublicForBackgroundDancing (bool) Required, 11], [Property: Character.PublicForCreation (bool) Required, 12], [Property: Character.ReadinessId (long) Required FK Index, 13], [Property: Character.Size (long?), 14], [Property: Character.SortOrder (int) Required, 15], [Property: Character.UploaderUserId (long) Required FK Index ValueGenerated.OnAdd, 16], [Property: Character.Version (Guid) Required, 17] }
        SELECT f.Id, f.CharacterStyleId, f.CreatedTime, f.FilesInfo, f.GenderId, f.GroupId, f.IsDefault, f.IsDeleted, f.ModifiedTime, f.Name, f.PolyCount, f.PublicForBackgroundDancing, f.PublicForCreation, f.ReadinessId, f.Size, f.SortOrder, f.UploaderUserId, f.Version
        FROM with ins as (
    insert into "Character" ("GenderId",
                             "CharacterStyleId",
                             "GroupId",
                             "Name",
                             "FilesInfo",
                             "PublicForCreation",
                             "PublicForBackgroundDancing",
                             "Size",
                             "PolyCount",
                             "IsDefault",
                             "SortOrder")
        values (1,
                1,
                189691,
                'character-189691',
                '[]'::json,
                false,
                false,
                10100,
                2003,
                true,
                1)
        returning *),
     update_main_character as (
         update "User"
             set "MainCharacterId" = (select "Id" from ins)
             where "MainGroupId" in (select "GroupId"
                                     from ins
                                     where "IsDefault" = true))
select *
from ins), 
    null, 
    List&lt;string&gt; { "Id", "CharacterStyleId", "CreatedTime", "FilesInfo", "GenderId", "GroupId", "IsDefault", "IsDeleted", "ModifiedTime", "Name", "PolyCount", "PublicForBackgroundDancing", "PublicForCreation", "ReadinessId", "Size", "SortOrder", "UploaderUserId", "Version" }, 
    Func&lt;QueryContext, DbDataReader, int[], Character&gt;, 
    Frever.Common.IntegrationTesting.TestReadWriteDbContext, 
    False, 
    False, 
    True
)'
Debug [20103]: Creating DbCommand for 'ExecuteReader'.
Debug [20104]: Created DbCommand for 'ExecuteReader' (0ms).
Debug [20106]: Initialized DbCommand for 'ExecuteReader' (0ms).
Debug [20100]: Executing DbCommand [Parameters=[], CommandType='Text', CommandTimeout='60']
with ins as (
    insert into "Character" ("GenderId",
                             "CharacterStyleId",
                             "GroupId",
                             "Name",
                             "FilesInfo",
                             "PublicForCreation",
                             "PublicForBackgroundDancing",
                             "Size",
                             "PolyCount",
                             "IsDefault",
                             "SortOrder")
        values (1,
                1,
                189691,
                'character-189691',
                '[]'::json,
                false,
                false,
                10100,
                2003,
                true,
                1)
        returning *),
     update_main_character as (
         update "User"
             set "MainCharacterId" = (select "Id" from ins)
             where "MainGroupId" in (select "GroupId"
                                     from ins
                                     where "IsDefault" = true))
select *
from ins
Information [20101]: Executed DbCommand (2ms) [Parameters=[], CommandType='Text', CommandTimeout='60']
with ins as (
    insert into "Character" ("GenderId",
                             "CharacterStyleId",
                             "GroupId",
                             "Name",
                             "FilesInfo",
                             "PublicForCreation",
                             "PublicForBackgroundDancing",
                             "Size",
                             "PolyCount",
                             "IsDefault",
                             "SortOrder")
        values (1,
                1,
                189691,
                'character-189691',
                '[]'::json,
                false,
                false,
                10100,
                2003,
                true,
                1)
        returning *),
     update_main_character as (
         update "User"
             set "MainCharacterId" = (select "Id" from ins)
             where "MainGroupId" in (select "GroupId"
                                     from ins
                                     where "IsDefault" = true))
select *
from ins
Debug [10806]: Context 'TestReadWriteDbContext' started tracking 'Character' entity with key '{Id: 304986}'.
Debug [20301]: Closing data reader to 'frevertest' on server 'tcp://postgres-frever-it:5432'.
Debug [20300]: A data reader for 'frevertest' on server 'tcp://postgres-frever-it:5432' is being disposed after spending 2ms reading results.
Debug [10111]: Compiling query expression: 
'DbSet&lt;Character&gt;().FromSql(with ins as (
    insert into "Character" ("GenderId",
                             "CharacterStyleId",
                             "GroupId",
                             "Name",
                             "FilesInfo",
                             "PublicForCreation",
                             "PublicForBackgroundDancing",
                             "Size",
                             "PolyCount",
                             "IsDefault",
                             "SortOrder")
        values (1,
                1,
                189692,
                'character-189692',
                '[]'::json,
                false,
                false,
                10100,
                2003,
                true,
                1)
        returning *),
     update_main_character as (
         update "User"
             set "MainCharacterId" = (select "Id" from ins)
             where "MainGroupId" in (select "GroupId"
                                     from ins
                                     where "IsDefault" = true))
select *
from ins, __p_0)
'
Debug [10107]: Generated query execution expression: 
'queryContext =&gt; new FromSqlQueryingEnumerable&lt;Character&gt;(
    (RelationalQueryContext)queryContext, 
    RelationalCommandCache.QueryExpression(
        Projection Mapping:
            EmptyProjectionMember -&gt; Dictionary&lt;IProperty, int&gt; { [Property: Character.Id (long) Required PK AfterSave:Throw ValueGenerated.OnAdd, 0], [Property: Character.CharacterStyleId (long) Required FK Index, 1], [Property: Character.CreatedTime (DateTime) Required ValueGenerated.OnAdd, 2], [Property: Character.Files (List&lt;FileInfo&gt;), 3], [Property: Character.GenderId (long) Required FK Index, 4], [Property: Character.GroupId (long) Required FK Index, 5], [Property: Character.IsDefault (bool) Required, 6], [Property: Character.IsDeleted (bool) Required, 7], [Property: Character.ModifiedTime (DateTime) Required ValueGenerated.OnAdd, 8], [Property: Character.Name (string) Required ValueGenerated.OnAdd, 9], [Property: Character.PolyCount (int?), 10], [Property: Character.PublicForBackgroundDancing (bool) Required, 11], [Property: Character.PublicForCreation (bool) Required, 12], [Property: Character.ReadinessId (long) Required FK Index, 13], [Property: Character.Size (long?), 14], [Property: Character.SortOrder (int) Required, 15], [Property: Character.UploaderUserId (long) Required FK Index ValueGenerated.OnAdd, 16], [Property: Character.Version (Guid) Required, 17] }
        SELECT f.Id, f.CharacterStyleId, f.CreatedTime, f.FilesInfo, f.GenderId, f.GroupId, f.IsDefault, f.IsDeleted, f.ModifiedTime, f.Name, f.PolyCount, f.PublicForBackgroundDancing, f.PublicForCreation, f.ReadinessId, f.Size, f.SortOrder, f.UploaderUserId, f.Version
        FROM with ins as (
    insert into "Character" ("GenderId",
                             "CharacterStyleId",
                             "GroupId",
                             "Name",
                             "FilesInfo",
                             "PublicForCreation",
                             "PublicForBackgroundDancing",
                             "Size",
                             "PolyCount",
                             "IsDefault",
                             "SortOrder")
        values (1,
                1,
                189692,
                'character-189692',
                '[]'::json,
                false,
                false,
                10100,
                2003,
                true,
                1)
        returning *),
     update_main_character as (
         update "User"
             set "MainCharacterId" = (select "Id" from ins)
             where "MainGroupId" in (select "GroupId"
                                     from ins
                                     where "IsDefault" = true))
select *
from ins), 
    null, 
    List&lt;string&gt; { "Id", "CharacterStyleId", "CreatedTime", "FilesInfo", "GenderId", "GroupId", "IsDefault", "IsDeleted", "ModifiedTime", "Name", "PolyCount", "PublicForBackgroundDancing", "PublicForCreation", "ReadinessId", "Size", "SortOrder", "UploaderUserId", "Version" }, 
    Func&lt;QueryContext, DbDataReader, int[], Character&gt;, 
    Frever.Common.IntegrationTesting.TestReadWriteDbContext, 
    False, 
    False, 
    True
)'
Debug [20103]: Creating DbCommand for 'ExecuteReader'.
Debug [20104]: Created DbCommand for 'ExecuteReader' (0ms).
Debug [20106]: Initialized DbCommand for 'ExecuteReader' (0ms).
Debug [20100]: Executing DbCommand [Parameters=[], CommandType='Text', CommandTimeout='60']
with ins as (
    insert into "Character" ("GenderId",
                             "CharacterStyleId",
                             "GroupId",
                             "Name",
                             "FilesInfo",
                             "PublicForCreation",
                             "PublicForBackgroundDancing",
                             "Size",
                             "PolyCount",
                             "IsDefault",
                             "SortOrder")
        values (1,
                1,
                189692,
                'character-189692',
                '[]'::json,
                false,
                false,
                10100,
                2003,
                true,
                1)
        returning *),
     update_main_character as (
         update "User"
             set "MainCharacterId" = (select "Id" from ins)
             where "MainGroupId" in (select "GroupId"
                                     from ins
                                     where "IsDefault" = true))
select *
from ins
Information [20101]: Executed DbCommand (1ms) [Parameters=[], CommandType='Text', CommandTimeout='60']
with ins as (
    insert into "Character" ("GenderId",
                             "CharacterStyleId",
                             "GroupId",
                             "Name",
                             "FilesInfo",
                             "PublicForCreation",
                             "PublicForBackgroundDancing",
                             "Size",
                             "PolyCount",
                             "IsDefault",
                             "SortOrder")
        values (1,
                1,
                189692,
                'character-189692',
                '[]'::json,
                false,
                false,
                10100,
                2003,
                true,
                1)
        returning *),
     update_main_character as (
         update "User"
             set "MainCharacterId" = (select "Id" from ins)
             where "MainGroupId" in (select "GroupId"
                                     from ins
                                     where "IsDefault" = true))
select *
from ins
Debug [10806]: Context 'TestReadWriteDbContext' started tracking 'Character' entity with key '{Id: 304987}'.
Debug [20301]: Closing data reader to 'frevertest' on server 'tcp://postgres-frever-it:5432'.
Debug [20300]: A data reader for 'frevertest' on server 'tcp://postgres-frever-it:5432' is being disposed after spending 0ms reading results.
Debug [10111]: Compiling query expression: 
'DbSet&lt;Character&gt;().FromSql(with ins as (
    insert into "Character" ("GenderId",
                             "CharacterStyleId",
                             "GroupId",
                             "Name",
                             "FilesInfo",
                             "PublicForCreation",
                             "PublicForBackgroundDancing",
                             "Size",
                             "PolyCount",
                             "IsDefault",
                             "SortOrder")
        values (1,
                1,
                189693,
                'character-189693',
                '[]'::json,
                false,
                false,
                10100,
                2003,
                true,
                1)
        returning *),
     update_main_character as (
         update "User"
             set "MainCharacterId" = (select "Id" from ins)
             where "MainGroupId" in (select "GroupId"
                                     from ins
                                     where "IsDefault" = true))
select *
from ins, __p_0)
'
Debug [10107]: Generated query execution expression: 
'queryContext =&gt; new FromSqlQueryingEnumerable&lt;Character&gt;(
    (RelationalQueryContext)queryContext, 
    RelationalCommandCache.QueryExpression(
        Projection Mapping:
            EmptyProjectionMember -&gt; Dictionary&lt;IProperty, int&gt; { [Property: Character.Id (long) Required PK AfterSave:Throw ValueGenerated.OnAdd, 0], [Property: Character.CharacterStyleId (long) Required FK Index, 1], [Property: Character.CreatedTime (DateTime) Required ValueGenerated.OnAdd, 2], [Property: Character.Files (List&lt;FileInfo&gt;), 3], [Property: Character.GenderId (long) Required FK Index, 4], [Property: Character.GroupId (long) Required FK Index, 5], [Property: Character.IsDefault (bool) Required, 6], [Property: Character.IsDeleted (bool) Required, 7], [Property: Character.ModifiedTime (DateTime) Required ValueGenerated.OnAdd, 8], [Property: Character.Name (string) Required ValueGenerated.OnAdd, 9], [Property: Character.PolyCount (int?), 10], [Property: Character.PublicForBackgroundDancing (bool) Required, 11], [Property: Character.PublicForCreation (bool) Required, 12], [Property: Character.ReadinessId (long) Required FK Index, 13], [Property: Character.Size (long?), 14], [Property: Character.SortOrder (int) Required, 15], [Property: Character.UploaderUserId (long) Required FK Index ValueGenerated.OnAdd, 16], [Property: Character.Version (Guid) Required, 17] }
        SELECT f.Id, f.CharacterStyleId, f.CreatedTime, f.FilesInfo, f.GenderId, f.GroupId, f.IsDefault, f.IsDeleted, f.ModifiedTime, f.Name, f.PolyCount, f.PublicForBackgroundDancing, f.PublicForCreation, f.ReadinessId, f.Size, f.SortOrder, f.UploaderUserId, f.Version
        FROM with ins as (
    insert into "Character" ("GenderId",
                             "CharacterStyleId",
                             "GroupId",
                             "Name",
                             "FilesInfo",
                             "PublicForCreation",
                             "PublicForBackgroundDancing",
                             "Size",
                             "PolyCount",
                             "IsDefault",
                             "SortOrder")
        values (1,
                1,
                189693,
                'character-189693',
                '[]'::json,
                false,
                false,
                10100,
                2003,
                true,
                1)
        returning *),
     update_main_character as (
         update "User"
             set "MainCharacterId" = (select "Id" from ins)
             where "MainGroupId" in (select "GroupId"
                                     from ins
                                     where "IsDefault" = true))
select *
from ins), 
    null, 
    List&lt;string&gt; { "Id", "CharacterStyleId", "CreatedTime", "FilesInfo", "GenderId", "GroupId", "IsDefault", "IsDeleted", "ModifiedTime", "Name", "PolyCount", "PublicForBackgroundDancing", "PublicForCreation", "ReadinessId", "Size", "SortOrder", "UploaderUserId", "Version" }, 
    Func&lt;QueryContext, DbDataReader, int[], Character&gt;, 
    Frever.Common.IntegrationTesting.TestReadWriteDbContext, 
    False, 
    False, 
    True
)'
Debug [20103]: Creating DbCommand for 'ExecuteReader'.
Debug [20104]: Created DbCommand for 'ExecuteReader' (0ms).
Debug [20106]: Initialized DbCommand for 'ExecuteReader' (0ms).
Debug [20100]: Executing DbCommand [Parameters=[], CommandType='Text', CommandTimeout='60']
with ins as (
    insert into "Character" ("GenderId",
                             "CharacterStyleId",
                             "GroupId",
                             "Name",
                             "FilesInfo",
                             "PublicForCreation",
                             "PublicForBackgroundDancing",
                             "Size",
                             "PolyCount",
                             "IsDefault",
                             "SortOrder")
        values (1,
                1,
                189693,
                'character-189693',
                '[]'::json,
                false,
                false,
                10100,
                2003,
                true,
                1)
        returning *),
     update_main_character as (
         update "User"
             set "MainCharacterId" = (select "Id" from ins)
             where "MainGroupId" in (select "GroupId"
                                     from ins
                                     where "IsDefault" = true))
select *
from ins
Information [20101]: Executed DbCommand (1ms) [Parameters=[], CommandType='Text', CommandTimeout='60']
with ins as (
    insert into "Character" ("GenderId",
                             "CharacterStyleId",
                             "GroupId",
                             "Name",
                             "FilesInfo",
                             "PublicForCreation",
                             "PublicForBackgroundDancing",
                             "Size",
                             "PolyCount",
                             "IsDefault",
                             "SortOrder")
        values (1,
                1,
                189693,
                'character-189693',
                '[]'::json,
                false,
                false,
                10100,
                2003,
                true,
                1)
        returning *),
     update_main_character as (
         update "User"
             set "MainCharacterId" = (select "Id" from ins)
             where "MainGroupId" in (select "GroupId"
                                     from ins
                                     where "IsDefault" = true))
select *
from ins
Debug [10806]: Context 'TestReadWriteDbContext' started tracking 'Character' entity with key '{Id: 304988}'.
Debug [20301]: Closing data reader to 'frevertest' on server 'tcp://postgres-frever-it:5432'.
Debug [20300]: A data reader for 'frevertest' on server 'tcp://postgres-frever-it:5432' is being disposed after spending 0ms reading results.
Debug [10111]: Compiling query expression: 
'DbSet&lt;Character&gt;().FromSql(with ins as (
    insert into "Character" ("GenderId",
                             "CharacterStyleId",
                             "GroupId",
                             "Name",
                             "FilesInfo",
                             "PublicForCreation",
                             "PublicForBackgroundDancing",
                             "Size",
                             "PolyCount",
                             "IsDefault",
                             "SortOrder")
        values (1,
                1,
                189694,
                'character-189694',
                '[]'::json,
                false,
                false,
                10100,
                2003,
                true,
                1)
        returning *),
     update_main_character as (
         update "User"
             set "MainCharacterId" = (select "Id" from ins)
             where "MainGroupId" in (select "GroupId"
                                     from ins
                                     where "IsDefault" = true))
select *
from ins, __p_0)
'
Debug [10107]: Generated query execution expression: 
'queryContext =&gt; new FromSqlQueryingEnumerable&lt;Character&gt;(
    (RelationalQueryContext)queryContext, 
    RelationalCommandCache.QueryExpression(
        Projection Mapping:
            EmptyProjectionMember -&gt; Dictionary&lt;IProperty, int&gt; { [Property: Character.Id (long) Required PK AfterSave:Throw ValueGenerated.OnAdd, 0], [Property: Character.CharacterStyleId (long) Required FK Index, 1], [Property: Character.CreatedTime (DateTime) Required ValueGenerated.OnAdd, 2], [Property: Character.Files (List&lt;FileInfo&gt;), 3], [Property: Character.GenderId (long) Required FK Index, 4], [Property: Character.GroupId (long) Required FK Index, 5], [Property: Character.IsDefault (bool) Required, 6], [Property: Character.IsDeleted (bool) Required, 7], [Property: Character.ModifiedTime (DateTime) Required ValueGenerated.OnAdd, 8], [Property: Character.Name (string) Required ValueGenerated.OnAdd, 9], [Property: Character.PolyCount (int?), 10], [Property: Character.PublicForBackgroundDancing (bool) Required, 11], [Property: Character.PublicForCreation (bool) Required, 12], [Property: Character.ReadinessId (long) Required FK Index, 13], [Property: Character.Size (long?), 14], [Property: Character.SortOrder (int) Required, 15], [Property: Character.UploaderUserId (long) Required FK Index ValueGenerated.OnAdd, 16], [Property: Character.Version (Guid) Required, 17] }
        SELECT f.Id, f.CharacterStyleId, f.CreatedTime, f.FilesInfo, f.GenderId, f.GroupId, f.IsDefault, f.IsDeleted, f.ModifiedTime, f.Name, f.PolyCount, f.PublicForBackgroundDancing, f.PublicForCreation, f.ReadinessId, f.Size, f.SortOrder, f.UploaderUserId, f.Version
        FROM with ins as (
    insert into "Character" ("GenderId",
                             "CharacterStyleId",
                             "GroupId",
                             "Name",
                             "FilesInfo",
                             "PublicForCreation",
                             "PublicForBackgroundDancing",
                             "Size",
                             "PolyCount",
                             "IsDefault",
                             "SortOrder")
        values (1,
                1,
                189694,
                'character-189694',
                '[]'::json,
                false,
                false,
                10100,
                2003,
                true,
                1)
        returning *),
     update_main_character as (
         update "User"
             set "MainCharacterId" = (select "Id" from ins)
             where "MainGroupId" in (select "GroupId"
                                     from ins
                                     where "IsDefault" = true))
select *
from ins), 
    null, 
    List&lt;string&gt; { "Id", "CharacterStyleId", "CreatedTime", "FilesInfo", "GenderId", "GroupId", "IsDefault", "IsDeleted", "ModifiedTime", "Name", "PolyCount", "PublicForBackgroundDancing", "PublicForCreation", "ReadinessId", "Size", "SortOrder", "UploaderUserId", "Version" }, 
    Func&lt;QueryContext, DbDataReader, int[], Character&gt;, 
    Frever.Common.IntegrationTesting.TestReadWriteDbContext, 
    False, 
    False, 
    True
)'
Debug [20103]: Creating DbCommand for 'ExecuteReader'.
Debug [20104]: Created DbCommand for 'ExecuteReader' (0ms).
Debug [20106]: Initialized DbCommand for 'ExecuteReader' (0ms).
Debug [20100]: Executing DbCommand [Parameters=[], CommandType='Text', CommandTimeout='60']
with ins as (
    insert into "Character" ("GenderId",
                             "CharacterStyleId",
                             "GroupId",
                             "Name",
                             "FilesInfo",
                             "PublicForCreation",
                             "PublicForBackgroundDancing",
                             "Size",
                             "PolyCount",
                             "IsDefault",
                             "SortOrder")
        values (1,
                1,
                189694,
                'character-189694',
                '[]'::json,
                false,
                false,
                10100,
                2003,
                true,
                1)
        returning *),
     update_main_character as (
         update "User"
             set "MainCharacterId" = (select "Id" from ins)
             where "MainGroupId" in (select "GroupId"
                                     from ins
                                     where "IsDefault" = true))
select *
from ins
Information [20101]: Executed DbCommand (1ms) [Parameters=[], CommandType='Text', CommandTimeout='60']
with ins as (
    insert into "Character" ("GenderId",
                             "CharacterStyleId",
                             "GroupId",
                             "Name",
                             "FilesInfo",
                             "PublicForCreation",
                             "PublicForBackgroundDancing",
                             "Size",
                             "PolyCount",
                             "IsDefault",
                             "SortOrder")
        values (1,
                1,
                189694,
                'character-189694',
                '[]'::json,
                false,
                false,
                10100,
                2003,
                true,
                1)
        returning *),
     update_main_character as (
         update "User"
             set "MainCharacterId" = (select "Id" from ins)
             where "MainGroupId" in (select "GroupId"
                                     from ins
                                     where "IsDefault" = true))
select *
from ins
Debug [10806]: Context 'TestReadWriteDbContext' started tracking 'Character' entity with key '{Id: 304989}'.
Debug [20301]: Closing data reader to 'frevertest' on server 'tcp://postgres-frever-it:5432'.
Debug [20300]: A data reader for 'frevertest' on server 'tcp://postgres-frever-it:5432' is being disposed after spending 0ms reading results.
Debug [10111]: Compiling query expression: 
'DbSet&lt;Character&gt;().FromSql(with ins as (
    insert into "Character" ("GenderId",
                             "CharacterStyleId",
                             "GroupId",
                             "Name",
                             "FilesInfo",
                             "PublicForCreation",
                             "PublicForBackgroundDancing",
                             "Size",
                             "PolyCount",
                             "IsDefault",
                             "SortOrder")
        values (1,
                1,
                189695,
                'character-189695',
                '[]'::json,
                false,
                false,
                10100,
                2003,
                true,
                1)
        returning *),
     update_main_character as (
         update "User"
             set "MainCharacterId" = (select "Id" from ins)
             where "MainGroupId" in (select "GroupId"
                                     from ins
                                     where "IsDefault" = true))
select *
from ins, __p_0)
'
Debug [10107]: Generated query execution expression: 
'queryContext =&gt; new FromSqlQueryingEnumerable&lt;Character&gt;(
    (RelationalQueryContext)queryContext, 
    RelationalCommandCache.QueryExpression(
        Projection Mapping:
            EmptyProjectionMember -&gt; Dictionary&lt;IProperty, int&gt; { [Property: Character.Id (long) Required PK AfterSave:Throw ValueGenerated.OnAdd, 0], [Property: Character.CharacterStyleId (long) Required FK Index, 1], [Property: Character.CreatedTime (DateTime) Required ValueGenerated.OnAdd, 2], [Property: Character.Files (List&lt;FileInfo&gt;), 3], [Property: Character.GenderId (long) Required FK Index, 4], [Property: Character.GroupId (long) Required FK Index, 5], [Property: Character.IsDefault (bool) Required, 6], [Property: Character.IsDeleted (bool) Required, 7], [Property: Character.ModifiedTime (DateTime) Required ValueGenerated.OnAdd, 8], [Property: Character.Name (string) Required ValueGenerated.OnAdd, 9], [Property: Character.PolyCount (int?), 10], [Property: Character.PublicForBackgroundDancing (bool) Required, 11], [Property: Character.PublicForCreation (bool) Required, 12], [Property: Character.ReadinessId (long) Required FK Index, 13], [Property: Character.Size (long?), 14], [Property: Character.SortOrder (int) Required, 15], [Property: Character.UploaderUserId (long) Required FK Index ValueGenerated.OnAdd, 16], [Property: Character.Version (Guid) Required, 17] }
        SELECT f.Id, f.CharacterStyleId, f.CreatedTime, f.FilesInfo, f.GenderId, f.GroupId, f.IsDefault, f.IsDeleted, f.ModifiedTime, f.Name, f.PolyCount, f.PublicForBackgroundDancing, f.PublicForCreation, f.ReadinessId, f.Size, f.SortOrder, f.UploaderUserId, f.Version
        FROM with ins as (
    insert into "Character" ("GenderId",
                             "CharacterStyleId",
                             "GroupId",
                             "Name",
                             "FilesInfo",
                             "PublicForCreation",
                             "PublicForBackgroundDancing",
                             "Size",
                             "PolyCount",
                             "IsDefault",
                             "SortOrder")
        values (1,
                1,
                189695,
                'character-189695',
                '[]'::json,
                false,
                false,
                10100,
                2003,
                true,
                1)
        returning *),
     update_main_character as (
         update "User"
             set "MainCharacterId" = (select "Id" from ins)
             where "MainGroupId" in (select "GroupId"
                                     from ins
                                     where "IsDefault" = true))
select *
from ins), 
    null, 
    List&lt;string&gt; { "Id", "CharacterStyleId", "CreatedTime", "FilesInfo", "GenderId", "GroupId", "IsDefault", "IsDeleted", "ModifiedTime", "Name", "PolyCount", "PublicForBackgroundDancing", "PublicForCreation", "ReadinessId", "Size", "SortOrder", "UploaderUserId", "Version" }, 
    Func&lt;QueryContext, DbDataReader, int[], Character&gt;, 
    Frever.Common.IntegrationTesting.TestReadWriteDbContext, 
    False, 
    False, 
    True
)'
Debug [20103]: Creating DbCommand for 'ExecuteReader'.
Debug [20104]: Created DbCommand for 'ExecuteReader' (0ms).
Debug [20106]: Initialized DbCommand for 'ExecuteReader' (0ms).
Debug [20100]: Executing DbCommand [Parameters=[], CommandType='Text', CommandTimeout='60']
with ins as (
    insert into "Character" ("GenderId",
                             "CharacterStyleId",
                             "GroupId",
                             "Name",
                             "FilesInfo",
                             "PublicForCreation",
                             "PublicForBackgroundDancing",
                             "Size",
                             "PolyCount",
                             "IsDefault",
                             "SortOrder")
        values (1,
                1,
                189695,
                'character-189695',
                '[]'::json,
                false,
                false,
                10100,
                2003,
                true,
                1)
        returning *),
     update_main_character as (
         update "User"
             set "MainCharacterId" = (select "Id" from ins)
             where "MainGroupId" in (select "GroupId"
                                     from ins
                                     where "IsDefault" = true))
select *
from ins
Information [20101]: Executed DbCommand (1ms) [Parameters=[], CommandType='Text', CommandTimeout='60']
with ins as (
    insert into "Character" ("GenderId",
                             "CharacterStyleId",
                             "GroupId",
                             "Name",
                             "FilesInfo",
                             "PublicForCreation",
                             "PublicForBackgroundDancing",
                             "Size",
                             "PolyCount",
                             "IsDefault",
                             "SortOrder")
        values (1,
                1,
                189695,
                'character-189695',
                '[]'::json,
                false,
                false,
                10100,
                2003,
                true,
                1)
        returning *),
     update_main_character as (
         update "User"
             set "MainCharacterId" = (select "Id" from ins)
             where "MainGroupId" in (select "GroupId"
                                     from ins
                                     where "IsDefault" = true))
select *
from ins
Debug [10806]: Context 'TestReadWriteDbContext' started tracking 'Character' entity with key '{Id: 304990}'.
Debug [20301]: Closing data reader to 'frevertest' on server 'tcp://postgres-frever-it:5432'.
Debug [20300]: A data reader for 'frevertest' on server 'tcp://postgres-frever-it:5432' is being disposed after spending 0ms reading results.
Debug [10111]: Compiling query expression: 
'DbSet&lt;Character&gt;().FromSql(with ins as (
    insert into "Character" ("GenderId",
                             "CharacterStyleId",
                             "GroupId",
                             "Name",
                             "FilesInfo",
                             "PublicForCreation",
                             "PublicForBackgroundDancing",
                             "Size",
                             "PolyCount",
                             "IsDefault",
                             "SortOrder")
        values (1,
                1,
                189696,
                'character-189696',
                '[]'::json,
                false,
                false,
                10100,
                2003,
                true,
                1)
        returning *),
     update_main_character as (
         update "User"
             set "MainCharacterId" = (select "Id" from ins)
             where "MainGroupId" in (select "GroupId"
                                     from ins
                                     where "IsDefault" = true))
select *
from ins, __p_0)
'
Debug [10107]: Generated query execution expression: 
'queryContext =&gt; new FromSqlQueryingEnumerable&lt;Character&gt;(
    (RelationalQueryContext)queryContext, 
    RelationalCommandCache.QueryExpression(
        Projection Mapping:
            EmptyProjectionMember -&gt; Dictionary&lt;IProperty, int&gt; { [Property: Character.Id (long) Required PK AfterSave:Throw ValueGenerated.OnAdd, 0], [Property: Character.CharacterStyleId (long) Required FK Index, 1], [Property: Character.CreatedTime (DateTime) Required ValueGenerated.OnAdd, 2], [Property: Character.Files (List&lt;FileInfo&gt;), 3], [Property: Character.GenderId (long) Required FK Index, 4], [Property: Character.GroupId (long) Required FK Index, 5], [Property: Character.IsDefault (bool) Required, 6], [Property: Character.IsDeleted (bool) Required, 7], [Property: Character.ModifiedTime (DateTime) Required ValueGenerated.OnAdd, 8], [Property: Character.Name (string) Required ValueGenerated.OnAdd, 9], [Property: Character.PolyCount (int?), 10], [Property: Character.PublicForBackgroundDancing (bool) Required, 11], [Property: Character.PublicForCreation (bool) Required, 12], [Property: Character.ReadinessId (long) Required FK Index, 13], [Property: Character.Size (long?), 14], [Property: Character.SortOrder (int) Required, 15], [Property: Character.UploaderUserId (long) Required FK Index ValueGenerated.OnAdd, 16], [Property: Character.Version (Guid) Required, 17] }
        SELECT f.Id, f.CharacterStyleId, f.CreatedTime, f.FilesInfo, f.GenderId, f.GroupId, f.IsDefault, f.IsDeleted, f.ModifiedTime, f.Name, f.PolyCount, f.PublicForBackgroundDancing, f.PublicForCreation, f.ReadinessId, f.Size, f.SortOrder, f.UploaderUserId, f.Version
        FROM with ins as (
    insert into "Character" ("GenderId",
                             "CharacterStyleId",
                             "GroupId",
                             "Name",
                             "FilesInfo",
                             "PublicForCreation",
                             "PublicForBackgroundDancing",
                             "Size",
                             "PolyCount",
                             "IsDefault",
                             "SortOrder")
        values (1,
                1,
                189696,
                'character-189696',
                '[]'::json,
                false,
                false,
                10100,
                2003,
                true,
                1)
        returning *),
     update_main_character as (
         update "User"
             set "MainCharacterId" = (select "Id" from ins)
             where "MainGroupId" in (select "GroupId"
                                     from ins
                                     where "IsDefault" = true))
select *
from ins), 
    null, 
    List&lt;string&gt; { "Id", "CharacterStyleId", "CreatedTime", "FilesInfo", "GenderId", "GroupId", "IsDefault", "IsDeleted", "ModifiedTime", "Name", "PolyCount", "PublicForBackgroundDancing", "PublicForCreation", "ReadinessId", "Size", "SortOrder", "UploaderUserId", "Version" }, 
    Func&lt;QueryContext, DbDataReader, int[], Character&gt;, 
    Frever.Common.IntegrationTesting.TestReadWriteDbContext, 
    False, 
    False, 
    True
)'
Debug [20103]: Creating DbCommand for 'ExecuteReader'.
Debug [20104]: Created DbCommand for 'ExecuteReader' (0ms).
Debug [20106]: Initialized DbCommand for 'ExecuteReader' (0ms).
Debug [20100]: Executing DbCommand [Parameters=[], CommandType='Text', CommandTimeout='60']
with ins as (
    insert into "Character" ("GenderId",
                             "CharacterStyleId",
                             "GroupId",
                             "Name",
                             "FilesInfo",
                             "PublicForCreation",
                             "PublicForBackgroundDancing",
                             "Size",
                             "PolyCount",
                             "IsDefault",
                             "SortOrder")
        values (1,
                1,
                189696,
                'character-189696',
                '[]'::json,
                false,
                false,
                10100,
                2003,
                true,
                1)
        returning *),
     update_main_character as (
         update "User"
             set "MainCharacterId" = (select "Id" from ins)
             where "MainGroupId" in (select "GroupId"
                                     from ins
                                     where "IsDefault" = true))
select *
from ins
Information [20101]: Executed DbCommand (1ms) [Parameters=[], CommandType='Text', CommandTimeout='60']
with ins as (
    insert into "Character" ("GenderId",
                             "CharacterStyleId",
                             "GroupId",
                             "Name",
                             "FilesInfo",
                             "PublicForCreation",
                             "PublicForBackgroundDancing",
                             "Size",
                             "PolyCount",
                             "IsDefault",
                             "SortOrder")
        values (1,
                1,
                189696,
                'character-189696',
                '[]'::json,
                false,
                false,
                10100,
                2003,
                true,
                1)
        returning *),
     update_main_character as (
         update "User"
             set "MainCharacterId" = (select "Id" from ins)
             where "MainGroupId" in (select "GroupId"
                                     from ins
                                     where "IsDefault" = true))
select *
from ins
Debug [10806]: Context 'TestReadWriteDbContext' started tracking 'Character' entity with key '{Id: 304991}'.
Debug [20301]: Closing data reader to 'frevertest' on server 'tcp://postgres-frever-it:5432'.
Debug [20300]: A data reader for 'frevertest' on server 'tcp://postgres-frever-it:5432' is being disposed after spending 0ms reading results.
Debug [10111]: Compiling query expression: 
'DbSet&lt;Character&gt;().FromSql(with ins as (
    insert into "Character" ("GenderId",
                             "CharacterStyleId",
                             "GroupId",
                             "Name",
                             "FilesInfo",
                             "PublicForCreation",
                             "PublicForBackgroundDancing",
                             "Size",
                             "PolyCount",
                             "IsDefault",
                             "SortOrder")
        values (1,
                1,
                189697,
                'character-189697',
                '[]'::json,
                false,
                false,
                10100,
                2003,
                true,
                1)
        returning *),
     update_main_character as (
         update "User"
             set "MainCharacterId" = (select "Id" from ins)
             where "MainGroupId" in (select "GroupId"
                                     from ins
                                     where "IsDefault" = true))
select *
from ins, __p_0)
'
Debug [10107]: Generated query execution expression: 
'queryContext =&gt; new FromSqlQueryingEnumerable&lt;Character&gt;(
    (RelationalQueryContext)queryContext, 
    RelationalCommandCache.QueryExpression(
        Projection Mapping:
            EmptyProjectionMember -&gt; Dictionary&lt;IProperty, int&gt; { [Property: Character.Id (long) Required PK AfterSave:Throw ValueGenerated.OnAdd, 0], [Property: Character.CharacterStyleId (long) Required FK Index, 1], [Property: Character.CreatedTime (DateTime) Required ValueGenerated.OnAdd, 2], [Property: Character.Files (List&lt;FileInfo&gt;), 3], [Property: Character.GenderId (long) Required FK Index, 4], [Property: Character.GroupId (long) Required FK Index, 5], [Property: Character.IsDefault (bool) Required, 6], [Property: Character.IsDeleted (bool) Required, 7], [Property: Character.ModifiedTime (DateTime) Required ValueGenerated.OnAdd, 8], [Property: Character.Name (string) Required ValueGenerated.OnAdd, 9], [Property: Character.PolyCount (int?), 10], [Property: Character.PublicForBackgroundDancing (bool) Required, 11], [Property: Character.PublicForCreation (bool) Required, 12], [Property: Character.ReadinessId (long) Required FK Index, 13], [Property: Character.Size (long?), 14], [Property: Character.SortOrder (int) Required, 15], [Property: Character.UploaderUserId (long) Required FK Index ValueGenerated.OnAdd, 16], [Property: Character.Version (Guid) Required, 17] }
        SELECT f.Id, f.CharacterStyleId, f.CreatedTime, f.FilesInfo, f.GenderId, f.GroupId, f.IsDefault, f.IsDeleted, f.ModifiedTime, f.Name, f.PolyCount, f.PublicForBackgroundDancing, f.PublicForCreation, f.ReadinessId, f.Size, f.SortOrder, f.UploaderUserId, f.Version
        FROM with ins as (
    insert into "Character" ("GenderId",
                             "CharacterStyleId",
                             "GroupId",
                             "Name",
                             "FilesInfo",
                             "PublicForCreation",
                             "PublicForBackgroundDancing",
                             "Size",
                             "PolyCount",
                             "IsDefault",
                             "SortOrder")
        values (1,
                1,
                189697,
                'character-189697',
                '[]'::json,
                false,
                false,
                10100,
                2003,
                true,
                1)
        returning *),
     update_main_character as (
         update "User"
             set "MainCharacterId" = (select "Id" from ins)
             where "MainGroupId" in (select "GroupId"
                                     from ins
                                     where "IsDefault" = true))
select *
from ins), 
    null, 
    List&lt;string&gt; { "Id", "CharacterStyleId", "CreatedTime", "FilesInfo", "GenderId", "GroupId", "IsDefault", "IsDeleted", "ModifiedTime", "Name", "PolyCount", "PublicForBackgroundDancing", "PublicForCreation", "ReadinessId", "Size", "SortOrder", "UploaderUserId", "Version" }, 
    Func&lt;QueryContext, DbDataReader, int[], Character&gt;, 
    Frever.Common.IntegrationTesting.TestReadWriteDbContext, 
    False, 
    False, 
    True
)'
Debug [20103]: Creating DbCommand for 'ExecuteReader'.
Debug [20104]: Created DbCommand for 'ExecuteReader' (0ms).
Debug [20106]: Initialized DbCommand for 'ExecuteReader' (0ms).
Debug [20100]: Executing DbCommand [Parameters=[], CommandType='Text', CommandTimeout='60']
with ins as (
    insert into "Character" ("GenderId",
                             "CharacterStyleId",
                             "GroupId",
                             "Name",
                             "FilesInfo",
                             "PublicForCreation",
                             "PublicForBackgroundDancing",
                             "Size",
                             "PolyCount",
                             "IsDefault",
                             "SortOrder")
        values (1,
                1,
                189697,
                'character-189697',
                '[]'::json,
                false,
                false,
                10100,
                2003,
                true,
                1)
        returning *),
     update_main_character as (
         update "User"
             set "MainCharacterId" = (select "Id" from ins)
             where "MainGroupId" in (select "GroupId"
                                     from ins
                                     where "IsDefault" = true))
select *
from ins
Information [20101]: Executed DbCommand (1ms) [Parameters=[], CommandType='Text', CommandTimeout='60']
with ins as (
    insert into "Character" ("GenderId",
                             "CharacterStyleId",
                             "GroupId",
                             "Name",
                             "FilesInfo",
                             "PublicForCreation",
                             "PublicForBackgroundDancing",
                             "Size",
                             "PolyCount",
                             "IsDefault",
                             "SortOrder")
        values (1,
                1,
                189697,
                'character-189697',
                '[]'::json,
                false,
                false,
                10100,
                2003,
                true,
                1)
        returning *),
     update_main_character as (
         update "User"
             set "MainCharacterId" = (select "Id" from ins)
             where "MainGroupId" in (select "GroupId"
                                     from ins
                                     where "IsDefault" = true))
select *
from ins
Debug [10806]: Context 'TestReadWriteDbContext' started tracking 'Character' entity with key '{Id: 304992}'.
Debug [20301]: Closing data reader to 'frevertest' on server 'tcp://postgres-frever-it:5432'.
Debug [20300]: A data reader for 'frevertest' on server 'tcp://postgres-frever-it:5432' is being disposed after spending 0ms reading results.
Debug [10111]: Compiling query expression: 
'DbSet&lt;Character&gt;().FromSql(with ins as (
    insert into "Character" ("GenderId",
                             "CharacterStyleId",
                             "GroupId",
                             "Name",
                             "FilesInfo",
                             "PublicForCreation",
                             "PublicForBackgroundDancing",
                             "Size",
                             "PolyCount",
                             "IsDefault",
                             "SortOrder")
        values (1,
                1,
                189698,
                'character-189698',
                '[]'::json,
                false,
                false,
                10100,
                2003,
                true,
                1)
        returning *),
     update_main_character as (
         update "User"
             set "MainCharacterId" = (select "Id" from ins)
             where "MainGroupId" in (select "GroupId"
                                     from ins
                                     where "IsDefault" = true))
select *
from ins, __p_0)
'
Debug [10107]: Generated query execution expression: 
'queryContext =&gt; new FromSqlQueryingEnumerable&lt;Character&gt;(
    (RelationalQueryContext)queryContext, 
    RelationalCommandCache.QueryExpression(
        Projection Mapping:
            EmptyProjectionMember -&gt; Dictionary&lt;IProperty, int&gt; { [Property: Character.Id (long) Required PK AfterSave:Throw ValueGenerated.OnAdd, 0], [Property: Character.CharacterStyleId (long) Required FK Index, 1], [Property: Character.CreatedTime (DateTime) Required ValueGenerated.OnAdd, 2], [Property: Character.Files (List&lt;FileInfo&gt;), 3], [Property: Character.GenderId (long) Required FK Index, 4], [Property: Character.GroupId (long) Required FK Index, 5], [Property: Character.IsDefault (bool) Required, 6], [Property: Character.IsDeleted (bool) Required, 7], [Property: Character.ModifiedTime (DateTime) Required ValueGenerated.OnAdd, 8], [Property: Character.Name (string) Required ValueGenerated.OnAdd, 9], [Property: Character.PolyCount (int?), 10], [Property: Character.PublicForBackgroundDancing (bool) Required, 11], [Property: Character.PublicForCreation (bool) Required, 12], [Property: Character.ReadinessId (long) Required FK Index, 13], [Property: Character.Size (long?), 14], [Property: Character.SortOrder (int) Required, 15], [Property: Character.UploaderUserId (long) Required FK Index ValueGenerated.OnAdd, 16], [Property: Character.Version (Guid) Required, 17] }
        SELECT f.Id, f.CharacterStyleId, f.CreatedTime, f.FilesInfo, f.GenderId, f.GroupId, f.IsDefault, f.IsDeleted, f.ModifiedTime, f.Name, f.PolyCount, f.PublicForBackgroundDancing, f.PublicForCreation, f.ReadinessId, f.Size, f.SortOrder, f.UploaderUserId, f.Version
        FROM with ins as (
    insert into "Character" ("GenderId",
                             "CharacterStyleId",
                             "GroupId",
                             "Name",
                             "FilesInfo",
                             "PublicForCreation",
                             "PublicForBackgroundDancing",
                             "Size",
                             "PolyCount",
                             "IsDefault",
                             "SortOrder")
        values (1,
                1,
                189698,
                'character-189698',
                '[]'::json,
                false,
                false,
                10100,
                2003,
                true,
                1)
        returning *),
     update_main_character as (
         update "User"
             set "MainCharacterId" = (select "Id" from ins)
             where "MainGroupId" in (select "GroupId"
                                     from ins
                                     where "IsDefault" = true))
select *
from ins), 
    null, 
    List&lt;string&gt; { "Id", "CharacterStyleId", "CreatedTime", "FilesInfo", "GenderId", "GroupId", "IsDefault", "IsDeleted", "ModifiedTime", "Name", "PolyCount", "PublicForBackgroundDancing", "PublicForCreation", "ReadinessId", "Size", "SortOrder", "UploaderUserId", "Version" }, 
    Func&lt;QueryContext, DbDataReader, int[], Character&gt;, 
    Frever.Common.IntegrationTesting.TestReadWriteDbContext, 
    False, 
    False, 
    True
)'
Debug [20103]: Creating DbCommand for 'ExecuteReader'.
Debug [20104]: Created DbCommand for 'ExecuteReader' (0ms).
Debug [20106]: Initialized DbCommand for 'ExecuteReader' (0ms).
Debug [20100]: Executing DbCommand [Parameters=[], CommandType='Text', CommandTimeout='60']
with ins as (
    insert into "Character" ("GenderId",
                             "CharacterStyleId",
                             "GroupId",
                             "Name",
                             "FilesInfo",
                             "PublicForCreation",
                             "PublicForBackgroundDancing",
                             "Size",
                             "PolyCount",
                             "IsDefault",
                             "SortOrder")
        values (1,
                1,
                189698,
                'character-189698',
                '[]'::json,
                false,
                false,
                10100,
                2003,
                true,
                1)
        returning *),
     update_main_character as (
         update "User"
             set "MainCharacterId" = (select "Id" from ins)
             where "MainGroupId" in (select "GroupId"
                                     from ins
                                     where "IsDefault" = true))
select *
from ins
Information [20101]: Executed DbCommand (1ms) [Parameters=[], CommandType='Text', CommandTimeout='60']
with ins as (
    insert into "Character" ("GenderId",
                             "CharacterStyleId",
                             "GroupId",
                             "Name",
                             "FilesInfo",
                             "PublicForCreation",
                             "PublicForBackgroundDancing",
                             "Size",
                             "PolyCount",
                             "IsDefault",
                             "SortOrder")
        values (1,
                1,
                189698,
                'character-189698',
                '[]'::json,
                false,
                false,
                10100,
                2003,
                true,
                1)
        returning *),
     update_main_character as (
         update "User"
             set "MainCharacterId" = (select "Id" from ins)
             where "MainGroupId" in (select "GroupId"
                                     from ins
                                     where "IsDefault" = true))
select *
from ins
Debug [10806]: Context 'TestReadWriteDbContext' started tracking 'Character' entity with key '{Id: 304993}'.
Debug [20301]: Closing data reader to 'frevertest' on server 'tcp://postgres-frever-it:5432'.
Debug [20300]: A data reader for 'frevertest' on server 'tcp://postgres-frever-it:5432' is being disposed after spending 0ms reading results.
Debug [10111]: Compiling query expression: 
'DbSet&lt;Character&gt;().FromSql(with ins as (
    insert into "Character" ("GenderId",
                             "CharacterStyleId",
                             "GroupId",
                             "Name",
                             "FilesInfo",
                             "PublicForCreation",
                             "PublicForBackgroundDancing",
                             "Size",
                             "PolyCount",
                             "IsDefault",
                             "SortOrder")
        values (1,
                1,
                189699,
                'character-189699',
                '[]'::json,
                false,
                false,
                10100,
                2003,
                true,
                1)
        returning *),
     update_main_character as (
         update "User"
             set "MainCharacterId" = (select "Id" from ins)
             where "MainGroupId" in (select "GroupId"
                                     from ins
                                     where "IsDefault" = true))
select *
from ins, __p_0)
'
Debug [10107]: Generated query execution expression: 
'queryContext =&gt; new FromSqlQueryingEnumerable&lt;Character&gt;(
    (RelationalQueryContext)queryContext, 
    RelationalCommandCache.QueryExpression(
        Projection Mapping:
            EmptyProjectionMember -&gt; Dictionary&lt;IProperty, int&gt; { [Property: Character.Id (long) Required PK AfterSave:Throw ValueGenerated.OnAdd, 0], [Property: Character.CharacterStyleId (long) Required FK Index, 1], [Property: Character.CreatedTime (DateTime) Required ValueGenerated.OnAdd, 2], [Property: Character.Files (List&lt;FileInfo&gt;), 3], [Property: Character.GenderId (long) Required FK Index, 4], [Property: Character.GroupId (long) Required FK Index, 5], [Property: Character.IsDefault (bool) Required, 6], [Property: Character.IsDeleted (bool) Required, 7], [Property: Character.ModifiedTime (DateTime) Required ValueGenerated.OnAdd, 8], [Property: Character.Name (string) Required ValueGenerated.OnAdd, 9], [Property: Character.PolyCount (int?), 10], [Property: Character.PublicForBackgroundDancing (bool) Required, 11], [Property: Character.PublicForCreation (bool) Required, 12], [Property: Character.ReadinessId (long) Required FK Index, 13], [Property: Character.Size (long?), 14], [Property: Character.SortOrder (int) Required, 15], [Property: Character.UploaderUserId (long) Required FK Index ValueGenerated.OnAdd, 16], [Property: Character.Version (Guid) Required, 17] }
        SELECT f.Id, f.CharacterStyleId, f.CreatedTime, f.FilesInfo, f.GenderId, f.GroupId, f.IsDefault, f.IsDeleted, f.ModifiedTime, f.Name, f.PolyCount, f.PublicForBackgroundDancing, f.PublicForCreation, f.ReadinessId, f.Size, f.SortOrder, f.UploaderUserId, f.Version
        FROM with ins as (
    insert into "Character" ("GenderId",
                             "CharacterStyleId",
                             "GroupId",
                             "Name",
                             "FilesInfo",
                             "PublicForCreation",
                             "PublicForBackgroundDancing",
                             "Size",
                             "PolyCount",
                             "IsDefault",
                             "SortOrder")
        values (1,
                1,
                189699,
                'character-189699',
                '[]'::json,
                false,
                false,
                10100,
                2003,
                true,
                1)
        returning *),
     update_main_character as (
         update "User"
             set "MainCharacterId" = (select "Id" from ins)
             where "MainGroupId" in (select "GroupId"
                                     from ins
                                     where "IsDefault" = true))
select *
from ins), 
    null, 
    List&lt;string&gt; { "Id", "CharacterStyleId", "CreatedTime", "FilesInfo", "GenderId", "GroupId", "IsDefault", "IsDeleted", "ModifiedTime", "Name", "PolyCount", "PublicForBackgroundDancing", "PublicForCreation", "ReadinessId", "Size", "SortOrder", "UploaderUserId", "Version" }, 
    Func&lt;QueryContext, DbDataReader, int[], Character&gt;, 
    Frever.Common.IntegrationTesting.TestReadWriteDbContext, 
    False, 
    False, 
    True
)'
Debug [20103]: Creating DbCommand for 'ExecuteReader'.
Debug [20104]: Created DbCommand for 'ExecuteReader' (0ms).
Debug [20106]: Initialized DbCommand for 'ExecuteReader' (0ms).
Debug [20100]: Executing DbCommand [Parameters=[], CommandType='Text', CommandTimeout='60']
with ins as (
    insert into "Character" ("GenderId",
                             "CharacterStyleId",
                             "GroupId",
                             "Name",
                             "FilesInfo",
                             "PublicForCreation",
                             "PublicForBackgroundDancing",
                             "Size",
                             "PolyCount",
                             "IsDefault",
                             "SortOrder")
        values (1,
                1,
                189699,
                'character-189699',
                '[]'::json,
                false,
                false,
                10100,
                2003,
                true,
                1)
        returning *),
     update_main_character as (
         update "User"
             set "MainCharacterId" = (select "Id" from ins)
             where "MainGroupId" in (select "GroupId"
                                     from ins
                                     where "IsDefault" = true))
select *
from ins
Information [20101]: Executed DbCommand (1ms) [Parameters=[], CommandType='Text', CommandTimeout='60']
with ins as (
    insert into "Character" ("GenderId",
                             "CharacterStyleId",
                             "GroupId",
                             "Name",
                             "FilesInfo",
                             "PublicForCreation",
                             "PublicForBackgroundDancing",
                             "Size",
                             "PolyCount",
                             "IsDefault",
                             "SortOrder")
        values (1,
                1,
                189699,
                'character-189699',
                '[]'::json,
                false,
                false,
                10100,
                2003,
                true,
                1)
        returning *),
     update_main_character as (
         update "User"
             set "MainCharacterId" = (select "Id" from ins)
             where "MainGroupId" in (select "GroupId"
                                     from ins
                                     where "IsDefault" = true))
select *
from ins
Debug [10806]: Context 'TestReadWriteDbContext' started tracking 'Character' entity with key '{Id: 304994}'.
Debug [20301]: Closing data reader to 'frevertest' on server 'tcp://postgres-frever-it:5432'.
Debug [20300]: A data reader for 'frevertest' on server 'tcp://postgres-frever-it:5432' is being disposed after spending 0ms reading results.
Debug [10111]: Compiling query expression: 
'DbSet&lt;Character&gt;().FromSql(with ins as (
    insert into "Character" ("GenderId",
                             "CharacterStyleId",
                             "GroupId",
                             "Name",
                             "FilesInfo",
                             "PublicForCreation",
                             "PublicForBackgroundDancing",
                             "Size",
                             "PolyCount",
                             "IsDefault",
                             "SortOrder")
        values (1,
                1,
                189700,
                'character-189700',
                '[]'::json,
                false,
                false,
                10100,
                2003,
                true,
                1)
        returning *),
     update_main_character as (
         update "User"
             set "MainCharacterId" = (select "Id" from ins)
             where "MainGroupId" in (select "GroupId"
                                     from ins
                                     where "IsDefault" = true))
select *
from ins, __p_0)
'
Debug [10107]: Generated query execution expression: 
'queryContext =&gt; new FromSqlQueryingEnumerable&lt;Character&gt;(
    (RelationalQueryContext)queryContext, 
    RelationalCommandCache.QueryExpression(
        Projection Mapping:
            EmptyProjectionMember -&gt; Dictionary&lt;IProperty, int&gt; { [Property: Character.Id (long) Required PK AfterSave:Throw ValueGenerated.OnAdd, 0], [Property: Character.CharacterStyleId (long) Required FK Index, 1], [Property: Character.CreatedTime (DateTime) Required ValueGenerated.OnAdd, 2], [Property: Character.Files (List&lt;FileInfo&gt;), 3], [Property: Character.GenderId (long) Required FK Index, 4], [Property: Character.GroupId (long) Required FK Index, 5], [Property: Character.IsDefault (bool) Required, 6], [Property: Character.IsDeleted (bool) Required, 7], [Property: Character.ModifiedTime (DateTime) Required ValueGenerated.OnAdd, 8], [Property: Character.Name (string) Required ValueGenerated.OnAdd, 9], [Property: Character.PolyCount (int?), 10], [Property: Character.PublicForBackgroundDancing (bool) Required, 11], [Property: Character.PublicForCreation (bool) Required, 12], [Property: Character.ReadinessId (long) Required FK Index, 13], [Property: Character.Size (long?), 14], [Property: Character.SortOrder (int) Required, 15], [Property: Character.UploaderUserId (long) Required FK Index ValueGenerated.OnAdd, 16], [Property: Character.Version (Guid) Required, 17] }
        SELECT f.Id, f.CharacterStyleId, f.CreatedTime, f.FilesInfo, f.GenderId, f.GroupId, f.IsDefault, f.IsDeleted, f.ModifiedTime, f.Name, f.PolyCount, f.PublicForBackgroundDancing, f.PublicForCreation, f.ReadinessId, f.Size, f.SortOrder, f.UploaderUserId, f.Version
        FROM with ins as (
    insert into "Character" ("GenderId",
                             "CharacterStyleId",
                             "GroupId",
                             "Name",
                             "FilesInfo",
                             "PublicForCreation",
                             "PublicForBackgroundDancing",
                             "Size",
                             "PolyCount",
                             "IsDefault",
                             "SortOrder")
        values (1,
                1,
                189700,
                'character-189700',
                '[]'::json,
                false,
                false,
                10100,
                2003,
                true,
                1)
        returning *),
     update_main_character as (
         update "User"
             set "MainCharacterId" = (select "Id" from ins)
             where "MainGroupId" in (select "GroupId"
                                     from ins
                                     where "IsDefault" = true))
select *
from ins), 
    null, 
    List&lt;string&gt; { "Id", "CharacterStyleId", "CreatedTime", "FilesInfo", "GenderId", "GroupId", "IsDefault", "IsDeleted", "ModifiedTime", "Name", "PolyCount", "PublicForBackgroundDancing", "PublicForCreation", "ReadinessId", "Size", "SortOrder", "UploaderUserId", "Version" }, 
    Func&lt;QueryContext, DbDataReader, int[], Character&gt;, 
    Frever.Common.IntegrationTesting.TestReadWriteDbContext, 
    False, 
    False, 
    True
)'
Debug [20103]: Creating DbCommand for 'ExecuteReader'.
Debug [20104]: Created DbCommand for 'ExecuteReader' (0ms).
Debug [20106]: Initialized DbCommand for 'ExecuteReader' (0ms).
Debug [20100]: Executing DbCommand [Parameters=[], CommandType='Text', CommandTimeout='60']
with ins as (
    insert into "Character" ("GenderId",
                             "CharacterStyleId",
                             "GroupId",
                             "Name",
                             "FilesInfo",
                             "PublicForCreation",
                             "PublicForBackgroundDancing",
                             "Size",
                             "PolyCount",
                             "IsDefault",
                             "SortOrder")
        values (1,
                1,
                189700,
                'character-189700',
                '[]'::json,
                false,
                false,
                10100,
                2003,
                true,
                1)
        returning *),
     update_main_character as (
         update "User"
             set "MainCharacterId" = (select "Id" from ins)
             where "MainGroupId" in (select "GroupId"
                                     from ins
                                     where "IsDefault" = true))
select *
from ins
Information [20101]: Executed DbCommand (3ms) [Parameters=[], CommandType='Text', CommandTimeout='60']
with ins as (
    insert into "Character" ("GenderId",
                             "CharacterStyleId",
                             "GroupId",
                             "Name",
                             "FilesInfo",
                             "PublicForCreation",
                             "PublicForBackgroundDancing",
                             "Size",
                             "PolyCount",
                             "IsDefault",
                             "SortOrder")
        values (1,
                1,
                189700,
                'character-189700',
                '[]'::json,
                false,
                false,
                10100,
                2003,
                true,
                1)
        returning *),
     update_main_character as (
         update "User"
             set "MainCharacterId" = (select "Id" from ins)
             where "MainGroupId" in (select "GroupId"
                                     from ins
                                     where "IsDefault" = true))
select *
from ins
Debug [10806]: Context 'TestReadWriteDbContext' started tracking 'Character' entity with key '{Id: 304995}'.
Debug [20301]: Closing data reader to 'frevertest' on server 'tcp://postgres-frever-it:5432'.
Debug [20300]: A data reader for 'frevertest' on server 'tcp://postgres-frever-it:5432' is being disposed after spending 0ms reading results.
Debug [10111]: Compiling query expression: 
'DbSet&lt;Character&gt;().FromSql(with ins as (
    insert into "Character" ("GenderId",
                             "CharacterStyleId",
                             "GroupId",
                             "Name",
                             "FilesInfo",
                             "PublicForCreation",
                             "PublicForBackgroundDancing",
                             "Size",
                             "PolyCount",
                             "IsDefault",
                             "SortOrder")
        values (1,
                1,
                189701,
                'character-189701',
                '[]'::json,
                false,
                false,
                10100,
                2003,
                true,
                1)
        returning *),
     update_main_character as (
         update "User"
             set "MainCharacterId" = (select "Id" from ins)
             where "MainGroupId" in (select "GroupId"
                                     from ins
                                     where "IsDefault" = true))
select *
from ins, __p_0)
'
Debug [10107]: Generated query execution expression: 
'queryContext =&gt; new FromSqlQueryingEnumerable&lt;Character&gt;(
    (RelationalQueryContext)queryContext, 
    RelationalCommandCache.QueryExpression(
        Projection Mapping:
            EmptyProjectionMember -&gt; Dictionary&lt;IProperty, int&gt; { [Property: Character.Id (long) Required PK AfterSave:Throw ValueGenerated.OnAdd, 0], [Property: Character.CharacterStyleId (long) Required FK Index, 1], [Property: Character.CreatedTime (DateTime) Required ValueGenerated.OnAdd, 2], [Property: Character.Files (List&lt;FileInfo&gt;), 3], [Property: Character.GenderId (long) Required FK Index, 4], [Property: Character.GroupId (long) Required FK Index, 5], [Property: Character.IsDefault (bool) Required, 6], [Property: Character.IsDeleted (bool) Required, 7], [Property: Character.ModifiedTime (DateTime) Required ValueGenerated.OnAdd, 8], [Property: Character.Name (string) Required ValueGenerated.OnAdd, 9], [Property: Character.PolyCount (int?), 10], [Property: Character.PublicForBackgroundDancing (bool) Required, 11], [Property: Character.PublicForCreation (bool) Required, 12], [Property: Character.ReadinessId (long) Required FK Index, 13], [Property: Character.Size (long?), 14], [Property: Character.SortOrder (int) Required, 15], [Property: Character.UploaderUserId (long) Required FK Index ValueGenerated.OnAdd, 16], [Property: Character.Version (Guid) Required, 17] }
        SELECT f.Id, f.CharacterStyleId, f.CreatedTime, f.FilesInfo, f.GenderId, f.GroupId, f.IsDefault, f.IsDeleted, f.ModifiedTime, f.Name, f.PolyCount, f.PublicForBackgroundDancing, f.PublicForCreation, f.ReadinessId, f.Size, f.SortOrder, f.UploaderUserId, f.Version
        FROM with ins as (
    insert into "Character" ("GenderId",
                             "CharacterStyleId",
                             "GroupId",
                             "Name",
                             "FilesInfo",
                             "PublicForCreation",
                             "PublicForBackgroundDancing",
                             "Size",
                             "PolyCount",
                             "IsDefault",
                             "SortOrder")
        values (1,
                1,
                189701,
                'character-189701',
                '[]'::json,
                false,
                false,
                10100,
                2003,
                true,
                1)
        returning *),
     update_main_character as (
         update "User"
             set "MainCharacterId" = (select "Id" from ins)
             where "MainGroupId" in (select "GroupId"
                                     from ins
                                     where "IsDefault" = true))
select *
from ins), 
    null, 
    List&lt;string&gt; { "Id", "CharacterStyleId", "CreatedTime", "FilesInfo", "GenderId", "GroupId", "IsDefault", "IsDeleted", "ModifiedTime", "Name", "PolyCount", "PublicForBackgroundDancing", "PublicForCreation", "ReadinessId", "Size", "SortOrder", "UploaderUserId", "Version" }, 
    Func&lt;QueryContext, DbDataReader, int[], Character&gt;, 
    Frever.Common.IntegrationTesting.TestReadWriteDbContext, 
    False, 
    False, 
    True
)'
Debug [20103]: Creating DbCommand for 'ExecuteReader'.
Debug [20104]: Created DbCommand for 'ExecuteReader' (0ms).
Debug [20106]: Initialized DbCommand for 'ExecuteReader' (0ms).
Debug [20100]: Executing DbCommand [Parameters=[], CommandType='Text', CommandTimeout='60']
with ins as (
    insert into "Character" ("GenderId",
                             "CharacterStyleId",
                             "GroupId",
                             "Name",
                             "FilesInfo",
                             "PublicForCreation",
                             "PublicForBackgroundDancing",
                             "Size",
                             "PolyCount",
                             "IsDefault",
                             "SortOrder")
        values (1,
                1,
                189701,
                'character-189701',
                '[]'::json,
                false,
                false,
                10100,
                2003,
                true,
                1)
        returning *),
     update_main_character as (
         update "User"
             set "MainCharacterId" = (select "Id" from ins)
             where "MainGroupId" in (select "GroupId"
                                     from ins
                                     where "IsDefault" = true))
select *
from ins
Information [20101]: Executed DbCommand (1ms) [Parameters=[], CommandType='Text', CommandTimeout='60']
with ins as (
    insert into "Character" ("GenderId",
                             "CharacterStyleId",
                             "GroupId",
                             "Name",
                             "FilesInfo",
                             "PublicForCreation",
                             "PublicForBackgroundDancing",
                             "Size",
                             "PolyCount",
                             "IsDefault",
                             "SortOrder")
        values (1,
                1,
                189701,
                'character-189701',
                '[]'::json,
                false,
                false,
                10100,
                2003,
                true,
                1)
        returning *),
     update_main_character as (
         update "User"
             set "MainCharacterId" = (select "Id" from ins)
             where "MainGroupId" in (select "GroupId"
                                     from ins
                                     where "IsDefault" = true))
select *
from ins
Debug [10806]: Context 'TestReadWriteDbContext' started tracking 'Character' entity with key '{Id: 304996}'.
Debug [20301]: Closing data reader to 'frevertest' on server 'tcp://postgres-frever-it:5432'.
Debug [20300]: A data reader for 'frevertest' on server 'tcp://postgres-frever-it:5432' is being disposed after spending 0ms reading results.
Debug [10111]: Compiling query expression: 
'DbSet&lt;Character&gt;().FromSql(with ins as (
    insert into "Character" ("GenderId",
                             "CharacterStyleId",
                             "GroupId",
                             "Name",
                             "FilesInfo",
                             "PublicForCreation",
                             "PublicForBackgroundDancing",
                             "Size",
                             "PolyCount",
                             "IsDefault",
                             "SortOrder")
        values (1,
                1,
                189702,
                'character-189702',
                '[]'::json,
                false,
                false,
                10100,
                2003,
                true,
                1)
        returning *),
     update_main_character as (
         update "User"
             set "MainCharacterId" = (select "Id" from ins)
             where "MainGroupId" in (select "GroupId"
                                     from ins
                                     where "IsDefault" = true))
select *
from ins, __p_0)
'
Debug [10107]: Generated query execution expression: 
'queryContext =&gt; new FromSqlQueryingEnumerable&lt;Character&gt;(
    (RelationalQueryContext)queryContext, 
    RelationalCommandCache.QueryExpression(
        Projection Mapping:
            EmptyProjectionMember -&gt; Dictionary&lt;IProperty, int&gt; { [Property: Character.Id (long) Required PK AfterSave:Throw ValueGenerated.OnAdd, 0], [Property: Character.CharacterStyleId (long) Required FK Index, 1], [Property: Character.CreatedTime (DateTime) Required ValueGenerated.OnAdd, 2], [Property: Character.Files (List&lt;FileInfo&gt;), 3], [Property: Character.GenderId (long) Required FK Index, 4], [Property: Character.GroupId (long) Required FK Index, 5], [Property: Character.IsDefault (bool) Required, 6], [Property: Character.IsDeleted (bool) Required, 7], [Property: Character.ModifiedTime (DateTime) Required ValueGenerated.OnAdd, 8], [Property: Character.Name (string) Required ValueGenerated.OnAdd, 9], [Property: Character.PolyCount (int?), 10], [Property: Character.PublicForBackgroundDancing (bool) Required, 11], [Property: Character.PublicForCreation (bool) Required, 12], [Property: Character.ReadinessId (long) Required FK Index, 13], [Property: Character.Size (long?), 14], [Property: Character.SortOrder (int) Required, 15], [Property: Character.UploaderUserId (long) Required FK Index ValueGenerated.OnAdd, 16], [Property: Character.Version (Guid) Required, 17] }
        SELECT f.Id, f.CharacterStyleId, f.CreatedTime, f.FilesInfo, f.GenderId, f.GroupId, f.IsDefault, f.IsDeleted, f.ModifiedTime, f.Name, f.PolyCount, f.PublicForBackgroundDancing, f.PublicForCreation, f.ReadinessId, f.Size, f.SortOrder, f.UploaderUserId, f.Version
        FROM with ins as (
    insert into "Character" ("GenderId",
                             "CharacterStyleId",
                             "GroupId",
                             "Name",
                             "FilesInfo",
                             "PublicForCreation",
                             "PublicForBackgroundDancing",
                             "Size",
                             "PolyCount",
                             "IsDefault",
                             "SortOrder")
        values (1,
                1,
                189702,
                'character-189702',
                '[]'::json,
                false,
                false,
                10100,
                2003,
                true,
                1)
        returning *),
     update_main_character as (
         update "User"
             set "MainCharacterId" = (select "Id" from ins)
             where "MainGroupId" in (select "GroupId"
                                     from ins
                                     where "IsDefault" = true))
select *
from ins), 
    null, 
    List&lt;string&gt; { "Id", "CharacterStyleId", "CreatedTime", "FilesInfo", "GenderId", "GroupId", "IsDefault", "IsDeleted", "ModifiedTime", "Name", "PolyCount", "PublicForBackgroundDancing", "PublicForCreation", "ReadinessId", "Size", "SortOrder", "UploaderUserId", "Version" }, 
    Func&lt;QueryContext, DbDataReader, int[], Character&gt;, 
    Frever.Common.IntegrationTesting.TestReadWriteDbContext, 
    False, 
    False, 
    True
)'
Debug [20103]: Creating DbCommand for 'ExecuteReader'.
Debug [20104]: Created DbCommand for 'ExecuteReader' (0ms).
Debug [20106]: Initialized DbCommand for 'ExecuteReader' (0ms).
Debug [20100]: Executing DbCommand [Parameters=[], CommandType='Text', CommandTimeout='60']
with ins as (
    insert into "Character" ("GenderId",
                             "CharacterStyleId",
                             "GroupId",
                             "Name",
                             "FilesInfo",
                             "PublicForCreation",
                             "PublicForBackgroundDancing",
                             "Size",
                             "PolyCount",
                             "IsDefault",
                             "SortOrder")
        values (1,
                1,
                189702,
                'character-189702',
                '[]'::json,
                false,
                false,
                10100,
                2003,
                true,
                1)
        returning *),
     update_main_character as (
         update "User"
             set "MainCharacterId" = (select "Id" from ins)
             where "MainGroupId" in (select "GroupId"
                                     from ins
                                     where "IsDefault" = true))
select *
from ins
Information [20101]: Executed DbCommand (1ms) [Parameters=[], CommandType='Text', CommandTimeout='60']
with ins as (
    insert into "Character" ("GenderId",
                             "CharacterStyleId",
                             "GroupId",
                             "Name",
                             "FilesInfo",
                             "PublicForCreation",
                             "PublicForBackgroundDancing",
                             "Size",
                             "PolyCount",
                             "IsDefault",
                             "SortOrder")
        values (1,
                1,
                189702,
                'character-189702',
                '[]'::json,
                false,
                false,
                10100,
                2003,
                true,
                1)
        returning *),
     update_main_character as (
         update "User"
             set "MainCharacterId" = (select "Id" from ins)
             where "MainGroupId" in (select "GroupId"
                                     from ins
                                     where "IsDefault" = true))
select *
from ins
Debug [10806]: Context 'TestReadWriteDbContext' started tracking 'Character' entity with key '{Id: 304997}'.
Debug [20301]: Closing data reader to 'frevertest' on server 'tcp://postgres-frever-it:5432'.
Debug [20300]: A data reader for 'frevertest' on server 'tcp://postgres-frever-it:5432' is being disposed after spending 0ms reading results.
Debug [10111]: Compiling query expression: 
'DbSet&lt;Character&gt;().FromSql(with ins as (
    insert into "Character" ("GenderId",
                             "CharacterStyleId",
                             "GroupId",
                             "Name",
                             "FilesInfo",
                             "PublicForCreation",
                             "PublicForBackgroundDancing",
                             "Size",
                             "PolyCount",
                             "IsDefault",
                             "SortOrder")
        values (1,
                1,
                189703,
                'character-189703',
                '[]'::json,
                false,
                false,
                10100,
                2003,
                true,
                1)
        returning *),
     update_main_character as (
         update "User"
             set "MainCharacterId" = (select "Id" from ins)
             where "MainGroupId" in (select "GroupId"
                                     from ins
                                     where "IsDefault" = true))
select *
from ins, __p_0)
'
Debug [10107]: Generated query execution expression: 
'queryContext =&gt; new FromSqlQueryingEnumerable&lt;Character&gt;(
    (RelationalQueryContext)queryContext, 
    RelationalCommandCache.QueryExpression(
        Projection Mapping:
            EmptyProjectionMember -&gt; Dictionary&lt;IProperty, int&gt; { [Property: Character.Id (long) Required PK AfterSave:Throw ValueGenerated.OnAdd, 0], [Property: Character.CharacterStyleId (long) Required FK Index, 1], [Property: Character.CreatedTime (DateTime) Required ValueGenerated.OnAdd, 2], [Property: Character.Files (List&lt;FileInfo&gt;), 3], [Property: Character.GenderId (long) Required FK Index, 4], [Property: Character.GroupId (long) Required FK Index, 5], [Property: Character.IsDefault (bool) Required, 6], [Property: Character.IsDeleted (bool) Required, 7], [Property: Character.ModifiedTime (DateTime) Required ValueGenerated.OnAdd, 8], [Property: Character.Name (string) Required ValueGenerated.OnAdd, 9], [Property: Character.PolyCount (int?), 10], [Property: Character.PublicForBackgroundDancing (bool) Required, 11], [Property: Character.PublicForCreation (bool) Required, 12], [Property: Character.ReadinessId (long) Required FK Index, 13], [Property: Character.Size (long?), 14], [Property: Character.SortOrder (int) Required, 15], [Property: Character.UploaderUserId (long) Required FK Index ValueGenerated.OnAdd, 16], [Property: Character.Version (Guid) Required, 17] }
        SELECT f.Id, f.CharacterStyleId, f.CreatedTime, f.FilesInfo, f.GenderId, f.GroupId, f.IsDefault, f.IsDeleted, f.ModifiedTime, f.Name, f.PolyCount, f.PublicForBackgroundDancing, f.PublicForCreation, f.ReadinessId, f.Size, f.SortOrder, f.UploaderUserId, f.Version
        FROM with ins as (
    insert into "Character" ("GenderId",
                             "CharacterStyleId",
                             "GroupId",
                             "Name",
                             "FilesInfo",
                             "PublicForCreation",
                             "PublicForBackgroundDancing",
                             "Size",
                             "PolyCount",
                             "IsDefault",
                             "SortOrder")
        values (1,
                1,
                189703,
                'character-189703',
                '[]'::json,
                false,
                false,
                10100,
                2003,
                true,
                1)
        returning *),
     update_main_character as (
         update "User"
             set "MainCharacterId" = (select "Id" from ins)
             where "MainGroupId" in (select "GroupId"
                                     from ins
                                     where "IsDefault" = true))
select *
from ins), 
    null, 
    List&lt;string&gt; { "Id", "CharacterStyleId", "CreatedTime", "FilesInfo", "GenderId", "GroupId", "IsDefault", "IsDeleted", "ModifiedTime", "Name", "PolyCount", "PublicForBackgroundDancing", "PublicForCreation", "ReadinessId", "Size", "SortOrder", "UploaderUserId", "Version" }, 
    Func&lt;QueryContext, DbDataReader, int[], Character&gt;, 
    Frever.Common.IntegrationTesting.TestReadWriteDbContext, 
    False, 
    False, 
    True
)'
Debug [20103]: Creating DbCommand for 'ExecuteReader'.
Debug [20104]: Created DbCommand for 'ExecuteReader' (0ms).
Debug [20106]: Initialized DbCommand for 'ExecuteReader' (0ms).
Debug [20100]: Executing DbCommand [Parameters=[], CommandType='Text', CommandTimeout='60']
with ins as (
    insert into "Character" ("GenderId",
                             "CharacterStyleId",
                             "GroupId",
                             "Name",
                             "FilesInfo",
                             "PublicForCreation",
                             "PublicForBackgroundDancing",
                             "Size",
                             "PolyCount",
                             "IsDefault",
                             "SortOrder")
        values (1,
                1,
                189703,
                'character-189703',
                '[]'::json,
                false,
                false,
                10100,
                2003,
                true,
                1)
        returning *),
     update_main_character as (
         update "User"
             set "MainCharacterId" = (select "Id" from ins)
             where "MainGroupId" in (select "GroupId"
                                     from ins
                                     where "IsDefault" = true))
select *
from ins
Information [20101]: Executed DbCommand (1ms) [Parameters=[], CommandType='Text', CommandTimeout='60']
with ins as (
    insert into "Character" ("GenderId",
                             "CharacterStyleId",
                             "GroupId",
                             "Name",
                             "FilesInfo",
                             "PublicForCreation",
                             "PublicForBackgroundDancing",
                             "Size",
                             "PolyCount",
                             "IsDefault",
                             "SortOrder")
        values (1,
                1,
                189703,
                'character-189703',
                '[]'::json,
                false,
                false,
                10100,
                2003,
                true,
                1)
        returning *),
     update_main_character as (
         update "User"
             set "MainCharacterId" = (select "Id" from ins)
             where "MainGroupId" in (select "GroupId"
                                     from ins
                                     where "IsDefault" = true))
select *
from ins
Debug [10806]: Context 'TestReadWriteDbContext' started tracking 'Character' entity with key '{Id: 304998}'.
Debug [20301]: Closing data reader to 'frevertest' on server 'tcp://postgres-frever-it:5432'.
Debug [20300]: A data reader for 'frevertest' on server 'tcp://postgres-frever-it:5432' is being disposed after spending 0ms reading results.
Debug [10111]: Compiling query expression: 
'DbSet&lt;Character&gt;().FromSql(with ins as (
    insert into "Character" ("GenderId",
                             "CharacterStyleId",
                             "GroupId",
                             "Name",
                             "FilesInfo",
                             "PublicForCreation",
                             "PublicForBackgroundDancing",
                             "Size",
                             "PolyCount",
                             "IsDefault",
                             "SortOrder")
        values (1,
                1,
                189704,
                'character-189704',
                '[]'::json,
                false,
                false,
                10100,
                2003,
                true,
                1)
        returning *),
     update_main_character as (
         update "User"
             set "MainCharacterId" = (select "Id" from ins)
             where "MainGroupId" in (select "GroupId"
                                     from ins
                                     where "IsDefault" = true))
select *
from ins, __p_0)
'
Debug [10107]: Generated query execution expression: 
'queryContext =&gt; new FromSqlQueryingEnumerable&lt;Character&gt;(
    (RelationalQueryContext)queryContext, 
    RelationalCommandCache.QueryExpression(
        Projection Mapping:
            EmptyProjectionMember -&gt; Dictionary&lt;IProperty, int&gt; { [Property: Character.Id (long) Required PK AfterSave:Throw ValueGenerated.OnAdd, 0], [Property: Character.CharacterStyleId (long) Required FK Index, 1], [Property: Character.CreatedTime (DateTime) Required ValueGenerated.OnAdd, 2], [Property: Character.Files (List&lt;FileInfo&gt;), 3], [Property: Character.GenderId (long) Required FK Index, 4], [Property: Character.GroupId (long) Required FK Index, 5], [Property: Character.IsDefault (bool) Required, 6], [Property: Character.IsDeleted (bool) Required, 7], [Property: Character.ModifiedTime (DateTime) Required ValueGenerated.OnAdd, 8], [Property: Character.Name (string) Required ValueGenerated.OnAdd, 9], [Property: Character.PolyCount (int?), 10], [Property: Character.PublicForBackgroundDancing (bool) Required, 11], [Property: Character.PublicForCreation (bool) Required, 12], [Property: Character.ReadinessId (long) Required FK Index, 13], [Property: Character.Size (long?), 14], [Property: Character.SortOrder (int) Required, 15], [Property: Character.UploaderUserId (long) Required FK Index ValueGenerated.OnAdd, 16], [Property: Character.Version (Guid) Required, 17] }
        SELECT f.Id, f.CharacterStyleId, f.CreatedTime, f.FilesInfo, f.GenderId, f.GroupId, f.IsDefault, f.IsDeleted, f.ModifiedTime, f.Name, f.PolyCount, f.PublicForBackgroundDancing, f.PublicForCreation, f.ReadinessId, f.Size, f.SortOrder, f.UploaderUserId, f.Version
        FROM with ins as (
    insert into "Character" ("GenderId",
                             "CharacterStyleId",
                             "GroupId",
                             "Name",
                             "FilesInfo",
                             "PublicForCreation",
                             "PublicForBackgroundDancing",
                             "Size",
                             "PolyCount",
                             "IsDefault",
                             "SortOrder")
        values (1,
                1,
                189704,
                'character-189704',
                '[]'::json,
                false,
                false,
                10100,
                2003,
                true,
                1)
        returning *),
     update_main_character as (
         update "User"
             set "MainCharacterId" = (select "Id" from ins)
             where "MainGroupId" in (select "GroupId"
                                     from ins
                                     where "IsDefault" = true))
select *
from ins), 
    null, 
    List&lt;string&gt; { "Id", "CharacterStyleId", "CreatedTime", "FilesInfo", "GenderId", "GroupId", "IsDefault", "IsDeleted", "ModifiedTime", "Name", "PolyCount", "PublicForBackgroundDancing", "PublicForCreation", "ReadinessId", "Size", "SortOrder", "UploaderUserId", "Version" }, 
    Func&lt;QueryContext, DbDataReader, int[], Character&gt;, 
    Frever.Common.IntegrationTesting.TestReadWriteDbContext, 
    False, 
    False, 
    True
)'
Debug [20103]: Creating DbCommand for 'ExecuteReader'.
Debug [20104]: Created DbCommand for 'ExecuteReader' (0ms).
Debug [20106]: Initialized DbCommand for 'ExecuteReader' (0ms).
Debug [20100]: Executing DbCommand [Parameters=[], CommandType='Text', CommandTimeout='60']
with ins as (
    insert into "Character" ("GenderId",
                             "CharacterStyleId",
                             "GroupId",
                             "Name",
                             "FilesInfo",
                             "PublicForCreation",
                             "PublicForBackgroundDancing",
                             "Size",
                             "PolyCount",
                             "IsDefault",
                             "SortOrder")
        values (1,
                1,
                189704,
                'character-189704',
                '[]'::json,
                false,
                false,
                10100,
                2003,
                true,
                1)
        returning *),
     update_main_character as (
         update "User"
             set "MainCharacterId" = (select "Id" from ins)
             where "MainGroupId" in (select "GroupId"
                                     from ins
                                     where "IsDefault" = true))
select *
from ins
Information [20101]: Executed DbCommand (1ms) [Parameters=[], CommandType='Text', CommandTimeout='60']
with ins as (
    insert into "Character" ("GenderId",
                             "CharacterStyleId",
                             "GroupId",
                             "Name",
                             "FilesInfo",
                             "PublicForCreation",
                             "PublicForBackgroundDancing",
                             "Size",
                             "PolyCount",
                             "IsDefault",
                             "SortOrder")
        values (1,
                1,
                189704,
                'character-189704',
                '[]'::json,
                false,
                false,
                10100,
                2003,
                true,
                1)
        returning *),
     update_main_character as (
         update "User"
             set "MainCharacterId" = (select "Id" from ins)
             where "MainGroupId" in (select "GroupId"
                                     from ins
                                     where "IsDefault" = true))
select *
from ins
Debug [10806]: Context 'TestReadWriteDbContext' started tracking 'Character' entity with key '{Id: 304999}'.
Debug [20301]: Closing data reader to 'frevertest' on server 'tcp://postgres-frever-it:5432'.
Debug [20300]: A data reader for 'frevertest' on server 'tcp://postgres-frever-it:5432' is being disposed after spending 0ms reading results.
Debug [10111]: Compiling query expression: 
'DbSet&lt;Character&gt;().FromSql(with ins as (
    insert into "Character" ("GenderId",
                             "CharacterStyleId",
                             "GroupId",
                             "Name",
                             "FilesInfo",
                             "PublicForCreation",
                             "PublicForBackgroundDancing",
                             "Size",
                             "PolyCount",
                             "IsDefault",
                             "SortOrder")
        values (1,
                1,
                189705,
                'character-189705',
                '[]'::json,
                false,
                false,
                10100,
                2003,
                true,
                1)
        returning *),
     update_main_character as (
         update "User"
             set "MainCharacterId" = (select "Id" from ins)
             where "MainGroupId" in (select "GroupId"
                                     from ins
                                     where "IsDefault" = true))
select *
from ins, __p_0)
'
Debug [10107]: Generated query execution expression: 
'queryContext =&gt; new FromSqlQueryingEnumerable&lt;Character&gt;(
    (RelationalQueryContext)queryContext, 
    RelationalCommandCache.QueryExpression(
        Projection Mapping:
            EmptyProjectionMember -&gt; Dictionary&lt;IProperty, int&gt; { [Property: Character.Id (long) Required PK AfterSave:Throw ValueGenerated.OnAdd, 0], [Property: Character.CharacterStyleId (long) Required FK Index, 1], [Property: Character.CreatedTime (DateTime) Required ValueGenerated.OnAdd, 2], [Property: Character.Files (List&lt;FileInfo&gt;), 3], [Property: Character.GenderId (long) Required FK Index, 4], [Property: Character.GroupId (long) Required FK Index, 5], [Property: Character.IsDefault (bool) Required, 6], [Property: Character.IsDeleted (bool) Required, 7], [Property: Character.ModifiedTime (DateTime) Required ValueGenerated.OnAdd, 8], [Property: Character.Name (string) Required ValueGenerated.OnAdd, 9], [Property: Character.PolyCount (int?), 10], [Property: Character.PublicForBackgroundDancing (bool) Required, 11], [Property: Character.PublicForCreation (bool) Required, 12], [Property: Character.ReadinessId (long) Required FK Index, 13], [Property: Character.Size (long?), 14], [Property: Character.SortOrder (int) Required, 15], [Property: Character.UploaderUserId (long) Required FK Index ValueGenerated.OnAdd, 16], [Property: Character.Version (Guid) Required, 17] }
        SELECT f.Id, f.CharacterStyleId, f.CreatedTime, f.FilesInfo, f.GenderId, f.GroupId, f.IsDefault, f.IsDeleted, f.ModifiedTime, f.Name, f.PolyCount, f.PublicForBackgroundDancing, f.PublicForCreation, f.ReadinessId, f.Size, f.SortOrder, f.UploaderUserId, f.Version
        FROM with ins as (
    insert into "Character" ("GenderId",
                             "CharacterStyleId",
                             "GroupId",
                             "Name",
                             "FilesInfo",
                             "PublicForCreation",
                             "PublicForBackgroundDancing",
                             "Size",
                             "PolyCount",
                             "IsDefault",
                             "SortOrder")
        values (1,
                1,
                189705,
                'character-189705',
                '[]'::json,
                false,
                false,
                10100,
                2003,
                true,
                1)
        returning *),
     update_main_character as (
         update "User"
             set "MainCharacterId" = (select "Id" from ins)
             where "MainGroupId" in (select "GroupId"
                                     from ins
                                     where "IsDefault" = true))
select *
from ins), 
    null, 
    List&lt;string&gt; { "Id", "CharacterStyleId", "CreatedTime", "FilesInfo", "GenderId", "GroupId", "IsDefault", "IsDeleted", "ModifiedTime", "Name", "PolyCount", "PublicForBackgroundDancing", "PublicForCreation", "ReadinessId", "Size", "SortOrder", "UploaderUserId", "Version" }, 
    Func&lt;QueryContext, DbDataReader, int[], Character&gt;, 
    Frever.Common.IntegrationTesting.TestReadWriteDbContext, 
    False, 
    False, 
    True
)'
Debug [20103]: Creating DbCommand for 'ExecuteReader'.
Debug [20104]: Created DbCommand for 'ExecuteReader' (0ms).
Debug [20106]: Initialized DbCommand for 'ExecuteReader' (0ms).
Debug [20100]: Executing DbCommand [Parameters=[], CommandType='Text', CommandTimeout='60']
with ins as (
    insert into "Character" ("GenderId",
                             "CharacterStyleId",
                             "GroupId",
                             "Name",
                             "FilesInfo",
                             "PublicForCreation",
                             "PublicForBackgroundDancing",
                             "Size",
                             "PolyCount",
                             "IsDefault",
                             "SortOrder")
        values (1,
                1,
                189705,
                'character-189705',
                '[]'::json,
                false,
                false,
                10100,
                2003,
                true,
                1)
        returning *),
     update_main_character as (
         update "User"
             set "MainCharacterId" = (select "Id" from ins)
             where "MainGroupId" in (select "GroupId"
                                     from ins
                                     where "IsDefault" = true))
select *
from ins
Information [20101]: Executed DbCommand (1ms) [Parameters=[], CommandType='Text', CommandTimeout='60']
with ins as (
    insert into "Character" ("GenderId",
                             "CharacterStyleId",
                             "GroupId",
                             "Name",
                             "FilesInfo",
                             "PublicForCreation",
                             "PublicForBackgroundDancing",
                             "Size",
                             "PolyCount",
                             "IsDefault",
                             "SortOrder")
        values (1,
                1,
                189705,
                'character-189705',
                '[]'::json,
                false,
                false,
                10100,
                2003,
                true,
                1)
        returning *),
     update_main_character as (
         update "User"
             set "MainCharacterId" = (select "Id" from ins)
             where "MainGroupId" in (select "GroupId"
                                     from ins
                                     where "IsDefault" = true))
select *
from ins
Debug [10806]: Context 'TestReadWriteDbContext' started tracking 'Character' entity with key '{Id: 305000}'.
Debug [20301]: Closing data reader to 'frevertest' on server 'tcp://postgres-frever-it:5432'.
Debug [20300]: A data reader for 'frevertest' on server 'tcp://postgres-frever-it:5432' is being disposed after spending 0ms reading results.
Debug [10111]: Compiling query expression: 
'DbSet&lt;Character&gt;().FromSql(with ins as (
    insert into "Character" ("GenderId",
                             "CharacterStyleId",
                             "GroupId",
                             "Name",
                             "FilesInfo",
                             "PublicForCreation",
                             "PublicForBackgroundDancing",
                             "Size",
                             "PolyCount",
                             "IsDefault",
                             "SortOrder")
        values (1,
                1,
                189706,
                'character-189706',
                '[]'::json,
                false,
                false,
                10100,
                2003,
                true,
                1)
        returning *),
     update_main_character as (
         update "User"
             set "MainCharacterId" = (select "Id" from ins)
             where "MainGroupId" in (select "GroupId"
                                     from ins
                                     where "IsDefault" = true))
select *
from ins, __p_0)
'
Debug [10107]: Generated query execution expression: 
'queryContext =&gt; new FromSqlQueryingEnumerable&lt;Character&gt;(
    (RelationalQueryContext)queryContext, 
    RelationalCommandCache.QueryExpression(
        Projection Mapping:
            EmptyProjectionMember -&gt; Dictionary&lt;IProperty, int&gt; { [Property: Character.Id (long) Required PK AfterSave:Throw ValueGenerated.OnAdd, 0], [Property: Character.CharacterStyleId (long) Required FK Index, 1], [Property: Character.CreatedTime (DateTime) Required ValueGenerated.OnAdd, 2], [Property: Character.Files (List&lt;FileInfo&gt;), 3], [Property: Character.GenderId (long) Required FK Index, 4], [Property: Character.GroupId (long) Required FK Index, 5], [Property: Character.IsDefault (bool) Required, 6], [Property: Character.IsDeleted (bool) Required, 7], [Property: Character.ModifiedTime (DateTime) Required ValueGenerated.OnAdd, 8], [Property: Character.Name (string) Required ValueGenerated.OnAdd, 9], [Property: Character.PolyCount (int?), 10], [Property: Character.PublicForBackgroundDancing (bool) Required, 11], [Property: Character.PublicForCreation (bool) Required, 12], [Property: Character.ReadinessId (long) Required FK Index, 13], [Property: Character.Size (long?), 14], [Property: Character.SortOrder (int) Required, 15], [Property: Character.UploaderUserId (long) Required FK Index ValueGenerated.OnAdd, 16], [Property: Character.Version (Guid) Required, 17] }
        SELECT f.Id, f.CharacterStyleId, f.CreatedTime, f.FilesInfo, f.GenderId, f.GroupId, f.IsDefault, f.IsDeleted, f.ModifiedTime, f.Name, f.PolyCount, f.PublicForBackgroundDancing, f.PublicForCreation, f.ReadinessId, f.Size, f.SortOrder, f.UploaderUserId, f.Version
        FROM with ins as (
    insert into "Character" ("GenderId",
                             "CharacterStyleId",
                             "GroupId",
                             "Name",
                             "FilesInfo",
                             "PublicForCreation",
                             "PublicForBackgroundDancing",
                             "Size",
                             "PolyCount",
                             "IsDefault",
                             "SortOrder")
        values (1,
                1,
                189706,
                'character-189706',
                '[]'::json,
                false,
                false,
                10100,
                2003,
                true,
                1)
        returning *),
     update_main_character as (
         update "User"
             set "MainCharacterId" = (select "Id" from ins)
             where "MainGroupId" in (select "GroupId"
                                     from ins
                                     where "IsDefault" = true))
select *
from ins), 
    null, 
    List&lt;string&gt; { "Id", "CharacterStyleId", "CreatedTime", "FilesInfo", "GenderId", "GroupId", "IsDefault", "IsDeleted", "ModifiedTime", "Name", "PolyCount", "PublicForBackgroundDancing", "PublicForCreation", "ReadinessId", "Size", "SortOrder", "UploaderUserId", "Version" }, 
    Func&lt;QueryContext, DbDataReader, int[], Character&gt;, 
    Frever.Common.IntegrationTesting.TestReadWriteDbContext, 
    False, 
    False, 
    True
)'
Debug [20103]: Creating DbCommand for 'ExecuteReader'.
Debug [20104]: Created DbCommand for 'ExecuteReader' (0ms).
Debug [20106]: Initialized DbCommand for 'ExecuteReader' (0ms).
Debug [20100]: Executing DbCommand [Parameters=[], CommandType='Text', CommandTimeout='60']
with ins as (
    insert into "Character" ("GenderId",
                             "CharacterStyleId",
                             "GroupId",
                             "Name",
                             "FilesInfo",
                             "PublicForCreation",
                             "PublicForBackgroundDancing",
                             "Size",
                             "PolyCount",
                             "IsDefault",
                             "SortOrder")
        values (1,
                1,
                189706,
                'character-189706',
                '[]'::json,
                false,
                false,
                10100,
                2003,
                true,
                1)
        returning *),
     update_main_character as (
         update "User"
             set "MainCharacterId" = (select "Id" from ins)
             where "MainGroupId" in (select "GroupId"
                                     from ins
                                     where "IsDefault" = true))
select *
from ins
Information [20101]: Executed DbCommand (1ms) [Parameters=[], CommandType='Text', CommandTimeout='60']
with ins as (
    insert into "Character" ("GenderId",
                             "CharacterStyleId",
                             "GroupId",
                             "Name",
                             "FilesInfo",
                             "PublicForCreation",
                             "PublicForBackgroundDancing",
                             "Size",
                             "PolyCount",
                             "IsDefault",
                             "SortOrder")
        values (1,
                1,
                189706,
                'character-189706',
                '[]'::json,
                false,
                false,
                10100,
                2003,
                true,
                1)
        returning *),
     update_main_character as (
         update "User"
             set "MainCharacterId" = (select "Id" from ins)
             where "MainGroupId" in (select "GroupId"
                                     from ins
                                     where "IsDefault" = true))
select *
from ins
Debug [10806]: Context 'TestReadWriteDbContext' started tracking 'Character' entity with key '{Id: 305001}'.
Debug [20301]: Closing data reader to 'frevertest' on server 'tcp://postgres-frever-it:5432'.
Debug [20300]: A data reader for 'frevertest' on server 'tcp://postgres-frever-it:5432' is being disposed after spending 0ms reading results.
Debug [10111]: Compiling query expression: 
'DbSet&lt;Character&gt;().FromSql(with ins as (
    insert into "Character" ("GenderId",
                             "CharacterStyleId",
                             "GroupId",
                             "Name",
                             "FilesInfo",
                             "PublicForCreation",
                             "PublicForBackgroundDancing",
                             "Size",
                             "PolyCount",
                             "IsDefault",
                             "SortOrder")
        values (1,
                1,
                189707,
                'character-189707',
                '[]'::json,
                false,
                false,
                10100,
                2003,
                true,
                1)
        returning *),
     update_main_character as (
         update "User"
             set "MainCharacterId" = (select "Id" from ins)
             where "MainGroupId" in (select "GroupId"
                                     from ins
                                     where "IsDefault" = true))
select *
from ins, __p_0)
'
Debug [10107]: Generated query execution expression: 
'queryContext =&gt; new FromSqlQueryingEnumerable&lt;Character&gt;(
    (RelationalQueryContext)queryContext, 
    RelationalCommandCache.QueryExpression(
        Projection Mapping:
            EmptyProjectionMember -&gt; Dictionary&lt;IProperty, int&gt; { [Property: Character.Id (long) Required PK AfterSave:Throw ValueGenerated.OnAdd, 0], [Property: Character.CharacterStyleId (long) Required FK Index, 1], [Property: Character.CreatedTime (DateTime) Required ValueGenerated.OnAdd, 2], [Property: Character.Files (List&lt;FileInfo&gt;), 3], [Property: Character.GenderId (long) Required FK Index, 4], [Property: Character.GroupId (long) Required FK Index, 5], [Property: Character.IsDefault (bool) Required, 6], [Property: Character.IsDeleted (bool) Required, 7], [Property: Character.ModifiedTime (DateTime) Required ValueGenerated.OnAdd, 8], [Property: Character.Name (string) Required ValueGenerated.OnAdd, 9], [Property: Character.PolyCount (int?), 10], [Property: Character.PublicForBackgroundDancing (bool) Required, 11], [Property: Character.PublicForCreation (bool) Required, 12], [Property: Character.ReadinessId (long) Required FK Index, 13], [Property: Character.Size (long?), 14], [Property: Character.SortOrder (int) Required, 15], [Property: Character.UploaderUserId (long) Required FK Index ValueGenerated.OnAdd, 16], [Property: Character.Version (Guid) Required, 17] }
        SELECT f.Id, f.CharacterStyleId, f.CreatedTime, f.FilesInfo, f.GenderId, f.GroupId, f.IsDefault, f.IsDeleted, f.ModifiedTime, f.Name, f.PolyCount, f.PublicForBackgroundDancing, f.PublicForCreation, f.ReadinessId, f.Size, f.SortOrder, f.UploaderUserId, f.Version
        FROM with ins as (
    insert into "Character" ("GenderId",
                             "CharacterStyleId",
                             "GroupId",
                             "Name",
                             "FilesInfo",
                             "PublicForCreation",
                             "PublicForBackgroundDancing",
                             "Size",
                             "PolyCount",
                             "IsDefault",
                             "SortOrder")
        values (1,
                1,
                189707,
                'character-189707',
                '[]'::json,
                false,
                false,
                10100,
                2003,
                true,
                1)
        returning *),
     update_main_character as (
         update "User"
             set "MainCharacterId" = (select "Id" from ins)
             where "MainGroupId" in (select "GroupId"
                                     from ins
                                     where "IsDefault" = true))
select *
from ins), 
    null, 
    List&lt;string&gt; { "Id", "CharacterStyleId", "CreatedTime", "FilesInfo", "GenderId", "GroupId", "IsDefault", "IsDeleted", "ModifiedTime", "Name", "PolyCount", "PublicForBackgroundDancing", "PublicForCreation", "ReadinessId", "Size", "SortOrder", "UploaderUserId", "Version" }, 
    Func&lt;QueryContext, DbDataReader, int[], Character&gt;, 
    Frever.Common.IntegrationTesting.TestReadWriteDbContext, 
    False, 
    False, 
    True
)'
Debug [20103]: Creating DbCommand for 'ExecuteReader'.
Debug [20104]: Created DbCommand for 'ExecuteReader' (0ms).
Debug [20106]: Initialized DbCommand for 'ExecuteReader' (0ms).
Debug [20100]: Executing DbCommand [Parameters=[], CommandType='Text', CommandTimeout='60']
with ins as (
    insert into "Character" ("GenderId",
                             "CharacterStyleId",
                             "GroupId",
                             "Name",
                             "FilesInfo",
                             "PublicForCreation",
                             "PublicForBackgroundDancing",
                             "Size",
                             "PolyCount",
                             "IsDefault",
                             "SortOrder")
        values (1,
                1,
                189707,
                'character-189707',
                '[]'::json,
                false,
                false,
                10100,
                2003,
                true,
                1)
        returning *),
     update_main_character as (
         update "User"
             set "MainCharacterId" = (select "Id" from ins)
             where "MainGroupId" in (select "GroupId"
                                     from ins
                                     where "IsDefault" = true))
select *
from ins
Information [20101]: Executed DbCommand (1ms) [Parameters=[], CommandType='Text', CommandTimeout='60']
with ins as (
    insert into "Character" ("GenderId",
                             "CharacterStyleId",
                             "GroupId",
                             "Name",
                             "FilesInfo",
                             "PublicForCreation",
                             "PublicForBackgroundDancing",
                             "Size",
                             "PolyCount",
                             "IsDefault",
                             "SortOrder")
        values (1,
                1,
                189707,
                'character-189707',
                '[]'::json,
                false,
                false,
                10100,
                2003,
                true,
                1)
        returning *),
     update_main_character as (
         update "User"
             set "MainCharacterId" = (select "Id" from ins)
             where "MainGroupId" in (select "GroupId"
                                     from ins
                                     where "IsDefault" = true))
select *
from ins
Debug [10806]: Context 'TestReadWriteDbContext' started tracking 'Character' entity with key '{Id: 305002}'.
Debug [20301]: Closing data reader to 'frevertest' on server 'tcp://postgres-frever-it:5432'.
Debug [20300]: A data reader for 'frevertest' on server 'tcp://postgres-frever-it:5432' is being disposed after spending 0ms reading results.
Debug [10111]: Compiling query expression: 
'DbSet&lt;Character&gt;().FromSql(with ins as (
    insert into "Character" ("GenderId",
                             "CharacterStyleId",
                             "GroupId",
                             "Name",
                             "FilesInfo",
                             "PublicForCreation",
                             "PublicForBackgroundDancing",
                             "Size",
                             "PolyCount",
                             "IsDefault",
                             "SortOrder")
        values (1,
                1,
                189708,
                'character-189708',
                '[]'::json,
                false,
                false,
                10100,
                2003,
                true,
                1)
        returning *),
     update_main_character as (
         update "User"
             set "MainCharacterId" = (select "Id" from ins)
             where "MainGroupId" in (select "GroupId"
                                     from ins
                                     where "IsDefault" = true))
select *
from ins, __p_0)
'
Debug [10107]: Generated query execution expression: 
'queryContext =&gt; new FromSqlQueryingEnumerable&lt;Character&gt;(
    (RelationalQueryContext)queryContext, 
    RelationalCommandCache.QueryExpression(
        Projection Mapping:
            EmptyProjectionMember -&gt; Dictionary&lt;IProperty, int&gt; { [Property: Character.Id (long) Required PK AfterSave:Throw ValueGenerated.OnAdd, 0], [Property: Character.CharacterStyleId (long) Required FK Index, 1], [Property: Character.CreatedTime (DateTime) Required ValueGenerated.OnAdd, 2], [Property: Character.Files (List&lt;FileInfo&gt;), 3], [Property: Character.GenderId (long) Required FK Index, 4], [Property: Character.GroupId (long) Required FK Index, 5], [Property: Character.IsDefault (bool) Required, 6], [Property: Character.IsDeleted (bool) Required, 7], [Property: Character.ModifiedTime (DateTime) Required ValueGenerated.OnAdd, 8], [Property: Character.Name (string) Required ValueGenerated.OnAdd, 9], [Property: Character.PolyCount (int?), 10], [Property: Character.PublicForBackgroundDancing (bool) Required, 11], [Property: Character.PublicForCreation (bool) Required, 12], [Property: Character.ReadinessId (long) Required FK Index, 13], [Property: Character.Size (long?), 14], [Property: Character.SortOrder (int) Required, 15], [Property: Character.UploaderUserId (long) Required FK Index ValueGenerated.OnAdd, 16], [Property: Character.Version (Guid) Required, 17] }
        SELECT f.Id, f.CharacterStyleId, f.CreatedTime, f.FilesInfo, f.GenderId, f.GroupId, f.IsDefault, f.IsDeleted, f.ModifiedTime, f.Name, f.PolyCount, f.PublicForBackgroundDancing, f.PublicForCreation, f.ReadinessId, f.Size, f.SortOrder, f.UploaderUserId, f.Version
        FROM with ins as (
    insert into "Character" ("GenderId",
                             "CharacterStyleId",
                             "GroupId",
                             "Name",
                             "FilesInfo",
                             "PublicForCreation",
                             "PublicForBackgroundDancing",
                             "Size",
                             "PolyCount",
                             "IsDefault",
                             "SortOrder")
        values (1,
                1,
                189708,
                'character-189708',
                '[]'::json,
                false,
                false,
                10100,
                2003,
                true,
                1)
        returning *),
     update_main_character as (
         update "User"
             set "MainCharacterId" = (select "Id" from ins)
             where "MainGroupId" in (select "GroupId"
                                     from ins
                                     where "IsDefault" = true))
select *
from ins), 
    null, 
    List&lt;string&gt; { "Id", "CharacterStyleId", "CreatedTime", "FilesInfo", "GenderId", "GroupId", "IsDefault", "IsDeleted", "ModifiedTime", "Name", "PolyCount", "PublicForBackgroundDancing", "PublicForCreation", "ReadinessId", "Size", "SortOrder", "UploaderUserId", "Version" }, 
    Func&lt;QueryContext, DbDataReader, int[], Character&gt;, 
    Frever.Common.IntegrationTesting.TestReadWriteDbContext, 
    False, 
    False, 
    True
)'
Debug [20103]: Creating DbCommand for 'ExecuteReader'.
Debug [20104]: Created DbCommand for 'ExecuteReader' (0ms).
Debug [20106]: Initialized DbCommand for 'ExecuteReader' (0ms).
Debug [20100]: Executing DbCommand [Parameters=[], CommandType='Text', CommandTimeout='60']
with ins as (
    insert into "Character" ("GenderId",
                             "CharacterStyleId",
                             "GroupId",
                             "Name",
                             "FilesInfo",
                             "PublicForCreation",
                             "PublicForBackgroundDancing",
                             "Size",
                             "PolyCount",
                             "IsDefault",
                             "SortOrder")
        values (1,
                1,
                189708,
                'character-189708',
                '[]'::json,
                false,
                false,
                10100,
                2003,
                true,
                1)
        returning *),
     update_main_character as (
         update "User"
             set "MainCharacterId" = (select "Id" from ins)
             where "MainGroupId" in (select "GroupId"
                                     from ins
                                     where "IsDefault" = true))
select *
from ins
Information [20101]: Executed DbCommand (1ms) [Parameters=[], CommandType='Text', CommandTimeout='60']
with ins as (
    insert into "Character" ("GenderId",
                             "CharacterStyleId",
                             "GroupId",
                             "Name",
                             "FilesInfo",
                             "PublicForCreation",
                             "PublicForBackgroundDancing",
                             "Size",
                             "PolyCount",
                             "IsDefault",
                             "SortOrder")
        values (1,
                1,
                189708,
                'character-189708',
                '[]'::json,
                false,
                false,
                10100,
                2003,
                true,
                1)
        returning *),
     update_main_character as (
         update "User"
             set "MainCharacterId" = (select "Id" from ins)
             where "MainGroupId" in (select "GroupId"
                                     from ins
                                     where "IsDefault" = true))
select *
from ins
Debug [10806]: Context 'TestReadWriteDbContext' started tracking 'Character' entity with key '{Id: 305003}'.
Debug [20301]: Closing data reader to 'frevertest' on server 'tcp://postgres-frever-it:5432'.
Debug [20300]: A data reader for 'frevertest' on server 'tcp://postgres-frever-it:5432' is being disposed after spending 0ms reading results.
Debug [10111]: Compiling query expression: 
'DbSet&lt;Character&gt;().FromSql(with ins as (
    insert into "Character" ("GenderId",
                             "CharacterStyleId",
                             "GroupId",
                             "Name",
                             "FilesInfo",
                             "PublicForCreation",
                             "PublicForBackgroundDancing",
                             "Size",
                             "PolyCount",
                             "IsDefault",
                             "SortOrder")
        values (1,
                1,
                189709,
                'character-189709',
                '[]'::json,
                false,
                false,
                10100,
                2003,
                true,
                1)
        returning *),
     update_main_character as (
         update "User"
             set "MainCharacterId" = (select "Id" from ins)
             where "MainGroupId" in (select "GroupId"
                                     from ins
                                     where "IsDefault" = true))
select *
from ins, __p_0)
'
Debug [10107]: Generated query execution expression: 
'queryContext =&gt; new FromSqlQueryingEnumerable&lt;Character&gt;(
    (RelationalQueryContext)queryContext, 
    RelationalCommandCache.QueryExpression(
        Projection Mapping:
            EmptyProjectionMember -&gt; Dictionary&lt;IProperty, int&gt; { [Property: Character.Id (long) Required PK AfterSave:Throw ValueGenerated.OnAdd, 0], [Property: Character.CharacterStyleId (long) Required FK Index, 1], [Property: Character.CreatedTime (DateTime) Required ValueGenerated.OnAdd, 2], [Property: Character.Files (List&lt;FileInfo&gt;), 3], [Property: Character.GenderId (long) Required FK Index, 4], [Property: Character.GroupId (long) Required FK Index, 5], [Property: Character.IsDefault (bool) Required, 6], [Property: Character.IsDeleted (bool) Required, 7], [Property: Character.ModifiedTime (DateTime) Required ValueGenerated.OnAdd, 8], [Property: Character.Name (string) Required ValueGenerated.OnAdd, 9], [Property: Character.PolyCount (int?), 10], [Property: Character.PublicForBackgroundDancing (bool) Required, 11], [Property: Character.PublicForCreation (bool) Required, 12], [Property: Character.ReadinessId (long) Required FK Index, 13], [Property: Character.Size (long?), 14], [Property: Character.SortOrder (int) Required, 15], [Property: Character.UploaderUserId (long) Required FK Index ValueGenerated.OnAdd, 16], [Property: Character.Version (Guid) Required, 17] }
        SELECT f.Id, f.CharacterStyleId, f.CreatedTime, f.FilesInfo, f.GenderId, f.GroupId, f.IsDefault, f.IsDeleted, f.ModifiedTime, f.Name, f.PolyCount, f.PublicForBackgroundDancing, f.PublicForCreation, f.ReadinessId, f.Size, f.SortOrder, f.UploaderUserId, f.Version
        FROM with ins as (
    insert into "Character" ("GenderId",
                             "CharacterStyleId",
                             "GroupId",
                             "Name",
                             "FilesInfo",
                             "PublicForCreation",
                             "PublicForBackgroundDancing",
                             "Size",
                             "PolyCount",
                             "IsDefault",
                             "SortOrder")
        values (1,
                1,
                189709,
                'character-189709',
                '[]'::json,
                false,
                false,
                10100,
                2003,
                true,
                1)
        returning *),
     update_main_character as (
         update "User"
             set "MainCharacterId" = (select "Id" from ins)
             where "MainGroupId" in (select "GroupId"
                                     from ins
                                     where "IsDefault" = true))
select *
from ins), 
    null, 
    List&lt;string&gt; { "Id", "CharacterStyleId", "CreatedTime", "FilesInfo", "GenderId", "GroupId", "IsDefault", "IsDeleted", "ModifiedTime", "Name", "PolyCount", "PublicForBackgroundDancing", "PublicForCreation", "ReadinessId", "Size", "SortOrder", "UploaderUserId", "Version" }, 
    Func&lt;QueryContext, DbDataReader, int[], Character&gt;, 
    Frever.Common.IntegrationTesting.TestReadWriteDbContext, 
    False, 
    False, 
    True
)'
Debug [20103]: Creating DbCommand for 'ExecuteReader'.
Debug [20104]: Created DbCommand for 'ExecuteReader' (0ms).
Debug [20106]: Initialized DbCommand for 'ExecuteReader' (0ms).
Debug [20100]: Executing DbCommand [Parameters=[], CommandType='Text', CommandTimeout='60']
with ins as (
    insert into "Character" ("GenderId",
                             "CharacterStyleId",
                             "GroupId",
                             "Name",
                             "FilesInfo",
                             "PublicForCreation",
                             "PublicForBackgroundDancing",
                             "Size",
                             "PolyCount",
                             "IsDefault",
                             "SortOrder")
        values (1,
                1,
                189709,
                'character-189709',
                '[]'::json,
                false,
                false,
                10100,
                2003,
                true,
                1)
        returning *),
     update_main_character as (
         update "User"
             set "MainCharacterId" = (select "Id" from ins)
             where "MainGroupId" in (select "GroupId"
                                     from ins
                                     where "IsDefault" = true))
select *
from ins
Information [20101]: Executed DbCommand (1ms) [Parameters=[], CommandType='Text', CommandTimeout='60']
with ins as (
    insert into "Character" ("GenderId",
                             "CharacterStyleId",
                             "GroupId",
                             "Name",
                             "FilesInfo",
                             "PublicForCreation",
                             "PublicForBackgroundDancing",
                             "Size",
                             "PolyCount",
                             "IsDefault",
                             "SortOrder")
        values (1,
                1,
                189709,
                'character-189709',
                '[]'::json,
                false,
                false,
                10100,
                2003,
                true,
                1)
        returning *),
     update_main_character as (
         update "User"
             set "MainCharacterId" = (select "Id" from ins)
             where "MainGroupId" in (select "GroupId"
                                     from ins
                                     where "IsDefault" = true))
select *
from ins
Debug [10806]: Context 'TestReadWriteDbContext' started tracking 'Character' entity with key '{Id: 305004}'.
Debug [20301]: Closing data reader to 'frevertest' on server 'tcp://postgres-frever-it:5432'.
Debug [20300]: A data reader for 'frevertest' on server 'tcp://postgres-frever-it:5432' is being disposed after spending 0ms reading results.
Debug [10111]: Compiling query expression: 
'DbSet&lt;Character&gt;().FromSql(with ins as (
    insert into "Character" ("GenderId",
                             "CharacterStyleId",
                             "GroupId",
                             "Name",
                             "FilesInfo",
                             "PublicForCreation",
                             "PublicForBackgroundDancing",
                             "Size",
                             "PolyCount",
                             "IsDefault",
                             "SortOrder")
        values (1,
                1,
                189710,
                'character-189710',
                '[]'::json,
                false,
                false,
                10100,
                2003,
                true,
                1)
        returning *),
     update_main_character as (
         update "User"
             set "MainCharacterId" = (select "Id" from ins)
             where "MainGroupId" in (select "GroupId"
                                     from ins
                                     where "IsDefault" = true))
select *
from ins, __p_0)
'
Debug [10107]: Generated query execution expression: 
'queryContext =&gt; new FromSqlQueryingEnumerable&lt;Character&gt;(
    (RelationalQueryContext)queryContext, 
    RelationalCommandCache.QueryExpression(
        Projection Mapping:
            EmptyProjectionMember -&gt; Dictionary&lt;IProperty, int&gt; { [Property: Character.Id (long) Required PK AfterSave:Throw ValueGenerated.OnAdd, 0], [Property: Character.CharacterStyleId (long) Required FK Index, 1], [Property: Character.CreatedTime (DateTime) Required ValueGenerated.OnAdd, 2], [Property: Character.Files (List&lt;FileInfo&gt;), 3], [Property: Character.GenderId (long) Required FK Index, 4], [Property: Character.GroupId (long) Required FK Index, 5], [Property: Character.IsDefault (bool) Required, 6], [Property: Character.IsDeleted (bool) Required, 7], [Property: Character.ModifiedTime (DateTime) Required ValueGenerated.OnAdd, 8], [Property: Character.Name (string) Required ValueGenerated.OnAdd, 9], [Property: Character.PolyCount (int?), 10], [Property: Character.PublicForBackgroundDancing (bool) Required, 11], [Property: Character.PublicForCreation (bool) Required, 12], [Property: Character.ReadinessId (long) Required FK Index, 13], [Property: Character.Size (long?), 14], [Property: Character.SortOrder (int) Required, 15], [Property: Character.UploaderUserId (long) Required FK Index ValueGenerated.OnAdd, 16], [Property: Character.Version (Guid) Required, 17] }
        SELECT f.Id, f.CharacterStyleId, f.CreatedTime, f.FilesInfo, f.GenderId, f.GroupId, f.IsDefault, f.IsDeleted, f.ModifiedTime, f.Name, f.PolyCount, f.PublicForBackgroundDancing, f.PublicForCreation, f.ReadinessId, f.Size, f.SortOrder, f.UploaderUserId, f.Version
        FROM with ins as (
    insert into "Character" ("GenderId",
                             "CharacterStyleId",
                             "GroupId",
                             "Name",
                             "FilesInfo",
                             "PublicForCreation",
                             "PublicForBackgroundDancing",
                             "Size",
                             "PolyCount",
                             "IsDefault",
                             "SortOrder")
        values (1,
                1,
                189710,
                'character-189710',
                '[]'::json,
                false,
                false,
                10100,
                2003,
                true,
                1)
        returning *),
     update_main_character as (
         update "User"
             set "MainCharacterId" = (select "Id" from ins)
             where "MainGroupId" in (select "GroupId"
                                     from ins
                                     where "IsDefault" = true))
select *
from ins), 
    null, 
    List&lt;string&gt; { "Id", "CharacterStyleId", "CreatedTime", "FilesInfo", "GenderId", "GroupId", "IsDefault", "IsDeleted", "ModifiedTime", "Name", "PolyCount", "PublicForBackgroundDancing", "PublicForCreation", "ReadinessId", "Size", "SortOrder", "UploaderUserId", "Version" }, 
    Func&lt;QueryContext, DbDataReader, int[], Character&gt;, 
    Frever.Common.IntegrationTesting.TestReadWriteDbContext, 
    False, 
    False, 
    True
)'
Debug [20103]: Creating DbCommand for 'ExecuteReader'.
Debug [20104]: Created DbCommand for 'ExecuteReader' (0ms).
Debug [20106]: Initialized DbCommand for 'ExecuteReader' (0ms).
Debug [20100]: Executing DbCommand [Parameters=[], CommandType='Text', CommandTimeout='60']
with ins as (
    insert into "Character" ("GenderId",
                             "CharacterStyleId",
                             "GroupId",
                             "Name",
                             "FilesInfo",
                             "PublicForCreation",
                             "PublicForBackgroundDancing",
                             "Size",
                             "PolyCount",
                             "IsDefault",
                             "SortOrder")
        values (1,
                1,
                189710,
                'character-189710',
                '[]'::json,
                false,
                false,
                10100,
                2003,
                true,
                1)
        returning *),
     update_main_character as (
         update "User"
             set "MainCharacterId" = (select "Id" from ins)
             where "MainGroupId" in (select "GroupId"
                                     from ins
                                     where "IsDefault" = true))
select *
from ins
Information [20101]: Executed DbCommand (1ms) [Parameters=[], CommandType='Text', CommandTimeout='60']
with ins as (
    insert into "Character" ("GenderId",
                             "CharacterStyleId",
                             "GroupId",
                             "Name",
                             "FilesInfo",
                             "PublicForCreation",
                             "PublicForBackgroundDancing",
                             "Size",
                             "PolyCount",
                             "IsDefault",
                             "SortOrder")
        values (1,
                1,
                189710,
                'character-189710',
                '[]'::json,
                false,
                false,
                10100,
                2003,
                true,
                1)
        returning *),
     update_main_character as (
         update "User"
             set "MainCharacterId" = (select "Id" from ins)
             where "MainGroupId" in (select "GroupId"
                                     from ins
                                     where "IsDefault" = true))
select *
from ins
Debug [10806]: Context 'TestReadWriteDbContext' started tracking 'Character' entity with key '{Id: 305005}'.
Debug [20301]: Closing data reader to 'frevertest' on server 'tcp://postgres-frever-it:5432'.
Debug [20300]: A data reader for 'frevertest' on server 'tcp://postgres-frever-it:5432' is being disposed after spending 0ms reading results.
Debug [10111]: Compiling query expression: 
'DbSet&lt;Character&gt;().FromSql(with ins as (
    insert into "Character" ("GenderId",
                             "CharacterStyleId",
                             "GroupId",
                             "Name",
                             "FilesInfo",
                             "PublicForCreation",
                             "PublicForBackgroundDancing",
                             "Size",
                             "PolyCount",
                             "IsDefault",
                             "SortOrder")
        values (1,
                1,
                189711,
                'character-189711',
                '[]'::json,
                false,
                false,
                10100,
                2003,
                true,
                1)
        returning *),
     update_main_character as (
         update "User"
             set "MainCharacterId" = (select "Id" from ins)
             where "MainGroupId" in (select "GroupId"
                                     from ins
                                     where "IsDefault" = true))
select *
from ins, __p_0)
'
Debug [10107]: Generated query execution expression: 
'queryContext =&gt; new FromSqlQueryingEnumerable&lt;Character&gt;(
    (RelationalQueryContext)queryContext, 
    RelationalCommandCache.QueryExpression(
        Projection Mapping:
            EmptyProjectionMember -&gt; Dictionary&lt;IProperty, int&gt; { [Property: Character.Id (long) Required PK AfterSave:Throw ValueGenerated.OnAdd, 0], [Property: Character.CharacterStyleId (long) Required FK Index, 1], [Property: Character.CreatedTime (DateTime) Required ValueGenerated.OnAdd, 2], [Property: Character.Files (List&lt;FileInfo&gt;), 3], [Property: Character.GenderId (long) Required FK Index, 4], [Property: Character.GroupId (long) Required FK Index, 5], [Property: Character.IsDefault (bool) Required, 6], [Property: Character.IsDeleted (bool) Required, 7], [Property: Character.ModifiedTime (DateTime) Required ValueGenerated.OnAdd, 8], [Property: Character.Name (string) Required ValueGenerated.OnAdd, 9], [Property: Character.PolyCount (int?), 10], [Property: Character.PublicForBackgroundDancing (bool) Required, 11], [Property: Character.PublicForCreation (bool) Required, 12], [Property: Character.ReadinessId (long) Required FK Index, 13], [Property: Character.Size (long?), 14], [Property: Character.SortOrder (int) Required, 15], [Property: Character.UploaderUserId (long) Required FK Index ValueGenerated.OnAdd, 16], [Property: Character.Version (Guid) Required, 17] }
        SELECT f.Id, f.CharacterStyleId, f.CreatedTime, f.FilesInfo, f.GenderId, f.GroupId, f.IsDefault, f.IsDeleted, f.ModifiedTime, f.Name, f.PolyCount, f.PublicForBackgroundDancing, f.PublicForCreation, f.ReadinessId, f.Size, f.SortOrder, f.UploaderUserId, f.Version
        FROM with ins as (
    insert into "Character" ("GenderId",
                             "CharacterStyleId",
                             "GroupId",
                             "Name",
                             "FilesInfo",
                             "PublicForCreation",
                             "PublicForBackgroundDancing",
                             "Size",
                             "PolyCount",
                             "IsDefault",
                             "SortOrder")
        values (1,
                1,
                189711,
                'character-189711',
                '[]'::json,
                false,
                false,
                10100,
                2003,
                true,
                1)
        returning *),
     update_main_character as (
         update "User"
             set "MainCharacterId" = (select "Id" from ins)
             where "MainGroupId" in (select "GroupId"
                                     from ins
                                     where "IsDefault" = true))
select *
from ins), 
    null, 
    List&lt;string&gt; { "Id", "CharacterStyleId", "CreatedTime", "FilesInfo", "GenderId", "GroupId", "IsDefault", "IsDeleted", "ModifiedTime", "Name", "PolyCount", "PublicForBackgroundDancing", "PublicForCreation", "ReadinessId", "Size", "SortOrder", "UploaderUserId", "Version" }, 
    Func&lt;QueryContext, DbDataReader, int[], Character&gt;, 
    Frever.Common.IntegrationTesting.TestReadWriteDbContext, 
    False, 
    False, 
    True
)'
Debug [20103]: Creating DbCommand for 'ExecuteReader'.
Debug [20104]: Created DbCommand for 'ExecuteReader' (0ms).
Debug [20106]: Initialized DbCommand for 'ExecuteReader' (0ms).
Debug [20100]: Executing DbCommand [Parameters=[], CommandType='Text', CommandTimeout='60']
with ins as (
    insert into "Character" ("GenderId",
                             "CharacterStyleId",
                             "GroupId",
                             "Name",
                             "FilesInfo",
                             "PublicForCreation",
                             "PublicForBackgroundDancing",
                             "Size",
                             "PolyCount",
                             "IsDefault",
                             "SortOrder")
        values (1,
                1,
                189711,
                'character-189711',
                '[]'::json,
                false,
                false,
                10100,
                2003,
                true,
                1)
        returning *),
     update_main_character as (
         update "User"
             set "MainCharacterId" = (select "Id" from ins)
             where "MainGroupId" in (select "GroupId"
                                     from ins
                                     where "IsDefault" = true))
select *
from ins
Information [20101]: Executed DbCommand (1ms) [Parameters=[], CommandType='Text', CommandTimeout='60']
with ins as (
    insert into "Character" ("GenderId",
                             "CharacterStyleId",
                             "GroupId",
                             "Name",
                             "FilesInfo",
                             "PublicForCreation",
                             "PublicForBackgroundDancing",
                             "Size",
                             "PolyCount",
                             "IsDefault",
                             "SortOrder")
        values (1,
                1,
                189711,
                'character-189711',
                '[]'::json,
                false,
                false,
                10100,
                2003,
                true,
                1)
        returning *),
     update_main_character as (
         update "User"
             set "MainCharacterId" = (select "Id" from ins)
             where "MainGroupId" in (select "GroupId"
                                     from ins
                                     where "IsDefault" = true))
select *
from ins
Debug [10806]: Context 'TestReadWriteDbContext' started tracking 'Character' entity with key '{Id: 305006}'.
Debug [20301]: Closing data reader to 'frevertest' on server 'tcp://postgres-frever-it:5432'.
Debug [20300]: A data reader for 'frevertest' on server 'tcp://postgres-frever-it:5432' is being disposed after spending 0ms reading results.
Debug [10111]: Compiling query expression: 
'DbSet&lt;Character&gt;().FromSql(with ins as (
    insert into "Character" ("GenderId",
                             "CharacterStyleId",
                             "GroupId",
                             "Name",
                             "FilesInfo",
                             "PublicForCreation",
                             "PublicForBackgroundDancing",
                             "Size",
                             "PolyCount",
                             "IsDefault",
                             "SortOrder")
        values (1,
                1,
                189712,
                'character-189712',
                '[]'::json,
                false,
                false,
                10100,
                2003,
                true,
                1)
        returning *),
     update_main_character as (
         update "User"
             set "MainCharacterId" = (select "Id" from ins)
             where "MainGroupId" in (select "GroupId"
                                     from ins
                                     where "IsDefault" = true))
select *
from ins, __p_0)
'
Debug [10107]: Generated query execution expression: 
'queryContext =&gt; new FromSqlQueryingEnumerable&lt;Character&gt;(
    (RelationalQueryContext)queryContext, 
    RelationalCommandCache.QueryExpression(
        Projection Mapping:
            EmptyProjectionMember -&gt; Dictionary&lt;IProperty, int&gt; { [Property: Character.Id (long) Required PK AfterSave:Throw ValueGenerated.OnAdd, 0], [Property: Character.CharacterStyleId (long) Required FK Index, 1], [Property: Character.CreatedTime (DateTime) Required ValueGenerated.OnAdd, 2], [Property: Character.Files (List&lt;FileInfo&gt;), 3], [Property: Character.GenderId (long) Required FK Index, 4], [Property: Character.GroupId (long) Required FK Index, 5], [Property: Character.IsDefault (bool) Required, 6], [Property: Character.IsDeleted (bool) Required, 7], [Property: Character.ModifiedTime (DateTime) Required ValueGenerated.OnAdd, 8], [Property: Character.Name (string) Required ValueGenerated.OnAdd, 9], [Property: Character.PolyCount (int?), 10], [Property: Character.PublicForBackgroundDancing (bool) Required, 11], [Property: Character.PublicForCreation (bool) Required, 12], [Property: Character.ReadinessId (long) Required FK Index, 13], [Property: Character.Size (long?), 14], [Property: Character.SortOrder (int) Required, 15], [Property: Character.UploaderUserId (long) Required FK Index ValueGenerated.OnAdd, 16], [Property: Character.Version (Guid) Required, 17] }
        SELECT f.Id, f.CharacterStyleId, f.CreatedTime, f.FilesInfo, f.GenderId, f.GroupId, f.IsDefault, f.IsDeleted, f.ModifiedTime, f.Name, f.PolyCount, f.PublicForBackgroundDancing, f.PublicForCreation, f.ReadinessId, f.Size, f.SortOrder, f.UploaderUserId, f.Version
        FROM with ins as (
    insert into "Character" ("GenderId",
                             "CharacterStyleId",
                             "GroupId",
                             "Name",
                             "FilesInfo",
                             "PublicForCreation",
                             "PublicForBackgroundDancing",
                             "Size",
                             "PolyCount",
                             "IsDefault",
                             "SortOrder")
        values (1,
                1,
                189712,
                'character-189712',
                '[]'::json,
                false,
                false,
                10100,
                2003,
                true,
                1)
        returning *),
     update_main_character as (
         update "User"
             set "MainCharacterId" = (select "Id" from ins)
             where "MainGroupId" in (select "GroupId"
                                     from ins
                                     where "IsDefault" = true))
select *
from ins), 
    null, 
    List&lt;string&gt; { "Id", "CharacterStyleId", "CreatedTime", "FilesInfo", "GenderId", "GroupId", "IsDefault", "IsDeleted", "ModifiedTime", "Name", "PolyCount", "PublicForBackgroundDancing", "PublicForCreation", "ReadinessId", "Size", "SortOrder", "UploaderUserId", "Version" }, 
    Func&lt;QueryContext, DbDataReader, int[], Character&gt;, 
    Frever.Common.IntegrationTesting.TestReadWriteDbContext, 
    False, 
    False, 
    True
)'
Debug [20103]: Creating DbCommand for 'ExecuteReader'.
Debug [20104]: Created DbCommand for 'ExecuteReader' (0ms).
Debug [20106]: Initialized DbCommand for 'ExecuteReader' (0ms).
Debug [20100]: Executing DbCommand [Parameters=[], CommandType='Text', CommandTimeout='60']
with ins as (
    insert into "Character" ("GenderId",
                             "CharacterStyleId",
                             "GroupId",
                             "Name",
                             "FilesInfo",
                             "PublicForCreation",
                             "PublicForBackgroundDancing",
                             "Size",
                             "PolyCount",
                             "IsDefault",
                             "SortOrder")
        values (1,
                1,
                189712,
                'character-189712',
                '[]'::json,
                false,
                false,
                10100,
                2003,
                true,
                1)
        returning *),
     update_main_character as (
         update "User"
             set "MainCharacterId" = (select "Id" from ins)
             where "MainGroupId" in (select "GroupId"
                                     from ins
                                     where "IsDefault" = true))
select *
from ins
Information [20101]: Executed DbCommand (1ms) [Parameters=[], CommandType='Text', CommandTimeout='60']
with ins as (
    insert into "Character" ("GenderId",
                             "CharacterStyleId",
                             "GroupId",
                             "Name",
                             "FilesInfo",
                             "PublicForCreation",
                             "PublicForBackgroundDancing",
                             "Size",
                             "PolyCount",
                             "IsDefault",
                             "SortOrder")
        values (1,
                1,
                189712,
                'character-189712',
                '[]'::json,
                false,
                false,
                10100,
                2003,
                true,
                1)
        returning *),
     update_main_character as (
         update "User"
             set "MainCharacterId" = (select "Id" from ins)
             where "MainGroupId" in (select "GroupId"
                                     from ins
                                     where "IsDefault" = true))
select *
from ins
Debug [10806]: Context 'TestReadWriteDbContext' started tracking 'Character' entity with key '{Id: 305007}'.
Debug [20301]: Closing data reader to 'frevertest' on server 'tcp://postgres-frever-it:5432'.
Debug [20300]: A data reader for 'frevertest' on server 'tcp://postgres-frever-it:5432' is being disposed after spending 0ms reading results.
Debug [10111]: Compiling query expression: 
'DbSet&lt;Character&gt;().FromSql(with ins as (
    insert into "Character" ("GenderId",
                             "CharacterStyleId",
                             "GroupId",
                             "Name",
                             "FilesInfo",
                             "PublicForCreation",
                             "PublicForBackgroundDancing",
                             "Size",
                             "PolyCount",
                             "IsDefault",
                             "SortOrder")
        values (1,
                1,
                189713,
                'character-189713',
                '[]'::json,
                false,
                false,
                10100,
                2003,
                true,
                1)
        returning *),
     update_main_character as (
         update "User"
             set "MainCharacterId" = (select "Id" from ins)
             where "MainGroupId" in (select "GroupId"
                                     from ins
                                     where "IsDefault" = true))
select *
from ins, __p_0)
'
Debug [10107]: Generated query execution expression: 
'queryContext =&gt; new FromSqlQueryingEnumerable&lt;Character&gt;(
    (RelationalQueryContext)queryContext, 
    RelationalCommandCache.QueryExpression(
        Projection Mapping:
            EmptyProjectionMember -&gt; Dictionary&lt;IProperty, int&gt; { [Property: Character.Id (long) Required PK AfterSave:Throw ValueGenerated.OnAdd, 0], [Property: Character.CharacterStyleId (long) Required FK Index, 1], [Property: Character.CreatedTime (DateTime) Required ValueGenerated.OnAdd, 2], [Property: Character.Files (List&lt;FileInfo&gt;), 3], [Property: Character.GenderId (long) Required FK Index, 4], [Property: Character.GroupId (long) Required FK Index, 5], [Property: Character.IsDefault (bool) Required, 6], [Property: Character.IsDeleted (bool) Required, 7], [Property: Character.ModifiedTime (DateTime) Required ValueGenerated.OnAdd, 8], [Property: Character.Name (string) Required ValueGenerated.OnAdd, 9], [Property: Character.PolyCount (int?), 10], [Property: Character.PublicForBackgroundDancing (bool) Required, 11], [Property: Character.PublicForCreation (bool) Required, 12], [Property: Character.ReadinessId (long) Required FK Index, 13], [Property: Character.Size (long?), 14], [Property: Character.SortOrder (int) Required, 15], [Property: Character.UploaderUserId (long) Required FK Index ValueGenerated.OnAdd, 16], [Property: Character.Version (Guid) Required, 17] }
        SELECT f.Id, f.CharacterStyleId, f.CreatedTime, f.FilesInfo, f.GenderId, f.GroupId, f.IsDefault, f.IsDeleted, f.ModifiedTime, f.Name, f.PolyCount, f.PublicForBackgroundDancing, f.PublicForCreation, f.ReadinessId, f.Size, f.SortOrder, f.UploaderUserId, f.Version
        FROM with ins as (
    insert into "Character" ("GenderId",
                             "CharacterStyleId",
                             "GroupId",
                             "Name",
                             "FilesInfo",
                             "PublicForCreation",
                             "PublicForBackgroundDancing",
                             "Size",
                             "PolyCount",
                             "IsDefault",
                             "SortOrder")
        values (1,
                1,
                189713,
                'character-189713',
                '[]'::json,
                false,
                false,
                10100,
                2003,
                true,
                1)
        returning *),
     update_main_character as (
         update "User"
             set "MainCharacterId" = (select "Id" from ins)
             where "MainGroupId" in (select "GroupId"
                                     from ins
                                     where "IsDefault" = true))
select *
from ins), 
    null, 
    List&lt;string&gt; { "Id", "CharacterStyleId", "CreatedTime", "FilesInfo", "GenderId", "GroupId", "IsDefault", "IsDeleted", "ModifiedTime", "Name", "PolyCount", "PublicForBackgroundDancing", "PublicForCreation", "ReadinessId", "Size", "SortOrder", "UploaderUserId", "Version" }, 
    Func&lt;QueryContext, DbDataReader, int[], Character&gt;, 
    Frever.Common.IntegrationTesting.TestReadWriteDbContext, 
    False, 
    False, 
    True
)'
Debug [20103]: Creating DbCommand for 'ExecuteReader'.
Debug [20104]: Created DbCommand for 'ExecuteReader' (0ms).
Debug [20106]: Initialized DbCommand for 'ExecuteReader' (0ms).
Debug [20100]: Executing DbCommand [Parameters=[], CommandType='Text', CommandTimeout='60']
with ins as (
    insert into "Character" ("GenderId",
                             "CharacterStyleId",
                             "GroupId",
                             "Name",
                             "FilesInfo",
                             "PublicForCreation",
                             "PublicForBackgroundDancing",
                             "Size",
                             "PolyCount",
                             "IsDefault",
                             "SortOrder")
        values (1,
                1,
                189713,
                'character-189713',
                '[]'::json,
                false,
                false,
                10100,
                2003,
                true,
                1)
        returning *),
     update_main_character as (
         update "User"
             set "MainCharacterId" = (select "Id" from ins)
             where "MainGroupId" in (select "GroupId"
                                     from ins
                                     where "IsDefault" = true))
select *
from ins
Information [20101]: Executed DbCommand (1ms) [Parameters=[], CommandType='Text', CommandTimeout='60']
with ins as (
    insert into "Character" ("GenderId",
                             "CharacterStyleId",
                             "GroupId",
                             "Name",
                             "FilesInfo",
                             "PublicForCreation",
                             "PublicForBackgroundDancing",
                             "Size",
                             "PolyCount",
                             "IsDefault",
                             "SortOrder")
        values (1,
                1,
                189713,
                'character-189713',
                '[]'::json,
                false,
                false,
                10100,
                2003,
                true,
                1)
        returning *),
     update_main_character as (
         update "User"
             set "MainCharacterId" = (select "Id" from ins)
             where "MainGroupId" in (select "GroupId"
                                     from ins
                                     where "IsDefault" = true))
select *
from ins
Debug [10806]: Context 'TestReadWriteDbContext' started tracking 'Character' entity with key '{Id: 305008}'.
Debug [20301]: Closing data reader to 'frevertest' on server 'tcp://postgres-frever-it:5432'.
Debug [20300]: A data reader for 'frevertest' on server 'tcp://postgres-frever-it:5432' is being disposed after spending 0ms reading results.
Debug [10111]: Compiling query expression: 
'DbSet&lt;Character&gt;().FromSql(with ins as (
    insert into "Character" ("GenderId",
                             "CharacterStyleId",
                             "GroupId",
                             "Name",
                             "FilesInfo",
                             "PublicForCreation",
                             "PublicForBackgroundDancing",
                             "Size",
                             "PolyCount",
                             "IsDefault",
                             "SortOrder")
        values (1,
                1,
                189714,
                'character-189714',
                '[]'::json,
                false,
                false,
                10100,
                2003,
                true,
                1)
        returning *),
     update_main_character as (
         update "User"
             set "MainCharacterId" = (select "Id" from ins)
             where "MainGroupId" in (select "GroupId"
                                     from ins
                                     where "IsDefault" = true))
select *
from ins, __p_0)
'
Debug [10107]: Generated query execution expression: 
'queryContext =&gt; new FromSqlQueryingEnumerable&lt;Character&gt;(
    (RelationalQueryContext)queryContext, 
    RelationalCommandCache.QueryExpression(
        Projection Mapping:
            EmptyProjectionMember -&gt; Dictionary&lt;IProperty, int&gt; { [Property: Character.Id (long) Required PK AfterSave:Throw ValueGenerated.OnAdd, 0], [Property: Character.CharacterStyleId (long) Required FK Index, 1], [Property: Character.CreatedTime (DateTime) Required ValueGenerated.OnAdd, 2], [Property: Character.Files (List&lt;FileInfo&gt;), 3], [Property: Character.GenderId (long) Required FK Index, 4], [Property: Character.GroupId (long) Required FK Index, 5], [Property: Character.IsDefault (bool) Required, 6], [Property: Character.IsDeleted (bool) Required, 7], [Property: Character.ModifiedTime (DateTime) Required ValueGenerated.OnAdd, 8], [Property: Character.Name (string) Required ValueGenerated.OnAdd, 9], [Property: Character.PolyCount (int?), 10], [Property: Character.PublicForBackgroundDancing (bool) Required, 11], [Property: Character.PublicForCreation (bool) Required, 12], [Property: Character.ReadinessId (long) Required FK Index, 13], [Property: Character.Size (long?), 14], [Property: Character.SortOrder (int) Required, 15], [Property: Character.UploaderUserId (long) Required FK Index ValueGenerated.OnAdd, 16], [Property: Character.Version (Guid) Required, 17] }
        SELECT f.Id, f.CharacterStyleId, f.CreatedTime, f.FilesInfo, f.GenderId, f.GroupId, f.IsDefault, f.IsDeleted, f.ModifiedTime, f.Name, f.PolyCount, f.PublicForBackgroundDancing, f.PublicForCreation, f.ReadinessId, f.Size, f.SortOrder, f.UploaderUserId, f.Version
        FROM with ins as (
    insert into "Character" ("GenderId",
                             "CharacterStyleId",
                             "GroupId",
                             "Name",
                             "FilesInfo",
                             "PublicForCreation",
                             "PublicForBackgroundDancing",
                             "Size",
                             "PolyCount",
                             "IsDefault",
                             "SortOrder")
        values (1,
                1,
                189714,
                'character-189714',
                '[]'::json,
                false,
                false,
                10100,
                2003,
                true,
                1)
        returning *),
     update_main_character as (
         update "User"
             set "MainCharacterId" = (select "Id" from ins)
             where "MainGroupId" in (select "GroupId"
                                     from ins
                                     where "IsDefault" = true))
select *
from ins), 
    null, 
    List&lt;string&gt; { "Id", "CharacterStyleId", "CreatedTime", "FilesInfo", "GenderId", "GroupId", "IsDefault", "IsDeleted", "ModifiedTime", "Name", "PolyCount", "PublicForBackgroundDancing", "PublicForCreation", "ReadinessId", "Size", "SortOrder", "UploaderUserId", "Version" }, 
    Func&lt;QueryContext, DbDataReader, int[], Character&gt;, 
    Frever.Common.IntegrationTesting.TestReadWriteDbContext, 
    False, 
    False, 
    True
)'
Debug [20103]: Creating DbCommand for 'ExecuteReader'.
Debug [20104]: Created DbCommand for 'ExecuteReader' (0ms).
Debug [20106]: Initialized DbCommand for 'ExecuteReader' (0ms).
Debug [20100]: Executing DbCommand [Parameters=[], CommandType='Text', CommandTimeout='60']
with ins as (
    insert into "Character" ("GenderId",
                             "CharacterStyleId",
                             "GroupId",
                             "Name",
                             "FilesInfo",
                             "PublicForCreation",
                             "PublicForBackgroundDancing",
                             "Size",
                             "PolyCount",
                             "IsDefault",
                             "SortOrder")
        values (1,
                1,
                189714,
                'character-189714',
                '[]'::json,
                false,
                false,
                10100,
                2003,
                true,
                1)
        returning *),
     update_main_character as (
         update "User"
             set "MainCharacterId" = (select "Id" from ins)
             where "MainGroupId" in (select "GroupId"
                                     from ins
                                     where "IsDefault" = true))
select *
from ins
Information [20101]: Executed DbCommand (1ms) [Parameters=[], CommandType='Text', CommandTimeout='60']
with ins as (
    insert into "Character" ("GenderId",
                             "CharacterStyleId",
                             "GroupId",
                             "Name",
                             "FilesInfo",
                             "PublicForCreation",
                             "PublicForBackgroundDancing",
                             "Size",
                             "PolyCount",
                             "IsDefault",
                             "SortOrder")
        values (1,
                1,
                189714,
                'character-189714',
                '[]'::json,
                false,
                false,
                10100,
                2003,
                true,
                1)
        returning *),
     update_main_character as (
         update "User"
             set "MainCharacterId" = (select "Id" from ins)
             where "MainGroupId" in (select "GroupId"
                                     from ins
                                     where "IsDefault" = true))
select *
from ins
Debug [10806]: Context 'TestReadWriteDbContext' started tracking 'Character' entity with key '{Id: 305009}'.
Debug [20301]: Closing data reader to 'frevertest' on server 'tcp://postgres-frever-it:5432'.
Debug [20300]: A data reader for 'frevertest' on server 'tcp://postgres-frever-it:5432' is being disposed after spending 0ms reading results.
Debug [10111]: Compiling query expression: 
'DbSet&lt;Character&gt;().FromSql(with ins as (
    insert into "Character" ("GenderId",
                             "CharacterStyleId",
                             "GroupId",
                             "Name",
                             "FilesInfo",
                             "PublicForCreation",
                             "PublicForBackgroundDancing",
                             "Size",
                             "PolyCount",
                             "IsDefault",
                             "SortOrder")
        values (1,
                1,
                189715,
                'character-189715',
                '[]'::json,
                false,
                false,
                10100,
                2003,
                true,
                1)
        returning *),
     update_main_character as (
         update "User"
             set "MainCharacterId" = (select "Id" from ins)
             where "MainGroupId" in (select "GroupId"
                                     from ins
                                     where "IsDefault" = true))
select *
from ins, __p_0)
'
Debug [10107]: Generated query execution expression: 
'queryContext =&gt; new FromSqlQueryingEnumerable&lt;Character&gt;(
    (RelationalQueryContext)queryContext, 
    RelationalCommandCache.QueryExpression(
        Projection Mapping:
            EmptyProjectionMember -&gt; Dictionary&lt;IProperty, int&gt; { [Property: Character.Id (long) Required PK AfterSave:Throw ValueGenerated.OnAdd, 0], [Property: Character.CharacterStyleId (long) Required FK Index, 1], [Property: Character.CreatedTime (DateTime) Required ValueGenerated.OnAdd, 2], [Property: Character.Files (List&lt;FileInfo&gt;), 3], [Property: Character.GenderId (long) Required FK Index, 4], [Property: Character.GroupId (long) Required FK Index, 5], [Property: Character.IsDefault (bool) Required, 6], [Property: Character.IsDeleted (bool) Required, 7], [Property: Character.ModifiedTime (DateTime) Required ValueGenerated.OnAdd, 8], [Property: Character.Name (string) Required ValueGenerated.OnAdd, 9], [Property: Character.PolyCount (int?), 10], [Property: Character.PublicForBackgroundDancing (bool) Required, 11], [Property: Character.PublicForCreation (bool) Required, 12], [Property: Character.ReadinessId (long) Required FK Index, 13], [Property: Character.Size (long?), 14], [Property: Character.SortOrder (int) Required, 15], [Property: Character.UploaderUserId (long) Required FK Index ValueGenerated.OnAdd, 16], [Property: Character.Version (Guid) Required, 17] }
        SELECT f.Id, f.CharacterStyleId, f.CreatedTime, f.FilesInfo, f.GenderId, f.GroupId, f.IsDefault, f.IsDeleted, f.ModifiedTime, f.Name, f.PolyCount, f.PublicForBackgroundDancing, f.PublicForCreation, f.ReadinessId, f.Size, f.SortOrder, f.UploaderUserId, f.Version
        FROM with ins as (
    insert into "Character" ("GenderId",
                             "CharacterStyleId",
                             "GroupId",
                             "Name",
                             "FilesInfo",
                             "PublicForCreation",
                             "PublicForBackgroundDancing",
                             "Size",
                             "PolyCount",
                             "IsDefault",
                             "SortOrder")
        values (1,
                1,
                189715,
                'character-189715',
                '[]'::json,
                false,
                false,
                10100,
                2003,
                true,
                1)
        returning *),
     update_main_character as (
         update "User"
             set "MainCharacterId" = (select "Id" from ins)
             where "MainGroupId" in (select "GroupId"
                                     from ins
                                     where "IsDefault" = true))
select *
from ins), 
    null, 
    List&lt;string&gt; { "Id", "CharacterStyleId", "CreatedTime", "FilesInfo", "GenderId", "GroupId", "IsDefault", "IsDeleted", "ModifiedTime", "Name", "PolyCount", "PublicForBackgroundDancing", "PublicForCreation", "ReadinessId", "Size", "SortOrder", "UploaderUserId", "Version" }, 
    Func&lt;QueryContext, DbDataReader, int[], Character&gt;, 
    Frever.Common.IntegrationTesting.TestReadWriteDbContext, 
    False, 
    False, 
    True
)'
Debug [20103]: Creating DbCommand for 'ExecuteReader'.
Debug [20104]: Created DbCommand for 'ExecuteReader' (0ms).
Debug [20106]: Initialized DbCommand for 'ExecuteReader' (0ms).
Debug [20100]: Executing DbCommand [Parameters=[], CommandType='Text', CommandTimeout='60']
with ins as (
    insert into "Character" ("GenderId",
                             "CharacterStyleId",
                             "GroupId",
                             "Name",
                             "FilesInfo",
                             "PublicForCreation",
                             "PublicForBackgroundDancing",
                             "Size",
                             "PolyCount",
                             "IsDefault",
                             "SortOrder")
        values (1,
                1,
                189715,
                'character-189715',
                '[]'::json,
                false,
                false,
                10100,
                2003,
                true,
                1)
        returning *),
     update_main_character as (
         update "User"
             set "MainCharacterId" = (select "Id" from ins)
             where "MainGroupId" in (select "GroupId"
                                     from ins
                                     where "IsDefault" = true))
select *
from ins
Information [20101]: Executed DbCommand (1ms) [Parameters=[], CommandType='Text', CommandTimeout='60']
with ins as (
    insert into "Character" ("GenderId",
                             "CharacterStyleId",
                             "GroupId",
                             "Name",
                             "FilesInfo",
                             "PublicForCreation",
                             "PublicForBackgroundDancing",
                             "Size",
                             "PolyCount",
                             "IsDefault",
                             "SortOrder")
        values (1,
                1,
                189715,
                'character-189715',
                '[]'::json,
                false,
                false,
                10100,
                2003,
                true,
                1)
        returning *),
     update_main_character as (
         update "User"
             set "MainCharacterId" = (select "Id" from ins)
             where "MainGroupId" in (select "GroupId"
                                     from ins
                                     where "IsDefault" = true))
select *
from ins
Debug [10806]: Context 'TestReadWriteDbContext' started tracking 'Character' entity with key '{Id: 305010}'.
Debug [20301]: Closing data reader to 'frevertest' on server 'tcp://postgres-frever-it:5432'.
Debug [20300]: A data reader for 'frevertest' on server 'tcp://postgres-frever-it:5432' is being disposed after spending 0ms reading results.
Debug [10111]: Compiling query expression: 
'DbSet&lt;Character&gt;().FromSql(with ins as (
    insert into "Character" ("GenderId",
                             "CharacterStyleId",
                             "GroupId",
                             "Name",
                             "FilesInfo",
                             "PublicForCreation",
                             "PublicForBackgroundDancing",
                             "Size",
                             "PolyCount",
                             "IsDefault",
                             "SortOrder")
        values (1,
                1,
                189716,
                'character-189716',
                '[]'::json,
                false,
                false,
                10100,
                2003,
                true,
                1)
        returning *),
     update_main_character as (
         update "User"
             set "MainCharacterId" = (select "Id" from ins)
             where "MainGroupId" in (select "GroupId"
                                     from ins
                                     where "IsDefault" = true))
select *
from ins, __p_0)
'
Debug [10107]: Generated query execution expression: 
'queryContext =&gt; new FromSqlQueryingEnumerable&lt;Character&gt;(
    (RelationalQueryContext)queryContext, 
    RelationalCommandCache.QueryExpression(
        Projection Mapping:
            EmptyProjectionMember -&gt; Dictionary&lt;IProperty, int&gt; { [Property: Character.Id (long) Required PK AfterSave:Throw ValueGenerated.OnAdd, 0], [Property: Character.CharacterStyleId (long) Required FK Index, 1], [Property: Character.CreatedTime (DateTime) Required ValueGenerated.OnAdd, 2], [Property: Character.Files (List&lt;FileInfo&gt;), 3], [Property: Character.GenderId (long) Required FK Index, 4], [Property: Character.GroupId (long) Required FK Index, 5], [Property: Character.IsDefault (bool) Required, 6], [Property: Character.IsDeleted (bool) Required, 7], [Property: Character.ModifiedTime (DateTime) Required ValueGenerated.OnAdd, 8], [Property: Character.Name (string) Required ValueGenerated.OnAdd, 9], [Property: Character.PolyCount (int?), 10], [Property: Character.PublicForBackgroundDancing (bool) Required, 11], [Property: Character.PublicForCreation (bool) Required, 12], [Property: Character.ReadinessId (long) Required FK Index, 13], [Property: Character.Size (long?), 14], [Property: Character.SortOrder (int) Required, 15], [Property: Character.UploaderUserId (long) Required FK Index ValueGenerated.OnAdd, 16], [Property: Character.Version (Guid) Required, 17] }
        SELECT f.Id, f.CharacterStyleId, f.CreatedTime, f.FilesInfo, f.GenderId, f.GroupId, f.IsDefault, f.IsDeleted, f.ModifiedTime, f.Name, f.PolyCount, f.PublicForBackgroundDancing, f.PublicForCreation, f.ReadinessId, f.Size, f.SortOrder, f.UploaderUserId, f.Version
        FROM with ins as (
    insert into "Character" ("GenderId",
                             "CharacterStyleId",
                             "GroupId",
                             "Name",
                             "FilesInfo",
                             "PublicForCreation",
                             "PublicForBackgroundDancing",
                             "Size",
                             "PolyCount",
                             "IsDefault",
                             "SortOrder")
        values (1,
                1,
                189716,
                'character-189716',
                '[]'::json,
                false,
                false,
                10100,
                2003,
                true,
                1)
        returning *),
     update_main_character as (
         update "User"
             set "MainCharacterId" = (select "Id" from ins)
             where "MainGroupId" in (select "GroupId"
                                     from ins
                                     where "IsDefault" = true))
select *
from ins), 
    null, 
    List&lt;string&gt; { "Id", "CharacterStyleId", "CreatedTime", "FilesInfo", "GenderId", "GroupId", "IsDefault", "IsDeleted", "ModifiedTime", "Name", "PolyCount", "PublicForBackgroundDancing", "PublicForCreation", "ReadinessId", "Size", "SortOrder", "UploaderUserId", "Version" }, 
    Func&lt;QueryContext, DbDataReader, int[], Character&gt;, 
    Frever.Common.IntegrationTesting.TestReadWriteDbContext, 
    False, 
    False, 
    True
)'
Debug [20103]: Creating DbCommand for 'ExecuteReader'.
Debug [20104]: Created DbCommand for 'ExecuteReader' (0ms).
Debug [20106]: Initialized DbCommand for 'ExecuteReader' (0ms).
Debug [20100]: Executing DbCommand [Parameters=[], CommandType='Text', CommandTimeout='60']
with ins as (
    insert into "Character" ("GenderId",
                             "CharacterStyleId",
                             "GroupId",
                             "Name",
                             "FilesInfo",
                             "PublicForCreation",
                             "PublicForBackgroundDancing",
                             "Size",
                             "PolyCount",
                             "IsDefault",
                             "SortOrder")
        values (1,
                1,
                189716,
                'character-189716',
                '[]'::json,
                false,
                false,
                10100,
                2003,
                true,
                1)
        returning *),
     update_main_character as (
         update "User"
             set "MainCharacterId" = (select "Id" from ins)
             where "MainGroupId" in (select "GroupId"
                                     from ins
                                     where "IsDefault" = true))
select *
from ins
Information [20101]: Executed DbCommand (1ms) [Parameters=[], CommandType='Text', CommandTimeout='60']
with ins as (
    insert into "Character" ("GenderId",
                             "CharacterStyleId",
                             "GroupId",
                             "Name",
                             "FilesInfo",
                             "PublicForCreation",
                             "PublicForBackgroundDancing",
                             "Size",
                             "PolyCount",
                             "IsDefault",
                             "SortOrder")
        values (1,
                1,
                189716,
                'character-189716',
                '[]'::json,
                false,
                false,
                10100,
                2003,
                true,
                1)
        returning *),
     update_main_character as (
         update "User"
             set "MainCharacterId" = (select "Id" from ins)
             where "MainGroupId" in (select "GroupId"
                                     from ins
                                     where "IsDefault" = true))
select *
from ins
Debug [10806]: Context 'TestReadWriteDbContext' started tracking 'Character' entity with key '{Id: 305011}'.
Debug [20301]: Closing data reader to 'frevertest' on server 'tcp://postgres-frever-it:5432'.
Debug [20300]: A data reader for 'frevertest' on server 'tcp://postgres-frever-it:5432' is being disposed after spending 0ms reading results.
Debug [10111]: Compiling query expression: 
'DbSet&lt;Character&gt;().FromSql(with ins as (
    insert into "Character" ("GenderId",
                             "CharacterStyleId",
                             "GroupId",
                             "Name",
                             "FilesInfo",
                             "PublicForCreation",
                             "PublicForBackgroundDancing",
                             "Size",
                             "PolyCount",
                             "IsDefault",
                             "SortOrder")
        values (1,
                1,
                189717,
                'character-189717',
                '[]'::json,
                false,
                false,
                10100,
                2003,
                true,
                1)
        returning *),
     update_main_character as (
         update "User"
             set "MainCharacterId" = (select "Id" from ins)
             where "MainGroupId" in (select "GroupId"
                                     from ins
                                     where "IsDefault" = true))
select *
from ins, __p_0)
'
Debug [10107]: Generated query execution expression: 
'queryContext =&gt; new FromSqlQueryingEnumerable&lt;Character&gt;(
    (RelationalQueryContext)queryContext, 
    RelationalCommandCache.QueryExpression(
        Projection Mapping:
            EmptyProjectionMember -&gt; Dictionary&lt;IProperty, int&gt; { [Property: Character.Id (long) Required PK AfterSave:Throw ValueGenerated.OnAdd, 0], [Property: Character.CharacterStyleId (long) Required FK Index, 1], [Property: Character.CreatedTime (DateTime) Required ValueGenerated.OnAdd, 2], [Property: Character.Files (List&lt;FileInfo&gt;), 3], [Property: Character.GenderId (long) Required FK Index, 4], [Property: Character.GroupId (long) Required FK Index, 5], [Property: Character.IsDefault (bool) Required, 6], [Property: Character.IsDeleted (bool) Required, 7], [Property: Character.ModifiedTime (DateTime) Required ValueGenerated.OnAdd, 8], [Property: Character.Name (string) Required ValueGenerated.OnAdd, 9], [Property: Character.PolyCount (int?), 10], [Property: Character.PublicForBackgroundDancing (bool) Required, 11], [Property: Character.PublicForCreation (bool) Required, 12], [Property: Character.ReadinessId (long) Required FK Index, 13], [Property: Character.Size (long?), 14], [Property: Character.SortOrder (int) Required, 15], [Property: Character.UploaderUserId (long) Required FK Index ValueGenerated.OnAdd, 16], [Property: Character.Version (Guid) Required, 17] }
        SELECT f.Id, f.CharacterStyleId, f.CreatedTime, f.FilesInfo, f.GenderId, f.GroupId, f.IsDefault, f.IsDeleted, f.ModifiedTime, f.Name, f.PolyCount, f.PublicForBackgroundDancing, f.PublicForCreation, f.ReadinessId, f.Size, f.SortOrder, f.UploaderUserId, f.Version
        FROM with ins as (
    insert into "Character" ("GenderId",
                             "CharacterStyleId",
                             "GroupId",
                             "Name",
                             "FilesInfo",
                             "PublicForCreation",
                             "PublicForBackgroundDancing",
                             "Size",
                             "PolyCount",
                             "IsDefault",
                             "SortOrder")
        values (1,
                1,
                189717,
                'character-189717',
                '[]'::json,
                false,
                false,
                10100,
                2003,
                true,
                1)
        returning *),
     update_main_character as (
         update "User"
             set "MainCharacterId" = (select "Id" from ins)
             where "MainGroupId" in (select "GroupId"
                                     from ins
                                     where "IsDefault" = true))
select *
from ins), 
    null, 
    List&lt;string&gt; { "Id", "CharacterStyleId", "CreatedTime", "FilesInfo", "GenderId", "GroupId", "IsDefault", "IsDeleted", "ModifiedTime", "Name", "PolyCount", "PublicForBackgroundDancing", "PublicForCreation", "ReadinessId", "Size", "SortOrder", "UploaderUserId", "Version" }, 
    Func&lt;QueryContext, DbDataReader, int[], Character&gt;, 
    Frever.Common.IntegrationTesting.TestReadWriteDbContext, 
    False, 
    False, 
    True
)'
Debug [20103]: Creating DbCommand for 'ExecuteReader'.
Debug [20104]: Created DbCommand for 'ExecuteReader' (0ms).
Debug [20106]: Initialized DbCommand for 'ExecuteReader' (0ms).
Debug [20100]: Executing DbCommand [Parameters=[], CommandType='Text', CommandTimeout='60']
with ins as (
    insert into "Character" ("GenderId",
                             "CharacterStyleId",
                             "GroupId",
                             "Name",
                             "FilesInfo",
                             "PublicForCreation",
                             "PublicForBackgroundDancing",
                             "Size",
                             "PolyCount",
                             "IsDefault",
                             "SortOrder")
        values (1,
                1,
                189717,
                'character-189717',
                '[]'::json,
                false,
                false,
                10100,
                2003,
                true,
                1)
        returning *),
     update_main_character as (
         update "User"
             set "MainCharacterId" = (select "Id" from ins)
             where "MainGroupId" in (select "GroupId"
                                     from ins
                                     where "IsDefault" = true))
select *
from ins
Information [20101]: Executed DbCommand (1ms) [Parameters=[], CommandType='Text', CommandTimeout='60']
with ins as (
    insert into "Character" ("GenderId",
                             "CharacterStyleId",
                             "GroupId",
                             "Name",
                             "FilesInfo",
                             "PublicForCreation",
                             "PublicForBackgroundDancing",
                             "Size",
                             "PolyCount",
                             "IsDefault",
                             "SortOrder")
        values (1,
                1,
                189717,
                'character-189717',
                '[]'::json,
                false,
                false,
                10100,
                2003,
                true,
                1)
        returning *),
     update_main_character as (
         update "User"
             set "MainCharacterId" = (select "Id" from ins)
             where "MainGroupId" in (select "GroupId"
                                     from ins
                                     where "IsDefault" = true))
select *
from ins
Debug [10806]: Context 'TestReadWriteDbContext' started tracking 'Character' entity with key '{Id: 305012}'.
Debug [20301]: Closing data reader to 'frevertest' on server 'tcp://postgres-frever-it:5432'.
Debug [20300]: A data reader for 'frevertest' on server 'tcp://postgres-frever-it:5432' is being disposed after spending 0ms reading results.
Debug [10111]: Compiling query expression: 
'DbSet&lt;Character&gt;().FromSql(with ins as (
    insert into "Character" ("GenderId",
                             "CharacterStyleId",
                             "GroupId",
                             "Name",
                             "FilesInfo",
                             "PublicForCreation",
                             "PublicForBackgroundDancing",
                             "Size",
                             "PolyCount",
                             "IsDefault",
                             "SortOrder")
        values (1,
                1,
                189718,
                'character-189718',
                '[]'::json,
                false,
                false,
                10100,
                2003,
                true,
                1)
        returning *),
     update_main_character as (
         update "User"
             set "MainCharacterId" = (select "Id" from ins)
             where "MainGroupId" in (select "GroupId"
                                     from ins
                                     where "IsDefault" = true))
select *
from ins, __p_0)
'
Debug [10107]: Generated query execution expression: 
'queryContext =&gt; new FromSqlQueryingEnumerable&lt;Character&gt;(
    (RelationalQueryContext)queryContext, 
    RelationalCommandCache.QueryExpression(
        Projection Mapping:
            EmptyProjectionMember -&gt; Dictionary&lt;IProperty, int&gt; { [Property: Character.Id (long) Required PK AfterSave:Throw ValueGenerated.OnAdd, 0], [Property: Character.CharacterStyleId (long) Required FK Index, 1], [Property: Character.CreatedTime (DateTime) Required ValueGenerated.OnAdd, 2], [Property: Character.Files (List&lt;FileInfo&gt;), 3], [Property: Character.GenderId (long) Required FK Index, 4], [Property: Character.GroupId (long) Required FK Index, 5], [Property: Character.IsDefault (bool) Required, 6], [Property: Character.IsDeleted (bool) Required, 7], [Property: Character.ModifiedTime (DateTime) Required ValueGenerated.OnAdd, 8], [Property: Character.Name (string) Required ValueGenerated.OnAdd, 9], [Property: Character.PolyCount (int?), 10], [Property: Character.PublicForBackgroundDancing (bool) Required, 11], [Property: Character.PublicForCreation (bool) Required, 12], [Property: Character.ReadinessId (long) Required FK Index, 13], [Property: Character.Size (long?), 14], [Property: Character.SortOrder (int) Required, 15], [Property: Character.UploaderUserId (long) Required FK Index ValueGenerated.OnAdd, 16], [Property: Character.Version (Guid) Required, 17] }
        SELECT f.Id, f.CharacterStyleId, f.CreatedTime, f.FilesInfo, f.GenderId, f.GroupId, f.IsDefault, f.IsDeleted, f.ModifiedTime, f.Name, f.PolyCount, f.PublicForBackgroundDancing, f.PublicForCreation, f.ReadinessId, f.Size, f.SortOrder, f.UploaderUserId, f.Version
        FROM with ins as (
    insert into "Character" ("GenderId",
                             "CharacterStyleId",
                             "GroupId",
                             "Name",
                             "FilesInfo",
                             "PublicForCreation",
                             "PublicForBackgroundDancing",
                             "Size",
                             "PolyCount",
                             "IsDefault",
                             "SortOrder")
        values (1,
                1,
                189718,
                'character-189718',
                '[]'::json,
                false,
                false,
                10100,
                2003,
                true,
                1)
        returning *),
     update_main_character as (
         update "User"
             set "MainCharacterId" = (select "Id" from ins)
             where "MainGroupId" in (select "GroupId"
                                     from ins
                                     where "IsDefault" = true))
select *
from ins), 
    null, 
    List&lt;string&gt; { "Id", "CharacterStyleId", "CreatedTime", "FilesInfo", "GenderId", "GroupId", "IsDefault", "IsDeleted", "ModifiedTime", "Name", "PolyCount", "PublicForBackgroundDancing", "PublicForCreation", "ReadinessId", "Size", "SortOrder", "UploaderUserId", "Version" }, 
    Func&lt;QueryContext, DbDataReader, int[], Character&gt;, 
    Frever.Common.IntegrationTesting.TestReadWriteDbContext, 
    False, 
    False, 
    True
)'
Debug [20103]: Creating DbCommand for 'ExecuteReader'.
Debug [20104]: Created DbCommand for 'ExecuteReader' (0ms).
Debug [20106]: Initialized DbCommand for 'ExecuteReader' (0ms).
Debug [20100]: Executing DbCommand [Parameters=[], CommandType='Text', CommandTimeout='60']
with ins as (
    insert into "Character" ("GenderId",
                             "CharacterStyleId",
                             "GroupId",
                             "Name",
                             "FilesInfo",
                             "PublicForCreation",
                             "PublicForBackgroundDancing",
                             "Size",
                             "PolyCount",
                             "IsDefault",
                             "SortOrder")
        values (1,
                1,
                189718,
                'character-189718',
                '[]'::json,
                false,
                false,
                10100,
                2003,
                true,
                1)
        returning *),
     update_main_character as (
         update "User"
             set "MainCharacterId" = (select "Id" from ins)
             where "MainGroupId" in (select "GroupId"
                                     from ins
                                     where "IsDefault" = true))
select *
from ins
Information [20101]: Executed DbCommand (1ms) [Parameters=[], CommandType='Text', CommandTimeout='60']
with ins as (
    insert into "Character" ("GenderId",
                             "CharacterStyleId",
                             "GroupId",
                             "Name",
                             "FilesInfo",
                             "PublicForCreation",
                             "PublicForBackgroundDancing",
                             "Size",
                             "PolyCount",
                             "IsDefault",
                             "SortOrder")
        values (1,
                1,
                189718,
                'character-189718',
                '[]'::json,
                false,
                false,
                10100,
                2003,
                true,
                1)
        returning *),
     update_main_character as (
         update "User"
             set "MainCharacterId" = (select "Id" from ins)
             where "MainGroupId" in (select "GroupId"
                                     from ins
                                     where "IsDefault" = true))
select *
from ins
Debug [10806]: Context 'TestReadWriteDbContext' started tracking 'Character' entity with key '{Id: 305013}'.
Debug [20301]: Closing data reader to 'frevertest' on server 'tcp://postgres-frever-it:5432'.
Debug [20300]: A data reader for 'frevertest' on server 'tcp://postgres-frever-it:5432' is being disposed after spending 0ms reading results.
Debug [10111]: Compiling query expression: 
'DbSet&lt;Character&gt;().FromSql(with ins as (
    insert into "Character" ("GenderId",
                             "CharacterStyleId",
                             "GroupId",
                             "Name",
                             "FilesInfo",
                             "PublicForCreation",
                             "PublicForBackgroundDancing",
                             "Size",
                             "PolyCount",
                             "IsDefault",
                             "SortOrder")
        values (1,
                1,
                189719,
                'character-189719',
                '[]'::json,
                false,
                false,
                10100,
                2003,
                true,
                1)
        returning *),
     update_main_character as (
         update "User"
             set "MainCharacterId" = (select "Id" from ins)
             where "MainGroupId" in (select "GroupId"
                                     from ins
                                     where "IsDefault" = true))
select *
from ins, __p_0)
'
Debug [10107]: Generated query execution expression: 
'queryContext =&gt; new FromSqlQueryingEnumerable&lt;Character&gt;(
    (RelationalQueryContext)queryContext, 
    RelationalCommandCache.QueryExpression(
        Projection Mapping:
            EmptyProjectionMember -&gt; Dictionary&lt;IProperty, int&gt; { [Property: Character.Id (long) Required PK AfterSave:Throw ValueGenerated.OnAdd, 0], [Property: Character.CharacterStyleId (long) Required FK Index, 1], [Property: Character.CreatedTime (DateTime) Required ValueGenerated.OnAdd, 2], [Property: Character.Files (List&lt;FileInfo&gt;), 3], [Property: Character.GenderId (long) Required FK Index, 4], [Property: Character.GroupId (long) Required FK Index, 5], [Property: Character.IsDefault (bool) Required, 6], [Property: Character.IsDeleted (bool) Required, 7], [Property: Character.ModifiedTime (DateTime) Required ValueGenerated.OnAdd, 8], [Property: Character.Name (string) Required ValueGenerated.OnAdd, 9], [Property: Character.PolyCount (int?), 10], [Property: Character.PublicForBackgroundDancing (bool) Required, 11], [Property: Character.PublicForCreation (bool) Required, 12], [Property: Character.ReadinessId (long) Required FK Index, 13], [Property: Character.Size (long?), 14], [Property: Character.SortOrder (int) Required, 15], [Property: Character.UploaderUserId (long) Required FK Index ValueGenerated.OnAdd, 16], [Property: Character.Version (Guid) Required, 17] }
        SELECT f.Id, f.CharacterStyleId, f.CreatedTime, f.FilesInfo, f.GenderId, f.GroupId, f.IsDefault, f.IsDeleted, f.ModifiedTime, f.Name, f.PolyCount, f.PublicForBackgroundDancing, f.PublicForCreation, f.ReadinessId, f.Size, f.SortOrder, f.UploaderUserId, f.Version
        FROM with ins as (
    insert into "Character" ("GenderId",
                             "CharacterStyleId",
                             "GroupId",
                             "Name",
                             "FilesInfo",
                             "PublicForCreation",
                             "PublicForBackgroundDancing",
                             "Size",
                             "PolyCount",
                             "IsDefault",
                             "SortOrder")
        values (1,
                1,
                189719,
                'character-189719',
                '[]'::json,
                false,
                false,
                10100,
                2003,
                true,
                1)
        returning *),
     update_main_character as (
         update "User"
             set "MainCharacterId" = (select "Id" from ins)
             where "MainGroupId" in (select "GroupId"
                                     from ins
                                     where "IsDefault" = true))
select *
from ins), 
    null, 
    List&lt;string&gt; { "Id", "CharacterStyleId", "CreatedTime", "FilesInfo", "GenderId", "GroupId", "IsDefault", "IsDeleted", "ModifiedTime", "Name", "PolyCount", "PublicForBackgroundDancing", "PublicForCreation", "ReadinessId", "Size", "SortOrder", "UploaderUserId", "Version" }, 
    Func&lt;QueryContext, DbDataReader, int[], Character&gt;, 
    Frever.Common.IntegrationTesting.TestReadWriteDbContext, 
    False, 
    False, 
    True
)'
Debug [20103]: Creating DbCommand for 'ExecuteReader'.
Debug [20104]: Created DbCommand for 'ExecuteReader' (0ms).
Debug [20106]: Initialized DbCommand for 'ExecuteReader' (0ms).
Debug [20100]: Executing DbCommand [Parameters=[], CommandType='Text', CommandTimeout='60']
with ins as (
    insert into "Character" ("GenderId",
                             "CharacterStyleId",
                             "GroupId",
                             "Name",
                             "FilesInfo",
                             "PublicForCreation",
                             "PublicForBackgroundDancing",
                             "Size",
                             "PolyCount",
                             "IsDefault",
                             "SortOrder")
        values (1,
                1,
                189719,
                'character-189719',
                '[]'::json,
                false,
                false,
                10100,
                2003,
                true,
                1)
        returning *),
     update_main_character as (
         update "User"
             set "MainCharacterId" = (select "Id" from ins)
             where "MainGroupId" in (select "GroupId"
                                     from ins
                                     where "IsDefault" = true))
select *
from ins
Information [20101]: Executed DbCommand (1ms) [Parameters=[], CommandType='Text', CommandTimeout='60']
with ins as (
    insert into "Character" ("GenderId",
                             "CharacterStyleId",
                             "GroupId",
                             "Name",
                             "FilesInfo",
                             "PublicForCreation",
                             "PublicForBackgroundDancing",
                             "Size",
                             "PolyCount",
                             "IsDefault",
                             "SortOrder")
        values (1,
                1,
                189719,
                'character-189719',
                '[]'::json,
                false,
                false,
                10100,
                2003,
                true,
                1)
        returning *),
     update_main_character as (
         update "User"
             set "MainCharacterId" = (select "Id" from ins)
             where "MainGroupId" in (select "GroupId"
                                     from ins
                                     where "IsDefault" = true))
select *
from ins
Debug [10806]: Context 'TestReadWriteDbContext' started tracking 'Character' entity with key '{Id: 305014}'.
Debug [20301]: Closing data reader to 'frevertest' on server 'tcp://postgres-frever-it:5432'.
Debug [20300]: A data reader for 'frevertest' on server 'tcp://postgres-frever-it:5432' is being disposed after spending 0ms reading results.
Debug [10111]: Compiling query expression: 
'DbSet&lt;Character&gt;().FromSql(with ins as (
    insert into "Character" ("GenderId",
                             "CharacterStyleId",
                             "GroupId",
                             "Name",
                             "FilesInfo",
                             "PublicForCreation",
                             "PublicForBackgroundDancing",
                             "Size",
                             "PolyCount",
                             "IsDefault",
                             "SortOrder")
        values (1,
                1,
                189720,
                'character-189720',
                '[]'::json,
                false,
                false,
                10100,
                2003,
                true,
                1)
        returning *),
     update_main_character as (
         update "User"
             set "MainCharacterId" = (select "Id" from ins)
             where "MainGroupId" in (select "GroupId"
                                     from ins
                                     where "IsDefault" = true))
select *
from ins, __p_0)
'
Debug [10107]: Generated query execution expression: 
'queryContext =&gt; new FromSqlQueryingEnumerable&lt;Character&gt;(
    (RelationalQueryContext)queryContext, 
    RelationalCommandCache.QueryExpression(
        Projection Mapping:
            EmptyProjectionMember -&gt; Dictionary&lt;IProperty, int&gt; { [Property: Character.Id (long) Required PK AfterSave:Throw ValueGenerated.OnAdd, 0], [Property: Character.CharacterStyleId (long) Required FK Index, 1], [Property: Character.CreatedTime (DateTime) Required ValueGenerated.OnAdd, 2], [Property: Character.Files (List&lt;FileInfo&gt;), 3], [Property: Character.GenderId (long) Required FK Index, 4], [Property: Character.GroupId (long) Required FK Index, 5], [Property: Character.IsDefault (bool) Required, 6], [Property: Character.IsDeleted (bool) Required, 7], [Property: Character.ModifiedTime (DateTime) Required ValueGenerated.OnAdd, 8], [Property: Character.Name (string) Required ValueGenerated.OnAdd, 9], [Property: Character.PolyCount (int?), 10], [Property: Character.PublicForBackgroundDancing (bool) Required, 11], [Property: Character.PublicForCreation (bool) Required, 12], [Property: Character.ReadinessId (long) Required FK Index, 13], [Property: Character.Size (long?), 14], [Property: Character.SortOrder (int) Required, 15], [Property: Character.UploaderUserId (long) Required FK Index ValueGenerated.OnAdd, 16], [Property: Character.Version (Guid) Required, 17] }
        SELECT f.Id, f.CharacterStyleId, f.CreatedTime, f.FilesInfo, f.GenderId, f.GroupId, f.IsDefault, f.IsDeleted, f.ModifiedTime, f.Name, f.PolyCount, f.PublicForBackgroundDancing, f.PublicForCreation, f.ReadinessId, f.Size, f.SortOrder, f.UploaderUserId, f.Version
        FROM with ins as (
    insert into "Character" ("GenderId",
                             "CharacterStyleId",
                             "GroupId",
                             "Name",
                             "FilesInfo",
                             "PublicForCreation",
                             "PublicForBackgroundDancing",
                             "Size",
                             "PolyCount",
                             "IsDefault",
                             "SortOrder")
        values (1,
                1,
                189720,
                'character-189720',
                '[]'::json,
                false,
                false,
                10100,
                2003,
                true,
                1)
        returning *),
     update_main_character as (
         update "User"
             set "MainCharacterId" = (select "Id" from ins)
             where "MainGroupId" in (select "GroupId"
                                     from ins
                                     where "IsDefault" = true))
select *
from ins), 
    null, 
    List&lt;string&gt; { "Id", "CharacterStyleId", "CreatedTime", "FilesInfo", "GenderId", "GroupId", "IsDefault", "IsDeleted", "ModifiedTime", "Name", "PolyCount", "PublicForBackgroundDancing", "PublicForCreation", "ReadinessId", "Size", "SortOrder", "UploaderUserId", "Version" }, 
    Func&lt;QueryContext, DbDataReader, int[], Character&gt;, 
    Frever.Common.IntegrationTesting.TestReadWriteDbContext, 
    False, 
    False, 
    True
)'
Debug [20103]: Creating DbCommand for 'ExecuteReader'.
Debug [20104]: Created DbCommand for 'ExecuteReader' (0ms).
Debug [20106]: Initialized DbCommand for 'ExecuteReader' (0ms).
Debug [20100]: Executing DbCommand [Parameters=[], CommandType='Text', CommandTimeout='60']
with ins as (
    insert into "Character" ("GenderId",
                             "CharacterStyleId",
                             "GroupId",
                             "Name",
                             "FilesInfo",
                             "PublicForCreation",
                             "PublicForBackgroundDancing",
                             "Size",
                             "PolyCount",
                             "IsDefault",
                             "SortOrder")
        values (1,
                1,
                189720,
                'character-189720',
                '[]'::json,
                false,
                false,
                10100,
                2003,
                true,
                1)
        returning *),
     update_main_character as (
         update "User"
             set "MainCharacterId" = (select "Id" from ins)
             where "MainGroupId" in (select "GroupId"
                                     from ins
                                     where "IsDefault" = true))
select *
from ins
Information [20101]: Executed DbCommand (1ms) [Parameters=[], CommandType='Text', CommandTimeout='60']
with ins as (
    insert into "Character" ("GenderId",
                             "CharacterStyleId",
                             "GroupId",
                             "Name",
                             "FilesInfo",
                             "PublicForCreation",
                             "PublicForBackgroundDancing",
                             "Size",
                             "PolyCount",
                             "IsDefault",
                             "SortOrder")
        values (1,
                1,
                189720,
                'character-189720',
                '[]'::json,
                false,
                false,
                10100,
                2003,
                true,
                1)
        returning *),
     update_main_character as (
         update "User"
             set "MainCharacterId" = (select "Id" from ins)
             where "MainGroupId" in (select "GroupId"
                                     from ins
                                     where "IsDefault" = true))
select *
from ins
Debug [10806]: Context 'TestReadWriteDbContext' started tracking 'Character' entity with key '{Id: 305015}'.
Debug [20301]: Closing data reader to 'frevertest' on server 'tcp://postgres-frever-it:5432'.
Debug [20300]: A data reader for 'frevertest' on server 'tcp://postgres-frever-it:5432' is being disposed after spending 0ms reading results.
Debug [10111]: Compiling query expression: 
'DbSet&lt;Character&gt;().FromSql(with ins as (
    insert into "Character" ("GenderId",
                             "CharacterStyleId",
                             "GroupId",
                             "Name",
                             "FilesInfo",
                             "PublicForCreation",
                             "PublicForBackgroundDancing",
                             "Size",
                             "PolyCount",
                             "IsDefault",
                             "SortOrder")
        values (1,
                1,
                189721,
                'character-189721',
                '[]'::json,
                false,
                false,
                10100,
                2003,
                true,
                1)
        returning *),
     update_main_character as (
         update "User"
             set "MainCharacterId" = (select "Id" from ins)
             where "MainGroupId" in (select "GroupId"
                                     from ins
                                     where "IsDefault" = true))
select *
from ins, __p_0)
'
Debug [10107]: Generated query execution expression: 
'queryContext =&gt; new FromSqlQueryingEnumerable&lt;Character&gt;(
    (RelationalQueryContext)queryContext, 
    RelationalCommandCache.QueryExpression(
        Projection Mapping:
            EmptyProjectionMember -&gt; Dictionary&lt;IProperty, int&gt; { [Property: Character.Id (long) Required PK AfterSave:Throw ValueGenerated.OnAdd, 0], [Property: Character.CharacterStyleId (long) Required FK Index, 1], [Property: Character.CreatedTime (DateTime) Required ValueGenerated.OnAdd, 2], [Property: Character.Files (List&lt;FileInfo&gt;), 3], [Property: Character.GenderId (long) Required FK Index, 4], [Property: Character.GroupId (long) Required FK Index, 5], [Property: Character.IsDefault (bool) Required, 6], [Property: Character.IsDeleted (bool) Required, 7], [Property: Character.ModifiedTime (DateTime) Required ValueGenerated.OnAdd, 8], [Property: Character.Name (string) Required ValueGenerated.OnAdd, 9], [Property: Character.PolyCount (int?), 10], [Property: Character.PublicForBackgroundDancing (bool) Required, 11], [Property: Character.PublicForCreation (bool) Required, 12], [Property: Character.ReadinessId (long) Required FK Index, 13], [Property: Character.Size (long?), 14], [Property: Character.SortOrder (int) Required, 15], [Property: Character.UploaderUserId (long) Required FK Index ValueGenerated.OnAdd, 16], [Property: Character.Version (Guid) Required, 17] }
        SELECT f.Id, f.CharacterStyleId, f.CreatedTime, f.FilesInfo, f.GenderId, f.GroupId, f.IsDefault, f.IsDeleted, f.ModifiedTime, f.Name, f.PolyCount, f.PublicForBackgroundDancing, f.PublicForCreation, f.ReadinessId, f.Size, f.SortOrder, f.UploaderUserId, f.Version
        FROM with ins as (
    insert into "Character" ("GenderId",
                             "CharacterStyleId",
                             "GroupId",
                             "Name",
                             "FilesInfo",
                             "PublicForCreation",
                             "PublicForBackgroundDancing",
                             "Size",
                             "PolyCount",
                             "IsDefault",
                             "SortOrder")
        values (1,
                1,
                189721,
                'character-189721',
                '[]'::json,
                false,
                false,
                10100,
                2003,
                true,
                1)
        returning *),
     update_main_character as (
         update "User"
             set "MainCharacterId" = (select "Id" from ins)
             where "MainGroupId" in (select "GroupId"
                                     from ins
                                     where "IsDefault" = true))
select *
from ins), 
    null, 
    List&lt;string&gt; { "Id", "CharacterStyleId", "CreatedTime", "FilesInfo", "GenderId", "GroupId", "IsDefault", "IsDeleted", "ModifiedTime", "Name", "PolyCount", "PublicForBackgroundDancing", "PublicForCreation", "ReadinessId", "Size", "SortOrder", "UploaderUserId", "Version" }, 
    Func&lt;QueryContext, DbDataReader, int[], Character&gt;, 
    Frever.Common.IntegrationTesting.TestReadWriteDbContext, 
    False, 
    False, 
    True
)'
Debug [20103]: Creating DbCommand for 'ExecuteReader'.
Debug [20104]: Created DbCommand for 'ExecuteReader' (0ms).
Debug [20106]: Initialized DbCommand for 'ExecuteReader' (0ms).
Debug [20100]: Executing DbCommand [Parameters=[], CommandType='Text', CommandTimeout='60']
with ins as (
    insert into "Character" ("GenderId",
                             "CharacterStyleId",
                             "GroupId",
                             "Name",
                             "FilesInfo",
                             "PublicForCreation",
                             "PublicForBackgroundDancing",
                             "Size",
                             "PolyCount",
                             "IsDefault",
                             "SortOrder")
        values (1,
                1,
                189721,
                'character-189721',
                '[]'::json,
                false,
                false,
                10100,
                2003,
                true,
                1)
        returning *),
     update_main_character as (
         update "User"
             set "MainCharacterId" = (select "Id" from ins)
             where "MainGroupId" in (select "GroupId"
                                     from ins
                                     where "IsDefault" = true))
select *
from ins
Information [20101]: Executed DbCommand (1ms) [Parameters=[], CommandType='Text', CommandTimeout='60']
with ins as (
    insert into "Character" ("GenderId",
                             "CharacterStyleId",
                             "GroupId",
                             "Name",
                             "FilesInfo",
                             "PublicForCreation",
                             "PublicForBackgroundDancing",
                             "Size",
                             "PolyCount",
                             "IsDefault",
                             "SortOrder")
        values (1,
                1,
                189721,
                'character-189721',
                '[]'::json,
                false,
                false,
                10100,
                2003,
                true,
                1)
        returning *),
     update_main_character as (
         update "User"
             set "MainCharacterId" = (select "Id" from ins)
             where "MainGroupId" in (select "GroupId"
                                     from ins
                                     where "IsDefault" = true))
select *
from ins
Debug [10806]: Context 'TestReadWriteDbContext' started tracking 'Character' entity with key '{Id: 305016}'.
Debug [20301]: Closing data reader to 'frevertest' on server 'tcp://postgres-frever-it:5432'.
Debug [20300]: A data reader for 'frevertest' on server 'tcp://postgres-frever-it:5432' is being disposed after spending 0ms reading results.
Debug [10111]: Compiling query expression: 
'DbSet&lt;Character&gt;().FromSql(with ins as (
    insert into "Character" ("GenderId",
                             "CharacterStyleId",
                             "GroupId",
                             "Name",
                             "FilesInfo",
                             "PublicForCreation",
                             "PublicForBackgroundDancing",
                             "Size",
                             "PolyCount",
                             "IsDefault",
                             "SortOrder")
        values (1,
                1,
                189722,
                'character-189722',
                '[]'::json,
                false,
                false,
                10100,
                2003,
                true,
                1)
        returning *),
     update_main_character as (
         update "User"
             set "MainCharacterId" = (select "Id" from ins)
             where "MainGroupId" in (select "GroupId"
                                     from ins
                                     where "IsDefault" = true))
select *
from ins, __p_0)
'
Debug [10107]: Generated query execution expression: 
'queryContext =&gt; new FromSqlQueryingEnumerable&lt;Character&gt;(
    (RelationalQueryContext)queryContext, 
    RelationalCommandCache.QueryExpression(
        Projection Mapping:
            EmptyProjectionMember -&gt; Dictionary&lt;IProperty, int&gt; { [Property: Character.Id (long) Required PK AfterSave:Throw ValueGenerated.OnAdd, 0], [Property: Character.CharacterStyleId (long) Required FK Index, 1], [Property: Character.CreatedTime (DateTime) Required ValueGenerated.OnAdd, 2], [Property: Character.Files (List&lt;FileInfo&gt;), 3], [Property: Character.GenderId (long) Required FK Index, 4], [Property: Character.GroupId (long) Required FK Index, 5], [Property: Character.IsDefault (bool) Required, 6], [Property: Character.IsDeleted (bool) Required, 7], [Property: Character.ModifiedTime (DateTime) Required ValueGenerated.OnAdd, 8], [Property: Character.Name (string) Required ValueGenerated.OnAdd, 9], [Property: Character.PolyCount (int?), 10], [Property: Character.PublicForBackgroundDancing (bool) Required, 11], [Property: Character.PublicForCreation (bool) Required, 12], [Property: Character.ReadinessId (long) Required FK Index, 13], [Property: Character.Size (long?), 14], [Property: Character.SortOrder (int) Required, 15], [Property: Character.UploaderUserId (long) Required FK Index ValueGenerated.OnAdd, 16], [Property: Character.Version (Guid) Required, 17] }
        SELECT f.Id, f.CharacterStyleId, f.CreatedTime, f.FilesInfo, f.GenderId, f.GroupId, f.IsDefault, f.IsDeleted, f.ModifiedTime, f.Name, f.PolyCount, f.PublicForBackgroundDancing, f.PublicForCreation, f.ReadinessId, f.Size, f.SortOrder, f.UploaderUserId, f.Version
        FROM with ins as (
    insert into "Character" ("GenderId",
                             "CharacterStyleId",
                             "GroupId",
                             "Name",
                             "FilesInfo",
                             "PublicForCreation",
                             "PublicForBackgroundDancing",
                             "Size",
                             "PolyCount",
                             "IsDefault",
                             "SortOrder")
        values (1,
                1,
                189722,
                'character-189722',
                '[]'::json,
                false,
                false,
                10100,
                2003,
                true,
                1)
        returning *),
     update_main_character as (
         update "User"
             set "MainCharacterId" = (select "Id" from ins)
             where "MainGroupId" in (select "GroupId"
                                     from ins
                                     where "IsDefault" = true))
select *
from ins), 
    null, 
    List&lt;string&gt; { "Id", "CharacterStyleId", "CreatedTime", "FilesInfo", "GenderId", "GroupId", "IsDefault", "IsDeleted", "ModifiedTime", "Name", "PolyCount", "PublicForBackgroundDancing", "PublicForCreation", "ReadinessId", "Size", "SortOrder", "UploaderUserId", "Version" }, 
    Func&lt;QueryContext, DbDataReader, int[], Character&gt;, 
    Frever.Common.IntegrationTesting.TestReadWriteDbContext, 
    False, 
    False, 
    True
)'
Debug [20103]: Creating DbCommand for 'ExecuteReader'.
Debug [20104]: Created DbCommand for 'ExecuteReader' (0ms).
Debug [20106]: Initialized DbCommand for 'ExecuteReader' (0ms).
Debug [20100]: Executing DbCommand [Parameters=[], CommandType='Text', CommandTimeout='60']
with ins as (
    insert into "Character" ("GenderId",
                             "CharacterStyleId",
                             "GroupId",
                             "Name",
                             "FilesInfo",
                             "PublicForCreation",
                             "PublicForBackgroundDancing",
                             "Size",
                             "PolyCount",
                             "IsDefault",
                             "SortOrder")
        values (1,
                1,
                189722,
                'character-189722',
                '[]'::json,
                false,
                false,
                10100,
                2003,
                true,
                1)
        returning *),
     update_main_character as (
         update "User"
             set "MainCharacterId" = (select "Id" from ins)
             where "MainGroupId" in (select "GroupId"
                                     from ins
                                     where "IsDefault" = true))
select *
from ins
Information [20101]: Executed DbCommand (1ms) [Parameters=[], CommandType='Text', CommandTimeout='60']
with ins as (
    insert into "Character" ("GenderId",
                             "CharacterStyleId",
                             "GroupId",
                             "Name",
                             "FilesInfo",
                             "PublicForCreation",
                             "PublicForBackgroundDancing",
                             "Size",
                             "PolyCount",
                             "IsDefault",
                             "SortOrder")
        values (1,
                1,
                189722,
                'character-189722',
                '[]'::json,
                false,
                false,
                10100,
                2003,
                true,
                1)
        returning *),
     update_main_character as (
         update "User"
             set "MainCharacterId" = (select "Id" from ins)
             where "MainGroupId" in (select "GroupId"
                                     from ins
                                     where "IsDefault" = true))
select *
from ins
Debug [10806]: Context 'TestReadWriteDbContext' started tracking 'Character' entity with key '{Id: 305017}'.
Debug [20301]: Closing data reader to 'frevertest' on server 'tcp://postgres-frever-it:5432'.
Debug [20300]: A data reader for 'frevertest' on server 'tcp://postgres-frever-it:5432' is being disposed after spending 0ms reading results.
Debug [10111]: Compiling query expression: 
'DbSet&lt;Character&gt;().FromSql(with ins as (
    insert into "Character" ("GenderId",
                             "CharacterStyleId",
                             "GroupId",
                             "Name",
                             "FilesInfo",
                             "PublicForCreation",
                             "PublicForBackgroundDancing",
                             "Size",
                             "PolyCount",
                             "IsDefault",
                             "SortOrder")
        values (1,
                1,
                189723,
                'character-189723',
                '[]'::json,
                false,
                false,
                10100,
                2003,
                true,
                1)
        returning *),
     update_main_character as (
         update "User"
             set "MainCharacterId" = (select "Id" from ins)
             where "MainGroupId" in (select "GroupId"
                                     from ins
                                     where "IsDefault" = true))
select *
from ins, __p_0)
'
Debug [10107]: Generated query execution expression: 
'queryContext =&gt; new FromSqlQueryingEnumerable&lt;Character&gt;(
    (RelationalQueryContext)queryContext, 
    RelationalCommandCache.QueryExpression(
        Projection Mapping:
            EmptyProjectionMember -&gt; Dictionary&lt;IProperty, int&gt; { [Property: Character.Id (long) Required PK AfterSave:Throw ValueGenerated.OnAdd, 0], [Property: Character.CharacterStyleId (long) Required FK Index, 1], [Property: Character.CreatedTime (DateTime) Required ValueGenerated.OnAdd, 2], [Property: Character.Files (List&lt;FileInfo&gt;), 3], [Property: Character.GenderId (long) Required FK Index, 4], [Property: Character.GroupId (long) Required FK Index, 5], [Property: Character.IsDefault (bool) Required, 6], [Property: Character.IsDeleted (bool) Required, 7], [Property: Character.ModifiedTime (DateTime) Required ValueGenerated.OnAdd, 8], [Property: Character.Name (string) Required ValueGenerated.OnAdd, 9], [Property: Character.PolyCount (int?), 10], [Property: Character.PublicForBackgroundDancing (bool) Required, 11], [Property: Character.PublicForCreation (bool) Required, 12], [Property: Character.ReadinessId (long) Required FK Index, 13], [Property: Character.Size (long?), 14], [Property: Character.SortOrder (int) Required, 15], [Property: Character.UploaderUserId (long) Required FK Index ValueGenerated.OnAdd, 16], [Property: Character.Version (Guid) Required, 17] }
        SELECT f.Id, f.CharacterStyleId, f.CreatedTime, f.FilesInfo, f.GenderId, f.GroupId, f.IsDefault, f.IsDeleted, f.ModifiedTime, f.Name, f.PolyCount, f.PublicForBackgroundDancing, f.PublicForCreation, f.ReadinessId, f.Size, f.SortOrder, f.UploaderUserId, f.Version
        FROM with ins as (
    insert into "Character" ("GenderId",
                             "CharacterStyleId",
                             "GroupId",
                             "Name",
                             "FilesInfo",
                             "PublicForCreation",
                             "PublicForBackgroundDancing",
                             "Size",
                             "PolyCount",
                             "IsDefault",
                             "SortOrder")
        values (1,
                1,
                189723,
                'character-189723',
                '[]'::json,
                false,
                false,
                10100,
                2003,
                true,
                1)
        returning *),
     update_main_character as (
         update "User"
             set "MainCharacterId" = (select "Id" from ins)
             where "MainGroupId" in (select "GroupId"
                                     from ins
                                     where "IsDefault" = true))
select *
from ins), 
    null, 
    List&lt;string&gt; { "Id", "CharacterStyleId", "CreatedTime", "FilesInfo", "GenderId", "GroupId", "IsDefault", "IsDeleted", "ModifiedTime", "Name", "PolyCount", "PublicForBackgroundDancing", "PublicForCreation", "ReadinessId", "Size", "SortOrder", "UploaderUserId", "Version" }, 
    Func&lt;QueryContext, DbDataReader, int[], Character&gt;, 
    Frever.Common.IntegrationTesting.TestReadWriteDbContext, 
    False, 
    False, 
    True
)'
Debug [20103]: Creating DbCommand for 'ExecuteReader'.
Debug [20104]: Created DbCommand for 'ExecuteReader' (0ms).
Debug [20106]: Initialized DbCommand for 'ExecuteReader' (0ms).
Debug [20100]: Executing DbCommand [Parameters=[], CommandType='Text', CommandTimeout='60']
with ins as (
    insert into "Character" ("GenderId",
                             "CharacterStyleId",
                             "GroupId",
                             "Name",
                             "FilesInfo",
                             "PublicForCreation",
                             "PublicForBackgroundDancing",
                             "Size",
                             "PolyCount",
                             "IsDefault",
                             "SortOrder")
        values (1,
                1,
                189723,
                'character-189723',
                '[]'::json,
                false,
                false,
                10100,
                2003,
                true,
                1)
        returning *),
     update_main_character as (
         update "User"
             set "MainCharacterId" = (select "Id" from ins)
             where "MainGroupId" in (select "GroupId"
                                     from ins
                                     where "IsDefault" = true))
select *
from ins
Information [20101]: Executed DbCommand (1ms) [Parameters=[], CommandType='Text', CommandTimeout='60']
with ins as (
    insert into "Character" ("GenderId",
                             "CharacterStyleId",
                             "GroupId",
                             "Name",
                             "FilesInfo",
                             "PublicForCreation",
                             "PublicForBackgroundDancing",
                             "Size",
                             "PolyCount",
                             "IsDefault",
                             "SortOrder")
        values (1,
                1,
                189723,
                'character-189723',
                '[]'::json,
                false,
                false,
                10100,
                2003,
                true,
                1)
        returning *),
     update_main_character as (
         update "User"
             set "MainCharacterId" = (select "Id" from ins)
             where "MainGroupId" in (select "GroupId"
                                     from ins
                                     where "IsDefault" = true))
select *
from ins
Debug [10806]: Context 'TestReadWriteDbContext' started tracking 'Character' entity with key '{Id: 305018}'.
Debug [20301]: Closing data reader to 'frevertest' on server 'tcp://postgres-frever-it:5432'.
Debug [20300]: A data reader for 'frevertest' on server 'tcp://postgres-frever-it:5432' is being disposed after spending 0ms reading results.
Debug [10111]: Compiling query expression: 
'DbSet&lt;Character&gt;().FromSql(with ins as (
    insert into "Character" ("GenderId",
                             "CharacterStyleId",
                             "GroupId",
                             "Name",
                             "FilesInfo",
                             "PublicForCreation",
                             "PublicForBackgroundDancing",
                             "Size",
                             "PolyCount",
                             "IsDefault",
                             "SortOrder")
        values (1,
                1,
                189724,
                'character-189724',
                '[]'::json,
                false,
                false,
                10100,
                2003,
                true,
                1)
        returning *),
     update_main_character as (
         update "User"
             set "MainCharacterId" = (select "Id" from ins)
             where "MainGroupId" in (select "GroupId"
                                     from ins
                                     where "IsDefault" = true))
select *
from ins, __p_0)
'
Debug [10107]: Generated query execution expression: 
'queryContext =&gt; new FromSqlQueryingEnumerable&lt;Character&gt;(
    (RelationalQueryContext)queryContext, 
    RelationalCommandCache.QueryExpression(
        Projection Mapping:
            EmptyProjectionMember -&gt; Dictionary&lt;IProperty, int&gt; { [Property: Character.Id (long) Required PK AfterSave:Throw ValueGenerated.OnAdd, 0], [Property: Character.CharacterStyleId (long) Required FK Index, 1], [Property: Character.CreatedTime (DateTime) Required ValueGenerated.OnAdd, 2], [Property: Character.Files (List&lt;FileInfo&gt;), 3], [Property: Character.GenderId (long) Required FK Index, 4], [Property: Character.GroupId (long) Required FK Index, 5], [Property: Character.IsDefault (bool) Required, 6], [Property: Character.IsDeleted (bool) Required, 7], [Property: Character.ModifiedTime (DateTime) Required ValueGenerated.OnAdd, 8], [Property: Character.Name (string) Required ValueGenerated.OnAdd, 9], [Property: Character.PolyCount (int?), 10], [Property: Character.PublicForBackgroundDancing (bool) Required, 11], [Property: Character.PublicForCreation (bool) Required, 12], [Property: Character.ReadinessId (long) Required FK Index, 13], [Property: Character.Size (long?), 14], [Property: Character.SortOrder (int) Required, 15], [Property: Character.UploaderUserId (long) Required FK Index ValueGenerated.OnAdd, 16], [Property: Character.Version (Guid) Required, 17] }
        SELECT f.Id, f.CharacterStyleId, f.CreatedTime, f.FilesInfo, f.GenderId, f.GroupId, f.IsDefault, f.IsDeleted, f.ModifiedTime, f.Name, f.PolyCount, f.PublicForBackgroundDancing, f.PublicForCreation, f.ReadinessId, f.Size, f.SortOrder, f.UploaderUserId, f.Version
        FROM with ins as (
    insert into "Character" ("GenderId",
                             "CharacterStyleId",
                             "GroupId",
                             "Name",
                             "FilesInfo",
                             "PublicForCreation",
                             "PublicForBackgroundDancing",
                             "Size",
                             "PolyCount",
                             "IsDefault",
                             "SortOrder")
        values (1,
                1,
                189724,
                'character-189724',
                '[]'::json,
                false,
                false,
                10100,
                2003,
                true,
                1)
        returning *),
     update_main_character as (
         update "User"
             set "MainCharacterId" = (select "Id" from ins)
             where "MainGroupId" in (select "GroupId"
                                     from ins
                                     where "IsDefault" = true))
select *
from ins), 
    null, 
    List&lt;string&gt; { "Id", "CharacterStyleId", "CreatedTime", "FilesInfo", "GenderId", "GroupId", "IsDefault", "IsDeleted", "ModifiedTime", "Name", "PolyCount", "PublicForBackgroundDancing", "PublicForCreation", "ReadinessId", "Size", "SortOrder", "UploaderUserId", "Version" }, 
    Func&lt;QueryContext, DbDataReader, int[], Character&gt;, 
    Frever.Common.IntegrationTesting.TestReadWriteDbContext, 
    False, 
    False, 
    True
)'
Debug [20103]: Creating DbCommand for 'ExecuteReader'.
Debug [20104]: Created DbCommand for 'ExecuteReader' (0ms).
Debug [20106]: Initialized DbCommand for 'ExecuteReader' (0ms).
Debug [20100]: Executing DbCommand [Parameters=[], CommandType='Text', CommandTimeout='60']
with ins as (
    insert into "Character" ("GenderId",
                             "CharacterStyleId",
                             "GroupId",
                             "Name",
                             "FilesInfo",
                             "PublicForCreation",
                             "PublicForBackgroundDancing",
                             "Size",
                             "PolyCount",
                             "IsDefault",
                             "SortOrder")
        values (1,
                1,
                189724,
                'character-189724',
                '[]'::json,
                false,
                false,
                10100,
                2003,
                true,
                1)
        returning *),
     update_main_character as (
         update "User"
             set "MainCharacterId" = (select "Id" from ins)
             where "MainGroupId" in (select "GroupId"
                                     from ins
                                     where "IsDefault" = true))
select *
from ins
Information [20101]: Executed DbCommand (1ms) [Parameters=[], CommandType='Text', CommandTimeout='60']
with ins as (
    insert into "Character" ("GenderId",
                             "CharacterStyleId",
                             "GroupId",
                             "Name",
                             "FilesInfo",
                             "PublicForCreation",
                             "PublicForBackgroundDancing",
                             "Size",
                             "PolyCount",
                             "IsDefault",
                             "SortOrder")
        values (1,
                1,
                189724,
                'character-189724',
                '[]'::json,
                false,
                false,
                10100,
                2003,
                true,
                1)
        returning *),
     update_main_character as (
         update "User"
             set "MainCharacterId" = (select "Id" from ins)
             where "MainGroupId" in (select "GroupId"
                                     from ins
                                     where "IsDefault" = true))
select *
from ins
Debug [10806]: Context 'TestReadWriteDbContext' started tracking 'Character' entity with key '{Id: 305019}'.
Debug [20301]: Closing data reader to 'frevertest' on server 'tcp://postgres-frever-it:5432'.
Debug [20300]: A data reader for 'frevertest' on server 'tcp://postgres-frever-it:5432' is being disposed after spending 0ms reading results.
Debug [10111]: Compiling query expression: 
'DbSet&lt;Character&gt;().FromSql(with ins as (
    insert into "Character" ("GenderId",
                             "CharacterStyleId",
                             "GroupId",
                             "Name",
                             "FilesInfo",
                             "PublicForCreation",
                             "PublicForBackgroundDancing",
                             "Size",
                             "PolyCount",
                             "IsDefault",
                             "SortOrder")
        values (1,
                1,
                189725,
                'character-189725',
                '[]'::json,
                false,
                false,
                10100,
                2003,
                true,
                1)
        returning *),
     update_main_character as (
         update "User"
             set "MainCharacterId" = (select "Id" from ins)
             where "MainGroupId" in (select "GroupId"
                                     from ins
                                     where "IsDefault" = true))
select *
from ins, __p_0)
'
Debug [10107]: Generated query execution expression: 
'queryContext =&gt; new FromSqlQueryingEnumerable&lt;Character&gt;(
    (RelationalQueryContext)queryContext, 
    RelationalCommandCache.QueryExpression(
        Projection Mapping:
            EmptyProjectionMember -&gt; Dictionary&lt;IProperty, int&gt; { [Property: Character.Id (long) Required PK AfterSave:Throw ValueGenerated.OnAdd, 0], [Property: Character.CharacterStyleId (long) Required FK Index, 1], [Property: Character.CreatedTime (DateTime) Required ValueGenerated.OnAdd, 2], [Property: Character.Files (List&lt;FileInfo&gt;), 3], [Property: Character.GenderId (long) Required FK Index, 4], [Property: Character.GroupId (long) Required FK Index, 5], [Property: Character.IsDefault (bool) Required, 6], [Property: Character.IsDeleted (bool) Required, 7], [Property: Character.ModifiedTime (DateTime) Required ValueGenerated.OnAdd, 8], [Property: Character.Name (string) Required ValueGenerated.OnAdd, 9], [Property: Character.PolyCount (int?), 10], [Property: Character.PublicForBackgroundDancing (bool) Required, 11], [Property: Character.PublicForCreation (bool) Required, 12], [Property: Character.ReadinessId (long) Required FK Index, 13], [Property: Character.Size (long?), 14], [Property: Character.SortOrder (int) Required, 15], [Property: Character.UploaderUserId (long) Required FK Index ValueGenerated.OnAdd, 16], [Property: Character.Version (Guid) Required, 17] }
        SELECT f.Id, f.CharacterStyleId, f.CreatedTime, f.FilesInfo, f.GenderId, f.GroupId, f.IsDefault, f.IsDeleted, f.ModifiedTime, f.Name, f.PolyCount, f.PublicForBackgroundDancing, f.PublicForCreation, f.ReadinessId, f.Size, f.SortOrder, f.UploaderUserId, f.Version
        FROM with ins as (
    insert into "Character" ("GenderId",
                             "CharacterStyleId",
                             "GroupId",
                             "Name",
                             "FilesInfo",
                             "PublicForCreation",
                             "PublicForBackgroundDancing",
                             "Size",
                             "PolyCount",
                             "IsDefault",
                             "SortOrder")
        values (1,
                1,
                189725,
                'character-189725',
                '[]'::json,
                false,
                false,
                10100,
                2003,
                true,
                1)
        returning *),
     update_main_character as (
         update "User"
             set "MainCharacterId" = (select "Id" from ins)
             where "MainGroupId" in (select "GroupId"
                                     from ins
                                     where "IsDefault" = true))
select *
from ins), 
    null, 
    List&lt;string&gt; { "Id", "CharacterStyleId", "CreatedTime", "FilesInfo", "GenderId", "GroupId", "IsDefault", "IsDeleted", "ModifiedTime", "Name", "PolyCount", "PublicForBackgroundDancing", "PublicForCreation", "ReadinessId", "Size", "SortOrder", "UploaderUserId", "Version" }, 
    Func&lt;QueryContext, DbDataReader, int[], Character&gt;, 
    Frever.Common.IntegrationTesting.TestReadWriteDbContext, 
    False, 
    False, 
    True
)'
Debug [20103]: Creating DbCommand for 'ExecuteReader'.
Debug [20104]: Created DbCommand for 'ExecuteReader' (0ms).
Debug [20106]: Initialized DbCommand for 'ExecuteReader' (0ms).
Debug [20100]: Executing DbCommand [Parameters=[], CommandType='Text', CommandTimeout='60']
with ins as (
    insert into "Character" ("GenderId",
                             "CharacterStyleId",
                             "GroupId",
                             "Name",
                             "FilesInfo",
                             "PublicForCreation",
                             "PublicForBackgroundDancing",
                             "Size",
                             "PolyCount",
                             "IsDefault",
                             "SortOrder")
        values (1,
                1,
                189725,
                'character-189725',
                '[]'::json,
                false,
                false,
                10100,
                2003,
                true,
                1)
        returning *),
     update_main_character as (
         update "User"
             set "MainCharacterId" = (select "Id" from ins)
             where "MainGroupId" in (select "GroupId"
                                     from ins
                                     where "IsDefault" = true))
select *
from ins
Information [20101]: Executed DbCommand (1ms) [Parameters=[], CommandType='Text', CommandTimeout='60']
with ins as (
    insert into "Character" ("GenderId",
                             "CharacterStyleId",
                             "GroupId",
                             "Name",
                             "FilesInfo",
                             "PublicForCreation",
                             "PublicForBackgroundDancing",
                             "Size",
                             "PolyCount",
                             "IsDefault",
                             "SortOrder")
        values (1,
                1,
                189725,
                'character-189725',
                '[]'::json,
                false,
                false,
                10100,
                2003,
                true,
                1)
        returning *),
     update_main_character as (
         update "User"
             set "MainCharacterId" = (select "Id" from ins)
             where "MainGroupId" in (select "GroupId"
                                     from ins
                                     where "IsDefault" = true))
select *
from ins
Debug [10806]: Context 'TestReadWriteDbContext' started tracking 'Character' entity with key '{Id: 305020}'.
Debug [20301]: Closing data reader to 'frevertest' on server 'tcp://postgres-frever-it:5432'.
Debug [20300]: A data reader for 'frevertest' on server 'tcp://postgres-frever-it:5432' is being disposed after spending 0ms reading results.
Debug [10111]: Compiling query expression: 
'DbSet&lt;Character&gt;().FromSql(with ins as (
    insert into "Character" ("GenderId",
                             "CharacterStyleId",
                             "GroupId",
                             "Name",
                             "FilesInfo",
                             "PublicForCreation",
                             "PublicForBackgroundDancing",
                             "Size",
                             "PolyCount",
                             "IsDefault",
                             "SortOrder")
        values (1,
                1,
                189726,
                'character-189726',
                '[]'::json,
                false,
                false,
                10100,
                2003,
                true,
                1)
        returning *),
     update_main_character as (
         update "User"
             set "MainCharacterId" = (select "Id" from ins)
             where "MainGroupId" in (select "GroupId"
                                     from ins
                                     where "IsDefault" = true))
select *
from ins, __p_0)
'
Debug [10107]: Generated query execution expression: 
'queryContext =&gt; new FromSqlQueryingEnumerable&lt;Character&gt;(
    (RelationalQueryContext)queryContext, 
    RelationalCommandCache.QueryExpression(
        Projection Mapping:
            EmptyProjectionMember -&gt; Dictionary&lt;IProperty, int&gt; { [Property: Character.Id (long) Required PK AfterSave:Throw ValueGenerated.OnAdd, 0], [Property: Character.CharacterStyleId (long) Required FK Index, 1], [Property: Character.CreatedTime (DateTime) Required ValueGenerated.OnAdd, 2], [Property: Character.Files (List&lt;FileInfo&gt;), 3], [Property: Character.GenderId (long) Required FK Index, 4], [Property: Character.GroupId (long) Required FK Index, 5], [Property: Character.IsDefault (bool) Required, 6], [Property: Character.IsDeleted (bool) Required, 7], [Property: Character.ModifiedTime (DateTime) Required ValueGenerated.OnAdd, 8], [Property: Character.Name (string) Required ValueGenerated.OnAdd, 9], [Property: Character.PolyCount (int?), 10], [Property: Character.PublicForBackgroundDancing (bool) Required, 11], [Property: Character.PublicForCreation (bool) Required, 12], [Property: Character.ReadinessId (long) Required FK Index, 13], [Property: Character.Size (long?), 14], [Property: Character.SortOrder (int) Required, 15], [Property: Character.UploaderUserId (long) Required FK Index ValueGenerated.OnAdd, 16], [Property: Character.Version (Guid) Required, 17] }
        SELECT f.Id, f.CharacterStyleId, f.CreatedTime, f.FilesInfo, f.GenderId, f.GroupId, f.IsDefault, f.IsDeleted, f.ModifiedTime, f.Name, f.PolyCount, f.PublicForBackgroundDancing, f.PublicForCreation, f.ReadinessId, f.Size, f.SortOrder, f.UploaderUserId, f.Version
        FROM with ins as (
    insert into "Character" ("GenderId",
                             "CharacterStyleId",
                             "GroupId",
                             "Name",
                             "FilesInfo",
                             "PublicForCreation",
                             "PublicForBackgroundDancing",
                             "Size",
                             "PolyCount",
                             "IsDefault",
                             "SortOrder")
        values (1,
                1,
                189726,
                'character-189726',
                '[]'::json,
                false,
                false,
                10100,
                2003,
                true,
                1)
        returning *),
     update_main_character as (
         update "User"
             set "MainCharacterId" = (select "Id" from ins)
             where "MainGroupId" in (select "GroupId"
                                     from ins
                                     where "IsDefault" = true))
select *
from ins), 
    null, 
    List&lt;string&gt; { "Id", "CharacterStyleId", "CreatedTime", "FilesInfo", "GenderId", "GroupId", "IsDefault", "IsDeleted", "ModifiedTime", "Name", "PolyCount", "PublicForBackgroundDancing", "PublicForCreation", "ReadinessId", "Size", "SortOrder", "UploaderUserId", "Version" }, 
    Func&lt;QueryContext, DbDataReader, int[], Character&gt;, 
    Frever.Common.IntegrationTesting.TestReadWriteDbContext, 
    False, 
    False, 
    True
)'
Debug [20103]: Creating DbCommand for 'ExecuteReader'.
Debug [20104]: Created DbCommand for 'ExecuteReader' (0ms).
Debug [20106]: Initialized DbCommand for 'ExecuteReader' (0ms).
Debug [20100]: Executing DbCommand [Parameters=[], CommandType='Text', CommandTimeout='60']
with ins as (
    insert into "Character" ("GenderId",
                             "CharacterStyleId",
                             "GroupId",
                             "Name",
                             "FilesInfo",
                             "PublicForCreation",
                             "PublicForBackgroundDancing",
                             "Size",
                             "PolyCount",
                             "IsDefault",
                             "SortOrder")
        values (1,
                1,
                189726,
                'character-189726',
                '[]'::json,
                false,
                false,
                10100,
                2003,
                true,
                1)
        returning *),
     update_main_character as (
         update "User"
             set "MainCharacterId" = (select "Id" from ins)
             where "MainGroupId" in (select "GroupId"
                                     from ins
                                     where "IsDefault" = true))
select *
from ins
Information [20101]: Executed DbCommand (1ms) [Parameters=[], CommandType='Text', CommandTimeout='60']
with ins as (
    insert into "Character" ("GenderId",
                             "CharacterStyleId",
                             "GroupId",
                             "Name",
                             "FilesInfo",
                             "PublicForCreation",
                             "PublicForBackgroundDancing",
                             "Size",
                             "PolyCount",
                             "IsDefault",
                             "SortOrder")
        values (1,
                1,
                189726,
                'character-189726',
                '[]'::json,
                false,
                false,
                10100,
                2003,
                true,
                1)
        returning *),
     update_main_character as (
         update "User"
             set "MainCharacterId" = (select "Id" from ins)
             where "MainGroupId" in (select "GroupId"
                                     from ins
                                     where "IsDefault" = true))
select *
from ins
Debug [10806]: Context 'TestReadWriteDbContext' started tracking 'Character' entity with key '{Id: 305021}'.
Debug [20301]: Closing data reader to 'frevertest' on server 'tcp://postgres-frever-it:5432'.
Debug [20300]: A data reader for 'frevertest' on server 'tcp://postgres-frever-it:5432' is being disposed after spending 0ms reading results.
Debug [10111]: Compiling query expression: 
'DbSet&lt;Character&gt;().FromSql(with ins as (
    insert into "Character" ("GenderId",
                             "CharacterStyleId",
                             "GroupId",
                             "Name",
                             "FilesInfo",
                             "PublicForCreation",
                             "PublicForBackgroundDancing",
                             "Size",
                             "PolyCount",
                             "IsDefault",
                             "SortOrder")
        values (1,
                1,
                189727,
                'character-189727',
                '[]'::json,
                false,
                false,
                10100,
                2003,
                true,
                1)
        returning *),
     update_main_character as (
         update "User"
             set "MainCharacterId" = (select "Id" from ins)
             where "MainGroupId" in (select "GroupId"
                                     from ins
                                     where "IsDefault" = true))
select *
from ins, __p_0)
'
Debug [10107]: Generated query execution expression: 
'queryContext =&gt; new FromSqlQueryingEnumerable&lt;Character&gt;(
    (RelationalQueryContext)queryContext, 
    RelationalCommandCache.QueryExpression(
        Projection Mapping:
            EmptyProjectionMember -&gt; Dictionary&lt;IProperty, int&gt; { [Property: Character.Id (long) Required PK AfterSave:Throw ValueGenerated.OnAdd, 0], [Property: Character.CharacterStyleId (long) Required FK Index, 1], [Property: Character.CreatedTime (DateTime) Required ValueGenerated.OnAdd, 2], [Property: Character.Files (List&lt;FileInfo&gt;), 3], [Property: Character.GenderId (long) Required FK Index, 4], [Property: Character.GroupId (long) Required FK Index, 5], [Property: Character.IsDefault (bool) Required, 6], [Property: Character.IsDeleted (bool) Required, 7], [Property: Character.ModifiedTime (DateTime) Required ValueGenerated.OnAdd, 8], [Property: Character.Name (string) Required ValueGenerated.OnAdd, 9], [Property: Character.PolyCount (int?), 10], [Property: Character.PublicForBackgroundDancing (bool) Required, 11], [Property: Character.PublicForCreation (bool) Required, 12], [Property: Character.ReadinessId (long) Required FK Index, 13], [Property: Character.Size (long?), 14], [Property: Character.SortOrder (int) Required, 15], [Property: Character.UploaderUserId (long) Required FK Index ValueGenerated.OnAdd, 16], [Property: Character.Version (Guid) Required, 17] }
        SELECT f.Id, f.CharacterStyleId, f.CreatedTime, f.FilesInfo, f.GenderId, f.GroupId, f.IsDefault, f.IsDeleted, f.ModifiedTime, f.Name, f.PolyCount, f.PublicForBackgroundDancing, f.PublicForCreation, f.ReadinessId, f.Size, f.SortOrder, f.UploaderUserId, f.Version
        FROM with ins as (
    insert into "Character" ("GenderId",
                             "CharacterStyleId",
                             "GroupId",
                             "Name",
                             "FilesInfo",
                             "PublicForCreation",
                             "PublicForBackgroundDancing",
                             "Size",
                             "PolyCount",
                             "IsDefault",
                             "SortOrder")
        values (1,
                1,
                189727,
                'character-189727',
                '[]'::json,
                false,
                false,
                10100,
                2003,
                true,
                1)
        returning *),
     update_main_character as (
         update "User"
             set "MainCharacterId" = (select "Id" from ins)
             where "MainGroupId" in (select "GroupId"
                                     from ins
                                     where "IsDefault" = true))
select *
from ins), 
    null, 
    List&lt;string&gt; { "Id", "CharacterStyleId", "CreatedTime", "FilesInfo", "GenderId", "GroupId", "IsDefault", "IsDeleted", "ModifiedTime", "Name", "PolyCount", "PublicForBackgroundDancing", "PublicForCreation", "ReadinessId", "Size", "SortOrder", "UploaderUserId", "Version" }, 
    Func&lt;QueryContext, DbDataReader, int[], Character&gt;, 
    Frever.Common.IntegrationTesting.TestReadWriteDbContext, 
    False, 
    False, 
    True
)'
Debug [20103]: Creating DbCommand for 'ExecuteReader'.
Debug [20104]: Created DbCommand for 'ExecuteReader' (0ms).
Debug [20106]: Initialized DbCommand for 'ExecuteReader' (0ms).
Debug [20100]: Executing DbCommand [Parameters=[], CommandType='Text', CommandTimeout='60']
with ins as (
    insert into "Character" ("GenderId",
                             "CharacterStyleId",
                             "GroupId",
                             "Name",
                             "FilesInfo",
                             "PublicForCreation",
                             "PublicForBackgroundDancing",
                             "Size",
                             "PolyCount",
                             "IsDefault",
                             "SortOrder")
        values (1,
                1,
                189727,
                'character-189727',
                '[]'::json,
                false,
                false,
                10100,
                2003,
                true,
                1)
        returning *),
     update_main_character as (
         update "User"
             set "MainCharacterId" = (select "Id" from ins)
             where "MainGroupId" in (select "GroupId"
                                     from ins
                                     where "IsDefault" = true))
select *
from ins
Information [20101]: Executed DbCommand (1ms) [Parameters=[], CommandType='Text', CommandTimeout='60']
with ins as (
    insert into "Character" ("GenderId",
                             "CharacterStyleId",
                             "GroupId",
                             "Name",
                             "FilesInfo",
                             "PublicForCreation",
                             "PublicForBackgroundDancing",
                             "Size",
                             "PolyCount",
                             "IsDefault",
                             "SortOrder")
        values (1,
                1,
                189727,
                'character-189727',
                '[]'::json,
                false,
                false,
                10100,
                2003,
                true,
                1)
        returning *),
     update_main_character as (
         update "User"
             set "MainCharacterId" = (select "Id" from ins)
             where "MainGroupId" in (select "GroupId"
                                     from ins
                                     where "IsDefault" = true))
select *
from ins
Debug [10806]: Context 'TestReadWriteDbContext' started tracking 'Character' entity with key '{Id: 305022}'.
Debug [20301]: Closing data reader to 'frevertest' on server 'tcp://postgres-frever-it:5432'.
Debug [20300]: A data reader for 'frevertest' on server 'tcp://postgres-frever-it:5432' is being disposed after spending 0ms reading results.
Debug [10111]: Compiling query expression: 
'DbSet&lt;Character&gt;().FromSql(with ins as (
    insert into "Character" ("GenderId",
                             "CharacterStyleId",
                             "GroupId",
                             "Name",
                             "FilesInfo",
                             "PublicForCreation",
                             "PublicForBackgroundDancing",
                             "Size",
                             "PolyCount",
                             "IsDefault",
                             "SortOrder")
        values (1,
                1,
                189728,
                'character-189728',
                '[]'::json,
                false,
                false,
                10100,
                2003,
                true,
                1)
        returning *),
     update_main_character as (
         update "User"
             set "MainCharacterId" = (select "Id" from ins)
             where "MainGroupId" in (select "GroupId"
                                     from ins
                                     where "IsDefault" = true))
select *
from ins, __p_0)
'
Debug [10107]: Generated query execution expression: 
'queryContext =&gt; new FromSqlQueryingEnumerable&lt;Character&gt;(
    (RelationalQueryContext)queryContext, 
    RelationalCommandCache.QueryExpression(
        Projection Mapping:
            EmptyProjectionMember -&gt; Dictionary&lt;IProperty, int&gt; { [Property: Character.Id (long) Required PK AfterSave:Throw ValueGenerated.OnAdd, 0], [Property: Character.CharacterStyleId (long) Required FK Index, 1], [Property: Character.CreatedTime (DateTime) Required ValueGenerated.OnAdd, 2], [Property: Character.Files (List&lt;FileInfo&gt;), 3], [Property: Character.GenderId (long) Required FK Index, 4], [Property: Character.GroupId (long) Required FK Index, 5], [Property: Character.IsDefault (bool) Required, 6], [Property: Character.IsDeleted (bool) Required, 7], [Property: Character.ModifiedTime (DateTime) Required ValueGenerated.OnAdd, 8], [Property: Character.Name (string) Required ValueGenerated.OnAdd, 9], [Property: Character.PolyCount (int?), 10], [Property: Character.PublicForBackgroundDancing (bool) Required, 11], [Property: Character.PublicForCreation (bool) Required, 12], [Property: Character.ReadinessId (long) Required FK Index, 13], [Property: Character.Size (long?), 14], [Property: Character.SortOrder (int) Required, 15], [Property: Character.UploaderUserId (long) Required FK Index ValueGenerated.OnAdd, 16], [Property: Character.Version (Guid) Required, 17] }
        SELECT f.Id, f.CharacterStyleId, f.CreatedTime, f.FilesInfo, f.GenderId, f.GroupId, f.IsDefault, f.IsDeleted, f.ModifiedTime, f.Name, f.PolyCount, f.PublicForBackgroundDancing, f.PublicForCreation, f.ReadinessId, f.Size, f.SortOrder, f.UploaderUserId, f.Version
        FROM with ins as (
    insert into "Character" ("GenderId",
                             "CharacterStyleId",
                             "GroupId",
                             "Name",
                             "FilesInfo",
                             "PublicForCreation",
                             "PublicForBackgroundDancing",
                             "Size",
                             "PolyCount",
                             "IsDefault",
                             "SortOrder")
        values (1,
                1,
                189728,
                'character-189728',
                '[]'::json,
                false,
                false,
                10100,
                2003,
                true,
                1)
        returning *),
     update_main_character as (
         update "User"
             set "MainCharacterId" = (select "Id" from ins)
             where "MainGroupId" in (select "GroupId"
                                     from ins
                                     where "IsDefault" = true))
select *
from ins), 
    null, 
    List&lt;string&gt; { "Id", "CharacterStyleId", "CreatedTime", "FilesInfo", "GenderId", "GroupId", "IsDefault", "IsDeleted", "ModifiedTime", "Name", "PolyCount", "PublicForBackgroundDancing", "PublicForCreation", "ReadinessId", "Size", "SortOrder", "UploaderUserId", "Version" }, 
    Func&lt;QueryContext, DbDataReader, int[], Character&gt;, 
    Frever.Common.IntegrationTesting.TestReadWriteDbContext, 
    False, 
    False, 
    True
)'
Debug [20103]: Creating DbCommand for 'ExecuteReader'.
Debug [20104]: Created DbCommand for 'ExecuteReader' (0ms).
Debug [20106]: Initialized DbCommand for 'ExecuteReader' (0ms).
Debug [20100]: Executing DbCommand [Parameters=[], CommandType='Text', CommandTimeout='60']
with ins as (
    insert into "Character" ("GenderId",
                             "CharacterStyleId",
                             "GroupId",
                             "Name",
                             "FilesInfo",
                             "PublicForCreation",
                             "PublicForBackgroundDancing",
                             "Size",
                             "PolyCount",
                             "IsDefault",
                             "SortOrder")
        values (1,
                1,
                189728,
                'character-189728',
                '[]'::json,
                false,
                false,
                10100,
                2003,
                true,
                1)
        returning *),
     update_main_character as (
         update "User"
             set "MainCharacterId" = (select "Id" from ins)
             where "MainGroupId" in (select "GroupId"
                                     from ins
                                     where "IsDefault" = true))
select *
from ins
Information [20101]: Executed DbCommand (1ms) [Parameters=[], CommandType='Text', CommandTimeout='60']
with ins as (
    insert into "Character" ("GenderId",
                             "CharacterStyleId",
                             "GroupId",
                             "Name",
                             "FilesInfo",
                             "PublicForCreation",
                             "PublicForBackgroundDancing",
                             "Size",
                             "PolyCount",
                             "IsDefault",
                             "SortOrder")
        values (1,
                1,
                189728,
                'character-189728',
                '[]'::json,
                false,
                false,
                10100,
                2003,
                true,
                1)
        returning *),
     update_main_character as (
         update "User"
             set "MainCharacterId" = (select "Id" from ins)
             where "MainGroupId" in (select "GroupId"
                                     from ins
                                     where "IsDefault" = true))
select *
from ins
Debug [10806]: Context 'TestReadWriteDbContext' started tracking 'Character' entity with key '{Id: 305023}'.
Debug [20301]: Closing data reader to 'frevertest' on server 'tcp://postgres-frever-it:5432'.
Debug [20300]: A data reader for 'frevertest' on server 'tcp://postgres-frever-it:5432' is being disposed after spending 0ms reading results.
Debug [10111]: Compiling query expression: 
'DbSet&lt;Character&gt;().FromSql(with ins as (
    insert into "Character" ("GenderId",
                             "CharacterStyleId",
                             "GroupId",
                             "Name",
                             "FilesInfo",
                             "PublicForCreation",
                             "PublicForBackgroundDancing",
                             "Size",
                             "PolyCount",
                             "IsDefault",
                             "SortOrder")
        values (1,
                1,
                189729,
                'character-189729',
                '[]'::json,
                false,
                false,
                10100,
                2003,
                true,
                1)
        returning *),
     update_main_character as (
         update "User"
             set "MainCharacterId" = (select "Id" from ins)
             where "MainGroupId" in (select "GroupId"
                                     from ins
                                     where "IsDefault" = true))
select *
from ins, __p_0)
'
Debug [10107]: Generated query execution expression: 
'queryContext =&gt; new FromSqlQueryingEnumerable&lt;Character&gt;(
    (RelationalQueryContext)queryContext, 
    RelationalCommandCache.QueryExpression(
        Projection Mapping:
            EmptyProjectionMember -&gt; Dictionary&lt;IProperty, int&gt; { [Property: Character.Id (long) Required PK AfterSave:Throw ValueGenerated.OnAdd, 0], [Property: Character.CharacterStyleId (long) Required FK Index, 1], [Property: Character.CreatedTime (DateTime) Required ValueGenerated.OnAdd, 2], [Property: Character.Files (List&lt;FileInfo&gt;), 3], [Property: Character.GenderId (long) Required FK Index, 4], [Property: Character.GroupId (long) Required FK Index, 5], [Property: Character.IsDefault (bool) Required, 6], [Property: Character.IsDeleted (bool) Required, 7], [Property: Character.ModifiedTime (DateTime) Required ValueGenerated.OnAdd, 8], [Property: Character.Name (string) Required ValueGenerated.OnAdd, 9], [Property: Character.PolyCount (int?), 10], [Property: Character.PublicForBackgroundDancing (bool) Required, 11], [Property: Character.PublicForCreation (bool) Required, 12], [Property: Character.ReadinessId (long) Required FK Index, 13], [Property: Character.Size (long?), 14], [Property: Character.SortOrder (int) Required, 15], [Property: Character.UploaderUserId (long) Required FK Index ValueGenerated.OnAdd, 16], [Property: Character.Version (Guid) Required, 17] }
        SELECT f.Id, f.CharacterStyleId, f.CreatedTime, f.FilesInfo, f.GenderId, f.GroupId, f.IsDefault, f.IsDeleted, f.ModifiedTime, f.Name, f.PolyCount, f.PublicForBackgroundDancing, f.PublicForCreation, f.ReadinessId, f.Size, f.SortOrder, f.UploaderUserId, f.Version
        FROM with ins as (
    insert into "Character" ("GenderId",
                             "CharacterStyleId",
                             "GroupId",
                             "Name",
                             "FilesInfo",
                             "PublicForCreation",
                             "PublicForBackgroundDancing",
                             "Size",
                             "PolyCount",
                             "IsDefault",
                             "SortOrder")
        values (1,
                1,
                189729,
                'character-189729',
                '[]'::json,
                false,
                false,
                10100,
                2003,
                true,
                1)
        returning *),
     update_main_character as (
         update "User"
             set "MainCharacterId" = (select "Id" from ins)
             where "MainGroupId" in (select "GroupId"
                                     from ins
                                     where "IsDefault" = true))
select *
from ins), 
    null, 
    List&lt;string&gt; { "Id", "CharacterStyleId", "CreatedTime", "FilesInfo", "GenderId", "GroupId", "IsDefault", "IsDeleted", "ModifiedTime", "Name", "PolyCount", "PublicForBackgroundDancing", "PublicForCreation", "ReadinessId", "Size", "SortOrder", "UploaderUserId", "Version" }, 
    Func&lt;QueryContext, DbDataReader, int[], Character&gt;, 
    Frever.Common.IntegrationTesting.TestReadWriteDbContext, 
    False, 
    False, 
    True
)'
Debug [20103]: Creating DbCommand for 'ExecuteReader'.
Debug [20104]: Created DbCommand for 'ExecuteReader' (0ms).
Debug [20106]: Initialized DbCommand for 'ExecuteReader' (0ms).
Debug [20100]: Executing DbCommand [Parameters=[], CommandType='Text', CommandTimeout='60']
with ins as (
    insert into "Character" ("GenderId",
                             "CharacterStyleId",
                             "GroupId",
                             "Name",
                             "FilesInfo",
                             "PublicForCreation",
                             "PublicForBackgroundDancing",
                             "Size",
                             "PolyCount",
                             "IsDefault",
                             "SortOrder")
        values (1,
                1,
                189729,
                'character-189729',
                '[]'::json,
                false,
                false,
                10100,
                2003,
                true,
                1)
        returning *),
     update_main_character as (
         update "User"
             set "MainCharacterId" = (select "Id" from ins)
             where "MainGroupId" in (select "GroupId"
                                     from ins
                                     where "IsDefault" = true))
select *
from ins
Information [20101]: Executed DbCommand (1ms) [Parameters=[], CommandType='Text', CommandTimeout='60']
with ins as (
    insert into "Character" ("GenderId",
                             "CharacterStyleId",
                             "GroupId",
                             "Name",
                             "FilesInfo",
                             "PublicForCreation",
                             "PublicForBackgroundDancing",
                             "Size",
                             "PolyCount",
                             "IsDefault",
                             "SortOrder")
        values (1,
                1,
                189729,
                'character-189729',
                '[]'::json,
                false,
                false,
                10100,
                2003,
                true,
                1)
        returning *),
     update_main_character as (
         update "User"
             set "MainCharacterId" = (select "Id" from ins)
             where "MainGroupId" in (select "GroupId"
                                     from ins
                                     where "IsDefault" = true))
select *
from ins
Debug [10806]: Context 'TestReadWriteDbContext' started tracking 'Character' entity with key '{Id: 305024}'.
Debug [20301]: Closing data reader to 'frevertest' on server 'tcp://postgres-frever-it:5432'.
Debug [20300]: A data reader for 'frevertest' on server 'tcp://postgres-frever-it:5432' is being disposed after spending 0ms reading results.
Debug [10111]: Compiling query expression: 
'DbSet&lt;Character&gt;().FromSql(with ins as (
    insert into "Character" ("GenderId",
                             "CharacterStyleId",
                             "GroupId",
                             "Name",
                             "FilesInfo",
                             "PublicForCreation",
                             "PublicForBackgroundDancing",
                             "Size",
                             "PolyCount",
                             "IsDefault",
                             "SortOrder")
        values (1,
                1,
                189730,
                'character-189730',
                '[]'::json,
                false,
                false,
                10100,
                2003,
                true,
                1)
        returning *),
     update_main_character as (
         update "User"
             set "MainCharacterId" = (select "Id" from ins)
             where "MainGroupId" in (select "GroupId"
                                     from ins
                                     where "IsDefault" = true))
select *
from ins, __p_0)
'
Debug [10107]: Generated query execution expression: 
'queryContext =&gt; new FromSqlQueryingEnumerable&lt;Character&gt;(
    (RelationalQueryContext)queryContext, 
    RelationalCommandCache.QueryExpression(
        Projection Mapping:
            EmptyProjectionMember -&gt; Dictionary&lt;IProperty, int&gt; { [Property: Character.Id (long) Required PK AfterSave:Throw ValueGenerated.OnAdd, 0], [Property: Character.CharacterStyleId (long) Required FK Index, 1], [Property: Character.CreatedTime (DateTime) Required ValueGenerated.OnAdd, 2], [Property: Character.Files (List&lt;FileInfo&gt;), 3], [Property: Character.GenderId (long) Required FK Index, 4], [Property: Character.GroupId (long) Required FK Index, 5], [Property: Character.IsDefault (bool) Required, 6], [Property: Character.IsDeleted (bool) Required, 7], [Property: Character.ModifiedTime (DateTime) Required ValueGenerated.OnAdd, 8], [Property: Character.Name (string) Required ValueGenerated.OnAdd, 9], [Property: Character.PolyCount (int?), 10], [Property: Character.PublicForBackgroundDancing (bool) Required, 11], [Property: Character.PublicForCreation (bool) Required, 12], [Property: Character.ReadinessId (long) Required FK Index, 13], [Property: Character.Size (long?), 14], [Property: Character.SortOrder (int) Required, 15], [Property: Character.UploaderUserId (long) Required FK Index ValueGenerated.OnAdd, 16], [Property: Character.Version (Guid) Required, 17] }
        SELECT f.Id, f.CharacterStyleId, f.CreatedTime, f.FilesInfo, f.GenderId, f.GroupId, f.IsDefault, f.IsDeleted, f.ModifiedTime, f.Name, f.PolyCount, f.PublicForBackgroundDancing, f.PublicForCreation, f.ReadinessId, f.Size, f.SortOrder, f.UploaderUserId, f.Version
        FROM with ins as (
    insert into "Character" ("GenderId",
                             "CharacterStyleId",
                             "GroupId",
                             "Name",
                             "FilesInfo",
                             "PublicForCreation",
                             "PublicForBackgroundDancing",
                             "Size",
                             "PolyCount",
                             "IsDefault",
                             "SortOrder")
        values (1,
                1,
                189730,
                'character-189730',
                '[]'::json,
                false,
                false,
                10100,
                2003,
                true,
                1)
        returning *),
     update_main_character as (
         update "User"
             set "MainCharacterId" = (select "Id" from ins)
             where "MainGroupId" in (select "GroupId"
                                     from ins
                                     where "IsDefault" = true))
select *
from ins), 
    null, 
    List&lt;string&gt; { "Id", "CharacterStyleId", "CreatedTime", "FilesInfo", "GenderId", "GroupId", "IsDefault", "IsDeleted", "ModifiedTime", "Name", "PolyCount", "PublicForBackgroundDancing", "PublicForCreation", "ReadinessId", "Size", "SortOrder", "UploaderUserId", "Version" }, 
    Func&lt;QueryContext, DbDataReader, int[], Character&gt;, 
    Frever.Common.IntegrationTesting.TestReadWriteDbContext, 
    False, 
    False, 
    True
)'
Debug [20103]: Creating DbCommand for 'ExecuteReader'.
Debug [20104]: Created DbCommand for 'ExecuteReader' (0ms).
Debug [20106]: Initialized DbCommand for 'ExecuteReader' (0ms).
Debug [20100]: Executing DbCommand [Parameters=[], CommandType='Text', CommandTimeout='60']
with ins as (
    insert into "Character" ("GenderId",
                             "CharacterStyleId",
                             "GroupId",
                             "Name",
                             "FilesInfo",
                             "PublicForCreation",
                             "PublicForBackgroundDancing",
                             "Size",
                             "PolyCount",
                             "IsDefault",
                             "SortOrder")
        values (1,
                1,
                189730,
                'character-189730',
                '[]'::json,
                false,
                false,
                10100,
                2003,
                true,
                1)
        returning *),
     update_main_character as (
         update "User"
             set "MainCharacterId" = (select "Id" from ins)
             where "MainGroupId" in (select "GroupId"
                                     from ins
                                     where "IsDefault" = true))
select *
from ins
Information [20101]: Executed DbCommand (1ms) [Parameters=[], CommandType='Text', CommandTimeout='60']
with ins as (
    insert into "Character" ("GenderId",
                             "CharacterStyleId",
                             "GroupId",
                             "Name",
                             "FilesInfo",
                             "PublicForCreation",
                             "PublicForBackgroundDancing",
                             "Size",
                             "PolyCount",
                             "IsDefault",
                             "SortOrder")
        values (1,
                1,
                189730,
                'character-189730',
                '[]'::json,
                false,
                false,
                10100,
                2003,
                true,
                1)
        returning *),
     update_main_character as (
         update "User"
             set "MainCharacterId" = (select "Id" from ins)
             where "MainGroupId" in (select "GroupId"
                                     from ins
                                     where "IsDefault" = true))
select *
from ins
Debug [10806]: Context 'TestReadWriteDbContext' started tracking 'Character' entity with key '{Id: 305025}'.
Debug [20301]: Closing data reader to 'frevertest' on server 'tcp://postgres-frever-it:5432'.
Debug [20300]: A data reader for 'frevertest' on server 'tcp://postgres-frever-it:5432' is being disposed after spending 0ms reading results.
Debug [10111]: Compiling query expression: 
'DbSet&lt;Character&gt;().FromSql(with ins as (
    insert into "Character" ("GenderId",
                             "CharacterStyleId",
                             "GroupId",
                             "Name",
                             "FilesInfo",
                             "PublicForCreation",
                             "PublicForBackgroundDancing",
                             "Size",
                             "PolyCount",
                             "IsDefault",
                             "SortOrder")
        values (1,
                1,
                189731,
                'character-189731',
                '[]'::json,
                false,
                false,
                10100,
                2003,
                true,
                1)
        returning *),
     update_main_character as (
         update "User"
             set "MainCharacterId" = (select "Id" from ins)
             where "MainGroupId" in (select "GroupId"
                                     from ins
                                     where "IsDefault" = true))
select *
from ins, __p_0)
'
Debug [10107]: Generated query execution expression: 
'queryContext =&gt; new FromSqlQueryingEnumerable&lt;Character&gt;(
    (RelationalQueryContext)queryContext, 
    RelationalCommandCache.QueryExpression(
        Projection Mapping:
            EmptyProjectionMember -&gt; Dictionary&lt;IProperty, int&gt; { [Property: Character.Id (long) Required PK AfterSave:Throw ValueGenerated.OnAdd, 0], [Property: Character.CharacterStyleId (long) Required FK Index, 1], [Property: Character.CreatedTime (DateTime) Required ValueGenerated.OnAdd, 2], [Property: Character.Files (List&lt;FileInfo&gt;), 3], [Property: Character.GenderId (long) Required FK Index, 4], [Property: Character.GroupId (long) Required FK Index, 5], [Property: Character.IsDefault (bool) Required, 6], [Property: Character.IsDeleted (bool) Required, 7], [Property: Character.ModifiedTime (DateTime) Required ValueGenerated.OnAdd, 8], [Property: Character.Name (string) Required ValueGenerated.OnAdd, 9], [Property: Character.PolyCount (int?), 10], [Property: Character.PublicForBackgroundDancing (bool) Required, 11], [Property: Character.PublicForCreation (bool) Required, 12], [Property: Character.ReadinessId (long) Required FK Index, 13], [Property: Character.Size (long?), 14], [Property: Character.SortOrder (int) Required, 15], [Property: Character.UploaderUserId (long) Required FK Index ValueGenerated.OnAdd, 16], [Property: Character.Version (Guid) Required, 17] }
        SELECT f.Id, f.CharacterStyleId, f.CreatedTime, f.FilesInfo, f.GenderId, f.GroupId, f.IsDefault, f.IsDeleted, f.ModifiedTime, f.Name, f.PolyCount, f.PublicForBackgroundDancing, f.PublicForCreation, f.ReadinessId, f.Size, f.SortOrder, f.UploaderUserId, f.Version
        FROM with ins as (
    insert into "Character" ("GenderId",
                             "CharacterStyleId",
                             "GroupId",
                             "Name",
                             "FilesInfo",
                             "PublicForCreation",
                             "PublicForBackgroundDancing",
                             "Size",
                             "PolyCount",
                             "IsDefault",
                             "SortOrder")
        values (1,
                1,
                189731,
                'character-189731',
                '[]'::json,
                false,
                false,
                10100,
                2003,
                true,
                1)
        returning *),
     update_main_character as (
         update "User"
             set "MainCharacterId" = (select "Id" from ins)
             where "MainGroupId" in (select "GroupId"
                                     from ins
                                     where "IsDefault" = true))
select *
from ins), 
    null, 
    List&lt;string&gt; { "Id", "CharacterStyleId", "CreatedTime", "FilesInfo", "GenderId", "GroupId", "IsDefault", "IsDeleted", "ModifiedTime", "Name", "PolyCount", "PublicForBackgroundDancing", "PublicForCreation", "ReadinessId", "Size", "SortOrder", "UploaderUserId", "Version" }, 
    Func&lt;QueryContext, DbDataReader, int[], Character&gt;, 
    Frever.Common.IntegrationTesting.TestReadWriteDbContext, 
    False, 
    False, 
    True
)'
Debug [20103]: Creating DbCommand for 'ExecuteReader'.
Debug [20104]: Created DbCommand for 'ExecuteReader' (0ms).
Debug [20106]: Initialized DbCommand for 'ExecuteReader' (0ms).
Debug [20100]: Executing DbCommand [Parameters=[], CommandType='Text', CommandTimeout='60']
with ins as (
    insert into "Character" ("GenderId",
                             "CharacterStyleId",
                             "GroupId",
                             "Name",
                             "FilesInfo",
                             "PublicForCreation",
                             "PublicForBackgroundDancing",
                             "Size",
                             "PolyCount",
                             "IsDefault",
                             "SortOrder")
        values (1,
                1,
                189731,
                'character-189731',
                '[]'::json,
                false,
                false,
                10100,
                2003,
                true,
                1)
        returning *),
     update_main_character as (
         update "User"
             set "MainCharacterId" = (select "Id" from ins)
             where "MainGroupId" in (select "GroupId"
                                     from ins
                                     where "IsDefault" = true))
select *
from ins
Information [20101]: Executed DbCommand (1ms) [Parameters=[], CommandType='Text', CommandTimeout='60']
with ins as (
    insert into "Character" ("GenderId",
                             "CharacterStyleId",
                             "GroupId",
                             "Name",
                             "FilesInfo",
                             "PublicForCreation",
                             "PublicForBackgroundDancing",
                             "Size",
                             "PolyCount",
                             "IsDefault",
                             "SortOrder")
        values (1,
                1,
                189731,
                'character-189731',
                '[]'::json,
                false,
                false,
                10100,
                2003,
                true,
                1)
        returning *),
     update_main_character as (
         update "User"
             set "MainCharacterId" = (select "Id" from ins)
             where "MainGroupId" in (select "GroupId"
                                     from ins
                                     where "IsDefault" = true))
select *
from ins
Debug [10806]: Context 'TestReadWriteDbContext' started tracking 'Character' entity with key '{Id: 305026}'.
Debug [20301]: Closing data reader to 'frevertest' on server 'tcp://postgres-frever-it:5432'.
Debug [20300]: A data reader for 'frevertest' on server 'tcp://postgres-frever-it:5432' is being disposed after spending 0ms reading results.
Debug [10111]: Compiling query expression: 
'DbSet&lt;Character&gt;().FromSql(with ins as (
    insert into "Character" ("GenderId",
                             "CharacterStyleId",
                             "GroupId",
                             "Name",
                             "FilesInfo",
                             "PublicForCreation",
                             "PublicForBackgroundDancing",
                             "Size",
                             "PolyCount",
                             "IsDefault",
                             "SortOrder")
        values (1,
                1,
                189732,
                'character-189732',
                '[]'::json,
                false,
                false,
                10100,
                2003,
                true,
                1)
        returning *),
     update_main_character as (
         update "User"
             set "MainCharacterId" = (select "Id" from ins)
             where "MainGroupId" in (select "GroupId"
                                     from ins
                                     where "IsDefault" = true))
select *
from ins, __p_0)
'
Debug [10107]: Generated query execution expression: 
'queryContext =&gt; new FromSqlQueryingEnumerable&lt;Character&gt;(
    (RelationalQueryContext)queryContext, 
    RelationalCommandCache.QueryExpression(
        Projection Mapping:
            EmptyProjectionMember -&gt; Dictionary&lt;IProperty, int&gt; { [Property: Character.Id (long) Required PK AfterSave:Throw ValueGenerated.OnAdd, 0], [Property: Character.CharacterStyleId (long) Required FK Index, 1], [Property: Character.CreatedTime (DateTime) Required ValueGenerated.OnAdd, 2], [Property: Character.Files (List&lt;FileInfo&gt;), 3], [Property: Character.GenderId (long) Required FK Index, 4], [Property: Character.GroupId (long) Required FK Index, 5], [Property: Character.IsDefault (bool) Required, 6], [Property: Character.IsDeleted (bool) Required, 7], [Property: Character.ModifiedTime (DateTime) Required ValueGenerated.OnAdd, 8], [Property: Character.Name (string) Required ValueGenerated.OnAdd, 9], [Property: Character.PolyCount (int?), 10], [Property: Character.PublicForBackgroundDancing (bool) Required, 11], [Property: Character.PublicForCreation (bool) Required, 12], [Property: Character.ReadinessId (long) Required FK Index, 13], [Property: Character.Size (long?), 14], [Property: Character.SortOrder (int) Required, 15], [Property: Character.UploaderUserId (long) Required FK Index ValueGenerated.OnAdd, 16], [Property: Character.Version (Guid) Required, 17] }
        SELECT f.Id, f.CharacterStyleId, f.CreatedTime, f.FilesInfo, f.GenderId, f.GroupId, f.IsDefault, f.IsDeleted, f.ModifiedTime, f.Name, f.PolyCount, f.PublicForBackgroundDancing, f.PublicForCreation, f.ReadinessId, f.Size, f.SortOrder, f.UploaderUserId, f.Version
        FROM with ins as (
    insert into "Character" ("GenderId",
                             "CharacterStyleId",
                             "GroupId",
                             "Name",
                             "FilesInfo",
                             "PublicForCreation",
                             "PublicForBackgroundDancing",
                             "Size",
                             "PolyCount",
                             "IsDefault",
                             "SortOrder")
        values (1,
                1,
                189732,
                'character-189732',
                '[]'::json,
                false,
                false,
                10100,
                2003,
                true,
                1)
        returning *),
     update_main_character as (
         update "User"
             set "MainCharacterId" = (select "Id" from ins)
             where "MainGroupId" in (select "GroupId"
                                     from ins
                                     where "IsDefault" = true))
select *
from ins), 
    null, 
    List&lt;string&gt; { "Id", "CharacterStyleId", "CreatedTime", "FilesInfo", "GenderId", "GroupId", "IsDefault", "IsDeleted", "ModifiedTime", "Name", "PolyCount", "PublicForBackgroundDancing", "PublicForCreation", "ReadinessId", "Size", "SortOrder", "UploaderUserId", "Version" }, 
    Func&lt;QueryContext, DbDataReader, int[], Character&gt;, 
    Frever.Common.IntegrationTesting.TestReadWriteDbContext, 
    False, 
    False, 
    True
)'
Debug [20103]: Creating DbCommand for 'ExecuteReader'.
Debug [20104]: Created DbCommand for 'ExecuteReader' (0ms).
Debug [20106]: Initialized DbCommand for 'ExecuteReader' (0ms).
Debug [20100]: Executing DbCommand [Parameters=[], CommandType='Text', CommandTimeout='60']
with ins as (
    insert into "Character" ("GenderId",
                             "CharacterStyleId",
                             "GroupId",
                             "Name",
                             "FilesInfo",
                             "PublicForCreation",
                             "PublicForBackgroundDancing",
                             "Size",
                             "PolyCount",
                             "IsDefault",
                             "SortOrder")
        values (1,
                1,
                189732,
                'character-189732',
                '[]'::json,
                false,
                false,
                10100,
                2003,
                true,
                1)
        returning *),
     update_main_character as (
         update "User"
             set "MainCharacterId" = (select "Id" from ins)
             where "MainGroupId" in (select "GroupId"
                                     from ins
                                     where "IsDefault" = true))
select *
from ins
Information [20101]: Executed DbCommand (1ms) [Parameters=[], CommandType='Text', CommandTimeout='60']
with ins as (
    insert into "Character" ("GenderId",
                             "CharacterStyleId",
                             "GroupId",
                             "Name",
                             "FilesInfo",
                             "PublicForCreation",
                             "PublicForBackgroundDancing",
                             "Size",
                             "PolyCount",
                             "IsDefault",
                             "SortOrder")
        values (1,
                1,
                189732,
                'character-189732',
                '[]'::json,
                false,
                false,
                10100,
                2003,
                true,
                1)
        returning *),
     update_main_character as (
         update "User"
             set "MainCharacterId" = (select "Id" from ins)
             where "MainGroupId" in (select "GroupId"
                                     from ins
                                     where "IsDefault" = true))
select *
from ins
Debug [10806]: Context 'TestReadWriteDbContext' started tracking 'Character' entity with key '{Id: 305027}'.
Debug [20301]: Closing data reader to 'frevertest' on server 'tcp://postgres-frever-it:5432'.
Debug [20300]: A data reader for 'frevertest' on server 'tcp://postgres-frever-it:5432' is being disposed after spending 0ms reading results.
Debug [10111]: Compiling query expression: 
'DbSet&lt;Character&gt;().FromSql(with ins as (
    insert into "Character" ("GenderId",
                             "CharacterStyleId",
                             "GroupId",
                             "Name",
                             "FilesInfo",
                             "PublicForCreation",
                             "PublicForBackgroundDancing",
                             "Size",
                             "PolyCount",
                             "IsDefault",
                             "SortOrder")
        values (1,
                1,
                189733,
                'character-189733',
                '[]'::json,
                false,
                false,
                10100,
                2003,
                true,
                1)
        returning *),
     update_main_character as (
         update "User"
             set "MainCharacterId" = (select "Id" from ins)
             where "MainGroupId" in (select "GroupId"
                                     from ins
                                     where "IsDefault" = true))
select *
from ins, __p_0)
'
Debug [10107]: Generated query execution expression: 
'queryContext =&gt; new FromSqlQueryingEnumerable&lt;Character&gt;(
    (RelationalQueryContext)queryContext, 
    RelationalCommandCache.QueryExpression(
        Projection Mapping:
            EmptyProjectionMember -&gt; Dictionary&lt;IProperty, int&gt; { [Property: Character.Id (long) Required PK AfterSave:Throw ValueGenerated.OnAdd, 0], [Property: Character.CharacterStyleId (long) Required FK Index, 1], [Property: Character.CreatedTime (DateTime) Required ValueGenerated.OnAdd, 2], [Property: Character.Files (List&lt;FileInfo&gt;), 3], [Property: Character.GenderId (long) Required FK Index, 4], [Property: Character.GroupId (long) Required FK Index, 5], [Property: Character.IsDefault (bool) Required, 6], [Property: Character.IsDeleted (bool) Required, 7], [Property: Character.ModifiedTime (DateTime) Required ValueGenerated.OnAdd, 8], [Property: Character.Name (string) Required ValueGenerated.OnAdd, 9], [Property: Character.PolyCount (int?), 10], [Property: Character.PublicForBackgroundDancing (bool) Required, 11], [Property: Character.PublicForCreation (bool) Required, 12], [Property: Character.ReadinessId (long) Required FK Index, 13], [Property: Character.Size (long?), 14], [Property: Character.SortOrder (int) Required, 15], [Property: Character.UploaderUserId (long) Required FK Index ValueGenerated.OnAdd, 16], [Property: Character.Version (Guid) Required, 17] }
        SELECT f.Id, f.CharacterStyleId, f.CreatedTime, f.FilesInfo, f.GenderId, f.GroupId, f.IsDefault, f.IsDeleted, f.ModifiedTime, f.Name, f.PolyCount, f.PublicForBackgroundDancing, f.PublicForCreation, f.ReadinessId, f.Size, f.SortOrder, f.UploaderUserId, f.Version
        FROM with ins as (
    insert into "Character" ("GenderId",
                             "CharacterStyleId",
                             "GroupId",
                             "Name",
                             "FilesInfo",
                             "PublicForCreation",
                             "PublicForBackgroundDancing",
                             "Size",
                             "PolyCount",
                             "IsDefault",
                             "SortOrder")
        values (1,
                1,
                189733,
                'character-189733',
                '[]'::json,
                false,
                false,
                10100,
                2003,
                true,
                1)
        returning *),
     update_main_character as (
         update "User"
             set "MainCharacterId" = (select "Id" from ins)
             where "MainGroupId" in (select "GroupId"
                                     from ins
                                     where "IsDefault" = true))
select *
from ins), 
    null, 
    List&lt;string&gt; { "Id", "CharacterStyleId", "CreatedTime", "FilesInfo", "GenderId", "GroupId", "IsDefault", "IsDeleted", "ModifiedTime", "Name", "PolyCount", "PublicForBackgroundDancing", "PublicForCreation", "ReadinessId", "Size", "SortOrder", "UploaderUserId", "Version" }, 
    Func&lt;QueryContext, DbDataReader, int[], Character&gt;, 
    Frever.Common.IntegrationTesting.TestReadWriteDbContext, 
    False, 
    False, 
    True
)'
Debug [20103]: Creating DbCommand for 'ExecuteReader'.
Debug [20104]: Created DbCommand for 'ExecuteReader' (0ms).
Debug [20106]: Initialized DbCommand for 'ExecuteReader' (0ms).
Debug [20100]: Executing DbCommand [Parameters=[], CommandType='Text', CommandTimeout='60']
with ins as (
    insert into "Character" ("GenderId",
                             "CharacterStyleId",
                             "GroupId",
                             "Name",
                             "FilesInfo",
                             "PublicForCreation",
                             "PublicForBackgroundDancing",
                             "Size",
                             "PolyCount",
                             "IsDefault",
                             "SortOrder")
        values (1,
                1,
                189733,
                'character-189733',
                '[]'::json,
                false,
                false,
                10100,
                2003,
                true,
                1)
        returning *),
     update_main_character as (
         update "User"
             set "MainCharacterId" = (select "Id" from ins)
             where "MainGroupId" in (select "GroupId"
                                     from ins
                                     where "IsDefault" = true))
select *
from ins
Information [20101]: Executed DbCommand (1ms) [Parameters=[], CommandType='Text', CommandTimeout='60']
with ins as (
    insert into "Character" ("GenderId",
                             "CharacterStyleId",
                             "GroupId",
                             "Name",
                             "FilesInfo",
                             "PublicForCreation",
                             "PublicForBackgroundDancing",
                             "Size",
                             "PolyCount",
                             "IsDefault",
                             "SortOrder")
        values (1,
                1,
                189733,
                'character-189733',
                '[]'::json,
                false,
                false,
                10100,
                2003,
                true,
                1)
        returning *),
     update_main_character as (
         update "User"
             set "MainCharacterId" = (select "Id" from ins)
             where "MainGroupId" in (select "GroupId"
                                     from ins
                                     where "IsDefault" = true))
select *
from ins
Debug [10806]: Context 'TestReadWriteDbContext' started tracking 'Character' entity with key '{Id: 305028}'.
Debug [20301]: Closing data reader to 'frevertest' on server 'tcp://postgres-frever-it:5432'.
Debug [20300]: A data reader for 'frevertest' on server 'tcp://postgres-frever-it:5432' is being disposed after spending 0ms reading results.
Debug [10111]: Compiling query expression: 
'DbSet&lt;Character&gt;().FromSql(with ins as (
    insert into "Character" ("GenderId",
                             "CharacterStyleId",
                             "GroupId",
                             "Name",
                             "FilesInfo",
                             "PublicForCreation",
                             "PublicForBackgroundDancing",
                             "Size",
                             "PolyCount",
                             "IsDefault",
                             "SortOrder")
        values (1,
                1,
                189734,
                'character-189734',
                '[]'::json,
                false,
                false,
                10100,
                2003,
                true,
                1)
        returning *),
     update_main_character as (
         update "User"
             set "MainCharacterId" = (select "Id" from ins)
             where "MainGroupId" in (select "GroupId"
                                     from ins
                                     where "IsDefault" = true))
select *
from ins, __p_0)
'
Debug [10107]: Generated query execution expression: 
'queryContext =&gt; new FromSqlQueryingEnumerable&lt;Character&gt;(
    (RelationalQueryContext)queryContext, 
    RelationalCommandCache.QueryExpression(
        Projection Mapping:
            EmptyProjectionMember -&gt; Dictionary&lt;IProperty, int&gt; { [Property: Character.Id (long) Required PK AfterSave:Throw ValueGenerated.OnAdd, 0], [Property: Character.CharacterStyleId (long) Required FK Index, 1], [Property: Character.CreatedTime (DateTime) Required ValueGenerated.OnAdd, 2], [Property: Character.Files (List&lt;FileInfo&gt;), 3], [Property: Character.GenderId (long) Required FK Index, 4], [Property: Character.GroupId (long) Required FK Index, 5], [Property: Character.IsDefault (bool) Required, 6], [Property: Character.IsDeleted (bool) Required, 7], [Property: Character.ModifiedTime (DateTime) Required ValueGenerated.OnAdd, 8], [Property: Character.Name (string) Required ValueGenerated.OnAdd, 9], [Property: Character.PolyCount (int?), 10], [Property: Character.PublicForBackgroundDancing (bool) Required, 11], [Property: Character.PublicForCreation (bool) Required, 12], [Property: Character.ReadinessId (long) Required FK Index, 13], [Property: Character.Size (long?), 14], [Property: Character.SortOrder (int) Required, 15], [Property: Character.UploaderUserId (long) Required FK Index ValueGenerated.OnAdd, 16], [Property: Character.Version (Guid) Required, 17] }
        SELECT f.Id, f.CharacterStyleId, f.CreatedTime, f.FilesInfo, f.GenderId, f.GroupId, f.IsDefault, f.IsDeleted, f.ModifiedTime, f.Name, f.PolyCount, f.PublicForBackgroundDancing, f.PublicForCreation, f.ReadinessId, f.Size, f.SortOrder, f.UploaderUserId, f.Version
        FROM with ins as (
    insert into "Character" ("GenderId",
                             "CharacterStyleId",
                             "GroupId",
                             "Name",
                             "FilesInfo",
                             "PublicForCreation",
                             "PublicForBackgroundDancing",
                             "Size",
                             "PolyCount",
                             "IsDefault",
                             "SortOrder")
        values (1,
                1,
                189734,
                'character-189734',
                '[]'::json,
                false,
                false,
                10100,
                2003,
                true,
                1)
        returning *),
     update_main_character as (
         update "User"
             set "MainCharacterId" = (select "Id" from ins)
             where "MainGroupId" in (select "GroupId"
                                     from ins
                                     where "IsDefault" = true))
select *
from ins), 
    null, 
    List&lt;string&gt; { "Id", "CharacterStyleId", "CreatedTime", "FilesInfo", "GenderId", "GroupId", "IsDefault", "IsDeleted", "ModifiedTime", "Name", "PolyCount", "PublicForBackgroundDancing", "PublicForCreation", "ReadinessId", "Size", "SortOrder", "UploaderUserId", "Version" }, 
    Func&lt;QueryContext, DbDataReader, int[], Character&gt;, 
    Frever.Common.IntegrationTesting.TestReadWriteDbContext, 
    False, 
    False, 
    True
)'
Debug [20103]: Creating DbCommand for 'ExecuteReader'.
Debug [20104]: Created DbCommand for 'ExecuteReader' (0ms).
Debug [20106]: Initialized DbCommand for 'ExecuteReader' (0ms).
Debug [20100]: Executing DbCommand [Parameters=[], CommandType='Text', CommandTimeout='60']
with ins as (
    insert into "Character" ("GenderId",
                             "CharacterStyleId",
                             "GroupId",
                             "Name",
                             "FilesInfo",
                             "PublicForCreation",
                             "PublicForBackgroundDancing",
                             "Size",
                             "PolyCount",
                             "IsDefault",
                             "SortOrder")
        values (1,
                1,
                189734,
                'character-189734',
                '[]'::json,
                false,
                false,
                10100,
                2003,
                true,
                1)
        returning *),
     update_main_character as (
         update "User"
             set "MainCharacterId" = (select "Id" from ins)
             where "MainGroupId" in (select "GroupId"
                                     from ins
                                     where "IsDefault" = true))
select *
from ins
Information [20101]: Executed DbCommand (1ms) [Parameters=[], CommandType='Text', CommandTimeout='60']
with ins as (
    insert into "Character" ("GenderId",
                             "CharacterStyleId",
                             "GroupId",
                             "Name",
                             "FilesInfo",
                             "PublicForCreation",
                             "PublicForBackgroundDancing",
                             "Size",
                             "PolyCount",
                             "IsDefault",
                             "SortOrder")
        values (1,
                1,
                189734,
                'character-189734',
                '[]'::json,
                false,
                false,
                10100,
                2003,
                true,
                1)
        returning *),
     update_main_character as (
         update "User"
             set "MainCharacterId" = (select "Id" from ins)
             where "MainGroupId" in (select "GroupId"
                                     from ins
                                     where "IsDefault" = true))
select *
from ins
Debug [10806]: Context 'TestReadWriteDbContext' started tracking 'Character' entity with key '{Id: 305029}'.
Debug [20301]: Closing data reader to 'frevertest' on server 'tcp://postgres-frever-it:5432'.
Debug [20300]: A data reader for 'frevertest' on server 'tcp://postgres-frever-it:5432' is being disposed after spending 0ms reading results.
Debug [10111]: Compiling query expression: 
'DbSet&lt;Character&gt;().FromSql(with ins as (
    insert into "Character" ("GenderId",
                             "CharacterStyleId",
                             "GroupId",
                             "Name",
                             "FilesInfo",
                             "PublicForCreation",
                             "PublicForBackgroundDancing",
                             "Size",
                             "PolyCount",
                             "IsDefault",
                             "SortOrder")
        values (1,
                1,
                189735,
                'character-189735',
                '[]'::json,
                false,
                false,
                10100,
                2003,
                true,
                1)
        returning *),
     update_main_character as (
         update "User"
             set "MainCharacterId" = (select "Id" from ins)
             where "MainGroupId" in (select "GroupId"
                                     from ins
                                     where "IsDefault" = true))
select *
from ins, __p_0)
'
Debug [10107]: Generated query execution expression: 
'queryContext =&gt; new FromSqlQueryingEnumerable&lt;Character&gt;(
    (RelationalQueryContext)queryContext, 
    RelationalCommandCache.QueryExpression(
        Projection Mapping:
            EmptyProjectionMember -&gt; Dictionary&lt;IProperty, int&gt; { [Property: Character.Id (long) Required PK AfterSave:Throw ValueGenerated.OnAdd, 0], [Property: Character.CharacterStyleId (long) Required FK Index, 1], [Property: Character.CreatedTime (DateTime) Required ValueGenerated.OnAdd, 2], [Property: Character.Files (List&lt;FileInfo&gt;), 3], [Property: Character.GenderId (long) Required FK Index, 4], [Property: Character.GroupId (long) Required FK Index, 5], [Property: Character.IsDefault (bool) Required, 6], [Property: Character.IsDeleted (bool) Required, 7], [Property: Character.ModifiedTime (DateTime) Required ValueGenerated.OnAdd, 8], [Property: Character.Name (string) Required ValueGenerated.OnAdd, 9], [Property: Character.PolyCount (int?), 10], [Property: Character.PublicForBackgroundDancing (bool) Required, 11], [Property: Character.PublicForCreation (bool) Required, 12], [Property: Character.ReadinessId (long) Required FK Index, 13], [Property: Character.Size (long?), 14], [Property: Character.SortOrder (int) Required, 15], [Property: Character.UploaderUserId (long) Required FK Index ValueGenerated.OnAdd, 16], [Property: Character.Version (Guid) Required, 17] }
        SELECT f.Id, f.CharacterStyleId, f.CreatedTime, f.FilesInfo, f.GenderId, f.GroupId, f.IsDefault, f.IsDeleted, f.ModifiedTime, f.Name, f.PolyCount, f.PublicForBackgroundDancing, f.PublicForCreation, f.ReadinessId, f.Size, f.SortOrder, f.UploaderUserId, f.Version
        FROM with ins as (
    insert into "Character" ("GenderId",
                             "CharacterStyleId",
                             "GroupId",
                             "Name",
                             "FilesInfo",
                             "PublicForCreation",
                             "PublicForBackgroundDancing",
                             "Size",
                             "PolyCount",
                             "IsDefault",
                             "SortOrder")
        values (1,
                1,
                189735,
                'character-189735',
                '[]'::json,
                false,
                false,
                10100,
                2003,
                true,
                1)
        returning *),
     update_main_character as (
         update "User"
             set "MainCharacterId" = (select "Id" from ins)
             where "MainGroupId" in (select "GroupId"
                                     from ins
                                     where "IsDefault" = true))
select *
from ins), 
    null, 
    List&lt;string&gt; { "Id", "CharacterStyleId", "CreatedTime", "FilesInfo", "GenderId", "GroupId", "IsDefault", "IsDeleted", "ModifiedTime", "Name", "PolyCount", "PublicForBackgroundDancing", "PublicForCreation", "ReadinessId", "Size", "SortOrder", "UploaderUserId", "Version" }, 
    Func&lt;QueryContext, DbDataReader, int[], Character&gt;, 
    Frever.Common.IntegrationTesting.TestReadWriteDbContext, 
    False, 
    False, 
    True
)'
Debug [20103]: Creating DbCommand for 'ExecuteReader'.
Debug [20104]: Created DbCommand for 'ExecuteReader' (0ms).
Debug [20106]: Initialized DbCommand for 'ExecuteReader' (0ms).
Debug [20100]: Executing DbCommand [Parameters=[], CommandType='Text', CommandTimeout='60']
with ins as (
    insert into "Character" ("GenderId",
                             "CharacterStyleId",
                             "GroupId",
                             "Name",
                             "FilesInfo",
                             "PublicForCreation",
                             "PublicForBackgroundDancing",
                             "Size",
                             "PolyCount",
                             "IsDefault",
                             "SortOrder")
        values (1,
                1,
                189735,
                'character-189735',
                '[]'::json,
                false,
                false,
                10100,
                2003,
                true,
                1)
        returning *),
     update_main_character as (
         update "User"
             set "MainCharacterId" = (select "Id" from ins)
             where "MainGroupId" in (select "GroupId"
                                     from ins
                                     where "IsDefault" = true))
select *
from ins
Information [20101]: Executed DbCommand (1ms) [Parameters=[], CommandType='Text', CommandTimeout='60']
with ins as (
    insert into "Character" ("GenderId",
                             "CharacterStyleId",
                             "GroupId",
                             "Name",
                             "FilesInfo",
                             "PublicForCreation",
                             "PublicForBackgroundDancing",
                             "Size",
                             "PolyCount",
                             "IsDefault",
                             "SortOrder")
        values (1,
                1,
                189735,
                'character-189735',
                '[]'::json,
                false,
                false,
                10100,
                2003,
                true,
                1)
        returning *),
     update_main_character as (
         update "User"
             set "MainCharacterId" = (select "Id" from ins)
             where "MainGroupId" in (select "GroupId"
                                     from ins
                                     where "IsDefault" = true))
select *
from ins
Debug [10806]: Context 'TestReadWriteDbContext' started tracking 'Character' entity with key '{Id: 305030}'.
Debug [20301]: Closing data reader to 'frevertest' on server 'tcp://postgres-frever-it:5432'.
Debug [20300]: A data reader for 'frevertest' on server 'tcp://postgres-frever-it:5432' is being disposed after spending 0ms reading results.
Debug [10111]: Compiling query expression: 
'DbSet&lt;Character&gt;().FromSql(with ins as (
    insert into "Character" ("GenderId",
                             "CharacterStyleId",
                             "GroupId",
                             "Name",
                             "FilesInfo",
                             "PublicForCreation",
                             "PublicForBackgroundDancing",
                             "Size",
                             "PolyCount",
                             "IsDefault",
                             "SortOrder")
        values (1,
                1,
                189736,
                'character-189736',
                '[]'::json,
                false,
                false,
                10100,
                2003,
                true,
                1)
        returning *),
     update_main_character as (
         update "User"
             set "MainCharacterId" = (select "Id" from ins)
             where "MainGroupId" in (select "GroupId"
                                     from ins
                                     where "IsDefault" = true))
select *
from ins, __p_0)
'
Debug [10107]: Generated query execution expression: 
'queryContext =&gt; new FromSqlQueryingEnumerable&lt;Character&gt;(
    (RelationalQueryContext)queryContext, 
    RelationalCommandCache.QueryExpression(
        Projection Mapping:
            EmptyProjectionMember -&gt; Dictionary&lt;IProperty, int&gt; { [Property: Character.Id (long) Required PK AfterSave:Throw ValueGenerated.OnAdd, 0], [Property: Character.CharacterStyleId (long) Required FK Index, 1], [Property: Character.CreatedTime (DateTime) Required ValueGenerated.OnAdd, 2], [Property: Character.Files (List&lt;FileInfo&gt;), 3], [Property: Character.GenderId (long) Required FK Index, 4], [Property: Character.GroupId (long) Required FK Index, 5], [Property: Character.IsDefault (bool) Required, 6], [Property: Character.IsDeleted (bool) Required, 7], [Property: Character.ModifiedTime (DateTime) Required ValueGenerated.OnAdd, 8], [Property: Character.Name (string) Required ValueGenerated.OnAdd, 9], [Property: Character.PolyCount (int?), 10], [Property: Character.PublicForBackgroundDancing (bool) Required, 11], [Property: Character.PublicForCreation (bool) Required, 12], [Property: Character.ReadinessId (long) Required FK Index, 13], [Property: Character.Size (long?), 14], [Property: Character.SortOrder (int) Required, 15], [Property: Character.UploaderUserId (long) Required FK Index ValueGenerated.OnAdd, 16], [Property: Character.Version (Guid) Required, 17] }
        SELECT f.Id, f.CharacterStyleId, f.CreatedTime, f.FilesInfo, f.GenderId, f.GroupId, f.IsDefault, f.IsDeleted, f.ModifiedTime, f.Name, f.PolyCount, f.PublicForBackgroundDancing, f.PublicForCreation, f.ReadinessId, f.Size, f.SortOrder, f.UploaderUserId, f.Version
        FROM with ins as (
    insert into "Character" ("GenderId",
                             "CharacterStyleId",
                             "GroupId",
                             "Name",
                             "FilesInfo",
                             "PublicForCreation",
                             "PublicForBackgroundDancing",
                             "Size",
                             "PolyCount",
                             "IsDefault",
                             "SortOrder")
        values (1,
                1,
                189736,
                'character-189736',
                '[]'::json,
                false,
                false,
                10100,
                2003,
                true,
                1)
        returning *),
     update_main_character as (
         update "User"
             set "MainCharacterId" = (select "Id" from ins)
             where "MainGroupId" in (select "GroupId"
                                     from ins
                                     where "IsDefault" = true))
select *
from ins), 
    null, 
    List&lt;string&gt; { "Id", "CharacterStyleId", "CreatedTime", "FilesInfo", "GenderId", "GroupId", "IsDefault", "IsDeleted", "ModifiedTime", "Name", "PolyCount", "PublicForBackgroundDancing", "PublicForCreation", "ReadinessId", "Size", "SortOrder", "UploaderUserId", "Version" }, 
    Func&lt;QueryContext, DbDataReader, int[], Character&gt;, 
    Frever.Common.IntegrationTesting.TestReadWriteDbContext, 
    False, 
    False, 
    True
)'
Debug [20103]: Creating DbCommand for 'ExecuteReader'.
Debug [20104]: Created DbCommand for 'ExecuteReader' (0ms).
Debug [20106]: Initialized DbCommand for 'ExecuteReader' (0ms).
Debug [20100]: Executing DbCommand [Parameters=[], CommandType='Text', CommandTimeout='60']
with ins as (
    insert into "Character" ("GenderId",
                             "CharacterStyleId",
                             "GroupId",
                             "Name",
                             "FilesInfo",
                             "PublicForCreation",
                             "PublicForBackgroundDancing",
                             "Size",
                             "PolyCount",
                             "IsDefault",
                             "SortOrder")
        values (1,
                1,
                189736,
                'character-189736',
                '[]'::json,
                false,
                false,
                10100,
                2003,
                true,
                1)
        returning *),
     update_main_character as (
         update "User"
             set "MainCharacterId" = (select "Id" from ins)
             where "MainGroupId" in (select "GroupId"
                                     from ins
                                     where "IsDefault" = true))
select *
from ins
Information [20101]: Executed DbCommand (1ms) [Parameters=[], CommandType='Text', CommandTimeout='60']
with ins as (
    insert into "Character" ("GenderId",
                             "CharacterStyleId",
                             "GroupId",
                             "Name",
                             "FilesInfo",
                             "PublicForCreation",
                             "PublicForBackgroundDancing",
                             "Size",
                             "PolyCount",
                             "IsDefault",
                             "SortOrder")
        values (1,
                1,
                189736,
                'character-189736',
                '[]'::json,
                false,
                false,
                10100,
                2003,
                true,
                1)
        returning *),
     update_main_character as (
         update "User"
             set "MainCharacterId" = (select "Id" from ins)
             where "MainGroupId" in (select "GroupId"
                                     from ins
                                     where "IsDefault" = true))
select *
from ins
Debug [10806]: Context 'TestReadWriteDbContext' started tracking 'Character' entity with key '{Id: 305031}'.
Debug [20301]: Closing data reader to 'frevertest' on server 'tcp://postgres-frever-it:5432'.
Debug [20300]: A data reader for 'frevertest' on server 'tcp://postgres-frever-it:5432' is being disposed after spending 0ms reading results.
Debug [10111]: Compiling query expression: 
'DbSet&lt;Character&gt;().FromSql(with ins as (
    insert into "Character" ("GenderId",
                             "CharacterStyleId",
                             "GroupId",
                             "Name",
                             "FilesInfo",
                             "PublicForCreation",
                             "PublicForBackgroundDancing",
                             "Size",
                             "PolyCount",
                             "IsDefault",
                             "SortOrder")
        values (1,
                1,
                189737,
                'character-189737',
                '[]'::json,
                false,
                false,
                10100,
                2003,
                true,
                1)
        returning *),
     update_main_character as (
         update "User"
             set "MainCharacterId" = (select "Id" from ins)
             where "MainGroupId" in (select "GroupId"
                                     from ins
                                     where "IsDefault" = true))
select *
from ins, __p_0)
'
Debug [10107]: Generated query execution expression: 
'queryContext =&gt; new FromSqlQueryingEnumerable&lt;Character&gt;(
    (RelationalQueryContext)queryContext, 
    RelationalCommandCache.QueryExpression(
        Projection Mapping:
            EmptyProjectionMember -&gt; Dictionary&lt;IProperty, int&gt; { [Property: Character.Id (long) Required PK AfterSave:Throw ValueGenerated.OnAdd, 0], [Property: Character.CharacterStyleId (long) Required FK Index, 1], [Property: Character.CreatedTime (DateTime) Required ValueGenerated.OnAdd, 2], [Property: Character.Files (List&lt;FileInfo&gt;), 3], [Property: Character.GenderId (long) Required FK Index, 4], [Property: Character.GroupId (long) Required FK Index, 5], [Property: Character.IsDefault (bool) Required, 6], [Property: Character.IsDeleted (bool) Required, 7], [Property: Character.ModifiedTime (DateTime) Required ValueGenerated.OnAdd, 8], [Property: Character.Name (string) Required ValueGenerated.OnAdd, 9], [Property: Character.PolyCount (int?), 10], [Property: Character.PublicForBackgroundDancing (bool) Required, 11], [Property: Character.PublicForCreation (bool) Required, 12], [Property: Character.ReadinessId (long) Required FK Index, 13], [Property: Character.Size (long?), 14], [Property: Character.SortOrder (int) Required, 15], [Property: Character.UploaderUserId (long) Required FK Index ValueGenerated.OnAdd, 16], [Property: Character.Version (Guid) Required, 17] }
        SELECT f.Id, f.CharacterStyleId, f.CreatedTime, f.FilesInfo, f.GenderId, f.GroupId, f.IsDefault, f.IsDeleted, f.ModifiedTime, f.Name, f.PolyCount, f.PublicForBackgroundDancing, f.PublicForCreation, f.ReadinessId, f.Size, f.SortOrder, f.UploaderUserId, f.Version
        FROM with ins as (
    insert into "Character" ("GenderId",
                             "CharacterStyleId",
                             "GroupId",
                             "Name",
                             "FilesInfo",
                             "PublicForCreation",
                             "PublicForBackgroundDancing",
                             "Size",
                             "PolyCount",
                             "IsDefault",
                             "SortOrder")
        values (1,
                1,
                189737,
                'character-189737',
                '[]'::json,
                false,
                false,
                10100,
                2003,
                true,
                1)
        returning *),
     update_main_character as (
         update "User"
             set "MainCharacterId" = (select "Id" from ins)
             where "MainGroupId" in (select "GroupId"
                                     from ins
                                     where "IsDefault" = true))
select *
from ins), 
    null, 
    List&lt;string&gt; { "Id", "CharacterStyleId", "CreatedTime", "FilesInfo", "GenderId", "GroupId", "IsDefault", "IsDeleted", "ModifiedTime", "Name", "PolyCount", "PublicForBackgroundDancing", "PublicForCreation", "ReadinessId", "Size", "SortOrder", "UploaderUserId", "Version" }, 
    Func&lt;QueryContext, DbDataReader, int[], Character&gt;, 
    Frever.Common.IntegrationTesting.TestReadWriteDbContext, 
    False, 
    False, 
    True
)'
Debug [20103]: Creating DbCommand for 'ExecuteReader'.
Debug [20104]: Created DbCommand for 'ExecuteReader' (0ms).
Debug [20106]: Initialized DbCommand for 'ExecuteReader' (0ms).
Debug [20100]: Executing DbCommand [Parameters=[], CommandType='Text', CommandTimeout='60']
with ins as (
    insert into "Character" ("GenderId",
                             "CharacterStyleId",
                             "GroupId",
                             "Name",
                             "FilesInfo",
                             "PublicForCreation",
                             "PublicForBackgroundDancing",
                             "Size",
                             "PolyCount",
                             "IsDefault",
                             "SortOrder")
        values (1,
                1,
                189737,
                'character-189737',
                '[]'::json,
                false,
                false,
                10100,
                2003,
                true,
                1)
        returning *),
     update_main_character as (
         update "User"
             set "MainCharacterId" = (select "Id" from ins)
             where "MainGroupId" in (select "GroupId"
                                     from ins
                                     where "IsDefault" = true))
select *
from ins
Information [20101]: Executed DbCommand (1ms) [Parameters=[], CommandType='Text', CommandTimeout='60']
with ins as (
    insert into "Character" ("GenderId",
                             "CharacterStyleId",
                             "GroupId",
                             "Name",
                             "FilesInfo",
                             "PublicForCreation",
                             "PublicForBackgroundDancing",
                             "Size",
                             "PolyCount",
                             "IsDefault",
                             "SortOrder")
        values (1,
                1,
                189737,
                'character-189737',
                '[]'::json,
                false,
                false,
                10100,
                2003,
                true,
                1)
        returning *),
     update_main_character as (
         update "User"
             set "MainCharacterId" = (select "Id" from ins)
             where "MainGroupId" in (select "GroupId"
                                     from ins
                                     where "IsDefault" = true))
select *
from ins
Debug [10806]: Context 'TestReadWriteDbContext' started tracking 'Character' entity with key '{Id: 305032}'.
Debug [20301]: Closing data reader to 'frevertest' on server 'tcp://postgres-frever-it:5432'.
Debug [20300]: A data reader for 'frevertest' on server 'tcp://postgres-frever-it:5432' is being disposed after spending 0ms reading results.
Debug [10111]: Compiling query expression: 
'DbSet&lt;Character&gt;().FromSql(with ins as (
    insert into "Character" ("GenderId",
                             "CharacterStyleId",
                             "GroupId",
                             "Name",
                             "FilesInfo",
                             "PublicForCreation",
                             "PublicForBackgroundDancing",
                             "Size",
                             "PolyCount",
                             "IsDefault",
                             "SortOrder")
        values (1,
                1,
                189738,
                'character-189738',
                '[]'::json,
                false,
                false,
                10100,
                2003,
                true,
                1)
        returning *),
     update_main_character as (
         update "User"
             set "MainCharacterId" = (select "Id" from ins)
             where "MainGroupId" in (select "GroupId"
                                     from ins
                                     where "IsDefault" = true))
select *
from ins, __p_0)
'
Debug [10107]: Generated query execution expression: 
'queryContext =&gt; new FromSqlQueryingEnumerable&lt;Character&gt;(
    (RelationalQueryContext)queryContext, 
    RelationalCommandCache.QueryExpression(
        Projection Mapping:
            EmptyProjectionMember -&gt; Dictionary&lt;IProperty, int&gt; { [Property: Character.Id (long) Required PK AfterSave:Throw ValueGenerated.OnAdd, 0], [Property: Character.CharacterStyleId (long) Required FK Index, 1], [Property: Character.CreatedTime (DateTime) Required ValueGenerated.OnAdd, 2], [Property: Character.Files (List&lt;FileInfo&gt;), 3], [Property: Character.GenderId (long) Required FK Index, 4], [Property: Character.GroupId (long) Required FK Index, 5], [Property: Character.IsDefault (bool) Required, 6], [Property: Character.IsDeleted (bool) Required, 7], [Property: Character.ModifiedTime (DateTime) Required ValueGenerated.OnAdd, 8], [Property: Character.Name (string) Required ValueGenerated.OnAdd, 9], [Property: Character.PolyCount (int?), 10], [Property: Character.PublicForBackgroundDancing (bool) Required, 11], [Property: Character.PublicForCreation (bool) Required, 12], [Property: Character.ReadinessId (long) Required FK Index, 13], [Property: Character.Size (long?), 14], [Property: Character.SortOrder (int) Required, 15], [Property: Character.UploaderUserId (long) Required FK Index ValueGenerated.OnAdd, 16], [Property: Character.Version (Guid) Required, 17] }
        SELECT f.Id, f.CharacterStyleId, f.CreatedTime, f.FilesInfo, f.GenderId, f.GroupId, f.IsDefault, f.IsDeleted, f.ModifiedTime, f.Name, f.PolyCount, f.PublicForBackgroundDancing, f.PublicForCreation, f.ReadinessId, f.Size, f.SortOrder, f.UploaderUserId, f.Version
        FROM with ins as (
    insert into "Character" ("GenderId",
                             "CharacterStyleId",
                             "GroupId",
                             "Name",
                             "FilesInfo",
                             "PublicForCreation",
                             "PublicForBackgroundDancing",
                             "Size",
                             "PolyCount",
                             "IsDefault",
                             "SortOrder")
        values (1,
                1,
                189738,
                'character-189738',
                '[]'::json,
                false,
                false,
                10100,
                2003,
                true,
                1)
        returning *),
     update_main_character as (
         update "User"
             set "MainCharacterId" = (select "Id" from ins)
             where "MainGroupId" in (select "GroupId"
                                     from ins
                                     where "IsDefault" = true))
select *
from ins), 
    null, 
    List&lt;string&gt; { "Id", "CharacterStyleId", "CreatedTime", "FilesInfo", "GenderId", "GroupId", "IsDefault", "IsDeleted", "ModifiedTime", "Name", "PolyCount", "PublicForBackgroundDancing", "PublicForCreation", "ReadinessId", "Size", "SortOrder", "UploaderUserId", "Version" }, 
    Func&lt;QueryContext, DbDataReader, int[], Character&gt;, 
    Frever.Common.IntegrationTesting.TestReadWriteDbContext, 
    False, 
    False, 
    True
)'
Debug [20103]: Creating DbCommand for 'ExecuteReader'.
Debug [20104]: Created DbCommand for 'ExecuteReader' (0ms).
Debug [20106]: Initialized DbCommand for 'ExecuteReader' (0ms).
Debug [20100]: Executing DbCommand [Parameters=[], CommandType='Text', CommandTimeout='60']
with ins as (
    insert into "Character" ("GenderId",
                             "CharacterStyleId",
                             "GroupId",
                             "Name",
                             "FilesInfo",
                             "PublicForCreation",
                             "PublicForBackgroundDancing",
                             "Size",
                             "PolyCount",
                             "IsDefault",
                             "SortOrder")
        values (1,
                1,
                189738,
                'character-189738',
                '[]'::json,
                false,
                false,
                10100,
                2003,
                true,
                1)
        returning *),
     update_main_character as (
         update "User"
             set "MainCharacterId" = (select "Id" from ins)
             where "MainGroupId" in (select "GroupId"
                                     from ins
                                     where "IsDefault" = true))
select *
from ins
Information [20101]: Executed DbCommand (1ms) [Parameters=[], CommandType='Text', CommandTimeout='60']
with ins as (
    insert into "Character" ("GenderId",
                             "CharacterStyleId",
                             "GroupId",
                             "Name",
                             "FilesInfo",
                             "PublicForCreation",
                             "PublicForBackgroundDancing",
                             "Size",
                             "PolyCount",
                             "IsDefault",
                             "SortOrder")
        values (1,
                1,
                189738,
                'character-189738',
                '[]'::json,
                false,
                false,
                10100,
                2003,
                true,
                1)
        returning *),
     update_main_character as (
         update "User"
             set "MainCharacterId" = (select "Id" from ins)
             where "MainGroupId" in (select "GroupId"
                                     from ins
                                     where "IsDefault" = true))
select *
from ins
Debug [10806]: Context 'TestReadWriteDbContext' started tracking 'Character' entity with key '{Id: 305033}'.
Debug [20301]: Closing data reader to 'frevertest' on server 'tcp://postgres-frever-it:5432'.
Debug [20300]: A data reader for 'frevertest' on server 'tcp://postgres-frever-it:5432' is being disposed after spending 0ms reading results.
Debug [10111]: Compiling query expression: 
'DbSet&lt;Character&gt;().FromSql(with ins as (
    insert into "Character" ("GenderId",
                             "CharacterStyleId",
                             "GroupId",
                             "Name",
                             "FilesInfo",
                             "PublicForCreation",
                             "PublicForBackgroundDancing",
                             "Size",
                             "PolyCount",
                             "IsDefault",
                             "SortOrder")
        values (1,
                1,
                189739,
                'character-189739',
                '[]'::json,
                false,
                false,
                10100,
                2003,
                true,
                1)
        returning *),
     update_main_character as (
         update "User"
             set "MainCharacterId" = (select "Id" from ins)
             where "MainGroupId" in (select "GroupId"
                                     from ins
                                     where "IsDefault" = true))
select *
from ins, __p_0)
'
Debug [10107]: Generated query execution expression: 
'queryContext =&gt; new FromSqlQueryingEnumerable&lt;Character&gt;(
    (RelationalQueryContext)queryContext, 
    RelationalCommandCache.QueryExpression(
        Projection Mapping:
            EmptyProjectionMember -&gt; Dictionary&lt;IProperty, int&gt; { [Property: Character.Id (long) Required PK AfterSave:Throw ValueGenerated.OnAdd, 0], [Property: Character.CharacterStyleId (long) Required FK Index, 1], [Property: Character.CreatedTime (DateTime) Required ValueGenerated.OnAdd, 2], [Property: Character.Files (List&lt;FileInfo&gt;), 3], [Property: Character.GenderId (long) Required FK Index, 4], [Property: Character.GroupId (long) Required FK Index, 5], [Property: Character.IsDefault (bool) Required, 6], [Property: Character.IsDeleted (bool) Required, 7], [Property: Character.ModifiedTime (DateTime) Required ValueGenerated.OnAdd, 8], [Property: Character.Name (string) Required ValueGenerated.OnAdd, 9], [Property: Character.PolyCount (int?), 10], [Property: Character.PublicForBackgroundDancing (bool) Required, 11], [Property: Character.PublicForCreation (bool) Required, 12], [Property: Character.ReadinessId (long) Required FK Index, 13], [Property: Character.Size (long?), 14], [Property: Character.SortOrder (int) Required, 15], [Property: Character.UploaderUserId (long) Required FK Index ValueGenerated.OnAdd, 16], [Property: Character.Version (Guid) Required, 17] }
        SELECT f.Id, f.CharacterStyleId, f.CreatedTime, f.FilesInfo, f.GenderId, f.GroupId, f.IsDefault, f.IsDeleted, f.ModifiedTime, f.Name, f.PolyCount, f.PublicForBackgroundDancing, f.PublicForCreation, f.ReadinessId, f.Size, f.SortOrder, f.UploaderUserId, f.Version
        FROM with ins as (
    insert into "Character" ("GenderId",
                             "CharacterStyleId",
                             "GroupId",
                             "Name",
                             "FilesInfo",
                             "PublicForCreation",
                             "PublicForBackgroundDancing",
                             "Size",
                             "PolyCount",
                             "IsDefault",
                             "SortOrder")
        values (1,
                1,
                189739,
                'character-189739',
                '[]'::json,
                false,
                false,
                10100,
                2003,
                true,
                1)
        returning *),
     update_main_character as (
         update "User"
             set "MainCharacterId" = (select "Id" from ins)
             where "MainGroupId" in (select "GroupId"
                                     from ins
                                     where "IsDefault" = true))
select *
from ins), 
    null, 
    List&lt;string&gt; { "Id", "CharacterStyleId", "CreatedTime", "FilesInfo", "GenderId", "GroupId", "IsDefault", "IsDeleted", "ModifiedTime", "Name", "PolyCount", "PublicForBackgroundDancing", "PublicForCreation", "ReadinessId", "Size", "SortOrder", "UploaderUserId", "Version" }, 
    Func&lt;QueryContext, DbDataReader, int[], Character&gt;, 
    Frever.Common.IntegrationTesting.TestReadWriteDbContext, 
    False, 
    False, 
    True
)'
Debug [20103]: Creating DbCommand for 'ExecuteReader'.
Debug [20104]: Created DbCommand for 'ExecuteReader' (0ms).
Debug [20106]: Initialized DbCommand for 'ExecuteReader' (0ms).
Debug [20100]: Executing DbCommand [Parameters=[], CommandType='Text', CommandTimeout='60']
with ins as (
    insert into "Character" ("GenderId",
                             "CharacterStyleId",
                             "GroupId",
                             "Name",
                             "FilesInfo",
                             "PublicForCreation",
                             "PublicForBackgroundDancing",
                             "Size",
                             "PolyCount",
                             "IsDefault",
                             "SortOrder")
        values (1,
                1,
                189739,
                'character-189739',
                '[]'::json,
                false,
                false,
                10100,
                2003,
                true,
                1)
        returning *),
     update_main_character as (
         update "User"
             set "MainCharacterId" = (select "Id" from ins)
             where "MainGroupId" in (select "GroupId"
                                     from ins
                                     where "IsDefault" = true))
select *
from ins
Information [20101]: Executed DbCommand (1ms) [Parameters=[], CommandType='Text', CommandTimeout='60']
with ins as (
    insert into "Character" ("GenderId",
                             "CharacterStyleId",
                             "GroupId",
                             "Name",
                             "FilesInfo",
                             "PublicForCreation",
                             "PublicForBackgroundDancing",
                             "Size",
                             "PolyCount",
                             "IsDefault",
                             "SortOrder")
        values (1,
                1,
                189739,
                'character-189739',
                '[]'::json,
                false,
                false,
                10100,
                2003,
                true,
                1)
        returning *),
     update_main_character as (
         update "User"
             set "MainCharacterId" = (select "Id" from ins)
             where "MainGroupId" in (select "GroupId"
                                     from ins
                                     where "IsDefault" = true))
select *
from ins
Debug [10806]: Context 'TestReadWriteDbContext' started tracking 'Character' entity with key '{Id: 305034}'.
Debug [20301]: Closing data reader to 'frevertest' on server 'tcp://postgres-frever-it:5432'.
Debug [20300]: A data reader for 'frevertest' on server 'tcp://postgres-frever-it:5432' is being disposed after spending 0ms reading results.
Debug [10111]: Compiling query expression: 
'DbSet&lt;Character&gt;().FromSql(with ins as (
    insert into "Character" ("GenderId",
                             "CharacterStyleId",
                             "GroupId",
                             "Name",
                             "FilesInfo",
                             "PublicForCreation",
                             "PublicForBackgroundDancing",
                             "Size",
                             "PolyCount",
                             "IsDefault",
                             "SortOrder")
        values (1,
                1,
                189740,
                'character-189740',
                '[]'::json,
                false,
                false,
                10100,
                2003,
                true,
                1)
        returning *),
     update_main_character as (
         update "User"
             set "MainCharacterId" = (select "Id" from ins)
             where "MainGroupId" in (select "GroupId"
                                     from ins
                                     where "IsDefault" = true))
select *
from ins, __p_0)
'
Debug [10107]: Generated query execution expression: 
'queryContext =&gt; new FromSqlQueryingEnumerable&lt;Character&gt;(
    (RelationalQueryContext)queryContext, 
    RelationalCommandCache.QueryExpression(
        Projection Mapping:
            EmptyProjectionMember -&gt; Dictionary&lt;IProperty, int&gt; { [Property: Character.Id (long) Required PK AfterSave:Throw ValueGenerated.OnAdd, 0], [Property: Character.CharacterStyleId (long) Required FK Index, 1], [Property: Character.CreatedTime (DateTime) Required ValueGenerated.OnAdd, 2], [Property: Character.Files (List&lt;FileInfo&gt;), 3], [Property: Character.GenderId (long) Required FK Index, 4], [Property: Character.GroupId (long) Required FK Index, 5], [Property: Character.IsDefault (bool) Required, 6], [Property: Character.IsDeleted (bool) Required, 7], [Property: Character.ModifiedTime (DateTime) Required ValueGenerated.OnAdd, 8], [Property: Character.Name (string) Required ValueGenerated.OnAdd, 9], [Property: Character.PolyCount (int?), 10], [Property: Character.PublicForBackgroundDancing (bool) Required, 11], [Property: Character.PublicForCreation (bool) Required, 12], [Property: Character.ReadinessId (long) Required FK Index, 13], [Property: Character.Size (long?), 14], [Property: Character.SortOrder (int) Required, 15], [Property: Character.UploaderUserId (long) Required FK Index ValueGenerated.OnAdd, 16], [Property: Character.Version (Guid) Required, 17] }
        SELECT f.Id, f.CharacterStyleId, f.CreatedTime, f.FilesInfo, f.GenderId, f.GroupId, f.IsDefault, f.IsDeleted, f.ModifiedTime, f.Name, f.PolyCount, f.PublicForBackgroundDancing, f.PublicForCreation, f.ReadinessId, f.Size, f.SortOrder, f.UploaderUserId, f.Version
        FROM with ins as (
    insert into "Character" ("GenderId",
                             "CharacterStyleId",
                             "GroupId",
                             "Name",
                             "FilesInfo",
                             "PublicForCreation",
                             "PublicForBackgroundDancing",
                             "Size",
                             "PolyCount",
                             "IsDefault",
                             "SortOrder")
        values (1,
                1,
                189740,
                'character-189740',
                '[]'::json,
                false,
                false,
                10100,
                2003,
                true,
                1)
        returning *),
     update_main_character as (
         update "User"
             set "MainCharacterId" = (select "Id" from ins)
             where "MainGroupId" in (select "GroupId"
                                     from ins
                                     where "IsDefault" = true))
select *
from ins), 
    null, 
    List&lt;string&gt; { "Id", "CharacterStyleId", "CreatedTime", "FilesInfo", "GenderId", "GroupId", "IsDefault", "IsDeleted", "ModifiedTime", "Name", "PolyCount", "PublicForBackgroundDancing", "PublicForCreation", "ReadinessId", "Size", "SortOrder", "UploaderUserId", "Version" }, 
    Func&lt;QueryContext, DbDataReader, int[], Character&gt;, 
    Frever.Common.IntegrationTesting.TestReadWriteDbContext, 
    False, 
    False, 
    True
)'
Debug [20103]: Creating DbCommand for 'ExecuteReader'.
Debug [20104]: Created DbCommand for 'ExecuteReader' (0ms).
Debug [20106]: Initialized DbCommand for 'ExecuteReader' (0ms).
Debug [20100]: Executing DbCommand [Parameters=[], CommandType='Text', CommandTimeout='60']
with ins as (
    insert into "Character" ("GenderId",
                             "CharacterStyleId",
                             "GroupId",
                             "Name",
                             "FilesInfo",
                             "PublicForCreation",
                             "PublicForBackgroundDancing",
                             "Size",
                             "PolyCount",
                             "IsDefault",
                             "SortOrder")
        values (1,
                1,
                189740,
                'character-189740',
                '[]'::json,
                false,
                false,
                10100,
                2003,
                true,
                1)
        returning *),
     update_main_character as (
         update "User"
             set "MainCharacterId" = (select "Id" from ins)
             where "MainGroupId" in (select "GroupId"
                                     from ins
                                     where "IsDefault" = true))
select *
from ins
Information [20101]: Executed DbCommand (1ms) [Parameters=[], CommandType='Text', CommandTimeout='60']
with ins as (
    insert into "Character" ("GenderId",
                             "CharacterStyleId",
                             "GroupId",
                             "Name",
                             "FilesInfo",
                             "PublicForCreation",
                             "PublicForBackgroundDancing",
                             "Size",
                             "PolyCount",
                             "IsDefault",
                             "SortOrder")
        values (1,
                1,
                189740,
                'character-189740',
                '[]'::json,
                false,
                false,
                10100,
                2003,
                true,
                1)
        returning *),
     update_main_character as (
         update "User"
             set "MainCharacterId" = (select "Id" from ins)
             where "MainGroupId" in (select "GroupId"
                                     from ins
                                     where "IsDefault" = true))
select *
from ins
Debug [10806]: Context 'TestReadWriteDbContext' started tracking 'Character' entity with key '{Id: 305035}'.
Debug [20301]: Closing data reader to 'frevertest' on server 'tcp://postgres-frever-it:5432'.
Debug [20300]: A data reader for 'frevertest' on server 'tcp://postgres-frever-it:5432' is being disposed after spending 0ms reading results.
Debug [10111]: Compiling query expression: 
'DbSet&lt;Character&gt;().FromSql(with ins as (
    insert into "Character" ("GenderId",
                             "CharacterStyleId",
                             "GroupId",
                             "Name",
                             "FilesInfo",
                             "PublicForCreation",
                             "PublicForBackgroundDancing",
                             "Size",
                             "PolyCount",
                             "IsDefault",
                             "SortOrder")
        values (1,
                1,
                189741,
                'character-189741',
                '[]'::json,
                false,
                false,
                10100,
                2003,
                true,
                1)
        returning *),
     update_main_character as (
         update "User"
             set "MainCharacterId" = (select "Id" from ins)
             where "MainGroupId" in (select "GroupId"
                                     from ins
                                     where "IsDefault" = true))
select *
from ins, __p_0)
'
Debug [10107]: Generated query execution expression: 
'queryContext =&gt; new FromSqlQueryingEnumerable&lt;Character&gt;(
    (RelationalQueryContext)queryContext, 
    RelationalCommandCache.QueryExpression(
        Projection Mapping:
            EmptyProjectionMember -&gt; Dictionary&lt;IProperty, int&gt; { [Property: Character.Id (long) Required PK AfterSave:Throw ValueGenerated.OnAdd, 0], [Property: Character.CharacterStyleId (long) Required FK Index, 1], [Property: Character.CreatedTime (DateTime) Required ValueGenerated.OnAdd, 2], [Property: Character.Files (List&lt;FileInfo&gt;), 3], [Property: Character.GenderId (long) Required FK Index, 4], [Property: Character.GroupId (long) Required FK Index, 5], [Property: Character.IsDefault (bool) Required, 6], [Property: Character.IsDeleted (bool) Required, 7], [Property: Character.ModifiedTime (DateTime) Required ValueGenerated.OnAdd, 8], [Property: Character.Name (string) Required ValueGenerated.OnAdd, 9], [Property: Character.PolyCount (int?), 10], [Property: Character.PublicForBackgroundDancing (bool) Required, 11], [Property: Character.PublicForCreation (bool) Required, 12], [Property: Character.ReadinessId (long) Required FK Index, 13], [Property: Character.Size (long?), 14], [Property: Character.SortOrder (int) Required, 15], [Property: Character.UploaderUserId (long) Required FK Index ValueGenerated.OnAdd, 16], [Property: Character.Version (Guid) Required, 17] }
        SELECT f.Id, f.CharacterStyleId, f.CreatedTime, f.FilesInfo, f.GenderId, f.GroupId, f.IsDefault, f.IsDeleted, f.ModifiedTime, f.Name, f.PolyCount, f.PublicForBackgroundDancing, f.PublicForCreation, f.ReadinessId, f.Size, f.SortOrder, f.UploaderUserId, f.Version
        FROM with ins as (
    insert into "Character" ("GenderId",
                             "CharacterStyleId",
                             "GroupId",
                             "Name",
                             "FilesInfo",
                             "PublicForCreation",
                             "PublicForBackgroundDancing",
                             "Size",
                             "PolyCount",
                             "IsDefault",
                             "SortOrder")
        values (1,
                1,
                189741,
                'character-189741',
                '[]'::json,
                false,
                false,
                10100,
                2003,
                true,
                1)
        returning *),
     update_main_character as (
         update "User"
             set "MainCharacterId" = (select "Id" from ins)
             where "MainGroupId" in (select "GroupId"
                                     from ins
                                     where "IsDefault" = true))
select *
from ins), 
    null, 
    List&lt;string&gt; { "Id", "CharacterStyleId", "CreatedTime", "FilesInfo", "GenderId", "GroupId", "IsDefault", "IsDeleted", "ModifiedTime", "Name", "PolyCount", "PublicForBackgroundDancing", "PublicForCreation", "ReadinessId", "Size", "SortOrder", "UploaderUserId", "Version" }, 
    Func&lt;QueryContext, DbDataReader, int[], Character&gt;, 
    Frever.Common.IntegrationTesting.TestReadWriteDbContext, 
    False, 
    False, 
    True
)'
Debug [20103]: Creating DbCommand for 'ExecuteReader'.
Debug [20104]: Created DbCommand for 'ExecuteReader' (0ms).
Debug [20106]: Initialized DbCommand for 'ExecuteReader' (0ms).
Debug [20100]: Executing DbCommand [Parameters=[], CommandType='Text', CommandTimeout='60']
with ins as (
    insert into "Character" ("GenderId",
                             "CharacterStyleId",
                             "GroupId",
                             "Name",
                             "FilesInfo",
                             "PublicForCreation",
                             "PublicForBackgroundDancing",
                             "Size",
                             "PolyCount",
                             "IsDefault",
                             "SortOrder")
        values (1,
                1,
                189741,
                'character-189741',
                '[]'::json,
                false,
                false,
                10100,
                2003,
                true,
                1)
        returning *),
     update_main_character as (
         update "User"
             set "MainCharacterId" = (select "Id" from ins)
             where "MainGroupId" in (select "GroupId"
                                     from ins
                                     where "IsDefault" = true))
select *
from ins
Information [20101]: Executed DbCommand (1ms) [Parameters=[], CommandType='Text', CommandTimeout='60']
with ins as (
    insert into "Character" ("GenderId",
                             "CharacterStyleId",
                             "GroupId",
                             "Name",
                             "FilesInfo",
                             "PublicForCreation",
                             "PublicForBackgroundDancing",
                             "Size",
                             "PolyCount",
                             "IsDefault",
                             "SortOrder")
        values (1,
                1,
                189741,
                'character-189741',
                '[]'::json,
                false,
                false,
                10100,
                2003,
                true,
                1)
        returning *),
     update_main_character as (
         update "User"
             set "MainCharacterId" = (select "Id" from ins)
             where "MainGroupId" in (select "GroupId"
                                     from ins
                                     where "IsDefault" = true))
select *
from ins
Debug [10806]: Context 'TestReadWriteDbContext' started tracking 'Character' entity with key '{Id: 305036}'.
Debug [20301]: Closing data reader to 'frevertest' on server 'tcp://postgres-frever-it:5432'.
Debug [20300]: A data reader for 'frevertest' on server 'tcp://postgres-frever-it:5432' is being disposed after spending 0ms reading results.
Debug [10111]: Compiling query expression: 
'DbSet&lt;Character&gt;().FromSql(with ins as (
    insert into "Character" ("GenderId",
                             "CharacterStyleId",
                             "GroupId",
                             "Name",
                             "FilesInfo",
                             "PublicForCreation",
                             "PublicForBackgroundDancing",
                             "Size",
                             "PolyCount",
                             "IsDefault",
                             "SortOrder")
        values (1,
                1,
                189742,
                'character-189742',
                '[]'::json,
                false,
                false,
                10100,
                2003,
                true,
                1)
        returning *),
     update_main_character as (
         update "User"
             set "MainCharacterId" = (select "Id" from ins)
             where "MainGroupId" in (select "GroupId"
                                     from ins
                                     where "IsDefault" = true))
select *
from ins, __p_0)
'
Debug [10107]: Generated query execution expression: 
'queryContext =&gt; new FromSqlQueryingEnumerable&lt;Character&gt;(
    (RelationalQueryContext)queryContext, 
    RelationalCommandCache.QueryExpression(
        Projection Mapping:
            EmptyProjectionMember -&gt; Dictionary&lt;IProperty, int&gt; { [Property: Character.Id (long) Required PK AfterSave:Throw ValueGenerated.OnAdd, 0], [Property: Character.CharacterStyleId (long) Required FK Index, 1], [Property: Character.CreatedTime (DateTime) Required ValueGenerated.OnAdd, 2], [Property: Character.Files (List&lt;FileInfo&gt;), 3], [Property: Character.GenderId (long) Required FK Index, 4], [Property: Character.GroupId (long) Required FK Index, 5], [Property: Character.IsDefault (bool) Required, 6], [Property: Character.IsDeleted (bool) Required, 7], [Property: Character.ModifiedTime (DateTime) Required ValueGenerated.OnAdd, 8], [Property: Character.Name (string) Required ValueGenerated.OnAdd, 9], [Property: Character.PolyCount (int?), 10], [Property: Character.PublicForBackgroundDancing (bool) Required, 11], [Property: Character.PublicForCreation (bool) Required, 12], [Property: Character.ReadinessId (long) Required FK Index, 13], [Property: Character.Size (long?), 14], [Property: Character.SortOrder (int) Required, 15], [Property: Character.UploaderUserId (long) Required FK Index ValueGenerated.OnAdd, 16], [Property: Character.Version (Guid) Required, 17] }
        SELECT f.Id, f.CharacterStyleId, f.CreatedTime, f.FilesInfo, f.GenderId, f.GroupId, f.IsDefault, f.IsDeleted, f.ModifiedTime, f.Name, f.PolyCount, f.PublicForBackgroundDancing, f.PublicForCreation, f.ReadinessId, f.Size, f.SortOrder, f.UploaderUserId, f.Version
        FROM with ins as (
    insert into "Character" ("GenderId",
                             "CharacterStyleId",
                             "GroupId",
                             "Name",
                             "FilesInfo",
                             "PublicForCreation",
                             "PublicForBackgroundDancing",
                             "Size",
                             "PolyCount",
                             "IsDefault",
                             "SortOrder")
        values (1,
                1,
                189742,
                'character-189742',
                '[]'::json,
                false,
                false,
                10100,
                2003,
                true,
                1)
        returning *),
     update_main_character as (
         update "User"
             set "MainCharacterId" = (select "Id" from ins)
             where "MainGroupId" in (select "GroupId"
                                     from ins
                                     where "IsDefault" = true))
select *
from ins), 
    null, 
    List&lt;string&gt; { "Id", "CharacterStyleId", "CreatedTime", "FilesInfo", "GenderId", "GroupId", "IsDefault", "IsDeleted", "ModifiedTime", "Name", "PolyCount", "PublicForBackgroundDancing", "PublicForCreation", "ReadinessId", "Size", "SortOrder", "UploaderUserId", "Version" }, 
    Func&lt;QueryContext, DbDataReader, int[], Character&gt;, 
    Frever.Common.IntegrationTesting.TestReadWriteDbContext, 
    False, 
    False, 
    True
)'
Debug [20103]: Creating DbCommand for 'ExecuteReader'.
Debug [20104]: Created DbCommand for 'ExecuteReader' (0ms).
Debug [20106]: Initialized DbCommand for 'ExecuteReader' (0ms).
Debug [20100]: Executing DbCommand [Parameters=[], CommandType='Text', CommandTimeout='60']
with ins as (
    insert into "Character" ("GenderId",
                             "CharacterStyleId",
                             "GroupId",
                             "Name",
                             "FilesInfo",
                             "PublicForCreation",
                             "PublicForBackgroundDancing",
                             "Size",
                             "PolyCount",
                             "IsDefault",
                             "SortOrder")
        values (1,
                1,
                189742,
                'character-189742',
                '[]'::json,
                false,
                false,
                10100,
                2003,
                true,
                1)
        returning *),
     update_main_character as (
         update "User"
             set "MainCharacterId" = (select "Id" from ins)
             where "MainGroupId" in (select "GroupId"
                                     from ins
                                     where "IsDefault" = true))
select *
from ins
Information [20101]: Executed DbCommand (1ms) [Parameters=[], CommandType='Text', CommandTimeout='60']
with ins as (
    insert into "Character" ("GenderId",
                             "CharacterStyleId",
                             "GroupId",
                             "Name",
                             "FilesInfo",
                             "PublicForCreation",
                             "PublicForBackgroundDancing",
                             "Size",
                             "PolyCount",
                             "IsDefault",
                             "SortOrder")
        values (1,
                1,
                189742,
                'character-189742',
                '[]'::json,
                false,
                false,
                10100,
                2003,
                true,
                1)
        returning *),
     update_main_character as (
         update "User"
             set "MainCharacterId" = (select "Id" from ins)
             where "MainGroupId" in (select "GroupId"
                                     from ins
                                     where "IsDefault" = true))
select *
from ins
Debug [10806]: Context 'TestReadWriteDbContext' started tracking 'Character' entity with key '{Id: 305037}'.
Debug [20301]: Closing data reader to 'frevertest' on server 'tcp://postgres-frever-it:5432'.
Debug [20300]: A data reader for 'frevertest' on server 'tcp://postgres-frever-it:5432' is being disposed after spending 0ms reading results.
Debug [10111]: Compiling query expression: 
'DbSet&lt;Character&gt;().FromSql(with ins as (
    insert into "Character" ("GenderId",
                             "CharacterStyleId",
                             "GroupId",
                             "Name",
                             "FilesInfo",
                             "PublicForCreation",
                             "PublicForBackgroundDancing",
                             "Size",
                             "PolyCount",
                             "IsDefault",
                             "SortOrder")
        values (1,
                1,
                189743,
                'character-189743',
                '[]'::json,
                false,
                false,
                10100,
                2003,
                true,
                1)
        returning *),
     update_main_character as (
         update "User"
             set "MainCharacterId" = (select "Id" from ins)
             where "MainGroupId" in (select "GroupId"
                                     from ins
                                     where "IsDefault" = true))
select *
from ins, __p_0)
'
Debug [10107]: Generated query execution expression: 
'queryContext =&gt; new FromSqlQueryingEnumerable&lt;Character&gt;(
    (RelationalQueryContext)queryContext, 
    RelationalCommandCache.QueryExpression(
        Projection Mapping:
            EmptyProjectionMember -&gt; Dictionary&lt;IProperty, int&gt; { [Property: Character.Id (long) Required PK AfterSave:Throw ValueGenerated.OnAdd, 0], [Property: Character.CharacterStyleId (long) Required FK Index, 1], [Property: Character.CreatedTime (DateTime) Required ValueGenerated.OnAdd, 2], [Property: Character.Files (List&lt;FileInfo&gt;), 3], [Property: Character.GenderId (long) Required FK Index, 4], [Property: Character.GroupId (long) Required FK Index, 5], [Property: Character.IsDefault (bool) Required, 6], [Property: Character.IsDeleted (bool) Required, 7], [Property: Character.ModifiedTime (DateTime) Required ValueGenerated.OnAdd, 8], [Property: Character.Name (string) Required ValueGenerated.OnAdd, 9], [Property: Character.PolyCount (int?), 10], [Property: Character.PublicForBackgroundDancing (bool) Required, 11], [Property: Character.PublicForCreation (bool) Required, 12], [Property: Character.ReadinessId (long) Required FK Index, 13], [Property: Character.Size (long?), 14], [Property: Character.SortOrder (int) Required, 15], [Property: Character.UploaderUserId (long) Required FK Index ValueGenerated.OnAdd, 16], [Property: Character.Version (Guid) Required, 17] }
        SELECT f.Id, f.CharacterStyleId, f.CreatedTime, f.FilesInfo, f.GenderId, f.GroupId, f.IsDefault, f.IsDeleted, f.ModifiedTime, f.Name, f.PolyCount, f.PublicForBackgroundDancing, f.PublicForCreation, f.ReadinessId, f.Size, f.SortOrder, f.UploaderUserId, f.Version
        FROM with ins as (
    insert into "Character" ("GenderId",
                             "CharacterStyleId",
                             "GroupId",
                             "Name",
                             "FilesInfo",
                             "PublicForCreation",
                             "PublicForBackgroundDancing",
                             "Size",
                             "PolyCount",
                             "IsDefault",
                             "SortOrder")
        values (1,
                1,
                189743,
                'character-189743',
                '[]'::json,
                false,
                false,
                10100,
                2003,
                true,
                1)
        returning *),
     update_main_character as (
         update "User"
             set "MainCharacterId" = (select "Id" from ins)
             where "MainGroupId" in (select "GroupId"
                                     from ins
                                     where "IsDefault" = true))
select *
from ins), 
    null, 
    List&lt;string&gt; { "Id", "CharacterStyleId", "CreatedTime", "FilesInfo", "GenderId", "GroupId", "IsDefault", "IsDeleted", "ModifiedTime", "Name", "PolyCount", "PublicForBackgroundDancing", "PublicForCreation", "ReadinessId", "Size", "SortOrder", "UploaderUserId", "Version" }, 
    Func&lt;QueryContext, DbDataReader, int[], Character&gt;, 
    Frever.Common.IntegrationTesting.TestReadWriteDbContext, 
    False, 
    False, 
    True
)'
Debug [20103]: Creating DbCommand for 'ExecuteReader'.
Debug [20104]: Created DbCommand for 'ExecuteReader' (0ms).
Debug [20106]: Initialized DbCommand for 'ExecuteReader' (0ms).
Debug [20100]: Executing DbCommand [Parameters=[], CommandType='Text', CommandTimeout='60']
with ins as (
    insert into "Character" ("GenderId",
                             "CharacterStyleId",
                             "GroupId",
                             "Name",
                             "FilesInfo",
                             "PublicForCreation",
                             "PublicForBackgroundDancing",
                             "Size",
                             "PolyCount",
                             "IsDefault",
                             "SortOrder")
        values (1,
                1,
                189743,
                'character-189743',
                '[]'::json,
                false,
                false,
                10100,
                2003,
                true,
                1)
        returning *),
     update_main_character as (
         update "User"
             set "MainCharacterId" = (select "Id" from ins)
             where "MainGroupId" in (select "GroupId"
                                     from ins
                                     where "IsDefault" = true))
select *
from ins
Information [20101]: Executed DbCommand (1ms) [Parameters=[], CommandType='Text', CommandTimeout='60']
with ins as (
    insert into "Character" ("GenderId",
                             "CharacterStyleId",
                             "GroupId",
                             "Name",
                             "FilesInfo",
                             "PublicForCreation",
                             "PublicForBackgroundDancing",
                             "Size",
                             "PolyCount",
                             "IsDefault",
                             "SortOrder")
        values (1,
                1,
                189743,
                'character-189743',
                '[]'::json,
                false,
                false,
                10100,
                2003,
                true,
                1)
        returning *),
     update_main_character as (
         update "User"
             set "MainCharacterId" = (select "Id" from ins)
             where "MainGroupId" in (select "GroupId"
                                     from ins
                                     where "IsDefault" = true))
select *
from ins
Debug [10806]: Context 'TestReadWriteDbContext' started tracking 'Character' entity with key '{Id: 305038}'.
Debug [20301]: Closing data reader to 'frevertest' on server 'tcp://postgres-frever-it:5432'.
Debug [20300]: A data reader for 'frevertest' on server 'tcp://postgres-frever-it:5432' is being disposed after spending 0ms reading results.
Debug [10111]: Compiling query expression: 
'DbSet&lt;Character&gt;().FromSql(with ins as (
    insert into "Character" ("GenderId",
                             "CharacterStyleId",
                             "GroupId",
                             "Name",
                             "FilesInfo",
                             "PublicForCreation",
                             "PublicForBackgroundDancing",
                             "Size",
                             "PolyCount",
                             "IsDefault",
                             "SortOrder")
        values (1,
                1,
                189744,
                'character-189744',
                '[]'::json,
                false,
                false,
                10100,
                2003,
                true,
                1)
        returning *),
     update_main_character as (
         update "User"
             set "MainCharacterId" = (select "Id" from ins)
             where "MainGroupId" in (select "GroupId"
                                     from ins
                                     where "IsDefault" = true))
select *
from ins, __p_0)
'
Debug [10107]: Generated query execution expression: 
'queryContext =&gt; new FromSqlQueryingEnumerable&lt;Character&gt;(
    (RelationalQueryContext)queryContext, 
    RelationalCommandCache.QueryExpression(
        Projection Mapping:
            EmptyProjectionMember -&gt; Dictionary&lt;IProperty, int&gt; { [Property: Character.Id (long) Required PK AfterSave:Throw ValueGenerated.OnAdd, 0], [Property: Character.CharacterStyleId (long) Required FK Index, 1], [Property: Character.CreatedTime (DateTime) Required ValueGenerated.OnAdd, 2], [Property: Character.Files (List&lt;FileInfo&gt;), 3], [Property: Character.GenderId (long) Required FK Index, 4], [Property: Character.GroupId (long) Required FK Index, 5], [Property: Character.IsDefault (bool) Required, 6], [Property: Character.IsDeleted (bool) Required, 7], [Property: Character.ModifiedTime (DateTime) Required ValueGenerated.OnAdd, 8], [Property: Character.Name (string) Required ValueGenerated.OnAdd, 9], [Property: Character.PolyCount (int?), 10], [Property: Character.PublicForBackgroundDancing (bool) Required, 11], [Property: Character.PublicForCreation (bool) Required, 12], [Property: Character.ReadinessId (long) Required FK Index, 13], [Property: Character.Size (long?), 14], [Property: Character.SortOrder (int) Required, 15], [Property: Character.UploaderUserId (long) Required FK Index ValueGenerated.OnAdd, 16], [Property: Character.Version (Guid) Required, 17] }
        SELECT f.Id, f.CharacterStyleId, f.CreatedTime, f.FilesInfo, f.GenderId, f.GroupId, f.IsDefault, f.IsDeleted, f.ModifiedTime, f.Name, f.PolyCount, f.PublicForBackgroundDancing, f.PublicForCreation, f.ReadinessId, f.Size, f.SortOrder, f.UploaderUserId, f.Version
        FROM with ins as (
    insert into "Character" ("GenderId",
                             "CharacterStyleId",
                             "GroupId",
                             "Name",
                             "FilesInfo",
                             "PublicForCreation",
                             "PublicForBackgroundDancing",
                             "Size",
                             "PolyCount",
                             "IsDefault",
                             "SortOrder")
        values (1,
                1,
                189744,
                'character-189744',
                '[]'::json,
                false,
                false,
                10100,
                2003,
                true,
                1)
        returning *),
     update_main_character as (
         update "User"
             set "MainCharacterId" = (select "Id" from ins)
             where "MainGroupId" in (select "GroupId"
                                     from ins
                                     where "IsDefault" = true))
select *
from ins), 
    null, 
    List&lt;string&gt; { "Id", "CharacterStyleId", "CreatedTime", "FilesInfo", "GenderId", "GroupId", "IsDefault", "IsDeleted", "ModifiedTime", "Name", "PolyCount", "PublicForBackgroundDancing", "PublicForCreation", "ReadinessId", "Size", "SortOrder", "UploaderUserId", "Version" }, 
    Func&lt;QueryContext, DbDataReader, int[], Character&gt;, 
    Frever.Common.IntegrationTesting.TestReadWriteDbContext, 
    False, 
    False, 
    True
)'
Debug [20103]: Creating DbCommand for 'ExecuteReader'.
Debug [20104]: Created DbCommand for 'ExecuteReader' (0ms).
Debug [20106]: Initialized DbCommand for 'ExecuteReader' (0ms).
Debug [20100]: Executing DbCommand [Parameters=[], CommandType='Text', CommandTimeout='60']
with ins as (
    insert into "Character" ("GenderId",
                             "CharacterStyleId",
                             "GroupId",
                             "Name",
                             "FilesInfo",
                             "PublicForCreation",
                             "PublicForBackgroundDancing",
                             "Size",
                             "PolyCount",
                             "IsDefault",
                             "SortOrder")
        values (1,
                1,
                189744,
                'character-189744',
                '[]'::json,
                false,
                false,
                10100,
                2003,
                true,
                1)
        returning *),
     update_main_character as (
         update "User"
             set "MainCharacterId" = (select "Id" from ins)
             where "MainGroupId" in (select "GroupId"
                                     from ins
                                     where "IsDefault" = true))
select *
from ins
Information [20101]: Executed DbCommand (1ms) [Parameters=[], CommandType='Text', CommandTimeout='60']
with ins as (
    insert into "Character" ("GenderId",
                             "CharacterStyleId",
                             "GroupId",
                             "Name",
                             "FilesInfo",
                             "PublicForCreation",
                             "PublicForBackgroundDancing",
                             "Size",
                             "PolyCount",
                             "IsDefault",
                             "SortOrder")
        values (1,
                1,
                189744,
                'character-189744',
                '[]'::json,
                false,
                false,
                10100,
                2003,
                true,
                1)
        returning *),
     update_main_character as (
         update "User"
             set "MainCharacterId" = (select "Id" from ins)
             where "MainGroupId" in (select "GroupId"
                                     from ins
                                     where "IsDefault" = true))
select *
from ins
Debug [10806]: Context 'TestReadWriteDbContext' started tracking 'Character' entity with key '{Id: 305039}'.
Debug [20301]: Closing data reader to 'frevertest' on server 'tcp://postgres-frever-it:5432'.
Debug [20300]: A data reader for 'frevertest' on server 'tcp://postgres-frever-it:5432' is being disposed after spending 0ms reading results.
Debug [10111]: Compiling query expression: 
'DbSet&lt;Character&gt;().FromSql(with ins as (
    insert into "Character" ("GenderId",
                             "CharacterStyleId",
                             "GroupId",
                             "Name",
                             "FilesInfo",
                             "PublicForCreation",
                             "PublicForBackgroundDancing",
                             "Size",
                             "PolyCount",
                             "IsDefault",
                             "SortOrder")
        values (1,
                1,
                189745,
                'character-189745',
                '[]'::json,
                false,
                false,
                10100,
                2003,
                true,
                1)
        returning *),
     update_main_character as (
         update "User"
             set "MainCharacterId" = (select "Id" from ins)
             where "MainGroupId" in (select "GroupId"
                                     from ins
                                     where "IsDefault" = true))
select *
from ins, __p_0)
'
Debug [10107]: Generated query execution expression: 
'queryContext =&gt; new FromSqlQueryingEnumerable&lt;Character&gt;(
    (RelationalQueryContext)queryContext, 
    RelationalCommandCache.QueryExpression(
        Projection Mapping:
            EmptyProjectionMember -&gt; Dictionary&lt;IProperty, int&gt; { [Property: Character.Id (long) Required PK AfterSave:Throw ValueGenerated.OnAdd, 0], [Property: Character.CharacterStyleId (long) Required FK Index, 1], [Property: Character.CreatedTime (DateTime) Required ValueGenerated.OnAdd, 2], [Property: Character.Files (List&lt;FileInfo&gt;), 3], [Property: Character.GenderId (long) Required FK Index, 4], [Property: Character.GroupId (long) Required FK Index, 5], [Property: Character.IsDefault (bool) Required, 6], [Property: Character.IsDeleted (bool) Required, 7], [Property: Character.ModifiedTime (DateTime) Required ValueGenerated.OnAdd, 8], [Property: Character.Name (string) Required ValueGenerated.OnAdd, 9], [Property: Character.PolyCount (int?), 10], [Property: Character.PublicForBackgroundDancing (bool) Required, 11], [Property: Character.PublicForCreation (bool) Required, 12], [Property: Character.ReadinessId (long) Required FK Index, 13], [Property: Character.Size (long?), 14], [Property: Character.SortOrder (int) Required, 15], [Property: Character.UploaderUserId (long) Required FK Index ValueGenerated.OnAdd, 16], [Property: Character.Version (Guid) Required, 17] }
        SELECT f.Id, f.CharacterStyleId, f.CreatedTime, f.FilesInfo, f.GenderId, f.GroupId, f.IsDefault, f.IsDeleted, f.ModifiedTime, f.Name, f.PolyCount, f.PublicForBackgroundDancing, f.PublicForCreation, f.ReadinessId, f.Size, f.SortOrder, f.UploaderUserId, f.Version
        FROM with ins as (
    insert into "Character" ("GenderId",
                             "CharacterStyleId",
                             "GroupId",
                             "Name",
                             "FilesInfo",
                             "PublicForCreation",
                             "PublicForBackgroundDancing",
                             "Size",
                             "PolyCount",
                             "IsDefault",
                             "SortOrder")
        values (1,
                1,
                189745,
                'character-189745',
                '[]'::json,
                false,
                false,
                10100,
                2003,
                true,
                1)
        returning *),
     update_main_character as (
         update "User"
             set "MainCharacterId" = (select "Id" from ins)
             where "MainGroupId" in (select "GroupId"
                                     from ins
                                     where "IsDefault" = true))
select *
from ins), 
    null, 
    List&lt;string&gt; { "Id", "CharacterStyleId", "CreatedTime", "FilesInfo", "GenderId", "GroupId", "IsDefault", "IsDeleted", "ModifiedTime", "Name", "PolyCount", "PublicForBackgroundDancing", "PublicForCreation", "ReadinessId", "Size", "SortOrder", "UploaderUserId", "Version" }, 
    Func&lt;QueryContext, DbDataReader, int[], Character&gt;, 
    Frever.Common.IntegrationTesting.TestReadWriteDbContext, 
    False, 
    False, 
    True
)'
Debug [20103]: Creating DbCommand for 'ExecuteReader'.
Debug [20104]: Created DbCommand for 'ExecuteReader' (0ms).
Debug [20106]: Initialized DbCommand for 'ExecuteReader' (0ms).
Debug [20100]: Executing DbCommand [Parameters=[], CommandType='Text', CommandTimeout='60']
with ins as (
    insert into "Character" ("GenderId",
                             "CharacterStyleId",
                             "GroupId",
                             "Name",
                             "FilesInfo",
                             "PublicForCreation",
                             "PublicForBackgroundDancing",
                             "Size",
                             "PolyCount",
                             "IsDefault",
                             "SortOrder")
        values (1,
                1,
                189745,
                'character-189745',
                '[]'::json,
                false,
                false,
                10100,
                2003,
                true,
                1)
        returning *),
     update_main_character as (
         update "User"
             set "MainCharacterId" = (select "Id" from ins)
             where "MainGroupId" in (select "GroupId"
                                     from ins
                                     where "IsDefault" = true))
select *
from ins
Information [20101]: Executed DbCommand (1ms) [Parameters=[], CommandType='Text', CommandTimeout='60']
with ins as (
    insert into "Character" ("GenderId",
                             "CharacterStyleId",
                             "GroupId",
                             "Name",
                             "FilesInfo",
                             "PublicForCreation",
                             "PublicForBackgroundDancing",
                             "Size",
                             "PolyCount",
                             "IsDefault",
                             "SortOrder")
        values (1,
                1,
                189745,
                'character-189745',
                '[]'::json,
                false,
                false,
                10100,
                2003,
                true,
                1)
        returning *),
     update_main_character as (
         update "User"
             set "MainCharacterId" = (select "Id" from ins)
             where "MainGroupId" in (select "GroupId"
                                     from ins
                                     where "IsDefault" = true))
select *
from ins
Debug [10806]: Context 'TestReadWriteDbContext' started tracking 'Character' entity with key '{Id: 305040}'.
Debug [20301]: Closing data reader to 'frevertest' on server 'tcp://postgres-frever-it:5432'.
Debug [20300]: A data reader for 'frevertest' on server 'tcp://postgres-frever-it:5432' is being disposed after spending 0ms reading results.
Debug [10111]: Compiling query expression: 
'DbSet&lt;Character&gt;().FromSql(with ins as (
    insert into "Character" ("GenderId",
                             "CharacterStyleId",
                             "GroupId",
                             "Name",
                             "FilesInfo",
                             "PublicForCreation",
                             "PublicForBackgroundDancing",
                             "Size",
                             "PolyCount",
                             "IsDefault",
                             "SortOrder")
        values (1,
                1,
                189746,
                'character-189746',
                '[]'::json,
                false,
                false,
                10100,
                2003,
                true,
                1)
        returning *),
     update_main_character as (
         update "User"
             set "MainCharacterId" = (select "Id" from ins)
             where "MainGroupId" in (select "GroupId"
                                     from ins
                                     where "IsDefault" = true))
select *
from ins, __p_0)
'
Debug [10107]: Generated query execution expression: 
'queryContext =&gt; new FromSqlQueryingEnumerable&lt;Character&gt;(
    (RelationalQueryContext)queryContext, 
    RelationalCommandCache.QueryExpression(
        Projection Mapping:
            EmptyProjectionMember -&gt; Dictionary&lt;IProperty, int&gt; { [Property: Character.Id (long) Required PK AfterSave:Throw ValueGenerated.OnAdd, 0], [Property: Character.CharacterStyleId (long) Required FK Index, 1], [Property: Character.CreatedTime (DateTime) Required ValueGenerated.OnAdd, 2], [Property: Character.Files (List&lt;FileInfo&gt;), 3], [Property: Character.GenderId (long) Required FK Index, 4], [Property: Character.GroupId (long) Required FK Index, 5], [Property: Character.IsDefault (bool) Required, 6], [Property: Character.IsDeleted (bool) Required, 7], [Property: Character.ModifiedTime (DateTime) Required ValueGenerated.OnAdd, 8], [Property: Character.Name (string) Required ValueGenerated.OnAdd, 9], [Property: Character.PolyCount (int?), 10], [Property: Character.PublicForBackgroundDancing (bool) Required, 11], [Property: Character.PublicForCreation (bool) Required, 12], [Property: Character.ReadinessId (long) Required FK Index, 13], [Property: Character.Size (long?), 14], [Property: Character.SortOrder (int) Required, 15], [Property: Character.UploaderUserId (long) Required FK Index ValueGenerated.OnAdd, 16], [Property: Character.Version (Guid) Required, 17] }
        SELECT f.Id, f.CharacterStyleId, f.CreatedTime, f.FilesInfo, f.GenderId, f.GroupId, f.IsDefault, f.IsDeleted, f.ModifiedTime, f.Name, f.PolyCount, f.PublicForBackgroundDancing, f.PublicForCreation, f.ReadinessId, f.Size, f.SortOrder, f.UploaderUserId, f.Version
        FROM with ins as (
    insert into "Character" ("GenderId",
                             "CharacterStyleId",
                             "GroupId",
                             "Name",
                             "FilesInfo",
                             "PublicForCreation",
                             "PublicForBackgroundDancing",
                             "Size",
                             "PolyCount",
                             "IsDefault",
                             "SortOrder")
        values (1,
                1,
                189746,
                'character-189746',
                '[]'::json,
                false,
                false,
                10100,
                2003,
                true,
                1)
        returning *),
     update_main_character as (
         update "User"
             set "MainCharacterId" = (select "Id" from ins)
             where "MainGroupId" in (select "GroupId"
                                     from ins
                                     where "IsDefault" = true))
select *
from ins), 
    null, 
    List&lt;string&gt; { "Id", "CharacterStyleId", "CreatedTime", "FilesInfo", "GenderId", "GroupId", "IsDefault", "IsDeleted", "ModifiedTime", "Name", "PolyCount", "PublicForBackgroundDancing", "PublicForCreation", "ReadinessId", "Size", "SortOrder", "UploaderUserId", "Version" }, 
    Func&lt;QueryContext, DbDataReader, int[], Character&gt;, 
    Frever.Common.IntegrationTesting.TestReadWriteDbContext, 
    False, 
    False, 
    True
)'
Debug [20103]: Creating DbCommand for 'ExecuteReader'.
Debug [20104]: Created DbCommand for 'ExecuteReader' (0ms).
Debug [20106]: Initialized DbCommand for 'ExecuteReader' (0ms).
Debug [20100]: Executing DbCommand [Parameters=[], CommandType='Text', CommandTimeout='60']
with ins as (
    insert into "Character" ("GenderId",
                             "CharacterStyleId",
                             "GroupId",
                             "Name",
                             "FilesInfo",
                             "PublicForCreation",
                             "PublicForBackgroundDancing",
                             "Size",
                             "PolyCount",
                             "IsDefault",
                             "SortOrder")
        values (1,
                1,
                189746,
                'character-189746',
                '[]'::json,
                false,
                false,
                10100,
                2003,
                true,
                1)
        returning *),
     update_main_character as (
         update "User"
             set "MainCharacterId" = (select "Id" from ins)
             where "MainGroupId" in (select "GroupId"
                                     from ins
                                     where "IsDefault" = true))
select *
from ins
Information [20101]: Executed DbCommand (1ms) [Parameters=[], CommandType='Text', CommandTimeout='60']
with ins as (
    insert into "Character" ("GenderId",
                             "CharacterStyleId",
                             "GroupId",
                             "Name",
                             "FilesInfo",
                             "PublicForCreation",
                             "PublicForBackgroundDancing",
                             "Size",
                             "PolyCount",
                             "IsDefault",
                             "SortOrder")
        values (1,
                1,
                189746,
                'character-189746',
                '[]'::json,
                false,
                false,
                10100,
                2003,
                true,
                1)
        returning *),
     update_main_character as (
         update "User"
             set "MainCharacterId" = (select "Id" from ins)
             where "MainGroupId" in (select "GroupId"
                                     from ins
                                     where "IsDefault" = true))
select *
from ins
Debug [10806]: Context 'TestReadWriteDbContext' started tracking 'Character' entity with key '{Id: 305041}'.
Debug [20301]: Closing data reader to 'frevertest' on server 'tcp://postgres-frever-it:5432'.
Debug [20300]: A data reader for 'frevertest' on server 'tcp://postgres-frever-it:5432' is being disposed after spending 0ms reading results.
Debug [10111]: Compiling query expression: 
'DbSet&lt;Character&gt;().FromSql(with ins as (
    insert into "Character" ("GenderId",
                             "CharacterStyleId",
                             "GroupId",
                             "Name",
                             "FilesInfo",
                             "PublicForCreation",
                             "PublicForBackgroundDancing",
                             "Size",
                             "PolyCount",
                             "IsDefault",
                             "SortOrder")
        values (1,
                1,
                189747,
                'character-189747',
                '[]'::json,
                false,
                false,
                10100,
                2003,
                true,
                1)
        returning *),
     update_main_character as (
         update "User"
             set "MainCharacterId" = (select "Id" from ins)
             where "MainGroupId" in (select "GroupId"
                                     from ins
                                     where "IsDefault" = true))
select *
from ins, __p_0)
'
Debug [10107]: Generated query execution expression: 
'queryContext =&gt; new FromSqlQueryingEnumerable&lt;Character&gt;(
    (RelationalQueryContext)queryContext, 
    RelationalCommandCache.QueryExpression(
        Projection Mapping:
            EmptyProjectionMember -&gt; Dictionary&lt;IProperty, int&gt; { [Property: Character.Id (long) Required PK AfterSave:Throw ValueGenerated.OnAdd, 0], [Property: Character.CharacterStyleId (long) Required FK Index, 1], [Property: Character.CreatedTime (DateTime) Required ValueGenerated.OnAdd, 2], [Property: Character.Files (List&lt;FileInfo&gt;), 3], [Property: Character.GenderId (long) Required FK Index, 4], [Property: Character.GroupId (long) Required FK Index, 5], [Property: Character.IsDefault (bool) Required, 6], [Property: Character.IsDeleted (bool) Required, 7], [Property: Character.ModifiedTime (DateTime) Required ValueGenerated.OnAdd, 8], [Property: Character.Name (string) Required ValueGenerated.OnAdd, 9], [Property: Character.PolyCount (int?), 10], [Property: Character.PublicForBackgroundDancing (bool) Required, 11], [Property: Character.PublicForCreation (bool) Required, 12], [Property: Character.ReadinessId (long) Required FK Index, 13], [Property: Character.Size (long?), 14], [Property: Character.SortOrder (int) Required, 15], [Property: Character.UploaderUserId (long) Required FK Index ValueGenerated.OnAdd, 16], [Property: Character.Version (Guid) Required, 17] }
        SELECT f.Id, f.CharacterStyleId, f.CreatedTime, f.FilesInfo, f.GenderId, f.GroupId, f.IsDefault, f.IsDeleted, f.ModifiedTime, f.Name, f.PolyCount, f.PublicForBackgroundDancing, f.PublicForCreation, f.ReadinessId, f.Size, f.SortOrder, f.UploaderUserId, f.Version
        FROM with ins as (
    insert into "Character" ("GenderId",
                             "CharacterStyleId",
                             "GroupId",
                             "Name",
                             "FilesInfo",
                             "PublicForCreation",
                             "PublicForBackgroundDancing",
                             "Size",
                             "PolyCount",
                             "IsDefault",
                             "SortOrder")
        values (1,
                1,
                189747,
                'character-189747',
                '[]'::json,
                false,
                false,
                10100,
                2003,
                true,
                1)
        returning *),
     update_main_character as (
         update "User"
             set "MainCharacterId" = (select "Id" from ins)
             where "MainGroupId" in (select "GroupId"
                                     from ins
                                     where "IsDefault" = true))
select *
from ins), 
    null, 
    List&lt;string&gt; { "Id", "CharacterStyleId", "CreatedTime", "FilesInfo", "GenderId", "GroupId", "IsDefault", "IsDeleted", "ModifiedTime", "Name", "PolyCount", "PublicForBackgroundDancing", "PublicForCreation", "ReadinessId", "Size", "SortOrder", "UploaderUserId", "Version" }, 
    Func&lt;QueryContext, DbDataReader, int[], Character&gt;, 
    Frever.Common.IntegrationTesting.TestReadWriteDbContext, 
    False, 
    False, 
    True
)'
Debug [20103]: Creating DbCommand for 'ExecuteReader'.
Debug [20104]: Created DbCommand for 'ExecuteReader' (0ms).
Debug [20106]: Initialized DbCommand for 'ExecuteReader' (0ms).
Debug [20100]: Executing DbCommand [Parameters=[], CommandType='Text', CommandTimeout='60']
with ins as (
    insert into "Character" ("GenderId",
                             "CharacterStyleId",
                             "GroupId",
                             "Name",
                             "FilesInfo",
                             "PublicForCreation",
                             "PublicForBackgroundDancing",
                             "Size",
                             "PolyCount",
                             "IsDefault",
                             "SortOrder")
        values (1,
                1,
                189747,
                'character-189747',
                '[]'::json,
                false,
                false,
                10100,
                2003,
                true,
                1)
        returning *),
     update_main_character as (
         update "User"
             set "MainCharacterId" = (select "Id" from ins)
             where "MainGroupId" in (select "GroupId"
                                     from ins
                                     where "IsDefault" = true))
select *
from ins
Information [20101]: Executed DbCommand (1ms) [Parameters=[], CommandType='Text', CommandTimeout='60']
with ins as (
    insert into "Character" ("GenderId",
                             "CharacterStyleId",
                             "GroupId",
                             "Name",
                             "FilesInfo",
                             "PublicForCreation",
                             "PublicForBackgroundDancing",
                             "Size",
                             "PolyCount",
                             "IsDefault",
                             "SortOrder")
        values (1,
                1,
                189747,
                'character-189747',
                '[]'::json,
                false,
                false,
                10100,
                2003,
                true,
                1)
        returning *),
     update_main_character as (
         update "User"
             set "MainCharacterId" = (select "Id" from ins)
             where "MainGroupId" in (select "GroupId"
                                     from ins
                                     where "IsDefault" = true))
select *
from ins
Debug [10806]: Context 'TestReadWriteDbContext' started tracking 'Character' entity with key '{Id: 305042}'.
Debug [20301]: Closing data reader to 'frevertest' on server 'tcp://postgres-frever-it:5432'.
Debug [20300]: A data reader for 'frevertest' on server 'tcp://postgres-frever-it:5432' is being disposed after spending 0ms reading results.
Debug [10111]: Compiling query expression: 
'DbSet&lt;Character&gt;().FromSql(with ins as (
    insert into "Character" ("GenderId",
                             "CharacterStyleId",
                             "GroupId",
                             "Name",
                             "FilesInfo",
                             "PublicForCreation",
                             "PublicForBackgroundDancing",
                             "Size",
                             "PolyCount",
                             "IsDefault",
                             "SortOrder")
        values (1,
                1,
                189748,
                'character-189748',
                '[]'::json,
                false,
                false,
                10100,
                2003,
                true,
                1)
        returning *),
     update_main_character as (
         update "User"
             set "MainCharacterId" = (select "Id" from ins)
             where "MainGroupId" in (select "GroupId"
                                     from ins
                                     where "IsDefault" = true))
select *
from ins, __p_0)
'
Debug [10107]: Generated query execution expression: 
'queryContext =&gt; new FromSqlQueryingEnumerable&lt;Character&gt;(
    (RelationalQueryContext)queryContext, 
    RelationalCommandCache.QueryExpression(
        Projection Mapping:
            EmptyProjectionMember -&gt; Dictionary&lt;IProperty, int&gt; { [Property: Character.Id (long) Required PK AfterSave:Throw ValueGenerated.OnAdd, 0], [Property: Character.CharacterStyleId (long) Required FK Index, 1], [Property: Character.CreatedTime (DateTime) Required ValueGenerated.OnAdd, 2], [Property: Character.Files (List&lt;FileInfo&gt;), 3], [Property: Character.GenderId (long) Required FK Index, 4], [Property: Character.GroupId (long) Required FK Index, 5], [Property: Character.IsDefault (bool) Required, 6], [Property: Character.IsDeleted (bool) Required, 7], [Property: Character.ModifiedTime (DateTime) Required ValueGenerated.OnAdd, 8], [Property: Character.Name (string) Required ValueGenerated.OnAdd, 9], [Property: Character.PolyCount (int?), 10], [Property: Character.PublicForBackgroundDancing (bool) Required, 11], [Property: Character.PublicForCreation (bool) Required, 12], [Property: Character.ReadinessId (long) Required FK Index, 13], [Property: Character.Size (long?), 14], [Property: Character.SortOrder (int) Required, 15], [Property: Character.UploaderUserId (long) Required FK Index ValueGenerated.OnAdd, 16], [Property: Character.Version (Guid) Required, 17] }
        SELECT f.Id, f.CharacterStyleId, f.CreatedTime, f.FilesInfo, f.GenderId, f.GroupId, f.IsDefault, f.IsDeleted, f.ModifiedTime, f.Name, f.PolyCount, f.PublicForBackgroundDancing, f.PublicForCreation, f.ReadinessId, f.Size, f.SortOrder, f.UploaderUserId, f.Version
        FROM with ins as (
    insert into "Character" ("GenderId",
                             "CharacterStyleId",
                             "GroupId",
                             "Name",
                             "FilesInfo",
                             "PublicForCreation",
                             "PublicForBackgroundDancing",
                             "Size",
                             "PolyCount",
                             "IsDefault",
                             "SortOrder")
        values (1,
                1,
                189748,
                'character-189748',
                '[]'::json,
                false,
                false,
                10100,
                2003,
                true,
                1)
        returning *),
     update_main_character as (
         update "User"
             set "MainCharacterId" = (select "Id" from ins)
             where "MainGroupId" in (select "GroupId"
                                     from ins
                                     where "IsDefault" = true))
select *
from ins), 
    null, 
    List&lt;string&gt; { "Id", "CharacterStyleId", "CreatedTime", "FilesInfo", "GenderId", "GroupId", "IsDefault", "IsDeleted", "ModifiedTime", "Name", "PolyCount", "PublicForBackgroundDancing", "PublicForCreation", "ReadinessId", "Size", "SortOrder", "UploaderUserId", "Version" }, 
    Func&lt;QueryContext, DbDataReader, int[], Character&gt;, 
    Frever.Common.IntegrationTesting.TestReadWriteDbContext, 
    False, 
    False, 
    True
)'
Debug [20103]: Creating DbCommand for 'ExecuteReader'.
Debug [20104]: Created DbCommand for 'ExecuteReader' (0ms).
Debug [20106]: Initialized DbCommand for 'ExecuteReader' (0ms).
Debug [20100]: Executing DbCommand [Parameters=[], CommandType='Text', CommandTimeout='60']
with ins as (
    insert into "Character" ("GenderId",
                             "CharacterStyleId",
                             "GroupId",
                             "Name",
                             "FilesInfo",
                             "PublicForCreation",
                             "PublicForBackgroundDancing",
                             "Size",
                             "PolyCount",
                             "IsDefault",
                             "SortOrder")
        values (1,
                1,
                189748,
                'character-189748',
                '[]'::json,
                false,
                false,
                10100,
                2003,
                true,
                1)
        returning *),
     update_main_character as (
         update "User"
             set "MainCharacterId" = (select "Id" from ins)
             where "MainGroupId" in (select "GroupId"
                                     from ins
                                     where "IsDefault" = true))
select *
from ins
Information [20101]: Executed DbCommand (1ms) [Parameters=[], CommandType='Text', CommandTimeout='60']
with ins as (
    insert into "Character" ("GenderId",
                             "CharacterStyleId",
                             "GroupId",
                             "Name",
                             "FilesInfo",
                             "PublicForCreation",
                             "PublicForBackgroundDancing",
                             "Size",
                             "PolyCount",
                             "IsDefault",
                             "SortOrder")
        values (1,
                1,
                189748,
                'character-189748',
                '[]'::json,
                false,
                false,
                10100,
                2003,
                true,
                1)
        returning *),
     update_main_character as (
         update "User"
             set "MainCharacterId" = (select "Id" from ins)
             where "MainGroupId" in (select "GroupId"
                                     from ins
                                     where "IsDefault" = true))
select *
from ins
Debug [10806]: Context 'TestReadWriteDbContext' started tracking 'Character' entity with key '{Id: 305043}'.
Debug [20301]: Closing data reader to 'frevertest' on server 'tcp://postgres-frever-it:5432'.
Debug [20300]: A data reader for 'frevertest' on server 'tcp://postgres-frever-it:5432' is being disposed after spending 0ms reading results.
Debug [10111]: Compiling query expression: 
'DbSet&lt;Character&gt;().FromSql(with ins as (
    insert into "Character" ("GenderId",
                             "CharacterStyleId",
                             "GroupId",
                             "Name",
                             "FilesInfo",
                             "PublicForCreation",
                             "PublicForBackgroundDancing",
                             "Size",
                             "PolyCount",
                             "IsDefault",
                             "SortOrder")
        values (1,
                1,
                189749,
                'character-189749',
                '[]'::json,
                false,
                false,
                10100,
                2003,
                true,
                1)
        returning *),
     update_main_character as (
         update "User"
             set "MainCharacterId" = (select "Id" from ins)
             where "MainGroupId" in (select "GroupId"
                                     from ins
                                     where "IsDefault" = true))
select *
from ins, __p_0)
'
Debug [10107]: Generated query execution expression: 
'queryContext =&gt; new FromSqlQueryingEnumerable&lt;Character&gt;(
    (RelationalQueryContext)queryContext, 
    RelationalCommandCache.QueryExpression(
        Projection Mapping:
            EmptyProjectionMember -&gt; Dictionary&lt;IProperty, int&gt; { [Property: Character.Id (long) Required PK AfterSave:Throw ValueGenerated.OnAdd, 0], [Property: Character.CharacterStyleId (long) Required FK Index, 1], [Property: Character.CreatedTime (DateTime) Required ValueGenerated.OnAdd, 2], [Property: Character.Files (List&lt;FileInfo&gt;), 3], [Property: Character.GenderId (long) Required FK Index, 4], [Property: Character.GroupId (long) Required FK Index, 5], [Property: Character.IsDefault (bool) Required, 6], [Property: Character.IsDeleted (bool) Required, 7], [Property: Character.ModifiedTime (DateTime) Required ValueGenerated.OnAdd, 8], [Property: Character.Name (string) Required ValueGenerated.OnAdd, 9], [Property: Character.PolyCount (int?), 10], [Property: Character.PublicForBackgroundDancing (bool) Required, 11], [Property: Character.PublicForCreation (bool) Required, 12], [Property: Character.ReadinessId (long) Required FK Index, 13], [Property: Character.Size (long?), 14], [Property: Character.SortOrder (int) Required, 15], [Property: Character.UploaderUserId (long) Required FK Index ValueGenerated.OnAdd, 16], [Property: Character.Version (Guid) Required, 17] }
        SELECT f.Id, f.CharacterStyleId, f.CreatedTime, f.FilesInfo, f.GenderId, f.GroupId, f.IsDefault, f.IsDeleted, f.ModifiedTime, f.Name, f.PolyCount, f.PublicForBackgroundDancing, f.PublicForCreation, f.ReadinessId, f.Size, f.SortOrder, f.UploaderUserId, f.Version
        FROM with ins as (
    insert into "Character" ("GenderId",
                             "CharacterStyleId",
                             "GroupId",
                             "Name",
                             "FilesInfo",
                             "PublicForCreation",
                             "PublicForBackgroundDancing",
                             "Size",
                             "PolyCount",
                             "IsDefault",
                             "SortOrder")
        values (1,
                1,
                189749,
                'character-189749',
                '[]'::json,
                false,
                false,
                10100,
                2003,
                true,
                1)
        returning *),
     update_main_character as (
         update "User"
             set "MainCharacterId" = (select "Id" from ins)
             where "MainGroupId" in (select "GroupId"
                                     from ins
                                     where "IsDefault" = true))
select *
from ins), 
    null, 
    List&lt;string&gt; { "Id", "CharacterStyleId", "CreatedTime", "FilesInfo", "GenderId", "GroupId", "IsDefault", "IsDeleted", "ModifiedTime", "Name", "PolyCount", "PublicForBackgroundDancing", "PublicForCreation", "ReadinessId", "Size", "SortOrder", "UploaderUserId", "Version" }, 
    Func&lt;QueryContext, DbDataReader, int[], Character&gt;, 
    Frever.Common.IntegrationTesting.TestReadWriteDbContext, 
    False, 
    False, 
    True
)'
Debug [20103]: Creating DbCommand for 'ExecuteReader'.
Debug [20104]: Created DbCommand for 'ExecuteReader' (0ms).
Debug [20106]: Initialized DbCommand for 'ExecuteReader' (0ms).
Debug [20100]: Executing DbCommand [Parameters=[], CommandType='Text', CommandTimeout='60']
with ins as (
    insert into "Character" ("GenderId",
                             "CharacterStyleId",
                             "GroupId",
                             "Name",
                             "FilesInfo",
                             "PublicForCreation",
                             "PublicForBackgroundDancing",
                             "Size",
                             "PolyCount",
                             "IsDefault",
                             "SortOrder")
        values (1,
                1,
                189749,
                'character-189749',
                '[]'::json,
                false,
                false,
                10100,
                2003,
                true,
                1)
        returning *),
     update_main_character as (
         update "User"
             set "MainCharacterId" = (select "Id" from ins)
             where "MainGroupId" in (select "GroupId"
                                     from ins
                                     where "IsDefault" = true))
select *
from ins
Information [20101]: Executed DbCommand (1ms) [Parameters=[], CommandType='Text', CommandTimeout='60']
with ins as (
    insert into "Character" ("GenderId",
                             "CharacterStyleId",
                             "GroupId",
                             "Name",
                             "FilesInfo",
                             "PublicForCreation",
                             "PublicForBackgroundDancing",
                             "Size",
                             "PolyCount",
                             "IsDefault",
                             "SortOrder")
        values (1,
                1,
                189749,
                'character-189749',
                '[]'::json,
                false,
                false,
                10100,
                2003,
                true,
                1)
        returning *),
     update_main_character as (
         update "User"
             set "MainCharacterId" = (select "Id" from ins)
             where "MainGroupId" in (select "GroupId"
                                     from ins
                                     where "IsDefault" = true))
select *
from ins
Debug [10806]: Context 'TestReadWriteDbContext' started tracking 'Character' entity with key '{Id: 305044}'.
Debug [20301]: Closing data reader to 'frevertest' on server 'tcp://postgres-frever-it:5432'.
Debug [20300]: A data reader for 'frevertest' on server 'tcp://postgres-frever-it:5432' is being disposed after spending 0ms reading results.
Debug [10111]: Compiling query expression: 
'DbSet&lt;Character&gt;().FromSql(with ins as (
    insert into "Character" ("GenderId",
                             "CharacterStyleId",
                             "GroupId",
                             "Name",
                             "FilesInfo",
                             "PublicForCreation",
                             "PublicForBackgroundDancing",
                             "Size",
                             "PolyCount",
                             "IsDefault",
                             "SortOrder")
        values (1,
                1,
                189750,
                'character-189750',
                '[]'::json,
                false,
                false,
                10100,
                2003,
                true,
                1)
        returning *),
     update_main_character as (
         update "User"
             set "MainCharacterId" = (select "Id" from ins)
             where "MainGroupId" in (select "GroupId"
                                     from ins
                                     where "IsDefault" = true))
select *
from ins, __p_0)
'
Debug [10107]: Generated query execution expression: 
'queryContext =&gt; new FromSqlQueryingEnumerable&lt;Character&gt;(
    (RelationalQueryContext)queryContext, 
    RelationalCommandCache.QueryExpression(
        Projection Mapping:
            EmptyProjectionMember -&gt; Dictionary&lt;IProperty, int&gt; { [Property: Character.Id (long) Required PK AfterSave:Throw ValueGenerated.OnAdd, 0], [Property: Character.CharacterStyleId (long) Required FK Index, 1], [Property: Character.CreatedTime (DateTime) Required ValueGenerated.OnAdd, 2], [Property: Character.Files (List&lt;FileInfo&gt;), 3], [Property: Character.GenderId (long) Required FK Index, 4], [Property: Character.GroupId (long) Required FK Index, 5], [Property: Character.IsDefault (bool) Required, 6], [Property: Character.IsDeleted (bool) Required, 7], [Property: Character.ModifiedTime (DateTime) Required ValueGenerated.OnAdd, 8], [Property: Character.Name (string) Required ValueGenerated.OnAdd, 9], [Property: Character.PolyCount (int?), 10], [Property: Character.PublicForBackgroundDancing (bool) Required, 11], [Property: Character.PublicForCreation (bool) Required, 12], [Property: Character.ReadinessId (long) Required FK Index, 13], [Property: Character.Size (long?), 14], [Property: Character.SortOrder (int) Required, 15], [Property: Character.UploaderUserId (long) Required FK Index ValueGenerated.OnAdd, 16], [Property: Character.Version (Guid) Required, 17] }
        SELECT f.Id, f.CharacterStyleId, f.CreatedTime, f.FilesInfo, f.GenderId, f.GroupId, f.IsDefault, f.IsDeleted, f.ModifiedTime, f.Name, f.PolyCount, f.PublicForBackgroundDancing, f.PublicForCreation, f.ReadinessId, f.Size, f.SortOrder, f.UploaderUserId, f.Version
        FROM with ins as (
    insert into "Character" ("GenderId",
                             "CharacterStyleId",
                             "GroupId",
                             "Name",
                             "FilesInfo",
                             "PublicForCreation",
                             "PublicForBackgroundDancing",
                             "Size",
                             "PolyCount",
                             "IsDefault",
                             "SortOrder")
        values (1,
                1,
                189750,
                'character-189750',
                '[]'::json,
                false,
                false,
                10100,
                2003,
                true,
                1)
        returning *),
     update_main_character as (
         update "User"
             set "MainCharacterId" = (select "Id" from ins)
             where "MainGroupId" in (select "GroupId"
                                     from ins
                                     where "IsDefault" = true))
select *
from ins), 
    null, 
    List&lt;string&gt; { "Id", "CharacterStyleId", "CreatedTime", "FilesInfo", "GenderId", "GroupId", "IsDefault", "IsDeleted", "ModifiedTime", "Name", "PolyCount", "PublicForBackgroundDancing", "PublicForCreation", "ReadinessId", "Size", "SortOrder", "UploaderUserId", "Version" }, 
    Func&lt;QueryContext, DbDataReader, int[], Character&gt;, 
    Frever.Common.IntegrationTesting.TestReadWriteDbContext, 
    False, 
    False, 
    True
)'
Debug [20103]: Creating DbCommand for 'ExecuteReader'.
Debug [20104]: Created DbCommand for 'ExecuteReader' (0ms).
Debug [20106]: Initialized DbCommand for 'ExecuteReader' (0ms).
Debug [20100]: Executing DbCommand [Parameters=[], CommandType='Text', CommandTimeout='60']
with ins as (
    insert into "Character" ("GenderId",
                             "CharacterStyleId",
                             "GroupId",
                             "Name",
                             "FilesInfo",
                             "PublicForCreation",
                             "PublicForBackgroundDancing",
                             "Size",
                             "PolyCount",
                             "IsDefault",
                             "SortOrder")
        values (1,
                1,
                189750,
                'character-189750',
                '[]'::json,
                false,
                false,
                10100,
                2003,
                true,
                1)
        returning *),
     update_main_character as (
         update "User"
             set "MainCharacterId" = (select "Id" from ins)
             where "MainGroupId" in (select "GroupId"
                                     from ins
                                     where "IsDefault" = true))
select *
from ins
Information [20101]: Executed DbCommand (1ms) [Parameters=[], CommandType='Text', CommandTimeout='60']
with ins as (
    insert into "Character" ("GenderId",
                             "CharacterStyleId",
                             "GroupId",
                             "Name",
                             "FilesInfo",
                             "PublicForCreation",
                             "PublicForBackgroundDancing",
                             "Size",
                             "PolyCount",
                             "IsDefault",
                             "SortOrder")
        values (1,
                1,
                189750,
                'character-189750',
                '[]'::json,
                false,
                false,
                10100,
                2003,
                true,
                1)
        returning *),
     update_main_character as (
         update "User"
             set "MainCharacterId" = (select "Id" from ins)
             where "MainGroupId" in (select "GroupId"
                                     from ins
                                     where "IsDefault" = true))
select *
from ins
Debug [10806]: Context 'TestReadWriteDbContext' started tracking 'Character' entity with key '{Id: 305045}'.
Debug [20301]: Closing data reader to 'frevertest' on server 'tcp://postgres-frever-it:5432'.
Debug [20300]: A data reader for 'frevertest' on server 'tcp://postgres-frever-it:5432' is being disposed after spending 0ms reading results.
Debug [10111]: Compiling query expression: 
'DbSet&lt;Character&gt;().FromSql(with ins as (
    insert into "Character" ("GenderId",
                             "CharacterStyleId",
                             "GroupId",
                             "Name",
                             "FilesInfo",
                             "PublicForCreation",
                             "PublicForBackgroundDancing",
                             "Size",
                             "PolyCount",
                             "IsDefault",
                             "SortOrder")
        values (1,
                1,
                189751,
                'character-189751',
                '[]'::json,
                false,
                false,
                10100,
                2003,
                true,
                1)
        returning *),
     update_main_character as (
         update "User"
             set "MainCharacterId" = (select "Id" from ins)
             where "MainGroupId" in (select "GroupId"
                                     from ins
                                     where "IsDefault" = true))
select *
from ins, __p_0)
'
Debug [10107]: Generated query execution expression: 
'queryContext =&gt; new FromSqlQueryingEnumerable&lt;Character&gt;(
    (RelationalQueryContext)queryContext, 
    RelationalCommandCache.QueryExpression(
        Projection Mapping:
            EmptyProjectionMember -&gt; Dictionary&lt;IProperty, int&gt; { [Property: Character.Id (long) Required PK AfterSave:Throw ValueGenerated.OnAdd, 0], [Property: Character.CharacterStyleId (long) Required FK Index, 1], [Property: Character.CreatedTime (DateTime) Required ValueGenerated.OnAdd, 2], [Property: Character.Files (List&lt;FileInfo&gt;), 3], [Property: Character.GenderId (long) Required FK Index, 4], [Property: Character.GroupId (long) Required FK Index, 5], [Property: Character.IsDefault (bool) Required, 6], [Property: Character.IsDeleted (bool) Required, 7], [Property: Character.ModifiedTime (DateTime) Required ValueGenerated.OnAdd, 8], [Property: Character.Name (string) Required ValueGenerated.OnAdd, 9], [Property: Character.PolyCount (int?), 10], [Property: Character.PublicForBackgroundDancing (bool) Required, 11], [Property: Character.PublicForCreation (bool) Required, 12], [Property: Character.ReadinessId (long) Required FK Index, 13], [Property: Character.Size (long?), 14], [Property: Character.SortOrder (int) Required, 15], [Property: Character.UploaderUserId (long) Required FK Index ValueGenerated.OnAdd, 16], [Property: Character.Version (Guid) Required, 17] }
        SELECT f.Id, f.CharacterStyleId, f.CreatedTime, f.FilesInfo, f.GenderId, f.GroupId, f.IsDefault, f.IsDeleted, f.ModifiedTime, f.Name, f.PolyCount, f.PublicForBackgroundDancing, f.PublicForCreation, f.ReadinessId, f.Size, f.SortOrder, f.UploaderUserId, f.Version
        FROM with ins as (
    insert into "Character" ("GenderId",
                             "CharacterStyleId",
                             "GroupId",
                             "Name",
                             "FilesInfo",
                             "PublicForCreation",
                             "PublicForBackgroundDancing",
                             "Size",
                             "PolyCount",
                             "IsDefault",
                             "SortOrder")
        values (1,
                1,
                189751,
                'character-189751',
                '[]'::json,
                false,
                false,
                10100,
                2003,
                true,
                1)
        returning *),
     update_main_character as (
         update "User"
             set "MainCharacterId" = (select "Id" from ins)
             where "MainGroupId" in (select "GroupId"
                                     from ins
                                     where "IsDefault" = true))
select *
from ins), 
    null, 
    List&lt;string&gt; { "Id", "CharacterStyleId", "CreatedTime", "FilesInfo", "GenderId", "GroupId", "IsDefault", "IsDeleted", "ModifiedTime", "Name", "PolyCount", "PublicForBackgroundDancing", "PublicForCreation", "ReadinessId", "Size", "SortOrder", "UploaderUserId", "Version" }, 
    Func&lt;QueryContext, DbDataReader, int[], Character&gt;, 
    Frever.Common.IntegrationTesting.TestReadWriteDbContext, 
    False, 
    False, 
    True
)'
Debug [20103]: Creating DbCommand for 'ExecuteReader'.
Debug [20104]: Created DbCommand for 'ExecuteReader' (0ms).
Debug [20106]: Initialized DbCommand for 'ExecuteReader' (0ms).
Debug [20100]: Executing DbCommand [Parameters=[], CommandType='Text', CommandTimeout='60']
with ins as (
    insert into "Character" ("GenderId",
                             "CharacterStyleId",
                             "GroupId",
                             "Name",
                             "FilesInfo",
                             "PublicForCreation",
                             "PublicForBackgroundDancing",
                             "Size",
                             "PolyCount",
                             "IsDefault",
                             "SortOrder")
        values (1,
                1,
                189751,
                'character-189751',
                '[]'::json,
                false,
                false,
                10100,
                2003,
                true,
                1)
        returning *),
     update_main_character as (
         update "User"
             set "MainCharacterId" = (select "Id" from ins)
             where "MainGroupId" in (select "GroupId"
                                     from ins
                                     where "IsDefault" = true))
select *
from ins
Information [20101]: Executed DbCommand (1ms) [Parameters=[], CommandType='Text', CommandTimeout='60']
with ins as (
    insert into "Character" ("GenderId",
                             "CharacterStyleId",
                             "GroupId",
                             "Name",
                             "FilesInfo",
                             "PublicForCreation",
                             "PublicForBackgroundDancing",
                             "Size",
                             "PolyCount",
                             "IsDefault",
                             "SortOrder")
        values (1,
                1,
                189751,
                'character-189751',
                '[]'::json,
                false,
                false,
                10100,
                2003,
                true,
                1)
        returning *),
     update_main_character as (
         update "User"
             set "MainCharacterId" = (select "Id" from ins)
             where "MainGroupId" in (select "GroupId"
                                     from ins
                                     where "IsDefault" = true))
select *
from ins
Debug [10806]: Context 'TestReadWriteDbContext' started tracking 'Character' entity with key '{Id: 305046}'.
Debug [20301]: Closing data reader to 'frevertest' on server 'tcp://postgres-frever-it:5432'.
Debug [20300]: A data reader for 'frevertest' on server 'tcp://postgres-frever-it:5432' is being disposed after spending 0ms reading results.
Debug [10111]: Compiling query expression: 
'DbSet&lt;Character&gt;().FromSql(with ins as (
    insert into "Character" ("GenderId",
                             "CharacterStyleId",
                             "GroupId",
                             "Name",
                             "FilesInfo",
                             "PublicForCreation",
                             "PublicForBackgroundDancing",
                             "Size",
                             "PolyCount",
                             "IsDefault",
                             "SortOrder")
        values (1,
                1,
                189752,
                'character-189752',
                '[]'::json,
                false,
                false,
                10100,
                2003,
                true,
                1)
        returning *),
     update_main_character as (
         update "User"
             set "MainCharacterId" = (select "Id" from ins)
             where "MainGroupId" in (select "GroupId"
                                     from ins
                                     where "IsDefault" = true))
select *
from ins, __p_0)
'
Debug [10107]: Generated query execution expression: 
'queryContext =&gt; new FromSqlQueryingEnumerable&lt;Character&gt;(
    (RelationalQueryContext)queryContext, 
    RelationalCommandCache.QueryExpression(
        Projection Mapping:
            EmptyProjectionMember -&gt; Dictionary&lt;IProperty, int&gt; { [Property: Character.Id (long) Required PK AfterSave:Throw ValueGenerated.OnAdd, 0], [Property: Character.CharacterStyleId (long) Required FK Index, 1], [Property: Character.CreatedTime (DateTime) Required ValueGenerated.OnAdd, 2], [Property: Character.Files (List&lt;FileInfo&gt;), 3], [Property: Character.GenderId (long) Required FK Index, 4], [Property: Character.GroupId (long) Required FK Index, 5], [Property: Character.IsDefault (bool) Required, 6], [Property: Character.IsDeleted (bool) Required, 7], [Property: Character.ModifiedTime (DateTime) Required ValueGenerated.OnAdd, 8], [Property: Character.Name (string) Required ValueGenerated.OnAdd, 9], [Property: Character.PolyCount (int?), 10], [Property: Character.PublicForBackgroundDancing (bool) Required, 11], [Property: Character.PublicForCreation (bool) Required, 12], [Property: Character.ReadinessId (long) Required FK Index, 13], [Property: Character.Size (long?), 14], [Property: Character.SortOrder (int) Required, 15], [Property: Character.UploaderUserId (long) Required FK Index ValueGenerated.OnAdd, 16], [Property: Character.Version (Guid) Required, 17] }
        SELECT f.Id, f.CharacterStyleId, f.CreatedTime, f.FilesInfo, f.GenderId, f.GroupId, f.IsDefault, f.IsDeleted, f.ModifiedTime, f.Name, f.PolyCount, f.PublicForBackgroundDancing, f.PublicForCreation, f.ReadinessId, f.Size, f.SortOrder, f.UploaderUserId, f.Version
        FROM with ins as (
    insert into "Character" ("GenderId",
                             "CharacterStyleId",
                             "GroupId",
                             "Name",
                             "FilesInfo",
                             "PublicForCreation",
                             "PublicForBackgroundDancing",
                             "Size",
                             "PolyCount",
                             "IsDefault",
                             "SortOrder")
        values (1,
                1,
                189752,
                'character-189752',
                '[]'::json,
                false,
                false,
                10100,
                2003,
                true,
                1)
        returning *),
     update_main_character as (
         update "User"
             set "MainCharacterId" = (select "Id" from ins)
             where "MainGroupId" in (select "GroupId"
                                     from ins
                                     where "IsDefault" = true))
select *
from ins), 
    null, 
    List&lt;string&gt; { "Id", "CharacterStyleId", "CreatedTime", "FilesInfo", "GenderId", "GroupId", "IsDefault", "IsDeleted", "ModifiedTime", "Name", "PolyCount", "PublicForBackgroundDancing", "PublicForCreation", "ReadinessId", "Size", "SortOrder", "UploaderUserId", "Version" }, 
    Func&lt;QueryContext, DbDataReader, int[], Character&gt;, 
    Frever.Common.IntegrationTesting.TestReadWriteDbContext, 
    False, 
    False, 
    True
)'
Debug [20103]: Creating DbCommand for 'ExecuteReader'.
Debug [20104]: Created DbCommand for 'ExecuteReader' (0ms).
Debug [20106]: Initialized DbCommand for 'ExecuteReader' (0ms).
Debug [20100]: Executing DbCommand [Parameters=[], CommandType='Text', CommandTimeout='60']
with ins as (
    insert into "Character" ("GenderId",
                             "CharacterStyleId",
                             "GroupId",
                             "Name",
                             "FilesInfo",
                             "PublicForCreation",
                             "PublicForBackgroundDancing",
                             "Size",
                             "PolyCount",
                             "IsDefault",
                             "SortOrder")
        values (1,
                1,
                189752,
                'character-189752',
                '[]'::json,
                false,
                false,
                10100,
                2003,
                true,
                1)
        returning *),
     update_main_character as (
         update "User"
             set "MainCharacterId" = (select "Id" from ins)
             where "MainGroupId" in (select "GroupId"
                                     from ins
                                     where "IsDefault" = true))
select *
from ins
Information [20101]: Executed DbCommand (1ms) [Parameters=[], CommandType='Text', CommandTimeout='60']
with ins as (
    insert into "Character" ("GenderId",
                             "CharacterStyleId",
                             "GroupId",
                             "Name",
                             "FilesInfo",
                             "PublicForCreation",
                             "PublicForBackgroundDancing",
                             "Size",
                             "PolyCount",
                             "IsDefault",
                             "SortOrder")
        values (1,
                1,
                189752,
                'character-189752',
                '[]'::json,
                false,
                false,
                10100,
                2003,
                true,
                1)
        returning *),
     update_main_character as (
         update "User"
             set "MainCharacterId" = (select "Id" from ins)
             where "MainGroupId" in (select "GroupId"
                                     from ins
                                     where "IsDefault" = true))
select *
from ins
Debug [10806]: Context 'TestReadWriteDbContext' started tracking 'Character' entity with key '{Id: 305047}'.
Debug [20301]: Closing data reader to 'frevertest' on server 'tcp://postgres-frever-it:5432'.
Debug [20300]: A data reader for 'frevertest' on server 'tcp://postgres-frever-it:5432' is being disposed after spending 0ms reading results.
Debug [10111]: Compiling query expression: 
'DbSet&lt;Character&gt;().FromSql(with ins as (
    insert into "Character" ("GenderId",
                             "CharacterStyleId",
                             "GroupId",
                             "Name",
                             "FilesInfo",
                             "PublicForCreation",
                             "PublicForBackgroundDancing",
                             "Size",
                             "PolyCount",
                             "IsDefault",
                             "SortOrder")
        values (1,
                1,
                189753,
                'character-189753',
                '[]'::json,
                false,
                false,
                10100,
                2003,
                true,
                1)
        returning *),
     update_main_character as (
         update "User"
             set "MainCharacterId" = (select "Id" from ins)
             where "MainGroupId" in (select "GroupId"
                                     from ins
                                     where "IsDefault" = true))
select *
from ins, __p_0)
'
Debug [10107]: Generated query execution expression: 
'queryContext =&gt; new FromSqlQueryingEnumerable&lt;Character&gt;(
    (RelationalQueryContext)queryContext, 
    RelationalCommandCache.QueryExpression(
        Projection Mapping:
            EmptyProjectionMember -&gt; Dictionary&lt;IProperty, int&gt; { [Property: Character.Id (long) Required PK AfterSave:Throw ValueGenerated.OnAdd, 0], [Property: Character.CharacterStyleId (long) Required FK Index, 1], [Property: Character.CreatedTime (DateTime) Required ValueGenerated.OnAdd, 2], [Property: Character.Files (List&lt;FileInfo&gt;), 3], [Property: Character.GenderId (long) Required FK Index, 4], [Property: Character.GroupId (long) Required FK Index, 5], [Property: Character.IsDefault (bool) Required, 6], [Property: Character.IsDeleted (bool) Required, 7], [Property: Character.ModifiedTime (DateTime) Required ValueGenerated.OnAdd, 8], [Property: Character.Name (string) Required ValueGenerated.OnAdd, 9], [Property: Character.PolyCount (int?), 10], [Property: Character.PublicForBackgroundDancing (bool) Required, 11], [Property: Character.PublicForCreation (bool) Required, 12], [Property: Character.ReadinessId (long) Required FK Index, 13], [Property: Character.Size (long?), 14], [Property: Character.SortOrder (int) Required, 15], [Property: Character.UploaderUserId (long) Required FK Index ValueGenerated.OnAdd, 16], [Property: Character.Version (Guid) Required, 17] }
        SELECT f.Id, f.CharacterStyleId, f.CreatedTime, f.FilesInfo, f.GenderId, f.GroupId, f.IsDefault, f.IsDeleted, f.ModifiedTime, f.Name, f.PolyCount, f.PublicForBackgroundDancing, f.PublicForCreation, f.ReadinessId, f.Size, f.SortOrder, f.UploaderUserId, f.Version
        FROM with ins as (
    insert into "Character" ("GenderId",
                             "CharacterStyleId",
                             "GroupId",
                             "Name",
                             "FilesInfo",
                             "PublicForCreation",
                             "PublicForBackgroundDancing",
                             "Size",
                             "PolyCount",
                             "IsDefault",
                             "SortOrder")
        values (1,
                1,
                189753,
                'character-189753',
                '[]'::json,
                false,
                false,
                10100,
                2003,
                true,
                1)
        returning *),
     update_main_character as (
         update "User"
             set "MainCharacterId" = (select "Id" from ins)
             where "MainGroupId" in (select "GroupId"
                                     from ins
                                     where "IsDefault" = true))
select *
from ins), 
    null, 
    List&lt;string&gt; { "Id", "CharacterStyleId", "CreatedTime", "FilesInfo", "GenderId", "GroupId", "IsDefault", "IsDeleted", "ModifiedTime", "Name", "PolyCount", "PublicForBackgroundDancing", "PublicForCreation", "ReadinessId", "Size", "SortOrder", "UploaderUserId", "Version" }, 
    Func&lt;QueryContext, DbDataReader, int[], Character&gt;, 
    Frever.Common.IntegrationTesting.TestReadWriteDbContext, 
    False, 
    False, 
    True
)'
Debug [20103]: Creating DbCommand for 'ExecuteReader'.
Debug [20104]: Created DbCommand for 'ExecuteReader' (0ms).
Debug [20106]: Initialized DbCommand for 'ExecuteReader' (0ms).
Debug [20100]: Executing DbCommand [Parameters=[], CommandType='Text', CommandTimeout='60']
with ins as (
    insert into "Character" ("GenderId",
                             "CharacterStyleId",
                             "GroupId",
                             "Name",
                             "FilesInfo",
                             "PublicForCreation",
                             "PublicForBackgroundDancing",
                             "Size",
                             "PolyCount",
                             "IsDefault",
                             "SortOrder")
        values (1,
                1,
                189753,
                'character-189753',
                '[]'::json,
                false,
                false,
                10100,
                2003,
                true,
                1)
        returning *),
     update_main_character as (
         update "User"
             set "MainCharacterId" = (select "Id" from ins)
             where "MainGroupId" in (select "GroupId"
                                     from ins
                                     where "IsDefault" = true))
select *
from ins
Information [20101]: Executed DbCommand (1ms) [Parameters=[], CommandType='Text', CommandTimeout='60']
with ins as (
    insert into "Character" ("GenderId",
                             "CharacterStyleId",
                             "GroupId",
                             "Name",
                             "FilesInfo",
                             "PublicForCreation",
                             "PublicForBackgroundDancing",
                             "Size",
                             "PolyCount",
                             "IsDefault",
                             "SortOrder")
        values (1,
                1,
                189753,
                'character-189753',
                '[]'::json,
                false,
                false,
                10100,
                2003,
                true,
                1)
        returning *),
     update_main_character as (
         update "User"
             set "MainCharacterId" = (select "Id" from ins)
             where "MainGroupId" in (select "GroupId"
                                     from ins
                                     where "IsDefault" = true))
select *
from ins
Debug [10806]: Context 'TestReadWriteDbContext' started tracking 'Character' entity with key '{Id: 305048}'.
Debug [20301]: Closing data reader to 'frevertest' on server 'tcp://postgres-frever-it:5432'.
Debug [20300]: A data reader for 'frevertest' on server 'tcp://postgres-frever-it:5432' is being disposed after spending 0ms reading results.
Debug [10111]: Compiling query expression: 
'DbSet&lt;Character&gt;().FromSql(with ins as (
    insert into "Character" ("GenderId",
                             "CharacterStyleId",
                             "GroupId",
                             "Name",
                             "FilesInfo",
                             "PublicForCreation",
                             "PublicForBackgroundDancing",
                             "Size",
                             "PolyCount",
                             "IsDefault",
                             "SortOrder")
        values (1,
                1,
                189754,
                'character-189754',
                '[]'::json,
                false,
                false,
                10100,
                2003,
                true,
                1)
        returning *),
     update_main_character as (
         update "User"
             set "MainCharacterId" = (select "Id" from ins)
             where "MainGroupId" in (select "GroupId"
                                     from ins
                                     where "IsDefault" = true))
select *
from ins, __p_0)
'
Debug [10107]: Generated query execution expression: 
'queryContext =&gt; new FromSqlQueryingEnumerable&lt;Character&gt;(
    (RelationalQueryContext)queryContext, 
    RelationalCommandCache.QueryExpression(
        Projection Mapping:
            EmptyProjectionMember -&gt; Dictionary&lt;IProperty, int&gt; { [Property: Character.Id (long) Required PK AfterSave:Throw ValueGenerated.OnAdd, 0], [Property: Character.CharacterStyleId (long) Required FK Index, 1], [Property: Character.CreatedTime (DateTime) Required ValueGenerated.OnAdd, 2], [Property: Character.Files (List&lt;FileInfo&gt;), 3], [Property: Character.GenderId (long) Required FK Index, 4], [Property: Character.GroupId (long) Required FK Index, 5], [Property: Character.IsDefault (bool) Required, 6], [Property: Character.IsDeleted (bool) Required, 7], [Property: Character.ModifiedTime (DateTime) Required ValueGenerated.OnAdd, 8], [Property: Character.Name (string) Required ValueGenerated.OnAdd, 9], [Property: Character.PolyCount (int?), 10], [Property: Character.PublicForBackgroundDancing (bool) Required, 11], [Property: Character.PublicForCreation (bool) Required, 12], [Property: Character.ReadinessId (long) Required FK Index, 13], [Property: Character.Size (long?), 14], [Property: Character.SortOrder (int) Required, 15], [Property: Character.UploaderUserId (long) Required FK Index ValueGenerated.OnAdd, 16], [Property: Character.Version (Guid) Required, 17] }
        SELECT f.Id, f.CharacterStyleId, f.CreatedTime, f.FilesInfo, f.GenderId, f.GroupId, f.IsDefault, f.IsDeleted, f.ModifiedTime, f.Name, f.PolyCount, f.PublicForBackgroundDancing, f.PublicForCreation, f.ReadinessId, f.Size, f.SortOrder, f.UploaderUserId, f.Version
        FROM with ins as (
    insert into "Character" ("GenderId",
                             "CharacterStyleId",
                             "GroupId",
                             "Name",
                             "FilesInfo",
                             "PublicForCreation",
                             "PublicForBackgroundDancing",
                             "Size",
                             "PolyCount",
                             "IsDefault",
                             "SortOrder")
        values (1,
                1,
                189754,
                'character-189754',
                '[]'::json,
                false,
                false,
                10100,
                2003,
                true,
                1)
        returning *),
     update_main_character as (
         update "User"
             set "MainCharacterId" = (select "Id" from ins)
             where "MainGroupId" in (select "GroupId"
                                     from ins
                                     where "IsDefault" = true))
select *
from ins), 
    null, 
    List&lt;string&gt; { "Id", "CharacterStyleId", "CreatedTime", "FilesInfo", "GenderId", "GroupId", "IsDefault", "IsDeleted", "ModifiedTime", "Name", "PolyCount", "PublicForBackgroundDancing", "PublicForCreation", "ReadinessId", "Size", "SortOrder", "UploaderUserId", "Version" }, 
    Func&lt;QueryContext, DbDataReader, int[], Character&gt;, 
    Frever.Common.IntegrationTesting.TestReadWriteDbContext, 
    False, 
    False, 
    True
)'
Debug [20103]: Creating DbCommand for 'ExecuteReader'.
Debug [20104]: Created DbCommand for 'ExecuteReader' (0ms).
Debug [20106]: Initialized DbCommand for 'ExecuteReader' (0ms).
Debug [20100]: Executing DbCommand [Parameters=[], CommandType='Text', CommandTimeout='60']
with ins as (
    insert into "Character" ("GenderId",
                             "CharacterStyleId",
                             "GroupId",
                             "Name",
                             "FilesInfo",
                             "PublicForCreation",
                             "PublicForBackgroundDancing",
                             "Size",
                             "PolyCount",
                             "IsDefault",
                             "SortOrder")
        values (1,
                1,
                189754,
                'character-189754',
                '[]'::json,
                false,
                false,
                10100,
                2003,
                true,
                1)
        returning *),
     update_main_character as (
         update "User"
             set "MainCharacterId" = (select "Id" from ins)
             where "MainGroupId" in (select "GroupId"
                                     from ins
                                     where "IsDefault" = true))
select *
from ins
Information [20101]: Executed DbCommand (1ms) [Parameters=[], CommandType='Text', CommandTimeout='60']
with ins as (
    insert into "Character" ("GenderId",
                             "CharacterStyleId",
                             "GroupId",
                             "Name",
                             "FilesInfo",
                             "PublicForCreation",
                             "PublicForBackgroundDancing",
                             "Size",
                             "PolyCount",
                             "IsDefault",
                             "SortOrder")
        values (1,
                1,
                189754,
                'character-189754',
                '[]'::json,
                false,
                false,
                10100,
                2003,
                true,
                1)
        returning *),
     update_main_character as (
         update "User"
             set "MainCharacterId" = (select "Id" from ins)
             where "MainGroupId" in (select "GroupId"
                                     from ins
                                     where "IsDefault" = true))
select *
from ins
Debug [10806]: Context 'TestReadWriteDbContext' started tracking 'Character' entity with key '{Id: 305049}'.
Debug [20301]: Closing data reader to 'frevertest' on server 'tcp://postgres-frever-it:5432'.
Debug [20300]: A data reader for 'frevertest' on server 'tcp://postgres-frever-it:5432' is being disposed after spending 0ms reading results.
Debug [10111]: Compiling query expression: 
'DbSet&lt;Character&gt;().FromSql(with ins as (
    insert into "Character" ("GenderId",
                             "CharacterStyleId",
                             "GroupId",
                             "Name",
                             "FilesInfo",
                             "PublicForCreation",
                             "PublicForBackgroundDancing",
                             "Size",
                             "PolyCount",
                             "IsDefault",
                             "SortOrder")
        values (1,
                1,
                189755,
                'character-189755',
                '[]'::json,
                false,
                false,
                10100,
                2003,
                true,
                1)
        returning *),
     update_main_character as (
         update "User"
             set "MainCharacterId" = (select "Id" from ins)
             where "MainGroupId" in (select "GroupId"
                                     from ins
                                     where "IsDefault" = true))
select *
from ins, __p_0)
'
Debug [10107]: Generated query execution expression: 
'queryContext =&gt; new FromSqlQueryingEnumerable&lt;Character&gt;(
    (RelationalQueryContext)queryContext, 
    RelationalCommandCache.QueryExpression(
        Projection Mapping:
            EmptyProjectionMember -&gt; Dictionary&lt;IProperty, int&gt; { [Property: Character.Id (long) Required PK AfterSave:Throw ValueGenerated.OnAdd, 0], [Property: Character.CharacterStyleId (long) Required FK Index, 1], [Property: Character.CreatedTime (DateTime) Required ValueGenerated.OnAdd, 2], [Property: Character.Files (List&lt;FileInfo&gt;), 3], [Property: Character.GenderId (long) Required FK Index, 4], [Property: Character.GroupId (long) Required FK Index, 5], [Property: Character.IsDefault (bool) Required, 6], [Property: Character.IsDeleted (bool) Required, 7], [Property: Character.ModifiedTime (DateTime) Required ValueGenerated.OnAdd, 8], [Property: Character.Name (string) Required ValueGenerated.OnAdd, 9], [Property: Character.PolyCount (int?), 10], [Property: Character.PublicForBackgroundDancing (bool) Required, 11], [Property: Character.PublicForCreation (bool) Required, 12], [Property: Character.ReadinessId (long) Required FK Index, 13], [Property: Character.Size (long?), 14], [Property: Character.SortOrder (int) Required, 15], [Property: Character.UploaderUserId (long) Required FK Index ValueGenerated.OnAdd, 16], [Property: Character.Version (Guid) Required, 17] }
        SELECT f.Id, f.CharacterStyleId, f.CreatedTime, f.FilesInfo, f.GenderId, f.GroupId, f.IsDefault, f.IsDeleted, f.ModifiedTime, f.Name, f.PolyCount, f.PublicForBackgroundDancing, f.PublicForCreation, f.ReadinessId, f.Size, f.SortOrder, f.UploaderUserId, f.Version
        FROM with ins as (
    insert into "Character" ("GenderId",
                             "CharacterStyleId",
                             "GroupId",
                             "Name",
                             "FilesInfo",
                             "PublicForCreation",
                             "PublicForBackgroundDancing",
                             "Size",
                             "PolyCount",
                             "IsDefault",
                             "SortOrder")
        values (1,
                1,
                189755,
                'character-189755',
                '[]'::json,
                false,
                false,
                10100,
                2003,
                true,
                1)
        returning *),
     update_main_character as (
         update "User"
             set "MainCharacterId" = (select "Id" from ins)
             where "MainGroupId" in (select "GroupId"
                                     from ins
                                     where "IsDefault" = true))
select *
from ins), 
    null, 
    List&lt;string&gt; { "Id", "CharacterStyleId", "CreatedTime", "FilesInfo", "GenderId", "GroupId", "IsDefault", "IsDeleted", "ModifiedTime", "Name", "PolyCount", "PublicForBackgroundDancing", "PublicForCreation", "ReadinessId", "Size", "SortOrder", "UploaderUserId", "Version" }, 
    Func&lt;QueryContext, DbDataReader, int[], Character&gt;, 
    Frever.Common.IntegrationTesting.TestReadWriteDbContext, 
    False, 
    False, 
    True
)'
Debug [20103]: Creating DbCommand for 'ExecuteReader'.
Debug [20104]: Created DbCommand for 'ExecuteReader' (0ms).
Debug [20106]: Initialized DbCommand for 'ExecuteReader' (0ms).
Debug [20100]: Executing DbCommand [Parameters=[], CommandType='Text', CommandTimeout='60']
with ins as (
    insert into "Character" ("GenderId",
                             "CharacterStyleId",
                             "GroupId",
                             "Name",
                             "FilesInfo",
                             "PublicForCreation",
                             "PublicForBackgroundDancing",
                             "Size",
                             "PolyCount",
                             "IsDefault",
                             "SortOrder")
        values (1,
                1,
                189755,
                'character-189755',
                '[]'::json,
                false,
                false,
                10100,
                2003,
                true,
                1)
        returning *),
     update_main_character as (
         update "User"
             set "MainCharacterId" = (select "Id" from ins)
             where "MainGroupId" in (select "GroupId"
                                     from ins
                                     where "IsDefault" = true))
select *
from ins
Information [20101]: Executed DbCommand (1ms) [Parameters=[], CommandType='Text', CommandTimeout='60']
with ins as (
    insert into "Character" ("GenderId",
                             "CharacterStyleId",
                             "GroupId",
                             "Name",
                             "FilesInfo",
                             "PublicForCreation",
                             "PublicForBackgroundDancing",
                             "Size",
                             "PolyCount",
                             "IsDefault",
                             "SortOrder")
        values (1,
                1,
                189755,
                'character-189755',
                '[]'::json,
                false,
                false,
                10100,
                2003,
                true,
                1)
        returning *),
     update_main_character as (
         update "User"
             set "MainCharacterId" = (select "Id" from ins)
             where "MainGroupId" in (select "GroupId"
                                     from ins
                                     where "IsDefault" = true))
select *
from ins
Debug [10806]: Context 'TestReadWriteDbContext' started tracking 'Character' entity with key '{Id: 305050}'.
Debug [20301]: Closing data reader to 'frevertest' on server 'tcp://postgres-frever-it:5432'.
Debug [20300]: A data reader for 'frevertest' on server 'tcp://postgres-frever-it:5432' is being disposed after spending 0ms reading results.
Debug [10111]: Compiling query expression: 
'DbSet&lt;Character&gt;().FromSql(with ins as (
    insert into "Character" ("GenderId",
                             "CharacterStyleId",
                             "GroupId",
                             "Name",
                             "FilesInfo",
                             "PublicForCreation",
                             "PublicForBackgroundDancing",
                             "Size",
                             "PolyCount",
                             "IsDefault",
                             "SortOrder")
        values (1,
                1,
                189756,
                'character-189756',
                '[]'::json,
                false,
                false,
                10100,
                2003,
                true,
                1)
        returning *),
     update_main_character as (
         update "User"
             set "MainCharacterId" = (select "Id" from ins)
             where "MainGroupId" in (select "GroupId"
                                     from ins
                                     where "IsDefault" = true))
select *
from ins, __p_0)
'
Debug [10107]: Generated query execution expression: 
'queryContext =&gt; new FromSqlQueryingEnumerable&lt;Character&gt;(
    (RelationalQueryContext)queryContext, 
    RelationalCommandCache.QueryExpression(
        Projection Mapping:
            EmptyProjectionMember -&gt; Dictionary&lt;IProperty, int&gt; { [Property: Character.Id (long) Required PK AfterSave:Throw ValueGenerated.OnAdd, 0], [Property: Character.CharacterStyleId (long) Required FK Index, 1], [Property: Character.CreatedTime (DateTime) Required ValueGenerated.OnAdd, 2], [Property: Character.Files (List&lt;FileInfo&gt;), 3], [Property: Character.GenderId (long) Required FK Index, 4], [Property: Character.GroupId (long) Required FK Index, 5], [Property: Character.IsDefault (bool) Required, 6], [Property: Character.IsDeleted (bool) Required, 7], [Property: Character.ModifiedTime (DateTime) Required ValueGenerated.OnAdd, 8], [Property: Character.Name (string) Required ValueGenerated.OnAdd, 9], [Property: Character.PolyCount (int?), 10], [Property: Character.PublicForBackgroundDancing (bool) Required, 11], [Property: Character.PublicForCreation (bool) Required, 12], [Property: Character.ReadinessId (long) Required FK Index, 13], [Property: Character.Size (long?), 14], [Property: Character.SortOrder (int) Required, 15], [Property: Character.UploaderUserId (long) Required FK Index ValueGenerated.OnAdd, 16], [Property: Character.Version (Guid) Required, 17] }
        SELECT f.Id, f.CharacterStyleId, f.CreatedTime, f.FilesInfo, f.GenderId, f.GroupId, f.IsDefault, f.IsDeleted, f.ModifiedTime, f.Name, f.PolyCount, f.PublicForBackgroundDancing, f.PublicForCreation, f.ReadinessId, f.Size, f.SortOrder, f.UploaderUserId, f.Version
        FROM with ins as (
    insert into "Character" ("GenderId",
                             "CharacterStyleId",
                             "GroupId",
                             "Name",
                             "FilesInfo",
                             "PublicForCreation",
                             "PublicForBackgroundDancing",
                             "Size",
                             "PolyCount",
                             "IsDefault",
                             "SortOrder")
        values (1,
                1,
                189756,
                'character-189756',
                '[]'::json,
                false,
                false,
                10100,
                2003,
                true,
                1)
        returning *),
     update_main_character as (
         update "User"
             set "MainCharacterId" = (select "Id" from ins)
             where "MainGroupId" in (select "GroupId"
                                     from ins
                                     where "IsDefault" = true))
select *
from ins), 
    null, 
    List&lt;string&gt; { "Id", "CharacterStyleId", "CreatedTime", "FilesInfo", "GenderId", "GroupId", "IsDefault", "IsDeleted", "ModifiedTime", "Name", "PolyCount", "PublicForBackgroundDancing", "PublicForCreation", "ReadinessId", "Size", "SortOrder", "UploaderUserId", "Version" }, 
    Func&lt;QueryContext, DbDataReader, int[], Character&gt;, 
    Frever.Common.IntegrationTesting.TestReadWriteDbContext, 
    False, 
    False, 
    True
)'
Debug [20103]: Creating DbCommand for 'ExecuteReader'.
Debug [20104]: Created DbCommand for 'ExecuteReader' (0ms).
Debug [20106]: Initialized DbCommand for 'ExecuteReader' (0ms).
Debug [20100]: Executing DbCommand [Parameters=[], CommandType='Text', CommandTimeout='60']
with ins as (
    insert into "Character" ("GenderId",
                             "CharacterStyleId",
                             "GroupId",
                             "Name",
                             "FilesInfo",
                             "PublicForCreation",
                             "PublicForBackgroundDancing",
                             "Size",
                             "PolyCount",
                             "IsDefault",
                             "SortOrder")
        values (1,
                1,
                189756,
                'character-189756',
                '[]'::json,
                false,
                false,
                10100,
                2003,
                true,
                1)
        returning *),
     update_main_character as (
         update "User"
             set "MainCharacterId" = (select "Id" from ins)
             where "MainGroupId" in (select "GroupId"
                                     from ins
                                     where "IsDefault" = true))
select *
from ins
Information [20101]: Executed DbCommand (1ms) [Parameters=[], CommandType='Text', CommandTimeout='60']
with ins as (
    insert into "Character" ("GenderId",
                             "CharacterStyleId",
                             "GroupId",
                             "Name",
                             "FilesInfo",
                             "PublicForCreation",
                             "PublicForBackgroundDancing",
                             "Size",
                             "PolyCount",
                             "IsDefault",
                             "SortOrder")
        values (1,
                1,
                189756,
                'character-189756',
                '[]'::json,
                false,
                false,
                10100,
                2003,
                true,
                1)
        returning *),
     update_main_character as (
         update "User"
             set "MainCharacterId" = (select "Id" from ins)
             where "MainGroupId" in (select "GroupId"
                                     from ins
                                     where "IsDefault" = true))
select *
from ins
Debug [10806]: Context 'TestReadWriteDbContext' started tracking 'Character' entity with key '{Id: 305051}'.
Debug [20301]: Closing data reader to 'frevertest' on server 'tcp://postgres-frever-it:5432'.
Debug [20300]: A data reader for 'frevertest' on server 'tcp://postgres-frever-it:5432' is being disposed after spending 0ms reading results.
Debug [10111]: Compiling query expression: 
'DbSet&lt;Character&gt;().FromSql(with ins as (
    insert into "Character" ("GenderId",
                             "CharacterStyleId",
                             "GroupId",
                             "Name",
                             "FilesInfo",
                             "PublicForCreation",
                             "PublicForBackgroundDancing",
                             "Size",
                             "PolyCount",
                             "IsDefault",
                             "SortOrder")
        values (1,
                1,
                189757,
                'character-189757',
                '[]'::json,
                false,
                false,
                10100,
                2003,
                true,
                1)
        returning *),
     update_main_character as (
         update "User"
             set "MainCharacterId" = (select "Id" from ins)
             where "MainGroupId" in (select "GroupId"
                                     from ins
                                     where "IsDefault" = true))
select *
from ins, __p_0)
'
Debug [10107]: Generated query execution expression: 
'queryContext =&gt; new FromSqlQueryingEnumerable&lt;Character&gt;(
    (RelationalQueryContext)queryContext, 
    RelationalCommandCache.QueryExpression(
        Projection Mapping:
            EmptyProjectionMember -&gt; Dictionary&lt;IProperty, int&gt; { [Property: Character.Id (long) Required PK AfterSave:Throw ValueGenerated.OnAdd, 0], [Property: Character.CharacterStyleId (long) Required FK Index, 1], [Property: Character.CreatedTime (DateTime) Required ValueGenerated.OnAdd, 2], [Property: Character.Files (List&lt;FileInfo&gt;), 3], [Property: Character.GenderId (long) Required FK Index, 4], [Property: Character.GroupId (long) Required FK Index, 5], [Property: Character.IsDefault (bool) Required, 6], [Property: Character.IsDeleted (bool) Required, 7], [Property: Character.ModifiedTime (DateTime) Required ValueGenerated.OnAdd, 8], [Property: Character.Name (string) Required ValueGenerated.OnAdd, 9], [Property: Character.PolyCount (int?), 10], [Property: Character.PublicForBackgroundDancing (bool) Required, 11], [Property: Character.PublicForCreation (bool) Required, 12], [Property: Character.ReadinessId (long) Required FK Index, 13], [Property: Character.Size (long?), 14], [Property: Character.SortOrder (int) Required, 15], [Property: Character.UploaderUserId (long) Required FK Index ValueGenerated.OnAdd, 16], [Property: Character.Version (Guid) Required, 17] }
        SELECT f.Id, f.CharacterStyleId, f.CreatedTime, f.FilesInfo, f.GenderId, f.GroupId, f.IsDefault, f.IsDeleted, f.ModifiedTime, f.Name, f.PolyCount, f.PublicForBackgroundDancing, f.PublicForCreation, f.ReadinessId, f.Size, f.SortOrder, f.UploaderUserId, f.Version
        FROM with ins as (
    insert into "Character" ("GenderId",
                             "CharacterStyleId",
                             "GroupId",
                             "Name",
                             "FilesInfo",
                             "PublicForCreation",
                             "PublicForBackgroundDancing",
                             "Size",
                             "PolyCount",
                             "IsDefault",
                             "SortOrder")
        values (1,
                1,
                189757,
                'character-189757',
                '[]'::json,
                false,
                false,
                10100,
                2003,
                true,
                1)
        returning *),
     update_main_character as (
         update "User"
             set "MainCharacterId" = (select "Id" from ins)
             where "MainGroupId" in (select "GroupId"
                                     from ins
                                     where "IsDefault" = true))
select *
from ins), 
    null, 
    List&lt;string&gt; { "Id", "CharacterStyleId", "CreatedTime", "FilesInfo", "GenderId", "GroupId", "IsDefault", "IsDeleted", "ModifiedTime", "Name", "PolyCount", "PublicForBackgroundDancing", "PublicForCreation", "ReadinessId", "Size", "SortOrder", "UploaderUserId", "Version" }, 
    Func&lt;QueryContext, DbDataReader, int[], Character&gt;, 
    Frever.Common.IntegrationTesting.TestReadWriteDbContext, 
    False, 
    False, 
    True
)'
Debug [20103]: Creating DbCommand for 'ExecuteReader'.
Debug [20104]: Created DbCommand for 'ExecuteReader' (0ms).
Debug [20106]: Initialized DbCommand for 'ExecuteReader' (0ms).
Debug [20100]: Executing DbCommand [Parameters=[], CommandType='Text', CommandTimeout='60']
with ins as (
    insert into "Character" ("GenderId",
                             "CharacterStyleId",
                             "GroupId",
                             "Name",
                             "FilesInfo",
                             "PublicForCreation",
                             "PublicForBackgroundDancing",
                             "Size",
                             "PolyCount",
                             "IsDefault",
                             "SortOrder")
        values (1,
                1,
                189757,
                'character-189757',
                '[]'::json,
                false,
                false,
                10100,
                2003,
                true,
                1)
        returning *),
     update_main_character as (
         update "User"
             set "MainCharacterId" = (select "Id" from ins)
             where "MainGroupId" in (select "GroupId"
                                     from ins
                                     where "IsDefault" = true))
select *
from ins
Information [20101]: Executed DbCommand (1ms) [Parameters=[], CommandType='Text', CommandTimeout='60']
with ins as (
    insert into "Character" ("GenderId",
                             "CharacterStyleId",
                             "GroupId",
                             "Name",
                             "FilesInfo",
                             "PublicForCreation",
                             "PublicForBackgroundDancing",
                             "Size",
                             "PolyCount",
                             "IsDefault",
                             "SortOrder")
        values (1,
                1,
                189757,
                'character-189757',
                '[]'::json,
                false,
                false,
                10100,
                2003,
                true,
                1)
        returning *),
     update_main_character as (
         update "User"
             set "MainCharacterId" = (select "Id" from ins)
             where "MainGroupId" in (select "GroupId"
                                     from ins
                                     where "IsDefault" = true))
select *
from ins
Debug [10806]: Context 'TestReadWriteDbContext' started tracking 'Character' entity with key '{Id: 305052}'.
Debug [20301]: Closing data reader to 'frevertest' on server 'tcp://postgres-frever-it:5432'.
Debug [20300]: A data reader for 'frevertest' on server 'tcp://postgres-frever-it:5432' is being disposed after spending 0ms reading results.
Debug [10111]: Compiling query expression: 
'DbSet&lt;Character&gt;().FromSql(with ins as (
    insert into "Character" ("GenderId",
                             "CharacterStyleId",
                             "GroupId",
                             "Name",
                             "FilesInfo",
                             "PublicForCreation",
                             "PublicForBackgroundDancing",
                             "Size",
                             "PolyCount",
                             "IsDefault",
                             "SortOrder")
        values (1,
                1,
                189758,
                'character-189758',
                '[]'::json,
                false,
                false,
                10100,
                2003,
                true,
                1)
        returning *),
     update_main_character as (
         update "User"
             set "MainCharacterId" = (select "Id" from ins)
             where "MainGroupId" in (select "GroupId"
                                     from ins
                                     where "IsDefault" = true))
select *
from ins, __p_0)
'
Debug [10107]: Generated query execution expression: 
'queryContext =&gt; new FromSqlQueryingEnumerable&lt;Character&gt;(
    (RelationalQueryContext)queryContext, 
    RelationalCommandCache.QueryExpression(
        Projection Mapping:
            EmptyProjectionMember -&gt; Dictionary&lt;IProperty, int&gt; { [Property: Character.Id (long) Required PK AfterSave:Throw ValueGenerated.OnAdd, 0], [Property: Character.CharacterStyleId (long) Required FK Index, 1], [Property: Character.CreatedTime (DateTime) Required ValueGenerated.OnAdd, 2], [Property: Character.Files (List&lt;FileInfo&gt;), 3], [Property: Character.GenderId (long) Required FK Index, 4], [Property: Character.GroupId (long) Required FK Index, 5], [Property: Character.IsDefault (bool) Required, 6], [Property: Character.IsDeleted (bool) Required, 7], [Property: Character.ModifiedTime (DateTime) Required ValueGenerated.OnAdd, 8], [Property: Character.Name (string) Required ValueGenerated.OnAdd, 9], [Property: Character.PolyCount (int?), 10], [Property: Character.PublicForBackgroundDancing (bool) Required, 11], [Property: Character.PublicForCreation (bool) Required, 12], [Property: Character.ReadinessId (long) Required FK Index, 13], [Property: Character.Size (long?), 14], [Property: Character.SortOrder (int) Required, 15], [Property: Character.UploaderUserId (long) Required FK Index ValueGenerated.OnAdd, 16], [Property: Character.Version (Guid) Required, 17] }
        SELECT f.Id, f.CharacterStyleId, f.CreatedTime, f.FilesInfo, f.GenderId, f.GroupId, f.IsDefault, f.IsDeleted, f.ModifiedTime, f.Name, f.PolyCount, f.PublicForBackgroundDancing, f.PublicForCreation, f.ReadinessId, f.Size, f.SortOrder, f.UploaderUserId, f.Version
        FROM with ins as (
    insert into "Character" ("GenderId",
                             "CharacterStyleId",
                             "GroupId",
                             "Name",
                             "FilesInfo",
                             "PublicForCreation",
                             "PublicForBackgroundDancing",
                             "Size",
                             "PolyCount",
                             "IsDefault",
                             "SortOrder")
        values (1,
                1,
                189758,
                'character-189758',
                '[]'::json,
                false,
                false,
                10100,
                2003,
                true,
                1)
        returning *),
     update_main_character as (
         update "User"
             set "MainCharacterId" = (select "Id" from ins)
             where "MainGroupId" in (select "GroupId"
                                     from ins
                                     where "IsDefault" = true))
select *
from ins), 
    null, 
    List&lt;string&gt; { "Id", "CharacterStyleId", "CreatedTime", "FilesInfo", "GenderId", "GroupId", "IsDefault", "IsDeleted", "ModifiedTime", "Name", "PolyCount", "PublicForBackgroundDancing", "PublicForCreation", "ReadinessId", "Size", "SortOrder", "UploaderUserId", "Version" }, 
    Func&lt;QueryContext, DbDataReader, int[], Character&gt;, 
    Frever.Common.IntegrationTesting.TestReadWriteDbContext, 
    False, 
    False, 
    True
)'
Debug [20103]: Creating DbCommand for 'ExecuteReader'.
Debug [20104]: Created DbCommand for 'ExecuteReader' (0ms).
Debug [20106]: Initialized DbCommand for 'ExecuteReader' (0ms).
Debug [20100]: Executing DbCommand [Parameters=[], CommandType='Text', CommandTimeout='60']
with ins as (
    insert into "Character" ("GenderId",
                             "CharacterStyleId",
                             "GroupId",
                             "Name",
                             "FilesInfo",
                             "PublicForCreation",
                             "PublicForBackgroundDancing",
                             "Size",
                             "PolyCount",
                             "IsDefault",
                             "SortOrder")
        values (1,
                1,
                189758,
                'character-189758',
                '[]'::json,
                false,
                false,
                10100,
                2003,
                true,
                1)
        returning *),
     update_main_character as (
         update "User"
             set "MainCharacterId" = (select "Id" from ins)
             where "MainGroupId" in (select "GroupId"
                                     from ins
                                     where "IsDefault" = true))
select *
from ins
Information [20101]: Executed DbCommand (1ms) [Parameters=[], CommandType='Text', CommandTimeout='60']
with ins as (
    insert into "Character" ("GenderId",
                             "CharacterStyleId",
                             "GroupId",
                             "Name",
                             "FilesInfo",
                             "PublicForCreation",
                             "PublicForBackgroundDancing",
                             "Size",
                             "PolyCount",
                             "IsDefault",
                             "SortOrder")
        values (1,
                1,
                189758,
                'character-189758',
                '[]'::json,
                false,
                false,
                10100,
                2003,
                true,
                1)
        returning *),
     update_main_character as (
         update "User"
             set "MainCharacterId" = (select "Id" from ins)
             where "MainGroupId" in (select "GroupId"
                                     from ins
                                     where "IsDefault" = true))
select *
from ins
Debug [10806]: Context 'TestReadWriteDbContext' started tracking 'Character' entity with key '{Id: 305053}'.
Debug [20301]: Closing data reader to 'frevertest' on server 'tcp://postgres-frever-it:5432'.
Debug [20300]: A data reader for 'frevertest' on server 'tcp://postgres-frever-it:5432' is being disposed after spending 0ms reading results.
Debug [10111]: Compiling query expression: 
'DbSet&lt;Character&gt;().FromSql(with ins as (
    insert into "Character" ("GenderId",
                             "CharacterStyleId",
                             "GroupId",
                             "Name",
                             "FilesInfo",
                             "PublicForCreation",
                             "PublicForBackgroundDancing",
                             "Size",
                             "PolyCount",
                             "IsDefault",
                             "SortOrder")
        values (1,
                1,
                189759,
                'character-189759',
                '[]'::json,
                false,
                false,
                10100,
                2003,
                true,
                1)
        returning *),
     update_main_character as (
         update "User"
             set "MainCharacterId" = (select "Id" from ins)
             where "MainGroupId" in (select "GroupId"
                                     from ins
                                     where "IsDefault" = true))
select *
from ins, __p_0)
'
Debug [10107]: Generated query execution expression: 
'queryContext =&gt; new FromSqlQueryingEnumerable&lt;Character&gt;(
    (RelationalQueryContext)queryContext, 
    RelationalCommandCache.QueryExpression(
        Projection Mapping:
            EmptyProjectionMember -&gt; Dictionary&lt;IProperty, int&gt; { [Property: Character.Id (long) Required PK AfterSave:Throw ValueGenerated.OnAdd, 0], [Property: Character.CharacterStyleId (long) Required FK Index, 1], [Property: Character.CreatedTime (DateTime) Required ValueGenerated.OnAdd, 2], [Property: Character.Files (List&lt;FileInfo&gt;), 3], [Property: Character.GenderId (long) Required FK Index, 4], [Property: Character.GroupId (long) Required FK Index, 5], [Property: Character.IsDefault (bool) Required, 6], [Property: Character.IsDeleted (bool) Required, 7], [Property: Character.ModifiedTime (DateTime) Required ValueGenerated.OnAdd, 8], [Property: Character.Name (string) Required ValueGenerated.OnAdd, 9], [Property: Character.PolyCount (int?), 10], [Property: Character.PublicForBackgroundDancing (bool) Required, 11], [Property: Character.PublicForCreation (bool) Required, 12], [Property: Character.ReadinessId (long) Required FK Index, 13], [Property: Character.Size (long?), 14], [Property: Character.SortOrder (int) Required, 15], [Property: Character.UploaderUserId (long) Required FK Index ValueGenerated.OnAdd, 16], [Property: Character.Version (Guid) Required, 17] }
        SELECT f.Id, f.CharacterStyleId, f.CreatedTime, f.FilesInfo, f.GenderId, f.GroupId, f.IsDefault, f.IsDeleted, f.ModifiedTime, f.Name, f.PolyCount, f.PublicForBackgroundDancing, f.PublicForCreation, f.ReadinessId, f.Size, f.SortOrder, f.UploaderUserId, f.Version
        FROM with ins as (
    insert into "Character" ("GenderId",
                             "CharacterStyleId",
                             "GroupId",
                             "Name",
                             "FilesInfo",
                             "PublicForCreation",
                             "PublicForBackgroundDancing",
                             "Size",
                             "PolyCount",
                             "IsDefault",
                             "SortOrder")
        values (1,
                1,
                189759,
                'character-189759',
                '[]'::json,
                false,
                false,
                10100,
                2003,
                true,
                1)
        returning *),
     update_main_character as (
         update "User"
             set "MainCharacterId" = (select "Id" from ins)
             where "MainGroupId" in (select "GroupId"
                                     from ins
                                     where "IsDefault" = true))
select *
from ins), 
    null, 
    List&lt;string&gt; { "Id", "CharacterStyleId", "CreatedTime", "FilesInfo", "GenderId", "GroupId", "IsDefault", "IsDeleted", "ModifiedTime", "Name", "PolyCount", "PublicForBackgroundDancing", "PublicForCreation", "ReadinessId", "Size", "SortOrder", "UploaderUserId", "Version" }, 
    Func&lt;QueryContext, DbDataReader, int[], Character&gt;, 
    Frever.Common.IntegrationTesting.TestReadWriteDbContext, 
    False, 
    False, 
    True
)'
Debug [20103]: Creating DbCommand for 'ExecuteReader'.
Debug [20104]: Created DbCommand for 'ExecuteReader' (0ms).
Debug [20106]: Initialized DbCommand for 'ExecuteReader' (0ms).
Debug [20100]: Executing DbCommand [Parameters=[], CommandType='Text', CommandTimeout='60']
with ins as (
    insert into "Character" ("GenderId",
                             "CharacterStyleId",
                             "GroupId",
                             "Name",
                             "FilesInfo",
                             "PublicForCreation",
                             "PublicForBackgroundDancing",
                             "Size",
                             "PolyCount",
                             "IsDefault",
                             "SortOrder")
        values (1,
                1,
                189759,
                'character-189759',
                '[]'::json,
                false,
                false,
                10100,
                2003,
                true,
                1)
        returning *),
     update_main_character as (
         update "User"
             set "MainCharacterId" = (select "Id" from ins)
             where "MainGroupId" in (select "GroupId"
                                     from ins
                                     where "IsDefault" = true))
select *
from ins
Information [20101]: Executed DbCommand (1ms) [Parameters=[], CommandType='Text', CommandTimeout='60']
with ins as (
    insert into "Character" ("GenderId",
                             "CharacterStyleId",
                             "GroupId",
                             "Name",
                             "FilesInfo",
                             "PublicForCreation",
                             "PublicForBackgroundDancing",
                             "Size",
                             "PolyCount",
                             "IsDefault",
                             "SortOrder")
        values (1,
                1,
                189759,
                'character-189759',
                '[]'::json,
                false,
                false,
                10100,
                2003,
                true,
                1)
        returning *),
     update_main_character as (
         update "User"
             set "MainCharacterId" = (select "Id" from ins)
             where "MainGroupId" in (select "GroupId"
                                     from ins
                                     where "IsDefault" = true))
select *
from ins
Debug [10806]: Context 'TestReadWriteDbContext' started tracking 'Character' entity with key '{Id: 305054}'.
Debug [20301]: Closing data reader to 'frevertest' on server 'tcp://postgres-frever-it:5432'.
Debug [20300]: A data reader for 'frevertest' on server 'tcp://postgres-frever-it:5432' is being disposed after spending 0ms reading results.
Debug [10111]: Compiling query expression: 
'DbSet&lt;Character&gt;().FromSql(with ins as (
    insert into "Character" ("GenderId",
                             "CharacterStyleId",
                             "GroupId",
                             "Name",
                             "FilesInfo",
                             "PublicForCreation",
                             "PublicForBackgroundDancing",
                             "Size",
                             "PolyCount",
                             "IsDefault",
                             "SortOrder")
        values (1,
                1,
                189760,
                'character-189760',
                '[]'::json,
                false,
                false,
                10100,
                2003,
                true,
                1)
        returning *),
     update_main_character as (
         update "User"
             set "MainCharacterId" = (select "Id" from ins)
             where "MainGroupId" in (select "GroupId"
                                     from ins
                                     where "IsDefault" = true))
select *
from ins, __p_0)
'
Debug [10107]: Generated query execution expression: 
'queryContext =&gt; new FromSqlQueryingEnumerable&lt;Character&gt;(
    (RelationalQueryContext)queryContext, 
    RelationalCommandCache.QueryExpression(
        Projection Mapping:
            EmptyProjectionMember -&gt; Dictionary&lt;IProperty, int&gt; { [Property: Character.Id (long) Required PK AfterSave:Throw ValueGenerated.OnAdd, 0], [Property: Character.CharacterStyleId (long) Required FK Index, 1], [Property: Character.CreatedTime (DateTime) Required ValueGenerated.OnAdd, 2], [Property: Character.Files (List&lt;FileInfo&gt;), 3], [Property: Character.GenderId (long) Required FK Index, 4], [Property: Character.GroupId (long) Required FK Index, 5], [Property: Character.IsDefault (bool) Required, 6], [Property: Character.IsDeleted (bool) Required, 7], [Property: Character.ModifiedTime (DateTime) Required ValueGenerated.OnAdd, 8], [Property: Character.Name (string) Required ValueGenerated.OnAdd, 9], [Property: Character.PolyCount (int?), 10], [Property: Character.PublicForBackgroundDancing (bool) Required, 11], [Property: Character.PublicForCreation (bool) Required, 12], [Property: Character.ReadinessId (long) Required FK Index, 13], [Property: Character.Size (long?), 14], [Property: Character.SortOrder (int) Required, 15], [Property: Character.UploaderUserId (long) Required FK Index ValueGenerated.OnAdd, 16], [Property: Character.Version (Guid) Required, 17] }
        SELECT f.Id, f.CharacterStyleId, f.CreatedTime, f.FilesInfo, f.GenderId, f.GroupId, f.IsDefault, f.IsDeleted, f.ModifiedTime, f.Name, f.PolyCount, f.PublicForBackgroundDancing, f.PublicForCreation, f.ReadinessId, f.Size, f.SortOrder, f.UploaderUserId, f.Version
        FROM with ins as (
    insert into "Character" ("GenderId",
                             "CharacterStyleId",
                             "GroupId",
                             "Name",
                             "FilesInfo",
                             "PublicForCreation",
                             "PublicForBackgroundDancing",
                             "Size",
                             "PolyCount",
                             "IsDefault",
                             "SortOrder")
        values (1,
                1,
                189760,
                'character-189760',
                '[]'::json,
                false,
                false,
                10100,
                2003,
                true,
                1)
        returning *),
     update_main_character as (
         update "User"
             set "MainCharacterId" = (select "Id" from ins)
             where "MainGroupId" in (select "GroupId"
                                     from ins
                                     where "IsDefault" = true))
select *
from ins), 
    null, 
    List&lt;string&gt; { "Id", "CharacterStyleId", "CreatedTime", "FilesInfo", "GenderId", "GroupId", "IsDefault", "IsDeleted", "ModifiedTime", "Name", "PolyCount", "PublicForBackgroundDancing", "PublicForCreation", "ReadinessId", "Size", "SortOrder", "UploaderUserId", "Version" }, 
    Func&lt;QueryContext, DbDataReader, int[], Character&gt;, 
    Frever.Common.IntegrationTesting.TestReadWriteDbContext, 
    False, 
    False, 
    True
)'
Debug [20103]: Creating DbCommand for 'ExecuteReader'.
Debug [20104]: Created DbCommand for 'ExecuteReader' (0ms).
Debug [20106]: Initialized DbCommand for 'ExecuteReader' (0ms).
Debug [20100]: Executing DbCommand [Parameters=[], CommandType='Text', CommandTimeout='60']
with ins as (
    insert into "Character" ("GenderId",
                             "CharacterStyleId",
                             "GroupId",
                             "Name",
                             "FilesInfo",
                             "PublicForCreation",
                             "PublicForBackgroundDancing",
                             "Size",
                             "PolyCount",
                             "IsDefault",
                             "SortOrder")
        values (1,
                1,
                189760,
                'character-189760',
                '[]'::json,
                false,
                false,
                10100,
                2003,
                true,
                1)
        returning *),
     update_main_character as (
         update "User"
             set "MainCharacterId" = (select "Id" from ins)
             where "MainGroupId" in (select "GroupId"
                                     from ins
                                     where "IsDefault" = true))
select *
from ins
Information [20101]: Executed DbCommand (1ms) [Parameters=[], CommandType='Text', CommandTimeout='60']
with ins as (
    insert into "Character" ("GenderId",
                             "CharacterStyleId",
                             "GroupId",
                             "Name",
                             "FilesInfo",
                             "PublicForCreation",
                             "PublicForBackgroundDancing",
                             "Size",
                             "PolyCount",
                             "IsDefault",
                             "SortOrder")
        values (1,
                1,
                189760,
                'character-189760',
                '[]'::json,
                false,
                false,
                10100,
                2003,
                true,
                1)
        returning *),
     update_main_character as (
         update "User"
             set "MainCharacterId" = (select "Id" from ins)
             where "MainGroupId" in (select "GroupId"
                                     from ins
                                     where "IsDefault" = true))
select *
from ins
Debug [10806]: Context 'TestReadWriteDbContext' started tracking 'Character' entity with key '{Id: 305055}'.
Debug [20301]: Closing data reader to 'frevertest' on server 'tcp://postgres-frever-it:5432'.
Debug [20300]: A data reader for 'frevertest' on server 'tcp://postgres-frever-it:5432' is being disposed after spending 0ms reading results.
Debug [10111]: Compiling query expression: 
'DbSet&lt;Character&gt;().FromSql(with ins as (
    insert into "Character" ("GenderId",
                             "CharacterStyleId",
                             "GroupId",
                             "Name",
                             "FilesInfo",
                             "PublicForCreation",
                             "PublicForBackgroundDancing",
                             "Size",
                             "PolyCount",
                             "IsDefault",
                             "SortOrder")
        values (1,
                1,
                189761,
                'character-189761',
                '[]'::json,
                false,
                false,
                10100,
                2003,
                true,
                1)
        returning *),
     update_main_character as (
         update "User"
             set "MainCharacterId" = (select "Id" from ins)
             where "MainGroupId" in (select "GroupId"
                                     from ins
                                     where "IsDefault" = true))
select *
from ins, __p_0)
'
Debug [10107]: Generated query execution expression: 
'queryContext =&gt; new FromSqlQueryingEnumerable&lt;Character&gt;(
    (RelationalQueryContext)queryContext, 
    RelationalCommandCache.QueryExpression(
        Projection Mapping:
            EmptyProjectionMember -&gt; Dictionary&lt;IProperty, int&gt; { [Property: Character.Id (long) Required PK AfterSave:Throw ValueGenerated.OnAdd, 0], [Property: Character.CharacterStyleId (long) Required FK Index, 1], [Property: Character.CreatedTime (DateTime) Required ValueGenerated.OnAdd, 2], [Property: Character.Files (List&lt;FileInfo&gt;), 3], [Property: Character.GenderId (long) Required FK Index, 4], [Property: Character.GroupId (long) Required FK Index, 5], [Property: Character.IsDefault (bool) Required, 6], [Property: Character.IsDeleted (bool) Required, 7], [Property: Character.ModifiedTime (DateTime) Required ValueGenerated.OnAdd, 8], [Property: Character.Name (string) Required ValueGenerated.OnAdd, 9], [Property: Character.PolyCount (int?), 10], [Property: Character.PublicForBackgroundDancing (bool) Required, 11], [Property: Character.PublicForCreation (bool) Required, 12], [Property: Character.ReadinessId (long) Required FK Index, 13], [Property: Character.Size (long?), 14], [Property: Character.SortOrder (int) Required, 15], [Property: Character.UploaderUserId (long) Required FK Index ValueGenerated.OnAdd, 16], [Property: Character.Version (Guid) Required, 17] }
        SELECT f.Id, f.CharacterStyleId, f.CreatedTime, f.FilesInfo, f.GenderId, f.GroupId, f.IsDefault, f.IsDeleted, f.ModifiedTime, f.Name, f.PolyCount, f.PublicForBackgroundDancing, f.PublicForCreation, f.ReadinessId, f.Size, f.SortOrder, f.UploaderUserId, f.Version
        FROM with ins as (
    insert into "Character" ("GenderId",
                             "CharacterStyleId",
                             "GroupId",
                             "Name",
                             "FilesInfo",
                             "PublicForCreation",
                             "PublicForBackgroundDancing",
                             "Size",
                             "PolyCount",
                             "IsDefault",
                             "SortOrder")
        values (1,
                1,
                189761,
                'character-189761',
                '[]'::json,
                false,
                false,
                10100,
                2003,
                true,
                1)
        returning *),
     update_main_character as (
         update "User"
             set "MainCharacterId" = (select "Id" from ins)
             where "MainGroupId" in (select "GroupId"
                                     from ins
                                     where "IsDefault" = true))
select *
from ins), 
    null, 
    List&lt;string&gt; { "Id", "CharacterStyleId", "CreatedTime", "FilesInfo", "GenderId", "GroupId", "IsDefault", "IsDeleted", "ModifiedTime", "Name", "PolyCount", "PublicForBackgroundDancing", "PublicForCreation", "ReadinessId", "Size", "SortOrder", "UploaderUserId", "Version" }, 
    Func&lt;QueryContext, DbDataReader, int[], Character&gt;, 
    Frever.Common.IntegrationTesting.TestReadWriteDbContext, 
    False, 
    False, 
    True
)'
Debug [20103]: Creating DbCommand for 'ExecuteReader'.
Debug [20104]: Created DbCommand for 'ExecuteReader' (0ms).
Debug [20106]: Initialized DbCommand for 'ExecuteReader' (0ms).
Debug [20100]: Executing DbCommand [Parameters=[], CommandType='Text', CommandTimeout='60']
with ins as (
    insert into "Character" ("GenderId",
                             "CharacterStyleId",
                             "GroupId",
                             "Name",
                             "FilesInfo",
                             "PublicForCreation",
                             "PublicForBackgroundDancing",
                             "Size",
                             "PolyCount",
                             "IsDefault",
                             "SortOrder")
        values (1,
                1,
                189761,
                'character-189761',
                '[]'::json,
                false,
                false,
                10100,
                2003,
                true,
                1)
        returning *),
     update_main_character as (
         update "User"
             set "MainCharacterId" = (select "Id" from ins)
             where "MainGroupId" in (select "GroupId"
                                     from ins
                                     where "IsDefault" = true))
select *
from ins
Information [20101]: Executed DbCommand (1ms) [Parameters=[], CommandType='Text', CommandTimeout='60']
with ins as (
    insert into "Character" ("GenderId",
                             "CharacterStyleId",
                             "GroupId",
                             "Name",
                             "FilesInfo",
                             "PublicForCreation",
                             "PublicForBackgroundDancing",
                             "Size",
                             "PolyCount",
                             "IsDefault",
                             "SortOrder")
        values (1,
                1,
                189761,
                'character-189761',
                '[]'::json,
                false,
                false,
                10100,
                2003,
                true,
                1)
        returning *),
     update_main_character as (
         update "User"
             set "MainCharacterId" = (select "Id" from ins)
             where "MainGroupId" in (select "GroupId"
                                     from ins
                                     where "IsDefault" = true))
select *
from ins
Debug [10806]: Context 'TestReadWriteDbContext' started tracking 'Character' entity with key '{Id: 305056}'.
Debug [20301]: Closing data reader to 'frevertest' on server 'tcp://postgres-frever-it:5432'.
Debug [20300]: A data reader for 'frevertest' on server 'tcp://postgres-frever-it:5432' is being disposed after spending 0ms reading results.
Debug [10111]: Compiling query expression: 
'DbSet&lt;Character&gt;().FromSql(with ins as (
    insert into "Character" ("GenderId",
                             "CharacterStyleId",
                             "GroupId",
                             "Name",
                             "FilesInfo",
                             "PublicForCreation",
                             "PublicForBackgroundDancing",
                             "Size",
                             "PolyCount",
                             "IsDefault",
                             "SortOrder")
        values (1,
                1,
                189762,
                'character-189762',
                '[]'::json,
                false,
                false,
                10100,
                2003,
                true,
                1)
        returning *),
     update_main_character as (
         update "User"
             set "MainCharacterId" = (select "Id" from ins)
             where "MainGroupId" in (select "GroupId"
                                     from ins
                                     where "IsDefault" = true))
select *
from ins, __p_0)
'
Debug [10107]: Generated query execution expression: 
'queryContext =&gt; new FromSqlQueryingEnumerable&lt;Character&gt;(
    (RelationalQueryContext)queryContext, 
    RelationalCommandCache.QueryExpression(
        Projection Mapping:
            EmptyProjectionMember -&gt; Dictionary&lt;IProperty, int&gt; { [Property: Character.Id (long) Required PK AfterSave:Throw ValueGenerated.OnAdd, 0], [Property: Character.CharacterStyleId (long) Required FK Index, 1], [Property: Character.CreatedTime (DateTime) Required ValueGenerated.OnAdd, 2], [Property: Character.Files (List&lt;FileInfo&gt;), 3], [Property: Character.GenderId (long) Required FK Index, 4], [Property: Character.GroupId (long) Required FK Index, 5], [Property: Character.IsDefault (bool) Required, 6], [Property: Character.IsDeleted (bool) Required, 7], [Property: Character.ModifiedTime (DateTime) Required ValueGenerated.OnAdd, 8], [Property: Character.Name (string) Required ValueGenerated.OnAdd, 9], [Property: Character.PolyCount (int?), 10], [Property: Character.PublicForBackgroundDancing (bool) Required, 11], [Property: Character.PublicForCreation (bool) Required, 12], [Property: Character.ReadinessId (long) Required FK Index, 13], [Property: Character.Size (long?), 14], [Property: Character.SortOrder (int) Required, 15], [Property: Character.UploaderUserId (long) Required FK Index ValueGenerated.OnAdd, 16], [Property: Character.Version (Guid) Required, 17] }
        SELECT f.Id, f.CharacterStyleId, f.CreatedTime, f.FilesInfo, f.GenderId, f.GroupId, f.IsDefault, f.IsDeleted, f.ModifiedTime, f.Name, f.PolyCount, f.PublicForBackgroundDancing, f.PublicForCreation, f.ReadinessId, f.Size, f.SortOrder, f.UploaderUserId, f.Version
        FROM with ins as (
    insert into "Character" ("GenderId",
                             "CharacterStyleId",
                             "GroupId",
                             "Name",
                             "FilesInfo",
                             "PublicForCreation",
                             "PublicForBackgroundDancing",
                             "Size",
                             "PolyCount",
                             "IsDefault",
                             "SortOrder")
        values (1,
                1,
                189762,
                'character-189762',
                '[]'::json,
                false,
                false,
                10100,
                2003,
                true,
                1)
        returning *),
     update_main_character as (
         update "User"
             set "MainCharacterId" = (select "Id" from ins)
             where "MainGroupId" in (select "GroupId"
                                     from ins
                                     where "IsDefault" = true))
select *
from ins), 
    null, 
    List&lt;string&gt; { "Id", "CharacterStyleId", "CreatedTime", "FilesInfo", "GenderId", "GroupId", "IsDefault", "IsDeleted", "ModifiedTime", "Name", "PolyCount", "PublicForBackgroundDancing", "PublicForCreation", "ReadinessId", "Size", "SortOrder", "UploaderUserId", "Version" }, 
    Func&lt;QueryContext, DbDataReader, int[], Character&gt;, 
    Frever.Common.IntegrationTesting.TestReadWriteDbContext, 
    False, 
    False, 
    True
)'
Debug [20103]: Creating DbCommand for 'ExecuteReader'.
Debug [20104]: Created DbCommand for 'ExecuteReader' (0ms).
Debug [20106]: Initialized DbCommand for 'ExecuteReader' (0ms).
Debug [20100]: Executing DbCommand [Parameters=[], CommandType='Text', CommandTimeout='60']
with ins as (
    insert into "Character" ("GenderId",
                             "CharacterStyleId",
                             "GroupId",
                             "Name",
                             "FilesInfo",
                             "PublicForCreation",
                             "PublicForBackgroundDancing",
                             "Size",
                             "PolyCount",
                             "IsDefault",
                             "SortOrder")
        values (1,
                1,
                189762,
                'character-189762',
                '[]'::json,
                false,
                false,
                10100,
                2003,
                true,
                1)
        returning *),
     update_main_character as (
         update "User"
             set "MainCharacterId" = (select "Id" from ins)
             where "MainGroupId" in (select "GroupId"
                                     from ins
                                     where "IsDefault" = true))
select *
from ins
Information [20101]: Executed DbCommand (1ms) [Parameters=[], CommandType='Text', CommandTimeout='60']
with ins as (
    insert into "Character" ("GenderId",
                             "CharacterStyleId",
                             "GroupId",
                             "Name",
                             "FilesInfo",
                             "PublicForCreation",
                             "PublicForBackgroundDancing",
                             "Size",
                             "PolyCount",
                             "IsDefault",
                             "SortOrder")
        values (1,
                1,
                189762,
                'character-189762',
                '[]'::json,
                false,
                false,
                10100,
                2003,
                true,
                1)
        returning *),
     update_main_character as (
         update "User"
             set "MainCharacterId" = (select "Id" from ins)
             where "MainGroupId" in (select "GroupId"
                                     from ins
                                     where "IsDefault" = true))
select *
from ins
Debug [10806]: Context 'TestReadWriteDbContext' started tracking 'Character' entity with key '{Id: 305057}'.
Debug [20301]: Closing data reader to 'frevertest' on server 'tcp://postgres-frever-it:5432'.
Debug [20300]: A data reader for 'frevertest' on server 'tcp://postgres-frever-it:5432' is being disposed after spending 0ms reading results.
Debug [10111]: Compiling query expression: 
'DbSet&lt;Character&gt;().FromSql(with ins as (
    insert into "Character" ("GenderId",
                             "CharacterStyleId",
                             "GroupId",
                             "Name",
                             "FilesInfo",
                             "PublicForCreation",
                             "PublicForBackgroundDancing",
                             "Size",
                             "PolyCount",
                             "IsDefault",
                             "SortOrder")
        values (1,
                1,
                189763,
                'character-189763',
                '[]'::json,
                false,
                false,
                10100,
                2003,
                true,
                1)
        returning *),
     update_main_character as (
         update "User"
             set "MainCharacterId" = (select "Id" from ins)
             where "MainGroupId" in (select "GroupId"
                                     from ins
                                     where "IsDefault" = true))
select *
from ins, __p_0)
'
Debug [10107]: Generated query execution expression: 
'queryContext =&gt; new FromSqlQueryingEnumerable&lt;Character&gt;(
    (RelationalQueryContext)queryContext, 
    RelationalCommandCache.QueryExpression(
        Projection Mapping:
            EmptyProjectionMember -&gt; Dictionary&lt;IProperty, int&gt; { [Property: Character.Id (long) Required PK AfterSave:Throw ValueGenerated.OnAdd, 0], [Property: Character.CharacterStyleId (long) Required FK Index, 1], [Property: Character.CreatedTime (DateTime) Required ValueGenerated.OnAdd, 2], [Property: Character.Files (List&lt;FileInfo&gt;), 3], [Property: Character.GenderId (long) Required FK Index, 4], [Property: Character.GroupId (long) Required FK Index, 5], [Property: Character.IsDefault (bool) Required, 6], [Property: Character.IsDeleted (bool) Required, 7], [Property: Character.ModifiedTime (DateTime) Required ValueGenerated.OnAdd, 8], [Property: Character.Name (string) Required ValueGenerated.OnAdd, 9], [Property: Character.PolyCount (int?), 10], [Property: Character.PublicForBackgroundDancing (bool) Required, 11], [Property: Character.PublicForCreation (bool) Required, 12], [Property: Character.ReadinessId (long) Required FK Index, 13], [Property: Character.Size (long?), 14], [Property: Character.SortOrder (int) Required, 15], [Property: Character.UploaderUserId (long) Required FK Index ValueGenerated.OnAdd, 16], [Property: Character.Version (Guid) Required, 17] }
        SELECT f.Id, f.CharacterStyleId, f.CreatedTime, f.FilesInfo, f.GenderId, f.GroupId, f.IsDefault, f.IsDeleted, f.ModifiedTime, f.Name, f.PolyCount, f.PublicForBackgroundDancing, f.PublicForCreation, f.ReadinessId, f.Size, f.SortOrder, f.UploaderUserId, f.Version
        FROM with ins as (
    insert into "Character" ("GenderId",
                             "CharacterStyleId",
                             "GroupId",
                             "Name",
                             "FilesInfo",
                             "PublicForCreation",
                             "PublicForBackgroundDancing",
                             "Size",
                             "PolyCount",
                             "IsDefault",
                             "SortOrder")
        values (1,
                1,
                189763,
                'character-189763',
                '[]'::json,
                false,
                false,
                10100,
                2003,
                true,
                1)
        returning *),
     update_main_character as (
         update "User"
             set "MainCharacterId" = (select "Id" from ins)
             where "MainGroupId" in (select "GroupId"
                                     from ins
                                     where "IsDefault" = true))
select *
from ins), 
    null, 
    List&lt;string&gt; { "Id", "CharacterStyleId", "CreatedTime", "FilesInfo", "GenderId", "GroupId", "IsDefault", "IsDeleted", "ModifiedTime", "Name", "PolyCount", "PublicForBackgroundDancing", "PublicForCreation", "ReadinessId", "Size", "SortOrder", "UploaderUserId", "Version" }, 
    Func&lt;QueryContext, DbDataReader, int[], Character&gt;, 
    Frever.Common.IntegrationTesting.TestReadWriteDbContext, 
    False, 
    False, 
    True
)'
Debug [20103]: Creating DbCommand for 'ExecuteReader'.
Debug [20104]: Created DbCommand for 'ExecuteReader' (0ms).
Debug [20106]: Initialized DbCommand for 'ExecuteReader' (0ms).
Debug [20100]: Executing DbCommand [Parameters=[], CommandType='Text', CommandTimeout='60']
with ins as (
    insert into "Character" ("GenderId",
                             "CharacterStyleId",
                             "GroupId",
                             "Name",
                             "FilesInfo",
                             "PublicForCreation",
                             "PublicForBackgroundDancing",
                             "Size",
                             "PolyCount",
                             "IsDefault",
                             "SortOrder")
        values (1,
                1,
                189763,
                'character-189763',
                '[]'::json,
                false,
                false,
                10100,
                2003,
                true,
                1)
        returning *),
     update_main_character as (
         update "User"
             set "MainCharacterId" = (select "Id" from ins)
             where "MainGroupId" in (select "GroupId"
                                     from ins
                                     where "IsDefault" = true))
select *
from ins
Information [20101]: Executed DbCommand (1ms) [Parameters=[], CommandType='Text', CommandTimeout='60']
with ins as (
    insert into "Character" ("GenderId",
                             "CharacterStyleId",
                             "GroupId",
                             "Name",
                             "FilesInfo",
                             "PublicForCreation",
                             "PublicForBackgroundDancing",
                             "Size",
                             "PolyCount",
                             "IsDefault",
                             "SortOrder")
        values (1,
                1,
                189763,
                'character-189763',
                '[]'::json,
                false,
                false,
                10100,
                2003,
                true,
                1)
        returning *),
     update_main_character as (
         update "User"
             set "MainCharacterId" = (select "Id" from ins)
             where "MainGroupId" in (select "GroupId"
                                     from ins
                                     where "IsDefault" = true))
select *
from ins
Debug [10806]: Context 'TestReadWriteDbContext' started tracking 'Character' entity with key '{Id: 305058}'.
Debug [20301]: Closing data reader to 'frevertest' on server 'tcp://postgres-frever-it:5432'.
Debug [20300]: A data reader for 'frevertest' on server 'tcp://postgres-frever-it:5432' is being disposed after spending 0ms reading results.
Debug [10111]: Compiling query expression: 
'DbSet&lt;Character&gt;().FromSql(with ins as (
    insert into "Character" ("GenderId",
                             "CharacterStyleId",
                             "GroupId",
                             "Name",
                             "FilesInfo",
                             "PublicForCreation",
                             "PublicForBackgroundDancing",
                             "Size",
                             "PolyCount",
                             "IsDefault",
                             "SortOrder")
        values (1,
                1,
                189764,
                'character-189764',
                '[]'::json,
                false,
                false,
                10100,
                2003,
                true,
                1)
        returning *),
     update_main_character as (
         update "User"
             set "MainCharacterId" = (select "Id" from ins)
             where "MainGroupId" in (select "GroupId"
                                     from ins
                                     where "IsDefault" = true))
select *
from ins, __p_0)
'
Debug [10107]: Generated query execution expression: 
'queryContext =&gt; new FromSqlQueryingEnumerable&lt;Character&gt;(
    (RelationalQueryContext)queryContext, 
    RelationalCommandCache.QueryExpression(
        Projection Mapping:
            EmptyProjectionMember -&gt; Dictionary&lt;IProperty, int&gt; { [Property: Character.Id (long) Required PK AfterSave:Throw ValueGenerated.OnAdd, 0], [Property: Character.CharacterStyleId (long) Required FK Index, 1], [Property: Character.CreatedTime (DateTime) Required ValueGenerated.OnAdd, 2], [Property: Character.Files (List&lt;FileInfo&gt;), 3], [Property: Character.GenderId (long) Required FK Index, 4], [Property: Character.GroupId (long) Required FK Index, 5], [Property: Character.IsDefault (bool) Required, 6], [Property: Character.IsDeleted (bool) Required, 7], [Property: Character.ModifiedTime (DateTime) Required ValueGenerated.OnAdd, 8], [Property: Character.Name (string) Required ValueGenerated.OnAdd, 9], [Property: Character.PolyCount (int?), 10], [Property: Character.PublicForBackgroundDancing (bool) Required, 11], [Property: Character.PublicForCreation (bool) Required, 12], [Property: Character.ReadinessId (long) Required FK Index, 13], [Property: Character.Size (long?), 14], [Property: Character.SortOrder (int) Required, 15], [Property: Character.UploaderUserId (long) Required FK Index ValueGenerated.OnAdd, 16], [Property: Character.Version (Guid) Required, 17] }
        SELECT f.Id, f.CharacterStyleId, f.CreatedTime, f.FilesInfo, f.GenderId, f.GroupId, f.IsDefault, f.IsDeleted, f.ModifiedTime, f.Name, f.PolyCount, f.PublicForBackgroundDancing, f.PublicForCreation, f.ReadinessId, f.Size, f.SortOrder, f.UploaderUserId, f.Version
        FROM with ins as (
    insert into "Character" ("GenderId",
                             "CharacterStyleId",
                             "GroupId",
                             "Name",
                             "FilesInfo",
                             "PublicForCreation",
                             "PublicForBackgroundDancing",
                             "Size",
                             "PolyCount",
                             "IsDefault",
                             "SortOrder")
        values (1,
                1,
                189764,
                'character-189764',
                '[]'::json,
                false,
                false,
                10100,
                2003,
                true,
                1)
        returning *),
     update_main_character as (
         update "User"
             set "MainCharacterId" = (select "Id" from ins)
             where "MainGroupId" in (select "GroupId"
                                     from ins
                                     where "IsDefault" = true))
select *
from ins), 
    null, 
    List&lt;string&gt; { "Id", "CharacterStyleId", "CreatedTime", "FilesInfo", "GenderId", "GroupId", "IsDefault", "IsDeleted", "ModifiedTime", "Name", "PolyCount", "PublicForBackgroundDancing", "PublicForCreation", "ReadinessId", "Size", "SortOrder", "UploaderUserId", "Version" }, 
    Func&lt;QueryContext, DbDataReader, int[], Character&gt;, 
    Frever.Common.IntegrationTesting.TestReadWriteDbContext, 
    False, 
    False, 
    True
)'
Debug [20103]: Creating DbCommand for 'ExecuteReader'.
Debug [20104]: Created DbCommand for 'ExecuteReader' (0ms).
Debug [20106]: Initialized DbCommand for 'ExecuteReader' (0ms).
Debug [20100]: Executing DbCommand [Parameters=[], CommandType='Text', CommandTimeout='60']
with ins as (
    insert into "Character" ("GenderId",
                             "CharacterStyleId",
                             "GroupId",
                             "Name",
                             "FilesInfo",
                             "PublicForCreation",
                             "PublicForBackgroundDancing",
                             "Size",
                             "PolyCount",
                             "IsDefault",
                             "SortOrder")
        values (1,
                1,
                189764,
                'character-189764',
                '[]'::json,
                false,
                false,
                10100,
                2003,
                true,
                1)
        returning *),
     update_main_character as (
         update "User"
             set "MainCharacterId" = (select "Id" from ins)
             where "MainGroupId" in (select "GroupId"
                                     from ins
                                     where "IsDefault" = true))
select *
from ins
Information [20101]: Executed DbCommand (1ms) [Parameters=[], CommandType='Text', CommandTimeout='60']
with ins as (
    insert into "Character" ("GenderId",
                             "CharacterStyleId",
                             "GroupId",
                             "Name",
                             "FilesInfo",
                             "PublicForCreation",
                             "PublicForBackgroundDancing",
                             "Size",
                             "PolyCount",
                             "IsDefault",
                             "SortOrder")
        values (1,
                1,
                189764,
                'character-189764',
                '[]'::json,
                false,
                false,
                10100,
                2003,
                true,
                1)
        returning *),
     update_main_character as (
         update "User"
             set "MainCharacterId" = (select "Id" from ins)
             where "MainGroupId" in (select "GroupId"
                                     from ins
                                     where "IsDefault" = true))
select *
from ins
Debug [10806]: Context 'TestReadWriteDbContext' started tracking 'Character' entity with key '{Id: 305059}'.
Debug [20301]: Closing data reader to 'frevertest' on server 'tcp://postgres-frever-it:5432'.
Debug [20300]: A data reader for 'frevertest' on server 'tcp://postgres-frever-it:5432' is being disposed after spending 0ms reading results.
Debug [10111]: Compiling query expression: 
'DbSet&lt;Character&gt;().FromSql(with ins as (
    insert into "Character" ("GenderId",
                             "CharacterStyleId",
                             "GroupId",
                             "Name",
                             "FilesInfo",
                             "PublicForCreation",
                             "PublicForBackgroundDancing",
                             "Size",
                             "PolyCount",
                             "IsDefault",
                             "SortOrder")
        values (1,
                1,
                189765,
                'character-189765',
                '[]'::json,
                false,
                false,
                10100,
                2003,
                true,
                1)
        returning *),
     update_main_character as (
         update "User"
             set "MainCharacterId" = (select "Id" from ins)
             where "MainGroupId" in (select "GroupId"
                                     from ins
                                     where "IsDefault" = true))
select *
from ins, __p_0)
'
Debug [10107]: Generated query execution expression: 
'queryContext =&gt; new FromSqlQueryingEnumerable&lt;Character&gt;(
    (RelationalQueryContext)queryContext, 
    RelationalCommandCache.QueryExpression(
        Projection Mapping:
            EmptyProjectionMember -&gt; Dictionary&lt;IProperty, int&gt; { [Property: Character.Id (long) Required PK AfterSave:Throw ValueGenerated.OnAdd, 0], [Property: Character.CharacterStyleId (long) Required FK Index, 1], [Property: Character.CreatedTime (DateTime) Required ValueGenerated.OnAdd, 2], [Property: Character.Files (List&lt;FileInfo&gt;), 3], [Property: Character.GenderId (long) Required FK Index, 4], [Property: Character.GroupId (long) Required FK Index, 5], [Property: Character.IsDefault (bool) Required, 6], [Property: Character.IsDeleted (bool) Required, 7], [Property: Character.ModifiedTime (DateTime) Required ValueGenerated.OnAdd, 8], [Property: Character.Name (string) Required ValueGenerated.OnAdd, 9], [Property: Character.PolyCount (int?), 10], [Property: Character.PublicForBackgroundDancing (bool) Required, 11], [Property: Character.PublicForCreation (bool) Required, 12], [Property: Character.ReadinessId (long) Required FK Index, 13], [Property: Character.Size (long?), 14], [Property: Character.SortOrder (int) Required, 15], [Property: Character.UploaderUserId (long) Required FK Index ValueGenerated.OnAdd, 16], [Property: Character.Version (Guid) Required, 17] }
        SELECT f.Id, f.CharacterStyleId, f.CreatedTime, f.FilesInfo, f.GenderId, f.GroupId, f.IsDefault, f.IsDeleted, f.ModifiedTime, f.Name, f.PolyCount, f.PublicForBackgroundDancing, f.PublicForCreation, f.ReadinessId, f.Size, f.SortOrder, f.UploaderUserId, f.Version
        FROM with ins as (
    insert into "Character" ("GenderId",
                             "CharacterStyleId",
                             "GroupId",
                             "Name",
                             "FilesInfo",
                             "PublicForCreation",
                             "PublicForBackgroundDancing",
                             "Size",
                             "PolyCount",
                             "IsDefault",
                             "SortOrder")
        values (1,
                1,
                189765,
                'character-189765',
                '[]'::json,
                false,
                false,
                10100,
                2003,
                true,
                1)
        returning *),
     update_main_character as (
         update "User"
             set "MainCharacterId" = (select "Id" from ins)
             where "MainGroupId" in (select "GroupId"
                                     from ins
                                     where "IsDefault" = true))
select *
from ins), 
    null, 
    List&lt;string&gt; { "Id", "CharacterStyleId", "CreatedTime", "FilesInfo", "GenderId", "GroupId", "IsDefault", "IsDeleted", "ModifiedTime", "Name", "PolyCount", "PublicForBackgroundDancing", "PublicForCreation", "ReadinessId", "Size", "SortOrder", "UploaderUserId", "Version" }, 
    Func&lt;QueryContext, DbDataReader, int[], Character&gt;, 
    Frever.Common.IntegrationTesting.TestReadWriteDbContext, 
    False, 
    False, 
    True
)'
Debug [20103]: Creating DbCommand for 'ExecuteReader'.
Debug [20104]: Created DbCommand for 'ExecuteReader' (0ms).
Debug [20106]: Initialized DbCommand for 'ExecuteReader' (0ms).
Debug [20100]: Executing DbCommand [Parameters=[], CommandType='Text', CommandTimeout='60']
with ins as (
    insert into "Character" ("GenderId",
                             "CharacterStyleId",
                             "GroupId",
                             "Name",
                             "FilesInfo",
                             "PublicForCreation",
                             "PublicForBackgroundDancing",
                             "Size",
                             "PolyCount",
                             "IsDefault",
                             "SortOrder")
        values (1,
                1,
                189765,
                'character-189765',
                '[]'::json,
                false,
                false,
                10100,
                2003,
                true,
                1)
        returning *),
     update_main_character as (
         update "User"
             set "MainCharacterId" = (select "Id" from ins)
             where "MainGroupId" in (select "GroupId"
                                     from ins
                                     where "IsDefault" = true))
select *
from ins
Information [20101]: Executed DbCommand (1ms) [Parameters=[], CommandType='Text', CommandTimeout='60']
with ins as (
    insert into "Character" ("GenderId",
                             "CharacterStyleId",
                             "GroupId",
                             "Name",
                             "FilesInfo",
                             "PublicForCreation",
                             "PublicForBackgroundDancing",
                             "Size",
                             "PolyCount",
                             "IsDefault",
                             "SortOrder")
        values (1,
                1,
                189765,
                'character-189765',
                '[]'::json,
                false,
                false,
                10100,
                2003,
                true,
                1)
        returning *),
     update_main_character as (
         update "User"
             set "MainCharacterId" = (select "Id" from ins)
             where "MainGroupId" in (select "GroupId"
                                     from ins
                                     where "IsDefault" = true))
select *
from ins
Debug [10806]: Context 'TestReadWriteDbContext' started tracking 'Character' entity with key '{Id: 305060}'.
Debug [20301]: Closing data reader to 'frevertest' on server 'tcp://postgres-frever-it:5432'.
Debug [20300]: A data reader for 'frevertest' on server 'tcp://postgres-frever-it:5432' is being disposed after spending 0ms reading results.
Debug [10111]: Compiling query expression: 
'DbSet&lt;Character&gt;().FromSql(with ins as (
    insert into "Character" ("GenderId",
                             "CharacterStyleId",
                             "GroupId",
                             "Name",
                             "FilesInfo",
                             "PublicForCreation",
                             "PublicForBackgroundDancing",
                             "Size",
                             "PolyCount",
                             "IsDefault",
                             "SortOrder")
        values (1,
                1,
                189766,
                'character-189766',
                '[]'::json,
                false,
                false,
                10100,
                2003,
                true,
                1)
        returning *),
     update_main_character as (
         update "User"
             set "MainCharacterId" = (select "Id" from ins)
             where "MainGroupId" in (select "GroupId"
                                     from ins
                                     where "IsDefault" = true))
select *
from ins, __p_0)
'
Debug [10107]: Generated query execution expression: 
'queryContext =&gt; new FromSqlQueryingEnumerable&lt;Character&gt;(
    (RelationalQueryContext)queryContext, 
    RelationalCommandCache.QueryExpression(
        Projection Mapping:
            EmptyProjectionMember -&gt; Dictionary&lt;IProperty, int&gt; { [Property: Character.Id (long) Required PK AfterSave:Throw ValueGenerated.OnAdd, 0], [Property: Character.CharacterStyleId (long) Required FK Index, 1], [Property: Character.CreatedTime (DateTime) Required ValueGenerated.OnAdd, 2], [Property: Character.Files (List&lt;FileInfo&gt;), 3], [Property: Character.GenderId (long) Required FK Index, 4], [Property: Character.GroupId (long) Required FK Index, 5], [Property: Character.IsDefault (bool) Required, 6], [Property: Character.IsDeleted (bool) Required, 7], [Property: Character.ModifiedTime (DateTime) Required ValueGenerated.OnAdd, 8], [Property: Character.Name (string) Required ValueGenerated.OnAdd, 9], [Property: Character.PolyCount (int?), 10], [Property: Character.PublicForBackgroundDancing (bool) Required, 11], [Property: Character.PublicForCreation (bool) Required, 12], [Property: Character.ReadinessId (long) Required FK Index, 13], [Property: Character.Size (long?), 14], [Property: Character.SortOrder (int) Required, 15], [Property: Character.UploaderUserId (long) Required FK Index ValueGenerated.OnAdd, 16], [Property: Character.Version (Guid) Required, 17] }
        SELECT f.Id, f.CharacterStyleId, f.CreatedTime, f.FilesInfo, f.GenderId, f.GroupId, f.IsDefault, f.IsDeleted, f.ModifiedTime, f.Name, f.PolyCount, f.PublicForBackgroundDancing, f.PublicForCreation, f.ReadinessId, f.Size, f.SortOrder, f.UploaderUserId, f.Version
        FROM with ins as (
    insert into "Character" ("GenderId",
                             "CharacterStyleId",
                             "GroupId",
                             "Name",
                             "FilesInfo",
                             "PublicForCreation",
                             "PublicForBackgroundDancing",
                             "Size",
                             "PolyCount",
                             "IsDefault",
                             "SortOrder")
        values (1,
                1,
                189766,
                'character-189766',
                '[]'::json,
                false,
                false,
                10100,
                2003,
                true,
                1)
        returning *),
     update_main_character as (
         update "User"
             set "MainCharacterId" = (select "Id" from ins)
             where "MainGroupId" in (select "GroupId"
                                     from ins
                                     where "IsDefault" = true))
select *
from ins), 
    null, 
    List&lt;string&gt; { "Id", "CharacterStyleId", "CreatedTime", "FilesInfo", "GenderId", "GroupId", "IsDefault", "IsDeleted", "ModifiedTime", "Name", "PolyCount", "PublicForBackgroundDancing", "PublicForCreation", "ReadinessId", "Size", "SortOrder", "UploaderUserId", "Version" }, 
    Func&lt;QueryContext, DbDataReader, int[], Character&gt;, 
    Frever.Common.IntegrationTesting.TestReadWriteDbContext, 
    False, 
    False, 
    True
)'
Debug [20103]: Creating DbCommand for 'ExecuteReader'.
Debug [20104]: Created DbCommand for 'ExecuteReader' (0ms).
Debug [20106]: Initialized DbCommand for 'ExecuteReader' (0ms).
Debug [20100]: Executing DbCommand [Parameters=[], CommandType='Text', CommandTimeout='60']
with ins as (
    insert into "Character" ("GenderId",
                             "CharacterStyleId",
                             "GroupId",
                             "Name",
                             "FilesInfo",
                             "PublicForCreation",
                             "PublicForBackgroundDancing",
                             "Size",
                             "PolyCount",
                             "IsDefault",
                             "SortOrder")
        values (1,
                1,
                189766,
                'character-189766',
                '[]'::json,
                false,
                false,
                10100,
                2003,
                true,
                1)
        returning *),
     update_main_character as (
         update "User"
             set "MainCharacterId" = (select "Id" from ins)
             where "MainGroupId" in (select "GroupId"
                                     from ins
                                     where "IsDefault" = true))
select *
from ins
Information [20101]: Executed DbCommand (1ms) [Parameters=[], CommandType='Text', CommandTimeout='60']
with ins as (
    insert into "Character" ("GenderId",
                             "CharacterStyleId",
                             "GroupId",
                             "Name",
                             "FilesInfo",
                             "PublicForCreation",
                             "PublicForBackgroundDancing",
                             "Size",
                             "PolyCount",
                             "IsDefault",
                             "SortOrder")
        values (1,
                1,
                189766,
                'character-189766',
                '[]'::json,
                false,
                false,
                10100,
                2003,
                true,
                1)
        returning *),
     update_main_character as (
         update "User"
             set "MainCharacterId" = (select "Id" from ins)
             where "MainGroupId" in (select "GroupId"
                                     from ins
                                     where "IsDefault" = true))
select *
from ins
Debug [10806]: Context 'TestReadWriteDbContext' started tracking 'Character' entity with key '{Id: 305061}'.
Debug [20301]: Closing data reader to 'frevertest' on server 'tcp://postgres-frever-it:5432'.
Debug [20300]: A data reader for 'frevertest' on server 'tcp://postgres-frever-it:5432' is being disposed after spending 0ms reading results.
Debug [10111]: Compiling query expression: 
'DbSet&lt;Character&gt;().FromSql(with ins as (
    insert into "Character" ("GenderId",
                             "CharacterStyleId",
                             "GroupId",
                             "Name",
                             "FilesInfo",
                             "PublicForCreation",
                             "PublicForBackgroundDancing",
                             "Size",
                             "PolyCount",
                             "IsDefault",
                             "SortOrder")
        values (1,
                1,
                189767,
                'character-189767',
                '[]'::json,
                false,
                false,
                10100,
                2003,
                true,
                1)
        returning *),
     update_main_character as (
         update "User"
             set "MainCharacterId" = (select "Id" from ins)
             where "MainGroupId" in (select "GroupId"
                                     from ins
                                     where "IsDefault" = true))
select *
from ins, __p_0)
'
Debug [10107]: Generated query execution expression: 
'queryContext =&gt; new FromSqlQueryingEnumerable&lt;Character&gt;(
    (RelationalQueryContext)queryContext, 
    RelationalCommandCache.QueryExpression(
        Projection Mapping:
            EmptyProjectionMember -&gt; Dictionary&lt;IProperty, int&gt; { [Property: Character.Id (long) Required PK AfterSave:Throw ValueGenerated.OnAdd, 0], [Property: Character.CharacterStyleId (long) Required FK Index, 1], [Property: Character.CreatedTime (DateTime) Required ValueGenerated.OnAdd, 2], [Property: Character.Files (List&lt;FileInfo&gt;), 3], [Property: Character.GenderId (long) Required FK Index, 4], [Property: Character.GroupId (long) Required FK Index, 5], [Property: Character.IsDefault (bool) Required, 6], [Property: Character.IsDeleted (bool) Required, 7], [Property: Character.ModifiedTime (DateTime) Required ValueGenerated.OnAdd, 8], [Property: Character.Name (string) Required ValueGenerated.OnAdd, 9], [Property: Character.PolyCount (int?), 10], [Property: Character.PublicForBackgroundDancing (bool) Required, 11], [Property: Character.PublicForCreation (bool) Required, 12], [Property: Character.ReadinessId (long) Required FK Index, 13], [Property: Character.Size (long?), 14], [Property: Character.SortOrder (int) Required, 15], [Property: Character.UploaderUserId (long) Required FK Index ValueGenerated.OnAdd, 16], [Property: Character.Version (Guid) Required, 17] }
        SELECT f.Id, f.CharacterStyleId, f.CreatedTime, f.FilesInfo, f.GenderId, f.GroupId, f.IsDefault, f.IsDeleted, f.ModifiedTime, f.Name, f.PolyCount, f.PublicForBackgroundDancing, f.PublicForCreation, f.ReadinessId, f.Size, f.SortOrder, f.UploaderUserId, f.Version
        FROM with ins as (
    insert into "Character" ("GenderId",
                             "CharacterStyleId",
                             "GroupId",
                             "Name",
                             "FilesInfo",
                             "PublicForCreation",
                             "PublicForBackgroundDancing",
                             "Size",
                             "PolyCount",
                             "IsDefault",
                             "SortOrder")
        values (1,
                1,
                189767,
                'character-189767',
                '[]'::json,
                false,
                false,
                10100,
                2003,
                true,
                1)
        returning *),
     update_main_character as (
         update "User"
             set "MainCharacterId" = (select "Id" from ins)
             where "MainGroupId" in (select "GroupId"
                                     from ins
                                     where "IsDefault" = true))
select *
from ins), 
    null, 
    List&lt;string&gt; { "Id", "CharacterStyleId", "CreatedTime", "FilesInfo", "GenderId", "GroupId", "IsDefault", "IsDeleted", "ModifiedTime", "Name", "PolyCount", "PublicForBackgroundDancing", "PublicForCreation", "ReadinessId", "Size", "SortOrder", "UploaderUserId", "Version" }, 
    Func&lt;QueryContext, DbDataReader, int[], Character&gt;, 
    Frever.Common.IntegrationTesting.TestReadWriteDbContext, 
    False, 
    False, 
    True
)'
Debug [20103]: Creating DbCommand for 'ExecuteReader'.
Debug [20104]: Created DbCommand for 'ExecuteReader' (0ms).
Debug [20106]: Initialized DbCommand for 'ExecuteReader' (0ms).
Debug [20100]: Executing DbCommand [Parameters=[], CommandType='Text', CommandTimeout='60']
with ins as (
    insert into "Character" ("GenderId",
                             "CharacterStyleId",
                             "GroupId",
                             "Name",
                             "FilesInfo",
                             "PublicForCreation",
                             "PublicForBackgroundDancing",
                             "Size",
                             "PolyCount",
                             "IsDefault",
                             "SortOrder")
        values (1,
                1,
                189767,
                'character-189767',
                '[]'::json,
                false,
                false,
                10100,
                2003,
                true,
                1)
        returning *),
     update_main_character as (
         update "User"
             set "MainCharacterId" = (select "Id" from ins)
             where "MainGroupId" in (select "GroupId"
                                     from ins
                                     where "IsDefault" = true))
select *
from ins
Information [20101]: Executed DbCommand (1ms) [Parameters=[], CommandType='Text', CommandTimeout='60']
with ins as (
    insert into "Character" ("GenderId",
                             "CharacterStyleId",
                             "GroupId",
                             "Name",
                             "FilesInfo",
                             "PublicForCreation",
                             "PublicForBackgroundDancing",
                             "Size",
                             "PolyCount",
                             "IsDefault",
                             "SortOrder")
        values (1,
                1,
                189767,
                'character-189767',
                '[]'::json,
                false,
                false,
                10100,
                2003,
                true,
                1)
        returning *),
     update_main_character as (
         update "User"
             set "MainCharacterId" = (select "Id" from ins)
             where "MainGroupId" in (select "GroupId"
                                     from ins
                                     where "IsDefault" = true))
select *
from ins
Debug [10806]: Context 'TestReadWriteDbContext' started tracking 'Character' entity with key '{Id: 305062}'.
Debug [20301]: Closing data reader to 'frevertest' on server 'tcp://postgres-frever-it:5432'.
Debug [20300]: A data reader for 'frevertest' on server 'tcp://postgres-frever-it:5432' is being disposed after spending 0ms reading results.
Debug [10111]: Compiling query expression: 
'DbSet&lt;Character&gt;().FromSql(with ins as (
    insert into "Character" ("GenderId",
                             "CharacterStyleId",
                             "GroupId",
                             "Name",
                             "FilesInfo",
                             "PublicForCreation",
                             "PublicForBackgroundDancing",
                             "Size",
                             "PolyCount",
                             "IsDefault",
                             "SortOrder")
        values (1,
                1,
                189768,
                'character-189768',
                '[]'::json,
                false,
                false,
                10100,
                2003,
                true,
                1)
        returning *),
     update_main_character as (
         update "User"
             set "MainCharacterId" = (select "Id" from ins)
             where "MainGroupId" in (select "GroupId"
                                     from ins
                                     where "IsDefault" = true))
select *
from ins, __p_0)
'
Debug [10107]: Generated query execution expression: 
'queryContext =&gt; new FromSqlQueryingEnumerable&lt;Character&gt;(
    (RelationalQueryContext)queryContext, 
    RelationalCommandCache.QueryExpression(
        Projection Mapping:
            EmptyProjectionMember -&gt; Dictionary&lt;IProperty, int&gt; { [Property: Character.Id (long) Required PK AfterSave:Throw ValueGenerated.OnAdd, 0], [Property: Character.CharacterStyleId (long) Required FK Index, 1], [Property: Character.CreatedTime (DateTime) Required ValueGenerated.OnAdd, 2], [Property: Character.Files (List&lt;FileInfo&gt;), 3], [Property: Character.GenderId (long) Required FK Index, 4], [Property: Character.GroupId (long) Required FK Index, 5], [Property: Character.IsDefault (bool) Required, 6], [Property: Character.IsDeleted (bool) Required, 7], [Property: Character.ModifiedTime (DateTime) Required ValueGenerated.OnAdd, 8], [Property: Character.Name (string) Required ValueGenerated.OnAdd, 9], [Property: Character.PolyCount (int?), 10], [Property: Character.PublicForBackgroundDancing (bool) Required, 11], [Property: Character.PublicForCreation (bool) Required, 12], [Property: Character.ReadinessId (long) Required FK Index, 13], [Property: Character.Size (long?), 14], [Property: Character.SortOrder (int) Required, 15], [Property: Character.UploaderUserId (long) Required FK Index ValueGenerated.OnAdd, 16], [Property: Character.Version (Guid) Required, 17] }
        SELECT f.Id, f.CharacterStyleId, f.CreatedTime, f.FilesInfo, f.GenderId, f.GroupId, f.IsDefault, f.IsDeleted, f.ModifiedTime, f.Name, f.PolyCount, f.PublicForBackgroundDancing, f.PublicForCreation, f.ReadinessId, f.Size, f.SortOrder, f.UploaderUserId, f.Version
        FROM with ins as (
    insert into "Character" ("GenderId",
                             "CharacterStyleId",
                             "GroupId",
                             "Name",
                             "FilesInfo",
                             "PublicForCreation",
                             "PublicForBackgroundDancing",
                             "Size",
                             "PolyCount",
                             "IsDefault",
                             "SortOrder")
        values (1,
                1,
                189768,
                'character-189768',
                '[]'::json,
                false,
                false,
                10100,
                2003,
                true,
                1)
        returning *),
     update_main_character as (
         update "User"
             set "MainCharacterId" = (select "Id" from ins)
             where "MainGroupId" in (select "GroupId"
                                     from ins
                                     where "IsDefault" = true))
select *
from ins), 
    null, 
    List&lt;string&gt; { "Id", "CharacterStyleId", "CreatedTime", "FilesInfo", "GenderId", "GroupId", "IsDefault", "IsDeleted", "ModifiedTime", "Name", "PolyCount", "PublicForBackgroundDancing", "PublicForCreation", "ReadinessId", "Size", "SortOrder", "UploaderUserId", "Version" }, 
    Func&lt;QueryContext, DbDataReader, int[], Character&gt;, 
    Frever.Common.IntegrationTesting.TestReadWriteDbContext, 
    False, 
    False, 
    True
)'
Debug [20103]: Creating DbCommand for 'ExecuteReader'.
Debug [20104]: Created DbCommand for 'ExecuteReader' (0ms).
Debug [20106]: Initialized DbCommand for 'ExecuteReader' (0ms).
Debug [20100]: Executing DbCommand [Parameters=[], CommandType='Text', CommandTimeout='60']
with ins as (
    insert into "Character" ("GenderId",
                             "CharacterStyleId",
                             "GroupId",
                             "Name",
                             "FilesInfo",
                             "PublicForCreation",
                             "PublicForBackgroundDancing",
                             "Size",
                             "PolyCount",
                             "IsDefault",
                             "SortOrder")
        values (1,
                1,
                189768,
                'character-189768',
                '[]'::json,
                false,
                false,
                10100,
                2003,
                true,
                1)
        returning *),
     update_main_character as (
         update "User"
             set "MainCharacterId" = (select "Id" from ins)
             where "MainGroupId" in (select "GroupId"
                                     from ins
                                     where "IsDefault" = true))
select *
from ins
Information [20101]: Executed DbCommand (1ms) [Parameters=[], CommandType='Text', CommandTimeout='60']
with ins as (
    insert into "Character" ("GenderId",
                             "CharacterStyleId",
                             "GroupId",
                             "Name",
                             "FilesInfo",
                             "PublicForCreation",
                             "PublicForBackgroundDancing",
                             "Size",
                             "PolyCount",
                             "IsDefault",
                             "SortOrder")
        values (1,
                1,
                189768,
                'character-189768',
                '[]'::json,
                false,
                false,
                10100,
                2003,
                true,
                1)
        returning *),
     update_main_character as (
         update "User"
             set "MainCharacterId" = (select "Id" from ins)
             where "MainGroupId" in (select "GroupId"
                                     from ins
                                     where "IsDefault" = true))
select *
from ins
Debug [10806]: Context 'TestReadWriteDbContext' started tracking 'Character' entity with key '{Id: 305063}'.
Debug [20301]: Closing data reader to 'frevertest' on server 'tcp://postgres-frever-it:5432'.
Debug [20300]: A data reader for 'frevertest' on server 'tcp://postgres-frever-it:5432' is being disposed after spending 0ms reading results.
Debug [10111]: Compiling query expression: 
'DbSet&lt;Character&gt;().FromSql(with ins as (
    insert into "Character" ("GenderId",
                             "CharacterStyleId",
                             "GroupId",
                             "Name",
                             "FilesInfo",
                             "PublicForCreation",
                             "PublicForBackgroundDancing",
                             "Size",
                             "PolyCount",
                             "IsDefault",
                             "SortOrder")
        values (1,
                1,
                189769,
                'character-189769',
                '[]'::json,
                false,
                false,
                10100,
                2003,
                true,
                1)
        returning *),
     update_main_character as (
         update "User"
             set "MainCharacterId" = (select "Id" from ins)
             where "MainGroupId" in (select "GroupId"
                                     from ins
                                     where "IsDefault" = true))
select *
from ins, __p_0)
'
Debug [10107]: Generated query execution expression: 
'queryContext =&gt; new FromSqlQueryingEnumerable&lt;Character&gt;(
    (RelationalQueryContext)queryContext, 
    RelationalCommandCache.QueryExpression(
        Projection Mapping:
            EmptyProjectionMember -&gt; Dictionary&lt;IProperty, int&gt; { [Property: Character.Id (long) Required PK AfterSave:Throw ValueGenerated.OnAdd, 0], [Property: Character.CharacterStyleId (long) Required FK Index, 1], [Property: Character.CreatedTime (DateTime) Required ValueGenerated.OnAdd, 2], [Property: Character.Files (List&lt;FileInfo&gt;), 3], [Property: Character.GenderId (long) Required FK Index, 4], [Property: Character.GroupId (long) Required FK Index, 5], [Property: Character.IsDefault (bool) Required, 6], [Property: Character.IsDeleted (bool) Required, 7], [Property: Character.ModifiedTime (DateTime) Required ValueGenerated.OnAdd, 8], [Property: Character.Name (string) Required ValueGenerated.OnAdd, 9], [Property: Character.PolyCount (int?), 10], [Property: Character.PublicForBackgroundDancing (bool) Required, 11], [Property: Character.PublicForCreation (bool) Required, 12], [Property: Character.ReadinessId (long) Required FK Index, 13], [Property: Character.Size (long?), 14], [Property: Character.SortOrder (int) Required, 15], [Property: Character.UploaderUserId (long) Required FK Index ValueGenerated.OnAdd, 16], [Property: Character.Version (Guid) Required, 17] }
        SELECT f.Id, f.CharacterStyleId, f.CreatedTime, f.FilesInfo, f.GenderId, f.GroupId, f.IsDefault, f.IsDeleted, f.ModifiedTime, f.Name, f.PolyCount, f.PublicForBackgroundDancing, f.PublicForCreation, f.ReadinessId, f.Size, f.SortOrder, f.UploaderUserId, f.Version
        FROM with ins as (
    insert into "Character" ("GenderId",
                             "CharacterStyleId",
                             "GroupId",
                             "Name",
                             "FilesInfo",
                             "PublicForCreation",
                             "PublicForBackgroundDancing",
                             "Size",
                             "PolyCount",
                             "IsDefault",
                             "SortOrder")
        values (1,
                1,
                189769,
                'character-189769',
                '[]'::json,
                false,
                false,
                10100,
                2003,
                true,
                1)
        returning *),
     update_main_character as (
         update "User"
             set "MainCharacterId" = (select "Id" from ins)
             where "MainGroupId" in (select "GroupId"
                                     from ins
                                     where "IsDefault" = true))
select *
from ins), 
    null, 
    List&lt;string&gt; { "Id", "CharacterStyleId", "CreatedTime", "FilesInfo", "GenderId", "GroupId", "IsDefault", "IsDeleted", "ModifiedTime", "Name", "PolyCount", "PublicForBackgroundDancing", "PublicForCreation", "ReadinessId", "Size", "SortOrder", "UploaderUserId", "Version" }, 
    Func&lt;QueryContext, DbDataReader, int[], Character&gt;, 
    Frever.Common.IntegrationTesting.TestReadWriteDbContext, 
    False, 
    False, 
    True
)'
Debug [20103]: Creating DbCommand for 'ExecuteReader'.
Debug [20104]: Created DbCommand for 'ExecuteReader' (0ms).
Debug [20106]: Initialized DbCommand for 'ExecuteReader' (0ms).
Debug [20100]: Executing DbCommand [Parameters=[], CommandType='Text', CommandTimeout='60']
with ins as (
    insert into "Character" ("GenderId",
                             "CharacterStyleId",
                             "GroupId",
                             "Name",
                             "FilesInfo",
                             "PublicForCreation",
                             "PublicForBackgroundDancing",
                             "Size",
                             "PolyCount",
                             "IsDefault",
                             "SortOrder")
        values (1,
                1,
                189769,
                'character-189769',
                '[]'::json,
                false,
                false,
                10100,
                2003,
                true,
                1)
        returning *),
     update_main_character as (
         update "User"
             set "MainCharacterId" = (select "Id" from ins)
             where "MainGroupId" in (select "GroupId"
                                     from ins
                                     where "IsDefault" = true))
select *
from ins
Information [20101]: Executed DbCommand (1ms) [Parameters=[], CommandType='Text', CommandTimeout='60']
with ins as (
    insert into "Character" ("GenderId",
                             "CharacterStyleId",
                             "GroupId",
                             "Name",
                             "FilesInfo",
                             "PublicForCreation",
                             "PublicForBackgroundDancing",
                             "Size",
                             "PolyCount",
                             "IsDefault",
                             "SortOrder")
        values (1,
                1,
                189769,
                'character-189769',
                '[]'::json,
                false,
                false,
                10100,
                2003,
                true,
                1)
        returning *),
     update_main_character as (
         update "User"
             set "MainCharacterId" = (select "Id" from ins)
             where "MainGroupId" in (select "GroupId"
                                     from ins
                                     where "IsDefault" = true))
select *
from ins
Debug [10806]: Context 'TestReadWriteDbContext' started tracking 'Character' entity with key '{Id: 305064}'.
Debug [20301]: Closing data reader to 'frevertest' on server 'tcp://postgres-frever-it:5432'.
Debug [20300]: A data reader for 'frevertest' on server 'tcp://postgres-frever-it:5432' is being disposed after spending 0ms reading results.
Debug [10111]: Compiling query expression: 
'DbSet&lt;Character&gt;().FromSql(with ins as (
    insert into "Character" ("GenderId",
                             "CharacterStyleId",
                             "GroupId",
                             "Name",
                             "FilesInfo",
                             "PublicForCreation",
                             "PublicForBackgroundDancing",
                             "Size",
                             "PolyCount",
                             "IsDefault",
                             "SortOrder")
        values (1,
                1,
                189770,
                'character-189770',
                '[]'::json,
                false,
                false,
                10100,
                2003,
                true,
                1)
        returning *),
     update_main_character as (
         update "User"
             set "MainCharacterId" = (select "Id" from ins)
             where "MainGroupId" in (select "GroupId"
                                     from ins
                                     where "IsDefault" = true))
select *
from ins, __p_0)
'
Debug [10107]: Generated query execution expression: 
'queryContext =&gt; new FromSqlQueryingEnumerable&lt;Character&gt;(
    (RelationalQueryContext)queryContext, 
    RelationalCommandCache.QueryExpression(
        Projection Mapping:
            EmptyProjectionMember -&gt; Dictionary&lt;IProperty, int&gt; { [Property: Character.Id (long) Required PK AfterSave:Throw ValueGenerated.OnAdd, 0], [Property: Character.CharacterStyleId (long) Required FK Index, 1], [Property: Character.CreatedTime (DateTime) Required ValueGenerated.OnAdd, 2], [Property: Character.Files (List&lt;FileInfo&gt;), 3], [Property: Character.GenderId (long) Required FK Index, 4], [Property: Character.GroupId (long) Required FK Index, 5], [Property: Character.IsDefault (bool) Required, 6], [Property: Character.IsDeleted (bool) Required, 7], [Property: Character.ModifiedTime (DateTime) Required ValueGenerated.OnAdd, 8], [Property: Character.Name (string) Required ValueGenerated.OnAdd, 9], [Property: Character.PolyCount (int?), 10], [Property: Character.PublicForBackgroundDancing (bool) Required, 11], [Property: Character.PublicForCreation (bool) Required, 12], [Property: Character.ReadinessId (long) Required FK Index, 13], [Property: Character.Size (long?), 14], [Property: Character.SortOrder (int) Required, 15], [Property: Character.UploaderUserId (long) Required FK Index ValueGenerated.OnAdd, 16], [Property: Character.Version (Guid) Required, 17] }
        SELECT f.Id, f.CharacterStyleId, f.CreatedTime, f.FilesInfo, f.GenderId, f.GroupId, f.IsDefault, f.IsDeleted, f.ModifiedTime, f.Name, f.PolyCount, f.PublicForBackgroundDancing, f.PublicForCreation, f.ReadinessId, f.Size, f.SortOrder, f.UploaderUserId, f.Version
        FROM with ins as (
    insert into "Character" ("GenderId",
                             "CharacterStyleId",
                             "GroupId",
                             "Name",
                             "FilesInfo",
                             "PublicForCreation",
                             "PublicForBackgroundDancing",
                             "Size",
                             "PolyCount",
                             "IsDefault",
                             "SortOrder")
        values (1,
                1,
                189770,
                'character-189770',
                '[]'::json,
                false,
                false,
                10100,
                2003,
                true,
                1)
        returning *),
     update_main_character as (
         update "User"
             set "MainCharacterId" = (select "Id" from ins)
             where "MainGroupId" in (select "GroupId"
                                     from ins
                                     where "IsDefault" = true))
select *
from ins), 
    null, 
    List&lt;string&gt; { "Id", "CharacterStyleId", "CreatedTime", "FilesInfo", "GenderId", "GroupId", "IsDefault", "IsDeleted", "ModifiedTime", "Name", "PolyCount", "PublicForBackgroundDancing", "PublicForCreation", "ReadinessId", "Size", "SortOrder", "UploaderUserId", "Version" }, 
    Func&lt;QueryContext, DbDataReader, int[], Character&gt;, 
    Frever.Common.IntegrationTesting.TestReadWriteDbContext, 
    False, 
    False, 
    True
)'
Debug [20103]: Creating DbCommand for 'ExecuteReader'.
Debug [20104]: Created DbCommand for 'ExecuteReader' (0ms).
Debug [20106]: Initialized DbCommand for 'ExecuteReader' (0ms).
Debug [20100]: Executing DbCommand [Parameters=[], CommandType='Text', CommandTimeout='60']
with ins as (
    insert into "Character" ("GenderId",
                             "CharacterStyleId",
                             "GroupId",
                             "Name",
                             "FilesInfo",
                             "PublicForCreation",
                             "PublicForBackgroundDancing",
                             "Size",
                             "PolyCount",
                             "IsDefault",
                             "SortOrder")
        values (1,
                1,
                189770,
                'character-189770',
                '[]'::json,
                false,
                false,
                10100,
                2003,
                true,
                1)
        returning *),
     update_main_character as (
         update "User"
             set "MainCharacterId" = (select "Id" from ins)
             where "MainGroupId" in (select "GroupId"
                                     from ins
                                     where "IsDefault" = true))
select *
from ins
Information [20101]: Executed DbCommand (1ms) [Parameters=[], CommandType='Text', CommandTimeout='60']
with ins as (
    insert into "Character" ("GenderId",
                             "CharacterStyleId",
                             "GroupId",
                             "Name",
                             "FilesInfo",
                             "PublicForCreation",
                             "PublicForBackgroundDancing",
                             "Size",
                             "PolyCount",
                             "IsDefault",
                             "SortOrder")
        values (1,
                1,
                189770,
                'character-189770',
                '[]'::json,
                false,
                false,
                10100,
                2003,
                true,
                1)
        returning *),
     update_main_character as (
         update "User"
             set "MainCharacterId" = (select "Id" from ins)
             where "MainGroupId" in (select "GroupId"
                                     from ins
                                     where "IsDefault" = true))
select *
from ins
Debug [10806]: Context 'TestReadWriteDbContext' started tracking 'Character' entity with key '{Id: 305065}'.
Debug [20301]: Closing data reader to 'frevertest' on server 'tcp://postgres-frever-it:5432'.
Debug [20300]: A data reader for 'frevertest' on server 'tcp://postgres-frever-it:5432' is being disposed after spending 0ms reading results.
Debug [10111]: Compiling query expression: 
'DbSet&lt;Character&gt;().FromSql(with ins as (
    insert into "Character" ("GenderId",
                             "CharacterStyleId",
                             "GroupId",
                             "Name",
                             "FilesInfo",
                             "PublicForCreation",
                             "PublicForBackgroundDancing",
                             "Size",
                             "PolyCount",
                             "IsDefault",
                             "SortOrder")
        values (1,
                1,
                189771,
                'character-189771',
                '[]'::json,
                false,
                false,
                10100,
                2003,
                true,
                1)
        returning *),
     update_main_character as (
         update "User"
             set "MainCharacterId" = (select "Id" from ins)
             where "MainGroupId" in (select "GroupId"
                                     from ins
                                     where "IsDefault" = true))
select *
from ins, __p_0)
'
Debug [10107]: Generated query execution expression: 
'queryContext =&gt; new FromSqlQueryingEnumerable&lt;Character&gt;(
    (RelationalQueryContext)queryContext, 
    RelationalCommandCache.QueryExpression(
        Projection Mapping:
            EmptyProjectionMember -&gt; Dictionary&lt;IProperty, int&gt; { [Property: Character.Id (long) Required PK AfterSave:Throw ValueGenerated.OnAdd, 0], [Property: Character.CharacterStyleId (long) Required FK Index, 1], [Property: Character.CreatedTime (DateTime) Required ValueGenerated.OnAdd, 2], [Property: Character.Files (List&lt;FileInfo&gt;), 3], [Property: Character.GenderId (long) Required FK Index, 4], [Property: Character.GroupId (long) Required FK Index, 5], [Property: Character.IsDefault (bool) Required, 6], [Property: Character.IsDeleted (bool) Required, 7], [Property: Character.ModifiedTime (DateTime) Required ValueGenerated.OnAdd, 8], [Property: Character.Name (string) Required ValueGenerated.OnAdd, 9], [Property: Character.PolyCount (int?), 10], [Property: Character.PublicForBackgroundDancing (bool) Required, 11], [Property: Character.PublicForCreation (bool) Required, 12], [Property: Character.ReadinessId (long) Required FK Index, 13], [Property: Character.Size (long?), 14], [Property: Character.SortOrder (int) Required, 15], [Property: Character.UploaderUserId (long) Required FK Index ValueGenerated.OnAdd, 16], [Property: Character.Version (Guid) Required, 17] }
        SELECT f.Id, f.CharacterStyleId, f.CreatedTime, f.FilesInfo, f.GenderId, f.GroupId, f.IsDefault, f.IsDeleted, f.ModifiedTime, f.Name, f.PolyCount, f.PublicForBackgroundDancing, f.PublicForCreation, f.ReadinessId, f.Size, f.SortOrder, f.UploaderUserId, f.Version
        FROM with ins as (
    insert into "Character" ("GenderId",
                             "CharacterStyleId",
                             "GroupId",
                             "Name",
                             "FilesInfo",
                             "PublicForCreation",
                             "PublicForBackgroundDancing",
                             "Size",
                             "PolyCount",
                             "IsDefault",
                             "SortOrder")
        values (1,
                1,
                189771,
                'character-189771',
                '[]'::json,
                false,
                false,
                10100,
                2003,
                true,
                1)
        returning *),
     update_main_character as (
         update "User"
             set "MainCharacterId" = (select "Id" from ins)
             where "MainGroupId" in (select "GroupId"
                                     from ins
                                     where "IsDefault" = true))
select *
from ins), 
    null, 
    List&lt;string&gt; { "Id", "CharacterStyleId", "CreatedTime", "FilesInfo", "GenderId", "GroupId", "IsDefault", "IsDeleted", "ModifiedTime", "Name", "PolyCount", "PublicForBackgroundDancing", "PublicForCreation", "ReadinessId", "Size", "SortOrder", "UploaderUserId", "Version" }, 
    Func&lt;QueryContext, DbDataReader, int[], Character&gt;, 
    Frever.Common.IntegrationTesting.TestReadWriteDbContext, 
    False, 
    False, 
    True
)'
Debug [20103]: Creating DbCommand for 'ExecuteReader'.
Debug [20104]: Created DbCommand for 'ExecuteReader' (0ms).
Debug [20106]: Initialized DbCommand for 'ExecuteReader' (0ms).
Debug [20100]: Executing DbCommand [Parameters=[], CommandType='Text', CommandTimeout='60']
with ins as (
    insert into "Character" ("GenderId",
                             "CharacterStyleId",
                             "GroupId",
                             "Name",
                             "FilesInfo",
                             "PublicForCreation",
                             "PublicForBackgroundDancing",
                             "Size",
                             "PolyCount",
                             "IsDefault",
                             "SortOrder")
        values (1,
                1,
                189771,
                'character-189771',
                '[]'::json,
                false,
                false,
                10100,
                2003,
                true,
                1)
        returning *),
     update_main_character as (
         update "User"
             set "MainCharacterId" = (select "Id" from ins)
             where "MainGroupId" in (select "GroupId"
                                     from ins
                                     where "IsDefault" = true))
select *
from ins
Information [20101]: Executed DbCommand (1ms) [Parameters=[], CommandType='Text', CommandTimeout='60']
with ins as (
    insert into "Character" ("GenderId",
                             "CharacterStyleId",
                             "GroupId",
                             "Name",
                             "FilesInfo",
                             "PublicForCreation",
                             "PublicForBackgroundDancing",
                             "Size",
                             "PolyCount",
                             "IsDefault",
                             "SortOrder")
        values (1,
                1,
                189771,
                'character-189771',
                '[]'::json,
                false,
                false,
                10100,
                2003,
                true,
                1)
        returning *),
     update_main_character as (
         update "User"
             set "MainCharacterId" = (select "Id" from ins)
             where "MainGroupId" in (select "GroupId"
                                     from ins
                                     where "IsDefault" = true))
select *
from ins
Debug [10806]: Context 'TestReadWriteDbContext' started tracking 'Character' entity with key '{Id: 305066}'.
Debug [20301]: Closing data reader to 'frevertest' on server 'tcp://postgres-frever-it:5432'.
Debug [20300]: A data reader for 'frevertest' on server 'tcp://postgres-frever-it:5432' is being disposed after spending 0ms reading results.
Debug [10111]: Compiling query expression: 
'DbSet&lt;Character&gt;().FromSql(with ins as (
    insert into "Character" ("GenderId",
                             "CharacterStyleId",
                             "GroupId",
                             "Name",
                             "FilesInfo",
                             "PublicForCreation",
                             "PublicForBackgroundDancing",
                             "Size",
                             "PolyCount",
                             "IsDefault",
                             "SortOrder")
        values (1,
                1,
                189772,
                'character-189772',
                '[]'::json,
                false,
                false,
                10100,
                2003,
                true,
                1)
        returning *),
     update_main_character as (
         update "User"
             set "MainCharacterId" = (select "Id" from ins)
             where "MainGroupId" in (select "GroupId"
                                     from ins
                                     where "IsDefault" = true))
select *
from ins, __p_0)
'
Debug [10107]: Generated query execution expression: 
'queryContext =&gt; new FromSqlQueryingEnumerable&lt;Character&gt;(
    (RelationalQueryContext)queryContext, 
    RelationalCommandCache.QueryExpression(
        Projection Mapping:
            EmptyProjectionMember -&gt; Dictionary&lt;IProperty, int&gt; { [Property: Character.Id (long) Required PK AfterSave:Throw ValueGenerated.OnAdd, 0], [Property: Character.CharacterStyleId (long) Required FK Index, 1], [Property: Character.CreatedTime (DateTime) Required ValueGenerated.OnAdd, 2], [Property: Character.Files (List&lt;FileInfo&gt;), 3], [Property: Character.GenderId (long) Required FK Index, 4], [Property: Character.GroupId (long) Required FK Index, 5], [Property: Character.IsDefault (bool) Required, 6], [Property: Character.IsDeleted (bool) Required, 7], [Property: Character.ModifiedTime (DateTime) Required ValueGenerated.OnAdd, 8], [Property: Character.Name (string) Required ValueGenerated.OnAdd, 9], [Property: Character.PolyCount (int?), 10], [Property: Character.PublicForBackgroundDancing (bool) Required, 11], [Property: Character.PublicForCreation (bool) Required, 12], [Property: Character.ReadinessId (long) Required FK Index, 13], [Property: Character.Size (long?), 14], [Property: Character.SortOrder (int) Required, 15], [Property: Character.UploaderUserId (long) Required FK Index ValueGenerated.OnAdd, 16], [Property: Character.Version (Guid) Required, 17] }
        SELECT f.Id, f.CharacterStyleId, f.CreatedTime, f.FilesInfo, f.GenderId, f.GroupId, f.IsDefault, f.IsDeleted, f.ModifiedTime, f.Name, f.PolyCount, f.PublicForBackgroundDancing, f.PublicForCreation, f.ReadinessId, f.Size, f.SortOrder, f.UploaderUserId, f.Version
        FROM with ins as (
    insert into "Character" ("GenderId",
                             "CharacterStyleId",
                             "GroupId",
                             "Name",
                             "FilesInfo",
                             "PublicForCreation",
                             "PublicForBackgroundDancing",
                             "Size",
                             "PolyCount",
                             "IsDefault",
                             "SortOrder")
        values (1,
                1,
                189772,
                'character-189772',
                '[]'::json,
                false,
                false,
                10100,
                2003,
                true,
                1)
        returning *),
     update_main_character as (
         update "User"
             set "MainCharacterId" = (select "Id" from ins)
             where "MainGroupId" in (select "GroupId"
                                     from ins
                                     where "IsDefault" = true))
select *
from ins), 
    null, 
    List&lt;string&gt; { "Id", "CharacterStyleId", "CreatedTime", "FilesInfo", "GenderId", "GroupId", "IsDefault", "IsDeleted", "ModifiedTime", "Name", "PolyCount", "PublicForBackgroundDancing", "PublicForCreation", "ReadinessId", "Size", "SortOrder", "UploaderUserId", "Version" }, 
    Func&lt;QueryContext, DbDataReader, int[], Character&gt;, 
    Frever.Common.IntegrationTesting.TestReadWriteDbContext, 
    False, 
    False, 
    True
)'
Debug [20103]: Creating DbCommand for 'ExecuteReader'.
Debug [20104]: Created DbCommand for 'ExecuteReader' (0ms).
Debug [20106]: Initialized DbCommand for 'ExecuteReader' (0ms).
Debug [20100]: Executing DbCommand [Parameters=[], CommandType='Text', CommandTimeout='60']
with ins as (
    insert into "Character" ("GenderId",
                             "CharacterStyleId",
                             "GroupId",
                             "Name",
                             "FilesInfo",
                             "PublicForCreation",
                             "PublicForBackgroundDancing",
                             "Size",
                             "PolyCount",
                             "IsDefault",
                             "SortOrder")
        values (1,
                1,
                189772,
                'character-189772',
                '[]'::json,
                false,
                false,
                10100,
                2003,
                true,
                1)
        returning *),
     update_main_character as (
         update "User"
             set "MainCharacterId" = (select "Id" from ins)
             where "MainGroupId" in (select "GroupId"
                                     from ins
                                     where "IsDefault" = true))
select *
from ins
Information [20101]: Executed DbCommand (1ms) [Parameters=[], CommandType='Text', CommandTimeout='60']
with ins as (
    insert into "Character" ("GenderId",
                             "CharacterStyleId",
                             "GroupId",
                             "Name",
                             "FilesInfo",
                             "PublicForCreation",
                             "PublicForBackgroundDancing",
                             "Size",
                             "PolyCount",
                             "IsDefault",
                             "SortOrder")
        values (1,
                1,
                189772,
                'character-189772',
                '[]'::json,
                false,
                false,
                10100,
                2003,
                true,
                1)
        returning *),
     update_main_character as (
         update "User"
             set "MainCharacterId" = (select "Id" from ins)
             where "MainGroupId" in (select "GroupId"
                                     from ins
                                     where "IsDefault" = true))
select *
from ins
Debug [10806]: Context 'TestReadWriteDbContext' started tracking 'Character' entity with key '{Id: 305067}'.
Debug [20301]: Closing data reader to 'frevertest' on server 'tcp://postgres-frever-it:5432'.
Debug [20300]: A data reader for 'frevertest' on server 'tcp://postgres-frever-it:5432' is being disposed after spending 0ms reading results.
Debug [10111]: Compiling query expression: 
'DbSet&lt;Character&gt;().FromSql(with ins as (
    insert into "Character" ("GenderId",
                             "CharacterStyleId",
                             "GroupId",
                             "Name",
                             "FilesInfo",
                             "PublicForCreation",
                             "PublicForBackgroundDancing",
                             "Size",
                             "PolyCount",
                             "IsDefault",
                             "SortOrder")
        values (1,
                1,
                189773,
                'character-189773',
                '[]'::json,
                false,
                false,
                10100,
                2003,
                true,
                1)
        returning *),
     update_main_character as (
         update "User"
             set "MainCharacterId" = (select "Id" from ins)
             where "MainGroupId" in (select "GroupId"
                                     from ins
                                     where "IsDefault" = true))
select *
from ins, __p_0)
'
Debug [10107]: Generated query execution expression: 
'queryContext =&gt; new FromSqlQueryingEnumerable&lt;Character&gt;(
    (RelationalQueryContext)queryContext, 
    RelationalCommandCache.QueryExpression(
        Projection Mapping:
            EmptyProjectionMember -&gt; Dictionary&lt;IProperty, int&gt; { [Property: Character.Id (long) Required PK AfterSave:Throw ValueGenerated.OnAdd, 0], [Property: Character.CharacterStyleId (long) Required FK Index, 1], [Property: Character.CreatedTime (DateTime) Required ValueGenerated.OnAdd, 2], [Property: Character.Files (List&lt;FileInfo&gt;), 3], [Property: Character.GenderId (long) Required FK Index, 4], [Property: Character.GroupId (long) Required FK Index, 5], [Property: Character.IsDefault (bool) Required, 6], [Property: Character.IsDeleted (bool) Required, 7], [Property: Character.ModifiedTime (DateTime) Required ValueGenerated.OnAdd, 8], [Property: Character.Name (string) Required ValueGenerated.OnAdd, 9], [Property: Character.PolyCount (int?), 10], [Property: Character.PublicForBackgroundDancing (bool) Required, 11], [Property: Character.PublicForCreation (bool) Required, 12], [Property: Character.ReadinessId (long) Required FK Index, 13], [Property: Character.Size (long?), 14], [Property: Character.SortOrder (int) Required, 15], [Property: Character.UploaderUserId (long) Required FK Index ValueGenerated.OnAdd, 16], [Property: Character.Version (Guid) Required, 17] }
        SELECT f.Id, f.CharacterStyleId, f.CreatedTime, f.FilesInfo, f.GenderId, f.GroupId, f.IsDefault, f.IsDeleted, f.ModifiedTime, f.Name, f.PolyCount, f.PublicForBackgroundDancing, f.PublicForCreation, f.ReadinessId, f.Size, f.SortOrder, f.UploaderUserId, f.Version
        FROM with ins as (
    insert into "Character" ("GenderId",
                             "CharacterStyleId",
                             "GroupId",
                             "Name",
                             "FilesInfo",
                             "PublicForCreation",
                             "PublicForBackgroundDancing",
                             "Size",
                             "PolyCount",
                             "IsDefault",
                             "SortOrder")
        values (1,
                1,
                189773,
                'character-189773',
                '[]'::json,
                false,
                false,
                10100,
                2003,
                true,
                1)
        returning *),
     update_main_character as (
         update "User"
             set "MainCharacterId" = (select "Id" from ins)
             where "MainGroupId" in (select "GroupId"
                                     from ins
                                     where "IsDefault" = true))
select *
from ins), 
    null, 
    List&lt;string&gt; { "Id", "CharacterStyleId", "CreatedTime", "FilesInfo", "GenderId", "GroupId", "IsDefault", "IsDeleted", "ModifiedTime", "Name", "PolyCount", "PublicForBackgroundDancing", "PublicForCreation", "ReadinessId", "Size", "SortOrder", "UploaderUserId", "Version" }, 
    Func&lt;QueryContext, DbDataReader, int[], Character&gt;, 
    Frever.Common.IntegrationTesting.TestReadWriteDbContext, 
    False, 
    False, 
    True
)'
Debug [20103]: Creating DbCommand for 'ExecuteReader'.
Debug [20104]: Created DbCommand for 'ExecuteReader' (0ms).
Debug [20106]: Initialized DbCommand for 'ExecuteReader' (0ms).
Debug [20100]: Executing DbCommand [Parameters=[], CommandType='Text', CommandTimeout='60']
with ins as (
    insert into "Character" ("GenderId",
                             "CharacterStyleId",
                             "GroupId",
                             "Name",
                             "FilesInfo",
                             "PublicForCreation",
                             "PublicForBackgroundDancing",
                             "Size",
                             "PolyCount",
                             "IsDefault",
                             "SortOrder")
        values (1,
                1,
                189773,
                'character-189773',
                '[]'::json,
                false,
                false,
                10100,
                2003,
                true,
                1)
        returning *),
     update_main_character as (
         update "User"
             set "MainCharacterId" = (select "Id" from ins)
             where "MainGroupId" in (select "GroupId"
                                     from ins
                                     where "IsDefault" = true))
select *
from ins
Information [20101]: Executed DbCommand (1ms) [Parameters=[], CommandType='Text', CommandTimeout='60']
with ins as (
    insert into "Character" ("GenderId",
                             "CharacterStyleId",
                             "GroupId",
                             "Name",
                             "FilesInfo",
                             "PublicForCreation",
                             "PublicForBackgroundDancing",
                             "Size",
                             "PolyCount",
                             "IsDefault",
                             "SortOrder")
        values (1,
                1,
                189773,
                'character-189773',
                '[]'::json,
                false,
                false,
                10100,
                2003,
                true,
                1)
        returning *),
     update_main_character as (
         update "User"
             set "MainCharacterId" = (select "Id" from ins)
             where "MainGroupId" in (select "GroupId"
                                     from ins
                                     where "IsDefault" = true))
select *
from ins
Debug [10806]: Context 'TestReadWriteDbContext' started tracking 'Character' entity with key '{Id: 305068}'.
Debug [20301]: Closing data reader to 'frevertest' on server 'tcp://postgres-frever-it:5432'.
Debug [20300]: A data reader for 'frevertest' on server 'tcp://postgres-frever-it:5432' is being disposed after spending 0ms reading results.
Debug [10111]: Compiling query expression: 
'DbSet&lt;Character&gt;().FromSql(with ins as (
    insert into "Character" ("GenderId",
                             "CharacterStyleId",
                             "GroupId",
                             "Name",
                             "FilesInfo",
                             "PublicForCreation",
                             "PublicForBackgroundDancing",
                             "Size",
                             "PolyCount",
                             "IsDefault",
                             "SortOrder")
        values (1,
                1,
                189774,
                'character-189774',
                '[]'::json,
                false,
                false,
                10100,
                2003,
                true,
                1)
        returning *),
     update_main_character as (
         update "User"
             set "MainCharacterId" = (select "Id" from ins)
             where "MainGroupId" in (select "GroupId"
                                     from ins
                                     where "IsDefault" = true))
select *
from ins, __p_0)
'
Debug [10107]: Generated query execution expression: 
'queryContext =&gt; new FromSqlQueryingEnumerable&lt;Character&gt;(
    (RelationalQueryContext)queryContext, 
    RelationalCommandCache.QueryExpression(
        Projection Mapping:
            EmptyProjectionMember -&gt; Dictionary&lt;IProperty, int&gt; { [Property: Character.Id (long) Required PK AfterSave:Throw ValueGenerated.OnAdd, 0], [Property: Character.CharacterStyleId (long) Required FK Index, 1], [Property: Character.CreatedTime (DateTime) Required ValueGenerated.OnAdd, 2], [Property: Character.Files (List&lt;FileInfo&gt;), 3], [Property: Character.GenderId (long) Required FK Index, 4], [Property: Character.GroupId (long) Required FK Index, 5], [Property: Character.IsDefault (bool) Required, 6], [Property: Character.IsDeleted (bool) Required, 7], [Property: Character.ModifiedTime (DateTime) Required ValueGenerated.OnAdd, 8], [Property: Character.Name (string) Required ValueGenerated.OnAdd, 9], [Property: Character.PolyCount (int?), 10], [Property: Character.PublicForBackgroundDancing (bool) Required, 11], [Property: Character.PublicForCreation (bool) Required, 12], [Property: Character.ReadinessId (long) Required FK Index, 13], [Property: Character.Size (long?), 14], [Property: Character.SortOrder (int) Required, 15], [Property: Character.UploaderUserId (long) Required FK Index ValueGenerated.OnAdd, 16], [Property: Character.Version (Guid) Required, 17] }
        SELECT f.Id, f.CharacterStyleId, f.CreatedTime, f.FilesInfo, f.GenderId, f.GroupId, f.IsDefault, f.IsDeleted, f.ModifiedTime, f.Name, f.PolyCount, f.PublicForBackgroundDancing, f.PublicForCreation, f.ReadinessId, f.Size, f.SortOrder, f.UploaderUserId, f.Version
        FROM with ins as (
    insert into "Character" ("GenderId",
                             "CharacterStyleId",
                             "GroupId",
                             "Name",
                             "FilesInfo",
                             "PublicForCreation",
                             "PublicForBackgroundDancing",
                             "Size",
                             "PolyCount",
                             "IsDefault",
                             "SortOrder")
        values (1,
                1,
                189774,
                'character-189774',
                '[]'::json,
                false,
                false,
                10100,
                2003,
                true,
                1)
        returning *),
     update_main_character as (
         update "User"
             set "MainCharacterId" = (select "Id" from ins)
             where "MainGroupId" in (select "GroupId"
                                     from ins
                                     where "IsDefault" = true))
select *
from ins), 
    null, 
    List&lt;string&gt; { "Id", "CharacterStyleId", "CreatedTime", "FilesInfo", "GenderId", "GroupId", "IsDefault", "IsDeleted", "ModifiedTime", "Name", "PolyCount", "PublicForBackgroundDancing", "PublicForCreation", "ReadinessId", "Size", "SortOrder", "UploaderUserId", "Version" }, 
    Func&lt;QueryContext, DbDataReader, int[], Character&gt;, 
    Frever.Common.IntegrationTesting.TestReadWriteDbContext, 
    False, 
    False, 
    True
)'
Debug [20103]: Creating DbCommand for 'ExecuteReader'.
Debug [20104]: Created DbCommand for 'ExecuteReader' (0ms).
Debug [20106]: Initialized DbCommand for 'ExecuteReader' (0ms).
Debug [20100]: Executing DbCommand [Parameters=[], CommandType='Text', CommandTimeout='60']
with ins as (
    insert into "Character" ("GenderId",
                             "CharacterStyleId",
                             "GroupId",
                             "Name",
                             "FilesInfo",
                             "PublicForCreation",
                             "PublicForBackgroundDancing",
                             "Size",
                             "PolyCount",
                             "IsDefault",
                             "SortOrder")
        values (1,
                1,
                189774,
                'character-189774',
                '[]'::json,
                false,
                false,
                10100,
                2003,
                true,
                1)
        returning *),
     update_main_character as (
         update "User"
             set "MainCharacterId" = (select "Id" from ins)
             where "MainGroupId" in (select "GroupId"
                                     from ins
                                     where "IsDefault" = true))
select *
from ins
Information [20101]: Executed DbCommand (1ms) [Parameters=[], CommandType='Text', CommandTimeout='60']
with ins as (
    insert into "Character" ("GenderId",
                             "CharacterStyleId",
                             "GroupId",
                             "Name",
                             "FilesInfo",
                             "PublicForCreation",
                             "PublicForBackgroundDancing",
                             "Size",
                             "PolyCount",
                             "IsDefault",
                             "SortOrder")
        values (1,
                1,
                189774,
                'character-189774',
                '[]'::json,
                false,
                false,
                10100,
                2003,
                true,
                1)
        returning *),
     update_main_character as (
         update "User"
             set "MainCharacterId" = (select "Id" from ins)
             where "MainGroupId" in (select "GroupId"
                                     from ins
                                     where "IsDefault" = true))
select *
from ins
Debug [10806]: Context 'TestReadWriteDbContext' started tracking 'Character' entity with key '{Id: 305069}'.
Debug [20301]: Closing data reader to 'frevertest' on server 'tcp://postgres-frever-it:5432'.
Debug [20300]: A data reader for 'frevertest' on server 'tcp://postgres-frever-it:5432' is being disposed after spending 0ms reading results.
Debug [10111]: Compiling query expression: 
'DbSet&lt;Character&gt;().FromSql(with ins as (
    insert into "Character" ("GenderId",
                             "CharacterStyleId",
                             "GroupId",
                             "Name",
                             "FilesInfo",
                             "PublicForCreation",
                             "PublicForBackgroundDancing",
                             "Size",
                             "PolyCount",
                             "IsDefault",
                             "SortOrder")
        values (1,
                1,
                189775,
                'character-189775',
                '[]'::json,
                false,
                false,
                10100,
                2003,
                true,
                1)
        returning *),
     update_main_character as (
         update "User"
             set "MainCharacterId" = (select "Id" from ins)
             where "MainGroupId" in (select "GroupId"
                                     from ins
                                     where "IsDefault" = true))
select *
from ins, __p_0)
'
Debug [10107]: Generated query execution expression: 
'queryContext =&gt; new FromSqlQueryingEnumerable&lt;Character&gt;(
    (RelationalQueryContext)queryContext, 
    RelationalCommandCache.QueryExpression(
        Projection Mapping:
            EmptyProjectionMember -&gt; Dictionary&lt;IProperty, int&gt; { [Property: Character.Id (long) Required PK AfterSave:Throw ValueGenerated.OnAdd, 0], [Property: Character.CharacterStyleId (long) Required FK Index, 1], [Property: Character.CreatedTime (DateTime) Required ValueGenerated.OnAdd, 2], [Property: Character.Files (List&lt;FileInfo&gt;), 3], [Property: Character.GenderId (long) Required FK Index, 4], [Property: Character.GroupId (long) Required FK Index, 5], [Property: Character.IsDefault (bool) Required, 6], [Property: Character.IsDeleted (bool) Required, 7], [Property: Character.ModifiedTime (DateTime) Required ValueGenerated.OnAdd, 8], [Property: Character.Name (string) Required ValueGenerated.OnAdd, 9], [Property: Character.PolyCount (int?), 10], [Property: Character.PublicForBackgroundDancing (bool) Required, 11], [Property: Character.PublicForCreation (bool) Required, 12], [Property: Character.ReadinessId (long) Required FK Index, 13], [Property: Character.Size (long?), 14], [Property: Character.SortOrder (int) Required, 15], [Property: Character.UploaderUserId (long) Required FK Index ValueGenerated.OnAdd, 16], [Property: Character.Version (Guid) Required, 17] }
        SELECT f.Id, f.CharacterStyleId, f.CreatedTime, f.FilesInfo, f.GenderId, f.GroupId, f.IsDefault, f.IsDeleted, f.ModifiedTime, f.Name, f.PolyCount, f.PublicForBackgroundDancing, f.PublicForCreation, f.ReadinessId, f.Size, f.SortOrder, f.UploaderUserId, f.Version
        FROM with ins as (
    insert into "Character" ("GenderId",
                             "CharacterStyleId",
                             "GroupId",
                             "Name",
                             "FilesInfo",
                             "PublicForCreation",
                             "PublicForBackgroundDancing",
                             "Size",
                             "PolyCount",
                             "IsDefault",
                             "SortOrder")
        values (1,
                1,
                189775,
                'character-189775',
                '[]'::json,
                false,
                false,
                10100,
                2003,
                true,
                1)
        returning *),
     update_main_character as (
         update "User"
             set "MainCharacterId" = (select "Id" from ins)
             where "MainGroupId" in (select "GroupId"
                                     from ins
                                     where "IsDefault" = true))
select *
from ins), 
    null, 
    List&lt;string&gt; { "Id", "CharacterStyleId", "CreatedTime", "FilesInfo", "GenderId", "GroupId", "IsDefault", "IsDeleted", "ModifiedTime", "Name", "PolyCount", "PublicForBackgroundDancing", "PublicForCreation", "ReadinessId", "Size", "SortOrder", "UploaderUserId", "Version" }, 
    Func&lt;QueryContext, DbDataReader, int[], Character&gt;, 
    Frever.Common.IntegrationTesting.TestReadWriteDbContext, 
    False, 
    False, 
    True
)'
Debug [20103]: Creating DbCommand for 'ExecuteReader'.
Debug [20104]: Created DbCommand for 'ExecuteReader' (0ms).
Debug [20106]: Initialized DbCommand for 'ExecuteReader' (0ms).
Debug [20100]: Executing DbCommand [Parameters=[], CommandType='Text', CommandTimeout='60']
with ins as (
    insert into "Character" ("GenderId",
                             "CharacterStyleId",
                             "GroupId",
                             "Name",
                             "FilesInfo",
                             "PublicForCreation",
                             "PublicForBackgroundDancing",
                             "Size",
                             "PolyCount",
                             "IsDefault",
                             "SortOrder")
        values (1,
                1,
                189775,
                'character-189775',
                '[]'::json,
                false,
                false,
                10100,
                2003,
                true,
                1)
        returning *),
     update_main_character as (
         update "User"
             set "MainCharacterId" = (select "Id" from ins)
             where "MainGroupId" in (select "GroupId"
                                     from ins
                                     where "IsDefault" = true))
select *
from ins
Information [20101]: Executed DbCommand (1ms) [Parameters=[], CommandType='Text', CommandTimeout='60']
with ins as (
    insert into "Character" ("GenderId",
                             "CharacterStyleId",
                             "GroupId",
                             "Name",
                             "FilesInfo",
                             "PublicForCreation",
                             "PublicForBackgroundDancing",
                             "Size",
                             "PolyCount",
                             "IsDefault",
                             "SortOrder")
        values (1,
                1,
                189775,
                'character-189775',
                '[]'::json,
                false,
                false,
                10100,
                2003,
                true,
                1)
        returning *),
     update_main_character as (
         update "User"
             set "MainCharacterId" = (select "Id" from ins)
             where "MainGroupId" in (select "GroupId"
                                     from ins
                                     where "IsDefault" = true))
select *
from ins
Debug [10806]: Context 'TestReadWriteDbContext' started tracking 'Character' entity with key '{Id: 305070}'.
Debug [20301]: Closing data reader to 'frevertest' on server 'tcp://postgres-frever-it:5432'.
Debug [20300]: A data reader for 'frevertest' on server 'tcp://postgres-frever-it:5432' is being disposed after spending 0ms reading results.
Debug [10111]: Compiling query expression: 
'DbSet&lt;Character&gt;().FromSql(with ins as (
    insert into "Character" ("GenderId",
                             "CharacterStyleId",
                             "GroupId",
                             "Name",
                             "FilesInfo",
                             "PublicForCreation",
                             "PublicForBackgroundDancing",
                             "Size",
                             "PolyCount",
                             "IsDefault",
                             "SortOrder")
        values (1,
                1,
                189776,
                'character-189776',
                '[]'::json,
                false,
                false,
                10100,
                2003,
                true,
                1)
        returning *),
     update_main_character as (
         update "User"
             set "MainCharacterId" = (select "Id" from ins)
             where "MainGroupId" in (select "GroupId"
                                     from ins
                                     where "IsDefault" = true))
select *
from ins, __p_0)
'
Debug [10107]: Generated query execution expression: 
'queryContext =&gt; new FromSqlQueryingEnumerable&lt;Character&gt;(
    (RelationalQueryContext)queryContext, 
    RelationalCommandCache.QueryExpression(
        Projection Mapping:
            EmptyProjectionMember -&gt; Dictionary&lt;IProperty, int&gt; { [Property: Character.Id (long) Required PK AfterSave:Throw ValueGenerated.OnAdd, 0], [Property: Character.CharacterStyleId (long) Required FK Index, 1], [Property: Character.CreatedTime (DateTime) Required ValueGenerated.OnAdd, 2], [Property: Character.Files (List&lt;FileInfo&gt;), 3], [Property: Character.GenderId (long) Required FK Index, 4], [Property: Character.GroupId (long) Required FK Index, 5], [Property: Character.IsDefault (bool) Required, 6], [Property: Character.IsDeleted (bool) Required, 7], [Property: Character.ModifiedTime (DateTime) Required ValueGenerated.OnAdd, 8], [Property: Character.Name (string) Required ValueGenerated.OnAdd, 9], [Property: Character.PolyCount (int?), 10], [Property: Character.PublicForBackgroundDancing (bool) Required, 11], [Property: Character.PublicForCreation (bool) Required, 12], [Property: Character.ReadinessId (long) Required FK Index, 13], [Property: Character.Size (long?), 14], [Property: Character.SortOrder (int) Required, 15], [Property: Character.UploaderUserId (long) Required FK Index ValueGenerated.OnAdd, 16], [Property: Character.Version (Guid) Required, 17] }
        SELECT f.Id, f.CharacterStyleId, f.CreatedTime, f.FilesInfo, f.GenderId, f.GroupId, f.IsDefault, f.IsDeleted, f.ModifiedTime, f.Name, f.PolyCount, f.PublicForBackgroundDancing, f.PublicForCreation, f.ReadinessId, f.Size, f.SortOrder, f.UploaderUserId, f.Version
        FROM with ins as (
    insert into "Character" ("GenderId",
                             "CharacterStyleId",
                             "GroupId",
                             "Name",
                             "FilesInfo",
                             "PublicForCreation",
                             "PublicForBackgroundDancing",
                             "Size",
                             "PolyCount",
                             "IsDefault",
                             "SortOrder")
        values (1,
                1,
                189776,
                'character-189776',
                '[]'::json,
                false,
                false,
                10100,
                2003,
                true,
                1)
        returning *),
     update_main_character as (
         update "User"
             set "MainCharacterId" = (select "Id" from ins)
             where "MainGroupId" in (select "GroupId"
                                     from ins
                                     where "IsDefault" = true))
select *
from ins), 
    null, 
    List&lt;string&gt; { "Id", "CharacterStyleId", "CreatedTime", "FilesInfo", "GenderId", "GroupId", "IsDefault", "IsDeleted", "ModifiedTime", "Name", "PolyCount", "PublicForBackgroundDancing", "PublicForCreation", "ReadinessId", "Size", "SortOrder", "UploaderUserId", "Version" }, 
    Func&lt;QueryContext, DbDataReader, int[], Character&gt;, 
    Frever.Common.IntegrationTesting.TestReadWriteDbContext, 
    False, 
    False, 
    True
)'
Debug [20103]: Creating DbCommand for 'ExecuteReader'.
Debug [20104]: Created DbCommand for 'ExecuteReader' (0ms).
Debug [20106]: Initialized DbCommand for 'ExecuteReader' (0ms).
Debug [20100]: Executing DbCommand [Parameters=[], CommandType='Text', CommandTimeout='60']
with ins as (
    insert into "Character" ("GenderId",
                             "CharacterStyleId",
                             "GroupId",
                             "Name",
                             "FilesInfo",
                             "PublicForCreation",
                             "PublicForBackgroundDancing",
                             "Size",
                             "PolyCount",
                             "IsDefault",
                             "SortOrder")
        values (1,
                1,
                189776,
                'character-189776',
                '[]'::json,
                false,
                false,
                10100,
                2003,
                true,
                1)
        returning *),
     update_main_character as (
         update "User"
             set "MainCharacterId" = (select "Id" from ins)
             where "MainGroupId" in (select "GroupId"
                                     from ins
                                     where "IsDefault" = true))
select *
from ins
Information [20101]: Executed DbCommand (1ms) [Parameters=[], CommandType='Text', CommandTimeout='60']
with ins as (
    insert into "Character" ("GenderId",
                             "CharacterStyleId",
                             "GroupId",
                             "Name",
                             "FilesInfo",
                             "PublicForCreation",
                             "PublicForBackgroundDancing",
                             "Size",
                             "PolyCount",
                             "IsDefault",
                             "SortOrder")
        values (1,
                1,
                189776,
                'character-189776',
                '[]'::json,
                false,
                false,
                10100,
                2003,
                true,
                1)
        returning *),
     update_main_character as (
         update "User"
             set "MainCharacterId" = (select "Id" from ins)
             where "MainGroupId" in (select "GroupId"
                                     from ins
                                     where "IsDefault" = true))
select *
from ins
Debug [10806]: Context 'TestReadWriteDbContext' started tracking 'Character' entity with key '{Id: 305071}'.
Debug [20301]: Closing data reader to 'frevertest' on server 'tcp://postgres-frever-it:5432'.
Debug [20300]: A data reader for 'frevertest' on server 'tcp://postgres-frever-it:5432' is being disposed after spending 0ms reading results.
Debug [10111]: Compiling query expression: 
'DbSet&lt;Character&gt;().FromSql(with ins as (
    insert into "Character" ("GenderId",
                             "CharacterStyleId",
                             "GroupId",
                             "Name",
                             "FilesInfo",
                             "PublicForCreation",
                             "PublicForBackgroundDancing",
                             "Size",
                             "PolyCount",
                             "IsDefault",
                             "SortOrder")
        values (1,
                1,
                189777,
                'character-189777',
                '[]'::json,
                false,
                false,
                10100,
                2003,
                true,
                1)
        returning *),
     update_main_character as (
         update "User"
             set "MainCharacterId" = (select "Id" from ins)
             where "MainGroupId" in (select "GroupId"
                                     from ins
                                     where "IsDefault" = true))
select *
from ins, __p_0)
'
Debug [10107]: Generated query execution expression: 
'queryContext =&gt; new FromSqlQueryingEnumerable&lt;Character&gt;(
    (RelationalQueryContext)queryContext, 
    RelationalCommandCache.QueryExpression(
        Projection Mapping:
            EmptyProjectionMember -&gt; Dictionary&lt;IProperty, int&gt; { [Property: Character.Id (long) Required PK AfterSave:Throw ValueGenerated.OnAdd, 0], [Property: Character.CharacterStyleId (long) Required FK Index, 1], [Property: Character.CreatedTime (DateTime) Required ValueGenerated.OnAdd, 2], [Property: Character.Files (List&lt;FileInfo&gt;), 3], [Property: Character.GenderId (long) Required FK Index, 4], [Property: Character.GroupId (long) Required FK Index, 5], [Property: Character.IsDefault (bool) Required, 6], [Property: Character.IsDeleted (bool) Required, 7], [Property: Character.ModifiedTime (DateTime) Required ValueGenerated.OnAdd, 8], [Property: Character.Name (string) Required ValueGenerated.OnAdd, 9], [Property: Character.PolyCount (int?), 10], [Property: Character.PublicForBackgroundDancing (bool) Required, 11], [Property: Character.PublicForCreation (bool) Required, 12], [Property: Character.ReadinessId (long) Required FK Index, 13], [Property: Character.Size (long?), 14], [Property: Character.SortOrder (int) Required, 15], [Property: Character.UploaderUserId (long) Required FK Index ValueGenerated.OnAdd, 16], [Property: Character.Version (Guid) Required, 17] }
        SELECT f.Id, f.CharacterStyleId, f.CreatedTime, f.FilesInfo, f.GenderId, f.GroupId, f.IsDefault, f.IsDeleted, f.ModifiedTime, f.Name, f.PolyCount, f.PublicForBackgroundDancing, f.PublicForCreation, f.ReadinessId, f.Size, f.SortOrder, f.UploaderUserId, f.Version
        FROM with ins as (
    insert into "Character" ("GenderId",
                             "CharacterStyleId",
                             "GroupId",
                             "Name",
                             "FilesInfo",
                             "PublicForCreation",
                             "PublicForBackgroundDancing",
                             "Size",
                             "PolyCount",
                             "IsDefault",
                             "SortOrder")
        values (1,
                1,
                189777,
                'character-189777',
                '[]'::json,
                false,
                false,
                10100,
                2003,
                true,
                1)
        returning *),
     update_main_character as (
         update "User"
             set "MainCharacterId" = (select "Id" from ins)
             where "MainGroupId" in (select "GroupId"
                                     from ins
                                     where "IsDefault" = true))
select *
from ins), 
    null, 
    List&lt;string&gt; { "Id", "CharacterStyleId", "CreatedTime", "FilesInfo", "GenderId", "GroupId", "IsDefault", "IsDeleted", "ModifiedTime", "Name", "PolyCount", "PublicForBackgroundDancing", "PublicForCreation", "ReadinessId", "Size", "SortOrder", "UploaderUserId", "Version" }, 
    Func&lt;QueryContext, DbDataReader, int[], Character&gt;, 
    Frever.Common.IntegrationTesting.TestReadWriteDbContext, 
    False, 
    False, 
    True
)'
Debug [20103]: Creating DbCommand for 'ExecuteReader'.
Debug [20104]: Created DbCommand for 'ExecuteReader' (0ms).
Debug [20106]: Initialized DbCommand for 'ExecuteReader' (0ms).
Debug [20100]: Executing DbCommand [Parameters=[], CommandType='Text', CommandTimeout='60']
with ins as (
    insert into "Character" ("GenderId",
                             "CharacterStyleId",
                             "GroupId",
                             "Name",
                             "FilesInfo",
                             "PublicForCreation",
                             "PublicForBackgroundDancing",
                             "Size",
                             "PolyCount",
                             "IsDefault",
                             "SortOrder")
        values (1,
                1,
                189777,
                'character-189777',
                '[]'::json,
                false,
                false,
                10100,
                2003,
                true,
                1)
        returning *),
     update_main_character as (
         update "User"
             set "MainCharacterId" = (select "Id" from ins)
             where "MainGroupId" in (select "GroupId"
                                     from ins
                                     where "IsDefault" = true))
select *
from ins
Information [20101]: Executed DbCommand (1ms) [Parameters=[], CommandType='Text', CommandTimeout='60']
with ins as (
    insert into "Character" ("GenderId",
                             "CharacterStyleId",
                             "GroupId",
                             "Name",
                             "FilesInfo",
                             "PublicForCreation",
                             "PublicForBackgroundDancing",
                             "Size",
                             "PolyCount",
                             "IsDefault",
                             "SortOrder")
        values (1,
                1,
                189777,
                'character-189777',
                '[]'::json,
                false,
                false,
                10100,
                2003,
                true,
                1)
        returning *),
     update_main_character as (
         update "User"
             set "MainCharacterId" = (select "Id" from ins)
             where "MainGroupId" in (select "GroupId"
                                     from ins
                                     where "IsDefault" = true))
select *
from ins
Debug [10806]: Context 'TestReadWriteDbContext' started tracking 'Character' entity with key '{Id: 305072}'.
Debug [20301]: Closing data reader to 'frevertest' on server 'tcp://postgres-frever-it:5432'.
Debug [20300]: A data reader for 'frevertest' on server 'tcp://postgres-frever-it:5432' is being disposed after spending 0ms reading results.
Debug [10111]: Compiling query expression: 
'DbSet&lt;Character&gt;().FromSql(with ins as (
    insert into "Character" ("GenderId",
                             "CharacterStyleId",
                             "GroupId",
                             "Name",
                             "FilesInfo",
                             "PublicForCreation",
                             "PublicForBackgroundDancing",
                             "Size",
                             "PolyCount",
                             "IsDefault",
                             "SortOrder")
        values (1,
                1,
                189778,
                'character-189778',
                '[]'::json,
                false,
                false,
                10100,
                2003,
                true,
                1)
        returning *),
     update_main_character as (
         update "User"
             set "MainCharacterId" = (select "Id" from ins)
             where "MainGroupId" in (select "GroupId"
                                     from ins
                                     where "IsDefault" = true))
select *
from ins, __p_0)
'
Debug [10107]: Generated query execution expression: 
'queryContext =&gt; new FromSqlQueryingEnumerable&lt;Character&gt;(
    (RelationalQueryContext)queryContext, 
    RelationalCommandCache.QueryExpression(
        Projection Mapping:
            EmptyProjectionMember -&gt; Dictionary&lt;IProperty, int&gt; { [Property: Character.Id (long) Required PK AfterSave:Throw ValueGenerated.OnAdd, 0], [Property: Character.CharacterStyleId (long) Required FK Index, 1], [Property: Character.CreatedTime (DateTime) Required ValueGenerated.OnAdd, 2], [Property: Character.Files (List&lt;FileInfo&gt;), 3], [Property: Character.GenderId (long) Required FK Index, 4], [Property: Character.GroupId (long) Required FK Index, 5], [Property: Character.IsDefault (bool) Required, 6], [Property: Character.IsDeleted (bool) Required, 7], [Property: Character.ModifiedTime (DateTime) Required ValueGenerated.OnAdd, 8], [Property: Character.Name (string) Required ValueGenerated.OnAdd, 9], [Property: Character.PolyCount (int?), 10], [Property: Character.PublicForBackgroundDancing (bool) Required, 11], [Property: Character.PublicForCreation (bool) Required, 12], [Property: Character.ReadinessId (long) Required FK Index, 13], [Property: Character.Size (long?), 14], [Property: Character.SortOrder (int) Required, 15], [Property: Character.UploaderUserId (long) Required FK Index ValueGenerated.OnAdd, 16], [Property: Character.Version (Guid) Required, 17] }
        SELECT f.Id, f.CharacterStyleId, f.CreatedTime, f.FilesInfo, f.GenderId, f.GroupId, f.IsDefault, f.IsDeleted, f.ModifiedTime, f.Name, f.PolyCount, f.PublicForBackgroundDancing, f.PublicForCreation, f.ReadinessId, f.Size, f.SortOrder, f.UploaderUserId, f.Version
        FROM with ins as (
    insert into "Character" ("GenderId",
                             "CharacterStyleId",
                             "GroupId",
                             "Name",
                             "FilesInfo",
                             "PublicForCreation",
                             "PublicForBackgroundDancing",
                             "Size",
                             "PolyCount",
                             "IsDefault",
                             "SortOrder")
        values (1,
                1,
                189778,
                'character-189778',
                '[]'::json,
                false,
                false,
                10100,
                2003,
                true,
                1)
        returning *),
     update_main_character as (
         update "User"
             set "MainCharacterId" = (select "Id" from ins)
             where "MainGroupId" in (select "GroupId"
                                     from ins
                                     where "IsDefault" = true))
select *
from ins), 
    null, 
    List&lt;string&gt; { "Id", "CharacterStyleId", "CreatedTime", "FilesInfo", "GenderId", "GroupId", "IsDefault", "IsDeleted", "ModifiedTime", "Name", "PolyCount", "PublicForBackgroundDancing", "PublicForCreation", "ReadinessId", "Size", "SortOrder", "UploaderUserId", "Version" }, 
    Func&lt;QueryContext, DbDataReader, int[], Character&gt;, 
    Frever.Common.IntegrationTesting.TestReadWriteDbContext, 
    False, 
    False, 
    True
)'
Debug [20103]: Creating DbCommand for 'ExecuteReader'.
Debug [20104]: Created DbCommand for 'ExecuteReader' (0ms).
Debug [20106]: Initialized DbCommand for 'ExecuteReader' (0ms).
Debug [20100]: Executing DbCommand [Parameters=[], CommandType='Text', CommandTimeout='60']
with ins as (
    insert into "Character" ("GenderId",
                             "CharacterStyleId",
                             "GroupId",
                             "Name",
                             "FilesInfo",
                             "PublicForCreation",
                             "PublicForBackgroundDancing",
                             "Size",
                             "PolyCount",
                             "IsDefault",
                             "SortOrder")
        values (1,
                1,
                189778,
                'character-189778',
                '[]'::json,
                false,
                false,
                10100,
                2003,
                true,
                1)
        returning *),
     update_main_character as (
         update "User"
             set "MainCharacterId" = (select "Id" from ins)
             where "MainGroupId" in (select "GroupId"
                                     from ins
                                     where "IsDefault" = true))
select *
from ins
Information [20101]: Executed DbCommand (1ms) [Parameters=[], CommandType='Text', CommandTimeout='60']
with ins as (
    insert into "Character" ("GenderId",
                             "CharacterStyleId",
                             "GroupId",
                             "Name",
                             "FilesInfo",
                             "PublicForCreation",
                             "PublicForBackgroundDancing",
                             "Size",
                             "PolyCount",
                             "IsDefault",
                             "SortOrder")
        values (1,
                1,
                189778,
                'character-189778',
                '[]'::json,
                false,
                false,
                10100,
                2003,
                true,
                1)
        returning *),
     update_main_character as (
         update "User"
             set "MainCharacterId" = (select "Id" from ins)
             where "MainGroupId" in (select "GroupId"
                                     from ins
                                     where "IsDefault" = true))
select *
from ins
Debug [10806]: Context 'TestReadWriteDbContext' started tracking 'Character' entity with key '{Id: 305073}'.
Debug [20301]: Closing data reader to 'frevertest' on server 'tcp://postgres-frever-it:5432'.
Debug [20300]: A data reader for 'frevertest' on server 'tcp://postgres-frever-it:5432' is being disposed after spending 0ms reading results.
Debug [20103]: Creating DbCommand for 'ExecuteNonQuery'.
Debug [20104]: Created DbCommand for 'ExecuteNonQuery' (0ms).
Debug [20106]: Initialized DbCommand for 'ExecuteNonQuery' (0ms).
Debug [20100]: Executing DbCommand [Parameters=[], CommandType='Text', CommandTimeout='60']
with ins as (
    insert into "Follower" ("FollowingId", "FollowerId", "State", "IsMutual", "Time")
        select 189679,
               189677,
               'Following',
               false,
               '2024-07-02T13:00:15.2491553Z'
        from "Group" a
        where not exists (select 1
                          from "Follower" f
                          where f."FollowingId" = 189679
                            and f."FollowerId" = 189677)
        limit 1
        returning *)
update "Follower"

set "IsMutual" = true
where exists (select 1
              from "Follower" f
              where f."FollowerId" = "Follower"."FollowingId"
                and f."FollowingId" = "Follower"."FollowerId")
;
Information [20101]: Executed DbCommand (2ms) [Parameters=[], CommandType='Text', CommandTimeout='60']
with ins as (
    insert into "Follower" ("FollowingId", "FollowerId", "State", "IsMutual", "Time")
        select 189679,
               189677,
               'Following',
               false,
               '2024-07-02T13:00:15.2491553Z'
        from "Group" a
        where not exists (select 1
                          from "Follower" f
                          where f."FollowingId" = 189679
                            and f."FollowerId" = 189677)
        limit 1
        returning *)
update "Follower"

set "IsMutual" = true
where exists (select 1
              from "Follower" f
              where f."FollowerId" = "Follower"."FollowingId"
                and f."FollowingId" = "Follower"."FollowerId")
;
Debug [20103]: Creating DbCommand for 'ExecuteNonQuery'.
Debug [20104]: Created DbCommand for 'ExecuteNonQuery' (0ms).
Debug [20106]: Initialized DbCommand for 'ExecuteNonQuery' (0ms).
Debug [20100]: Executing DbCommand [Parameters=[], CommandType='Text', CommandTimeout='60']
with ins as (
    insert into "Follower" ("FollowingId", "FollowerId", "State", "IsMutual", "Time")
        select 189680,
               189677,
               'Following',
               false,
               '2024-07-02T12:00:15.2492198Z'
        from "Group" a
        where not exists (select 1
                          from "Follower" f
                          where f."FollowingId" = 189680
                            and f."FollowerId" = 189677)
        limit 1
        returning *)
update "Follower"

set "IsMutual" = true
where exists (select 1
              from "Follower" f
              where f."FollowerId" = "Follower"."FollowingId"
                and f."FollowingId" = "Follower"."FollowerId")
;
Information [20101]: Executed DbCommand (1ms) [Parameters=[], CommandType='Text', CommandTimeout='60']
with ins as (
    insert into "Follower" ("FollowingId", "FollowerId", "State", "IsMutual", "Time")
        select 189680,
               189677,
               'Following',
               false,
               '2024-07-02T12:00:15.2492198Z'
        from "Group" a
        where not exists (select 1
                          from "Follower" f
                          where f."FollowingId" = 189680
                            and f."FollowerId" = 189677)
        limit 1
        returning *)
update "Follower"

set "IsMutual" = true
where exists (select 1
              from "Follower" f
              where f."FollowerId" = "Follower"."FollowingId"
                and f."FollowingId" = "Follower"."FollowerId")
;
Debug [20103]: Creating DbCommand for 'ExecuteNonQuery'.
Debug [20104]: Created DbCommand for 'ExecuteNonQuery' (0ms).
Debug [20106]: Initialized DbCommand for 'ExecuteNonQuery' (0ms).
Debug [20100]: Executing DbCommand [Parameters=[], CommandType='Text', CommandTimeout='60']
with ins as (
    insert into "Follower" ("FollowingId", "FollowerId", "State", "IsMutual", "Time")
        select 189681,
               189677,
               'Following',
               false,
               '2024-07-02T11:00:15.2492361Z'
        from "Group" a
        where not exists (select 1
                          from "Follower" f
                          where f."FollowingId" = 189681
                            and f."FollowerId" = 189677)
        limit 1
        returning *)
update "Follower"

set "IsMutual" = true
where exists (select 1
              from "Follower" f
              where f."FollowerId" = "Follower"."FollowingId"
                and f."FollowingId" = "Follower"."FollowerId")
;
Information [20101]: Executed DbCommand (1ms) [Parameters=[], CommandType='Text', CommandTimeout='60']
with ins as (
    insert into "Follower" ("FollowingId", "FollowerId", "State", "IsMutual", "Time")
        select 189681,
               189677,
               'Following',
               false,
               '2024-07-02T11:00:15.2492361Z'
        from "Group" a
        where not exists (select 1
                          from "Follower" f
                          where f."FollowingId" = 189681
                            and f."FollowerId" = 189677)
        limit 1
        returning *)
update "Follower"

set "IsMutual" = true
where exists (select 1
              from "Follower" f
              where f."FollowerId" = "Follower"."FollowingId"
                and f."FollowingId" = "Follower"."FollowerId")
;
Debug [20103]: Creating DbCommand for 'ExecuteNonQuery'.
Debug [20104]: Created DbCommand for 'ExecuteNonQuery' (0ms).
Debug [20106]: Initialized DbCommand for 'ExecuteNonQuery' (0ms).
Debug [20100]: Executing DbCommand [Parameters=[], CommandType='Text', CommandTimeout='60']
with ins as (
    insert into "Follower" ("FollowingId", "FollowerId", "State", "IsMutual", "Time")
        select 189682,
               189677,
               'Following',
               false,
               '2024-07-02T10:00:15.2492365Z'
        from "Group" a
        where not exists (select 1
                          from "Follower" f
                          where f."FollowingId" = 189682
                            and f."FollowerId" = 189677)
        limit 1
        returning *)
update "Follower"

set "IsMutual" = true
where exists (select 1
              from "Follower" f
              where f."FollowerId" = "Follower"."FollowingId"
                and f."FollowingId" = "Follower"."FollowerId")
;
Information [20101]: Executed DbCommand (1ms) [Parameters=[], CommandType='Text', CommandTimeout='60']
with ins as (
    insert into "Follower" ("FollowingId", "FollowerId", "State", "IsMutual", "Time")
        select 189682,
               189677,
               'Following',
               false,
               '2024-07-02T10:00:15.2492365Z'
        from "Group" a
        where not exists (select 1
                          from "Follower" f
                          where f."FollowingId" = 189682
                            and f."FollowerId" = 189677)
        limit 1
        returning *)
update "Follower"

set "IsMutual" = true
where exists (select 1
              from "Follower" f
              where f."FollowerId" = "Follower"."FollowingId"
                and f."FollowingId" = "Follower"."FollowerId")
;
Debug [20103]: Creating DbCommand for 'ExecuteNonQuery'.
Debug [20104]: Created DbCommand for 'ExecuteNonQuery' (0ms).
Debug [20106]: Initialized DbCommand for 'ExecuteNonQuery' (0ms).
Debug [20100]: Executing DbCommand [Parameters=[], CommandType='Text', CommandTimeout='60']
with ins as (
    insert into "Follower" ("FollowingId", "FollowerId", "State", "IsMutual", "Time")
        select 189683,
               189677,
               'Following',
               false,
               '2024-07-02T09:00:15.2492367Z'
        from "Group" a
        where not exists (select 1
                          from "Follower" f
                          where f."FollowingId" = 189683
                            and f."FollowerId" = 189677)
        limit 1
        returning *)
update "Follower"

set "IsMutual" = true
where exists (select 1
              from "Follower" f
              where f."FollowerId" = "Follower"."FollowingId"
                and f."FollowingId" = "Follower"."FollowerId")
;
Information [20101]: Executed DbCommand (1ms) [Parameters=[], CommandType='Text', CommandTimeout='60']
with ins as (
    insert into "Follower" ("FollowingId", "FollowerId", "State", "IsMutual", "Time")
        select 189683,
               189677,
               'Following',
               false,
               '2024-07-02T09:00:15.2492367Z'
        from "Group" a
        where not exists (select 1
                          from "Follower" f
                          where f."FollowingId" = 189683
                            and f."FollowerId" = 189677)
        limit 1
        returning *)
update "Follower"

set "IsMutual" = true
where exists (select 1
              from "Follower" f
              where f."FollowerId" = "Follower"."FollowingId"
                and f."FollowingId" = "Follower"."FollowerId")
;
Debug [20103]: Creating DbCommand for 'ExecuteNonQuery'.
Debug [20104]: Created DbCommand for 'ExecuteNonQuery' (0ms).
Debug [20106]: Initialized DbCommand for 'ExecuteNonQuery' (0ms).
Debug [20100]: Executing DbCommand [Parameters=[], CommandType='Text', CommandTimeout='60']
with ins as (
    insert into "Follower" ("FollowingId", "FollowerId", "State", "IsMutual", "Time")
        select 189684,
               189677,
               'Following',
               false,
               '2024-07-02T08:00:15.2492373Z'
        from "Group" a
        where not exists (select 1
                          from "Follower" f
                          where f."FollowingId" = 189684
                            and f."FollowerId" = 189677)
        limit 1
        returning *)
update "Follower"

set "IsMutual" = true
where exists (select 1
              from "Follower" f
              where f."FollowerId" = "Follower"."FollowingId"
                and f."FollowingId" = "Follower"."FollowerId")
;
Information [20101]: Executed DbCommand (1ms) [Parameters=[], CommandType='Text', CommandTimeout='60']
with ins as (
    insert into "Follower" ("FollowingId", "FollowerId", "State", "IsMutual", "Time")
        select 189684,
               189677,
               'Following',
               false,
               '2024-07-02T08:00:15.2492373Z'
        from "Group" a
        where not exists (select 1
                          from "Follower" f
                          where f."FollowingId" = 189684
                            and f."FollowerId" = 189677)
        limit 1
        returning *)
update "Follower"

set "IsMutual" = true
where exists (select 1
              from "Follower" f
              where f."FollowerId" = "Follower"."FollowingId"
                and f."FollowingId" = "Follower"."FollowerId")
;
Debug [20103]: Creating DbCommand for 'ExecuteNonQuery'.
Debug [20104]: Created DbCommand for 'ExecuteNonQuery' (0ms).
Debug [20106]: Initialized DbCommand for 'ExecuteNonQuery' (0ms).
Debug [20100]: Executing DbCommand [Parameters=[], CommandType='Text', CommandTimeout='60']
with ins as (
    insert into "Follower" ("FollowingId", "FollowerId", "State", "IsMutual", "Time")
        select 189685,
               189677,
               'Following',
               false,
               '2024-07-02T07:00:15.2492375Z'
        from "Group" a
        where not exists (select 1
                          from "Follower" f
                          where f."FollowingId" = 189685
                            and f."FollowerId" = 189677)
        limit 1
        returning *)
update "Follower"

set "IsMutual" = true
where exists (select 1
              from "Follower" f
              where f."FollowerId" = "Follower"."FollowingId"
                and f."FollowingId" = "Follower"."FollowerId")
;
Information [20101]: Executed DbCommand (1ms) [Parameters=[], CommandType='Text', CommandTimeout='60']
with ins as (
    insert into "Follower" ("FollowingId", "FollowerId", "State", "IsMutual", "Time")
        select 189685,
               189677,
               'Following',
               false,
               '2024-07-02T07:00:15.2492375Z'
        from "Group" a
        where not exists (select 1
                          from "Follower" f
                          where f."FollowingId" = 189685
                            and f."FollowerId" = 189677)
        limit 1
        returning *)
update "Follower"

set "IsMutual" = true
where exists (select 1
              from "Follower" f
              where f."FollowerId" = "Follower"."FollowingId"
                and f."FollowingId" = "Follower"."FollowerId")
;
Debug [20103]: Creating DbCommand for 'ExecuteNonQuery'.
Debug [20104]: Created DbCommand for 'ExecuteNonQuery' (0ms).
Debug [20106]: Initialized DbCommand for 'ExecuteNonQuery' (0ms).
Debug [20100]: Executing DbCommand [Parameters=[], CommandType='Text', CommandTimeout='60']
with ins as (
    insert into "Follower" ("FollowingId", "FollowerId", "State", "IsMutual", "Time")
        select 189686,
               189677,
               'Following',
               false,
               '2024-07-02T06:00:15.2492377Z'
        from "Group" a
        where not exists (select 1
                          from "Follower" f
                          where f."FollowingId" = 189686
                            and f."FollowerId" = 189677)
        limit 1
        returning *)
update "Follower"

set "IsMutual" = true
where exists (select 1
              from "Follower" f
              where f."FollowerId" = "Follower"."FollowingId"
                and f."FollowingId" = "Follower"."FollowerId")
;
Information [20101]: Executed DbCommand (1ms) [Parameters=[], CommandType='Text', CommandTimeout='60']
with ins as (
    insert into "Follower" ("FollowingId", "FollowerId", "State", "IsMutual", "Time")
        select 189686,
               189677,
               'Following',
               false,
               '2024-07-02T06:00:15.2492377Z'
        from "Group" a
        where not exists (select 1
                          from "Follower" f
                          where f."FollowingId" = 189686
                            and f."FollowerId" = 189677)
        limit 1
        returning *)
update "Follower"

set "IsMutual" = true
where exists (select 1
              from "Follower" f
              where f."FollowerId" = "Follower"."FollowingId"
                and f."FollowingId" = "Follower"."FollowerId")
;
Debug [20103]: Creating DbCommand for 'ExecuteNonQuery'.
Debug [20104]: Created DbCommand for 'ExecuteNonQuery' (0ms).
Debug [20106]: Initialized DbCommand for 'ExecuteNonQuery' (0ms).
Debug [20100]: Executing DbCommand [Parameters=[], CommandType='Text', CommandTimeout='60']
with ins as (
    insert into "Follower" ("FollowingId", "FollowerId", "State", "IsMutual", "Time")
        select 189687,
               189677,
               'Following',
               false,
               '2024-07-02T05:00:15.2492379Z'
        from "Group" a
        where not exists (select 1
                          from "Follower" f
                          where f."FollowingId" = 189687
                            and f."FollowerId" = 189677)
        limit 1
        returning *)
update "Follower"

set "IsMutual" = true
where exists (select 1
              from "Follower" f
              where f."FollowerId" = "Follower"."FollowingId"
                and f."FollowingId" = "Follower"."FollowerId")
;
Information [20101]: Executed DbCommand (1ms) [Parameters=[], CommandType='Text', CommandTimeout='60']
with ins as (
    insert into "Follower" ("FollowingId", "FollowerId", "State", "IsMutual", "Time")
        select 189687,
               189677,
               'Following',
               false,
               '2024-07-02T05:00:15.2492379Z'
        from "Group" a
        where not exists (select 1
                          from "Follower" f
                          where f."FollowingId" = 189687
                            and f."FollowerId" = 189677)
        limit 1
        returning *)
update "Follower"

set "IsMutual" = true
where exists (select 1
              from "Follower" f
              where f."FollowerId" = "Follower"."FollowingId"
                and f."FollowingId" = "Follower"."FollowerId")
;
Debug [20103]: Creating DbCommand for 'ExecuteNonQuery'.
Debug [20104]: Created DbCommand for 'ExecuteNonQuery' (0ms).
Debug [20106]: Initialized DbCommand for 'ExecuteNonQuery' (0ms).
Debug [20100]: Executing DbCommand [Parameters=[], CommandType='Text', CommandTimeout='60']
with ins as (
    insert into "Follower" ("FollowingId", "FollowerId", "State", "IsMutual", "Time")
        select 189688,
               189677,
               'Following',
               false,
               '2024-07-02T04:00:15.2492382Z'
        from "Group" a
        where not exists (select 1
                          from "Follower" f
                          where f."FollowingId" = 189688
                            and f."FollowerId" = 189677)
        limit 1
        returning *)
update "Follower"

set "IsMutual" = true
where exists (select 1
              from "Follower" f
              where f."FollowerId" = "Follower"."FollowingId"
                and f."FollowingId" = "Follower"."FollowerId")
;
Information [20101]: Executed DbCommand (1ms) [Parameters=[], CommandType='Text', CommandTimeout='60']
with ins as (
    insert into "Follower" ("FollowingId", "FollowerId", "State", "IsMutual", "Time")
        select 189688,
               189677,
               'Following',
               false,
               '2024-07-02T04:00:15.2492382Z'
        from "Group" a
        where not exists (select 1
                          from "Follower" f
                          where f."FollowingId" = 189688
                            and f."FollowerId" = 189677)
        limit 1
        returning *)
update "Follower"

set "IsMutual" = true
where exists (select 1
              from "Follower" f
              where f."FollowerId" = "Follower"."FollowingId"
                and f."FollowingId" = "Follower"."FollowerId")
;
Debug [20103]: Creating DbCommand for 'ExecuteNonQuery'.
Debug [20104]: Created DbCommand for 'ExecuteNonQuery' (0ms).
Debug [20106]: Initialized DbCommand for 'ExecuteNonQuery' (0ms).
Debug [20100]: Executing DbCommand [Parameters=[], CommandType='Text', CommandTimeout='60']
with ins as (
    insert into "Follower" ("FollowingId", "FollowerId", "State", "IsMutual", "Time")
        select 189689,
               189677,
               'Following',
               false,
               '2024-07-02T03:00:15.2492386Z'
        from "Group" a
        where not exists (select 1
                          from "Follower" f
                          where f."FollowingId" = 189689
                            and f."FollowerId" = 189677)
        limit 1
        returning *)
update "Follower"

set "IsMutual" = true
where exists (select 1
              from "Follower" f
              where f."FollowerId" = "Follower"."FollowingId"
                and f."FollowingId" = "Follower"."FollowerId")
;
Information [20101]: Executed DbCommand (0ms) [Parameters=[], CommandType='Text', CommandTimeout='60']
with ins as (
    insert into "Follower" ("FollowingId", "FollowerId", "State", "IsMutual", "Time")
        select 189689,
               189677,
               'Following',
               false,
               '2024-07-02T03:00:15.2492386Z'
        from "Group" a
        where not exists (select 1
                          from "Follower" f
                          where f."FollowingId" = 189689
                            and f."FollowerId" = 189677)
        limit 1
        returning *)
update "Follower"

set "IsMutual" = true
where exists (select 1
              from "Follower" f
              where f."FollowerId" = "Follower"."FollowingId"
                and f."FollowingId" = "Follower"."FollowerId")
;
Debug [20103]: Creating DbCommand for 'ExecuteNonQuery'.
Debug [20104]: Created DbCommand for 'ExecuteNonQuery' (0ms).
Debug [20106]: Initialized DbCommand for 'ExecuteNonQuery' (0ms).
Debug [20100]: Executing DbCommand [Parameters=[], CommandType='Text', CommandTimeout='60']
with ins as (
    insert into "Follower" ("FollowingId", "FollowerId", "State", "IsMutual", "Time")
        select 189690,
               189677,
               'Following',
               false,
               '2024-07-02T02:00:15.2492388Z'
        from "Group" a
        where not exists (select 1
                          from "Follower" f
                          where f."FollowingId" = 189690
                            and f."FollowerId" = 189677)
        limit 1
        returning *)
update "Follower"

set "IsMutual" = true
where exists (select 1
              from "Follower" f
              where f."FollowerId" = "Follower"."FollowingId"
                and f."FollowingId" = "Follower"."FollowerId")
;
Information [20101]: Executed DbCommand (1ms) [Parameters=[], CommandType='Text', CommandTimeout='60']
with ins as (
    insert into "Follower" ("FollowingId", "FollowerId", "State", "IsMutual", "Time")
        select 189690,
               189677,
               'Following',
               false,
               '2024-07-02T02:00:15.2492388Z'
        from "Group" a
        where not exists (select 1
                          from "Follower" f
                          where f."FollowingId" = 189690
                            and f."FollowerId" = 189677)
        limit 1
        returning *)
update "Follower"

set "IsMutual" = true
where exists (select 1
              from "Follower" f
              where f."FollowerId" = "Follower"."FollowingId"
                and f."FollowingId" = "Follower"."FollowerId")
;
Debug [20103]: Creating DbCommand for 'ExecuteNonQuery'.
Debug [20104]: Created DbCommand for 'ExecuteNonQuery' (0ms).
Debug [20106]: Initialized DbCommand for 'ExecuteNonQuery' (0ms).
Debug [20100]: Executing DbCommand [Parameters=[], CommandType='Text', CommandTimeout='60']
with ins as (
    insert into "Follower" ("FollowingId", "FollowerId", "State", "IsMutual", "Time")
        select 189691,
               189677,
               'Following',
               false,
               '2024-07-02T01:00:15.2492390Z'
        from "Group" a
        where not exists (select 1
                          from "Follower" f
                          where f."FollowingId" = 189691
                            and f."FollowerId" = 189677)
        limit 1
        returning *)
update "Follower"

set "IsMutual" = true
where exists (select 1
              from "Follower" f
              where f."FollowerId" = "Follower"."FollowingId"
                and f."FollowingId" = "Follower"."FollowerId")
;
Information [20101]: Executed DbCommand (1ms) [Parameters=[], CommandType='Text', CommandTimeout='60']
with ins as (
    insert into "Follower" ("FollowingId", "FollowerId", "State", "IsMutual", "Time")
        select 189691,
               189677,
               'Following',
               false,
               '2024-07-02T01:00:15.2492390Z'
        from "Group" a
        where not exists (select 1
                          from "Follower" f
                          where f."FollowingId" = 189691
                            and f."FollowerId" = 189677)
        limit 1
        returning *)
update "Follower"

set "IsMutual" = true
where exists (select 1
              from "Follower" f
              where f."FollowerId" = "Follower"."FollowingId"
                and f."FollowingId" = "Follower"."FollowerId")
;
Debug [20103]: Creating DbCommand for 'ExecuteNonQuery'.
Debug [20104]: Created DbCommand for 'ExecuteNonQuery' (0ms).
Debug [20106]: Initialized DbCommand for 'ExecuteNonQuery' (0ms).
Debug [20100]: Executing DbCommand [Parameters=[], CommandType='Text', CommandTimeout='60']
with ins as (
    insert into "Follower" ("FollowingId", "FollowerId", "State", "IsMutual", "Time")
        select 189692,
               189677,
               'Following',
               false,
               '2024-07-02T00:00:15.2492393Z'
        from "Group" a
        where not exists (select 1
                          from "Follower" f
                          where f."FollowingId" = 189692
                            and f."FollowerId" = 189677)
        limit 1
        returning *)
update "Follower"

set "IsMutual" = true
where exists (select 1
              from "Follower" f
              where f."FollowerId" = "Follower"."FollowingId"
                and f."FollowingId" = "Follower"."FollowerId")
;
Information [20101]: Executed DbCommand (1ms) [Parameters=[], CommandType='Text', CommandTimeout='60']
with ins as (
    insert into "Follower" ("FollowingId", "FollowerId", "State", "IsMutual", "Time")
        select 189692,
               189677,
               'Following',
               false,
               '2024-07-02T00:00:15.2492393Z'
        from "Group" a
        where not exists (select 1
                          from "Follower" f
                          where f."FollowingId" = 189692
                            and f."FollowerId" = 189677)
        limit 1
        returning *)
update "Follower"

set "IsMutual" = true
where exists (select 1
              from "Follower" f
              where f."FollowerId" = "Follower"."FollowingId"
                and f."FollowingId" = "Follower"."FollowerId")
;
Debug [20103]: Creating DbCommand for 'ExecuteNonQuery'.
Debug [20104]: Created DbCommand for 'ExecuteNonQuery' (0ms).
Debug [20106]: Initialized DbCommand for 'ExecuteNonQuery' (0ms).
Debug [20100]: Executing DbCommand [Parameters=[], CommandType='Text', CommandTimeout='60']
with ins as (
    insert into "Follower" ("FollowingId", "FollowerId", "State", "IsMutual", "Time")
        select 189693,
               189677,
               'Following',
               false,
               '2024-07-01T23:00:15.2492395Z'
        from "Group" a
        where not exists (select 1
                          from "Follower" f
                          where f."FollowingId" = 189693
                            and f."FollowerId" = 189677)
        limit 1
        returning *)
update "Follower"

set "IsMutual" = true
where exists (select 1
              from "Follower" f
              where f."FollowerId" = "Follower"."FollowingId"
                and f."FollowingId" = "Follower"."FollowerId")
;
Information [20101]: Executed DbCommand (0ms) [Parameters=[], CommandType='Text', CommandTimeout='60']
with ins as (
    insert into "Follower" ("FollowingId", "FollowerId", "State", "IsMutual", "Time")
        select 189693,
               189677,
               'Following',
               false,
               '2024-07-01T23:00:15.2492395Z'
        from "Group" a
        where not exists (select 1
                          from "Follower" f
                          where f."FollowingId" = 189693
                            and f."FollowerId" = 189677)
        limit 1
        returning *)
update "Follower"

set "IsMutual" = true
where exists (select 1
              from "Follower" f
              where f."FollowerId" = "Follower"."FollowingId"
                and f."FollowingId" = "Follower"."FollowerId")
;
Debug [20103]: Creating DbCommand for 'ExecuteNonQuery'.
Debug [20104]: Created DbCommand for 'ExecuteNonQuery' (0ms).
Debug [20106]: Initialized DbCommand for 'ExecuteNonQuery' (0ms).
Debug [20100]: Executing DbCommand [Parameters=[], CommandType='Text', CommandTimeout='60']
with ins as (
    insert into "Follower" ("FollowingId", "FollowerId", "State", "IsMutual", "Time")
        select 189694,
               189677,
               'Following',
               false,
               '2024-07-01T22:00:15.2492398Z'
        from "Group" a
        where not exists (select 1
                          from "Follower" f
                          where f."FollowingId" = 189694
                            and f."FollowerId" = 189677)
        limit 1
        returning *)
update "Follower"

set "IsMutual" = true
where exists (select 1
              from "Follower" f
              where f."FollowerId" = "Follower"."FollowingId"
                and f."FollowingId" = "Follower"."FollowerId")
;
Information [20101]: Executed DbCommand (0ms) [Parameters=[], CommandType='Text', CommandTimeout='60']
with ins as (
    insert into "Follower" ("FollowingId", "FollowerId", "State", "IsMutual", "Time")
        select 189694,
               189677,
               'Following',
               false,
               '2024-07-01T22:00:15.2492398Z'
        from "Group" a
        where not exists (select 1
                          from "Follower" f
                          where f."FollowingId" = 189694
                            and f."FollowerId" = 189677)
        limit 1
        returning *)
update "Follower"

set "IsMutual" = true
where exists (select 1
              from "Follower" f
              where f."FollowerId" = "Follower"."FollowingId"
                and f."FollowingId" = "Follower"."FollowerId")
;
Debug [20103]: Creating DbCommand for 'ExecuteNonQuery'.
Debug [20104]: Created DbCommand for 'ExecuteNonQuery' (0ms).
Debug [20106]: Initialized DbCommand for 'ExecuteNonQuery' (0ms).
Debug [20100]: Executing DbCommand [Parameters=[], CommandType='Text', CommandTimeout='60']
with ins as (
    insert into "Follower" ("FollowingId", "FollowerId", "State", "IsMutual", "Time")
        select 189695,
               189677,
               'Following',
               false,
               '2024-07-01T21:00:15.2492400Z'
        from "Group" a
        where not exists (select 1
                          from "Follower" f
                          where f."FollowingId" = 189695
                            and f."FollowerId" = 189677)
        limit 1
        returning *)
update "Follower"

set "IsMutual" = true
where exists (select 1
              from "Follower" f
              where f."FollowerId" = "Follower"."FollowingId"
                and f."FollowingId" = "Follower"."FollowerId")
;
Information [20101]: Executed DbCommand (0ms) [Parameters=[], CommandType='Text', CommandTimeout='60']
with ins as (
    insert into "Follower" ("FollowingId", "FollowerId", "State", "IsMutual", "Time")
        select 189695,
               189677,
               'Following',
               false,
               '2024-07-01T21:00:15.2492400Z'
        from "Group" a
        where not exists (select 1
                          from "Follower" f
                          where f."FollowingId" = 189695
                            and f."FollowerId" = 189677)
        limit 1
        returning *)
update "Follower"

set "IsMutual" = true
where exists (select 1
              from "Follower" f
              where f."FollowerId" = "Follower"."FollowingId"
                and f."FollowingId" = "Follower"."FollowerId")
;
Debug [20103]: Creating DbCommand for 'ExecuteNonQuery'.
Debug [20104]: Created DbCommand for 'ExecuteNonQuery' (0ms).
Debug [20106]: Initialized DbCommand for 'ExecuteNonQuery' (0ms).
Debug [20100]: Executing DbCommand [Parameters=[], CommandType='Text', CommandTimeout='60']
with ins as (
    insert into "Follower" ("FollowingId", "FollowerId", "State", "IsMutual", "Time")
        select 189696,
               189677,
               'Following',
               false,
               '2024-07-01T20:00:15.2492485Z'
        from "Group" a
        where not exists (select 1
                          from "Follower" f
                          where f."FollowingId" = 189696
                            and f."FollowerId" = 189677)
        limit 1
        returning *)
update "Follower"

set "IsMutual" = true
where exists (select 1
              from "Follower" f
              where f."FollowerId" = "Follower"."FollowingId"
                and f."FollowingId" = "Follower"."FollowerId")
;
Information [20101]: Executed DbCommand (0ms) [Parameters=[], CommandType='Text', CommandTimeout='60']
with ins as (
    insert into "Follower" ("FollowingId", "FollowerId", "State", "IsMutual", "Time")
        select 189696,
               189677,
               'Following',
               false,
               '2024-07-01T20:00:15.2492485Z'
        from "Group" a
        where not exists (select 1
                          from "Follower" f
                          where f."FollowingId" = 189696
                            and f."FollowerId" = 189677)
        limit 1
        returning *)
update "Follower"

set "IsMutual" = true
where exists (select 1
              from "Follower" f
              where f."FollowerId" = "Follower"."FollowingId"
                and f."FollowingId" = "Follower"."FollowerId")
;
Debug [20103]: Creating DbCommand for 'ExecuteNonQuery'.
Debug [20104]: Created DbCommand for 'ExecuteNonQuery' (0ms).
Debug [20106]: Initialized DbCommand for 'ExecuteNonQuery' (0ms).
Debug [20100]: Executing DbCommand [Parameters=[], CommandType='Text', CommandTimeout='60']
with ins as (
    insert into "Follower" ("FollowingId", "FollowerId", "State", "IsMutual", "Time")
        select 189697,
               189677,
               'Following',
               false,
               '2024-07-01T19:00:15.2492488Z'
        from "Group" a
        where not exists (select 1
                          from "Follower" f
                          where f."FollowingId" = 189697
                            and f."FollowerId" = 189677)
        limit 1
        returning *)
update "Follower"

set "IsMutual" = true
where exists (select 1
              from "Follower" f
              where f."FollowerId" = "Follower"."FollowingId"
                and f."FollowingId" = "Follower"."FollowerId")
;
Information [20101]: Executed DbCommand (0ms) [Parameters=[], CommandType='Text', CommandTimeout='60']
with ins as (
    insert into "Follower" ("FollowingId", "FollowerId", "State", "IsMutual", "Time")
        select 189697,
               189677,
               'Following',
               false,
               '2024-07-01T19:00:15.2492488Z'
        from "Group" a
        where not exists (select 1
                          from "Follower" f
                          where f."FollowingId" = 189697
                            and f."FollowerId" = 189677)
        limit 1
        returning *)
update "Follower"

set "IsMutual" = true
where exists (select 1
              from "Follower" f
              where f."FollowerId" = "Follower"."FollowingId"
                and f."FollowingId" = "Follower"."FollowerId")
;
Debug [20103]: Creating DbCommand for 'ExecuteNonQuery'.
Debug [20104]: Created DbCommand for 'ExecuteNonQuery' (0ms).
Debug [20106]: Initialized DbCommand for 'ExecuteNonQuery' (0ms).
Debug [20100]: Executing DbCommand [Parameters=[], CommandType='Text', CommandTimeout='60']
with ins as (
    insert into "Follower" ("FollowingId", "FollowerId", "State", "IsMutual", "Time")
        select 189698,
               189677,
               'Following',
               false,
               '2024-07-01T18:00:15.2492490Z'
        from "Group" a
        where not exists (select 1
                          from "Follower" f
                          where f."FollowingId" = 189698
                            and f."FollowerId" = 189677)
        limit 1
        returning *)
update "Follower"

set "IsMutual" = true
where exists (select 1
              from "Follower" f
              where f."FollowerId" = "Follower"."FollowingId"
                and f."FollowingId" = "Follower"."FollowerId")
;
Information [20101]: Executed DbCommand (0ms) [Parameters=[], CommandType='Text', CommandTimeout='60']
with ins as (
    insert into "Follower" ("FollowingId", "FollowerId", "State", "IsMutual", "Time")
        select 189698,
               189677,
               'Following',
               false,
               '2024-07-01T18:00:15.2492490Z'
        from "Group" a
        where not exists (select 1
                          from "Follower" f
                          where f."FollowingId" = 189698
                            and f."FollowerId" = 189677)
        limit 1
        returning *)
update "Follower"

set "IsMutual" = true
where exists (select 1
              from "Follower" f
              where f."FollowerId" = "Follower"."FollowingId"
                and f."FollowingId" = "Follower"."FollowerId")
;
Debug [20103]: Creating DbCommand for 'ExecuteNonQuery'.
Debug [20104]: Created DbCommand for 'ExecuteNonQuery' (0ms).
Debug [20106]: Initialized DbCommand for 'ExecuteNonQuery' (0ms).
Debug [20100]: Executing DbCommand [Parameters=[], CommandType='Text', CommandTimeout='60']
with ins as (
    insert into "Follower" ("FollowingId", "FollowerId", "State", "IsMutual", "Time")
        select 189699,
               189677,
               'Following',
               false,
               '2024-07-01T17:00:15.2492493Z'
        from "Group" a
        where not exists (select 1
                          from "Follower" f
                          where f."FollowingId" = 189699
                            and f."FollowerId" = 189677)
        limit 1
        returning *)
update "Follower"

set "IsMutual" = true
where exists (select 1
              from "Follower" f
              where f."FollowerId" = "Follower"."FollowingId"
                and f."FollowingId" = "Follower"."FollowerId")
;
Information [20101]: Executed DbCommand (0ms) [Parameters=[], CommandType='Text', CommandTimeout='60']
with ins as (
    insert into "Follower" ("FollowingId", "FollowerId", "State", "IsMutual", "Time")
        select 189699,
               189677,
               'Following',
               false,
               '2024-07-01T17:00:15.2492493Z'
        from "Group" a
        where not exists (select 1
                          from "Follower" f
                          where f."FollowingId" = 189699
                            and f."FollowerId" = 189677)
        limit 1
        returning *)
update "Follower"

set "IsMutual" = true
where exists (select 1
              from "Follower" f
              where f."FollowerId" = "Follower"."FollowingId"
                and f."FollowingId" = "Follower"."FollowerId")
;
Debug [20103]: Creating DbCommand for 'ExecuteNonQuery'.
Debug [20104]: Created DbCommand for 'ExecuteNonQuery' (0ms).
Debug [20106]: Initialized DbCommand for 'ExecuteNonQuery' (0ms).
Debug [20100]: Executing DbCommand [Parameters=[], CommandType='Text', CommandTimeout='60']
with ins as (
    insert into "Follower" ("FollowingId", "FollowerId", "State", "IsMutual", "Time")
        select 189700,
               189677,
               'Following',
               false,
               '2024-07-01T16:00:15.2492495Z'
        from "Group" a
        where not exists (select 1
                          from "Follower" f
                          where f."FollowingId" = 189700
                            and f."FollowerId" = 189677)
        limit 1
        returning *)
update "Follower"

set "IsMutual" = true
where exists (select 1
              from "Follower" f
              where f."FollowerId" = "Follower"."FollowingId"
                and f."FollowingId" = "Follower"."FollowerId")
;
Information [20101]: Executed DbCommand (0ms) [Parameters=[], CommandType='Text', CommandTimeout='60']
with ins as (
    insert into "Follower" ("FollowingId", "FollowerId", "State", "IsMutual", "Time")
        select 189700,
               189677,
               'Following',
               false,
               '2024-07-01T16:00:15.2492495Z'
        from "Group" a
        where not exists (select 1
                          from "Follower" f
                          where f."FollowingId" = 189700
                            and f."FollowerId" = 189677)
        limit 1
        returning *)
update "Follower"

set "IsMutual" = true
where exists (select 1
              from "Follower" f
              where f."FollowerId" = "Follower"."FollowingId"
                and f."FollowingId" = "Follower"."FollowerId")
;
Debug [20103]: Creating DbCommand for 'ExecuteNonQuery'.
Debug [20104]: Created DbCommand for 'ExecuteNonQuery' (0ms).
Debug [20106]: Initialized DbCommand for 'ExecuteNonQuery' (0ms).
Debug [20100]: Executing DbCommand [Parameters=[], CommandType='Text', CommandTimeout='60']
with ins as (
    insert into "Follower" ("FollowingId", "FollowerId", "State", "IsMutual", "Time")
        select 189701,
               189677,
               'Following',
               false,
               '2024-07-01T15:00:15.2492497Z'
        from "Group" a
        where not exists (select 1
                          from "Follower" f
                          where f."FollowingId" = 189701
                            and f."FollowerId" = 189677)
        limit 1
        returning *)
update "Follower"

set "IsMutual" = true
where exists (select 1
              from "Follower" f
              where f."FollowerId" = "Follower"."FollowingId"
                and f."FollowingId" = "Follower"."FollowerId")
;
Information [20101]: Executed DbCommand (0ms) [Parameters=[], CommandType='Text', CommandTimeout='60']
with ins as (
    insert into "Follower" ("FollowingId", "FollowerId", "State", "IsMutual", "Time")
        select 189701,
               189677,
               'Following',
               false,
               '2024-07-01T15:00:15.2492497Z'
        from "Group" a
        where not exists (select 1
                          from "Follower" f
                          where f."FollowingId" = 189701
                            and f."FollowerId" = 189677)
        limit 1
        returning *)
update "Follower"

set "IsMutual" = true
where exists (select 1
              from "Follower" f
              where f."FollowerId" = "Follower"."FollowingId"
                and f."FollowingId" = "Follower"."FollowerId")
;
Debug [20103]: Creating DbCommand for 'ExecuteNonQuery'.
Debug [20104]: Created DbCommand for 'ExecuteNonQuery' (0ms).
Debug [20106]: Initialized DbCommand for 'ExecuteNonQuery' (0ms).
Debug [20100]: Executing DbCommand [Parameters=[], CommandType='Text', CommandTimeout='60']
with ins as (
    insert into "Follower" ("FollowingId", "FollowerId", "State", "IsMutual", "Time")
        select 189702,
               189677,
               'Following',
               false,
               '2024-07-01T14:00:15.2492500Z'
        from "Group" a
        where not exists (select 1
                          from "Follower" f
                          where f."FollowingId" = 189702
                            and f."FollowerId" = 189677)
        limit 1
        returning *)
update "Follower"

set "IsMutual" = true
where exists (select 1
              from "Follower" f
              where f."FollowerId" = "Follower"."FollowingId"
                and f."FollowingId" = "Follower"."FollowerId")
;
Information [20101]: Executed DbCommand (0ms) [Parameters=[], CommandType='Text', CommandTimeout='60']
with ins as (
    insert into "Follower" ("FollowingId", "FollowerId", "State", "IsMutual", "Time")
        select 189702,
               189677,
               'Following',
               false,
               '2024-07-01T14:00:15.2492500Z'
        from "Group" a
        where not exists (select 1
                          from "Follower" f
                          where f."FollowingId" = 189702
                            and f."FollowerId" = 189677)
        limit 1
        returning *)
update "Follower"

set "IsMutual" = true
where exists (select 1
              from "Follower" f
              where f."FollowerId" = "Follower"."FollowingId"
                and f."FollowingId" = "Follower"."FollowerId")
;
Debug [20103]: Creating DbCommand for 'ExecuteNonQuery'.
Debug [20104]: Created DbCommand for 'ExecuteNonQuery' (0ms).
Debug [20106]: Initialized DbCommand for 'ExecuteNonQuery' (0ms).
Debug [20100]: Executing DbCommand [Parameters=[], CommandType='Text', CommandTimeout='60']
with ins as (
    insert into "Follower" ("FollowingId", "FollowerId", "State", "IsMutual", "Time")
        select 189703,
               189677,
               'Following',
               false,
               '2024-07-01T13:00:15.2492502Z'
        from "Group" a
        where not exists (select 1
                          from "Follower" f
                          where f."FollowingId" = 189703
                            and f."FollowerId" = 189677)
        limit 1
        returning *)
update "Follower"

set "IsMutual" = true
where exists (select 1
              from "Follower" f
              where f."FollowerId" = "Follower"."FollowingId"
                and f."FollowingId" = "Follower"."FollowerId")
;
Information [20101]: Executed DbCommand (0ms) [Parameters=[], CommandType='Text', CommandTimeout='60']
with ins as (
    insert into "Follower" ("FollowingId", "FollowerId", "State", "IsMutual", "Time")
        select 189703,
               189677,
               'Following',
               false,
               '2024-07-01T13:00:15.2492502Z'
        from "Group" a
        where not exists (select 1
                          from "Follower" f
                          where f."FollowingId" = 189703
                            and f."FollowerId" = 189677)
        limit 1
        returning *)
update "Follower"

set "IsMutual" = true
where exists (select 1
              from "Follower" f
              where f."FollowerId" = "Follower"."FollowingId"
                and f."FollowingId" = "Follower"."FollowerId")
;
Debug [20103]: Creating DbCommand for 'ExecuteNonQuery'.
Debug [20104]: Created DbCommand for 'ExecuteNonQuery' (0ms).
Debug [20106]: Initialized DbCommand for 'ExecuteNonQuery' (0ms).
Debug [20100]: Executing DbCommand [Parameters=[], CommandType='Text', CommandTimeout='60']
with ins as (
    insert into "Follower" ("FollowingId", "FollowerId", "State", "IsMutual", "Time")
        select 189704,
               189677,
               'Following',
               false,
               '2024-07-01T12:00:15.2492504Z'
        from "Group" a
        where not exists (select 1
                          from "Follower" f
                          where f."FollowingId" = 189704
                            and f."FollowerId" = 189677)
        limit 1
        returning *)
update "Follower"

set "IsMutual" = true
where exists (select 1
              from "Follower" f
              where f."FollowerId" = "Follower"."FollowingId"
                and f."FollowingId" = "Follower"."FollowerId")
;
Information [20101]: Executed DbCommand (0ms) [Parameters=[], CommandType='Text', CommandTimeout='60']
with ins as (
    insert into "Follower" ("FollowingId", "FollowerId", "State", "IsMutual", "Time")
        select 189704,
               189677,
               'Following',
               false,
               '2024-07-01T12:00:15.2492504Z'
        from "Group" a
        where not exists (select 1
                          from "Follower" f
                          where f."FollowingId" = 189704
                            and f."FollowerId" = 189677)
        limit 1
        returning *)
update "Follower"

set "IsMutual" = true
where exists (select 1
              from "Follower" f
              where f."FollowerId" = "Follower"."FollowingId"
                and f."FollowingId" = "Follower"."FollowerId")
;
Debug [20103]: Creating DbCommand for 'ExecuteNonQuery'.
Debug [20104]: Created DbCommand for 'ExecuteNonQuery' (0ms).
Debug [20106]: Initialized DbCommand for 'ExecuteNonQuery' (0ms).
Debug [20100]: Executing DbCommand [Parameters=[], CommandType='Text', CommandTimeout='60']
with ins as (
    insert into "Follower" ("FollowingId", "FollowerId", "State", "IsMutual", "Time")
        select 189705,
               189677,
               'Following',
               false,
               '2024-07-01T11:00:15.2492506Z'
        from "Group" a
        where not exists (select 1
                          from "Follower" f
                          where f."FollowingId" = 189705
                            and f."FollowerId" = 189677)
        limit 1
        returning *)
update "Follower"

set "IsMutual" = true
where exists (select 1
              from "Follower" f
              where f."FollowerId" = "Follower"."FollowingId"
                and f."FollowingId" = "Follower"."FollowerId")
;
Information [20101]: Executed DbCommand (0ms) [Parameters=[], CommandType='Text', CommandTimeout='60']
with ins as (
    insert into "Follower" ("FollowingId", "FollowerId", "State", "IsMutual", "Time")
        select 189705,
               189677,
               'Following',
               false,
               '2024-07-01T11:00:15.2492506Z'
        from "Group" a
        where not exists (select 1
                          from "Follower" f
                          where f."FollowingId" = 189705
                            and f."FollowerId" = 189677)
        limit 1
        returning *)
update "Follower"

set "IsMutual" = true
where exists (select 1
              from "Follower" f
              where f."FollowerId" = "Follower"."FollowingId"
                and f."FollowingId" = "Follower"."FollowerId")
;
Debug [20103]: Creating DbCommand for 'ExecuteNonQuery'.
Debug [20104]: Created DbCommand for 'ExecuteNonQuery' (0ms).
Debug [20106]: Initialized DbCommand for 'ExecuteNonQuery' (0ms).
Debug [20100]: Executing DbCommand [Parameters=[], CommandType='Text', CommandTimeout='60']
with ins as (
    insert into "Follower" ("FollowingId", "FollowerId", "State", "IsMutual", "Time")
        select 189706,
               189677,
               'Following',
               false,
               '2024-07-01T10:00:15.2492509Z'
        from "Group" a
        where not exists (select 1
                          from "Follower" f
                          where f."FollowingId" = 189706
                            and f."FollowerId" = 189677)
        limit 1
        returning *)
update "Follower"

set "IsMutual" = true
where exists (select 1
              from "Follower" f
              where f."FollowerId" = "Follower"."FollowingId"
                and f."FollowingId" = "Follower"."FollowerId")
;
Information [20101]: Executed DbCommand (0ms) [Parameters=[], CommandType='Text', CommandTimeout='60']
with ins as (
    insert into "Follower" ("FollowingId", "FollowerId", "State", "IsMutual", "Time")
        select 189706,
               189677,
               'Following',
               false,
               '2024-07-01T10:00:15.2492509Z'
        from "Group" a
        where not exists (select 1
                          from "Follower" f
                          where f."FollowingId" = 189706
                            and f."FollowerId" = 189677)
        limit 1
        returning *)
update "Follower"

set "IsMutual" = true
where exists (select 1
              from "Follower" f
              where f."FollowerId" = "Follower"."FollowingId"
                and f."FollowingId" = "Follower"."FollowerId")
;
Debug [20103]: Creating DbCommand for 'ExecuteNonQuery'.
Debug [20104]: Created DbCommand for 'ExecuteNonQuery' (0ms).
Debug [20106]: Initialized DbCommand for 'ExecuteNonQuery' (0ms).
Debug [20100]: Executing DbCommand [Parameters=[], CommandType='Text', CommandTimeout='60']
with ins as (
    insert into "Follower" ("FollowingId", "FollowerId", "State", "IsMutual", "Time")
        select 189707,
               189677,
               'Following',
               false,
               '2024-07-01T09:00:15.2492511Z'
        from "Group" a
        where not exists (select 1
                          from "Follower" f
                          where f."FollowingId" = 189707
                            and f."FollowerId" = 189677)
        limit 1
        returning *)
update "Follower"

set "IsMutual" = true
where exists (select 1
              from "Follower" f
              where f."FollowerId" = "Follower"."FollowingId"
                and f."FollowingId" = "Follower"."FollowerId")
;
Information [20101]: Executed DbCommand (0ms) [Parameters=[], CommandType='Text', CommandTimeout='60']
with ins as (
    insert into "Follower" ("FollowingId", "FollowerId", "State", "IsMutual", "Time")
        select 189707,
               189677,
               'Following',
               false,
               '2024-07-01T09:00:15.2492511Z'
        from "Group" a
        where not exists (select 1
                          from "Follower" f
                          where f."FollowingId" = 189707
                            and f."FollowerId" = 189677)
        limit 1
        returning *)
update "Follower"

set "IsMutual" = true
where exists (select 1
              from "Follower" f
              where f."FollowerId" = "Follower"."FollowingId"
                and f."FollowingId" = "Follower"."FollowerId")
;
Debug [20103]: Creating DbCommand for 'ExecuteNonQuery'.
Debug [20104]: Created DbCommand for 'ExecuteNonQuery' (0ms).
Debug [20106]: Initialized DbCommand for 'ExecuteNonQuery' (0ms).
Debug [20100]: Executing DbCommand [Parameters=[], CommandType='Text', CommandTimeout='60']
with ins as (
    insert into "Follower" ("FollowingId", "FollowerId", "State", "IsMutual", "Time")
        select 189708,
               189677,
               'Following',
               false,
               '2024-07-01T08:00:15.2492513Z'
        from "Group" a
        where not exists (select 1
                          from "Follower" f
                          where f."FollowingId" = 189708
                            and f."FollowerId" = 189677)
        limit 1
        returning *)
update "Follower"

set "IsMutual" = true
where exists (select 1
              from "Follower" f
              where f."FollowerId" = "Follower"."FollowingId"
                and f."FollowingId" = "Follower"."FollowerId")
;
Information [20101]: Executed DbCommand (1ms) [Parameters=[], CommandType='Text', CommandTimeout='60']
with ins as (
    insert into "Follower" ("FollowingId", "FollowerId", "State", "IsMutual", "Time")
        select 189708,
               189677,
               'Following',
               false,
               '2024-07-01T08:00:15.2492513Z'
        from "Group" a
        where not exists (select 1
                          from "Follower" f
                          where f."FollowingId" = 189708
                            and f."FollowerId" = 189677)
        limit 1
        returning *)
update "Follower"

set "IsMutual" = true
where exists (select 1
              from "Follower" f
              where f."FollowerId" = "Follower"."FollowingId"
                and f."FollowingId" = "Follower"."FollowerId")
;
Debug [20103]: Creating DbCommand for 'ExecuteNonQuery'.
Debug [20104]: Created DbCommand for 'ExecuteNonQuery' (0ms).
Debug [20106]: Initialized DbCommand for 'ExecuteNonQuery' (0ms).
Debug [20100]: Executing DbCommand [Parameters=[], CommandType='Text', CommandTimeout='60']
with ins as (
    insert into "Follower" ("FollowingId", "FollowerId", "State", "IsMutual", "Time")
        select 189709,
               189677,
               'Following',
               false,
               '2024-07-01T07:00:15.2492515Z'
        from "Group" a
        where not exists (select 1
                          from "Follower" f
                          where f."FollowingId" = 189709
                            and f."FollowerId" = 189677)
        limit 1
        returning *)
update "Follower"

set "IsMutual" = true
where exists (select 1
              from "Follower" f
              where f."FollowerId" = "Follower"."FollowingId"
                and f."FollowingId" = "Follower"."FollowerId")
;
Information [20101]: Executed DbCommand (1ms) [Parameters=[], CommandType='Text', CommandTimeout='60']
with ins as (
    insert into "Follower" ("FollowingId", "FollowerId", "State", "IsMutual", "Time")
        select 189709,
               189677,
               'Following',
               false,
               '2024-07-01T07:00:15.2492515Z'
        from "Group" a
        where not exists (select 1
                          from "Follower" f
                          where f."FollowingId" = 189709
                            and f."FollowerId" = 189677)
        limit 1
        returning *)
update "Follower"

set "IsMutual" = true
where exists (select 1
              from "Follower" f
              where f."FollowerId" = "Follower"."FollowingId"
                and f."FollowingId" = "Follower"."FollowerId")
;
Debug [20103]: Creating DbCommand for 'ExecuteNonQuery'.
Debug [20104]: Created DbCommand for 'ExecuteNonQuery' (0ms).
Debug [20106]: Initialized DbCommand for 'ExecuteNonQuery' (0ms).
Debug [20100]: Executing DbCommand [Parameters=[], CommandType='Text', CommandTimeout='60']
with ins as (
    insert into "Follower" ("FollowingId", "FollowerId", "State", "IsMutual", "Time")
        select 189710,
               189677,
               'Following',
               false,
               '2024-07-01T06:00:15.2492519Z'
        from "Group" a
        where not exists (select 1
                          from "Follower" f
                          where f."FollowingId" = 189710
                            and f."FollowerId" = 189677)
        limit 1
        returning *)
update "Follower"

set "IsMutual" = true
where exists (select 1
              from "Follower" f
              where f."FollowerId" = "Follower"."FollowingId"
                and f."FollowingId" = "Follower"."FollowerId")
;
Information [20101]: Executed DbCommand (1ms) [Parameters=[], CommandType='Text', CommandTimeout='60']
with ins as (
    insert into "Follower" ("FollowingId", "FollowerId", "State", "IsMutual", "Time")
        select 189710,
               189677,
               'Following',
               false,
               '2024-07-01T06:00:15.2492519Z'
        from "Group" a
        where not exists (select 1
                          from "Follower" f
                          where f."FollowingId" = 189710
                            and f."FollowerId" = 189677)
        limit 1
        returning *)
update "Follower"

set "IsMutual" = true
where exists (select 1
              from "Follower" f
              where f."FollowerId" = "Follower"."FollowingId"
                and f."FollowingId" = "Follower"."FollowerId")
;
Debug [20103]: Creating DbCommand for 'ExecuteNonQuery'.
Debug [20104]: Created DbCommand for 'ExecuteNonQuery' (0ms).
Debug [20106]: Initialized DbCommand for 'ExecuteNonQuery' (0ms).
Debug [20100]: Executing DbCommand [Parameters=[], CommandType='Text', CommandTimeout='60']
with ins as (
    insert into "Follower" ("FollowingId", "FollowerId", "State", "IsMutual", "Time")
        select 189711,
               189677,
               'Following',
               false,
               '2024-07-01T05:00:15.2492520Z'
        from "Group" a
        where not exists (select 1
                          from "Follower" f
                          where f."FollowingId" = 189711
                            and f."FollowerId" = 189677)
        limit 1
        returning *)
update "Follower"

set "IsMutual" = true
where exists (select 1
              from "Follower" f
              where f."FollowerId" = "Follower"."FollowingId"
                and f."FollowingId" = "Follower"."FollowerId")
;
Information [20101]: Executed DbCommand (0ms) [Parameters=[], CommandType='Text', CommandTimeout='60']
with ins as (
    insert into "Follower" ("FollowingId", "FollowerId", "State", "IsMutual", "Time")
        select 189711,
               189677,
               'Following',
               false,
               '2024-07-01T05:00:15.2492520Z'
        from "Group" a
        where not exists (select 1
                          from "Follower" f
                          where f."FollowingId" = 189711
                            and f."FollowerId" = 189677)
        limit 1
        returning *)
update "Follower"

set "IsMutual" = true
where exists (select 1
              from "Follower" f
              where f."FollowerId" = "Follower"."FollowingId"
                and f."FollowingId" = "Follower"."FollowerId")
;
Debug [20103]: Creating DbCommand for 'ExecuteNonQuery'.
Debug [20104]: Created DbCommand for 'ExecuteNonQuery' (0ms).
Debug [20106]: Initialized DbCommand for 'ExecuteNonQuery' (0ms).
Debug [20100]: Executing DbCommand [Parameters=[], CommandType='Text', CommandTimeout='60']
with ins as (
    insert into "Follower" ("FollowingId", "FollowerId", "State", "IsMutual", "Time")
        select 189712,
               189677,
               'Following',
               false,
               '2024-07-01T04:00:15.2492524Z'
        from "Group" a
        where not exists (select 1
                          from "Follower" f
                          where f."FollowingId" = 189712
                            and f."FollowerId" = 189677)
        limit 1
        returning *)
update "Follower"

set "IsMutual" = true
where exists (select 1
              from "Follower" f
              where f."FollowerId" = "Follower"."FollowingId"
                and f."FollowingId" = "Follower"."FollowerId")
;
Information [20101]: Executed DbCommand (0ms) [Parameters=[], CommandType='Text', CommandTimeout='60']
with ins as (
    insert into "Follower" ("FollowingId", "FollowerId", "State", "IsMutual", "Time")
        select 189712,
               189677,
               'Following',
               false,
               '2024-07-01T04:00:15.2492524Z'
        from "Group" a
        where not exists (select 1
                          from "Follower" f
                          where f."FollowingId" = 189712
                            and f."FollowerId" = 189677)
        limit 1
        returning *)
update "Follower"

set "IsMutual" = true
where exists (select 1
              from "Follower" f
              where f."FollowerId" = "Follower"."FollowingId"
                and f."FollowingId" = "Follower"."FollowerId")
;
Debug [20103]: Creating DbCommand for 'ExecuteNonQuery'.
Debug [20104]: Created DbCommand for 'ExecuteNonQuery' (0ms).
Debug [20106]: Initialized DbCommand for 'ExecuteNonQuery' (0ms).
Debug [20100]: Executing DbCommand [Parameters=[], CommandType='Text', CommandTimeout='60']
with ins as (
    insert into "Follower" ("FollowingId", "FollowerId", "State", "IsMutual", "Time")
        select 189713,
               189677,
               'Following',
               false,
               '2024-07-01T03:00:15.2492525Z'
        from "Group" a
        where not exists (select 1
                          from "Follower" f
                          where f."FollowingId" = 189713
                            and f."FollowerId" = 189677)
        limit 1
        returning *)
update "Follower"

set "IsMutual" = true
where exists (select 1
              from "Follower" f
              where f."FollowerId" = "Follower"."FollowingId"
                and f."FollowingId" = "Follower"."FollowerId")
;
Information [20101]: Executed DbCommand (1ms) [Parameters=[], CommandType='Text', CommandTimeout='60']
with ins as (
    insert into "Follower" ("FollowingId", "FollowerId", "State", "IsMutual", "Time")
        select 189713,
               189677,
               'Following',
               false,
               '2024-07-01T03:00:15.2492525Z'
        from "Group" a
        where not exists (select 1
                          from "Follower" f
                          where f."FollowingId" = 189713
                            and f."FollowerId" = 189677)
        limit 1
        returning *)
update "Follower"

set "IsMutual" = true
where exists (select 1
              from "Follower" f
              where f."FollowerId" = "Follower"."FollowingId"
                and f."FollowingId" = "Follower"."FollowerId")
;
Debug [20103]: Creating DbCommand for 'ExecuteNonQuery'.
Debug [20104]: Created DbCommand for 'ExecuteNonQuery' (0ms).
Debug [20106]: Initialized DbCommand for 'ExecuteNonQuery' (0ms).
Debug [20100]: Executing DbCommand [Parameters=[], CommandType='Text', CommandTimeout='60']
with ins as (
    insert into "Follower" ("FollowingId", "FollowerId", "State", "IsMutual", "Time")
        select 189714,
               189677,
               'Following',
               false,
               '2024-07-01T02:00:15.2492528Z'
        from "Group" a
        where not exists (select 1
                          from "Follower" f
                          where f."FollowingId" = 189714
                            and f."FollowerId" = 189677)
        limit 1
        returning *)
update "Follower"

set "IsMutual" = true
where exists (select 1
              from "Follower" f
              where f."FollowerId" = "Follower"."FollowingId"
                and f."FollowingId" = "Follower"."FollowerId")
;
Information [20101]: Executed DbCommand (0ms) [Parameters=[], CommandType='Text', CommandTimeout='60']
with ins as (
    insert into "Follower" ("FollowingId", "FollowerId", "State", "IsMutual", "Time")
        select 189714,
               189677,
               'Following',
               false,
               '2024-07-01T02:00:15.2492528Z'
        from "Group" a
        where not exists (select 1
                          from "Follower" f
                          where f."FollowingId" = 189714
                            and f."FollowerId" = 189677)
        limit 1
        returning *)
update "Follower"

set "IsMutual" = true
where exists (select 1
              from "Follower" f
              where f."FollowerId" = "Follower"."FollowingId"
                and f."FollowingId" = "Follower"."FollowerId")
;
Debug [20103]: Creating DbCommand for 'ExecuteNonQuery'.
Debug [20104]: Created DbCommand for 'ExecuteNonQuery' (0ms).
Debug [20106]: Initialized DbCommand for 'ExecuteNonQuery' (0ms).
Debug [20100]: Executing DbCommand [Parameters=[], CommandType='Text', CommandTimeout='60']
with ins as (
    insert into "Follower" ("FollowingId", "FollowerId", "State", "IsMutual", "Time")
        select 189715,
               189677,
               'Following',
               false,
               '2024-07-01T01:00:15.2492531Z'
        from "Group" a
        where not exists (select 1
                          from "Follower" f
                          where f."FollowingId" = 189715
                            and f."FollowerId" = 189677)
        limit 1
        returning *)
update "Follower"

set "IsMutual" = true
where exists (select 1
              from "Follower" f
              where f."FollowerId" = "Follower"."FollowingId"
                and f."FollowingId" = "Follower"."FollowerId")
;
Information [20101]: Executed DbCommand (0ms) [Parameters=[], CommandType='Text', CommandTimeout='60']
with ins as (
    insert into "Follower" ("FollowingId", "FollowerId", "State", "IsMutual", "Time")
        select 189715,
               189677,
               'Following',
               false,
               '2024-07-01T01:00:15.2492531Z'
        from "Group" a
        where not exists (select 1
                          from "Follower" f
                          where f."FollowingId" = 189715
                            and f."FollowerId" = 189677)
        limit 1
        returning *)
update "Follower"

set "IsMutual" = true
where exists (select 1
              from "Follower" f
              where f."FollowerId" = "Follower"."FollowingId"
                and f."FollowingId" = "Follower"."FollowerId")
;
Debug [20103]: Creating DbCommand for 'ExecuteNonQuery'.
Debug [20104]: Created DbCommand for 'ExecuteNonQuery' (0ms).
Debug [20106]: Initialized DbCommand for 'ExecuteNonQuery' (0ms).
Debug [20100]: Executing DbCommand [Parameters=[], CommandType='Text', CommandTimeout='60']
with ins as (
    insert into "Follower" ("FollowingId", "FollowerId", "State", "IsMutual", "Time")
        select 189716,
               189677,
               'Following',
               false,
               '2024-07-01T00:00:15.2492534Z'
        from "Group" a
        where not exists (select 1
                          from "Follower" f
                          where f."FollowingId" = 189716
                            and f."FollowerId" = 189677)
        limit 1
        returning *)
update "Follower"

set "IsMutual" = true
where exists (select 1
              from "Follower" f
              where f."FollowerId" = "Follower"."FollowingId"
                and f."FollowingId" = "Follower"."FollowerId")
;
Information [20101]: Executed DbCommand (1ms) [Parameters=[], CommandType='Text', CommandTimeout='60']
with ins as (
    insert into "Follower" ("FollowingId", "FollowerId", "State", "IsMutual", "Time")
        select 189716,
               189677,
               'Following',
               false,
               '2024-07-01T00:00:15.2492534Z'
        from "Group" a
        where not exists (select 1
                          from "Follower" f
                          where f."FollowingId" = 189716
                            and f."FollowerId" = 189677)
        limit 1
        returning *)
update "Follower"

set "IsMutual" = true
where exists (select 1
              from "Follower" f
              where f."FollowerId" = "Follower"."FollowingId"
                and f."FollowingId" = "Follower"."FollowerId")
;
Debug [20103]: Creating DbCommand for 'ExecuteNonQuery'.
Debug [20104]: Created DbCommand for 'ExecuteNonQuery' (0ms).
Debug [20106]: Initialized DbCommand for 'ExecuteNonQuery' (0ms).
Debug [20100]: Executing DbCommand [Parameters=[], CommandType='Text', CommandTimeout='60']
with ins as (
    insert into "Follower" ("FollowingId", "FollowerId", "State", "IsMutual", "Time")
        select 189717,
               189677,
               'Following',
               false,
               '2024-06-30T23:00:15.2492536Z'
        from "Group" a
        where not exists (select 1
                          from "Follower" f
                          where f."FollowingId" = 189717
                            and f."FollowerId" = 189677)
        limit 1
        returning *)
update "Follower"

set "IsMutual" = true
where exists (select 1
              from "Follower" f
              where f."FollowerId" = "Follower"."FollowingId"
                and f."FollowingId" = "Follower"."FollowerId")
;
Information [20101]: Executed DbCommand (0ms) [Parameters=[], CommandType='Text', CommandTimeout='60']
with ins as (
    insert into "Follower" ("FollowingId", "FollowerId", "State", "IsMutual", "Time")
        select 189717,
               189677,
               'Following',
               false,
               '2024-06-30T23:00:15.2492536Z'
        from "Group" a
        where not exists (select 1
                          from "Follower" f
                          where f."FollowingId" = 189717
                            and f."FollowerId" = 189677)
        limit 1
        returning *)
update "Follower"

set "IsMutual" = true
where exists (select 1
              from "Follower" f
              where f."FollowerId" = "Follower"."FollowingId"
                and f."FollowingId" = "Follower"."FollowerId")
;
Debug [20103]: Creating DbCommand for 'ExecuteNonQuery'.
Debug [20104]: Created DbCommand for 'ExecuteNonQuery' (0ms).
Debug [20106]: Initialized DbCommand for 'ExecuteNonQuery' (0ms).
Debug [20100]: Executing DbCommand [Parameters=[], CommandType='Text', CommandTimeout='60']
with ins as (
    insert into "Follower" ("FollowingId", "FollowerId", "State", "IsMutual", "Time")
        select 189718,
               189677,
               'Following',
               false,
               '2024-06-30T22:00:15.2492538Z'
        from "Group" a
        where not exists (select 1
                          from "Follower" f
                          where f."FollowingId" = 189718
                            and f."FollowerId" = 189677)
        limit 1
        returning *)
update "Follower"

set "IsMutual" = true
where exists (select 1
              from "Follower" f
              where f."FollowerId" = "Follower"."FollowingId"
                and f."FollowingId" = "Follower"."FollowerId")
;
Information [20101]: Executed DbCommand (1ms) [Parameters=[], CommandType='Text', CommandTimeout='60']
with ins as (
    insert into "Follower" ("FollowingId", "FollowerId", "State", "IsMutual", "Time")
        select 189718,
               189677,
               'Following',
               false,
               '2024-06-30T22:00:15.2492538Z'
        from "Group" a
        where not exists (select 1
                          from "Follower" f
                          where f."FollowingId" = 189718
                            and f."FollowerId" = 189677)
        limit 1
        returning *)
update "Follower"

set "IsMutual" = true
where exists (select 1
              from "Follower" f
              where f."FollowerId" = "Follower"."FollowingId"
                and f."FollowingId" = "Follower"."FollowerId")
;
Debug [20103]: Creating DbCommand for 'ExecuteNonQuery'.
Debug [20104]: Created DbCommand for 'ExecuteNonQuery' (0ms).
Debug [20106]: Initialized DbCommand for 'ExecuteNonQuery' (0ms).
Debug [20100]: Executing DbCommand [Parameters=[], CommandType='Text', CommandTimeout='60']
with ins as (
    insert into "Follower" ("FollowingId", "FollowerId", "State", "IsMutual", "Time")
        select 189677,
               189699,
               'Following',
               false,
               '2024-07-02T13:00:15.2815302Z'
        from "Group" a
        where not exists (select 1
                          from "Follower" f
                          where f."FollowingId" = 189677
                            and f."FollowerId" = 189699)
        limit 1
        returning *)
update "Follower"

set "IsMutual" = true
where exists (select 1
              from "Follower" f
              where f."FollowerId" = "Follower"."FollowingId"
                and f."FollowingId" = "Follower"."FollowerId")
;
Information [20101]: Executed DbCommand (1ms) [Parameters=[], CommandType='Text', CommandTimeout='60']
with ins as (
    insert into "Follower" ("FollowingId", "FollowerId", "State", "IsMutual", "Time")
        select 189677,
               189699,
               'Following',
               false,
               '2024-07-02T13:00:15.2815302Z'
        from "Group" a
        where not exists (select 1
                          from "Follower" f
                          where f."FollowingId" = 189677
                            and f."FollowerId" = 189699)
        limit 1
        returning *)
update "Follower"

set "IsMutual" = true
where exists (select 1
              from "Follower" f
              where f."FollowerId" = "Follower"."FollowingId"
                and f."FollowingId" = "Follower"."FollowerId")
;
Debug [20103]: Creating DbCommand for 'ExecuteNonQuery'.
Debug [20104]: Created DbCommand for 'ExecuteNonQuery' (0ms).
Debug [20106]: Initialized DbCommand for 'ExecuteNonQuery' (0ms).
Debug [20100]: Executing DbCommand [Parameters=[], CommandType='Text', CommandTimeout='60']
with ins as (
    insert into "Follower" ("FollowingId", "FollowerId", "State", "IsMutual", "Time")
        select 189677,
               189700,
               'Following',
               false,
               '2024-07-02T13:00:15.2815324Z'
        from "Group" a
        where not exists (select 1
                          from "Follower" f
                          where f."FollowingId" = 189677
                            and f."FollowerId" = 189700)
        limit 1
        returning *)
update "Follower"

set "IsMutual" = true
where exists (select 1
              from "Follower" f
              where f."FollowerId" = "Follower"."FollowingId"
                and f."FollowingId" = "Follower"."FollowerId")
;
Information [20101]: Executed DbCommand (1ms) [Parameters=[], CommandType='Text', CommandTimeout='60']
with ins as (
    insert into "Follower" ("FollowingId", "FollowerId", "State", "IsMutual", "Time")
        select 189677,
               189700,
               'Following',
               false,
               '2024-07-02T13:00:15.2815324Z'
        from "Group" a
        where not exists (select 1
                          from "Follower" f
                          where f."FollowingId" = 189677
                            and f."FollowerId" = 189700)
        limit 1
        returning *)
update "Follower"

set "IsMutual" = true
where exists (select 1
              from "Follower" f
              where f."FollowerId" = "Follower"."FollowingId"
                and f."FollowingId" = "Follower"."FollowerId")
;
Debug [20103]: Creating DbCommand for 'ExecuteNonQuery'.
Debug [20104]: Created DbCommand for 'ExecuteNonQuery' (0ms).
Debug [20106]: Initialized DbCommand for 'ExecuteNonQuery' (0ms).
Debug [20100]: Executing DbCommand [Parameters=[], CommandType='Text', CommandTimeout='60']
with ins as (
    insert into "Follower" ("FollowingId", "FollowerId", "State", "IsMutual", "Time")
        select 189677,
               189701,
               'Following',
               false,
               '2024-07-02T13:00:15.2815333Z'
        from "Group" a
        where not exists (select 1
                          from "Follower" f
                          where f."FollowingId" = 189677
                            and f."FollowerId" = 189701)
        limit 1
        returning *)
update "Follower"

set "IsMutual" = true
where exists (select 1
              from "Follower" f
              where f."FollowerId" = "Follower"."FollowingId"
                and f."FollowingId" = "Follower"."FollowerId")
;
Information [20101]: Executed DbCommand (1ms) [Parameters=[], CommandType='Text', CommandTimeout='60']
with ins as (
    insert into "Follower" ("FollowingId", "FollowerId", "State", "IsMutual", "Time")
        select 189677,
               189701,
               'Following',
               false,
               '2024-07-02T13:00:15.2815333Z'
        from "Group" a
        where not exists (select 1
                          from "Follower" f
                          where f."FollowingId" = 189677
                            and f."FollowerId" = 189701)
        limit 1
        returning *)
update "Follower"

set "IsMutual" = true
where exists (select 1
              from "Follower" f
              where f."FollowerId" = "Follower"."FollowingId"
                and f."FollowingId" = "Follower"."FollowerId")
;
Debug [20103]: Creating DbCommand for 'ExecuteNonQuery'.
Debug [20104]: Created DbCommand for 'ExecuteNonQuery' (0ms).
Debug [20106]: Initialized DbCommand for 'ExecuteNonQuery' (0ms).
Debug [20100]: Executing DbCommand [Parameters=[], CommandType='Text', CommandTimeout='60']
with ins as (
    insert into "Follower" ("FollowingId", "FollowerId", "State", "IsMutual", "Time")
        select 189677,
               189702,
               'Following',
               false,
               '2024-07-02T13:00:15.2815343Z'
        from "Group" a
        where not exists (select 1
                          from "Follower" f
                          where f."FollowingId" = 189677
                            and f."FollowerId" = 189702)
        limit 1
        returning *)
update "Follower"

set "IsMutual" = true
where exists (select 1
              from "Follower" f
              where f."FollowerId" = "Follower"."FollowingId"
                and f."FollowingId" = "Follower"."FollowerId")
;
Information [20101]: Executed DbCommand (1ms) [Parameters=[], CommandType='Text', CommandTimeout='60']
with ins as (
    insert into "Follower" ("FollowingId", "FollowerId", "State", "IsMutual", "Time")
        select 189677,
               189702,
               'Following',
               false,
               '2024-07-02T13:00:15.2815343Z'
        from "Group" a
        where not exists (select 1
                          from "Follower" f
                          where f."FollowingId" = 189677
                            and f."FollowerId" = 189702)
        limit 1
        returning *)
update "Follower"

set "IsMutual" = true
where exists (select 1
              from "Follower" f
              where f."FollowerId" = "Follower"."FollowingId"
                and f."FollowingId" = "Follower"."FollowerId")
;
Debug [20103]: Creating DbCommand for 'ExecuteNonQuery'.
Debug [20104]: Created DbCommand for 'ExecuteNonQuery' (0ms).
Debug [20106]: Initialized DbCommand for 'ExecuteNonQuery' (0ms).
Debug [20100]: Executing DbCommand [Parameters=[], CommandType='Text', CommandTimeout='60']
with ins as (
    insert into "Follower" ("FollowingId", "FollowerId", "State", "IsMutual", "Time")
        select 189677,
               189703,
               'Following',
               false,
               '2024-07-02T13:00:15.2815352Z'
        from "Group" a
        where not exists (select 1
                          from "Follower" f
                          where f."FollowingId" = 189677
                            and f."FollowerId" = 189703)
        limit 1
        returning *)
update "Follower"

set "IsMutual" = true
where exists (select 1
              from "Follower" f
              where f."FollowerId" = "Follower"."FollowingId"
                and f."FollowingId" = "Follower"."FollowerId")
;
Information [20101]: Executed DbCommand (1ms) [Parameters=[], CommandType='Text', CommandTimeout='60']
with ins as (
    insert into "Follower" ("FollowingId", "FollowerId", "State", "IsMutual", "Time")
        select 189677,
               189703,
               'Following',
               false,
               '2024-07-02T13:00:15.2815352Z'
        from "Group" a
        where not exists (select 1
                          from "Follower" f
                          where f."FollowingId" = 189677
                            and f."FollowerId" = 189703)
        limit 1
        returning *)
update "Follower"

set "IsMutual" = true
where exists (select 1
              from "Follower" f
              where f."FollowerId" = "Follower"."FollowingId"
                and f."FollowingId" = "Follower"."FollowerId")
;
Debug [20103]: Creating DbCommand for 'ExecuteNonQuery'.
Debug [20104]: Created DbCommand for 'ExecuteNonQuery' (0ms).
Debug [20106]: Initialized DbCommand for 'ExecuteNonQuery' (0ms).
Debug [20100]: Executing DbCommand [Parameters=[], CommandType='Text', CommandTimeout='60']
with ins as (
    insert into "Follower" ("FollowingId", "FollowerId", "State", "IsMutual", "Time")
        select 189677,
               189704,
               'Following',
               false,
               '2024-07-02T13:00:15.2815371Z'
        from "Group" a
        where not exists (select 1
                          from "Follower" f
                          where f."FollowingId" = 189677
                            and f."FollowerId" = 189704)
        limit 1
        returning *)
update "Follower"

set "IsMutual" = true
where exists (select 1
              from "Follower" f
              where f."FollowerId" = "Follower"."FollowingId"
                and f."FollowingId" = "Follower"."FollowerId")
;
Information [20101]: Executed DbCommand (0ms) [Parameters=[], CommandType='Text', CommandTimeout='60']
with ins as (
    insert into "Follower" ("FollowingId", "FollowerId", "State", "IsMutual", "Time")
        select 189677,
               189704,
               'Following',
               false,
               '2024-07-02T13:00:15.2815371Z'
        from "Group" a
        where not exists (select 1
                          from "Follower" f
                          where f."FollowingId" = 189677
                            and f."FollowerId" = 189704)
        limit 1
        returning *)
update "Follower"

set "IsMutual" = true
where exists (select 1
              from "Follower" f
              where f."FollowerId" = "Follower"."FollowingId"
                and f."FollowingId" = "Follower"."FollowerId")
;
Debug [20103]: Creating DbCommand for 'ExecuteNonQuery'.
Debug [20104]: Created DbCommand for 'ExecuteNonQuery' (0ms).
Debug [20106]: Initialized DbCommand for 'ExecuteNonQuery' (0ms).
Debug [20100]: Executing DbCommand [Parameters=[], CommandType='Text', CommandTimeout='60']
with ins as (
    insert into "Follower" ("FollowingId", "FollowerId", "State", "IsMutual", "Time")
        select 189677,
               189705,
               'Following',
               false,
               '2024-07-02T13:00:15.2815380Z'
        from "Group" a
        where not exists (select 1
                          from "Follower" f
                          where f."FollowingId" = 189677
                            and f."FollowerId" = 189705)
        limit 1
        returning *)
update "Follower"

set "IsMutual" = true
where exists (select 1
              from "Follower" f
              where f."FollowerId" = "Follower"."FollowingId"
                and f."FollowingId" = "Follower"."FollowerId")
;
Information [20101]: Executed DbCommand (1ms) [Parameters=[], CommandType='Text', CommandTimeout='60']
with ins as (
    insert into "Follower" ("FollowingId", "FollowerId", "State", "IsMutual", "Time")
        select 189677,
               189705,
               'Following',
               false,
               '2024-07-02T13:00:15.2815380Z'
        from "Group" a
        where not exists (select 1
                          from "Follower" f
                          where f."FollowingId" = 189677
                            and f."FollowerId" = 189705)
        limit 1
        returning *)
update "Follower"

set "IsMutual" = true
where exists (select 1
              from "Follower" f
              where f."FollowerId" = "Follower"."FollowingId"
                and f."FollowingId" = "Follower"."FollowerId")
;
Debug [20103]: Creating DbCommand for 'ExecuteNonQuery'.
Debug [20104]: Created DbCommand for 'ExecuteNonQuery' (0ms).
Debug [20106]: Initialized DbCommand for 'ExecuteNonQuery' (0ms).
Debug [20100]: Executing DbCommand [Parameters=[], CommandType='Text', CommandTimeout='60']
with ins as (
    insert into "Follower" ("FollowingId", "FollowerId", "State", "IsMutual", "Time")
        select 189677,
               189706,
               'Following',
               false,
               '2024-07-02T13:00:15.2815391Z'
        from "Group" a
        where not exists (select 1
                          from "Follower" f
                          where f."FollowingId" = 189677
                            and f."FollowerId" = 189706)
        limit 1
        returning *)
update "Follower"

set "IsMutual" = true
where exists (select 1
              from "Follower" f
              where f."FollowerId" = "Follower"."FollowingId"
                and f."FollowingId" = "Follower"."FollowerId")
;
Information [20101]: Executed DbCommand (1ms) [Parameters=[], CommandType='Text', CommandTimeout='60']
with ins as (
    insert into "Follower" ("FollowingId", "FollowerId", "State", "IsMutual", "Time")
        select 189677,
               189706,
               'Following',
               false,
               '2024-07-02T13:00:15.2815391Z'
        from "Group" a
        where not exists (select 1
                          from "Follower" f
                          where f."FollowingId" = 189677
                            and f."FollowerId" = 189706)
        limit 1
        returning *)
update "Follower"

set "IsMutual" = true
where exists (select 1
              from "Follower" f
              where f."FollowerId" = "Follower"."FollowingId"
                and f."FollowingId" = "Follower"."FollowerId")
;
Debug [20103]: Creating DbCommand for 'ExecuteNonQuery'.
Debug [20104]: Created DbCommand for 'ExecuteNonQuery' (0ms).
Debug [20106]: Initialized DbCommand for 'ExecuteNonQuery' (0ms).
Debug [20100]: Executing DbCommand [Parameters=[], CommandType='Text', CommandTimeout='60']
with ins as (
    insert into "Follower" ("FollowingId", "FollowerId", "State", "IsMutual", "Time")
        select 189677,
               189707,
               'Following',
               false,
               '2024-07-02T13:00:15.2815403Z'
        from "Group" a
        where not exists (select 1
                          from "Follower" f
                          where f."FollowingId" = 189677
                            and f."FollowerId" = 189707)
        limit 1
        returning *)
update "Follower"

set "IsMutual" = true
where exists (select 1
              from "Follower" f
              where f."FollowerId" = "Follower"."FollowingId"
                and f."FollowingId" = "Follower"."FollowerId")
;
Information [20101]: Executed DbCommand (1ms) [Parameters=[], CommandType='Text', CommandTimeout='60']
with ins as (
    insert into "Follower" ("FollowingId", "FollowerId", "State", "IsMutual", "Time")
        select 189677,
               189707,
               'Following',
               false,
               '2024-07-02T13:00:15.2815403Z'
        from "Group" a
        where not exists (select 1
                          from "Follower" f
                          where f."FollowingId" = 189677
                            and f."FollowerId" = 189707)
        limit 1
        returning *)
update "Follower"

set "IsMutual" = true
where exists (select 1
              from "Follower" f
              where f."FollowerId" = "Follower"."FollowingId"
                and f."FollowingId" = "Follower"."FollowerId")
;
Debug [20103]: Creating DbCommand for 'ExecuteNonQuery'.
Debug [20104]: Created DbCommand for 'ExecuteNonQuery' (0ms).
Debug [20106]: Initialized DbCommand for 'ExecuteNonQuery' (0ms).
Debug [20100]: Executing DbCommand [Parameters=[], CommandType='Text', CommandTimeout='60']
with ins as (
    insert into "Follower" ("FollowingId", "FollowerId", "State", "IsMutual", "Time")
        select 189677,
               189708,
               'Following',
               false,
               '2024-07-02T13:00:15.2815413Z'
        from "Group" a
        where not exists (select 1
                          from "Follower" f
                          where f."FollowingId" = 189677
                            and f."FollowerId" = 189708)
        limit 1
        returning *)
update "Follower"

set "IsMutual" = true
where exists (select 1
              from "Follower" f
              where f."FollowerId" = "Follower"."FollowingId"
                and f."FollowingId" = "Follower"."FollowerId")
;
Information [20101]: Executed DbCommand (1ms) [Parameters=[], CommandType='Text', CommandTimeout='60']
with ins as (
    insert into "Follower" ("FollowingId", "FollowerId", "State", "IsMutual", "Time")
        select 189677,
               189708,
               'Following',
               false,
               '2024-07-02T13:00:15.2815413Z'
        from "Group" a
        where not exists (select 1
                          from "Follower" f
                          where f."FollowingId" = 189677
                            and f."FollowerId" = 189708)
        limit 1
        returning *)
update "Follower"

set "IsMutual" = true
where exists (select 1
              from "Follower" f
              where f."FollowerId" = "Follower"."FollowingId"
                and f."FollowingId" = "Follower"."FollowerId")
;
Debug [20103]: Creating DbCommand for 'ExecuteNonQuery'.
Debug [20104]: Created DbCommand for 'ExecuteNonQuery' (0ms).
Debug [20106]: Initialized DbCommand for 'ExecuteNonQuery' (0ms).
Debug [20100]: Executing DbCommand [Parameters=[], CommandType='Text', CommandTimeout='60']
with ins as (
    insert into "Follower" ("FollowingId", "FollowerId", "State", "IsMutual", "Time")
        select 189677,
               189709,
               'Following',
               false,
               '2024-07-02T13:00:15.2815425Z'
        from "Group" a
        where not exists (select 1
                          from "Follower" f
                          where f."FollowingId" = 189677
                            and f."FollowerId" = 189709)
        limit 1
        returning *)
update "Follower"

set "IsMutual" = true
where exists (select 1
              from "Follower" f
              where f."FollowerId" = "Follower"."FollowingId"
                and f."FollowingId" = "Follower"."FollowerId")
;
Information [20101]: Executed DbCommand (1ms) [Parameters=[], CommandType='Text', CommandTimeout='60']
with ins as (
    insert into "Follower" ("FollowingId", "FollowerId", "State", "IsMutual", "Time")
        select 189677,
               189709,
               'Following',
               false,
               '2024-07-02T13:00:15.2815425Z'
        from "Group" a
        where not exists (select 1
                          from "Follower" f
                          where f."FollowingId" = 189677
                            and f."FollowerId" = 189709)
        limit 1
        returning *)
update "Follower"

set "IsMutual" = true
where exists (select 1
              from "Follower" f
              where f."FollowerId" = "Follower"."FollowingId"
                and f."FollowingId" = "Follower"."FollowerId")
;
Debug [20103]: Creating DbCommand for 'ExecuteNonQuery'.
Debug [20104]: Created DbCommand for 'ExecuteNonQuery' (0ms).
Debug [20106]: Initialized DbCommand for 'ExecuteNonQuery' (0ms).
Debug [20100]: Executing DbCommand [Parameters=[], CommandType='Text', CommandTimeout='60']
with ins as (
    insert into "Follower" ("FollowingId", "FollowerId", "State", "IsMutual", "Time")
        select 189677,
               189710,
               'Following',
               false,
               '2024-07-02T13:00:15.2815435Z'
        from "Group" a
        where not exists (select 1
                          from "Follower" f
                          where f."FollowingId" = 189677
                            and f."FollowerId" = 189710)
        limit 1
        returning *)
update "Follower"

set "IsMutual" = true
where exists (select 1
              from "Follower" f
              where f."FollowerId" = "Follower"."FollowingId"
                and f."FollowingId" = "Follower"."FollowerId")
;
Information [20101]: Executed DbCommand (1ms) [Parameters=[], CommandType='Text', CommandTimeout='60']
with ins as (
    insert into "Follower" ("FollowingId", "FollowerId", "State", "IsMutual", "Time")
        select 189677,
               189710,
               'Following',
               false,
               '2024-07-02T13:00:15.2815435Z'
        from "Group" a
        where not exists (select 1
                          from "Follower" f
                          where f."FollowingId" = 189677
                            and f."FollowerId" = 189710)
        limit 1
        returning *)
update "Follower"

set "IsMutual" = true
where exists (select 1
              from "Follower" f
              where f."FollowerId" = "Follower"."FollowingId"
                and f."FollowingId" = "Follower"."FollowerId")
;
Debug [20103]: Creating DbCommand for 'ExecuteNonQuery'.
Debug [20104]: Created DbCommand for 'ExecuteNonQuery' (0ms).
Debug [20106]: Initialized DbCommand for 'ExecuteNonQuery' (0ms).
Debug [20100]: Executing DbCommand [Parameters=[], CommandType='Text', CommandTimeout='60']
with ins as (
    insert into "Follower" ("FollowingId", "FollowerId", "State", "IsMutual", "Time")
        select 189677,
               189711,
               'Following',
               false,
               '2024-07-02T13:00:15.2815444Z'
        from "Group" a
        where not exists (select 1
                          from "Follower" f
                          where f."FollowingId" = 189677
                            and f."FollowerId" = 189711)
        limit 1
        returning *)
update "Follower"

set "IsMutual" = true
where exists (select 1
              from "Follower" f
              where f."FollowerId" = "Follower"."FollowingId"
                and f."FollowingId" = "Follower"."FollowerId")
;
Information [20101]: Executed DbCommand (1ms) [Parameters=[], CommandType='Text', CommandTimeout='60']
with ins as (
    insert into "Follower" ("FollowingId", "FollowerId", "State", "IsMutual", "Time")
        select 189677,
               189711,
               'Following',
               false,
               '2024-07-02T13:00:15.2815444Z'
        from "Group" a
        where not exists (select 1
                          from "Follower" f
                          where f."FollowingId" = 189677
                            and f."FollowerId" = 189711)
        limit 1
        returning *)
update "Follower"

set "IsMutual" = true
where exists (select 1
              from "Follower" f
              where f."FollowerId" = "Follower"."FollowingId"
                and f."FollowingId" = "Follower"."FollowerId")
;
Debug [20103]: Creating DbCommand for 'ExecuteNonQuery'.
Debug [20104]: Created DbCommand for 'ExecuteNonQuery' (0ms).
Debug [20106]: Initialized DbCommand for 'ExecuteNonQuery' (0ms).
Debug [20100]: Executing DbCommand [Parameters=[], CommandType='Text', CommandTimeout='60']
with ins as (
    insert into "Follower" ("FollowingId", "FollowerId", "State", "IsMutual", "Time")
        select 189677,
               189712,
               'Following',
               false,
               '2024-07-02T13:00:15.2815454Z'
        from "Group" a
        where not exists (select 1
                          from "Follower" f
                          where f."FollowingId" = 189677
                            and f."FollowerId" = 189712)
        limit 1
        returning *)
update "Follower"

set "IsMutual" = true
where exists (select 1
              from "Follower" f
              where f."FollowerId" = "Follower"."FollowingId"
                and f."FollowingId" = "Follower"."FollowerId")
;
Information [20101]: Executed DbCommand (1ms) [Parameters=[], CommandType='Text', CommandTimeout='60']
with ins as (
    insert into "Follower" ("FollowingId", "FollowerId", "State", "IsMutual", "Time")
        select 189677,
               189712,
               'Following',
               false,
               '2024-07-02T13:00:15.2815454Z'
        from "Group" a
        where not exists (select 1
                          from "Follower" f
                          where f."FollowingId" = 189677
                            and f."FollowerId" = 189712)
        limit 1
        returning *)
update "Follower"

set "IsMutual" = true
where exists (select 1
              from "Follower" f
              where f."FollowerId" = "Follower"."FollowingId"
                and f."FollowingId" = "Follower"."FollowerId")
;
Debug [20103]: Creating DbCommand for 'ExecuteNonQuery'.
Debug [20104]: Created DbCommand for 'ExecuteNonQuery' (0ms).
Debug [20106]: Initialized DbCommand for 'ExecuteNonQuery' (0ms).
Debug [20100]: Executing DbCommand [Parameters=[], CommandType='Text', CommandTimeout='60']
with ins as (
    insert into "Follower" ("FollowingId", "FollowerId", "State", "IsMutual", "Time")
        select 189677,
               189713,
               'Following',
               false,
               '2024-07-02T13:00:15.2815464Z'
        from "Group" a
        where not exists (select 1
                          from "Follower" f
                          where f."FollowingId" = 189677
                            and f."FollowerId" = 189713)
        limit 1
        returning *)
update "Follower"

set "IsMutual" = true
where exists (select 1
              from "Follower" f
              where f."FollowerId" = "Follower"."FollowingId"
                and f."FollowingId" = "Follower"."FollowerId")
;
Information [20101]: Executed DbCommand (1ms) [Parameters=[], CommandType='Text', CommandTimeout='60']
with ins as (
    insert into "Follower" ("FollowingId", "FollowerId", "State", "IsMutual", "Time")
        select 189677,
               189713,
               'Following',
               false,
               '2024-07-02T13:00:15.2815464Z'
        from "Group" a
        where not exists (select 1
                          from "Follower" f
                          where f."FollowingId" = 189677
                            and f."FollowerId" = 189713)
        limit 1
        returning *)
update "Follower"

set "IsMutual" = true
where exists (select 1
              from "Follower" f
              where f."FollowerId" = "Follower"."FollowingId"
                and f."FollowingId" = "Follower"."FollowerId")
;
Debug [20103]: Creating DbCommand for 'ExecuteNonQuery'.
Debug [20104]: Created DbCommand for 'ExecuteNonQuery' (0ms).
Debug [20106]: Initialized DbCommand for 'ExecuteNonQuery' (0ms).
Debug [20100]: Executing DbCommand [Parameters=[], CommandType='Text', CommandTimeout='60']
with ins as (
    insert into "Follower" ("FollowingId", "FollowerId", "State", "IsMutual", "Time")
        select 189677,
               189714,
               'Following',
               false,
               '2024-07-02T13:00:15.2815475Z'
        from "Group" a
        where not exists (select 1
                          from "Follower" f
                          where f."FollowingId" = 189677
                            and f."FollowerId" = 189714)
        limit 1
        returning *)
update "Follower"

set "IsMutual" = true
where exists (select 1
              from "Follower" f
              where f."FollowerId" = "Follower"."FollowingId"
                and f."FollowingId" = "Follower"."FollowerId")
;
Information [20101]: Executed DbCommand (1ms) [Parameters=[], CommandType='Text', CommandTimeout='60']
with ins as (
    insert into "Follower" ("FollowingId", "FollowerId", "State", "IsMutual", "Time")
        select 189677,
               189714,
               'Following',
               false,
               '2024-07-02T13:00:15.2815475Z'
        from "Group" a
        where not exists (select 1
                          from "Follower" f
                          where f."FollowingId" = 189677
                            and f."FollowerId" = 189714)
        limit 1
        returning *)
update "Follower"

set "IsMutual" = true
where exists (select 1
              from "Follower" f
              where f."FollowerId" = "Follower"."FollowingId"
                and f."FollowingId" = "Follower"."FollowerId")
;
Debug [20103]: Creating DbCommand for 'ExecuteNonQuery'.
Debug [20104]: Created DbCommand for 'ExecuteNonQuery' (0ms).
Debug [20106]: Initialized DbCommand for 'ExecuteNonQuery' (0ms).
Debug [20100]: Executing DbCommand [Parameters=[], CommandType='Text', CommandTimeout='60']
with ins as (
    insert into "Follower" ("FollowingId", "FollowerId", "State", "IsMutual", "Time")
        select 189677,
               189715,
               'Following',
               false,
               '2024-07-02T13:00:15.2815488Z'
        from "Group" a
        where not exists (select 1
                          from "Follower" f
                          where f."FollowingId" = 189677
                            and f."FollowerId" = 189715)
        limit 1
        returning *)
update "Follower"

set "IsMutual" = true
where exists (select 1
              from "Follower" f
              where f."FollowerId" = "Follower"."FollowingId"
                and f."FollowingId" = "Follower"."FollowerId")
;
Information [20101]: Executed DbCommand (1ms) [Parameters=[], CommandType='Text', CommandTimeout='60']
with ins as (
    insert into "Follower" ("FollowingId", "FollowerId", "State", "IsMutual", "Time")
        select 189677,
               189715,
               'Following',
               false,
               '2024-07-02T13:00:15.2815488Z'
        from "Group" a
        where not exists (select 1
                          from "Follower" f
                          where f."FollowingId" = 189677
                            and f."FollowerId" = 189715)
        limit 1
        returning *)
update "Follower"

set "IsMutual" = true
where exists (select 1
              from "Follower" f
              where f."FollowerId" = "Follower"."FollowingId"
                and f."FollowingId" = "Follower"."FollowerId")
;
Debug [20103]: Creating DbCommand for 'ExecuteNonQuery'.
Debug [20104]: Created DbCommand for 'ExecuteNonQuery' (0ms).
Debug [20106]: Initialized DbCommand for 'ExecuteNonQuery' (0ms).
Debug [20100]: Executing DbCommand [Parameters=[], CommandType='Text', CommandTimeout='60']
with ins as (
    insert into "Follower" ("FollowingId", "FollowerId", "State", "IsMutual", "Time")
        select 189677,
               189716,
               'Following',
               false,
               '2024-07-02T13:00:15.2815512Z'
        from "Group" a
        where not exists (select 1
                          from "Follower" f
                          where f."FollowingId" = 189677
                            and f."FollowerId" = 189716)
        limit 1
        returning *)
update "Follower"

set "IsMutual" = true
where exists (select 1
              from "Follower" f
              where f."FollowerId" = "Follower"."FollowingId"
                and f."FollowingId" = "Follower"."FollowerId")
;
Information [20101]: Executed DbCommand (1ms) [Parameters=[], CommandType='Text', CommandTimeout='60']
with ins as (
    insert into "Follower" ("FollowingId", "FollowerId", "State", "IsMutual", "Time")
        select 189677,
               189716,
               'Following',
               false,
               '2024-07-02T13:00:15.2815512Z'
        from "Group" a
        where not exists (select 1
                          from "Follower" f
                          where f."FollowingId" = 189677
                            and f."FollowerId" = 189716)
        limit 1
        returning *)
update "Follower"

set "IsMutual" = true
where exists (select 1
              from "Follower" f
              where f."FollowerId" = "Follower"."FollowingId"
                and f."FollowingId" = "Follower"."FollowerId")
;
Debug [20103]: Creating DbCommand for 'ExecuteNonQuery'.
Debug [20104]: Created DbCommand for 'ExecuteNonQuery' (0ms).
Debug [20106]: Initialized DbCommand for 'ExecuteNonQuery' (0ms).
Debug [20100]: Executing DbCommand [Parameters=[], CommandType='Text', CommandTimeout='60']
with ins as (
    insert into "Follower" ("FollowingId", "FollowerId", "State", "IsMutual", "Time")
        select 189677,
               189717,
               'Following',
               false,
               '2024-07-02T13:00:15.2815525Z'
        from "Group" a
        where not exists (select 1
                          from "Follower" f
                          where f."FollowingId" = 189677
                            and f."FollowerId" = 189717)
        limit 1
        returning *)
update "Follower"

set "IsMutual" = true
where exists (select 1
              from "Follower" f
              where f."FollowerId" = "Follower"."FollowingId"
                and f."FollowingId" = "Follower"."FollowerId")
;
Information [20101]: Executed DbCommand (1ms) [Parameters=[], CommandType='Text', CommandTimeout='60']
with ins as (
    insert into "Follower" ("FollowingId", "FollowerId", "State", "IsMutual", "Time")
        select 189677,
               189717,
               'Following',
               false,
               '2024-07-02T13:00:15.2815525Z'
        from "Group" a
        where not exists (select 1
                          from "Follower" f
                          where f."FollowingId" = 189677
                            and f."FollowerId" = 189717)
        limit 1
        returning *)
update "Follower"

set "IsMutual" = true
where exists (select 1
              from "Follower" f
              where f."FollowerId" = "Follower"."FollowingId"
                and f."FollowingId" = "Follower"."FollowerId")
;
Debug [20103]: Creating DbCommand for 'ExecuteNonQuery'.
Debug [20104]: Created DbCommand for 'ExecuteNonQuery' (0ms).
Debug [20106]: Initialized DbCommand for 'ExecuteNonQuery' (0ms).
Debug [20100]: Executing DbCommand [Parameters=[], CommandType='Text', CommandTimeout='60']
with ins as (
    insert into "Follower" ("FollowingId", "FollowerId", "State", "IsMutual", "Time")
        select 189677,
               189718,
               'Following',
               false,
               '2024-07-02T13:00:15.2815536Z'
        from "Group" a
        where not exists (select 1
                          from "Follower" f
                          where f."FollowingId" = 189677
                            and f."FollowerId" = 189718)
        limit 1
        returning *)
update "Follower"

set "IsMutual" = true
where exists (select 1
              from "Follower" f
              where f."FollowerId" = "Follower"."FollowingId"
                and f."FollowingId" = "Follower"."FollowerId")
;
Information [20101]: Executed DbCommand (1ms) [Parameters=[], CommandType='Text', CommandTimeout='60']
with ins as (
    insert into "Follower" ("FollowingId", "FollowerId", "State", "IsMutual", "Time")
        select 189677,
               189718,
               'Following',
               false,
               '2024-07-02T13:00:15.2815536Z'
        from "Group" a
        where not exists (select 1
                          from "Follower" f
                          where f."FollowingId" = 189677
                            and f."FollowerId" = 189718)
        limit 1
        returning *)
update "Follower"

set "IsMutual" = true
where exists (select 1
              from "Follower" f
              where f."FollowerId" = "Follower"."FollowingId"
                and f."FollowingId" = "Follower"."FollowerId")
;
Debug [20103]: Creating DbCommand for 'ExecuteNonQuery'.
Debug [20104]: Created DbCommand for 'ExecuteNonQuery' (0ms).
Debug [20106]: Initialized DbCommand for 'ExecuteNonQuery' (0ms).
Debug [20100]: Executing DbCommand [Parameters=[], CommandType='Text', CommandTimeout='60']
with ins as (
    insert into "Follower" ("FollowingId", "FollowerId", "State", "IsMutual", "Time")
        select 189677,
               189719,
               'Following',
               false,
               '2024-07-01T17:00:15.2815551Z'
        from "Group" a
        where not exists (select 1
                          from "Follower" f
                          where f."FollowingId" = 189677
                            and f."FollowerId" = 189719)
        limit 1
        returning *)
update "Follower"

set "IsMutual" = true
where exists (select 1
              from "Follower" f
              where f."FollowerId" = "Follower"."FollowingId"
                and f."FollowingId" = "Follower"."FollowerId")
;
Information [20101]: Executed DbCommand (1ms) [Parameters=[], CommandType='Text', CommandTimeout='60']
with ins as (
    insert into "Follower" ("FollowingId", "FollowerId", "State", "IsMutual", "Time")
        select 189677,
               189719,
               'Following',
               false,
               '2024-07-01T17:00:15.2815551Z'
        from "Group" a
        where not exists (select 1
                          from "Follower" f
                          where f."FollowingId" = 189677
                            and f."FollowerId" = 189719)
        limit 1
        returning *)
update "Follower"

set "IsMutual" = true
where exists (select 1
              from "Follower" f
              where f."FollowerId" = "Follower"."FollowingId"
                and f."FollowingId" = "Follower"."FollowerId")
;
Debug [20103]: Creating DbCommand for 'ExecuteNonQuery'.
Debug [20104]: Created DbCommand for 'ExecuteNonQuery' (0ms).
Debug [20106]: Initialized DbCommand for 'ExecuteNonQuery' (0ms).
Debug [20100]: Executing DbCommand [Parameters=[], CommandType='Text', CommandTimeout='60']
with ins as (
    insert into "Follower" ("FollowingId", "FollowerId", "State", "IsMutual", "Time")
        select 189677,
               189720,
               'Following',
               false,
               '2024-07-01T16:00:15.2815570Z'
        from "Group" a
        where not exists (select 1
                          from "Follower" f
                          where f."FollowingId" = 189677
                            and f."FollowerId" = 189720)
        limit 1
        returning *)
update "Follower"

set "IsMutual" = true
where exists (select 1
              from "Follower" f
              where f."FollowerId" = "Follower"."FollowingId"
                and f."FollowingId" = "Follower"."FollowerId")
;
Information [20101]: Executed DbCommand (1ms) [Parameters=[], CommandType='Text', CommandTimeout='60']
with ins as (
    insert into "Follower" ("FollowingId", "FollowerId", "State", "IsMutual", "Time")
        select 189677,
               189720,
               'Following',
               false,
               '2024-07-01T16:00:15.2815570Z'
        from "Group" a
        where not exists (select 1
                          from "Follower" f
                          where f."FollowingId" = 189677
                            and f."FollowerId" = 189720)
        limit 1
        returning *)
update "Follower"

set "IsMutual" = true
where exists (select 1
              from "Follower" f
              where f."FollowerId" = "Follower"."FollowingId"
                and f."FollowingId" = "Follower"."FollowerId")
;
Debug [20103]: Creating DbCommand for 'ExecuteNonQuery'.
Debug [20104]: Created DbCommand for 'ExecuteNonQuery' (0ms).
Debug [20106]: Initialized DbCommand for 'ExecuteNonQuery' (0ms).
Debug [20100]: Executing DbCommand [Parameters=[], CommandType='Text', CommandTimeout='60']
with ins as (
    insert into "Follower" ("FollowingId", "FollowerId", "State", "IsMutual", "Time")
        select 189677,
               189721,
               'Following',
               false,
               '2024-07-01T15:00:15.2815584Z'
        from "Group" a
        where not exists (select 1
                          from "Follower" f
                          where f."FollowingId" = 189677
                            and f."FollowerId" = 189721)
        limit 1
        returning *)
update "Follower"

set "IsMutual" = true
where exists (select 1
              from "Follower" f
              where f."FollowerId" = "Follower"."FollowingId"
                and f."FollowingId" = "Follower"."FollowerId")
;
Information [20101]: Executed DbCommand (1ms) [Parameters=[], CommandType='Text', CommandTimeout='60']
with ins as (
    insert into "Follower" ("FollowingId", "FollowerId", "State", "IsMutual", "Time")
        select 189677,
               189721,
               'Following',
               false,
               '2024-07-01T15:00:15.2815584Z'
        from "Group" a
        where not exists (select 1
                          from "Follower" f
                          where f."FollowingId" = 189677
                            and f."FollowerId" = 189721)
        limit 1
        returning *)
update "Follower"

set "IsMutual" = true
where exists (select 1
              from "Follower" f
              where f."FollowerId" = "Follower"."FollowingId"
                and f."FollowingId" = "Follower"."FollowerId")
;
Debug [20103]: Creating DbCommand for 'ExecuteNonQuery'.
Debug [20104]: Created DbCommand for 'ExecuteNonQuery' (0ms).
Debug [20106]: Initialized DbCommand for 'ExecuteNonQuery' (0ms).
Debug [20100]: Executing DbCommand [Parameters=[], CommandType='Text', CommandTimeout='60']
with ins as (
    insert into "Follower" ("FollowingId", "FollowerId", "State", "IsMutual", "Time")
        select 189677,
               189722,
               'Following',
               false,
               '2024-07-01T14:00:15.2815596Z'
        from "Group" a
        where not exists (select 1
                          from "Follower" f
                          where f."FollowingId" = 189677
                            and f."FollowerId" = 189722)
        limit 1
        returning *)
update "Follower"

set "IsMutual" = true
where exists (select 1
              from "Follower" f
              where f."FollowerId" = "Follower"."FollowingId"
                and f."FollowingId" = "Follower"."FollowerId")
;
Information [20101]: Executed DbCommand (1ms) [Parameters=[], CommandType='Text', CommandTimeout='60']
with ins as (
    insert into "Follower" ("FollowingId", "FollowerId", "State", "IsMutual", "Time")
        select 189677,
               189722,
               'Following',
               false,
               '2024-07-01T14:00:15.2815596Z'
        from "Group" a
        where not exists (select 1
                          from "Follower" f
                          where f."FollowingId" = 189677
                            and f."FollowerId" = 189722)
        limit 1
        returning *)
update "Follower"

set "IsMutual" = true
where exists (select 1
              from "Follower" f
              where f."FollowerId" = "Follower"."FollowingId"
                and f."FollowingId" = "Follower"."FollowerId")
;
Debug [20103]: Creating DbCommand for 'ExecuteNonQuery'.
Debug [20104]: Created DbCommand for 'ExecuteNonQuery' (0ms).
Debug [20106]: Initialized DbCommand for 'ExecuteNonQuery' (0ms).
Debug [20100]: Executing DbCommand [Parameters=[], CommandType='Text', CommandTimeout='60']
with ins as (
    insert into "Follower" ("FollowingId", "FollowerId", "State", "IsMutual", "Time")
        select 189677,
               189723,
               'Following',
               false,
               '2024-07-01T13:00:15.2815610Z'
        from "Group" a
        where not exists (select 1
                          from "Follower" f
                          where f."FollowingId" = 189677
                            and f."FollowerId" = 189723)
        limit 1
        returning *)
update "Follower"

set "IsMutual" = true
where exists (select 1
              from "Follower" f
              where f."FollowerId" = "Follower"."FollowingId"
                and f."FollowingId" = "Follower"."FollowerId")
;
Information [20101]: Executed DbCommand (1ms) [Parameters=[], CommandType='Text', CommandTimeout='60']
with ins as (
    insert into "Follower" ("FollowingId", "FollowerId", "State", "IsMutual", "Time")
        select 189677,
               189723,
               'Following',
               false,
               '2024-07-01T13:00:15.2815610Z'
        from "Group" a
        where not exists (select 1
                          from "Follower" f
                          where f."FollowingId" = 189677
                            and f."FollowerId" = 189723)
        limit 1
        returning *)
update "Follower"

set "IsMutual" = true
where exists (select 1
              from "Follower" f
              where f."FollowerId" = "Follower"."FollowingId"
                and f."FollowingId" = "Follower"."FollowerId")
;
Debug [20103]: Creating DbCommand for 'ExecuteNonQuery'.
Debug [20104]: Created DbCommand for 'ExecuteNonQuery' (0ms).
Debug [20106]: Initialized DbCommand for 'ExecuteNonQuery' (0ms).
Debug [20100]: Executing DbCommand [Parameters=[], CommandType='Text', CommandTimeout='60']
with ins as (
    insert into "Follower" ("FollowingId", "FollowerId", "State", "IsMutual", "Time")
        select 189677,
               189724,
               'Following',
               false,
               '2024-07-01T12:00:15.2815623Z'
        from "Group" a
        where not exists (select 1
                          from "Follower" f
                          where f."FollowingId" = 189677
                            and f."FollowerId" = 189724)
        limit 1
        returning *)
update "Follower"

set "IsMutual" = true
where exists (select 1
              from "Follower" f
              where f."FollowerId" = "Follower"."FollowingId"
                and f."FollowingId" = "Follower"."FollowerId")
;
Information [20101]: Executed DbCommand (1ms) [Parameters=[], CommandType='Text', CommandTimeout='60']
with ins as (
    insert into "Follower" ("FollowingId", "FollowerId", "State", "IsMutual", "Time")
        select 189677,
               189724,
               'Following',
               false,
               '2024-07-01T12:00:15.2815623Z'
        from "Group" a
        where not exists (select 1
                          from "Follower" f
                          where f."FollowingId" = 189677
                            and f."FollowerId" = 189724)
        limit 1
        returning *)
update "Follower"

set "IsMutual" = true
where exists (select 1
              from "Follower" f
              where f."FollowerId" = "Follower"."FollowingId"
                and f."FollowingId" = "Follower"."FollowerId")
;
Debug [20103]: Creating DbCommand for 'ExecuteNonQuery'.
Debug [20104]: Created DbCommand for 'ExecuteNonQuery' (0ms).
Debug [20106]: Initialized DbCommand for 'ExecuteNonQuery' (0ms).
Debug [20100]: Executing DbCommand [Parameters=[], CommandType='Text', CommandTimeout='60']
with ins as (
    insert into "Follower" ("FollowingId", "FollowerId", "State", "IsMutual", "Time")
        select 189677,
               189725,
               'Following',
               false,
               '2024-07-01T11:00:15.2815638Z'
        from "Group" a
        where not exists (select 1
                          from "Follower" f
                          where f."FollowingId" = 189677
                            and f."FollowerId" = 189725)
        limit 1
        returning *)
update "Follower"

set "IsMutual" = true
where exists (select 1
              from "Follower" f
              where f."FollowerId" = "Follower"."FollowingId"
                and f."FollowingId" = "Follower"."FollowerId")
;
Information [20101]: Executed DbCommand (1ms) [Parameters=[], CommandType='Text', CommandTimeout='60']
with ins as (
    insert into "Follower" ("FollowingId", "FollowerId", "State", "IsMutual", "Time")
        select 189677,
               189725,
               'Following',
               false,
               '2024-07-01T11:00:15.2815638Z'
        from "Group" a
        where not exists (select 1
                          from "Follower" f
                          where f."FollowingId" = 189677
                            and f."FollowerId" = 189725)
        limit 1
        returning *)
update "Follower"

set "IsMutual" = true
where exists (select 1
              from "Follower" f
              where f."FollowerId" = "Follower"."FollowingId"
                and f."FollowingId" = "Follower"."FollowerId")
;
Debug [20103]: Creating DbCommand for 'ExecuteNonQuery'.
Debug [20104]: Created DbCommand for 'ExecuteNonQuery' (0ms).
Debug [20106]: Initialized DbCommand for 'ExecuteNonQuery' (0ms).
Debug [20100]: Executing DbCommand [Parameters=[], CommandType='Text', CommandTimeout='60']
with ins as (
    insert into "Follower" ("FollowingId", "FollowerId", "State", "IsMutual", "Time")
        select 189677,
               189726,
               'Following',
               false,
               '2024-07-01T10:00:15.2815650Z'
        from "Group" a
        where not exists (select 1
                          from "Follower" f
                          where f."FollowingId" = 189677
                            and f."FollowerId" = 189726)
        limit 1
        returning *)
update "Follower"

set "IsMutual" = true
where exists (select 1
              from "Follower" f
              where f."FollowerId" = "Follower"."FollowingId"
                and f."FollowingId" = "Follower"."FollowerId")
;
Information [20101]: Executed DbCommand (1ms) [Parameters=[], CommandType='Text', CommandTimeout='60']
with ins as (
    insert into "Follower" ("FollowingId", "FollowerId", "State", "IsMutual", "Time")
        select 189677,
               189726,
               'Following',
               false,
               '2024-07-01T10:00:15.2815650Z'
        from "Group" a
        where not exists (select 1
                          from "Follower" f
                          where f."FollowingId" = 189677
                            and f."FollowerId" = 189726)
        limit 1
        returning *)
update "Follower"

set "IsMutual" = true
where exists (select 1
              from "Follower" f
              where f."FollowerId" = "Follower"."FollowingId"
                and f."FollowingId" = "Follower"."FollowerId")
;
Debug [20103]: Creating DbCommand for 'ExecuteNonQuery'.
Debug [20104]: Created DbCommand for 'ExecuteNonQuery' (0ms).
Debug [20106]: Initialized DbCommand for 'ExecuteNonQuery' (0ms).
Debug [20100]: Executing DbCommand [Parameters=[], CommandType='Text', CommandTimeout='60']
with ins as (
    insert into "Follower" ("FollowingId", "FollowerId", "State", "IsMutual", "Time")
        select 189677,
               189727,
               'Following',
               false,
               '2024-07-01T09:00:15.2815665Z'
        from "Group" a
        where not exists (select 1
                          from "Follower" f
                          where f."FollowingId" = 189677
                            and f."FollowerId" = 189727)
        limit 1
        returning *)
update "Follower"

set "IsMutual" = true
where exists (select 1
              from "Follower" f
              where f."FollowerId" = "Follower"."FollowingId"
                and f."FollowingId" = "Follower"."FollowerId")
;
Information [20101]: Executed DbCommand (1ms) [Parameters=[], CommandType='Text', CommandTimeout='60']
with ins as (
    insert into "Follower" ("FollowingId", "FollowerId", "State", "IsMutual", "Time")
        select 189677,
               189727,
               'Following',
               false,
               '2024-07-01T09:00:15.2815665Z'
        from "Group" a
        where not exists (select 1
                          from "Follower" f
                          where f."FollowingId" = 189677
                            and f."FollowerId" = 189727)
        limit 1
        returning *)
update "Follower"

set "IsMutual" = true
where exists (select 1
              from "Follower" f
              where f."FollowerId" = "Follower"."FollowingId"
                and f."FollowingId" = "Follower"."FollowerId")
;
Debug [20103]: Creating DbCommand for 'ExecuteNonQuery'.
Debug [20104]: Created DbCommand for 'ExecuteNonQuery' (0ms).
Debug [20106]: Initialized DbCommand for 'ExecuteNonQuery' (0ms).
Debug [20100]: Executing DbCommand [Parameters=[], CommandType='Text', CommandTimeout='60']
with ins as (
    insert into "Follower" ("FollowingId", "FollowerId", "State", "IsMutual", "Time")
        select 189677,
               189728,
               'Following',
               false,
               '2024-07-01T08:00:15.2815679Z'
        from "Group" a
        where not exists (select 1
                          from "Follower" f
                          where f."FollowingId" = 189677
                            and f."FollowerId" = 189728)
        limit 1
        returning *)
update "Follower"

set "IsMutual" = true
where exists (select 1
              from "Follower" f
              where f."FollowerId" = "Follower"."FollowingId"
                and f."FollowingId" = "Follower"."FollowerId")
;
Information [20101]: Executed DbCommand (1ms) [Parameters=[], CommandType='Text', CommandTimeout='60']
with ins as (
    insert into "Follower" ("FollowingId", "FollowerId", "State", "IsMutual", "Time")
        select 189677,
               189728,
               'Following',
               false,
               '2024-07-01T08:00:15.2815679Z'
        from "Group" a
        where not exists (select 1
                          from "Follower" f
                          where f."FollowingId" = 189677
                            and f."FollowerId" = 189728)
        limit 1
        returning *)
update "Follower"

set "IsMutual" = true
where exists (select 1
              from "Follower" f
              where f."FollowerId" = "Follower"."FollowingId"
                and f."FollowingId" = "Follower"."FollowerId")
;
Debug [20103]: Creating DbCommand for 'ExecuteNonQuery'.
Debug [20104]: Created DbCommand for 'ExecuteNonQuery' (0ms).
Debug [20106]: Initialized DbCommand for 'ExecuteNonQuery' (0ms).
Debug [20100]: Executing DbCommand [Parameters=[], CommandType='Text', CommandTimeout='60']
with ins as (
    insert into "Follower" ("FollowingId", "FollowerId", "State", "IsMutual", "Time")
        select 189677,
               189729,
               'Following',
               false,
               '2024-07-01T07:00:15.2815693Z'
        from "Group" a
        where not exists (select 1
                          from "Follower" f
                          where f."FollowingId" = 189677
                            and f."FollowerId" = 189729)
        limit 1
        returning *)
update "Follower"

set "IsMutual" = true
where exists (select 1
              from "Follower" f
              where f."FollowerId" = "Follower"."FollowingId"
                and f."FollowingId" = "Follower"."FollowerId")
;
Information [20101]: Executed DbCommand (1ms) [Parameters=[], CommandType='Text', CommandTimeout='60']
with ins as (
    insert into "Follower" ("FollowingId", "FollowerId", "State", "IsMutual", "Time")
        select 189677,
               189729,
               'Following',
               false,
               '2024-07-01T07:00:15.2815693Z'
        from "Group" a
        where not exists (select 1
                          from "Follower" f
                          where f."FollowingId" = 189677
                            and f."FollowerId" = 189729)
        limit 1
        returning *)
update "Follower"

set "IsMutual" = true
where exists (select 1
              from "Follower" f
              where f."FollowerId" = "Follower"."FollowingId"
                and f."FollowingId" = "Follower"."FollowerId")
;
Debug [20103]: Creating DbCommand for 'ExecuteNonQuery'.
Debug [20104]: Created DbCommand for 'ExecuteNonQuery' (0ms).
Debug [20106]: Initialized DbCommand for 'ExecuteNonQuery' (0ms).
Debug [20100]: Executing DbCommand [Parameters=[], CommandType='Text', CommandTimeout='60']
with ins as (
    insert into "Follower" ("FollowingId", "FollowerId", "State", "IsMutual", "Time")
        select 189677,
               189730,
               'Following',
               false,
               '2024-07-01T06:00:15.2815707Z'
        from "Group" a
        where not exists (select 1
                          from "Follower" f
                          where f."FollowingId" = 189677
                            and f."FollowerId" = 189730)
        limit 1
        returning *)
update "Follower"

set "IsMutual" = true
where exists (select 1
              from "Follower" f
              where f."FollowerId" = "Follower"."FollowingId"
                and f."FollowingId" = "Follower"."FollowerId")
;
Information [20101]: Executed DbCommand (1ms) [Parameters=[], CommandType='Text', CommandTimeout='60']
with ins as (
    insert into "Follower" ("FollowingId", "FollowerId", "State", "IsMutual", "Time")
        select 189677,
               189730,
               'Following',
               false,
               '2024-07-01T06:00:15.2815707Z'
        from "Group" a
        where not exists (select 1
                          from "Follower" f
                          where f."FollowingId" = 189677
                            and f."FollowerId" = 189730)
        limit 1
        returning *)
update "Follower"

set "IsMutual" = true
where exists (select 1
              from "Follower" f
              where f."FollowerId" = "Follower"."FollowingId"
                and f."FollowingId" = "Follower"."FollowerId")
;
Debug [20103]: Creating DbCommand for 'ExecuteNonQuery'.
Debug [20104]: Created DbCommand for 'ExecuteNonQuery' (0ms).
Debug [20106]: Initialized DbCommand for 'ExecuteNonQuery' (0ms).
Debug [20100]: Executing DbCommand [Parameters=[], CommandType='Text', CommandTimeout='60']
with ins as (
    insert into "Follower" ("FollowingId", "FollowerId", "State", "IsMutual", "Time")
        select 189677,
               189731,
               'Following',
               false,
               '2024-07-01T05:00:15.2815721Z'
        from "Group" a
        where not exists (select 1
                          from "Follower" f
                          where f."FollowingId" = 189677
                            and f."FollowerId" = 189731)
        limit 1
        returning *)
update "Follower"

set "IsMutual" = true
where exists (select 1
              from "Follower" f
              where f."FollowerId" = "Follower"."FollowingId"
                and f."FollowingId" = "Follower"."FollowerId")
;
Information [20101]: Executed DbCommand (1ms) [Parameters=[], CommandType='Text', CommandTimeout='60']
with ins as (
    insert into "Follower" ("FollowingId", "FollowerId", "State", "IsMutual", "Time")
        select 189677,
               189731,
               'Following',
               false,
               '2024-07-01T05:00:15.2815721Z'
        from "Group" a
        where not exists (select 1
                          from "Follower" f
                          where f."FollowingId" = 189677
                            and f."FollowerId" = 189731)
        limit 1
        returning *)
update "Follower"

set "IsMutual" = true
where exists (select 1
              from "Follower" f
              where f."FollowerId" = "Follower"."FollowingId"
                and f."FollowingId" = "Follower"."FollowerId")
;
Debug [20103]: Creating DbCommand for 'ExecuteNonQuery'.
Debug [20104]: Created DbCommand for 'ExecuteNonQuery' (0ms).
Debug [20106]: Initialized DbCommand for 'ExecuteNonQuery' (0ms).
Debug [20100]: Executing DbCommand [Parameters=[], CommandType='Text', CommandTimeout='60']
with ins as (
    insert into "Follower" ("FollowingId", "FollowerId", "State", "IsMutual", "Time")
        select 189677,
               189732,
               'Following',
               false,
               '2024-07-01T04:00:15.2815735Z'
        from "Group" a
        where not exists (select 1
                          from "Follower" f
                          where f."FollowingId" = 189677
                            and f."FollowerId" = 189732)
        limit 1
        returning *)
update "Follower"

set "IsMutual" = true
where exists (select 1
              from "Follower" f
              where f."FollowerId" = "Follower"."FollowingId"
                and f."FollowingId" = "Follower"."FollowerId")
;
Information [20101]: Executed DbCommand (1ms) [Parameters=[], CommandType='Text', CommandTimeout='60']
with ins as (
    insert into "Follower" ("FollowingId", "FollowerId", "State", "IsMutual", "Time")
        select 189677,
               189732,
               'Following',
               false,
               '2024-07-01T04:00:15.2815735Z'
        from "Group" a
        where not exists (select 1
                          from "Follower" f
                          where f."FollowingId" = 189677
                            and f."FollowerId" = 189732)
        limit 1
        returning *)
update "Follower"

set "IsMutual" = true
where exists (select 1
              from "Follower" f
              where f."FollowerId" = "Follower"."FollowingId"
                and f."FollowingId" = "Follower"."FollowerId")
;
Debug [20103]: Creating DbCommand for 'ExecuteNonQuery'.
Debug [20104]: Created DbCommand for 'ExecuteNonQuery' (0ms).
Debug [20106]: Initialized DbCommand for 'ExecuteNonQuery' (0ms).
Debug [20100]: Executing DbCommand [Parameters=[], CommandType='Text', CommandTimeout='60']
with ins as (
    insert into "Follower" ("FollowingId", "FollowerId", "State", "IsMutual", "Time")
        select 189677,
               189733,
               'Following',
               false,
               '2024-07-01T03:00:15.2815750Z'
        from "Group" a
        where not exists (select 1
                          from "Follower" f
                          where f."FollowingId" = 189677
                            and f."FollowerId" = 189733)
        limit 1
        returning *)
update "Follower"

set "IsMutual" = true
where exists (select 1
              from "Follower" f
              where f."FollowerId" = "Follower"."FollowingId"
                and f."FollowingId" = "Follower"."FollowerId")
;
Information [20101]: Executed DbCommand (1ms) [Parameters=[], CommandType='Text', CommandTimeout='60']
with ins as (
    insert into "Follower" ("FollowingId", "FollowerId", "State", "IsMutual", "Time")
        select 189677,
               189733,
               'Following',
               false,
               '2024-07-01T03:00:15.2815750Z'
        from "Group" a
        where not exists (select 1
                          from "Follower" f
                          where f."FollowingId" = 189677
                            and f."FollowerId" = 189733)
        limit 1
        returning *)
update "Follower"

set "IsMutual" = true
where exists (select 1
              from "Follower" f
              where f."FollowerId" = "Follower"."FollowingId"
                and f."FollowingId" = "Follower"."FollowerId")
;
Debug [20103]: Creating DbCommand for 'ExecuteNonQuery'.
Debug [20104]: Created DbCommand for 'ExecuteNonQuery' (0ms).
Debug [20106]: Initialized DbCommand for 'ExecuteNonQuery' (0ms).
Debug [20100]: Executing DbCommand [Parameters=[], CommandType='Text', CommandTimeout='60']
with ins as (
    insert into "Follower" ("FollowingId", "FollowerId", "State", "IsMutual", "Time")
        select 189677,
               189734,
               'Following',
               false,
               '2024-07-01T02:00:15.2815763Z'
        from "Group" a
        where not exists (select 1
                          from "Follower" f
                          where f."FollowingId" = 189677
                            and f."FollowerId" = 189734)
        limit 1
        returning *)
update "Follower"

set "IsMutual" = true
where exists (select 1
              from "Follower" f
              where f."FollowerId" = "Follower"."FollowingId"
                and f."FollowingId" = "Follower"."FollowerId")
;
Information [20101]: Executed DbCommand (1ms) [Parameters=[], CommandType='Text', CommandTimeout='60']
with ins as (
    insert into "Follower" ("FollowingId", "FollowerId", "State", "IsMutual", "Time")
        select 189677,
               189734,
               'Following',
               false,
               '2024-07-01T02:00:15.2815763Z'
        from "Group" a
        where not exists (select 1
                          from "Follower" f
                          where f."FollowingId" = 189677
                            and f."FollowerId" = 189734)
        limit 1
        returning *)
update "Follower"

set "IsMutual" = true
where exists (select 1
              from "Follower" f
              where f."FollowerId" = "Follower"."FollowingId"
                and f."FollowingId" = "Follower"."FollowerId")
;
Debug [20103]: Creating DbCommand for 'ExecuteNonQuery'.
Debug [20104]: Created DbCommand for 'ExecuteNonQuery' (0ms).
Debug [20106]: Initialized DbCommand for 'ExecuteNonQuery' (0ms).
Debug [20100]: Executing DbCommand [Parameters=[], CommandType='Text', CommandTimeout='60']
with ins as (
    insert into "Follower" ("FollowingId", "FollowerId", "State", "IsMutual", "Time")
        select 189677,
               189735,
               'Following',
               false,
               '2024-07-01T01:00:15.2815775Z'
        from "Group" a
        where not exists (select 1
                          from "Follower" f
                          where f."FollowingId" = 189677
                            and f."FollowerId" = 189735)
        limit 1
        returning *)
update "Follower"

set "IsMutual" = true
where exists (select 1
              from "Follower" f
              where f."FollowerId" = "Follower"."FollowingId"
                and f."FollowingId" = "Follower"."FollowerId")
;
Information [20101]: Executed DbCommand (1ms) [Parameters=[], CommandType='Text', CommandTimeout='60']
with ins as (
    insert into "Follower" ("FollowingId", "FollowerId", "State", "IsMutual", "Time")
        select 189677,
               189735,
               'Following',
               false,
               '2024-07-01T01:00:15.2815775Z'
        from "Group" a
        where not exists (select 1
                          from "Follower" f
                          where f."FollowingId" = 189677
                            and f."FollowerId" = 189735)
        limit 1
        returning *)
update "Follower"

set "IsMutual" = true
where exists (select 1
              from "Follower" f
              where f."FollowerId" = "Follower"."FollowingId"
                and f."FollowingId" = "Follower"."FollowerId")
;
Debug [20103]: Creating DbCommand for 'ExecuteNonQuery'.
Debug [20104]: Created DbCommand for 'ExecuteNonQuery' (0ms).
Debug [20106]: Initialized DbCommand for 'ExecuteNonQuery' (0ms).
Debug [20100]: Executing DbCommand [Parameters=[], CommandType='Text', CommandTimeout='60']
with ins as (
    insert into "Follower" ("FollowingId", "FollowerId", "State", "IsMutual", "Time")
        select 189677,
               189736,
               'Following',
               false,
               '2024-07-01T00:00:15.2815787Z'
        from "Group" a
        where not exists (select 1
                          from "Follower" f
                          where f."FollowingId" = 189677
                            and f."FollowerId" = 189736)
        limit 1
        returning *)
update "Follower"

set "IsMutual" = true
where exists (select 1
              from "Follower" f
              where f."FollowerId" = "Follower"."FollowingId"
                and f."FollowingId" = "Follower"."FollowerId")
;
Information [20101]: Executed DbCommand (1ms) [Parameters=[], CommandType='Text', CommandTimeout='60']
with ins as (
    insert into "Follower" ("FollowingId", "FollowerId", "State", "IsMutual", "Time")
        select 189677,
               189736,
               'Following',
               false,
               '2024-07-01T00:00:15.2815787Z'
        from "Group" a
        where not exists (select 1
                          from "Follower" f
                          where f."FollowingId" = 189677
                            and f."FollowerId" = 189736)
        limit 1
        returning *)
update "Follower"

set "IsMutual" = true
where exists (select 1
              from "Follower" f
              where f."FollowerId" = "Follower"."FollowingId"
                and f."FollowingId" = "Follower"."FollowerId")
;
Debug [20103]: Creating DbCommand for 'ExecuteNonQuery'.
Debug [20104]: Created DbCommand for 'ExecuteNonQuery' (0ms).
Debug [20106]: Initialized DbCommand for 'ExecuteNonQuery' (0ms).
Debug [20100]: Executing DbCommand [Parameters=[], CommandType='Text', CommandTimeout='60']
with ins as (
    insert into "Follower" ("FollowingId", "FollowerId", "State", "IsMutual", "Time")
        select 189677,
               189737,
               'Following',
               false,
               '2024-06-30T23:00:15.2815800Z'
        from "Group" a
        where not exists (select 1
                          from "Follower" f
                          where f."FollowingId" = 189677
                            and f."FollowerId" = 189737)
        limit 1
        returning *)
update "Follower"

set "IsMutual" = true
where exists (select 1
              from "Follower" f
              where f."FollowerId" = "Follower"."FollowingId"
                and f."FollowingId" = "Follower"."FollowerId")
;
Information [20101]: Executed DbCommand (1ms) [Parameters=[], CommandType='Text', CommandTimeout='60']
with ins as (
    insert into "Follower" ("FollowingId", "FollowerId", "State", "IsMutual", "Time")
        select 189677,
               189737,
               'Following',
               false,
               '2024-06-30T23:00:15.2815800Z'
        from "Group" a
        where not exists (select 1
                          from "Follower" f
                          where f."FollowingId" = 189677
                            and f."FollowerId" = 189737)
        limit 1
        returning *)
update "Follower"

set "IsMutual" = true
where exists (select 1
              from "Follower" f
              where f."FollowerId" = "Follower"."FollowingId"
                and f."FollowingId" = "Follower"."FollowerId")
;
Debug [20103]: Creating DbCommand for 'ExecuteNonQuery'.
Debug [20104]: Created DbCommand for 'ExecuteNonQuery' (0ms).
Debug [20106]: Initialized DbCommand for 'ExecuteNonQuery' (0ms).
Debug [20100]: Executing DbCommand [Parameters=[], CommandType='Text', CommandTimeout='60']
with ins as (
    insert into "Follower" ("FollowingId", "FollowerId", "State", "IsMutual", "Time")
        select 189677,
               189738,
               'Following',
               false,
               '2024-06-30T22:00:15.2815816Z'
        from "Group" a
        where not exists (select 1
                          from "Follower" f
                          where f."FollowingId" = 189677
                            and f."FollowerId" = 189738)
        limit 1
        returning *)
update "Follower"

set "IsMutual" = true
where exists (select 1
              from "Follower" f
              where f."FollowerId" = "Follower"."FollowingId"
                and f."FollowingId" = "Follower"."FollowerId")
;
Information [20101]: Executed DbCommand (1ms) [Parameters=[], CommandType='Text', CommandTimeout='60']
with ins as (
    insert into "Follower" ("FollowingId", "FollowerId", "State", "IsMutual", "Time")
        select 189677,
               189738,
               'Following',
               false,
               '2024-06-30T22:00:15.2815816Z'
        from "Group" a
        where not exists (select 1
                          from "Follower" f
                          where f."FollowingId" = 189677
                            and f."FollowerId" = 189738)
        limit 1
        returning *)
update "Follower"

set "IsMutual" = true
where exists (select 1
              from "Follower" f
              where f."FollowerId" = "Follower"."FollowingId"
                and f."FollowingId" = "Follower"."FollowerId")
;
Debug [20103]: Creating DbCommand for 'ExecuteNonQuery'.
Debug [20104]: Created DbCommand for 'ExecuteNonQuery' (0ms).
Debug [20106]: Initialized DbCommand for 'ExecuteNonQuery' (0ms).
Debug [20100]: Executing DbCommand [Parameters=[], CommandType='Text', CommandTimeout='60']
with ins as (
    insert into "Follower" ("FollowingId", "FollowerId", "State", "IsMutual", "Time")
        select 189677,
               189739,
               'Following',
               false,
               '2024-06-30T21:00:15.2815828Z'
        from "Group" a
        where not exists (select 1
                          from "Follower" f
                          where f."FollowingId" = 189677
                            and f."FollowerId" = 189739)
        limit 1
        returning *)
update "Follower"

set "IsMutual" = true
where exists (select 1
              from "Follower" f
              where f."FollowerId" = "Follower"."FollowingId"
                and f."FollowingId" = "Follower"."FollowerId")
;
Information [20101]: Executed DbCommand (1ms) [Parameters=[], CommandType='Text', CommandTimeout='60']
with ins as (
    insert into "Follower" ("FollowingId", "FollowerId", "State", "IsMutual", "Time")
        select 189677,
               189739,
               'Following',
               false,
               '2024-06-30T21:00:15.2815828Z'
        from "Group" a
        where not exists (select 1
                          from "Follower" f
                          where f."FollowingId" = 189677
                            and f."FollowerId" = 189739)
        limit 1
        returning *)
update "Follower"

set "IsMutual" = true
where exists (select 1
              from "Follower" f
              where f."FollowerId" = "Follower"."FollowingId"
                and f."FollowingId" = "Follower"."FollowerId")
;
Debug [20103]: Creating DbCommand for 'ExecuteNonQuery'.
Debug [20104]: Created DbCommand for 'ExecuteNonQuery' (0ms).
Debug [20106]: Initialized DbCommand for 'ExecuteNonQuery' (0ms).
Debug [20100]: Executing DbCommand [Parameters=[], CommandType='Text', CommandTimeout='60']
with ins as (
    insert into "Follower" ("FollowingId", "FollowerId", "State", "IsMutual", "Time")
        select 189677,
               189740,
               'Following',
               false,
               '2024-06-30T20:00:15.2815840Z'
        from "Group" a
        where not exists (select 1
                          from "Follower" f
                          where f."FollowingId" = 189677
                            and f."FollowerId" = 189740)
        limit 1
        returning *)
update "Follower"

set "IsMutual" = true
where exists (select 1
              from "Follower" f
              where f."FollowerId" = "Follower"."FollowingId"
                and f."FollowingId" = "Follower"."FollowerId")
;
Information [20101]: Executed DbCommand (1ms) [Parameters=[], CommandType='Text', CommandTimeout='60']
with ins as (
    insert into "Follower" ("FollowingId", "FollowerId", "State", "IsMutual", "Time")
        select 189677,
               189740,
               'Following',
               false,
               '2024-06-30T20:00:15.2815840Z'
        from "Group" a
        where not exists (select 1
                          from "Follower" f
                          where f."FollowingId" = 189677
                            and f."FollowerId" = 189740)
        limit 1
        returning *)
update "Follower"

set "IsMutual" = true
where exists (select 1
              from "Follower" f
              where f."FollowerId" = "Follower"."FollowingId"
                and f."FollowingId" = "Follower"."FollowerId")
;
Debug [20103]: Creating DbCommand for 'ExecuteNonQuery'.
Debug [20104]: Created DbCommand for 'ExecuteNonQuery' (0ms).
Debug [20106]: Initialized DbCommand for 'ExecuteNonQuery' (0ms).
Debug [20100]: Executing DbCommand [Parameters=[], CommandType='Text', CommandTimeout='60']
with ins as (
    insert into "Follower" ("FollowingId", "FollowerId", "State", "IsMutual", "Time")
        select 189677,
               189741,
               'Following',
               false,
               '2024-06-30T19:00:15.2815853Z'
        from "Group" a
        where not exists (select 1
                          from "Follower" f
                          where f."FollowingId" = 189677
                            and f."FollowerId" = 189741)
        limit 1
        returning *)
update "Follower"

set "IsMutual" = true
where exists (select 1
              from "Follower" f
              where f."FollowerId" = "Follower"."FollowingId"
                and f."FollowingId" = "Follower"."FollowerId")
;
Information [20101]: Executed DbCommand (1ms) [Parameters=[], CommandType='Text', CommandTimeout='60']
with ins as (
    insert into "Follower" ("FollowingId", "FollowerId", "State", "IsMutual", "Time")
        select 189677,
               189741,
               'Following',
               false,
               '2024-06-30T19:00:15.2815853Z'
        from "Group" a
        where not exists (select 1
                          from "Follower" f
                          where f."FollowingId" = 189677
                            and f."FollowerId" = 189741)
        limit 1
        returning *)
update "Follower"

set "IsMutual" = true
where exists (select 1
              from "Follower" f
              where f."FollowerId" = "Follower"."FollowingId"
                and f."FollowingId" = "Follower"."FollowerId")
;
Debug [20103]: Creating DbCommand for 'ExecuteNonQuery'.
Debug [20104]: Created DbCommand for 'ExecuteNonQuery' (0ms).
Debug [20106]: Initialized DbCommand for 'ExecuteNonQuery' (0ms).
Debug [20100]: Executing DbCommand [Parameters=[], CommandType='Text', CommandTimeout='60']
with ins as (
    insert into "Follower" ("FollowingId", "FollowerId", "State", "IsMutual", "Time")
        select 189677,
               189742,
               'Following',
               false,
               '2024-06-30T18:00:15.2815865Z'
        from "Group" a
        where not exists (select 1
                          from "Follower" f
                          where f."FollowingId" = 189677
                            and f."FollowerId" = 189742)
        limit 1
        returning *)
update "Follower"

set "IsMutual" = true
where exists (select 1
              from "Follower" f
              where f."FollowerId" = "Follower"."FollowingId"
                and f."FollowingId" = "Follower"."FollowerId")
;
Information [20101]: Executed DbCommand (1ms) [Parameters=[], CommandType='Text', CommandTimeout='60']
with ins as (
    insert into "Follower" ("FollowingId", "FollowerId", "State", "IsMutual", "Time")
        select 189677,
               189742,
               'Following',
               false,
               '2024-06-30T18:00:15.2815865Z'
        from "Group" a
        where not exists (select 1
                          from "Follower" f
                          where f."FollowingId" = 189677
                            and f."FollowerId" = 189742)
        limit 1
        returning *)
update "Follower"

set "IsMutual" = true
where exists (select 1
              from "Follower" f
              where f."FollowerId" = "Follower"."FollowingId"
                and f."FollowingId" = "Follower"."FollowerId")
;
Debug [20103]: Creating DbCommand for 'ExecuteNonQuery'.
Debug [20104]: Created DbCommand for 'ExecuteNonQuery' (0ms).
Debug [20106]: Initialized DbCommand for 'ExecuteNonQuery' (0ms).
Debug [20100]: Executing DbCommand [Parameters=[], CommandType='Text', CommandTimeout='60']
with ins as (
    insert into "Follower" ("FollowingId", "FollowerId", "State", "IsMutual", "Time")
        select 189677,
               189743,
               'Following',
               false,
               '2024-06-30T17:00:15.2815878Z'
        from "Group" a
        where not exists (select 1
                          from "Follower" f
                          where f."FollowingId" = 189677
                            and f."FollowerId" = 189743)
        limit 1
        returning *)
update "Follower"

set "IsMutual" = true
where exists (select 1
              from "Follower" f
              where f."FollowerId" = "Follower"."FollowingId"
                and f."FollowingId" = "Follower"."FollowerId")
;
Information [20101]: Executed DbCommand (1ms) [Parameters=[], CommandType='Text', CommandTimeout='60']
with ins as (
    insert into "Follower" ("FollowingId", "FollowerId", "State", "IsMutual", "Time")
        select 189677,
               189743,
               'Following',
               false,
               '2024-06-30T17:00:15.2815878Z'
        from "Group" a
        where not exists (select 1
                          from "Follower" f
                          where f."FollowingId" = 189677
                            and f."FollowerId" = 189743)
        limit 1
        returning *)
update "Follower"

set "IsMutual" = true
where exists (select 1
              from "Follower" f
              where f."FollowerId" = "Follower"."FollowingId"
                and f."FollowingId" = "Follower"."FollowerId")
;
Debug [20103]: Creating DbCommand for 'ExecuteNonQuery'.
Debug [20104]: Created DbCommand for 'ExecuteNonQuery' (0ms).
Debug [20106]: Initialized DbCommand for 'ExecuteNonQuery' (0ms).
Debug [20100]: Executing DbCommand [Parameters=[], CommandType='Text', CommandTimeout='60']
with ins as (
    insert into "Follower" ("FollowingId", "FollowerId", "State", "IsMutual", "Time")
        select 189677,
               189744,
               'Following',
               false,
               '2024-06-30T16:00:15.2815892Z'
        from "Group" a
        where not exists (select 1
                          from "Follower" f
                          where f."FollowingId" = 189677
                            and f."FollowerId" = 189744)
        limit 1
        returning *)
update "Follower"

set "IsMutual" = true
where exists (select 1
              from "Follower" f
              where f."FollowerId" = "Follower"."FollowingId"
                and f."FollowingId" = "Follower"."FollowerId")
;
Information [20101]: Executed DbCommand (1ms) [Parameters=[], CommandType='Text', CommandTimeout='60']
with ins as (
    insert into "Follower" ("FollowingId", "FollowerId", "State", "IsMutual", "Time")
        select 189677,
               189744,
               'Following',
               false,
               '2024-06-30T16:00:15.2815892Z'
        from "Group" a
        where not exists (select 1
                          from "Follower" f
                          where f."FollowingId" = 189677
                            and f."FollowerId" = 189744)
        limit 1
        returning *)
update "Follower"

set "IsMutual" = true
where exists (select 1
              from "Follower" f
              where f."FollowerId" = "Follower"."FollowingId"
                and f."FollowingId" = "Follower"."FollowerId")
;
Debug [20103]: Creating DbCommand for 'ExecuteNonQuery'.
Debug [20104]: Created DbCommand for 'ExecuteNonQuery' (0ms).
Debug [20106]: Initialized DbCommand for 'ExecuteNonQuery' (0ms).
Debug [20100]: Executing DbCommand [Parameters=[], CommandType='Text', CommandTimeout='60']
with ins as (
    insert into "Follower" ("FollowingId", "FollowerId", "State", "IsMutual", "Time")
        select 189677,
               189745,
               'Following',
               false,
               '2024-06-30T15:00:15.2815904Z'
        from "Group" a
        where not exists (select 1
                          from "Follower" f
                          where f."FollowingId" = 189677
                            and f."FollowerId" = 189745)
        limit 1
        returning *)
update "Follower"

set "IsMutual" = true
where exists (select 1
              from "Follower" f
              where f."FollowerId" = "Follower"."FollowingId"
                and f."FollowingId" = "Follower"."FollowerId")
;
Information [20101]: Executed DbCommand (1ms) [Parameters=[], CommandType='Text', CommandTimeout='60']
with ins as (
    insert into "Follower" ("FollowingId", "FollowerId", "State", "IsMutual", "Time")
        select 189677,
               189745,
               'Following',
               false,
               '2024-06-30T15:00:15.2815904Z'
        from "Group" a
        where not exists (select 1
                          from "Follower" f
                          where f."FollowingId" = 189677
                            and f."FollowerId" = 189745)
        limit 1
        returning *)
update "Follower"

set "IsMutual" = true
where exists (select 1
              from "Follower" f
              where f."FollowerId" = "Follower"."FollowingId"
                and f."FollowingId" = "Follower"."FollowerId")
;
Debug [20103]: Creating DbCommand for 'ExecuteNonQuery'.
Debug [20104]: Created DbCommand for 'ExecuteNonQuery' (0ms).
Debug [20106]: Initialized DbCommand for 'ExecuteNonQuery' (0ms).
Debug [20100]: Executing DbCommand [Parameters=[], CommandType='Text', CommandTimeout='60']
with ins as (
    insert into "Follower" ("FollowingId", "FollowerId", "State", "IsMutual", "Time")
        select 189677,
               189746,
               'Following',
               false,
               '2024-06-30T14:00:15.2815918Z'
        from "Group" a
        where not exists (select 1
                          from "Follower" f
                          where f."FollowingId" = 189677
                            and f."FollowerId" = 189746)
        limit 1
        returning *)
update "Follower"

set "IsMutual" = true
where exists (select 1
              from "Follower" f
              where f."FollowerId" = "Follower"."FollowingId"
                and f."FollowingId" = "Follower"."FollowerId")
;
Information [20101]: Executed DbCommand (1ms) [Parameters=[], CommandType='Text', CommandTimeout='60']
with ins as (
    insert into "Follower" ("FollowingId", "FollowerId", "State", "IsMutual", "Time")
        select 189677,
               189746,
               'Following',
               false,
               '2024-06-30T14:00:15.2815918Z'
        from "Group" a
        where not exists (select 1
                          from "Follower" f
                          where f."FollowingId" = 189677
                            and f."FollowerId" = 189746)
        limit 1
        returning *)
update "Follower"

set "IsMutual" = true
where exists (select 1
              from "Follower" f
              where f."FollowerId" = "Follower"."FollowingId"
                and f."FollowingId" = "Follower"."FollowerId")
;
Debug [20103]: Creating DbCommand for 'ExecuteNonQuery'.
Debug [20104]: Created DbCommand for 'ExecuteNonQuery' (0ms).
Debug [20106]: Initialized DbCommand for 'ExecuteNonQuery' (0ms).
Debug [20100]: Executing DbCommand [Parameters=[], CommandType='Text', CommandTimeout='60']
with ins as (
    insert into "Follower" ("FollowingId", "FollowerId", "State", "IsMutual", "Time")
        select 189677,
               189747,
               'Following',
               false,
               '2024-06-30T13:00:15.2815929Z'
        from "Group" a
        where not exists (select 1
                          from "Follower" f
                          where f."FollowingId" = 189677
                            and f."FollowerId" = 189747)
        limit 1
        returning *)
update "Follower"

set "IsMutual" = true
where exists (select 1
              from "Follower" f
              where f."FollowerId" = "Follower"."FollowingId"
                and f."FollowingId" = "Follower"."FollowerId")
;
Information [20101]: Executed DbCommand (1ms) [Parameters=[], CommandType='Text', CommandTimeout='60']
with ins as (
    insert into "Follower" ("FollowingId", "FollowerId", "State", "IsMutual", "Time")
        select 189677,
               189747,
               'Following',
               false,
               '2024-06-30T13:00:15.2815929Z'
        from "Group" a
        where not exists (select 1
                          from "Follower" f
                          where f."FollowingId" = 189677
                            and f."FollowerId" = 189747)
        limit 1
        returning *)
update "Follower"

set "IsMutual" = true
where exists (select 1
              from "Follower" f
              where f."FollowerId" = "Follower"."FollowingId"
                and f."FollowingId" = "Follower"."FollowerId")
;
Debug [20103]: Creating DbCommand for 'ExecuteNonQuery'.
Debug [20104]: Created DbCommand for 'ExecuteNonQuery' (0ms).
Debug [20106]: Initialized DbCommand for 'ExecuteNonQuery' (0ms).
Debug [20100]: Executing DbCommand [Parameters=[], CommandType='Text', CommandTimeout='60']
with ins as (
    insert into "Follower" ("FollowingId", "FollowerId", "State", "IsMutual", "Time")
        select 189677,
               189748,
               'Following',
               false,
               '2024-06-30T12:00:15.2815942Z'
        from "Group" a
        where not exists (select 1
                          from "Follower" f
                          where f."FollowingId" = 189677
                            and f."FollowerId" = 189748)
        limit 1
        returning *)
update "Follower"

set "IsMutual" = true
where exists (select 1
              from "Follower" f
              where f."FollowerId" = "Follower"."FollowingId"
                and f."FollowingId" = "Follower"."FollowerId")
;
Information [20101]: Executed DbCommand (1ms) [Parameters=[], CommandType='Text', CommandTimeout='60']
with ins as (
    insert into "Follower" ("FollowingId", "FollowerId", "State", "IsMutual", "Time")
        select 189677,
               189748,
               'Following',
               false,
               '2024-06-30T12:00:15.2815942Z'
        from "Group" a
        where not exists (select 1
                          from "Follower" f
                          where f."FollowingId" = 189677
                            and f."FollowerId" = 189748)
        limit 1
        returning *)
update "Follower"

set "IsMutual" = true
where exists (select 1
              from "Follower" f
              where f."FollowerId" = "Follower"."FollowingId"
                and f."FollowingId" = "Follower"."FollowerId")
;
Debug [10111]: Compiling query expression: 
'DbSet&lt;Follower&gt;()'
Debug [10107]: Generated query execution expression: 
'queryContext =&gt; new SingleQueryingEnumerable&lt;Follower&gt;(
    (RelationalQueryContext)queryContext, 
    RelationalCommandCache.QueryExpression(
        Projection Mapping:
            EmptyProjectionMember -&gt; Dictionary&lt;IProperty, int&gt; { [Property: Follower.FollowerId (long) Required PK FK AfterSave:Throw, 0], [Property: Follower.FollowingId (long) Required PK FK Index AfterSave:Throw, 1], [Property: Follower.IsMutual (bool) Required, 2], [Property: Follower.State (FollowerState) Required, 3], [Property: Follower.Time (DateTime) Required, 4] }
        SELECT f.FollowerId, f.FollowingId, f.IsMutual, f.State, f.Time
        FROM Follower AS f), 
    null, 
    Func&lt;QueryContext, DbDataReader, ResultContext, SingleQueryResultCoordinator, Follower&gt;, 
    Frever.Common.IntegrationTesting.TestReadWriteDbContext, 
    False, 
    False, 
    True
)'
Debug [20103]: Creating DbCommand for 'ExecuteReader'.
Debug [20104]: Created DbCommand for 'ExecuteReader' (1ms).
Debug [20106]: Initialized DbCommand for 'ExecuteReader' (1ms).
Debug [20100]: Executing DbCommand [Parameters=[], CommandType='Text', CommandTimeout='60']
SELECT f."FollowerId", f."FollowingId", f."IsMutual", f."State", f."Time"
FROM "Follower" AS f
Information [20101]: Executed DbCommand (1ms) [Parameters=[], CommandType='Text', CommandTimeout='60']
SELECT f."FollowerId", f."FollowingId", f."IsMutual", f."State", f."Time"
FROM "Follower" AS f
Debug [10806]: Context 'TestReadWriteDbContext' started tracking 'Follower' entity with key '{FollowerId: 189677, FollowingId: 189679}'.
Debug [10806]: Context 'TestReadWriteDbContext' started tracking 'Follower' entity with key '{FollowerId: 189677, FollowingId: 189680}'.
Debug [10806]: Context 'TestReadWriteDbContext' started tracking 'Follower' entity with key '{FollowerId: 189677, FollowingId: 189681}'.
Debug [10806]: Context 'TestReadWriteDbContext' started tracking 'Follower' entity with key '{FollowerId: 189677, FollowingId: 189682}'.
Debug [10806]: Context 'TestReadWriteDbContext' started tracking 'Follower' entity with key '{FollowerId: 189677, FollowingId: 189683}'.
Debug [10806]: Context 'TestReadWriteDbContext' started tracking 'Follower' entity with key '{FollowerId: 189677, FollowingId: 189684}'.
Debug [10806]: Context 'TestReadWriteDbContext' started tracking 'Follower' entity with key '{FollowerId: 189677, FollowingId: 189685}'.
Debug [10806]: Context 'TestReadWriteDbContext' started tracking 'Follower' entity with key '{FollowerId: 189677, FollowingId: 189686}'.
Debug [10806]: Context 'TestReadWriteDbContext' started tracking 'Follower' entity with key '{FollowerId: 189677, FollowingId: 189687}'.
Debug [10806]: Context 'TestReadWriteDbContext' started tracking 'Follower' entity with key '{FollowerId: 189677, FollowingId: 189688}'.
Debug [10806]: Context 'TestReadWriteDbContext' started tracking 'Follower' entity with key '{FollowerId: 189677, FollowingId: 189689}'.
Debug [10806]: Context 'TestReadWriteDbContext' started tracking 'Follower' entity with key '{FollowerId: 189677, FollowingId: 189690}'.
Debug [10806]: Context 'TestReadWriteDbContext' started tracking 'Follower' entity with key '{FollowerId: 189677, FollowingId: 189691}'.
Debug [10806]: Context 'TestReadWriteDbContext' started tracking 'Follower' entity with key '{FollowerId: 189677, FollowingId: 189692}'.
Debug [10806]: Context 'TestReadWriteDbContext' started tracking 'Follower' entity with key '{FollowerId: 189677, FollowingId: 189693}'.
Debug [10806]: Context 'TestReadWriteDbContext' started tracking 'Follower' entity with key '{FollowerId: 189677, FollowingId: 189694}'.
Debug [10806]: Context 'TestReadWriteDbContext' started tracking 'Follower' entity with key '{FollowerId: 189677, FollowingId: 189695}'.
Debug [10806]: Context 'TestReadWriteDbContext' started tracking 'Follower' entity with key '{FollowerId: 189677, FollowingId: 189696}'.
Debug [10806]: Context 'TestReadWriteDbContext' started tracking 'Follower' entity with key '{FollowerId: 189677, FollowingId: 189697}'.
Debug [10806]: Context 'TestReadWriteDbContext' started tracking 'Follower' entity with key '{FollowerId: 189677, FollowingId: 189698}'.
Debug [10806]: Context 'TestReadWriteDbContext' started tracking 'Follower' entity with key '{FollowerId: 189719, FollowingId: 189677}'.
Debug [10806]: Context 'TestReadWriteDbContext' started tracking 'Follower' entity with key '{FollowerId: 189720, FollowingId: 189677}'.
Debug [10806]: Context 'TestReadWriteDbContext' started tracking 'Follower' entity with key '{FollowerId: 189721, FollowingId: 189677}'.
Debug [10806]: Context 'TestReadWriteDbContext' started tracking 'Follower' entity with key '{FollowerId: 189722, FollowingId: 189677}'.
Debug [10806]: Context 'TestReadWriteDbContext' started tracking 'Follower' entity with key '{FollowerId: 189723, FollowingId: 189677}'.
Debug [10806]: Context 'TestReadWriteDbContext' started tracking 'Follower' entity with key '{FollowerId: 189724, FollowingId: 189677}'.
Debug [10806]: Context 'TestReadWriteDbContext' started tracking 'Follower' entity with key '{FollowerId: 189725, FollowingId: 189677}'.
Debug [10806]: Context 'TestReadWriteDbContext' started tracking 'Follower' entity with key '{FollowerId: 189726, FollowingId: 189677}'.
Debug [10806]: Context 'TestReadWriteDbContext' started tracking 'Follower' entity with key '{FollowerId: 189727, FollowingId: 189677}'.
Debug [10806]: Context 'TestReadWriteDbContext' started tracking 'Follower' entity with key '{FollowerId: 189728, FollowingId: 189677}'.
Debug [10806]: Context 'TestReadWriteDbContext' started tracking 'Follower' entity with key '{FollowerId: 189729, FollowingId: 189677}'.
Debug [10806]: Context 'TestReadWriteDbContext' started tracking 'Follower' entity with key '{FollowerId: 189730, FollowingId: 189677}'.
Debug [10806]: Context 'TestReadWriteDbContext' started tracking 'Follower' entity with key '{FollowerId: 189731, FollowingId: 189677}'.
Debug [10806]: Context 'TestReadWriteDbContext' started tracking 'Follower' entity with key '{FollowerId: 189732, FollowingId: 189677}'.
Debug [10806]: Context 'TestReadWriteDbContext' started tracking 'Follower' entity with key '{FollowerId: 189733, FollowingId: 189677}'.
Debug [10806]: Context 'TestReadWriteDbContext' started tracking 'Follower' entity with key '{FollowerId: 189734, FollowingId: 189677}'.
Debug [10806]: Context 'TestReadWriteDbContext' started tracking 'Follower' entity with key '{FollowerId: 189735, FollowingId: 189677}'.
Debug [10806]: Context 'TestReadWriteDbContext' started tracking 'Follower' entity with key '{FollowerId: 189736, FollowingId: 189677}'.
Debug [10806]: Context 'TestReadWriteDbContext' started tracking 'Follower' entity with key '{FollowerId: 189737, FollowingId: 189677}'.
Debug [10806]: Context 'TestReadWriteDbContext' started tracking 'Follower' entity with key '{FollowerId: 189738, FollowingId: 189677}'.
Debug [10806]: Context 'TestReadWriteDbContext' started tracking 'Follower' entity with key '{FollowerId: 189739, FollowingId: 189677}'.
Debug [10806]: Context 'TestReadWriteDbContext' started tracking 'Follower' entity with key '{FollowerId: 189740, FollowingId: 189677}'.
Debug [10806]: Context 'TestReadWriteDbContext' started tracking 'Follower' entity with key '{FollowerId: 189741, FollowingId: 189677}'.
Debug [10806]: Context 'TestReadWriteDbContext' started tracking 'Follower' entity with key '{FollowerId: 189742, FollowingId: 189677}'.
Debug [10806]: Context 'TestReadWriteDbContext' started tracking 'Follower' entity with key '{FollowerId: 189743, FollowingId: 189677}'.
Debug [10806]: Context 'TestReadWriteDbContext' started tracking 'Follower' entity with key '{FollowerId: 189744, FollowingId: 189677}'.
Debug [10806]: Context 'TestReadWriteDbContext' started tracking 'Follower' entity with key '{FollowerId: 189745, FollowingId: 189677}'.
Debug [10806]: Context 'TestReadWriteDbContext' started tracking 'Follower' entity with key '{FollowerId: 189746, FollowingId: 189677}'.
Debug [10806]: Context 'TestReadWriteDbContext' started tracking 'Follower' entity with key '{FollowerId: 189747, FollowingId: 189677}'.
Debug [10806]: Context 'TestReadWriteDbContext' started tracking 'Follower' entity with key '{FollowerId: 189677, FollowingId: 189718}'.
Debug [10806]: Context 'TestReadWriteDbContext' started tracking 'Follower' entity with key '{FollowerId: 189677, FollowingId: 189717}'.
Debug [10806]: Context 'TestReadWriteDbContext' started tracking 'Follower' entity with key '{FollowerId: 189677, FollowingId: 189716}'.
Debug [10806]: Context 'TestReadWriteDbContext' started tracking 'Follower' entity with key '{FollowerId: 189677, FollowingId: 189715}'.
Debug [10806]: Context 'TestReadWriteDbContext' started tracking 'Follower' entity with key '{FollowerId: 189677, FollowingId: 189714}'.
Debug [10806]: Context 'TestReadWriteDbContext' started tracking 'Follower' entity with key '{FollowerId: 189677, FollowingId: 189713}'.
Debug [10806]: Context 'TestReadWriteDbContext' started tracking 'Follower' entity with key '{FollowerId: 189677, FollowingId: 189712}'.
Debug [10806]: Context 'TestReadWriteDbContext' started tracking 'Follower' entity with key '{FollowerId: 189677, FollowingId: 189711}'.
Debug [10806]: Context 'TestReadWriteDbContext' started tracking 'Follower' entity with key '{FollowerId: 189677, FollowingId: 189710}'.
Debug [10806]: Context 'TestReadWriteDbContext' started tracking 'Follower' entity with key '{FollowerId: 189677, FollowingId: 189709}'.
Debug [10806]: Context 'TestReadWriteDbContext' started tracking 'Follower' entity with key '{FollowerId: 189677, FollowingId: 189708}'.
Debug [10806]: Context 'TestReadWriteDbContext' started tracking 'Follower' entity with key '{FollowerId: 189677, FollowingId: 189707}'.
Debug [10806]: Context 'TestReadWriteDbContext' started tracking 'Follower' entity with key '{FollowerId: 189677, FollowingId: 189706}'.
Debug [10806]: Context 'TestReadWriteDbContext' started tracking 'Follower' entity with key '{FollowerId: 189677, FollowingId: 189705}'.
Debug [10806]: Context 'TestReadWriteDbContext' started tracking 'Follower' entity with key '{FollowerId: 189677, FollowingId: 189704}'.
Debug [10806]: Context 'TestReadWriteDbContext' started tracking 'Follower' entity with key '{FollowerId: 189677, FollowingId: 189703}'.
Debug [10806]: Context 'TestReadWriteDbContext' started tracking 'Follower' entity with key '{FollowerId: 189677, FollowingId: 189702}'.
Debug [10806]: Context 'TestReadWriteDbContext' started tracking 'Follower' entity with key '{FollowerId: 189677, FollowingId: 189701}'.
Debug [10806]: Context 'TestReadWriteDbContext' started tracking 'Follower' entity with key '{FollowerId: 189677, FollowingId: 189700}'.
Debug [10806]: Context 'TestReadWriteDbContext' started tracking 'Follower' entity with key '{FollowerId: 189677, FollowingId: 189699}'.
Debug [10806]: Context 'TestReadWriteDbContext' started tracking 'Follower' entity with key '{FollowerId: 189699, FollowingId: 189677}'.
Debug [10806]: Context 'TestReadWriteDbContext' started tracking 'Follower' entity with key '{FollowerId: 189700, FollowingId: 189677}'.
Debug [10806]: Context 'TestReadWriteDbContext' started tracking 'Follower' entity with key '{FollowerId: 189701, FollowingId: 189677}'.
Debug [10806]: Context 'TestReadWriteDbContext' started tracking 'Follower' entity with key '{FollowerId: 189702, FollowingId: 189677}'.
Debug [10806]: Context 'TestReadWriteDbContext' started tracking 'Follower' entity with key '{FollowerId: 189703, FollowingId: 189677}'.
Debug [10806]: Context 'TestReadWriteDbContext' started tracking 'Follower' entity with key '{FollowerId: 189704, FollowingId: 189677}'.
Debug [10806]: Context 'TestReadWriteDbContext' started tracking 'Follower' entity with key '{FollowerId: 189705, FollowingId: 189677}'.
Debug [10806]: Context 'TestReadWriteDbContext' started tracking 'Follower' entity with key '{FollowerId: 189706, FollowingId: 189677}'.
Debug [10806]: Context 'TestReadWriteDbContext' started tracking 'Follower' entity with key '{FollowerId: 189707, FollowingId: 189677}'.
Debug [10806]: Context 'TestReadWriteDbContext' started tracking 'Follower' entity with key '{FollowerId: 189708, FollowingId: 189677}'.
Debug [10806]: Context 'TestReadWriteDbContext' started tracking 'Follower' entity with key '{FollowerId: 189709, FollowingId: 189677}'.
Debug [10806]: Context 'TestReadWriteDbContext' started tracking 'Follower' entity with key '{FollowerId: 189710, FollowingId: 189677}'.
Debug [10806]: Context 'TestReadWriteDbContext' started tracking 'Follower' entity with key '{FollowerId: 189711, FollowingId: 189677}'.
Debug [10806]: Context 'TestReadWriteDbContext' started tracking 'Follower' entity with key '{FollowerId: 189712, FollowingId: 189677}'.
Debug [10806]: Context 'TestReadWriteDbContext' started tracking 'Follower' entity with key '{FollowerId: 189713, FollowingId: 189677}'.
Debug [10806]: Context 'TestReadWriteDbContext' started tracking 'Follower' entity with key '{FollowerId: 189714, FollowingId: 189677}'.
Debug [10806]: Context 'TestReadWriteDbContext' started tracking 'Follower' entity with key '{FollowerId: 189715, FollowingId: 189677}'.
Debug [10806]: Context 'TestReadWriteDbContext' started tracking 'Follower' entity with key '{FollowerId: 189716, FollowingId: 189677}'.
Debug [10806]: Context 'TestReadWriteDbContext' started tracking 'Follower' entity with key '{FollowerId: 189717, FollowingId: 189677}'.
Debug [10806]: Context 'TestReadWriteDbContext' started tracking 'Follower' entity with key '{FollowerId: 189718, FollowingId: 189677}'.
Debug [10806]: Context 'TestReadWriteDbContext' started tracking 'Follower' entity with key '{FollowerId: 189748, FollowingId: 189677}'.
Debug [20301]: Closing data reader to 'frevertest' on server 'tcp://postgres-frever-it:5432'.
Debug [20300]: A data reader for 'frevertest' on server 'tcp://postgres-frever-it:5432' is being disposed after spending 12ms reading results.
Information [0]: Found credentials using the AWS SDK's default credential search
Debug [10409]: An additional 'IServiceProvider' was created for internal use by Entity Framework. An existing service provider was not used due to the following configuration changes: configuration removed for 'Npgsql:UseNetTopologySuite', configuration removed for 'Npgsql:UseNetTopologySuite:IsGeographyDefault'.
Warning [10410]: 'AddEntityFramework*' was called on the service provider, but 'UseInternalServiceProvider' wasn't called in the DbContext options configuration. Consider removing the 'AddEntityFramework*' call, as in most cases it's not needed and may cause conflicts with other products and services registered in the same service provider.
Debug [10111]: Compiling query expression: 
'DbSet&lt;Group&gt;()
    .Where(e =&gt; e.Id == __groupId_0)
    .Select(e =&gt; new { 
        IsBlocked = e.IsBlocked, 
        DeletedAt = e.DeletedAt, 
        IsTemporary = e.IsTemporary
     })
    .FirstOrDefault()'
Debug [10107]: Generated query execution expression: 
'queryContext =&gt; ShapedQueryCompilingExpressionVisitor.SingleOrDefaultAsync&lt;&lt;&gt;f__AnonymousType0&lt;bool, DateTime?, bool&gt;&gt;(
    asyncEnumerable: new SingleQueryingEnumerable&lt;&lt;&gt;f__AnonymousType0&lt;bool, DateTime?, bool&gt;&gt;(
        (RelationalQueryContext)queryContext, 
        RelationalCommandCache.QueryExpression(
            Projection Mapping:
                IsBlocked -&gt; 0
                DeletedAt -&gt; 1
                IsTemporary -&gt; 2
            SELECT TOP(1) g.IsBlocked, g.DeletedAt, g.IsTemporary
            FROM Group AS g
            WHERE g.Id == @__groupId_0), 
        null, 
        Func&lt;QueryContext, DbDataReader, ResultContext, SingleQueryResultCoordinator, &lt;&gt;f__AnonymousType0&lt;bool, DateTime?, bool&gt;&gt;, 
        Frever.Common.IntegrationTesting.TestReadWriteDbContext, 
        False, 
        False, 
        True
    ), 
    cancellationToken: queryContext.CancellationToken)'
Debug [20103]: Creating DbCommand for 'ExecuteReader'.
Debug [20104]: Created DbCommand for 'ExecuteReader' (0ms).
Debug [20106]: Initialized DbCommand for 'ExecuteReader' (0ms).
Debug [20100]: Executing DbCommand [Parameters=[@__groupId_0='189677'], CommandType='Text', CommandTimeout='60']
SELECT g."IsBlocked", g."DeletedAt", g."IsTemporary"
FROM "Group" AS g
WHERE g."Id" = @__groupId_0
LIMIT 1
Information [20101]: Executed DbCommand (5ms) [Parameters=[@__groupId_0='189677'], CommandType='Text', CommandTimeout='60']
SELECT g."IsBlocked", g."DeletedAt", g."IsTemporary"
FROM "Group" AS g
WHERE g."Id" = @__groupId_0
LIMIT 1
Debug [20301]: Closing data reader to 'frevertest' on server 'tcp://postgres-frever-it:5432'.
Debug [20300]: A data reader for 'frevertest' on server 'tcp://postgres-frever-it:5432' is being disposed after spending 0ms reading results.
Debug [10111]: Compiling query expression: 
'DbSet&lt;Role&gt;()
    .Where(e =&gt; DbSet&lt;UserRole&gt;()
        .Any(u =&gt; u.GroupId == __groupId_0 &amp;&amp; u.RoleId == e.Id))
    .Include(e =&gt; e.RoleAccessScope)'
Debug [10112]: Including navigation: 'Role.RoleAccessScope'.
Debug [10107]: Generated query execution expression: 
'queryContext =&gt; new SingleQueryingEnumerable&lt;Role&gt;(
    (RelationalQueryContext)queryContext, 
    RelationalCommandCache.QueryExpression(
        Client Projections:
            0 -&gt; Dictionary&lt;IProperty, int&gt; { [Property: Role.Id (long) Required PK AfterSave:Throw ValueGenerated.OnAdd, 0], [Property: Role.CreatedAt (DateTime) Required, 1], [Property: Role.Name (string), 2] }
            1 -&gt; 0
            2 -&gt; Dictionary&lt;IProperty, int&gt; { [Property: RoleAccessScope.RoleId (long) Required PK FK AfterSave:Throw, 3], [Property: RoleAccessScope.AccessScope (string) Required PK AfterSave:Throw, 4], [Property: RoleAccessScope.CreatedAt (DateTime) Required, 5] }
            3 -&gt; 3
            4 -&gt; 4
        SELECT r.id, r.created_at, r.name, r0.role_id, r0.access_scope, r0.created_at
        FROM cms.role AS r
        LEFT JOIN cms.role_access_scope AS r0 ON r.id == r0.role_id
        WHERE EXISTS (
            SELECT 1
            FROM cms.user_role AS u
            WHERE (u.group_id == @__groupId_0) &amp;&amp; (u.role_id == r.id))
        ORDER BY r.id ASC, r0.role_id ASC), 
    null, 
    Func&lt;QueryContext, DbDataReader, ResultContext, SingleQueryResultCoordinator, Role&gt;, 
    Frever.Common.IntegrationTesting.TestReadWriteDbContext, 
    False, 
    False, 
    True
)'
Debug [20103]: Creating DbCommand for 'ExecuteReader'.
Debug [20104]: Created DbCommand for 'ExecuteReader' (0ms).
Debug [20106]: Initialized DbCommand for 'ExecuteReader' (0ms).
Debug [20100]: Executing DbCommand [Parameters=[@__groupId_0='189677'], CommandType='Text', CommandTimeout='60']
SELECT r.id, r.created_at, r.name, r0.role_id, r0.access_scope, r0.created_at
FROM cms.role AS r
LEFT JOIN cms.role_access_scope AS r0 ON r.id = r0.role_id
WHERE EXISTS (
    SELECT 1
    FROM cms.user_role AS u
    WHERE u.group_id = @__groupId_0 AND u.role_id = r.id)
ORDER BY r.id, r0.role_id
Information [20101]: Executed DbCommand (2ms) [Parameters=[@__groupId_0='189677'], CommandType='Text', CommandTimeout='60']
SELECT r.id, r.created_at, r.name, r0.role_id, r0.access_scope, r0.created_at
FROM cms.role AS r
LEFT JOIN cms.role_access_scope AS r0 ON r.id = r0.role_id
WHERE EXISTS (
    SELECT 1
    FROM cms.user_role AS u
    WHERE u.group_id = @__groupId_0 AND u.role_id = r.id)
ORDER BY r.id, r0.role_id
Debug [20301]: Closing data reader to 'frevertest' on server 'tcp://postgres-frever-it:5432'.
Debug [20300]: A data reader for 'frevertest' on server 'tcp://postgres-frever-it:5432' is being disposed after spending 0ms reading results.
Debug [10111]: Compiling query expression: 
'DbSet&lt;FriendInfo&gt;().FromSql(with inner_friends as (select f."FollowingId" group_id,
                              f."Time"        followed_at
                       from "Follower" f
                       where f."FollowerId" = 189677
                         and f."IsMutual"
                         and not exists(select 1
                                        from "BlockedUser" b
                                        where (b."BlockedByUserId" = 189677 and b."BlockedUserId" = f."FollowingId")
                                           or (b."BlockedUserId" = 189677 and b."BlockedByUserId" = f."FollowingId"))),
     inner_group_posted_video as (select *
                                  from inner_friends g
                                  where exists (select 1
                                                from "Video" v
                                                where v."GroupId" = g.group_id
                                                  and not v."IsDeleted"
                                                  and v."Access" = 'Public'
                                                  and v."CreatedTime" &gt; (current_timestamp - interval '30 day'))),
     inner_group_not_posted_video as (select *
                                      from inner_friends g
                                      where not exists(select 1
                                                       from inner_group_posted_video i
                                                       where i.group_id = g.group_id)),
     inner_tag_info as (select f.group_id,
                               v."CreatedTime" tagged_at,
                               v."Id"          video_id
                        from "VideoGroupTag" t
                                 inner join
                             "Video" v on t."VideoId" = v."Id"
                                 inner join
                             inner_friends f on t."GroupId" = f.group_id
                        where v."GroupId" = 189677 and t."IsCharacterTag" = true),
     last_friends as (select f.*
                      from inner_friends f
                      where f.followed_at &gt; (CURRENT_TIMESTAMP - INTERVAL '9 DAY')
                      order by f.followed_at desc
                      limit 3),
     last_active_tagged as (select f.*,
                                   (select count(t.video_id)
                                    from inner_tag_info t
                                    where t.group_id = f.group_id) tag_count,
                                   (select max(t.tagged_at)
                                    from inner_tag_info t
                                    where t.group_id = f.group_id) last_tagged_at
                            from inner_group_posted_video f
                            where exists (select 1 from inner_tag_info ti where ti.group_id = f.group_id)
                              and not exists (select 1 from last_friends lf where lf.group_id = f.group_id)
                            order by tag_count desc, last_tagged_at desc nulls last, followed_at desc),
     last_active_not_tagged as (select f.*
                                from inner_group_posted_video f
                                where not exists (select 1 from inner_tag_info ti where ti.group_id = f.group_id)
                                  and not exists (select 1 from last_friends lf where lf.group_id = f.group_id)
                                order by followed_at desc),
     last_non_active as (select f.*
                         from inner_group_not_posted_video f
                         where not exists (select 1 from last_friends lf where lf.group_id = f.group_id)
                         order by f.followed_at desc),
     final_result as (select t.group_id,
                             t.followed_at,
                             true                                is_new_friend,
                             100000000 - row_number() over () as rank,
                             'last_friends'                      src
                      from last_friends t
                      union all
                      select t.group_id,
                             t.followed_at,
                             false                           is_new_friend,
                             10000000 - row_number() over () rank,
                             'active_tagged'                 src
                      from last_active_tagged t
                      union all
                      select t.group_id,
                             t.followed_at,
                             false                          is_new_friend,
                             1000000 - row_number() over () rank,
                             'active_not_tagged'            src
                      from last_active_not_tagged t
                      union all
                      select t.group_id,
                             t.followed_at,
                             false                         is_new_friend,
                             100000 - row_number() over () rank,
                             'non_active'                  src
                      from last_non_active t)
select r.group_id      "GroupId",
       r.is_new_friend "IsNew",
       r.followed_at   "FollowedAt",
       g."IsMinor",
       r.src           "RankingSrc",
       r.rank          "Rank",
       g."NickName"
from final_result r
         inner join "Group" g on r.group_id = g."Id"
         inner join "User" u on u."MainGroupId" = g."Id"
where u."MainCharacterId" is not null and
      g."DeletedAt" is null and
      g."IsBlocked" = false
order by rank desc, __p_0)
    .Where(g =&gt; True)
    .Where(g =&gt; True)
    .Skip(__p_1)
    .Take(__p_2)
    .Select(g =&gt; g.GroupId)'
Warning [10102]: The query uses a row limiting operator ('Skip'/'Take') without an 'OrderBy' operator. This may lead to unpredictable results. If the 'Distinct' operator is used after 'OrderBy', then make sure to use the 'OrderBy' operator after 'Distinct' as the ordering would otherwise get erased.
Warning [10102]: The query uses a row limiting operator ('Skip'/'Take') without an 'OrderBy' operator. This may lead to unpredictable results. If the 'Distinct' operator is used after 'OrderBy', then make sure to use the 'OrderBy' operator after 'Distinct' as the ordering would otherwise get erased.
Debug [10107]: Generated query execution expression: 
'queryContext =&gt; new SingleQueryingEnumerable&lt;long&gt;(
    (RelationalQueryContext)queryContext, 
    RelationalCommandCache.QueryExpression(
        Projection Mapping:
            EmptyProjectionMember -&gt; 0
        SELECT f.GroupId
        FROM with inner_friends as (select f."FollowingId" group_id,
                              f."Time"        followed_at
                       from "Follower" f
                       where f."FollowerId" = 189677
                         and f."IsMutual"
                         and not exists(select 1
                                        from "BlockedUser" b
                                        where (b."BlockedByUserId" = 189677 and b."BlockedUserId" = f."FollowingId")
                                           or (b."BlockedUserId" = 189677 and b."BlockedByUserId" = f."FollowingId"))),
     inner_group_posted_video as (select *
                                  from inner_friends g
                                  where exists (select 1
                                                from "Video" v
                                                where v."GroupId" = g.group_id
                                                  and not v."IsDeleted"
                                                  and v."Access" = 'Public'
                                                  and v."CreatedTime" &gt; (current_timestamp - interval '30 day'))),
     inner_group_not_posted_video as (select *
                                      from inner_friends g
                                      where not exists(select 1
                                                       from inner_group_posted_video i
                                                       where i.group_id = g.group_id)),
     inner_tag_info as (select f.group_id,
                               v."CreatedTime" tagged_at,
                               v."Id"          video_id
                        from "VideoGroupTag" t
                                 inner join
                             "Video" v on t."VideoId" = v."Id"
                                 inner join
                             inner_friends f on t."GroupId" = f.group_id
                        where v."GroupId" = 189677 and t."IsCharacterTag" = true),
     last_friends as (select f.*
                      from inner_friends f
                      where f.followed_at &gt; (CURRENT_TIMESTAMP - INTERVAL '9 DAY')
                      order by f.followed_at desc
                      limit 3),
     last_active_tagged as (select f.*,
                                   (select count(t.video_id)
                                    from inner_tag_info t
                                    where t.group_id = f.group_id) tag_count,
                                   (select max(t.tagged_at)
                                    from inner_tag_info t
                                    where t.group_id = f.group_id) last_tagged_at
                            from inner_group_posted_video f
                            where exists (select 1 from inner_tag_info ti where ti.group_id = f.group_id)
                              and not exists (select 1 from last_friends lf where lf.group_id = f.group_id)
                            order by tag_count desc, last_tagged_at desc nulls last, followed_at desc),
     last_active_not_tagged as (select f.*
                                from inner_group_posted_video f
                                where not exists (select 1 from inner_tag_info ti where ti.group_id = f.group_id)
                                  and not exists (select 1 from last_friends lf where lf.group_id = f.group_id)
                                order by followed_at desc),
     last_non_active as (select f.*
                         from inner_group_not_posted_video f
                         where not exists (select 1 from last_friends lf where lf.group_id = f.group_id)
                         order by f.followed_at desc),
     final_result as (select t.group_id,
                             t.followed_at,
                             true                                is_new_friend,
                             100000000 - row_number() over () as rank,
                             'last_friends'                      src
                      from last_friends t
                      union all
                      select t.group_id,
                             t.followed_at,
                             false                           is_new_friend,
                             10000000 - row_number() over () rank,
                             'active_tagged'                 src
                      from last_active_tagged t
                      union all
                      select t.group_id,
                             t.followed_at,
                             false                          is_new_friend,
                             1000000 - row_number() over () rank,
                             'active_not_tagged'            src
                      from last_active_not_tagged t
                      union all
                      select t.group_id,
                             t.followed_at,
                             false                         is_new_friend,
                             100000 - row_number() over () rank,
                             'non_active'                  src
                      from last_non_active t)
select r.group_id      "GroupId",
       r.is_new_friend "IsNew",
       r.followed_at   "FollowedAt",
       g."IsMinor",
       r.src           "RankingSrc",
       r.rank          "Rank",
       g."NickName"
from final_result r
         inner join "Group" g on r.group_id = g."Id"
         inner join "User" u on u."MainGroupId" = g."Id"
where u."MainCharacterId" is not null and
      g."DeletedAt" is null and
      g."IsBlocked" = false
order by rank desc
        OFFSET @__p_1 ROWS FETCH NEXT @__p_2 ROWS ONLY), 
    null, 
    Func&lt;QueryContext, DbDataReader, ResultContext, SingleQueryResultCoordinator, long&gt;, 
    Frever.Common.IntegrationTesting.TestReadWriteDbContext, 
    False, 
    False, 
    True
)'
Debug [20103]: Creating DbCommand for 'ExecuteReader'.
Debug [20104]: Created DbCommand for 'ExecuteReader' (0ms).
Debug [20106]: Initialized DbCommand for 'ExecuteReader' (0ms).
Debug [20100]: Executing DbCommand [Parameters=[@__p_2='1000', @__p_1='0'], CommandType='Text', CommandTimeout='60']
SELECT f."GroupId"
FROM (
    with inner_friends as (select f."FollowingId" group_id,
                                  f."Time"        followed_at
                           from "Follower" f
                           where f."FollowerId" = 189677
                             and f."IsMutual"
                             and not exists(select 1
                                            from "BlockedUser" b
                                            where (b."BlockedByUserId" = 189677 and b."BlockedUserId" = f."FollowingId")
                                               or (b."BlockedUserId" = 189677 and b."BlockedByUserId" = f."FollowingId"))),
         inner_group_posted_video as (select *
                                      from inner_friends g
                                      where exists (select 1
                                                    from "Video" v
                                                    where v."GroupId" = g.group_id
                                                      and not v."IsDeleted"
                                                      and v."Access" = 'Public'
                                                      and v."CreatedTime" &gt; (current_timestamp - interval '30 day'))),
         inner_group_not_posted_video as (select *
                                          from inner_friends g
                                          where not exists(select 1
                                                           from inner_group_posted_video i
                                                           where i.group_id = g.group_id)),
         inner_tag_info as (select f.group_id,
                                   v."CreatedTime" tagged_at,
                                   v."Id"          video_id
                            from "VideoGroupTag" t
                                     inner join
                                 "Video" v on t."VideoId" = v."Id"
                                     inner join
                                 inner_friends f on t."GroupId" = f.group_id
                            where v."GroupId" = 189677 and t."IsCharacterTag" = true),
         last_friends as (select f.*
                          from inner_friends f
                          where f.followed_at &gt; (CURRENT_TIMESTAMP - INTERVAL '9 DAY')
                          order by f.followed_at desc
                          limit 3),
         last_active_tagged as (select f.*,
                                       (select count(t.video_id)
                                        from inner_tag_info t
                                        where t.group_id = f.group_id) tag_count,
                                       (select max(t.tagged_at)
                                        from inner_tag_info t
                                        where t.group_id = f.group_id) last_tagged_at
                                from inner_group_posted_video f
                                where exists (select 1 from inner_tag_info ti where ti.group_id = f.group_id)
                                  and not exists (select 1 from last_friends lf where lf.group_id = f.group_id)
                                order by tag_count desc, last_tagged_at desc nulls last, followed_at desc),
         last_active_not_tagged as (select f.*
                                    from inner_group_posted_video f
                                    where not exists (select 1 from inner_tag_info ti where ti.group_id = f.group_id)
                                      and not exists (select 1 from last_friends lf where lf.group_id = f.group_id)
                                    order by followed_at desc),
         last_non_active as (select f.*
                             from inner_group_not_posted_video f
                             where not exists (select 1 from last_friends lf where lf.group_id = f.group_id)
                             order by f.followed_at desc),
         final_result as (select t.group_id,
                                 t.followed_at,
                                 true                                is_new_friend,
                                 100000000 - row_number() over () as rank,
                                 'last_friends'                      src
                          from last_friends t
                          union all
                          select t.group_id,
                                 t.followed_at,
                                 false                           is_new_friend,
                                 10000000 - row_number() over () rank,
                                 'active_tagged'                 src
                          from last_active_tagged t
                          union all
                          select t.group_id,
                                 t.followed_at,
                                 false                          is_new_friend,
                                 1000000 - row_number() over () rank,
                                 'active_not_tagged'            src
                          from last_active_not_tagged t
                          union all
                          select t.group_id,
                                 t.followed_at,
                                 false                         is_new_friend,
                                 100000 - row_number() over () rank,
                                 'non_active'                  src
                          from last_non_active t)
    select r.group_id      "GroupId",
           r.is_new_friend "IsNew",
           r.followed_at   "FollowedAt",
           g."IsMinor",
           r.src           "RankingSrc",
           r.rank          "Rank",
           g."NickName"
    from final_result r
             inner join "Group" g on r.group_id = g."Id"
             inner join "User" u on u."MainGroupId" = g."Id"
    where u."MainCharacterId" is not null and
          g."DeletedAt" is null and
          g."IsBlocked" = false
    order by rank desc
) AS f
LIMIT @__p_2 OFFSET @__p_1
Information [20101]: Executed DbCommand (11ms) [Parameters=[@__p_2='1000', @__p_1='0'], CommandType='Text', CommandTimeout='60']
SELECT f."GroupId"
FROM (
    with inner_friends as (select f."FollowingId" group_id,
                                  f."Time"        followed_at
                           from "Follower" f
                           where f."FollowerId" = 189677
                             and f."IsMutual"
                             and not exists(select 1
                                            from "BlockedUser" b
                                            where (b."BlockedByUserId" = 189677 and b."BlockedUserId" = f."FollowingId")
                                               or (b."BlockedUserId" = 189677 and b."BlockedByUserId" = f."FollowingId"))),
         inner_group_posted_video as (select *
                                      from inner_friends g
                                      where exists (select 1
                                                    from "Video" v
                                                    where v."GroupId" = g.group_id
                                                      and not v."IsDeleted"
                                                      and v."Access" = 'Public'
                                                      and v."CreatedTime" &gt; (current_timestamp - interval '30 day'))),
         inner_group_not_posted_video as (select *
                                          from inner_friends g
                                          where not exists(select 1
                                                           from inner_group_posted_video i
                                                           where i.group_id = g.group_id)),
         inner_tag_info as (select f.group_id,
                                   v."CreatedTime" tagged_at,
                                   v."Id"          video_id
                            from "VideoGroupTag" t
                                     inner join
                                 "Video" v on t."VideoId" = v."Id"
                                     inner join
                                 inner_friends f on t."GroupId" = f.group_id
                            where v."GroupId" = 189677 and t."IsCharacterTag" = true),
         last_friends as (select f.*
                          from inner_friends f
                          where f.followed_at &gt; (CURRENT_TIMESTAMP - INTERVAL '9 DAY')
                          order by f.followed_at desc
                          limit 3),
         last_active_tagged as (select f.*,
                                       (select count(t.video_id)
                                        from inner_tag_info t
                                        where t.group_id = f.group_id) tag_count,
                                       (select max(t.tagged_at)
                                        from inner_tag_info t
                                        where t.group_id = f.group_id) last_tagged_at
                                from inner_group_posted_video f
                                where exists (select 1 from inner_tag_info ti where ti.group_id = f.group_id)
                                  and not exists (select 1 from last_friends lf where lf.group_id = f.group_id)
                                order by tag_count desc, last_tagged_at desc nulls last, followed_at desc),
         last_active_not_tagged as (select f.*
                                    from inner_group_posted_video f
                                    where not exists (select 1 from inner_tag_info ti where ti.group_id = f.group_id)
                                      and not exists (select 1 from last_friends lf where lf.group_id = f.group_id)
                                    order by followed_at desc),
         last_non_active as (select f.*
                             from inner_group_not_posted_video f
                             where not exists (select 1 from last_friends lf where lf.group_id = f.group_id)
                             order by f.followed_at desc),
         final_result as (select t.group_id,
                                 t.followed_at,
                                 true                                is_new_friend,
                                 100000000 - row_number() over () as rank,
                                 'last_friends'                      src
                          from last_friends t
                          union all
                          select t.group_id,
                                 t.followed_at,
                                 false                           is_new_friend,
                                 10000000 - row_number() over () rank,
                                 'active_tagged'                 src
                          from last_active_tagged t
                          union all
                          select t.group_id,
                                 t.followed_at,
                                 false                          is_new_friend,
                                 1000000 - row_number() over () rank,
                                 'active_not_tagged'            src
                          from last_active_not_tagged t
                          union all
                          select t.group_id,
                                 t.followed_at,
                                 false                         is_new_friend,
                                 100000 - row_number() over () rank,
                                 'non_active'                  src
                          from last_non_active t)
    select r.group_id      "GroupId",
           r.is_new_friend "IsNew",
           r.followed_at   "FollowedAt",
           g."IsMinor",
           r.src           "RankingSrc",
           r.rank          "Rank",
           g."NickName"
    from final_result r
             inner join "Group" g on r.group_id = g."Id"
             inner join "User" u on u."MainGroupId" = g."Id"
    where u."MainCharacterId" is not null and
          g."DeletedAt" is null and
          g."IsBlocked" = false
    order by rank desc
) AS f
LIMIT @__p_2 OFFSET @__p_1
Debug [20301]: Closing data reader to 'frevertest' on server 'tcp://postgres-frever-it:5432'.
Debug [20300]: A data reader for 'frevertest' on server 'tcp://postgres-frever-it:5432' is being disposed after spending 0ms reading results.
Debug [10111]: Compiling query expression: 
'DbSet&lt;FollowerStats&gt;()
    .Where(f =&gt; __groupIds_0
        .Contains(f.GroupId))
    .AsNoTracking()'
Debug [10107]: Generated query execution expression: 
'queryContext =&gt; new SingleQueryingEnumerable&lt;FollowerStats&gt;(
    (RelationalQueryContext)queryContext, 
    RelationalCommandCache.QueryExpression(
        Projection Mapping:
            EmptyProjectionMember -&gt; Dictionary&lt;IProperty, int&gt; { [Property: FollowerStats.GroupId (long) Required PK AfterSave:Throw ValueGenerated.OnAdd, 0], [Property: FollowerStats.Deleted (bool) Required, 1], [Property: FollowerStats.FollowersCount (int) Required, 2], [Property: FollowerStats.FollowingCount (int) Required, 3], [Property: FollowerStats.FriendsCount (int) Required, 4] }
        SELECT f.group_id, f.deleted, f.followers_count, f.following_count, f.friends_count
        FROM stats.follower_stats AS f
        WHERE f.group_id = ANY(@__groupIds_0)), 
    null, 
    Func&lt;QueryContext, DbDataReader, ResultContext, SingleQueryResultCoordinator, FollowerStats&gt;, 
    Frever.Common.IntegrationTesting.TestReadWriteDbContext, 
    False, 
    False, 
    True
)'
Debug [20103]: Creating DbCommand for 'ExecuteReader'.
Debug [20104]: Created DbCommand for 'ExecuteReader' (0ms).
Debug [20106]: Initialized DbCommand for 'ExecuteReader' (0ms).
Debug [20100]: Executing DbCommand [Parameters=[@__groupIds_0={ '189699', '189700', '189701', '189702', '189703', ... } (DbType = Object)], CommandType='Text', CommandTimeout='60']
SELECT f.group_id, f.deleted, f.followers_count, f.following_count, f.friends_count
FROM stats.follower_stats AS f
WHERE f.group_id = ANY (@__groupIds_0)
Information [20101]: Executed DbCommand (4ms) [Parameters=[@__groupIds_0={ '189699', '189700', '189701', '189702', '189703', ... } (DbType = Object)], CommandType='Text', CommandTimeout='60']
SELECT f.group_id, f.deleted, f.followers_count, f.following_count, f.friends_count
FROM stats.follower_stats AS f
WHERE f.group_id = ANY (@__groupIds_0)
Debug [20301]: Closing data reader to 'frevertest' on server 'tcp://postgres-frever-it:5432'.
Debug [20300]: A data reader for 'frevertest' on server 'tcp://postgres-frever-it:5432' is being disposed after spending 0ms reading results.
Debug [10111]: Compiling query expression: 
'DbSet&lt;Follower&gt;()
    .Where(e =&gt; e.FollowerId == __currentGroupId_0 &amp;&amp; __groupIds_1
        .Contains(e.FollowingId) || e.FollowingId == __currentGroupId_0 &amp;&amp; __groupIds_1
        .Contains(e.FollowerId))'
Debug [10107]: Generated query execution expression: 
'queryContext =&gt; new SingleQueryingEnumerable&lt;Follower&gt;(
    (RelationalQueryContext)queryContext, 
    RelationalCommandCache.QueryExpression(
        Projection Mapping:
            EmptyProjectionMember -&gt; Dictionary&lt;IProperty, int&gt; { [Property: Follower.FollowerId (long) Required PK FK AfterSave:Throw, 0], [Property: Follower.FollowingId (long) Required PK FK Index AfterSave:Throw, 1], [Property: Follower.IsMutual (bool) Required, 2], [Property: Follower.State (FollowerState) Required, 3], [Property: Follower.Time (DateTime) Required, 4] }
        SELECT f.FollowerId, f.FollowingId, f.IsMutual, f.State, f.Time
        FROM Follower AS f
        WHERE ((f.FollowerId == @__currentGroupId_0) &amp;&amp; f.FollowingId = ANY(@__groupIds_1)) || ((f.FollowingId == @__currentGroupId_0) &amp;&amp; f.FollowerId = ANY(@__groupIds_1))), 
    null, 
    Func&lt;QueryContext, DbDataReader, ResultContext, SingleQueryResultCoordinator, Follower&gt;, 
    Frever.Common.IntegrationTesting.TestReadWriteDbContext, 
    False, 
    False, 
    True
)'
Debug [20103]: Creating DbCommand for 'ExecuteReader'.
Debug [20104]: Created DbCommand for 'ExecuteReader' (0ms).
Debug [20106]: Initialized DbCommand for 'ExecuteReader' (0ms).
Debug [20100]: Executing DbCommand [Parameters=[@__currentGroupId_0='189677', @__groupIds_1={ '189699', '189700', '189701', '189702', '189703', ... } (DbType = Object)], CommandType='Text', CommandTimeout='60']
SELECT f."FollowerId", f."FollowingId", f."IsMutual", f."State", f."Time"
FROM "Follower" AS f
WHERE (f."FollowerId" = @__currentGroupId_0 AND f."FollowingId" = ANY (@__groupIds_1)) OR (f."FollowingId" = @__currentGroupId_0 AND f."FollowerId" = ANY (@__groupIds_1))
Information [20101]: Executed DbCommand (1ms) [Parameters=[@__currentGroupId_0='189677', @__groupIds_1={ '189699', '189700', '189701', '189702', '189703', ... } (DbType = Object)], CommandType='Text', CommandTimeout='60']
SELECT f."FollowerId", f."FollowingId", f."IsMutual", f."State", f."Time"
FROM "Follower" AS f
WHERE (f."FollowerId" = @__currentGroupId_0 AND f."FollowingId" = ANY (@__groupIds_1)) OR (f."FollowingId" = @__currentGroupId_0 AND f."FollowerId" = ANY (@__groupIds_1))
Debug [20301]: Closing data reader to 'frevertest' on server 'tcp://postgres-frever-it:5432'.
Debug [20300]: A data reader for 'frevertest' on server 'tcp://postgres-frever-it:5432' is being disposed after spending 0ms reading results.
Debug [10111]: Compiling query expression: 
'DbSet&lt;User&gt;()
    .Where(e =&gt; __groupIds_0
        .Contains(e.MainGroupId))
    .Select(e =&gt; new ProfileInternal{ 
        MainGroupId = e.MainGroupId, 
        NickName = e.MainGroup.NickName, 
        CreatorScoreBadge = e.MainGroup.CreatorScoreBadge, 
        CharacterAccess = e.MainGroup.CharacterAccess, 
        IsMinor = e.MainGroup.IsMinor, 
        IsParentalConsentValidated = e.MainGroup.IsParentalConsentValidated, 
        ParentalConsent = e.MainGroup.ParentalConsent, 
        MainCharacter = e.MainCharacter == null ? null : new CharacterDto{ 
            Id = e.MainCharacter.Id, 
            Name = e.MainCharacter.Name, 
            Files = e.MainCharacter.Files
                .Convert(), 
            GenderId = e.MainCharacter.GenderId, 
            GroupId = e.MainCharacter.GroupId 
        }
         
    }
    )'
Debug [10107]: Generated query execution expression: 
'queryContext =&gt; new SingleQueryingEnumerable&lt;ProfileInternal&gt;(
    (RelationalQueryContext)queryContext, 
    RelationalCommandCache.QueryExpression(
        Client Projections:
            0 -&gt; 0
            1 -&gt; 1
            2 -&gt; 2
            3 -&gt; 3
            4 -&gt; 4
            5 -&gt; 5
            6 -&gt; 6
            7 -&gt; 7
            8 -&gt; 8
            9 -&gt; 9
            10 -&gt; 10
            11 -&gt; 11
            12 -&gt; 12
        SELECT u.MainGroupId, g.NickName, g.CreatorScoreBadge, g.CharacterAccess, g.IsMinor, g.IsParentalConsentValidated, g.ParentalConsent, c.Id == NULL, c.Id, c.Name, c.FilesInfo, c.GenderId, c.GroupId
        FROM User AS u
        INNER JOIN Group AS g ON u.MainGroupId == g.Id
        LEFT JOIN Character AS c ON u.MainCharacterId == c.Id
        WHERE u.MainGroupId = ANY(@__groupIds_0)), 
    null, 
    Func&lt;QueryContext, DbDataReader, ResultContext, SingleQueryResultCoordinator, ProfileInternal&gt;, 
    Frever.Common.IntegrationTesting.TestReadWriteDbContext, 
    False, 
    False, 
    True
)'
Debug [20103]: Creating DbCommand for 'ExecuteReader'.
Debug [20104]: Created DbCommand for 'ExecuteReader' (0ms).
Debug [20106]: Initialized DbCommand for 'ExecuteReader' (0ms).
Debug [20100]: Executing DbCommand [Parameters=[@__groupIds_0={ '189699', '189700', '189701', '189702', '189703', ... } (DbType = Object)], CommandType='Text', CommandTimeout='60']
SELECT u."MainGroupId", g."NickName", g."CreatorScoreBadge", g."CharacterAccess", g."IsMinor", g."IsParentalConsentValidated", g."ParentalConsent", c."Id" IS NULL, c."Id", c."Name", c."FilesInfo", c."GenderId", c."GroupId"
FROM "User" AS u
INNER JOIN "Group" AS g ON u."MainGroupId" = g."Id"
LEFT JOIN "Character" AS c ON u."MainCharacterId" = c."Id"
WHERE u."MainGroupId" = ANY (@__groupIds_0)
Information [20101]: Executed DbCommand (1ms) [Parameters=[@__groupIds_0={ '189699', '189700', '189701', '189702', '189703', ... } (DbType = Object)], CommandType='Text', CommandTimeout='60']
SELECT u."MainGroupId", g."NickName", g."CreatorScoreBadge", g."CharacterAccess", g."IsMinor", g."IsParentalConsentValidated", g."ParentalConsent", c."Id" IS NULL, c."Id", c."Name", c."FilesInfo", c."GenderId", c."GroupId"
FROM "User" AS u
INNER JOIN "Group" AS g ON u."MainGroupId" = g."Id"
LEFT JOIN "Character" AS c ON u."MainCharacterId" = c."Id"
WHERE u."MainGroupId" = ANY (@__groupIds_0)
Debug [20301]: Closing data reader to 'frevertest' on server 'tcp://postgres-frever-it:5432'.
Debug [20300]: A data reader for 'frevertest' on server 'tcp://postgres-frever-it:5432' is being disposed after spending 2ms reading results.
Information [0]: Found credentials using the AWS SDK's default credential search
Debug [10111]: Compiling query expression: 
'DbSet&lt;FriendInfo&gt;().FromSql(with inner_friends as (select f."FollowingId" group_id,
                              f."Time"        followed_at
                       from "Follower" f
                       where f."FollowerId" = 189677
                         and f."IsMutual"
                         and not exists(select 1
                                        from "BlockedUser" b
                                        where (b."BlockedByUserId" = 189677 and b."BlockedUserId" = f."FollowingId")
                                           or (b."BlockedUserId" = 189677 and b."BlockedByUserId" = f."FollowingId"))),
     inner_group_posted_video as (select *
                                  from inner_friends g
                                  where exists (select 1
                                                from "Video" v
                                                where v."GroupId" = g.group_id
                                                  and not v."IsDeleted"
                                                  and v."Access" = 'Public'
                                                  and v."CreatedTime" &gt; (current_timestamp - interval '30 day'))),
     inner_group_not_posted_video as (select *
                                      from inner_friends g
                                      where not exists(select 1
                                                       from inner_group_posted_video i
                                                       where i.group_id = g.group_id)),
     inner_tag_info as (select f.group_id,
                               v."CreatedTime" tagged_at,
                               v."Id"          video_id
                        from "VideoGroupTag" t
                                 inner join
                             "Video" v on t."VideoId" = v."Id"
                                 inner join
                             inner_friends f on t."GroupId" = f.group_id
                        where v."GroupId" = 189677 and t."IsCharacterTag" = true),
     last_friends as (select f.*
                      from inner_friends f
                      where f.followed_at &gt; (CURRENT_TIMESTAMP - INTERVAL '9 DAY')
                      order by f.followed_at desc
                      limit 3),
     last_active_tagged as (select f.*,
                                   (select count(t.video_id)
                                    from inner_tag_info t
                                    where t.group_id = f.group_id) tag_count,
                                   (select max(t.tagged_at)
                                    from inner_tag_info t
                                    where t.group_id = f.group_id) last_tagged_at
                            from inner_group_posted_video f
                            where exists (select 1 from inner_tag_info ti where ti.group_id = f.group_id)
                              and not exists (select 1 from last_friends lf where lf.group_id = f.group_id)
                            order by tag_count desc, last_tagged_at desc nulls last, followed_at desc),
     last_active_not_tagged as (select f.*
                                from inner_group_posted_video f
                                where not exists (select 1 from inner_tag_info ti where ti.group_id = f.group_id)
                                  and not exists (select 1 from last_friends lf where lf.group_id = f.group_id)
                                order by followed_at desc),
     last_non_active as (select f.*
                         from inner_group_not_posted_video f
                         where not exists (select 1 from last_friends lf where lf.group_id = f.group_id)
                         order by f.followed_at desc),
     final_result as (select t.group_id,
                             t.followed_at,
                             true                                is_new_friend,
                             100000000 - row_number() over () as rank,
                             'last_friends'                      src
                      from last_friends t
                      union all
                      select t.group_id,
                             t.followed_at,
                             false                           is_new_friend,
                             10000000 - row_number() over () rank,
                             'active_tagged'                 src
                      from last_active_tagged t
                      union all
                      select t.group_id,
                             t.followed_at,
                             false                          is_new_friend,
                             1000000 - row_number() over () rank,
                             'active_not_tagged'            src
                      from last_active_not_tagged t
                      union all
                      select t.group_id,
                             t.followed_at,
                             false                         is_new_friend,
                             100000 - row_number() over () rank,
                             'non_active'                  src
                      from last_non_active t)
select r.group_id      "GroupId",
       r.is_new_friend "IsNew",
       r.followed_at   "FollowedAt",
       g."IsMinor",
       r.src           "RankingSrc",
       r.rank          "Rank",
       g."NickName"
from final_result r
         inner join "Group" g on r.group_id = g."Id"
         inner join "User" u on u."MainGroupId" = g."Id"
where u."MainCharacterId" is not null and
      g."DeletedAt" is null and
      g."IsBlocked" = false
order by rank desc, __p_0)
    .Where(g =&gt; True)
    .Where(g =&gt; True)
    .Join(
        inner: DbSet&lt;User&gt;()
            .Where(e =&gt; !(e.MainGroup.IsBlocked) &amp;&amp; e.MainGroup.DeletedAt == null)
            .Where(e =&gt; e.MainCharacter != null &amp;&amp; !(e.MainCharacter.IsDeleted))
            .Where(c =&gt; DbSet&lt;Follower&gt;()
                .Any(f =&gt; f.FollowerId == __p_1 &amp;&amp; f.FollowingId == c.MainGroupId &amp;&amp; f.IsMutual))
            .Select(e =&gt; e.MainCharacter)
            .Where(asset =&gt; asset.ReadinessId == 2)
            .Where(e =&gt; True), 
        outerKeySelector: u =&gt; u.GroupId, 
        innerKeySelector: c =&gt; c.GroupId, 
        resultSelector: (f, c) =&gt; new { 
            Friend = f, 
            Character = c
         })
    .OrderByDescending(a =&gt; a.Friend.Rank)
    .Select(a =&gt; a.Character)'
Debug [10107]: Generated query execution expression: 
'queryContext =&gt; new SingleQueryingEnumerable&lt;Character&gt;(
    (RelationalQueryContext)queryContext, 
    RelationalCommandCache.QueryExpression(
        Projection Mapping:
            EmptyProjectionMember -&gt; Dictionary&lt;IProperty, int&gt; { [Property: Character.Id (long) Required PK AfterSave:Throw ValueGenerated.OnAdd, 0], [Property: Character.CharacterStyleId (long) Required FK Index, 1], [Property: Character.CreatedTime (DateTime) Required ValueGenerated.OnAdd, 2], [Property: Character.Files (List&lt;FileInfo&gt;), 3], [Property: Character.GenderId (long) Required FK Index, 4], [Property: Character.GroupId (long) Required FK Index, 5], [Property: Character.IsDefault (bool) Required, 6], [Property: Character.IsDeleted (bool) Required, 7], [Property: Character.ModifiedTime (DateTime) Required ValueGenerated.OnAdd, 8], [Property: Character.Name (string) Required ValueGenerated.OnAdd, 9], [Property: Character.PolyCount (int?), 10], [Property: Character.PublicForBackgroundDancing (bool) Required, 11], [Property: Character.PublicForCreation (bool) Required, 12], [Property: Character.ReadinessId (long) Required FK Index, 13], [Property: Character.Size (long?), 14], [Property: Character.SortOrder (int) Required, 15], [Property: Character.UploaderUserId (long) Required FK Index ValueGenerated.OnAdd, 16], [Property: Character.Version (Guid) Required, 17] }
        SELECT t.Id1, t.CharacterStyleId, t.CreatedTime1, t.FilesInfo, t.GenderId, t.GroupId, t.IsDefault, t.IsDeleted, t.ModifiedTime1, t.Name, t.PolyCount, t.PublicForBackgroundDancing, t.PublicForCreation, t.ReadinessId, t.Size, t.SortOrder, t.UploaderUserId, t.Version
        FROM with inner_friends as (select f."FollowingId" group_id,
                              f."Time"        followed_at
                       from "Follower" f
                       where f."FollowerId" = 189677
                         and f."IsMutual"
                         and not exists(select 1
                                        from "BlockedUser" b
                                        where (b."BlockedByUserId" = 189677 and b."BlockedUserId" = f."FollowingId")
                                           or (b."BlockedUserId" = 189677 and b."BlockedByUserId" = f."FollowingId"))),
     inner_group_posted_video as (select *
                                  from inner_friends g
                                  where exists (select 1
                                                from "Video" v
                                                where v."GroupId" = g.group_id
                                                  and not v."IsDeleted"
                                                  and v."Access" = 'Public'
                                                  and v."CreatedTime" &gt; (current_timestamp - interval '30 day'))),
     inner_group_not_posted_video as (select *
                                      from inner_friends g
                                      where not exists(select 1
                                                       from inner_group_posted_video i
                                                       where i.group_id = g.group_id)),
     inner_tag_info as (select f.group_id,
                               v."CreatedTime" tagged_at,
                               v."Id"          video_id
                        from "VideoGroupTag" t
                                 inner join
                             "Video" v on t."VideoId" = v."Id"
                                 inner join
                             inner_friends f on t."GroupId" = f.group_id
                        where v."GroupId" = 189677 and t."IsCharacterTag" = true),
     last_friends as (select f.*
                      from inner_friends f
                      where f.followed_at &gt; (CURRENT_TIMESTAMP - INTERVAL '9 DAY')
                      order by f.followed_at desc
                      limit 3),
     last_active_tagged as (select f.*,
                                   (select count(t.video_id)
                                    from inner_tag_info t
                                    where t.group_id = f.group_id) tag_count,
                                   (select max(t.tagged_at)
                                    from inner_tag_info t
                                    where t.group_id = f.group_id) last_tagged_at
                            from inner_group_posted_video f
                            where exists (select 1 from inner_tag_info ti where ti.group_id = f.group_id)
                              and not exists (select 1 from last_friends lf where lf.group_id = f.group_id)
                            order by tag_count desc, last_tagged_at desc nulls last, followed_at desc),
     last_active_not_tagged as (select f.*
                                from inner_group_posted_video f
                                where not exists (select 1 from inner_tag_info ti where ti.group_id = f.group_id)
                                  and not exists (select 1 from last_friends lf where lf.group_id = f.group_id)
                                order by followed_at desc),
     last_non_active as (select f.*
                         from inner_group_not_posted_video f
                         where not exists (select 1 from last_friends lf where lf.group_id = f.group_id)
                         order by f.followed_at desc),
     final_result as (select t.group_id,
                             t.followed_at,
                             true                                is_new_friend,
                             100000000 - row_number() over () as rank,
                             'last_friends'                      src
                      from last_friends t
                      union all
                      select t.group_id,
                             t.followed_at,
                             false                           is_new_friend,
                             10000000 - row_number() over () rank,
                             'active_tagged'                 src
                      from last_active_tagged t
                      union all
                      select t.group_id,
                             t.followed_at,
                             false                          is_new_friend,
                             1000000 - row_number() over () rank,
                             'active_not_tagged'            src
                      from last_active_not_tagged t
                      union all
                      select t.group_id,
                             t.followed_at,
                             false                         is_new_friend,
                             100000 - row_number() over () rank,
                             'non_active'                  src
                      from last_non_active t)
select r.group_id      "GroupId",
       r.is_new_friend "IsNew",
       r.followed_at   "FollowedAt",
       g."IsMinor",
       r.src           "RankingSrc",
       r.rank          "Rank",
       g."NickName"
from final_result r
         inner join "Group" g on r.group_id = g."Id"
         inner join "User" u on u."MainGroupId" = g."Id"
where u."MainCharacterId" is not null and
      g."DeletedAt" is null and
      g."IsBlocked" = false
order by rank desc
        INNER JOIN 
        (
            SELECT c.Id AS Id1, c.CharacterStyleId, c.CreatedTime AS CreatedTime1, c.FilesInfo, c.GenderId, c.GroupId, c.IsDefault, c.IsDeleted, c.ModifiedTime AS ModifiedTime1, c.Name, c.PolyCount, c.PublicForBackgroundDancing, c.PublicForCreation, c.ReadinessId, c.Size, c.SortOrder, c.UploaderUserId, c.Version
            FROM User AS u
            INNER JOIN Group AS g ON u.MainGroupId == g.Id
            LEFT JOIN Character AS c ON u.MainCharacterId == c.Id
            WHERE (((Not(g.IsBlocked) &amp;&amp; (g.DeletedAt == NULL)) &amp;&amp; (Not(c.Id == NULL) &amp;&amp; Not(c.IsDeleted))) &amp;&amp; EXISTS (
                SELECT 1
                FROM Follower AS f0
                WHERE ((f0.FollowerId == @__p_1) &amp;&amp; (f0.FollowingId == u.MainGroupId)) &amp;&amp; f0.IsMutual)) &amp;&amp; (c.ReadinessId == 2)
        ) AS t ON f.GroupId == t.GroupId
        ORDER BY f.Rank DESC), 
    null, 
    Func&lt;QueryContext, DbDataReader, ResultContext, SingleQueryResultCoordinator, Character&gt;, 
    Frever.Common.IntegrationTesting.TestReadWriteDbContext, 
    False, 
    False, 
    True
)'
Debug [20103]: Creating DbCommand for 'ExecuteReader'.
Debug [20104]: Created DbCommand for 'ExecuteReader' (0ms).
Debug [20106]: Initialized DbCommand for 'ExecuteReader' (0ms).
Debug [20100]: Executing DbCommand [Parameters=[@__p_1='189677'], CommandType='Text', CommandTimeout='60']
SELECT t."Id1", t."CharacterStyleId", t."CreatedTime1", t."FilesInfo", t."GenderId", t."GroupId", t."IsDefault", t."IsDeleted", t."ModifiedTime1", t."Name", t."PolyCount", t."PublicForBackgroundDancing", t."PublicForCreation", t."ReadinessId", t."Size", t."SortOrder", t."UploaderUserId", t."Version"
FROM (
    with inner_friends as (select f."FollowingId" group_id,
                                  f."Time"        followed_at
                           from "Follower" f
                           where f."FollowerId" = 189677
                             and f."IsMutual"
                             and not exists(select 1
                                            from "BlockedUser" b
                                            where (b."BlockedByUserId" = 189677 and b."BlockedUserId" = f."FollowingId")
                                               or (b."BlockedUserId" = 189677 and b."BlockedByUserId" = f."FollowingId"))),
         inner_group_posted_video as (select *
                                      from inner_friends g
                                      where exists (select 1
                                                    from "Video" v
                                                    where v."GroupId" = g.group_id
                                                      and not v."IsDeleted"
                                                      and v."Access" = 'Public'
                                                      and v."CreatedTime" &gt; (current_timestamp - interval '30 day'))),
         inner_group_not_posted_video as (select *
                                          from inner_friends g
                                          where not exists(select 1
                                                           from inner_group_posted_video i
                                                           where i.group_id = g.group_id)),
         inner_tag_info as (select f.group_id,
                                   v."CreatedTime" tagged_at,
                                   v."Id"          video_id
                            from "VideoGroupTag" t
                                     inner join
                                 "Video" v on t."VideoId" = v."Id"
                                     inner join
                                 inner_friends f on t."GroupId" = f.group_id
                            where v."GroupId" = 189677 and t."IsCharacterTag" = true),
         last_friends as (select f.*
                          from inner_friends f
                          where f.followed_at &gt; (CURRENT_TIMESTAMP - INTERVAL '9 DAY')
                          order by f.followed_at desc
                          limit 3),
         last_active_tagged as (select f.*,
                                       (select count(t.video_id)
                                        from inner_tag_info t
                                        where t.group_id = f.group_id) tag_count,
                                       (select max(t.tagged_at)
                                        from inner_tag_info t
                                        where t.group_id = f.group_id) last_tagged_at
                                from inner_group_posted_video f
                                where exists (select 1 from inner_tag_info ti where ti.group_id = f.group_id)
                                  and not exists (select 1 from last_friends lf where lf.group_id = f.group_id)
                                order by tag_count desc, last_tagged_at desc nulls last, followed_at desc),
         last_active_not_tagged as (select f.*
                                    from inner_group_posted_video f
                                    where not exists (select 1 from inner_tag_info ti where ti.group_id = f.group_id)
                                      and not exists (select 1 from last_friends lf where lf.group_id = f.group_id)
                                    order by followed_at desc),
         last_non_active as (select f.*
                             from inner_group_not_posted_video f
                             where not exists (select 1 from last_friends lf where lf.group_id = f.group_id)
                             order by f.followed_at desc),
         final_result as (select t.group_id,
                                 t.followed_at,
                                 true                                is_new_friend,
                                 100000000 - row_number() over () as rank,
                                 'last_friends'                      src
                          from last_friends t
                          union all
                          select t.group_id,
                                 t.followed_at,
                                 false                           is_new_friend,
                                 10000000 - row_number() over () rank,
                                 'active_tagged'                 src
                          from last_active_tagged t
                          union all
                          select t.group_id,
                                 t.followed_at,
                                 false                          is_new_friend,
                                 1000000 - row_number() over () rank,
                                 'active_not_tagged'            src
                          from last_active_not_tagged t
                          union all
                          select t.group_id,
                                 t.followed_at,
                                 false                         is_new_friend,
                                 100000 - row_number() over () rank,
                                 'non_active'                  src
                          from last_non_active t)
    select r.group_id      "GroupId",
           r.is_new_friend "IsNew",
           r.followed_at   "FollowedAt",
           g."IsMinor",
           r.src           "RankingSrc",
           r.rank          "Rank",
           g."NickName"
    from final_result r
             inner join "Group" g on r.group_id = g."Id"
             inner join "User" u on u."MainGroupId" = g."Id"
    where u."MainCharacterId" is not null and
          g."DeletedAt" is null and
          g."IsBlocked" = false
    order by rank desc
) AS f
INNER JOIN (
    SELECT c."Id" AS "Id1", c."CharacterStyleId", c."CreatedTime" AS "CreatedTime1", c."FilesInfo", c."GenderId", c."GroupId", c."IsDefault", c."IsDeleted", c."ModifiedTime" AS "ModifiedTime1", c."Name", c."PolyCount", c."PublicForBackgroundDancing", c."PublicForCreation", c."ReadinessId", c."Size", c."SortOrder", c."UploaderUserId", c."Version"
    FROM "User" AS u
    INNER JOIN "Group" AS g ON u."MainGroupId" = g."Id"
    LEFT JOIN "Character" AS c ON u."MainCharacterId" = c."Id"
    WHERE NOT (g."IsBlocked") AND g."DeletedAt" IS NULL AND c."Id" IS NOT NULL AND NOT (c."IsDeleted") AND EXISTS (
        SELECT 1
        FROM "Follower" AS f0
        WHERE f0."FollowerId" = @__p_1 AND f0."FollowingId" = u."MainGroupId" AND f0."IsMutual") AND c."ReadinessId" = 2
) AS t ON f."GroupId" = t."GroupId"
ORDER BY f."Rank" DESC
Information [20101]: Executed DbCommand (37ms) [Parameters=[@__p_1='189677'], CommandType='Text', CommandTimeout='60']
SELECT t."Id1", t."CharacterStyleId", t."CreatedTime1", t."FilesInfo", t."GenderId", t."GroupId", t."IsDefault", t."IsDeleted", t."ModifiedTime1", t."Name", t."PolyCount", t."PublicForBackgroundDancing", t."PublicForCreation", t."ReadinessId", t."Size", t."SortOrder", t."UploaderUserId", t."Version"
FROM (
    with inner_friends as (select f."FollowingId" group_id,
                                  f."Time"        followed_at
                           from "Follower" f
                           where f."FollowerId" = 189677
                             and f."IsMutual"
                             and not exists(select 1
                                            from "BlockedUser" b
                                            where (b."BlockedByUserId" = 189677 and b."BlockedUserId" = f."FollowingId")
                                               or (b."BlockedUserId" = 189677 and b."BlockedByUserId" = f."FollowingId"))),
         inner_group_posted_video as (select *
                                      from inner_friends g
                                      where exists (select 1
                                                    from "Video" v
                                                    where v."GroupId" = g.group_id
                                                      and not v."IsDeleted"
                                                      and v."Access" = 'Public'
                                                      and v."CreatedTime" &gt; (current_timestamp - interval '30 day'))),
         inner_group_not_posted_video as (select *
                                          from inner_friends g
                                          where not exists(select 1
                                                           from inner_group_posted_video i
                                                           where i.group_id = g.group_id)),
         inner_tag_info as (select f.group_id,
                                   v."CreatedTime" tagged_at,
                                   v."Id"          video_id
                            from "VideoGroupTag" t
                                     inner join
                                 "Video" v on t."VideoId" = v."Id"
                                     inner join
                                 inner_friends f on t."GroupId" = f.group_id
                            where v."GroupId" = 189677 and t."IsCharacterTag" = true),
         last_friends as (select f.*
                          from inner_friends f
                          where f.followed_at &gt; (CURRENT_TIMESTAMP - INTERVAL '9 DAY')
                          order by f.followed_at desc
                          limit 3),
         last_active_tagged as (select f.*,
                                       (select count(t.video_id)
                                        from inner_tag_info t
                                        where t.group_id = f.group_id) tag_count,
                                       (select max(t.tagged_at)
                                        from inner_tag_info t
                                        where t.group_id = f.group_id) last_tagged_at
                                from inner_group_posted_video f
                                where exists (select 1 from inner_tag_info ti where ti.group_id = f.group_id)
                                  and not exists (select 1 from last_friends lf where lf.group_id = f.group_id)
                                order by tag_count desc, last_tagged_at desc nulls last, followed_at desc),
         last_active_not_tagged as (select f.*
                                    from inner_group_posted_video f
                                    where not exists (select 1 from inner_tag_info ti where ti.group_id = f.group_id)
                                      and not exists (select 1 from last_friends lf where lf.group_id = f.group_id)
                                    order by followed_at desc),
         last_non_active as (select f.*
                             from inner_group_not_posted_video f
                             where not exists (select 1 from last_friends lf where lf.group_id = f.group_id)
                             order by f.followed_at desc),
         final_result as (select t.group_id,
                                 t.followed_at,
                                 true                                is_new_friend,
                                 100000000 - row_number() over () as rank,
                                 'last_friends'                      src
                          from last_friends t
                          union all
                          select t.group_id,
                                 t.followed_at,
                                 false                           is_new_friend,
                                 10000000 - row_number() over () rank,
                                 'active_tagged'                 src
                          from last_active_tagged t
                          union all
                          select t.group_id,
                                 t.followed_at,
                                 false                          is_new_friend,
                                 1000000 - row_number() over () rank,
                                 'active_not_tagged'            src
                          from last_active_not_tagged t
                          union all
                          select t.group_id,
                                 t.followed_at,
                                 false                         is_new_friend,
                                 100000 - row_number() over () rank,
                                 'non_active'                  src
                          from last_non_active t)
    select r.group_id      "GroupId",
           r.is_new_friend "IsNew",
           r.followed_at   "FollowedAt",
           g."IsMinor",
           r.src           "RankingSrc",
           r.rank          "Rank",
           g."NickName"
    from final_result r
             inner join "Group" g on r.group_id = g."Id"
             inner join "User" u on u."MainGroupId" = g."Id"
    where u."MainCharacterId" is not null and
          g."DeletedAt" is null and
          g."IsBlocked" = false
    order by rank desc
) AS f
INNER JOIN (
    SELECT c."Id" AS "Id1", c."CharacterStyleId", c."CreatedTime" AS "CreatedTime1", c."FilesInfo", c."GenderId", c."GroupId", c."IsDefault", c."IsDeleted", c."ModifiedTime" AS "ModifiedTime1", c."Name", c."PolyCount", c."PublicForBackgroundDancing", c."PublicForCreation", c."ReadinessId", c."Size", c."SortOrder", c."UploaderUserId", c."Version"
    FROM "User" AS u
    INNER JOIN "Group" AS g ON u."MainGroupId" = g."Id"
    LEFT JOIN "Character" AS c ON u."MainCharacterId" = c."Id"
    WHERE NOT (g."IsBlocked") AND g."DeletedAt" IS NULL AND c."Id" IS NOT NULL AND NOT (c."IsDeleted") AND EXISTS (
        SELECT 1
        FROM "Follower" AS f0
        WHERE f0."FollowerId" = @__p_1 AND f0."FollowingId" = u."MainGroupId" AND f0."IsMutual") AND c."ReadinessId" = 2
) AS t ON f."GroupId" = t."GroupId"
ORDER BY f."Rank" DESC
Debug [20301]: Closing data reader to 'frevertest' on server 'tcp://postgres-frever-it:5432'.
Debug [20300]: A data reader for 'frevertest' on server 'tcp://postgres-frever-it:5432' is being disposed after spending 0ms reading results.
Debug [20204]: Disposing transaction.
Debug [20002]: Closing connection to database 'frevertest' on server 'tcp://postgres-frever-it:5432'.
Debug [20003]: Closed connection to database 'frevertest' on server 'tcp://postgres-frever-it:5432' (0ms).</StdOut>
      </Output>
    </UnitTestResult>
    <UnitTestResult executionId="20ddc576-1f4d-41b4-a891-a53be44cb9e2" testId="f066ebdf-ac0e-85b4-5dea-ed322ba68fd0" testName="Frever.Client.Core.IntegrationTest.Features.Assets.SetLocations.SetLocationServiceIntegrationTest.SetLocationReadingTest" computerName="5955a5bf5f87" duration="00:00:07.5964362" startTime="2024-07-02T13:00:23.8241160+00:00" endTime="2024-07-02T13:00:23.8241162+00:00" testType="13cdc9d9-ddb5-4fa4-a97d-d965ccfc6d4b" outcome="Passed" testListId="8c84fa94-04c1-424b-9868-57a2d4851a1d" relativeResultsDirectory="20ddc576-1f4d-41b4-a891-a53be44cb9e2">
      <Output>
        <StdOut>Debug [10403]: Entity Framework Core 8.0.4 initialized 'TestReadWriteDbContext' using provider 'Npgsql.EntityFrameworkCore.PostgreSQL:8.0.2+5a671b9769f2d00a75b0ba42ce30c444a12407e3' with options: SensitiveDataLoggingEnabled CommandTimeout=60 MigrationsHistoryTable=public.__EFMigrationsHistory using NetTopologySuite 
Debug [20005]: Creating DbConnection.
Debug [20006]: Created DbConnection. (0ms).
Debug [20000]: Opening connection to database 'frevertest' on server 'tcp://postgres-frever-it:5432'.
Debug [20001]: Opened connection to database 'frevertest' on server 'tcp://postgres-frever-it:5432'.
Debug [20209]: Beginning transaction with isolation level 'Unspecified'.
Debug [20200]: Began transaction with isolation level 'ReadCommitted'.
Debug [10111]: Compiling query expression: 
'DbSet&lt;User&gt;().FromSql(
with g as (
    insert into "Group" ("NickName",
                         "TaxationCountryId",
                         "DefaultLanguageId",
                         "BirthDate",
                         "Gender"
        )
        values ('test-user-08ac8082092c498288aaa23d2fb31d91',
                (select "Id" from "Country" where "ISOName" = 'swe'),
                (select "Id" from "Language" where "IsoCode" = 'swe'),
                '1993-05-27T00:00:00.0000000',
                1)
        returning *),
     u as (
         insert
             into "User" ("IdentityServerId", "Email", "DataCollection", "MainGroupId", "AnalyticsEnabled",
                          "PhoneNumber",
                          "CreatorPermissionLevel", "MainCharacterId")
                 select uuid_generate_v4(),
                        'test-user-08ac8082092c498288aaa23d2fb31d91@frever-test.com',
                        true,
                        g."Id",
                        true,
                        null,
                        array []::bigint[],
                        null
                 from g
                 returning *),
     activity as (
         insert into "UserActivity" ("GroupId", "OccurredAt", "ActionType")
             select g."Id", null, 'Login'
             from g
             where null is not null)
select *
from u;, __p_0)
'
Debug [10107]: Generated query execution expression: 
'queryContext =&gt; new FromSqlQueryingEnumerable&lt;User&gt;(
    (RelationalQueryContext)queryContext, 
    RelationalCommandCache.QueryExpression(
        Projection Mapping:
            EmptyProjectionMember -&gt; Dictionary&lt;IProperty, int&gt; { [Property: User.Id (long) Required PK AfterSave:Throw ValueGenerated.OnAdd, 0], [Property: User.AnalyticsEnabled (bool) Required, 1], [Property: User.AppleId (string), 2], [Property: User.CreatedTime (DateTime) Required ValueGenerated.OnAdd, 3], [Property: User.CreatorPermissionLevel (long[]) Element type: long Required, 4], [Property: User.DataCollection (bool?), 5], [Property: User.Email (string) Index, 6], [Property: User.GoogleId (string), 7], [Property: User.IdentityServerId (Guid) Required Index, 8], [Property: User.IsFeatured (bool) Required, 9], [Property: User.MainCharacterId (long?) FK Index, 10], [Property: User.MainGroupId (long) Required FK Index, 11], [Property: User.ModifiedTime (DateTime) Required, 12], [Property: User.PhoneNumber (string) Index, 13] }
        SELECT f.Id, f.AnalyticsEnabled, f.AppleId, f.CreatedTime, f.CreatorPermissionLevel, f.DataCollection, f.Email, f.GoogleId, f.IdentityServerId, f.IsFeatured, f.MainCharacterId, f.MainGroupId, f.ModifiedTime, f.PhoneNumber
        FROM 
with g as (
    insert into "Group" ("NickName",
                         "TaxationCountryId",
                         "DefaultLanguageId",
                         "BirthDate",
                         "Gender"
        )
        values ('test-user-08ac8082092c498288aaa23d2fb31d91',
                (select "Id" from "Country" where "ISOName" = 'swe'),
                (select "Id" from "Language" where "IsoCode" = 'swe'),
                '1993-05-27T00:00:00.0000000',
                1)
        returning *),
     u as (
         insert
             into "User" ("IdentityServerId", "Email", "DataCollection", "MainGroupId", "AnalyticsEnabled",
                          "PhoneNumber",
                          "CreatorPermissionLevel", "MainCharacterId")
                 select uuid_generate_v4(),
                        'test-user-08ac8082092c498288aaa23d2fb31d91@frever-test.com',
                        true,
                        g."Id",
                        true,
                        null,
                        array []::bigint[],
                        null
                 from g
                 returning *),
     activity as (
         insert into "UserActivity" ("GroupId", "OccurredAt", "ActionType")
             select g."Id", null, 'Login'
             from g
             where null is not null)
select *
from u;), 
    null, 
    List&lt;string&gt; { "Id", "AnalyticsEnabled", "AppleId", "CreatedTime", "CreatorPermissionLevel", "DataCollection", "Email", "GoogleId", "IdentityServerId", "IsFeatured", "MainCharacterId", "MainGroupId", "ModifiedTime", "PhoneNumber" }, 
    Func&lt;QueryContext, DbDataReader, int[], User&gt;, 
    Frever.Common.IntegrationTesting.TestReadWriteDbContext, 
    False, 
    False, 
    True
)'
Debug [20103]: Creating DbCommand for 'ExecuteReader'.
Debug [20104]: Created DbCommand for 'ExecuteReader' (0ms).
Debug [20106]: Initialized DbCommand for 'ExecuteReader' (0ms).
Debug [20100]: Executing DbCommand [Parameters=[], CommandType='Text', CommandTimeout='60']

with g as (
    insert into "Group" ("NickName",
                         "TaxationCountryId",
                         "DefaultLanguageId",
                         "BirthDate",
                         "Gender"
        )
        values ('test-user-08ac8082092c498288aaa23d2fb31d91',
                (select "Id" from "Country" where "ISOName" = 'swe'),
                (select "Id" from "Language" where "IsoCode" = 'swe'),
                '1993-05-27T00:00:00.0000000',
                1)
        returning *),
     u as (
         insert
             into "User" ("IdentityServerId", "Email", "DataCollection", "MainGroupId", "AnalyticsEnabled",
                          "PhoneNumber",
                          "CreatorPermissionLevel", "MainCharacterId")
                 select uuid_generate_v4(),
                        'test-user-08ac8082092c498288aaa23d2fb31d91@frever-test.com',
                        true,
                        g."Id",
                        true,
                        null,
                        array []::bigint[],
                        null
                 from g
                 returning *),
     activity as (
         insert into "UserActivity" ("GroupId", "OccurredAt", "ActionType")
             select g."Id", null, 'Login'
             from g
             where null is not null)
select *
from u;
Information [20101]: Executed DbCommand (2ms) [Parameters=[], CommandType='Text', CommandTimeout='60']

with g as (
    insert into "Group" ("NickName",
                         "TaxationCountryId",
                         "DefaultLanguageId",
                         "BirthDate",
                         "Gender"
        )
        values ('test-user-08ac8082092c498288aaa23d2fb31d91',
                (select "Id" from "Country" where "ISOName" = 'swe'),
                (select "Id" from "Language" where "IsoCode" = 'swe'),
                '1993-05-27T00:00:00.0000000',
                1)
        returning *),
     u as (
         insert
             into "User" ("IdentityServerId", "Email", "DataCollection", "MainGroupId", "AnalyticsEnabled",
                          "PhoneNumber",
                          "CreatorPermissionLevel", "MainCharacterId")
                 select uuid_generate_v4(),
                        'test-user-08ac8082092c498288aaa23d2fb31d91@frever-test.com',
                        true,
                        g."Id",
                        true,
                        null,
                        array []::bigint[],
                        null
                 from g
                 returning *),
     activity as (
         insert into "UserActivity" ("GroupId", "OccurredAt", "ActionType")
             select g."Id", null, 'Login'
             from g
             where null is not null)
select *
from u;
Debug [10806]: Context 'TestReadWriteDbContext' started tracking 'User' entity with key '{Id: 189773}'.
Debug [20301]: Closing data reader to 'frevertest' on server 'tcp://postgres-frever-it:5432'.
Debug [20300]: A data reader for 'frevertest' on server 'tcp://postgres-frever-it:5432' is being disposed after spending 0ms reading results.
Debug [20103]: Creating DbCommand for 'ExecuteNonQuery'.
Debug [20104]: Created DbCommand for 'ExecuteNonQuery' (0ms).
Debug [20106]: Initialized DbCommand for 'ExecuteNonQuery' (0ms).
Debug [20100]: Executing DbCommand [Parameters=[], CommandType='Text', CommandTimeout='60']
delete from "GeoCluster"
Information [20101]: Executed DbCommand (4,452ms) [Parameters=[], CommandType='Text', CommandTimeout='60']
delete from "GeoCluster"
Debug [20103]: Creating DbCommand for 'ExecuteReader'.
Debug [20104]: Created DbCommand for 'ExecuteReader' (0ms).
Debug [20106]: Initialized DbCommand for 'ExecuteReader' (0ms).
Debug [20100]: Executing DbCommand [Parameters=[], CommandType='Text', CommandTimeout='60']
insert into "GeoCluster"("Priority", "Title", "IncludeVideoFromCountry",
                         "IncludeVideoWithLanguage", "ShowToUserFromCountry",
                         "ShowForUserWithLanguage")
values (3,
        'Swedish',
        ARRAY['swe']::text[],
        ARRAY['swe']::text[],
        ARRAY['swe']::text[],
        ARRAY['swe']::text[])
returning *;
Information [20101]: Executed DbCommand (1ms) [Parameters=[], CommandType='Text', CommandTimeout='60']
insert into "GeoCluster"("Priority", "Title", "IncludeVideoFromCountry",
                         "IncludeVideoWithLanguage", "ShowToUserFromCountry",
                         "ShowForUserWithLanguage")
values (3,
        'Swedish',
        ARRAY['swe']::text[],
        ARRAY['swe']::text[],
        ARRAY['swe']::text[],
        ARRAY['swe']::text[])
returning *;
Debug [10806]: Context 'TestReadWriteDbContext' started tracking 'GeoCluster' entity with key '{Id: 105}'.
Debug [20301]: Closing data reader to 'frevertest' on server 'tcp://postgres-frever-it:5432'.
Debug [20300]: A data reader for 'frevertest' on server 'tcp://postgres-frever-it:5432' is being disposed after spending 0ms reading results.
Debug [20103]: Creating DbCommand for 'ExecuteReader'.
Debug [20104]: Created DbCommand for 'ExecuteReader' (0ms).
Debug [20106]: Initialized DbCommand for 'ExecuteReader' (0ms).
Debug [20100]: Executing DbCommand [Parameters=[], CommandType='Text', CommandTimeout='60']
insert into "GeoCluster"("Priority", "Title", "IncludeVideoFromCountry",
                         "IncludeVideoWithLanguage", "ShowToUserFromCountry",
                         "ShowForUserWithLanguage")
values (2,
        'Americal',
        ARRAY['usa']::text[],
        ARRAY['eng']::text[],
        ARRAY['usa']::text[],
        ARRAY['eng']::text[])
returning *;
Information [20101]: Executed DbCommand (0ms) [Parameters=[], CommandType='Text', CommandTimeout='60']
insert into "GeoCluster"("Priority", "Title", "IncludeVideoFromCountry",
                         "IncludeVideoWithLanguage", "ShowToUserFromCountry",
                         "ShowForUserWithLanguage")
values (2,
        'Americal',
        ARRAY['usa']::text[],
        ARRAY['eng']::text[],
        ARRAY['usa']::text[],
        ARRAY['eng']::text[])
returning *;
Debug [10806]: Context 'TestReadWriteDbContext' started tracking 'GeoCluster' entity with key '{Id: 106}'.
Debug [20301]: Closing data reader to 'frevertest' on server 'tcp://postgres-frever-it:5432'.
Debug [20300]: A data reader for 'frevertest' on server 'tcp://postgres-frever-it:5432' is being disposed after spending 0ms reading results.
Debug [20103]: Creating DbCommand for 'ExecuteReader'.
Debug [20104]: Created DbCommand for 'ExecuteReader' (0ms).
Debug [20106]: Initialized DbCommand for 'ExecuteReader' (0ms).
Debug [20100]: Executing DbCommand [Parameters=[@__groupId_0='189830'], CommandType='Text', CommandTimeout='60']
SELECT g."IsBlocked", g."DeletedAt", g."IsTemporary"
FROM "Group" AS g
WHERE g."Id" = @__groupId_0
LIMIT 1
Information [20101]: Executed DbCommand (1ms) [Parameters=[@__groupId_0='189830'], CommandType='Text', CommandTimeout='60']
SELECT g."IsBlocked", g."DeletedAt", g."IsTemporary"
FROM "Group" AS g
WHERE g."Id" = @__groupId_0
LIMIT 1
Debug [20301]: Closing data reader to 'frevertest' on server 'tcp://postgres-frever-it:5432'.
Debug [20300]: A data reader for 'frevertest' on server 'tcp://postgres-frever-it:5432' is being disposed after spending 0ms reading results.
Debug [20103]: Creating DbCommand for 'ExecuteReader'.
Debug [20104]: Created DbCommand for 'ExecuteReader' (0ms).
Debug [20106]: Initialized DbCommand for 'ExecuteReader' (0ms).
Debug [20100]: Executing DbCommand [Parameters=[@__groupId_0='189830'], CommandType='Text', CommandTimeout='60']
SELECT r.id, r.created_at, r.name, r0.role_id, r0.access_scope, r0.created_at
FROM cms.role AS r
LEFT JOIN cms.role_access_scope AS r0 ON r.id = r0.role_id
WHERE EXISTS (
    SELECT 1
    FROM cms.user_role AS u
    WHERE u.group_id = @__groupId_0 AND u.role_id = r.id)
ORDER BY r.id, r0.role_id
Information [20101]: Executed DbCommand (1ms) [Parameters=[@__groupId_0='189830'], CommandType='Text', CommandTimeout='60']
SELECT r.id, r.created_at, r.name, r0.role_id, r0.access_scope, r0.created_at
FROM cms.role AS r
LEFT JOIN cms.role_access_scope AS r0 ON r.id = r0.role_id
WHERE EXISTS (
    SELECT 1
    FROM cms.user_role AS u
    WHERE u.group_id = @__groupId_0 AND u.role_id = r.id)
ORDER BY r.id, r0.role_id
Debug [20301]: Closing data reader to 'frevertest' on server 'tcp://postgres-frever-it:5432'.
Debug [20300]: A data reader for 'frevertest' on server 'tcp://postgres-frever-it:5432' is being disposed after spending 0ms reading results.
Debug [10111]: Compiling query expression: 
'DbSet&lt;SetLocation&gt;()
    .Where(a =&gt; a.GroupId == 1)
    .OrderBy(e =&gt; e.SortOrderByCategory)
    .ThenByDescending(e =&gt; e.Id)
    .Select(dtoSetLocation =&gt; new SetLocation{ 
        ReadinessId = dtoSetLocation.ReadinessId, 
        Readiness = dtoSetLocation.Readiness, 
        Id = dtoSetLocation.Id, 
        Name = dtoSetLocation.Name, 
        AllowPhoto = dtoSetLocation.AllowPhoto, 
        AllowVideo = dtoSetLocation.AllowVideo, 
        PhotoAutoPick = dtoSetLocation.PhotoAutoPick, 
        CategoryId = dtoSetLocation.SetLocationCategoryId, 
        SortOrderByCategory = dtoSetLocation.SortOrderByCategory, 
        Tags = dtoSetLocation.Tags, 
        AllowForNormalEditor = dtoSetLocation.AllowForNormalEditor, 
        AllowForVideoMessage = dtoSetLocation.AllowForVideoMessage, 
        SortOrderForVideoMessage = dtoSetLocation.SortOrderForVideoMessage, 
        Files = dtoSetLocation.Files
            .Convert(), 
        SetLocationBundle = dtoSetLocation.SetLocationBundle == null ? null : new SetLocationBundle{ 
            Id = dtoSetLocation.SetLocationBundle.Id, 
            Name = dtoSetLocation.SetLocationBundle.Name, 
            Files = dtoSetLocation.SetLocationBundle.Files
                .Convert() 
        }
        , 
        CharacterSpawnPosition = dtoSetLocation.SetLocationAndCharacterSpawnPosition
            .Select(a =&gt; a.CharacterSpawnPosition)
            .Select(dtoCharacterSpawnPosition =&gt; new CharacterSpawnPosition{ 
                Id = dtoCharacterSpawnPosition.Id, 
                Name = dtoCharacterSpawnPosition.Name, 
                SpawnPositionSpaceSizeId = dtoCharacterSpawnPosition.SpawnPositionSpaceSizeId, 
                UnityGuid = dtoCharacterSpawnPosition.UnityGuid, 
                IsDefault = dtoCharacterSpawnPosition.IsDefault, 
                Position = dtoCharacterSpawnPosition.Position, 
                Rotation = dtoCharacterSpawnPosition.Rotation, 
                MovementTypeId = dtoCharacterSpawnPosition.MovementTypeId, 
                AvailableForSelection = dtoCharacterSpawnPosition.AvailableForSelection, 
                SpawnPositionGroupId = dtoCharacterSpawnPosition.SpawnPositionGroupId, 
                SpawnOrderIndex = dtoCharacterSpawnPosition.SpawnOrderIndex, 
                DefaultBodyAnimationId = dtoCharacterSpawnPosition.DefaultBodyAnimationId, 
                Files = dtoCharacterSpawnPosition.Files
                    .Convert(), 
                LightSettings = dtoCharacterSpawnPosition.LightSettings
                    .Select(dtoLightSettings =&gt; new LightSettings{ 
                        Id = dtoLightSettings.Id, 
                        Color = dtoLightSettings.Color, 
                        Intensity = dtoLightSettings.Intensity, 
                        UnityGuid = dtoLightSettings.UnityGuid 
                    }
                    )
                    .ToList() 
            }
            )
            .ToList(), 
        CreatedTime = dtoSetLocation.CreatedTime, 
        IsExcludedFromLists = dtoSetLocation.IsExcludedFromLists, 
        RecommendSortOrder = dtoSetLocation.RecommendSortOrder, 
        PublicationDate = dtoSetLocation.PublicationDate, 
        DepublicationDate = dtoSetLocation.DepublicationDate 
    }
    )'
Warning [20504]: Compiling a query which loads related collections for more than one collection navigation, either via 'Include' or through projection, but no 'QuerySplittingBehavior' has been configured. By default, Entity Framework will use 'QuerySplittingBehavior.SingleQuery', which can potentially result in slow query performance. See https://go.microsoft.com/fwlink/?linkid=2134277 for more information. To identify the query that's triggering this warning call 'ConfigureWarnings(w =&gt; w.Throw(RelationalEventId.MultipleCollectionIncludeWarning))'.
Debug [10107]: Generated query execution expression: 
'queryContext =&gt; new SingleQueryingEnumerable&lt;SetLocation&gt;(
    (RelationalQueryContext)queryContext, 
    RelationalCommandCache.QueryExpression(
        Client Projections:
            0 -&gt; 0
            1 -&gt; Dictionary&lt;IProperty, int&gt; { [Property: Readiness.Id (long) Required PK AfterSave:Throw ValueGenerated.OnAdd, 1], [Property: Readiness.Name (string) Required Index, 2] }
            2 -&gt; 3
            3 -&gt; 4
            4 -&gt; 5
            5 -&gt; 6
            6 -&gt; 7
            7 -&gt; 8
            8 -&gt; 9
            9 -&gt; 10
            10 -&gt; 11
            11 -&gt; 12
            12 -&gt; 13
            13 -&gt; 14
            14 -&gt; 15
            15 -&gt; 16
            16 -&gt; 17
            17 -&gt; 18
            18 -&gt; 1
            19 -&gt; 19
            20 -&gt; 20
            21 -&gt; 21
            22 -&gt; 22
            23 -&gt; 23
            24 -&gt; 24
            25 -&gt; 25
            26 -&gt; 26
            27 -&gt; 27
            28 -&gt; 28
            29 -&gt; 29
            30 -&gt; 30
            31 -&gt; 31
            32 -&gt; 32
            33 -&gt; 33
            34 -&gt; 34
            35 -&gt; 35
            36 -&gt; 36
            37 -&gt; 37
            38 -&gt; 38
            39 -&gt; 39
            40 -&gt; 40
            41 -&gt; 41
            42 -&gt; 42
        SELECT s.ReadinessId, r.Id, r.Name, s.Id, s.Name, s.AllowPhoto, s.AllowVideo, s.PhotoAutoPick, s.SetLocationCategoryId, s.SortOrderByCategory, s.Tags, s.AllowForNormalEditor, s.AllowForVideoMessage, s.SortOrderForVideoMessage, s.FilesInfo, s0.Id == NULL, s0.Id, s0.Name, s0.FilesInfo, t.Id, t.Name, t.SpawnPositionSpaceSizeId, t.UnityGuid, t.IsDefault, t.Position, t.Rotation, t.MovementTypeId, t.AvailableForSelection, t.SpawnPositionGroupId, t.SpawnOrderIndex, t.DefaultBodyAnimationId, t.FilesInfo, t.CharacterSpawnPositionId, t.SetLocationId, t.Id0, t.Color, t.Intensity, t.UnityGuid0, s.CreatedTime, s.IsExcludedFromLists, s.RecommendSortOrder, s.PublicationDate, s.DepublicationDate
        FROM SetLocation AS s
        INNER JOIN Readiness AS r ON s.ReadinessId == r.Id
        INNER JOIN SetLocationBundle AS s0 ON s.SetLocationBundleId == s0.Id
        LEFT JOIN 
        (
            SELECT c.Id, c.Name, c.SpawnPositionSpaceSizeId, c.UnityGuid, c.IsDefault, c.Position, c.Rotation, c.MovementTypeId, c.AvailableForSelection, c.SpawnPositionGroupId, c.SpawnOrderIndex, c.DefaultBodyAnimationId, c.FilesInfo, s1.CharacterSpawnPositionId, s1.SetLocationId, l.Id AS Id0, l.Color, l.Intensity, l.UnityGuid AS UnityGuid0
            FROM SetLocationAndCharacterSpawnPosition AS s1
            INNER JOIN CharacterSpawnPosition AS c ON s1.CharacterSpawnPositionId == c.Id
            LEFT JOIN LightSettings AS l ON c.Id == l.CharacterSpawnPositionId
        ) AS t ON s.Id == t.SetLocationId
        WHERE s.GroupId == 1
        ORDER BY s.SortOrderByCategory ASC, s.Id DESC, r.Id ASC, s0.Id ASC, t.CharacterSpawnPositionId ASC, t.SetLocationId ASC, t.Id ASC), 
    null, 
    Func&lt;QueryContext, DbDataReader, ResultContext, SingleQueryResultCoordinator, SetLocation&gt;, 
    Frever.Common.IntegrationTesting.TestReadWriteDbContext, 
    False, 
    False, 
    True
)'
Debug [20103]: Creating DbCommand for 'ExecuteReader'.
Debug [20104]: Created DbCommand for 'ExecuteReader' (0ms).
Debug [20106]: Initialized DbCommand for 'ExecuteReader' (0ms).
Debug [20100]: Executing DbCommand [Parameters=[], CommandType='Text', CommandTimeout='60']
SELECT s."ReadinessId", r."Id", r."Name", s."Id", s."Name", s."AllowPhoto", s."AllowVideo", s."PhotoAutoPick", s."SetLocationCategoryId", s."SortOrderByCategory", s."Tags", s."AllowForNormalEditor", s."AllowForVideoMessage", s."SortOrderForVideoMessage", s."FilesInfo", FALSE, s0."Id", s0."Name", s0."FilesInfo", t."Id", t."Name", t."SpawnPositionSpaceSizeId", t."UnityGuid", t."IsDefault", t."Position", t."Rotation", t."MovementTypeId", t."AvailableForSelection", t."SpawnPositionGroupId", t."SpawnOrderIndex", t."DefaultBodyAnimationId", t."FilesInfo", t."CharacterSpawnPositionId", t."SetLocationId", t."Id0", t."Color", t."Intensity", t."UnityGuid0", s."CreatedTime", s."IsExcludedFromLists", s."RecommendSortOrder", s."PublicationDate", s."DepublicationDate"
FROM "SetLocation" AS s
INNER JOIN "Readiness" AS r ON s."ReadinessId" = r."Id"
INNER JOIN "SetLocationBundle" AS s0 ON s."SetLocationBundleId" = s0."Id"
LEFT JOIN (
    SELECT c."Id", c."Name", c."SpawnPositionSpaceSizeId", c."UnityGuid", c."IsDefault", c."Position", c."Rotation", c."MovementTypeId", c."AvailableForSelection", c."SpawnPositionGroupId", c."SpawnOrderIndex", c."DefaultBodyAnimationId", c."FilesInfo", s1."CharacterSpawnPositionId", s1."SetLocationId", l."Id" AS "Id0", l."Color", l."Intensity", l."UnityGuid" AS "UnityGuid0"
    FROM "SetLocationAndCharacterSpawnPosition" AS s1
    INNER JOIN "CharacterSpawnPosition" AS c ON s1."CharacterSpawnPositionId" = c."Id"
    LEFT JOIN "LightSettings" AS l ON c."Id" = l."CharacterSpawnPositionId"
) AS t ON s."Id" = t."SetLocationId"
WHERE s."GroupId" = 1
ORDER BY s."SortOrderByCategory", s."Id" DESC, r."Id", s0."Id", t."CharacterSpawnPositionId", t."SetLocationId", t."Id"
Information [20101]: Executed DbCommand (525ms) [Parameters=[], CommandType='Text', CommandTimeout='60']
SELECT s."ReadinessId", r."Id", r."Name", s."Id", s."Name", s."AllowPhoto", s."AllowVideo", s."PhotoAutoPick", s."SetLocationCategoryId", s."SortOrderByCategory", s."Tags", s."AllowForNormalEditor", s."AllowForVideoMessage", s."SortOrderForVideoMessage", s."FilesInfo", FALSE, s0."Id", s0."Name", s0."FilesInfo", t."Id", t."Name", t."SpawnPositionSpaceSizeId", t."UnityGuid", t."IsDefault", t."Position", t."Rotation", t."MovementTypeId", t."AvailableForSelection", t."SpawnPositionGroupId", t."SpawnOrderIndex", t."DefaultBodyAnimationId", t."FilesInfo", t."CharacterSpawnPositionId", t."SetLocationId", t."Id0", t."Color", t."Intensity", t."UnityGuid0", s."CreatedTime", s."IsExcludedFromLists", s."RecommendSortOrder", s."PublicationDate", s."DepublicationDate"
FROM "SetLocation" AS s
INNER JOIN "Readiness" AS r ON s."ReadinessId" = r."Id"
INNER JOIN "SetLocationBundle" AS s0 ON s."SetLocationBundleId" = s0."Id"
LEFT JOIN (
    SELECT c."Id", c."Name", c."SpawnPositionSpaceSizeId", c."UnityGuid", c."IsDefault", c."Position", c."Rotation", c."MovementTypeId", c."AvailableForSelection", c."SpawnPositionGroupId", c."SpawnOrderIndex", c."DefaultBodyAnimationId", c."FilesInfo", s1."CharacterSpawnPositionId", s1."SetLocationId", l."Id" AS "Id0", l."Color", l."Intensity", l."UnityGuid" AS "UnityGuid0"
    FROM "SetLocationAndCharacterSpawnPosition" AS s1
    INNER JOIN "CharacterSpawnPosition" AS c ON s1."CharacterSpawnPositionId" = c."Id"
    LEFT JOIN "LightSettings" AS l ON c."Id" = l."CharacterSpawnPositionId"
) AS t ON s."Id" = t."SetLocationId"
WHERE s."GroupId" = 1
ORDER BY s."SortOrderByCategory", s."Id" DESC, r."Id", s0."Id", t."CharacterSpawnPositionId", t."SetLocationId", t."Id"
Debug [10806]: Context 'TestReadWriteDbContext' started tracking 'Readiness' entity with key '{Id: 2}'.
Debug [10806]: Context 'TestReadWriteDbContext' started tracking 'Readiness' entity with key '{Id: 12}'.
Debug [10806]: Context 'TestReadWriteDbContext' started tracking 'Readiness' entity with key '{Id: 19}'.
Debug [10806]: Context 'TestReadWriteDbContext' started tracking 'Readiness' entity with key '{Id: 18}'.
Debug [10806]: Context 'TestReadWriteDbContext' started tracking 'Readiness' entity with key '{Id: 1}'.
Debug [10806]: Context 'TestReadWriteDbContext' started tracking 'Readiness' entity with key '{Id: 3}'.
Debug [10806]: Context 'TestReadWriteDbContext' started tracking 'Readiness' entity with key '{Id: 15}'.
Debug [10806]: Context 'TestReadWriteDbContext' started tracking 'Readiness' entity with key '{Id: 14}'.
Debug [10806]: Context 'TestReadWriteDbContext' started tracking 'Readiness' entity with key '{Id: 11}'.
Debug [10806]: Context 'TestReadWriteDbContext' started tracking 'Readiness' entity with key '{Id: 5}'.
Debug [20301]: Closing data reader to 'frevertest' on server 'tcp://postgres-frever-it:5432'.
Debug [20300]: A data reader for 'frevertest' on server 'tcp://postgres-frever-it:5432' is being disposed after spending 701ms reading results.
Debug [10111]: Compiling query expression: 
'DbSet&lt;AssetOfferAsset&gt;()
    .Where(e =&gt; e.IsActive &amp;&amp; (int)e.AssetType == (int)__assetType_0)
    .Select(e =&gt; new AssetOfferInfo{ 
        Id = e.AssetOfferId, 
        AssetId = e.AssetId, 
        AssetOfferTitle = e.AssetOffer.Title, 
        AssetOfferSoftCurrencyPrice = e.AssetOffer.SoftCurrencyPrice, 
        AssetOfferHardCurrencyPrice = e.AssetOffer.HardCurrencyPrice 
    }
    )
    .Where(e =&gt; __ids_1
        .Contains(e.AssetId))'
Debug [10107]: Generated query execution expression: 
'queryContext =&gt; new SingleQueryingEnumerable&lt;AssetOfferInfo&gt;(
    (RelationalQueryContext)queryContext, 
    RelationalCommandCache.QueryExpression(
        Projection Mapping:
            Id -&gt; 0
            AssetId -&gt; 1
            AssetOfferTitle -&gt; 2
            AssetOfferSoftCurrencyPrice -&gt; 3
            AssetOfferHardCurrencyPrice -&gt; 4
        SELECT a.AssetOfferId AS Id, a.AssetId, a0.Title AS AssetOfferTitle, a0.SoftCurrencyPrice AS AssetOfferSoftCurrencyPrice, a0.HardCurrencyPrice AS AssetOfferHardCurrencyPrice
        FROM AssetOfferAsset AS a
        INNER JOIN AssetOffer AS a0 ON a.AssetOfferId == a0.Id
        WHERE (a.IsActive &amp;&amp; (a.AssetType == @__assetType_0)) &amp;&amp; a.AssetId = ANY(@__ids_1)), 
    null, 
    Func&lt;QueryContext, DbDataReader, ResultContext, SingleQueryResultCoordinator, AssetOfferInfo&gt;, 
    Frever.Common.IntegrationTesting.TestReadWriteDbContext, 
    False, 
    False, 
    True
)'
Debug [20103]: Creating DbCommand for 'ExecuteReader'.
Debug [20104]: Created DbCommand for 'ExecuteReader' (0ms).
Debug [20106]: Initialized DbCommand for 'ExecuteReader' (1ms).
Debug [20100]: Executing DbCommand [Parameters=[@__assetType_0='SetLocation' (DbType = Object), @__ids_1={ '768', '749', '1269', '1268', '1267', ... } (DbType = Object)], CommandType='Text', CommandTimeout='60']
SELECT a."AssetOfferId" AS "Id", a."AssetId", a0."Title" AS "AssetOfferTitle", a0."SoftCurrencyPrice" AS "AssetOfferSoftCurrencyPrice", a0."HardCurrencyPrice" AS "AssetOfferHardCurrencyPrice"
FROM "AssetOfferAsset" AS a
INNER JOIN "AssetOffer" AS a0 ON a."AssetOfferId" = a0."Id"
WHERE a."IsActive" AND a."AssetType" = @__assetType_0 AND a."AssetId" = ANY (@__ids_1)
Information [20101]: Executed DbCommand (9ms) [Parameters=[@__assetType_0='SetLocation' (DbType = Object), @__ids_1={ '768', '749', '1269', '1268', '1267', ... } (DbType = Object)], CommandType='Text', CommandTimeout='60']
SELECT a."AssetOfferId" AS "Id", a."AssetId", a0."Title" AS "AssetOfferTitle", a0."SoftCurrencyPrice" AS "AssetOfferSoftCurrencyPrice", a0."HardCurrencyPrice" AS "AssetOfferHardCurrencyPrice"
FROM "AssetOfferAsset" AS a
INNER JOIN "AssetOffer" AS a0 ON a."AssetOfferId" = a0."Id"
WHERE a."IsActive" AND a."AssetType" = @__assetType_0 AND a."AssetId" = ANY (@__ids_1)
Debug [20301]: Closing data reader to 'frevertest' on server 'tcp://postgres-frever-it:5432'.
Debug [20300]: A data reader for 'frevertest' on server 'tcp://postgres-frever-it:5432' is being disposed after spending 0ms reading results.
Debug [10111]: Compiling query expression: 
'DbSet&lt;InAppProductDetails&gt;()
    .Where(d =&gt; d.AssetId != null &amp;&amp; d.AssetType != null)
    .Where(d =&gt; (int?)d.AssetType == (int?)__assetType_0)
    .Select(d =&gt; d.AssetId.Value)
    .Where(purchaseAssetId =&gt; __ids_1
        .Contains(purchaseAssetId))'
Debug [10107]: Generated query execution expression: 
'queryContext =&gt; new SingleQueryingEnumerable&lt;long&gt;(
    (RelationalQueryContext)queryContext, 
    RelationalCommandCache.QueryExpression(
        Projection Mapping:
            EmptyProjectionMember -&gt; 0
        SELECT i.AssetId
        FROM InAppProductDetails AS i
        WHERE (((i.AssetId != NULL) &amp;&amp; (i.AssetType != NULL)) &amp;&amp; (i.AssetType == @__assetType_0)) &amp;&amp; i.AssetId = ANY(@__ids_1)), 
    null, 
    Func&lt;QueryContext, DbDataReader, ResultContext, SingleQueryResultCoordinator, long&gt;, 
    Frever.Common.IntegrationTesting.TestReadWriteDbContext, 
    False, 
    False, 
    True
)'
Debug [20103]: Creating DbCommand for 'ExecuteReader'.
Debug [20104]: Created DbCommand for 'ExecuteReader' (0ms).
Debug [20106]: Initialized DbCommand for 'ExecuteReader' (0ms).
Debug [20100]: Executing DbCommand [Parameters=[@__assetType_0='SetLocation' (DbType = Object), @__ids_1={ '768', '749', '1269', '1268', '1267', ... } (DbType = Object)], CommandType='Text', CommandTimeout='60']
SELECT i."AssetId"
FROM "InAppProductDetails" AS i
WHERE i."AssetId" IS NOT NULL AND i."AssetType" IS NOT NULL AND i."AssetType" = @__assetType_0 AND i."AssetId" = ANY (@__ids_1)
Information [20101]: Executed DbCommand (1ms) [Parameters=[@__assetType_0='SetLocation' (DbType = Object), @__ids_1={ '768', '749', '1269', '1268', '1267', ... } (DbType = Object)], CommandType='Text', CommandTimeout='60']
SELECT i."AssetId"
FROM "InAppProductDetails" AS i
WHERE i."AssetId" IS NOT NULL AND i."AssetType" IS NOT NULL AND i."AssetType" = @__assetType_0 AND i."AssetId" = ANY (@__ids_1)
Debug [20301]: Closing data reader to 'frevertest' on server 'tcp://postgres-frever-it:5432'.
Debug [20300]: A data reader for 'frevertest' on server 'tcp://postgres-frever-it:5432' is being disposed after spending 0ms reading results.
Debug [10111]: Compiling query expression: 
'DbSet&lt;SeasonReward&gt;()
    .Where(e =&gt; __ids_0
        .Contains(e.AssetId.Value))
    .Where(e =&gt; (int?)e.AssetType == (int?)SetLocation &amp;&amp; e.IsEnabled)
    .Select(e =&gt; e.AssetId.Value)
    .Distinct()'
Debug [10107]: Generated query execution expression: 
'queryContext =&gt; new SingleQueryingEnumerable&lt;long&gt;(
    (RelationalQueryContext)queryContext, 
    RelationalCommandCache.QueryExpression(
        Projection Mapping:
            EmptyProjectionMember -&gt; 0
        SELECT DISTINCT s.AssetId
        FROM SeasonReward AS s
        WHERE s.AssetId = ANY(@__ids_0) &amp;&amp; ((s.AssetType == 'SetLocation'::"AssetStoreAssetType") &amp;&amp; s.IsEnabled)), 
    null, 
    Func&lt;QueryContext, DbDataReader, ResultContext, SingleQueryResultCoordinator, long&gt;, 
    Frever.Common.IntegrationTesting.TestReadWriteDbContext, 
    False, 
    False, 
    True
)'
Debug [20103]: Creating DbCommand for 'ExecuteReader'.
Debug [20104]: Created DbCommand for 'ExecuteReader' (0ms).
Debug [20106]: Initialized DbCommand for 'ExecuteReader' (0ms).
Debug [20100]: Executing DbCommand [Parameters=[@__ids_0={ '768', '749', '1269', '1268', '1267', ... } (DbType = Object)], CommandType='Text', CommandTimeout='60']
SELECT DISTINCT s."AssetId"
FROM "SeasonReward" AS s
WHERE (s."AssetId" = ANY (@__ids_0) OR (s."AssetId" IS NULL AND array_position(@__ids_0, NULL) IS NOT NULL)) AND s."AssetType" = 'SetLocation'::"AssetStoreAssetType" AND s."IsEnabled"
Information [20101]: Executed DbCommand (2ms) [Parameters=[@__ids_0={ '768', '749', '1269', '1268', '1267', ... } (DbType = Object)], CommandType='Text', CommandTimeout='60']
SELECT DISTINCT s."AssetId"
FROM "SeasonReward" AS s
WHERE (s."AssetId" = ANY (@__ids_0) OR (s."AssetId" IS NULL AND array_position(@__ids_0, NULL) IS NOT NULL)) AND s."AssetType" = 'SetLocation'::"AssetStoreAssetType" AND s."IsEnabled"
Debug [20301]: Closing data reader to 'frevertest' on server 'tcp://postgres-frever-it:5432'.
Debug [20300]: A data reader for 'frevertest' on server 'tcp://postgres-frever-it:5432' is being disposed after spending 0ms reading results.
Debug [10111]: Compiling query expression: 
'DbSet&lt;Level&gt;()
    .Where(e =&gt; e.IsForVideoMessage &amp;&amp; !(e.IsDeleted))
    .SelectMany(e =&gt; e.Event)
    .SelectMany(e =&gt; e.SetLocationController)
    .Select(e =&gt; e.SetLocationId)
    .Distinct()'
Debug [10107]: Generated query execution expression: 
'queryContext =&gt; new SingleQueryingEnumerable&lt;long&gt;(
    (RelationalQueryContext)queryContext, 
    RelationalCommandCache.QueryExpression(
        Projection Mapping:
            EmptyProjectionMember -&gt; 0
        SELECT DISTINCT s.SetLocationId
        FROM Level AS l
        INNER JOIN Event AS e ON l.Id == e.LevelId
        INNER JOIN SetLocationController AS s ON e.Id == s.EventId
        WHERE l.IsForVideoMessage &amp;&amp; Not(l.IsDeleted)), 
    null, 
    Func&lt;QueryContext, DbDataReader, ResultContext, SingleQueryResultCoordinator, long&gt;, 
    Frever.Common.IntegrationTesting.TestReadWriteDbContext, 
    False, 
    False, 
    True
)'
Debug [20103]: Creating DbCommand for 'ExecuteReader'.
Debug [20104]: Created DbCommand for 'ExecuteReader' (0ms).
Debug [20106]: Initialized DbCommand for 'ExecuteReader' (0ms).
Debug [20100]: Executing DbCommand [Parameters=[], CommandType='Text', CommandTimeout='60']
SELECT DISTINCT s."SetLocationId"
FROM "Level" AS l
INNER JOIN "Event" AS e ON l."Id" = e."LevelId"
INNER JOIN "SetLocationController" AS s ON e."Id" = s."EventId"
WHERE l."IsForVideoMessage" AND NOT (l."IsDeleted")
Information [20101]: Executed DbCommand (1ms) [Parameters=[], CommandType='Text', CommandTimeout='60']
SELECT DISTINCT s."SetLocationId"
FROM "Level" AS l
INNER JOIN "Event" AS e ON l."Id" = e."LevelId"
INNER JOIN "SetLocationController" AS s ON e."Id" = s."EventId"
WHERE l."IsForVideoMessage" AND NOT (l."IsDeleted")
Debug [20301]: Closing data reader to 'frevertest' on server 'tcp://postgres-frever-it:5432'.
Debug [20300]: A data reader for 'frevertest' on server 'tcp://postgres-frever-it:5432' is being disposed after spending 0ms reading results.
Debug [10111]: Compiling query expression: 
'DbSet&lt;MovementType&gt;()'
Debug [10107]: Generated query execution expression: 
'queryContext =&gt; new SingleQueryingEnumerable&lt;MovementType&gt;(
    (RelationalQueryContext)queryContext, 
    RelationalCommandCache.QueryExpression(
        Projection Mapping:
            EmptyProjectionMember -&gt; Dictionary&lt;IProperty, int&gt; { [Property: MovementType.Id (long) Required PK AfterSave:Throw ValueGenerated.OnAdd, 0], [Property: MovementType.AllowUsingSubSpawnPositions (bool) Required, 1], [Property: MovementType.AutoSetOnAssetManager (bool) Required, 2], [Property: MovementType.AvailableForShuffling (bool) Required, 3], [Property: MovementType.DefaultBodyAnimationId (long?), 4], [Property: MovementType.DefaultForNonRemastered (bool) Required, 5], [Property: MovementType.DependsOnCharacterHeelsHeight (bool) Required, 6], [Property: MovementType.Files (List&lt;FileInfo&gt;), 7], [Property: MovementType.Name (string) Required, 8], [Property: MovementType.SortOrder (int) Required, 9], [Property: MovementType.SupportFormation (bool) Required, 10] }
        SELECT m.Id, m.AllowUsingSubSpawnPositions, m.AutoSetOnAssetManager, m.AvailableForShuffling, m.DefaultBodyAnimationId, m.DefaultForNonRemastered, m.DependsOnCharacterHeelsHeight, m.FilesInfo, m.Name, m.SortOrder, m.SupportFormation
        FROM MovementType AS m), 
    null, 
    Func&lt;QueryContext, DbDataReader, ResultContext, SingleQueryResultCoordinator, MovementType&gt;, 
    Frever.Common.IntegrationTesting.TestReadWriteDbContext, 
    False, 
    False, 
    True
)'
Debug [20103]: Creating DbCommand for 'ExecuteReader'.
Debug [20104]: Created DbCommand for 'ExecuteReader' (0ms).
Debug [20106]: Initialized DbCommand for 'ExecuteReader' (0ms).
Debug [20100]: Executing DbCommand [Parameters=[], CommandType='Text', CommandTimeout='60']
SELECT m."Id", m."AllowUsingSubSpawnPositions", m."AutoSetOnAssetManager", m."AvailableForShuffling", m."DefaultBodyAnimationId", m."DefaultForNonRemastered", m."DependsOnCharacterHeelsHeight", m."FilesInfo", m."Name", m."SortOrder", m."SupportFormation"
FROM "MovementType" AS m
Information [20101]: Executed DbCommand (1ms) [Parameters=[], CommandType='Text', CommandTimeout='60']
SELECT m."Id", m."AllowUsingSubSpawnPositions", m."AutoSetOnAssetManager", m."AvailableForShuffling", m."DefaultBodyAnimationId", m."DefaultForNonRemastered", m."DependsOnCharacterHeelsHeight", m."FilesInfo", m."Name", m."SortOrder", m."SupportFormation"
FROM "MovementType" AS m
Debug [10806]: Context 'TestReadWriteDbContext' started tracking 'MovementType' entity with key '{Id: 18}'.
Debug [10806]: Context 'TestReadWriteDbContext' started tracking 'MovementType' entity with key '{Id: 16}'.
Debug [10806]: Context 'TestReadWriteDbContext' started tracking 'MovementType' entity with key '{Id: 17}'.
Debug [10806]: Context 'TestReadWriteDbContext' started tracking 'MovementType' entity with key '{Id: 14}'.
Debug [10806]: Context 'TestReadWriteDbContext' started tracking 'MovementType' entity with key '{Id: 15}'.
Debug [10806]: Context 'TestReadWriteDbContext' started tracking 'MovementType' entity with key '{Id: 12}'.
Debug [10806]: Context 'TestReadWriteDbContext' started tracking 'MovementType' entity with key '{Id: 13}'.
Debug [10806]: Context 'TestReadWriteDbContext' started tracking 'MovementType' entity with key '{Id: 10}'.
Debug [10806]: Context 'TestReadWriteDbContext' started tracking 'MovementType' entity with key '{Id: 11}'.
Debug [10806]: Context 'TestReadWriteDbContext' started tracking 'MovementType' entity with key '{Id: 8}'.
Debug [10806]: Context 'TestReadWriteDbContext' started tracking 'MovementType' entity with key '{Id: 9}'.
Debug [10806]: Context 'TestReadWriteDbContext' started tracking 'MovementType' entity with key '{Id: 6}'.
Debug [10806]: Context 'TestReadWriteDbContext' started tracking 'MovementType' entity with key '{Id: 7}'.
Debug [10806]: Context 'TestReadWriteDbContext' started tracking 'MovementType' entity with key '{Id: 4}'.
Debug [10806]: Context 'TestReadWriteDbContext' started tracking 'MovementType' entity with key '{Id: 5}'.
Debug [10806]: Context 'TestReadWriteDbContext' started tracking 'MovementType' entity with key '{Id: 2}'.
Debug [10806]: Context 'TestReadWriteDbContext' started tracking 'MovementType' entity with key '{Id: 1}'.
Debug [10806]: Context 'TestReadWriteDbContext' started tracking 'MovementType' entity with key '{Id: 3}'.
Debug [10806]: Context 'TestReadWriteDbContext' started tracking 'MovementType' entity with key '{Id: 20}'.
Debug [20301]: Closing data reader to 'frevertest' on server 'tcp://postgres-frever-it:5432'.
Debug [20300]: A data reader for 'frevertest' on server 'tcp://postgres-frever-it:5432' is being disposed after spending 9ms reading results.
Debug [20103]: Creating DbCommand for 'ExecuteNonQuery'.
Debug [20104]: Created DbCommand for 'ExecuteNonQuery' (0ms).
Debug [20106]: Initialized DbCommand for 'ExecuteNonQuery' (0ms).
Debug [20100]: Executing DbCommand [Parameters=[], CommandType='Text', CommandTimeout='60']
update "SetLocation"
set "IsExcludedFromLists" = true
where "Id" = ANY (ARRAY[443,831,1027,672,931,423,475,735,321,734,835,1042,346,944,854,325,616,1219,355,903,684,736,862,799,420,274,1206,218,1020,1257,1111,907,979,1056,358,1028,483,524,1255,985,633,378,1166,742,402,1035,1091,1021,1075,807,360,1047,577,1004,830,668,202,448,500,793,1011,1059,700,794,1161,1122,929,269,1129,845,759,496,429,1104,789,675,947,938,840,626,1003,963,1063,946,916,194,997,842,1088,798,201,941,1136,1052,506,949,816,318,227,1025]::bigint[]);
Information [20101]: Executed DbCommand (7ms) [Parameters=[], CommandType='Text', CommandTimeout='60']
update "SetLocation"
set "IsExcludedFromLists" = true
where "Id" = ANY (ARRAY[443,831,1027,672,931,423,475,735,321,734,835,1042,346,944,854,325,616,1219,355,903,684,736,862,799,420,274,1206,218,1020,1257,1111,907,979,1056,358,1028,483,524,1255,985,633,378,1166,742,402,1035,1091,1021,1075,807,360,1047,577,1004,830,668,202,448,500,793,1011,1059,700,794,1161,1122,929,269,1129,845,759,496,429,1104,789,675,947,938,840,626,1003,963,1063,946,916,194,997,842,1088,798,201,941,1136,1052,506,949,816,318,227,1025]::bigint[]);
Debug [20103]: Creating DbCommand for 'ExecuteReader'.
Debug [20104]: Created DbCommand for 'ExecuteReader' (0ms).
Debug [20106]: Initialized DbCommand for 'ExecuteReader' (0ms).
Debug [20100]: Executing DbCommand [Parameters=[@__groupId_0='189830'], CommandType='Text', CommandTimeout='60']
SELECT g."IsBlocked", g."DeletedAt", g."IsTemporary"
FROM "Group" AS g
WHERE g."Id" = @__groupId_0
LIMIT 1
Information [20101]: Executed DbCommand (0ms) [Parameters=[@__groupId_0='189830'], CommandType='Text', CommandTimeout='60']
SELECT g."IsBlocked", g."DeletedAt", g."IsTemporary"
FROM "Group" AS g
WHERE g."Id" = @__groupId_0
LIMIT 1
Debug [20301]: Closing data reader to 'frevertest' on server 'tcp://postgres-frever-it:5432'.
Debug [20300]: A data reader for 'frevertest' on server 'tcp://postgres-frever-it:5432' is being disposed after spending 0ms reading results.
Debug [20103]: Creating DbCommand for 'ExecuteReader'.
Debug [20104]: Created DbCommand for 'ExecuteReader' (0ms).
Debug [20106]: Initialized DbCommand for 'ExecuteReader' (0ms).
Debug [20100]: Executing DbCommand [Parameters=[@__groupId_0='189830'], CommandType='Text', CommandTimeout='60']
SELECT r.id, r.created_at, r.name, r0.role_id, r0.access_scope, r0.created_at
FROM cms.role AS r
LEFT JOIN cms.role_access_scope AS r0 ON r.id = r0.role_id
WHERE EXISTS (
    SELECT 1
    FROM cms.user_role AS u
    WHERE u.group_id = @__groupId_0 AND u.role_id = r.id)
ORDER BY r.id, r0.role_id
Information [20101]: Executed DbCommand (0ms) [Parameters=[@__groupId_0='189830'], CommandType='Text', CommandTimeout='60']
SELECT r.id, r.created_at, r.name, r0.role_id, r0.access_scope, r0.created_at
FROM cms.role AS r
LEFT JOIN cms.role_access_scope AS r0 ON r.id = r0.role_id
WHERE EXISTS (
    SELECT 1
    FROM cms.user_role AS u
    WHERE u.group_id = @__groupId_0 AND u.role_id = r.id)
ORDER BY r.id, r0.role_id
Debug [20301]: Closing data reader to 'frevertest' on server 'tcp://postgres-frever-it:5432'.
Debug [20300]: A data reader for 'frevertest' on server 'tcp://postgres-frever-it:5432' is being disposed after spending 0ms reading results.
Debug [20103]: Creating DbCommand for 'ExecuteReader'.
Debug [20104]: Created DbCommand for 'ExecuteReader' (0ms).
Debug [20106]: Initialized DbCommand for 'ExecuteReader' (0ms).
Debug [20100]: Executing DbCommand [Parameters=[], CommandType='Text', CommandTimeout='60']
SELECT s."ReadinessId", r."Id", r."Name", s."Id", s."Name", s."AllowPhoto", s."AllowVideo", s."PhotoAutoPick", s."SetLocationCategoryId", s."SortOrderByCategory", s."Tags", s."AllowForNormalEditor", s."AllowForVideoMessage", s."SortOrderForVideoMessage", s."FilesInfo", FALSE, s0."Id", s0."Name", s0."FilesInfo", t."Id", t."Name", t."SpawnPositionSpaceSizeId", t."UnityGuid", t."IsDefault", t."Position", t."Rotation", t."MovementTypeId", t."AvailableForSelection", t."SpawnPositionGroupId", t."SpawnOrderIndex", t."DefaultBodyAnimationId", t."FilesInfo", t."CharacterSpawnPositionId", t."SetLocationId", t."Id0", t."Color", t."Intensity", t."UnityGuid0", s."CreatedTime", s."IsExcludedFromLists", s."RecommendSortOrder", s."PublicationDate", s."DepublicationDate"
FROM "SetLocation" AS s
INNER JOIN "Readiness" AS r ON s."ReadinessId" = r."Id"
INNER JOIN "SetLocationBundle" AS s0 ON s."SetLocationBundleId" = s0."Id"
LEFT JOIN (
    SELECT c."Id", c."Name", c."SpawnPositionSpaceSizeId", c."UnityGuid", c."IsDefault", c."Position", c."Rotation", c."MovementTypeId", c."AvailableForSelection", c."SpawnPositionGroupId", c."SpawnOrderIndex", c."DefaultBodyAnimationId", c."FilesInfo", s1."CharacterSpawnPositionId", s1."SetLocationId", l."Id" AS "Id0", l."Color", l."Intensity", l."UnityGuid" AS "UnityGuid0"
    FROM "SetLocationAndCharacterSpawnPosition" AS s1
    INNER JOIN "CharacterSpawnPosition" AS c ON s1."CharacterSpawnPositionId" = c."Id"
    LEFT JOIN "LightSettings" AS l ON c."Id" = l."CharacterSpawnPositionId"
) AS t ON s."Id" = t."SetLocationId"
WHERE s."GroupId" = 1
ORDER BY s."SortOrderByCategory", s."Id" DESC, r."Id", s0."Id", t."CharacterSpawnPositionId", t."SetLocationId", t."Id"
Information [20101]: Executed DbCommand (486ms) [Parameters=[], CommandType='Text', CommandTimeout='60']
SELECT s."ReadinessId", r."Id", r."Name", s."Id", s."Name", s."AllowPhoto", s."AllowVideo", s."PhotoAutoPick", s."SetLocationCategoryId", s."SortOrderByCategory", s."Tags", s."AllowForNormalEditor", s."AllowForVideoMessage", s."SortOrderForVideoMessage", s."FilesInfo", FALSE, s0."Id", s0."Name", s0."FilesInfo", t."Id", t."Name", t."SpawnPositionSpaceSizeId", t."UnityGuid", t."IsDefault", t."Position", t."Rotation", t."MovementTypeId", t."AvailableForSelection", t."SpawnPositionGroupId", t."SpawnOrderIndex", t."DefaultBodyAnimationId", t."FilesInfo", t."CharacterSpawnPositionId", t."SetLocationId", t."Id0", t."Color", t."Intensity", t."UnityGuid0", s."CreatedTime", s."IsExcludedFromLists", s."RecommendSortOrder", s."PublicationDate", s."DepublicationDate"
FROM "SetLocation" AS s
INNER JOIN "Readiness" AS r ON s."ReadinessId" = r."Id"
INNER JOIN "SetLocationBundle" AS s0 ON s."SetLocationBundleId" = s0."Id"
LEFT JOIN (
    SELECT c."Id", c."Name", c."SpawnPositionSpaceSizeId", c."UnityGuid", c."IsDefault", c."Position", c."Rotation", c."MovementTypeId", c."AvailableForSelection", c."SpawnPositionGroupId", c."SpawnOrderIndex", c."DefaultBodyAnimationId", c."FilesInfo", s1."CharacterSpawnPositionId", s1."SetLocationId", l."Id" AS "Id0", l."Color", l."Intensity", l."UnityGuid" AS "UnityGuid0"
    FROM "SetLocationAndCharacterSpawnPosition" AS s1
    INNER JOIN "CharacterSpawnPosition" AS c ON s1."CharacterSpawnPositionId" = c."Id"
    LEFT JOIN "LightSettings" AS l ON c."Id" = l."CharacterSpawnPositionId"
) AS t ON s."Id" = t."SetLocationId"
WHERE s."GroupId" = 1
ORDER BY s."SortOrderByCategory", s."Id" DESC, r."Id", s0."Id", t."CharacterSpawnPositionId", t."SetLocationId", t."Id"
Debug [20301]: Closing data reader to 'frevertest' on server 'tcp://postgres-frever-it:5432'.
Debug [20300]: A data reader for 'frevertest' on server 'tcp://postgres-frever-it:5432' is being disposed after spending 361ms reading results.
Debug [20103]: Creating DbCommand for 'ExecuteReader'.
Debug [20104]: Created DbCommand for 'ExecuteReader' (0ms).
Debug [20106]: Initialized DbCommand for 'ExecuteReader' (0ms).
Debug [20100]: Executing DbCommand [Parameters=[@__assetType_0='SetLocation' (DbType = Object), @__ids_1={ '768', '749', '1269', '1268', '1267', ... } (DbType = Object)], CommandType='Text', CommandTimeout='60']
SELECT a."AssetOfferId" AS "Id", a."AssetId", a0."Title" AS "AssetOfferTitle", a0."SoftCurrencyPrice" AS "AssetOfferSoftCurrencyPrice", a0."HardCurrencyPrice" AS "AssetOfferHardCurrencyPrice"
FROM "AssetOfferAsset" AS a
INNER JOIN "AssetOffer" AS a0 ON a."AssetOfferId" = a0."Id"
WHERE a."IsActive" AND a."AssetType" = @__assetType_0 AND a."AssetId" = ANY (@__ids_1)
Information [20101]: Executed DbCommand (6ms) [Parameters=[@__assetType_0='SetLocation' (DbType = Object), @__ids_1={ '768', '749', '1269', '1268', '1267', ... } (DbType = Object)], CommandType='Text', CommandTimeout='60']
SELECT a."AssetOfferId" AS "Id", a."AssetId", a0."Title" AS "AssetOfferTitle", a0."SoftCurrencyPrice" AS "AssetOfferSoftCurrencyPrice", a0."HardCurrencyPrice" AS "AssetOfferHardCurrencyPrice"
FROM "AssetOfferAsset" AS a
INNER JOIN "AssetOffer" AS a0 ON a."AssetOfferId" = a0."Id"
WHERE a."IsActive" AND a."AssetType" = @__assetType_0 AND a."AssetId" = ANY (@__ids_1)
Debug [20301]: Closing data reader to 'frevertest' on server 'tcp://postgres-frever-it:5432'.
Debug [20300]: A data reader for 'frevertest' on server 'tcp://postgres-frever-it:5432' is being disposed after spending 0ms reading results.
Debug [20103]: Creating DbCommand for 'ExecuteReader'.
Debug [20104]: Created DbCommand for 'ExecuteReader' (0ms).
Debug [20106]: Initialized DbCommand for 'ExecuteReader' (0ms).
Debug [20100]: Executing DbCommand [Parameters=[@__assetType_0='SetLocation' (DbType = Object), @__ids_1={ '768', '749', '1269', '1268', '1267', ... } (DbType = Object)], CommandType='Text', CommandTimeout='60']
SELECT i."AssetId"
FROM "InAppProductDetails" AS i
WHERE i."AssetId" IS NOT NULL AND i."AssetType" IS NOT NULL AND i."AssetType" = @__assetType_0 AND i."AssetId" = ANY (@__ids_1)
Information [20101]: Executed DbCommand (1ms) [Parameters=[@__assetType_0='SetLocation' (DbType = Object), @__ids_1={ '768', '749', '1269', '1268', '1267', ... } (DbType = Object)], CommandType='Text', CommandTimeout='60']
SELECT i."AssetId"
FROM "InAppProductDetails" AS i
WHERE i."AssetId" IS NOT NULL AND i."AssetType" IS NOT NULL AND i."AssetType" = @__assetType_0 AND i."AssetId" = ANY (@__ids_1)
Debug [20301]: Closing data reader to 'frevertest' on server 'tcp://postgres-frever-it:5432'.
Debug [20300]: A data reader for 'frevertest' on server 'tcp://postgres-frever-it:5432' is being disposed after spending 0ms reading results.
Debug [20103]: Creating DbCommand for 'ExecuteReader'.
Debug [20104]: Created DbCommand for 'ExecuteReader' (0ms).
Debug [20106]: Initialized DbCommand for 'ExecuteReader' (0ms).
Debug [20100]: Executing DbCommand [Parameters=[@__ids_0={ '768', '749', '1269', '1268', '1267', ... } (DbType = Object)], CommandType='Text', CommandTimeout='60']
SELECT DISTINCT s."AssetId"
FROM "SeasonReward" AS s
WHERE (s."AssetId" = ANY (@__ids_0) OR (s."AssetId" IS NULL AND array_position(@__ids_0, NULL) IS NOT NULL)) AND s."AssetType" = 'SetLocation'::"AssetStoreAssetType" AND s."IsEnabled"
Information [20101]: Executed DbCommand (1ms) [Parameters=[@__ids_0={ '768', '749', '1269', '1268', '1267', ... } (DbType = Object)], CommandType='Text', CommandTimeout='60']
SELECT DISTINCT s."AssetId"
FROM "SeasonReward" AS s
WHERE (s."AssetId" = ANY (@__ids_0) OR (s."AssetId" IS NULL AND array_position(@__ids_0, NULL) IS NOT NULL)) AND s."AssetType" = 'SetLocation'::"AssetStoreAssetType" AND s."IsEnabled"
Debug [20301]: Closing data reader to 'frevertest' on server 'tcp://postgres-frever-it:5432'.
Debug [20300]: A data reader for 'frevertest' on server 'tcp://postgres-frever-it:5432' is being disposed after spending 0ms reading results.
Debug [20103]: Creating DbCommand for 'ExecuteReader'.
Debug [20104]: Created DbCommand for 'ExecuteReader' (0ms).
Debug [20106]: Initialized DbCommand for 'ExecuteReader' (0ms).
Debug [20100]: Executing DbCommand [Parameters=[], CommandType='Text', CommandTimeout='60']
SELECT DISTINCT s."SetLocationId"
FROM "Level" AS l
INNER JOIN "Event" AS e ON l."Id" = e."LevelId"
INNER JOIN "SetLocationController" AS s ON e."Id" = s."EventId"
WHERE l."IsForVideoMessage" AND NOT (l."IsDeleted")
Information [20101]: Executed DbCommand (1ms) [Parameters=[], CommandType='Text', CommandTimeout='60']
SELECT DISTINCT s."SetLocationId"
FROM "Level" AS l
INNER JOIN "Event" AS e ON l."Id" = e."LevelId"
INNER JOIN "SetLocationController" AS s ON e."Id" = s."EventId"
WHERE l."IsForVideoMessage" AND NOT (l."IsDeleted")
Debug [20301]: Closing data reader to 'frevertest' on server 'tcp://postgres-frever-it:5432'.
Debug [20300]: A data reader for 'frevertest' on server 'tcp://postgres-frever-it:5432' is being disposed after spending 0ms reading results.
Debug [20103]: Creating DbCommand for 'ExecuteReader'.
Debug [20104]: Created DbCommand for 'ExecuteReader' (0ms).
Debug [20106]: Initialized DbCommand for 'ExecuteReader' (0ms).
Debug [20100]: Executing DbCommand [Parameters=[], CommandType='Text', CommandTimeout='60']
SELECT m."Id", m."AllowUsingSubSpawnPositions", m."AutoSetOnAssetManager", m."AvailableForShuffling", m."DefaultBodyAnimationId", m."DefaultForNonRemastered", m."DependsOnCharacterHeelsHeight", m."FilesInfo", m."Name", m."SortOrder", m."SupportFormation"
FROM "MovementType" AS m
Information [20101]: Executed DbCommand (0ms) [Parameters=[], CommandType='Text', CommandTimeout='60']
SELECT m."Id", m."AllowUsingSubSpawnPositions", m."AutoSetOnAssetManager", m."AvailableForShuffling", m."DefaultBodyAnimationId", m."DefaultForNonRemastered", m."DependsOnCharacterHeelsHeight", m."FilesInfo", m."Name", m."SortOrder", m."SupportFormation"
FROM "MovementType" AS m
Debug [20301]: Closing data reader to 'frevertest' on server 'tcp://postgres-frever-it:5432'.
Debug [20300]: A data reader for 'frevertest' on server 'tcp://postgres-frever-it:5432' is being disposed after spending 0ms reading results.
Debug [20204]: Disposing transaction.
Debug [20002]: Closing connection to database 'frevertest' on server 'tcp://postgres-frever-it:5432'.
Debug [20003]: Closed connection to database 'frevertest' on server 'tcp://postgres-frever-it:5432' (0ms).</StdOut>
      </Output>
    </UnitTestResult>
  </Results>
  <TestDefinitions>
    <UnitTest name="Frever.Client.Core.IntegrationTest.Features.Social.FollowingServiceIntegrationTest.FriendsList" storage="/source/microservices/client/frever.client.core.integrationtest/bin/debug/net8.0/frever.client.core.integrationtest.dll" id="7c848a51-f99d-db56-6354-b62fecf2fcf4">
      <Execution id="7fcd885c-4a5e-489e-83ac-c931913e5828" />
      <TestMethod codeBase="/source/Microservices/Client/Frever.Client.Core.IntegrationTest/bin/Debug/net8.0/Frever.Client.Core.IntegrationTest.dll" adapterTypeName="executor://xunit/VsTestRunner2/netcoreapp" className="Frever.Client.Core.IntegrationTest.Features.Social.FollowingServiceIntegrationTest" name="FriendsList" />
    </UnitTest>
    <UnitTest name="Frever.Client.Core.IntegrationTest.Features.Assets.SetLocations.SetLocationServiceIntegrationTest.SetLocation_RecommendedTest" storage="/source/microservices/client/frever.client.core.integrationtest/bin/debug/net8.0/frever.client.core.integrationtest.dll" id="8bba983d-cfc0-fb17-3c51-87a1e76258f2">
      <Execution id="ae790050-754a-4bc1-92a0-212012e08294" />
      <TestMethod codeBase="/source/Microservices/Client/Frever.Client.Core.IntegrationTest/bin/Debug/net8.0/Frever.Client.Core.IntegrationTest.dll" adapterTypeName="executor://xunit/VsTestRunner2/netcoreapp" className="Frever.Client.Core.IntegrationTest.Features.Assets.SetLocations.SetLocationServiceIntegrationTest" name="SetLocation_RecommendedTest" />
    </UnitTest>
    <UnitTest name="Frever.Client.Core.IntegrationTest.Features.Assets.SetLocations.SetLocationServiceIntegrationTest.SetLocationReadingTest" storage="/source/microservices/client/frever.client.core.integrationtest/bin/debug/net8.0/frever.client.core.integrationtest.dll" id="f066ebdf-ac0e-85b4-5dea-ed322ba68fd0">
      <Execution id="20ddc576-1f4d-41b4-a891-a53be44cb9e2" />
      <TestMethod codeBase="/source/Microservices/Client/Frever.Client.Core.IntegrationTest/bin/Debug/net8.0/Frever.Client.Core.IntegrationTest.dll" adapterTypeName="executor://xunit/VsTestRunner2/netcoreapp" className="Frever.Client.Core.IntegrationTest.Features.Assets.SetLocations.SetLocationServiceIntegrationTest" name="SetLocationReadingTest" />
    </UnitTest>
    <UnitTest name="Frever.Client.Core.IntegrationTest.Features.Assets.SetLocations.SetLocationServiceIntegrationTest.SetLocation_Recommended_ShouldBeRandomizedIfHavingSameSortOrder" storage="/source/microservices/client/frever.client.core.integrationtest/bin/debug/net8.0/frever.client.core.integrationtest.dll" id="ee5b821c-1d04-7e60-b66c-878cb7e640fc">
      <Execution id="c759e21e-3d66-47a9-90be-c4c79c4b0027" />
      <TestMethod codeBase="/source/Microservices/Client/Frever.Client.Core.IntegrationTest/bin/Debug/net8.0/Frever.Client.Core.IntegrationTest.dll" adapterTypeName="executor://xunit/VsTestRunner2/netcoreapp" className="Frever.Client.Core.IntegrationTest.Features.Assets.SetLocations.SetLocationServiceIntegrationTest" name="SetLocation_Recommended_ShouldBeRandomizedIfHavingSameSortOrder" />
    </UnitTest>
  </TestDefinitions>
  <TestEntries>
    <TestEntry testId="ee5b821c-1d04-7e60-b66c-878cb7e640fc" executionId="c759e21e-3d66-47a9-90be-c4c79c4b0027" testListId="8c84fa94-04c1-424b-9868-57a2d4851a1d" />
    <TestEntry testId="8bba983d-cfc0-fb17-3c51-87a1e76258f2" executionId="ae790050-754a-4bc1-92a0-212012e08294" testListId="8c84fa94-04c1-424b-9868-57a2d4851a1d" />
    <TestEntry testId="7c848a51-f99d-db56-6354-b62fecf2fcf4" executionId="7fcd885c-4a5e-489e-83ac-c931913e5828" testListId="8c84fa94-04c1-424b-9868-57a2d4851a1d" />
    <TestEntry testId="f066ebdf-ac0e-85b4-5dea-ed322ba68fd0" executionId="20ddc576-1f4d-41b4-a891-a53be44cb9e2" testListId="8c84fa94-04c1-424b-9868-57a2d4851a1d" />
  </TestEntries>
  <TestLists>
    <TestList name="Results Not in a List" id="8c84fa94-04c1-424b-9868-57a2d4851a1d" />
    <TestList name="All Loaded Results" id="19431567-8539-422a-85d7-44ee4e166bda" />
  </TestLists>
  <ResultSummary outcome="Completed">
    <Counters total="4" executed="4" passed="4" failed="0" error="0" timeout="0" aborted="0" inconclusive="0" passedButRunAborted="0" notRunnable="0" notExecuted="0" disconnected="0" warning="0" completed="0" inProgress="0" pending="0" />
    <Output>
      <StdOut>[xUnit.net 00:00:00.00] xUnit.net VSTest Adapter v2.8.0+6438bb880a (64-bit .NET 8.0.6)
[xUnit.net 00:00:00.10]   Discovering: Frever.Client.Core.IntegrationTest
[xUnit.net 00:00:00.18]   Discovered:  Frever.Client.Core.IntegrationTest
[xUnit.net 00:00:00.19]   Starting:    Frever.Client.Core.IntegrationTest
[xUnit.net 00:00:21.18]   Finished:    Frever.Client.Core.IntegrationTest
</StdOut>
    </Output>
  </ResultSummary>
</TestRun>