<?xml version="1.0" encoding="utf-8"?>
<TestRun id="684ad54e-8149-4df6-aec8-dc731c059178" name="@5955a5bf5f87 2024-07-02 13:00:09" xmlns="http://microsoft.com/schemas/VisualStudio/TeamTest/2010">
  <Times creation="2024-07-02T13:00:09.3849231+00:00" queuing="2024-07-02T13:00:09.3849232+00:00" start="2024-07-02T13:00:08.0321278+00:00" finish="2024-07-02T13:00:09.4267655+00:00" />
  <TestSettings name="default" id="1c83c7ce-3073-4861-8e46-df84c9986921">
    <Deployment runDeploymentRoot="_5955a5bf5f87_2024-07-02_13_00_09" />
  </TestSettings>
  <Results>
    <UnitTestResult executionId="4025c01d-37a5-4262-a326-58b96cd1d95f" testId="aac34ec2-a535-565a-f5df-9e71c6f659e2" testName="\ud83d\udc4d\ud83d\udc4d\ud83d\udc4d Setting voting task info works" computerName="5955a5bf5f87" duration="00:00:00.0135143" startTime="2024-07-02T13:00:09.3474917+00:00" endTime="2024-07-02T13:00:09.3474917+00:00" testType="13cdc9d9-ddb5-4fa4-a97d-d965ccfc6d4b" outcome="Passed" testListId="8c84fa94-04c1-424b-9868-57a2d4851a1d" relativeResultsDirectory="4025c01d-37a5-4262-a326-58b96cd1d95f" />
    <UnitTestResult executionId="ff008049-ed27-4af1-ac12-b72a2af8b413" testId="b7171da3-d018-255a-5314-f96c66cadacb" testName="\ud83d\udc4d\ud83d\udc4e General Personal Feed Loading" computerName="5955a5bf5f87" duration="00:00:00.0317314" startTime="2024-07-02T13:00:09.1928013+00:00" endTime="2024-07-02T13:00:09.1928015+00:00" testType="13cdc9d9-ddb5-4fa4-a97d-d965ccfc6d4b" outcome="Passed" testListId="8c84fa94-04c1-424b-9868-57a2d4851a1d" relativeResultsDirectory="ff008049-ed27-4af1-ac12-b72a2af8b413">
      <Output>
        <StdOut>Warning [0]: FYP CACHE IS EMPTY, REBUILDING. GroupId=2993
&lt;Scope: Refreshing ML feed for 2993&gt;
      &lt;Scope: Washing [2ff279a6eefa493c84b35cbf9f336162]: &gt;
      Information [0]: 0 views since 06/25/2024, views: 
      Information [0]: Not viewed: 5, viewed: 0
   &lt;/Scope: Washing [2ff279a6eefa493c84b35cbf9f336162]: &gt;
   Information [0]: AftDataashing: [{"VideoId":1,"GroupId":1,"SongInfo":[],"Source":"mock","SortOrder":0},{"VideoId":2,"GroupId":2,"SongInfo":[],"Source":"mock","SortOrder":1},{"VideoId":3,"GroupId":3,"SongInfo":[],"Source":"mock","SortOrder":2},{"VideoId":4,"GroupId":4,"SongInfo":[],"Source":"mock","SortOrder":3},{"VideoId":5,"GroupId":5,"SongInfo":[],"Source":"mock","SortOrder":4}]
   Information [0]: Deleting redis key a819ece0091940c0a5ff0b6f152832ab/video-list::pub::personal-feed-v2::2993::1
   Information [0]: ML feed updated with 5 items. Cache key a819ece0091940c0a5ff0b6f152832ab/video-list::pub::personal-feed-v2::2993::1
   Information [0]: Refreshing ML feed took 00:00:00.0053379 for group 2993
&lt;/Scope: Refreshing ML feed for 2993&gt;
Information [0]: FYP REFRESHING TOOK 00:00:00.0054355
Information [0]: Range were read from cache: total 5, non-filtered out: 5
Information [0]: Values were not fully loaded. Requested next 995 starting from score -1
Information [0]: Target score is end the end or count is zero, returning empty set
Information [0]: Rest of values loaded (requested 1000): 0, total 5
Information [0]: Range were read from cache: total 5, non-filtered out: 5
Information [0]: Values were not fully loaded. Requested next 995 starting from score -1
Information [0]: Target score is end the end or count is zero, returning empty set
Information [0]: Rest of values loaded (requested 1000): 0, total 5
Information [0]: Range were read from cache: total 5, non-filtered out: 5
Information [0]: Values were not fully loaded. Requested next 995 starting from score -1
Information [0]: Target score is end the end or count is zero, returning empty set
Information [0]: Rest of values loaded (requested 1000): 0, total 5</StdOut>
      </Output>
    </UnitTestResult>
    <UnitTestResult executionId="c2435914-e27b-41d2-9e2a-c670c67273e4" testId="da697b9a-8455-3b64-3c0a-51569b7c3d25" testName="\ud83d\udc4d\ud83d\udc4d\ud83d\udc4d Setting liked by current user works" computerName="5955a5bf5f87" duration="00:00:00.0045201" startTime="2024-07-02T13:00:09.3475214+00:00" endTime="2024-07-02T13:00:09.3475214+00:00" testType="13cdc9d9-ddb5-4fa4-a97d-d965ccfc6d4b" outcome="Passed" testListId="8c84fa94-04c1-424b-9868-57a2d4851a1d" relativeResultsDirectory="c2435914-e27b-41d2-9e2a-c670c67273e4" />
    <UnitTestResult executionId="89de26dd-250f-40b6-996d-017c3f7a803c" testId="4cd6b04c-18d2-ebce-6e2f-99c3187d7d18" testName="\ud83d\udc4d\ud83d\udc4e Setting general info works" computerName="5955a5bf5f87" duration="00:00:00.0055524" startTime="2024-07-02T13:00:09.2708144+00:00" endTime="2024-07-02T13:00:09.2708148+00:00" testType="13cdc9d9-ddb5-4fa4-a97d-d965ccfc6d4b" outcome="Passed" testListId="8c84fa94-04c1-424b-9868-57a2d4851a1d" relativeResultsDirectory="89de26dd-250f-40b6-996d-017c3f7a803c" />
    <UnitTestResult executionId="c0495671-0249-4eec-803c-4a16d36daa5c" testId="c5281715-3ef4-c5fe-da64-14226b1fabec" testName="\ud83d\udc4d\ud83d\udc4d\ud83d\udc4d Artist and song name set from song info" computerName="5955a5bf5f87" duration="00:00:00.0017494" startTime="2024-07-02T13:00:09.3037367+00:00" endTime="2024-07-02T13:00:09.3037368+00:00" testType="13cdc9d9-ddb5-4fa4-a97d-d965ccfc6d4b" outcome="Passed" testListId="8c84fa94-04c1-424b-9868-57a2d4851a1d" relativeResultsDirectory="c0495671-0249-4eec-803c-4a16d36daa5c" />
    <UnitTestResult executionId="85108c3a-ebc4-4750-93f9-a6d62ba322a0" testId="d87274e4-f71f-0880-09b8-3501637acd1c" testName="\ud83d\udc4d\ud83d\udc4d\ud83d\udc4d Setting follow relations works" computerName="5955a5bf5f87" duration="00:00:00.0032717" startTime="2024-07-02T13:00:09.3036923+00:00" endTime="2024-07-02T13:00:09.3036924+00:00" testType="13cdc9d9-ddb5-4fa4-a97d-d965ccfc6d4b" outcome="Passed" testListId="8c84fa94-04c1-424b-9868-57a2d4851a1d" relativeResultsDirectory="85108c3a-ebc4-4750-93f9-a6d62ba322a0" />
    <UnitTestResult executionId="d3c1aee8-8153-4b95-9078-5a98e9fac172" testId="f7f79d90-e6c8-1ebc-32e3-8ff138515eb0" testName="\ud83d\udc4d\ud83d\udc4d\ud83d\udc4d Template from video restriction check" computerName="5955a5bf5f87" duration="00:00:00.0694618" startTime="2024-07-02T13:00:09.2652156+00:00" endTime="2024-07-02T13:00:09.2652159+00:00" testType="13cdc9d9-ddb5-4fa4-a97d-d965ccfc6d4b" outcome="Passed" testListId="8c84fa94-04c1-424b-9868-57a2d4851a1d" relativeResultsDirectory="d3c1aee8-8153-4b95-9078-5a98e9fac172" />
    <UnitTestResult executionId="54d1eef9-ac1a-4dca-92a7-ae7802de31c2" testId="79fe7d57-eb61-c71b-3dad-a3e0c835d2d7" testName="\ud83d\udc4d\ud83d\udc4eFeed Builder Should Call ML Client" computerName="5955a5bf5f87" duration="00:00:00.0116778" startTime="2024-07-02T13:00:09.3475950+00:00" endTime="2024-07-02T13:00:09.3475951+00:00" testType="13cdc9d9-ddb5-4fa4-a97d-d965ccfc6d4b" outcome="Passed" testListId="8c84fa94-04c1-424b-9868-57a2d4851a1d" relativeResultsDirectory="54d1eef9-ac1a-4dca-92a7-ae7802de31c2">
      <Output>
        <StdOut>&lt;Scope: Washing [d7aa3eb8c20f4ed7ae09a1ea392012de]: &gt;
   Information [0]: 0 views since 06/25/2024, views: 
   Information [0]: Not viewed: 3, viewed: 0
&lt;/Scope: Washing [d7aa3eb8c20f4ed7ae09a1ea392012de]: &gt;
Information [0]: AftDataashing: [{"VideoId":10,"GroupId":110,"SongInfo":[],"Source":"mock","SortOrder":0},{"VideoId":11,"GroupId":111,"SongInfo":[],"Source":"mock","SortOrder":1},{"VideoId":12,"GroupId":112,"SongInfo":[],"Source":"mock","SortOrder":2}]</StdOut>
      </Output>
    </UnitTestResult>
    <UnitTestResult executionId="153889a5-0577-4f84-91d6-315f47f2aea9" testId="1e2edee5-50ea-e860-8471-f329a275d888" testName="\ud83d\udc4d\ud83d\udc4d\ud83d\udc4d\ud83d\udc4d Paged Personal Feed Loading" computerName="5955a5bf5f87" duration="00:00:00.4419188" startTime="2024-07-02T13:00:09.1551044+00:00" endTime="2024-07-02T13:00:09.1551163+00:00" testType="13cdc9d9-ddb5-4fa4-a97d-d965ccfc6d4b" outcome="Passed" testListId="8c84fa94-04c1-424b-9868-57a2d4851a1d" relativeResultsDirectory="153889a5-0577-4f84-91d6-315f47f2aea9">
      <Output>
        <StdOut>Warning [0]: FYP CACHE IS EMPTY, REBUILDING. GroupId=2993
&lt;Scope: Refreshing ML feed for 2993&gt;
      &lt;Scope: Washing [d5906e37fdca4d10871cb22c604ee3c3]: &gt;
      Information [0]: 0 views since 06/25/2024, views: 
      Information [0]: Not viewed: 1000, viewed: 0
   &lt;/Scope: Washing [d5906e37fdca4d10871cb22c604ee3c3]: &gt;
   Information [0]: AftDataashing: [{"VideoId":1,"GroupId":1,"SongInfo":[],"Source":"mock","SortOrder":0},{"VideoId":2,"GroupId":2,"SongInfo":[],"Source":"mock","SortOrder":1},{"VideoId":3,"GroupId":3,"SongInfo":[],"Source":"mock","SortOrder":2},{"VideoId":4,"GroupId":4,"SongInfo":[],"Source":"mock","SortOrder":3},{"VideoId":5,"GroupId":5,"SongInfo":[],"Source":"mock","SortOrder":4},{"VideoId":6,"GroupId":6,"SongInfo":[],"Source":"mock","SortOrder":5},{"VideoId":7,"GroupId":7,"SongInfo":[],"Source":"mock","SortOrder":6},{"VideoId":8,"GroupId":8,"SongInfo":[],"Source":"mock","SortOrder":7},{"VideoId":9,"GroupId":9,"SongInfo":[],"Source":"mock","SortOrder":8},{"VideoId":10,"GroupId":10,"SongInfo":[],"Source":"mock","SortOrder":9},{"VideoId":11,"GroupId":11,"SongInfo":[],"Source":"mock","SortOrder":10},{"VideoId":12,"GroupId":12,"SongInfo":[],"Source":"mock","SortOrder":11},{"VideoId":13,"GroupId":13,"SongInfo":[],"Source":"mock","SortOrder":12},{"VideoId":14,"GroupId":14,"SongInfo":[],"Source":"mock","SortOrder":13},{"VideoId":15,"GroupId":15,"SongInfo":[],"Source":"mock","SortOrder":14},{"VideoId":16,"GroupId":16,"SongInfo":[],"Source":"mock","SortOrder":15},{"VideoId":17,"GroupId":17,"SongInfo":[],"Source":"mock","SortOrder":16},{"VideoId":18,"GroupId":18,"SongInfo":[],"Source":"mock","SortOrder":17},{"VideoId":19,"GroupId":19,"SongInfo":[],"Source":"mock","SortOrder":18},{"VideoId":20,"GroupId":20,"SongInfo":[],"Source":"mock","SortOrder":19},{"VideoId":21,"GroupId":21,"SongInfo":[],"Source":"mock","SortOrder":20},{"VideoId":22,"GroupId":22,"SongInfo":[],"Source":"mock","SortOrder":21},{"VideoId":23,"GroupId":23,"SongInfo":[],"Source":"mock","SortOrder":22},{"VideoId":24,"GroupId":24,"SongInfo":[],"Source":"mock","SortOrder":23},{"VideoId":25,"GroupId":25,"SongInfo":[],"Source":"mock","SortOrder":24},{"VideoId":26,"GroupId":26,"SongInfo":[],"Source":"mock","SortOrder":25},{"VideoId":27,"GroupId":27,"SongInfo":[],"Source":"mock","SortOrder":26},{"VideoId":28,"GroupId":28,"SongInfo":[],"Source":"mock","SortOrder":27},{"VideoId":29,"GroupId":29,"SongInfo":[],"Source":"mock","SortOrder":28},{"VideoId":30,"GroupId":30,"SongInfo":[],"Source":"mock","SortOrder":29},{"VideoId":31,"GroupId":31,"SongInfo":[],"Source":"mock","SortOrder":30},{"VideoId":32,"GroupId":32,"SongInfo":[],"Source":"mock","SortOrder":31},{"VideoId":33,"GroupId":33,"SongInfo":[],"Source":"mock","SortOrder":32},{"VideoId":34,"GroupId":34,"SongInfo":[],"Source":"mock","SortOrder":33},{"VideoId":35,"GroupId":35,"SongInfo":[],"Source":"mock","SortOrder":34},{"VideoId":36,"GroupId":36,"SongInfo":[],"Source":"mock","SortOrder":35},{"VideoId":37,"GroupId":37,"SongInfo":[],"Source":"mock","SortOrder":36},{"VideoId":38,"GroupId":38,"SongInfo":[],"Source":"mock","SortOrder":37},{"VideoId":39,"GroupId":39,"SongInfo":[],"Source":"mock","SortOrder":38},{"VideoId":40,"GroupId":40,"SongInfo":[],"Source":"mock","SortOrder":39},{"VideoId":41,"GroupId":41,"SongInfo":[],"Source":"mock","SortOrder":40},{"VideoId":42,"GroupId":42,"SongInfo":[],"Source":"mock","SortOrder":41},{"VideoId":43,"GroupId":43,"SongInfo":[],"Source":"mock","SortOrder":42},{"VideoId":44,"GroupId":44,"SongInfo":[],"Source":"mock","SortOrder":43},{"VideoId":45,"GroupId":45,"SongInfo":[],"Source":"mock","SortOrder":44},{"VideoId":46,"GroupId":46,"SongInfo":[],"Source":"mock","SortOrder":45},{"VideoId":47,"GroupId":47,"SongInfo":[],"Source":"mock","SortOrder":46},{"VideoId":48,"GroupId":48,"SongInfo":[],"Source":"mock","SortOrder":47},{"VideoId":49,"GroupId":49,"SongInfo":[],"Source":"mock","SortOrder":48},{"VideoId":50,"GroupId":50,"SongInfo":[],"Source":"mock","SortOrder":49},{"VideoId":51,"GroupId":51,"SongInfo":[],"Source":"mock","SortOrder":50},{"VideoId":52,"GroupId":52,"SongInfo":[],"Source":"mock","SortOrder":51},{"VideoId":53,"GroupId":53,"SongInfo":[],"Source":"mock","SortOrder":52},{"VideoId":54,"GroupId":54,"SongInfo":[],"Source":"mock","SortOrder":53},{"VideoId":55,"GroupId":55,"SongInfo":[],"Source":"mock","SortOrder":54},{"VideoId":56,"GroupId":56,"SongInfo":[],"Source":"mock","SortOrder":55},{"VideoId":57,"GroupId":57,"SongInfo":[],"Source":"mock","SortOrder":56},{"VideoId":58,"GroupId":58,"SongInfo":[],"Source":"mock","SortOrder":57},{"VideoId":59,"GroupId":59,"SongInfo":[],"Source":"mock","SortOrder":58},{"VideoId":60,"GroupId":60,"SongInfo":[],"Source":"mock","SortOrder":59},{"VideoId":61,"GroupId":61,"SongInfo":[],"Source":"mock","SortOrder":60},{"VideoId":62,"GroupId":62,"SongInfo":[],"Source":"mock","SortOrder":61},{"VideoId":63,"GroupId":63,"SongInfo":[],"Source":"mock","SortOrder":62},{"VideoId":64,"GroupId":64,"SongInfo":[],"Source":"mock","SortOrder":63},{"VideoId":65,"GroupId":65,"SongInfo":[],"Source":"mock","SortOrder":64},{"VideoId":66,"GroupId":66,"SongInfo":[],"Source":"mock","SortOrder":65},{"VideoId":67,"GroupId":67,"SongInfo":[],"Source":"mock","SortOrder":66},{"VideoId":68,"GroupId":68,"SongInfo":[],"Source":"mock","SortOrder":67},{"VideoId":69,"GroupId":69,"SongInfo":[],"Source":"mock","SortOrder":68},{"VideoId":70,"GroupId":70,"SongInfo":[],"Source":"mock","SortOrder":69},{"VideoId":71,"GroupId":71,"SongInfo":[],"Source":"mock","SortOrder":70},{"VideoId":72,"GroupId":72,"SongInfo":[],"Source":"mock","SortOrder":71},{"VideoId":73,"GroupId":73,"SongInfo":[],"Source":"mock","SortOrder":72},{"VideoId":74,"GroupId":74,"SongInfo":[],"Source":"mock","SortOrder":73},{"VideoId":75,"GroupId":75,"SongInfo":[],"Source":"mock","SortOrder":74},{"VideoId":76,"GroupId":76,"SongInfo":[],"Source":"mock","SortOrder":75},{"VideoId":77,"GroupId":77,"SongInfo":[],"Source":"mock","SortOrder":76},{"VideoId":78,"GroupId":78,"SongInfo":[],"Source":"mock","SortOrder":77},{"VideoId":79,"GroupId":79,"SongInfo":[],"Source":"mock","SortOrder":78},{"VideoId":80,"GroupId":80,"SongInfo":[],"Source":"mock","SortOrder":79},{"VideoId":81,"GroupId":81,"SongInfo":[],"Source":"mock","SortOrder":80},{"VideoId":82,"GroupId":82,"SongInfo":[],"Source":"mock","SortOrder":81},{"VideoId":83,"GroupId":83,"SongInfo":[],"Source":"mock","SortOrder":82},{"VideoId":84,"GroupId":84,"SongInfo":[],"Source":"mock","SortOrder":83},{"VideoId":85,"GroupId":85,"SongInfo":[],"Source":"mock","SortOrder":84},{"VideoId":86,"GroupId":86,"SongInfo":[],"Source":"mock","SortOrder":85},{"VideoId":87,"GroupId":87,"SongInfo":[],"Source":"mock","SortOrder":86},{"VideoId":88,"GroupId":88,"SongInfo":[],"Source":"mock","SortOrder":87},{"VideoId":89,"GroupId":89,"SongInfo":[],"Source":"mock","SortOrder":88},{"VideoId":90,"GroupId":90,"SongInfo":[],"Source":"mock","SortOrder":89},{"VideoId":91,"GroupId":91,"SongInfo":[],"Source":"mock","SortOrder":90},{"VideoId":92,"GroupId":92,"SongInfo":[],"Source":"mock","SortOrder":91},{"VideoId":93,"GroupId":93,"SongInfo":[],"Source":"mock","SortOrder":92},{"VideoId":94,"GroupId":94,"SongInfo":[],"Source":"mock","SortOrder":93},{"VideoId":95,"GroupId":95,"SongInfo":[],"Source":"mock","SortOrder":94},{"VideoId":96,"GroupId":96,"SongInfo":[],"Source":"mock","SortOrder":95},{"VideoId":97,"GroupId":97,"SongInfo":[],"Source":"mock","SortOrder":96},{"VideoId":98,"GroupId":98,"SongInfo":[],"Source":"mock","SortOrder":97},{"VideoId":99,"GroupId":99,"SongInfo":[],"Source":"mock","SortOrder":98},{"VideoId":100,"GroupId":100,"SongInfo":[],"Source":"mock","SortOrder":99},{"VideoId":101,"GroupId":101,"SongInfo":[],"Source":"mock","SortOrder":100},{"VideoId":102,"GroupId":102,"SongInfo":[],"Source":"mock","SortOrder":101},{"VideoId":103,"GroupId":103,"SongInfo":[],"Source":"mock","SortOrder":102},{"VideoId":104,"GroupId":104,"SongInfo":[],"Source":"mock","SortOrder":103},{"VideoId":105,"GroupId":105,"SongInfo":[],"Source":"mock","SortOrder":104},{"VideoId":106,"GroupId":106,"SongInfo":[],"Source":"mock","SortOrder":105},{"VideoId":107,"GroupId":107,"SongInfo":[],"Source":"mock","SortOrder":106},{"VideoId":108,"GroupId":108,"SongInfo":[],"Source":"mock","SortOrder":107},{"VideoId":109,"GroupId":109,"SongInfo":[],"Source":"mock","SortOrder":108},{"VideoId":110,"GroupId":110,"SongInfo":[],"Source":"mock","SortOrder":109},{"VideoId":111,"GroupId":111,"SongInfo":[],"Source":"mock","SortOrder":110},{"VideoId":112,"GroupId":112,"SongInfo":[],"Source":"mock","SortOrder":111},{"VideoId":113,"GroupId":113,"SongInfo":[],"Source":"mock","SortOrder":112},{"VideoId":114,"GroupId":114,"SongInfo":[],"Source":"mock","SortOrder":113},{"VideoId":115,"GroupId":115,"SongInfo":[],"Source":"mock","SortOrder":114},{"VideoId":116,"GroupId":116,"SongInfo":[],"Source":"mock","SortOrder":115},{"VideoId":117,"GroupId":117,"SongInfo":[],"Source":"mock","SortOrder":116},{"VideoId":118,"GroupId":118,"SongInfo":[],"Source":"mock","SortOrder":117},{"VideoId":119,"GroupId":119,"SongInfo":[],"Source":"mock","SortOrder":118},{"VideoId":120,"GroupId":120,"SongInfo":[],"Source":"mock","SortOrder":119},{"VideoId":121,"GroupId":121,"SongInfo":[],"Source":"mock","SortOrder":120},{"VideoId":122,"GroupId":122,"SongInfo":[],"Source":"mock","SortOrder":121},{"VideoId":123,"GroupId":123,"SongInfo":[],"Source":"mock","SortOrder":122},{"VideoId":124,"GroupId":124,"SongInfo":[],"Source":"mock","SortOrder":123},{"VideoId":125,"GroupId":125,"SongInfo":[],"Source":"mock","SortOrder":124},{"VideoId":126,"GroupId":126,"SongInfo":[],"Source":"mock","SortOrder":125},{"VideoId":127,"GroupId":127,"SongInfo":[],"Source":"mock","SortOrder":126},{"VideoId":128,"GroupId":128,"SongInfo":[],"Source":"mock","SortOrder":127},{"VideoId":129,"GroupId":129,"SongInfo":[],"Source":"mock","SortOrder":128},{"VideoId":130,"GroupId":130,"SongInfo":[],"Source":"mock","SortOrder":129},{"VideoId":131,"GroupId":131,"SongInfo":[],"Source":"mock","SortOrder":130},{"VideoId":132,"GroupId":132,"SongInfo":[],"Source":"mock","SortOrder":131},{"VideoId":133,"GroupId":133,"SongInfo":[],"Source":"mock","SortOrder":132},{"VideoId":134,"GroupId":134,"SongInfo":[],"Source":"mock","SortOrder":133},{"VideoId":135,"GroupId":135,"SongInfo":[],"Source":"mock","SortOrder":134},{"VideoId":136,"GroupId":136,"SongInfo":[],"Source":"mock","SortOrder":135},{"VideoId":137,"GroupId":137,"SongInfo":[],"Source":"mock","SortOrder":136},{"VideoId":138,"GroupId":138,"SongInfo":[],"Source":"mock","SortOrder":137},{"VideoId":139,"GroupId":139,"SongInfo":[],"Source":"mock","SortOrder":138},{"VideoId":140,"GroupId":140,"SongInfo":[],"Source":"mock","SortOrder":139},{"VideoId":141,"GroupId":141,"SongInfo":[],"Source":"mock","SortOrder":140},{"VideoId":142,"GroupId":142,"SongInfo":[],"Source":"mock","SortOrder":141},{"VideoId":143,"GroupId":143,"SongInfo":[],"Source":"mock","SortOrder":142},{"VideoId":144,"GroupId":144,"SongInfo":[],"Source":"mock","SortOrder":143},{"VideoId":145,"GroupId":145,"SongInfo":[],"Source":"mock","SortOrder":144},{"VideoId":146,"GroupId":146,"SongInfo":[],"Source":"mock","SortOrder":145},{"VideoId":147,"GroupId":147,"SongInfo":[],"Source":"mock","SortOrder":146},{"VideoId":148,"GroupId":148,"SongInfo":[],"Source":"mock","SortOrder":147},{"VideoId":149,"GroupId":149,"SongInfo":[],"Source":"mock","SortOrder":148},{"VideoId":150,"GroupId":150,"SongInfo":[],"Source":"mock","SortOrder":149},{"VideoId":151,"GroupId":151,"SongInfo":[],"Source":"mock","SortOrder":150},{"VideoId":152,"GroupId":152,"SongInfo":[],"Source":"mock","SortOrder":151},{"VideoId":153,"GroupId":153,"SongInfo":[],"Source":"mock","SortOrder":152},{"VideoId":154,"GroupId":154,"SongInfo":[],"Source":"mock","SortOrder":153},{"VideoId":155,"GroupId":155,"SongInfo":[],"Source":"mock","SortOrder":154},{"VideoId":156,"GroupId":156,"SongInfo":[],"Source":"mock","SortOrder":155},{"VideoId":157,"GroupId":157,"SongInfo":[],"Source":"mock","SortOrder":156},{"VideoId":158,"GroupId":158,"SongInfo":[],"Source":"mock","SortOrder":157},{"VideoId":159,"GroupId":159,"SongInfo":[],"Source":"mock","SortOrder":158},{"VideoId":160,"GroupId":160,"SongInfo":[],"Source":"mock","SortOrder":159},{"VideoId":161,"GroupId":161,"SongInfo":[],"Source":"mock","SortOrder":160},{"VideoId":162,"GroupId":162,"SongInfo":[],"Source":"mock","SortOrder":161},{"VideoId":163,"GroupId":163,"SongInfo":[],"Source":"mock","SortOrder":162},{"VideoId":164,"GroupId":164,"SongInfo":[],"Source":"mock","SortOrder":163},{"VideoId":165,"GroupId":165,"SongInfo":[],"Source":"mock","SortOrder":164},{"VideoId":166,"GroupId":166,"SongInfo":[],"Source":"mock","SortOrder":165},{"VideoId":167,"GroupId":167,"SongInfo":[],"Source":"mock","SortOrder":166},{"VideoId":168,"GroupId":168,"SongInfo":[],"Source":"mock","SortOrder":167},{"VideoId":169,"GroupId":169,"SongInfo":[],"Source":"mock","SortOrder":168},{"VideoId":170,"GroupId":170,"SongInfo":[],"Source":"mock","SortOrder":169},{"VideoId":171,"GroupId":171,"SongInfo":[],"Source":"mock","SortOrder":170},{"VideoId":172,"GroupId":172,"SongInfo":[],"Source":"mock","SortOrder":171},{"VideoId":173,"GroupId":173,"SongInfo":[],"Source":"mock","SortOrder":172},{"VideoId":174,"GroupId":174,"SongInfo":[],"Source":"mock","SortOrder":173},{"VideoId":175,"GroupId":175,"SongInfo":[],"Source":"mock","SortOrder":174},{"VideoId":176,"GroupId":176,"SongInfo":[],"Source":"mock","SortOrder":175},{"VideoId":177,"GroupId":177,"SongInfo":[],"Source":"mock","SortOrder":176},{"VideoId":178,"GroupId":178,"SongInfo":[],"Source":"mock","SortOrder":177},{"VideoId":179,"GroupId":179,"SongInfo":[],"Source":"mock","SortOrder":178},{"VideoId":180,"GroupId":180,"SongInfo":[],"Source":"mock","SortOrder":179},{"VideoId":181,"GroupId":181,"SongInfo":[],"Source":"mock","SortOrder":180},{"VideoId":182,"GroupId":182,"SongInfo":[],"Source":"mock","SortOrder":181},{"VideoId":183,"GroupId":183,"SongInfo":[],"Source":"mock","SortOrder":182},{"VideoId":184,"GroupId":184,"SongInfo":[],"Source":"mock","SortOrder":183},{"VideoId":185,"GroupId":185,"SongInfo":[],"Source":"mock","SortOrder":184},{"VideoId":186,"GroupId":186,"SongInfo":[],"Source":"mock","SortOrder":185},{"VideoId":187,"GroupId":187,"SongInfo":[],"Source":"mock","SortOrder":186},{"VideoId":188,"GroupId":188,"SongInfo":[],"Source":"mock","SortOrder":187},{"VideoId":189,"GroupId":189,"SongInfo":[],"Source":"mock","SortOrder":188},{"VideoId":190,"GroupId":190,"SongInfo":[],"Source":"mock","SortOrder":189},{"VideoId":191,"GroupId":191,"SongInfo":[],"Source":"mock","SortOrder":190},{"VideoId":192,"GroupId":192,"SongInfo":[],"Source":"mock","SortOrder":191},{"VideoId":193,"GroupId":193,"SongInfo":[],"Source":"mock","SortOrder":192},{"VideoId":194,"GroupId":194,"SongInfo":[],"Source":"mock","SortOrder":193},{"VideoId":195,"GroupId":195,"SongInfo":[],"Source":"mock","SortOrder":194},{"VideoId":196,"GroupId":196,"SongInfo":[],"Source":"mock","SortOrder":195},{"VideoId":197,"GroupId":197,"SongInfo":[],"Source":"mock","SortOrder":196},{"VideoId":198,"GroupId":198,"SongInfo":[],"Source":"mock","SortOrder":197},{"VideoId":199,"GroupId":199,"SongInfo":[],"Source":"mock","SortOrder":198},{"VideoId":200,"GroupId":200,"SongInfo":[],"Source":"mock","SortOrder":199},{"VideoId":201,"GroupId":201,"SongInfo":[],"Source":"mock","SortOrder":200},{"VideoId":202,"GroupId":202,"SongInfo":[],"Source":"mock","SortOrder":201},{"VideoId":203,"GroupId":203,"SongInfo":[],"Source":"mock","SortOrder":202},{"VideoId":204,"GroupId":204,"SongInfo":[],"Source":"mock","SortOrder":203},{"VideoId":205,"GroupId":205,"SongInfo":[],"Source":"mock","SortOrder":204},{"VideoId":206,"GroupId":206,"SongInfo":[],"Source":"mock","SortOrder":205},{"VideoId":207,"GroupId":207,"SongInfo":[],"Source":"mock","SortOrder":206},{"VideoId":208,"GroupId":208,"SongInfo":[],"Source":"mock","SortOrder":207},{"VideoId":209,"GroupId":209,"SongInfo":[],"Source":"mock","SortOrder":208},{"VideoId":210,"GroupId":210,"SongInfo":[],"Source":"mock","SortOrder":209},{"VideoId":211,"GroupId":211,"SongInfo":[],"Source":"mock","SortOrder":210},{"VideoId":212,"GroupId":212,"SongInfo":[],"Source":"mock","SortOrder":211},{"VideoId":213,"GroupId":213,"SongInfo":[],"Source":"mock","SortOrder":212},{"VideoId":214,"GroupId":214,"SongInfo":[],"Source":"mock","SortOrder":213},{"VideoId":215,"GroupId":215,"SongInfo":[],"Source":"mock","SortOrder":214},{"VideoId":216,"GroupId":216,"SongInfo":[],"Source":"mock","SortOrder":215},{"VideoId":217,"GroupId":217,"SongInfo":[],"Source":"mock","SortOrder":216},{"VideoId":218,"GroupId":218,"SongInfo":[],"Source":"mock","SortOrder":217},{"VideoId":219,"GroupId":219,"SongInfo":[],"Source":"mock","SortOrder":218},{"VideoId":220,"GroupId":220,"SongInfo":[],"Source":"mock","SortOrder":219},{"VideoId":221,"GroupId":221,"SongInfo":[],"Source":"mock","SortOrder":220},{"VideoId":222,"GroupId":222,"SongInfo":[],"Source":"mock","SortOrder":221},{"VideoId":223,"GroupId":223,"SongInfo":[],"Source":"mock","SortOrder":222},{"VideoId":224,"GroupId":224,"SongInfo":[],"Source":"mock","SortOrder":223},{"VideoId":225,"GroupId":225,"SongInfo":[],"Source":"mock","SortOrder":224},{"VideoId":226,"GroupId":226,"SongInfo":[],"Source":"mock","SortOrder":225},{"VideoId":227,"GroupId":227,"SongInfo":[],"Source":"mock","SortOrder":226},{"VideoId":228,"GroupId":228,"SongInfo":[],"Source":"mock","SortOrder":227},{"VideoId":229,"GroupId":229,"SongInfo":[],"Source":"mock","SortOrder":228},{"VideoId":230,"GroupId":230,"SongInfo":[],"Source":"mock","SortOrder":229},{"VideoId":231,"GroupId":231,"SongInfo":[],"Source":"mock","SortOrder":230},{"VideoId":232,"GroupId":232,"SongInfo":[],"Source":"mock","SortOrder":231},{"VideoId":233,"GroupId":233,"SongInfo":[],"Source":"mock","SortOrder":232},{"VideoId":234,"GroupId":234,"SongInfo":[],"Source":"mock","SortOrder":233},{"VideoId":235,"GroupId":235,"SongInfo":[],"Source":"mock","SortOrder":234},{"VideoId":236,"GroupId":236,"SongInfo":[],"Source":"mock","SortOrder":235},{"VideoId":237,"GroupId":237,"SongInfo":[],"Source":"mock","SortOrder":236},{"VideoId":238,"GroupId":238,"SongInfo":[],"Source":"mock","SortOrder":237},{"VideoId":239,"GroupId":239,"SongInfo":[],"Source":"mock","SortOrder":238},{"VideoId":240,"GroupId":240,"SongInfo":[],"Source":"mock","SortOrder":239},{"VideoId":241,"GroupId":241,"SongInfo":[],"Source":"mock","SortOrder":240},{"VideoId":242,"GroupId":242,"SongInfo":[],"Source":"mock","SortOrder":241},{"VideoId":243,"GroupId":243,"SongInfo":[],"Source":"mock","SortOrder":242},{"VideoId":244,"GroupId":244,"SongInfo":[],"Source":"mock","SortOrder":243},{"VideoId":245,"GroupId":245,"SongInfo":[],"Source":"mock","SortOrder":244},{"VideoId":246,"GroupId":246,"SongInfo":[],"Source":"mock","SortOrder":245},{"VideoId":247,"GroupId":247,"SongInfo":[],"Source":"mock","SortOrder":246},{"VideoId":248,"GroupId":248,"SongInfo":[],"Source":"mock","SortOrder":247},{"VideoId":249,"GroupId":249,"SongInfo":[],"Source":"mock","SortOrder":248},{"VideoId":250,"GroupId":250,"SongInfo":[],"Source":"mock","SortOrder":249},{"VideoId":251,"GroupId":251,"SongInfo":[],"Source":"mock","SortOrder":250},{"VideoId":252,"GroupId":252,"SongInfo":[],"Source":"mock","SortOrder":251},{"VideoId":253,"GroupId":253,"SongInfo":[],"Source":"mock","SortOrder":252},{"VideoId":254,"GroupId":254,"SongInfo":[],"Source":"mock","SortOrder":253},{"VideoId":255,"GroupId":255,"SongInfo":[],"Source":"mock","SortOrder":254},{"VideoId":256,"GroupId":256,"SongInfo":[],"Source":"mock","SortOrder":255},{"VideoId":257,"GroupId":257,"SongInfo":[],"Source":"mock","SortOrder":256},{"VideoId":258,"GroupId":258,"SongInfo":[],"Source":"mock","SortOrder":257},{"VideoId":259,"GroupId":259,"SongInfo":[],"Source":"mock","SortOrder":258},{"VideoId":260,"GroupId":260,"SongInfo":[],"Source":"mock","SortOrder":259},{"VideoId":261,"GroupId":261,"SongInfo":[],"Source":"mock","SortOrder":260},{"VideoId":262,"GroupId":262,"SongInfo":[],"Source":"mock","SortOrder":261},{"VideoId":263,"GroupId":263,"SongInfo":[],"Source":"mock","SortOrder":262},{"VideoId":264,"GroupId":264,"SongInfo":[],"Source":"mock","SortOrder":263},{"VideoId":265,"GroupId":265,"SongInfo":[],"Source":"mock","SortOrder":264},{"VideoId":266,"GroupId":266,"SongInfo":[],"Source":"mock","SortOrder":265},{"VideoId":267,"GroupId":267,"SongInfo":[],"Source":"mock","SortOrder":266},{"VideoId":268,"GroupId":268,"SongInfo":[],"Source":"mock","SortOrder":267},{"VideoId":269,"GroupId":269,"SongInfo":[],"Source":"mock","SortOrder":268},{"VideoId":270,"GroupId":270,"SongInfo":[],"Source":"mock","SortOrder":269},{"VideoId":271,"GroupId":271,"SongInfo":[],"Source":"mock","SortOrder":270},{"VideoId":272,"GroupId":272,"SongInfo":[],"Source":"mock","SortOrder":271},{"VideoId":273,"GroupId":273,"SongInfo":[],"Source":"mock","SortOrder":272},{"VideoId":274,"GroupId":274,"SongInfo":[],"Source":"mock","SortOrder":273},{"VideoId":275,"GroupId":275,"SongInfo":[],"Source":"mock","SortOrder":274},{"VideoId":276,"GroupId":276,"SongInfo":[],"Source":"mock","SortOrder":275},{"VideoId":277,"GroupId":277,"SongInfo":[],"Source":"mock","SortOrder":276},{"VideoId":278,"GroupId":278,"SongInfo":[],"Source":"mock","SortOrder":277},{"VideoId":279,"GroupId":279,"SongInfo":[],"Source":"mock","SortOrder":278},{"VideoId":280,"GroupId":280,"SongInfo":[],"Source":"mock","SortOrder":279},{"VideoId":281,"GroupId":281,"SongInfo":[],"Source":"mock","SortOrder":280},{"VideoId":282,"GroupId":282,"SongInfo":[],"Source":"mock","SortOrder":281},{"VideoId":283,"GroupId":283,"SongInfo":[],"Source":"mock","SortOrder":282},{"VideoId":284,"GroupId":284,"SongInfo":[],"Source":"mock","SortOrder":283},{"VideoId":285,"GroupId":285,"SongInfo":[],"Source":"mock","SortOrder":284},{"VideoId":286,"GroupId":286,"SongInfo":[],"Source":"mock","SortOrder":285},{"VideoId":287,"GroupId":287,"SongInfo":[],"Source":"mock","SortOrder":286},{"VideoId":288,"GroupId":288,"SongInfo":[],"Source":"mock","SortOrder":287},{"VideoId":289,"GroupId":289,"SongInfo":[],"Source":"mock","SortOrder":288},{"VideoId":290,"GroupId":290,"SongInfo":[],"Source":"mock","SortOrder":289},{"VideoId":291,"GroupId":291,"SongInfo":[],"Source":"mock","SortOrder":290},{"VideoId":292,"GroupId":292,"SongInfo":[],"Source":"mock","SortOrder":291},{"VideoId":293,"GroupId":293,"SongInfo":[],"Source":"mock","SortOrder":292},{"VideoId":294,"GroupId":294,"SongInfo":[],"Source":"mock","SortOrder":293},{"VideoId":295,"GroupId":295,"SongInfo":[],"Source":"mock","SortOrder":294},{"VideoId":296,"GroupId":296,"SongInfo":[],"Source":"mock","SortOrder":295},{"VideoId":297,"GroupId":297,"SongInfo":[],"Source":"mock","SortOrder":296},{"VideoId":298,"GroupId":298,"SongInfo":[],"Source":"mock","SortOrder":297},{"VideoId":299,"GroupId":299,"SongInfo":[],"Source":"mock","SortOrder":298},{"VideoId":300,"GroupId":300,"SongInfo":[],"Source":"mock","SortOrder":299},{"VideoId":301,"GroupId":301,"SongInfo":[],"Source":"mock","SortOrder":300},{"VideoId":302,"GroupId":302,"SongInfo":[],"Source":"mock","SortOrder":301},{"VideoId":303,"GroupId":303,"SongInfo":[],"Source":"mock","SortOrder":302},{"VideoId":304,"GroupId":304,"SongInfo":[],"Source":"mock","SortOrder":303},{"VideoId":305,"GroupId":305,"SongInfo":[],"Source":"mock","SortOrder":304},{"VideoId":306,"GroupId":306,"SongInfo":[],"Source":"mock","SortOrder":305},{"VideoId":307,"GroupId":307,"SongInfo":[],"Source":"mock","SortOrder":306},{"VideoId":308,"GroupId":308,"SongInfo":[],"Source":"mock","SortOrder":307},{"VideoId":309,"GroupId":309,"SongInfo":[],"Source":"mock","SortOrder":308},{"VideoId":310,"GroupId":310,"SongInfo":[],"Source":"mock","SortOrder":309},{"VideoId":311,"GroupId":311,"SongInfo":[],"Source":"mock","SortOrder":310},{"VideoId":312,"GroupId":312,"SongInfo":[],"Source":"mock","SortOrder":311},{"VideoId":313,"GroupId":313,"SongInfo":[],"Source":"mock","SortOrder":312},{"VideoId":314,"GroupId":314,"SongInfo":[],"Source":"mock","SortOrder":313},{"VideoId":315,"GroupId":315,"SongInfo":[],"Source":"mock","SortOrder":314},{"VideoId":316,"GroupId":316,"SongInfo":[],"Source":"mock","SortOrder":315},{"VideoId":317,"GroupId":317,"SongInfo":[],"Source":"mock","SortOrder":316},{"VideoId":318,"GroupId":318,"SongInfo":[],"Source":"mock","SortOrder":317},{"VideoId":319,"GroupId":319,"SongInfo":[],"Source":"mock","SortOrder":318},{"VideoId":320,"GroupId":320,"SongInfo":[],"Source":"mock","SortOrder":319},{"VideoId":321,"GroupId":321,"SongInfo":[],"Source":"mock","SortOrder":320},{"VideoId":322,"GroupId":322,"SongInfo":[],"Source":"mock","SortOrder":321},{"VideoId":323,"GroupId":323,"SongInfo":[],"Source":"mock","SortOrder":322},{"VideoId":324,"GroupId":324,"SongInfo":[],"Source":"mock","SortOrder":323},{"VideoId":325,"GroupId":325,"SongInfo":[],"Source":"mock","SortOrder":324},{"VideoId":326,"GroupId":326,"SongInfo":[],"Source":"mock","SortOrder":325},{"VideoId":327,"GroupId":327,"SongInfo":[],"Source":"mock","SortOrder":326},{"VideoId":328,"GroupId":328,"SongInfo":[],"Source":"mock","SortOrder":327},{"VideoId":329,"GroupId":329,"SongInfo":[],"Source":"mock","SortOrder":328},{"VideoId":330,"GroupId":330,"SongInfo":[],"Source":"mock","SortOrder":329},{"VideoId":331,"GroupId":331,"SongInfo":[],"Source":"mock","SortOrder":330},{"VideoId":332,"GroupId":332,"SongInfo":[],"Source":"mock","SortOrder":331},{"VideoId":333,"GroupId":333,"SongInfo":[],"Source":"mock","SortOrder":332},{"VideoId":334,"GroupId":334,"SongInfo":[],"Source":"mock","SortOrder":333},{"VideoId":335,"GroupId":335,"SongInfo":[],"Source":"mock","SortOrder":334},{"VideoId":336,"GroupId":336,"SongInfo":[],"Source":"mock","SortOrder":335},{"VideoId":337,"GroupId":337,"SongInfo":[],"Source":"mock","SortOrder":336},{"VideoId":338,"GroupId":338,"SongInfo":[],"Source":"mock","SortOrder":337},{"VideoId":339,"GroupId":339,"SongInfo":[],"Source":"mock","SortOrder":338},{"VideoId":340,"GroupId":340,"SongInfo":[],"Source":"mock","SortOrder":339},{"VideoId":341,"GroupId":341,"SongInfo":[],"Source":"mock","SortOrder":340},{"VideoId":342,"GroupId":342,"SongInfo":[],"Source":"mock","SortOrder":341},{"VideoId":343,"GroupId":343,"SongInfo":[],"Source":"mock","SortOrder":342},{"VideoId":344,"GroupId":344,"SongInfo":[],"Source":"mock","SortOrder":343},{"VideoId":345,"GroupId":345,"SongInfo":[],"Source":"mock","SortOrder":344},{"VideoId":346,"GroupId":346,"SongInfo":[],"Source":"mock","SortOrder":345},{"VideoId":347,"GroupId":347,"SongInfo":[],"Source":"mock","SortOrder":346},{"VideoId":348,"GroupId":348,"SongInfo":[],"Source":"mock","SortOrder":347},{"VideoId":349,"GroupId":349,"SongInfo":[],"Source":"mock","SortOrder":348},{"VideoId":350,"GroupId":350,"SongInfo":[],"Source":"mock","SortOrder":349},{"VideoId":351,"GroupId":351,"SongInfo":[],"Source":"mock","SortOrder":350},{"VideoId":352,"GroupId":352,"SongInfo":[],"Source":"mock","SortOrder":351},{"VideoId":353,"GroupId":353,"SongInfo":[],"Source":"mock","SortOrder":352},{"VideoId":354,"GroupId":354,"SongInfo":[],"Source":"mock","SortOrder":353},{"VideoId":355,"GroupId":355,"SongInfo":[],"Source":"mock","SortOrder":354},{"VideoId":356,"GroupId":356,"SongInfo":[],"Source":"mock","SortOrder":355},{"VideoId":357,"GroupId":357,"SongInfo":[],"Source":"mock","SortOrder":356},{"VideoId":358,"GroupId":358,"SongInfo":[],"Source":"mock","SortOrder":357},{"VideoId":359,"GroupId":359,"SongInfo":[],"Source":"mock","SortOrder":358},{"VideoId":360,"GroupId":360,"SongInfo":[],"Source":"mock","SortOrder":359},{"VideoId":361,"GroupId":361,"SongInfo":[],"Source":"mock","SortOrder":360},{"VideoId":362,"GroupId":362,"SongInfo":[],"Source":"mock","SortOrder":361},{"VideoId":363,"GroupId":363,"SongInfo":[],"Source":"mock","SortOrder":362},{"VideoId":364,"GroupId":364,"SongInfo":[],"Source":"mock","SortOrder":363},{"VideoId":365,"GroupId":365,"SongInfo":[],"Source":"mock","SortOrder":364},{"VideoId":366,"GroupId":366,"SongInfo":[],"Source":"mock","SortOrder":365},{"VideoId":367,"GroupId":367,"SongInfo":[],"Source":"mock","SortOrder":366},{"VideoId":368,"GroupId":368,"SongInfo":[],"Source":"mock","SortOrder":367},{"VideoId":369,"GroupId":369,"SongInfo":[],"Source":"mock","SortOrder":368},{"VideoId":370,"GroupId":370,"SongInfo":[],"Source":"mock","SortOrder":369},{"VideoId":371,"GroupId":371,"SongInfo":[],"Source":"mock","SortOrder":370},{"VideoId":372,"GroupId":372,"SongInfo":[],"Source":"mock","SortOrder":371},{"VideoId":373,"GroupId":373,"SongInfo":[],"Source":"mock","SortOrder":372},{"VideoId":374,"GroupId":374,"SongInfo":[],"Source":"mock","SortOrder":373},{"VideoId":375,"GroupId":375,"SongInfo":[],"Source":"mock","SortOrder":374},{"VideoId":376,"GroupId":376,"SongInfo":[],"Source":"mock","SortOrder":375},{"VideoId":377,"GroupId":377,"SongInfo":[],"Source":"mock","SortOrder":376},{"VideoId":378,"GroupId":378,"SongInfo":[],"Source":"mock","SortOrder":377},{"VideoId":379,"GroupId":379,"SongInfo":[],"Source":"mock","SortOrder":378},{"VideoId":380,"GroupId":380,"SongInfo":[],"Source":"mock","SortOrder":379},{"VideoId":381,"GroupId":381,"SongInfo":[],"Source":"mock","SortOrder":380},{"VideoId":382,"GroupId":382,"SongInfo":[],"Source":"mock","SortOrder":381},{"VideoId":383,"GroupId":383,"SongInfo":[],"Source":"mock","SortOrder":382},{"VideoId":384,"GroupId":384,"SongInfo":[],"Source":"mock","SortOrder":383},{"VideoId":385,"GroupId":385,"SongInfo":[],"Source":"mock","SortOrder":384},{"VideoId":386,"GroupId":386,"SongInfo":[],"Source":"mock","SortOrder":385},{"VideoId":387,"GroupId":387,"SongInfo":[],"Source":"mock","SortOrder":386},{"VideoId":388,"GroupId":388,"SongInfo":[],"Source":"mock","SortOrder":387},{"VideoId":389,"GroupId":389,"SongInfo":[],"Source":"mock","SortOrder":388},{"VideoId":390,"GroupId":390,"SongInfo":[],"Source":"mock","SortOrder":389},{"VideoId":391,"GroupId":391,"SongInfo":[],"Source":"mock","SortOrder":390},{"VideoId":392,"GroupId":392,"SongInfo":[],"Source":"mock","SortOrder":391},{"VideoId":393,"GroupId":393,"SongInfo":[],"Source":"mock","SortOrder":392},{"VideoId":394,"GroupId":394,"SongInfo":[],"Source":"mock","SortOrder":393},{"VideoId":395,"GroupId":395,"SongInfo":[],"Source":"mock","SortOrder":394},{"VideoId":396,"GroupId":396,"SongInfo":[],"Source":"mock","SortOrder":395},{"VideoId":397,"GroupId":397,"SongInfo":[],"Source":"mock","SortOrder":396},{"VideoId":398,"GroupId":398,"SongInfo":[],"Source":"mock","SortOrder":397},{"VideoId":399,"GroupId":399,"SongInfo":[],"Source":"mock","SortOrder":398},{"VideoId":400,"GroupId":400,"SongInfo":[],"Source":"mock","SortOrder":399},{"VideoId":401,"GroupId":401,"SongInfo":[],"Source":"mock","SortOrder":400},{"VideoId":402,"GroupId":402,"SongInfo":[],"Source":"mock","SortOrder":401},{"VideoId":403,"GroupId":403,"SongInfo":[],"Source":"mock","SortOrder":402},{"VideoId":404,"GroupId":404,"SongInfo":[],"Source":"mock","SortOrder":403},{"VideoId":405,"GroupId":405,"SongInfo":[],"Source":"mock","SortOrder":404},{"VideoId":406,"GroupId":406,"SongInfo":[],"Source":"mock","SortOrder":405},{"VideoId":407,"GroupId":407,"SongInfo":[],"Source":"mock","SortOrder":406},{"VideoId":408,"GroupId":408,"SongInfo":[],"Source":"mock","SortOrder":407},{"VideoId":409,"GroupId":409,"SongInfo":[],"Source":"mock","SortOrder":408},{"VideoId":410,"GroupId":410,"SongInfo":[],"Source":"mock","SortOrder":409},{"VideoId":411,"GroupId":411,"SongInfo":[],"Source":"mock","SortOrder":410},{"VideoId":412,"GroupId":412,"SongInfo":[],"Source":"mock","SortOrder":411},{"VideoId":413,"GroupId":413,"SongInfo":[],"Source":"mock","SortOrder":412},{"VideoId":414,"GroupId":414,"SongInfo":[],"Source":"mock","SortOrder":413},{"VideoId":415,"GroupId":415,"SongInfo":[],"Source":"mock","SortOrder":414},{"VideoId":416,"GroupId":416,"SongInfo":[],"Source":"mock","SortOrder":415},{"VideoId":417,"GroupId":417,"SongInfo":[],"Source":"mock","SortOrder":416},{"VideoId":418,"GroupId":418,"SongInfo":[],"Source":"mock","SortOrder":417},{"VideoId":419,"GroupId":419,"SongInfo":[],"Source":"mock","SortOrder":418},{"VideoId":420,"GroupId":420,"SongInfo":[],"Source":"mock","SortOrder":419},{"VideoId":421,"GroupId":421,"SongInfo":[],"Source":"mock","SortOrder":420},{"VideoId":422,"GroupId":422,"SongInfo":[],"Source":"mock","SortOrder":421},{"VideoId":423,"GroupId":423,"SongInfo":[],"Source":"mock","SortOrder":422},{"VideoId":424,"GroupId":424,"SongInfo":[],"Source":"mock","SortOrder":423},{"VideoId":425,"GroupId":425,"SongInfo":[],"Source":"mock","SortOrder":424},{"VideoId":426,"GroupId":426,"SongInfo":[],"Source":"mock","SortOrder":425},{"VideoId":427,"GroupId":427,"SongInfo":[],"Source":"mock","SortOrder":426},{"VideoId":428,"GroupId":428,"SongInfo":[],"Source":"mock","SortOrder":427},{"VideoId":429,"GroupId":429,"SongInfo":[],"Source":"mock","SortOrder":428},{"VideoId":430,"GroupId":430,"SongInfo":[],"Source":"mock","SortOrder":429},{"VideoId":431,"GroupId":431,"SongInfo":[],"Source":"mock","SortOrder":430},{"VideoId":432,"GroupId":432,"SongInfo":[],"Source":"mock","SortOrder":431},{"VideoId":433,"GroupId":433,"SongInfo":[],"Source":"mock","SortOrder":432},{"VideoId":434,"GroupId":434,"SongInfo":[],"Source":"mock","SortOrder":433},{"VideoId":435,"GroupId":435,"SongInfo":[],"Source":"mock","SortOrder":434},{"VideoId":436,"GroupId":436,"SongInfo":[],"Source":"mock","SortOrder":435},{"VideoId":437,"GroupId":437,"SongInfo":[],"Source":"mock","SortOrder":436},{"VideoId":438,"GroupId":438,"SongInfo":[],"Source":"mock","SortOrder":437},{"VideoId":439,"GroupId":439,"SongInfo":[],"Source":"mock","SortOrder":438},{"VideoId":440,"GroupId":440,"SongInfo":[],"Source":"mock","SortOrder":439},{"VideoId":441,"GroupId":441,"SongInfo":[],"Source":"mock","SortOrder":440},{"VideoId":442,"GroupId":442,"SongInfo":[],"Source":"mock","SortOrder":441},{"VideoId":443,"GroupId":443,"SongInfo":[],"Source":"mock","SortOrder":442},{"VideoId":444,"GroupId":444,"SongInfo":[],"Source":"mock","SortOrder":443},{"VideoId":445,"GroupId":445,"SongInfo":[],"Source":"mock","SortOrder":444},{"VideoId":446,"GroupId":446,"SongInfo":[],"Source":"mock","SortOrder":445},{"VideoId":447,"GroupId":447,"SongInfo":[],"Source":"mock","SortOrder":446},{"VideoId":448,"GroupId":448,"SongInfo":[],"Source":"mock","SortOrder":447},{"VideoId":449,"GroupId":449,"SongInfo":[],"Source":"mock","SortOrder":448},{"VideoId":450,"GroupId":450,"SongInfo":[],"Source":"mock","SortOrder":449},{"VideoId":451,"GroupId":451,"SongInfo":[],"Source":"mock","SortOrder":450},{"VideoId":452,"GroupId":452,"SongInfo":[],"Source":"mock","SortOrder":451},{"VideoId":453,"GroupId":453,"SongInfo":[],"Source":"mock","SortOrder":452},{"VideoId":454,"GroupId":454,"SongInfo":[],"Source":"mock","SortOrder":453},{"VideoId":455,"GroupId":455,"SongInfo":[],"Source":"mock","SortOrder":454},{"VideoId":456,"GroupId":456,"SongInfo":[],"Source":"mock","SortOrder":455},{"VideoId":457,"GroupId":457,"SongInfo":[],"Source":"mock","SortOrder":456},{"VideoId":458,"GroupId":458,"SongInfo":[],"Source":"mock","SortOrder":457},{"VideoId":459,"GroupId":459,"SongInfo":[],"Source":"mock","SortOrder":458},{"VideoId":460,"GroupId":460,"SongInfo":[],"Source":"mock","SortOrder":459},{"VideoId":461,"GroupId":461,"SongInfo":[],"Source":"mock","SortOrder":460},{"VideoId":462,"GroupId":462,"SongInfo":[],"Source":"mock","SortOrder":461},{"VideoId":463,"GroupId":463,"SongInfo":[],"Source":"mock","SortOrder":462},{"VideoId":464,"GroupId":464,"SongInfo":[],"Source":"mock","SortOrder":463},{"VideoId":465,"GroupId":465,"SongInfo":[],"Source":"mock","SortOrder":464},{"VideoId":466,"GroupId":466,"SongInfo":[],"Source":"mock","SortOrder":465},{"VideoId":467,"GroupId":467,"SongInfo":[],"Source":"mock","SortOrder":466},{"VideoId":468,"GroupId":468,"SongInfo":[],"Source":"mock","SortOrder":467},{"VideoId":469,"GroupId":469,"SongInfo":[],"Source":"mock","SortOrder":468},{"VideoId":470,"GroupId":470,"SongInfo":[],"Source":"mock","SortOrder":469},{"VideoId":471,"GroupId":471,"SongInfo":[],"Source":"mock","SortOrder":470},{"VideoId":472,"GroupId":472,"SongInfo":[],"Source":"mock","SortOrder":471},{"VideoId":473,"GroupId":473,"SongInfo":[],"Source":"mock","SortOrder":472},{"VideoId":474,"GroupId":474,"SongInfo":[],"Source":"mock","SortOrder":473},{"VideoId":475,"GroupId":475,"SongInfo":[],"Source":"mock","SortOrder":474},{"VideoId":476,"GroupId":476,"SongInfo":[],"Source":"mock","SortOrder":475},{"VideoId":477,"GroupId":477,"SongInfo":[],"Source":"mock","SortOrder":476},{"VideoId":478,"GroupId":478,"SongInfo":[],"Source":"mock","SortOrder":477},{"VideoId":479,"GroupId":479,"SongInfo":[],"Source":"mock","SortOrder":478},{"VideoId":480,"GroupId":480,"SongInfo":[],"Source":"mock","SortOrder":479},{"VideoId":481,"GroupId":481,"SongInfo":[],"Source":"mock","SortOrder":480},{"VideoId":482,"GroupId":482,"SongInfo":[],"Source":"mock","SortOrder":481},{"VideoId":483,"GroupId":483,"SongInfo":[],"Source":"mock","SortOrder":482},{"VideoId":484,"GroupId":484,"SongInfo":[],"Source":"mock","SortOrder":483},{"VideoId":485,"GroupId":485,"SongInfo":[],"Source":"mock","SortOrder":484},{"VideoId":486,"GroupId":486,"SongInfo":[],"Source":"mock","SortOrder":485},{"VideoId":487,"GroupId":487,"SongInfo":[],"Source":"mock","SortOrder":486},{"VideoId":488,"GroupId":488,"SongInfo":[],"Source":"mock","SortOrder":487},{"VideoId":489,"GroupId":489,"SongInfo":[],"Source":"mock","SortOrder":488},{"VideoId":490,"GroupId":490,"SongInfo":[],"Source":"mock","SortOrder":489},{"VideoId":491,"GroupId":491,"SongInfo":[],"Source":"mock","SortOrder":490},{"VideoId":492,"GroupId":492,"SongInfo":[],"Source":"mock","SortOrder":491},{"VideoId":493,"GroupId":493,"SongInfo":[],"Source":"mock","SortOrder":492},{"VideoId":494,"GroupId":494,"SongInfo":[],"Source":"mock","SortOrder":493},{"VideoId":495,"GroupId":495,"SongInfo":[],"Source":"mock","SortOrder":494},{"VideoId":496,"GroupId":496,"SongInfo":[],"Source":"mock","SortOrder":495},{"VideoId":497,"GroupId":497,"SongInfo":[],"Source":"mock","SortOrder":496},{"VideoId":498,"GroupId":498,"SongInfo":[],"Source":"mock","SortOrder":497},{"VideoId":499,"GroupId":499,"SongInfo":[],"Source":"mock","SortOrder":498},{"VideoId":500,"GroupId":500,"SongInfo":[],"Source":"mock","SortOrder":499},{"VideoId":501,"GroupId":501,"SongInfo":[],"Source":"mock","SortOrder":500},{"VideoId":502,"GroupId":502,"SongInfo":[],"Source":"mock","SortOrder":501},{"VideoId":503,"GroupId":503,"SongInfo":[],"Source":"mock","SortOrder":502},{"VideoId":504,"GroupId":504,"SongInfo":[],"Source":"mock","SortOrder":503},{"VideoId":505,"GroupId":505,"SongInfo":[],"Source":"mock","SortOrder":504},{"VideoId":506,"GroupId":506,"SongInfo":[],"Source":"mock","SortOrder":505},{"VideoId":507,"GroupId":507,"SongInfo":[],"Source":"mock","SortOrder":506},{"VideoId":508,"GroupId":508,"SongInfo":[],"Source":"mock","SortOrder":507},{"VideoId":509,"GroupId":509,"SongInfo":[],"Source":"mock","SortOrder":508},{"VideoId":510,"GroupId":510,"SongInfo":[],"Source":"mock","SortOrder":509},{"VideoId":511,"GroupId":511,"SongInfo":[],"Source":"mock","SortOrder":510},{"VideoId":512,"GroupId":512,"SongInfo":[],"Source":"mock","SortOrder":511},{"VideoId":513,"GroupId":513,"SongInfo":[],"Source":"mock","SortOrder":512},{"VideoId":514,"GroupId":514,"SongInfo":[],"Source":"mock","SortOrder":513},{"VideoId":515,"GroupId":515,"SongInfo":[],"Source":"mock","SortOrder":514},{"VideoId":516,"GroupId":516,"SongInfo":[],"Source":"mock","SortOrder":515},{"VideoId":517,"GroupId":517,"SongInfo":[],"Source":"mock","SortOrder":516},{"VideoId":518,"GroupId":518,"SongInfo":[],"Source":"mock","SortOrder":517},{"VideoId":519,"GroupId":519,"SongInfo":[],"Source":"mock","SortOrder":518},{"VideoId":520,"GroupId":520,"SongInfo":[],"Source":"mock","SortOrder":519},{"VideoId":521,"GroupId":521,"SongInfo":[],"Source":"mock","SortOrder":520},{"VideoId":522,"GroupId":522,"SongInfo":[],"Source":"mock","SortOrder":521},{"VideoId":523,"GroupId":523,"SongInfo":[],"Source":"mock","SortOrder":522},{"VideoId":524,"GroupId":524,"SongInfo":[],"Source":"mock","SortOrder":523},{"VideoId":525,"GroupId":525,"SongInfo":[],"Source":"mock","SortOrder":524},{"VideoId":526,"GroupId":526,"SongInfo":[],"Source":"mock","SortOrder":525},{"VideoId":527,"GroupId":527,"SongInfo":[],"Source":"mock","SortOrder":526},{"VideoId":528,"GroupId":528,"SongInfo":[],"Source":"mock","SortOrder":527},{"VideoId":529,"GroupId":529,"SongInfo":[],"Source":"mock","SortOrder":528},{"VideoId":530,"GroupId":530,"SongInfo":[],"Source":"mock","SortOrder":529},{"VideoId":531,"GroupId":531,"SongInfo":[],"Source":"mock","SortOrder":530},{"VideoId":532,"GroupId":532,"SongInfo":[],"Source":"mock","SortOrder":531},{"VideoId":533,"GroupId":533,"SongInfo":[],"Source":"mock","SortOrder":532},{"VideoId":534,"GroupId":534,"SongInfo":[],"Source":"mock","SortOrder":533},{"VideoId":535,"GroupId":535,"SongInfo":[],"Source":"mock","SortOrder":534},{"VideoId":536,"GroupId":536,"SongInfo":[],"Source":"mock","SortOrder":535},{"VideoId":537,"GroupId":537,"SongInfo":[],"Source":"mock","SortOrder":536},{"VideoId":538,"GroupId":538,"SongInfo":[],"Source":"mock","SortOrder":537},{"VideoId":539,"GroupId":539,"SongInfo":[],"Source":"mock","SortOrder":538},{"VideoId":540,"GroupId":540,"SongInfo":[],"Source":"mock","SortOrder":539},{"VideoId":541,"GroupId":541,"SongInfo":[],"Source":"mock","SortOrder":540},{"VideoId":542,"GroupId":542,"SongInfo":[],"Source":"mock","SortOrder":541},{"VideoId":543,"GroupId":543,"SongInfo":[],"Source":"mock","SortOrder":542},{"VideoId":544,"GroupId":544,"SongInfo":[],"Source":"mock","SortOrder":543},{"VideoId":545,"GroupId":545,"SongInfo":[],"Source":"mock","SortOrder":544},{"VideoId":546,"GroupId":546,"SongInfo":[],"Source":"mock","SortOrder":545},{"VideoId":547,"GroupId":547,"SongInfo":[],"Source":"mock","SortOrder":546},{"VideoId":548,"GroupId":548,"SongInfo":[],"Source":"mock","SortOrder":547},{"VideoId":549,"GroupId":549,"SongInfo":[],"Source":"mock","SortOrder":548},{"VideoId":550,"GroupId":550,"SongInfo":[],"Source":"mock","SortOrder":549},{"VideoId":551,"GroupId":551,"SongInfo":[],"Source":"mock","SortOrder":550},{"VideoId":552,"GroupId":552,"SongInfo":[],"Source":"mock","SortOrder":551},{"VideoId":553,"GroupId":553,"SongInfo":[],"Source":"mock","SortOrder":552},{"VideoId":554,"GroupId":554,"SongInfo":[],"Source":"mock","SortOrder":553},{"VideoId":555,"GroupId":555,"SongInfo":[],"Source":"mock","SortOrder":554},{"VideoId":556,"GroupId":556,"SongInfo":[],"Source":"mock","SortOrder":555},{"VideoId":557,"GroupId":557,"SongInfo":[],"Source":"mock","SortOrder":556},{"VideoId":558,"GroupId":558,"SongInfo":[],"Source":"mock","SortOrder":557},{"VideoId":559,"GroupId":559,"SongInfo":[],"Source":"mock","SortOrder":558},{"VideoId":560,"GroupId":560,"SongInfo":[],"Source":"mock","SortOrder":559},{"VideoId":561,"GroupId":561,"SongInfo":[],"Source":"mock","SortOrder":560},{"VideoId":562,"GroupId":562,"SongInfo":[],"Source":"mock","SortOrder":561},{"VideoId":563,"GroupId":563,"SongInfo":[],"Source":"mock","SortOrder":562},{"VideoId":564,"GroupId":564,"SongInfo":[],"Source":"mock","SortOrder":563},{"VideoId":565,"GroupId":565,"SongInfo":[],"Source":"mock","SortOrder":564},{"VideoId":566,"GroupId":566,"SongInfo":[],"Source":"mock","SortOrder":565},{"VideoId":567,"GroupId":567,"SongInfo":[],"Source":"mock","SortOrder":566},{"VideoId":568,"GroupId":568,"SongInfo":[],"Source":"mock","SortOrder":567},{"VideoId":569,"GroupId":569,"SongInfo":[],"Source":"mock","SortOrder":568},{"VideoId":570,"GroupId":570,"SongInfo":[],"Source":"mock","SortOrder":569},{"VideoId":571,"GroupId":571,"SongInfo":[],"Source":"mock","SortOrder":570},{"VideoId":572,"GroupId":572,"SongInfo":[],"Source":"mock","SortOrder":571},{"VideoId":573,"GroupId":573,"SongInfo":[],"Source":"mock","SortOrder":572},{"VideoId":574,"GroupId":574,"SongInfo":[],"Source":"mock","SortOrder":573},{"VideoId":575,"GroupId":575,"SongInfo":[],"Source":"mock","SortOrder":574},{"VideoId":576,"GroupId":576,"SongInfo":[],"Source":"mock","SortOrder":575},{"VideoId":577,"GroupId":577,"SongInfo":[],"Source":"mock","SortOrder":576},{"VideoId":578,"GroupId":578,"SongInfo":[],"Source":"mock","SortOrder":577},{"VideoId":579,"GroupId":579,"SongInfo":[],"Source":"mock","SortOrder":578},{"VideoId":580,"GroupId":580,"SongInfo":[],"Source":"mock","SortOrder":579},{"VideoId":581,"GroupId":581,"SongInfo":[],"Source":"mock","SortOrder":580},{"VideoId":582,"GroupId":582,"SongInfo":[],"Source":"mock","SortOrder":581},{"VideoId":583,"GroupId":583,"SongInfo":[],"Source":"mock","SortOrder":582},{"VideoId":584,"GroupId":584,"SongInfo":[],"Source":"mock","SortOrder":583},{"VideoId":585,"GroupId":585,"SongInfo":[],"Source":"mock","SortOrder":584},{"VideoId":586,"GroupId":586,"SongInfo":[],"Source":"mock","SortOrder":585},{"VideoId":587,"GroupId":587,"SongInfo":[],"Source":"mock","SortOrder":586},{"VideoId":588,"GroupId":588,"SongInfo":[],"Source":"mock","SortOrder":587},{"VideoId":589,"GroupId":589,"SongInfo":[],"Source":"mock","SortOrder":588},{"VideoId":590,"GroupId":590,"SongInfo":[],"Source":"mock","SortOrder":589},{"VideoId":591,"GroupId":591,"SongInfo":[],"Source":"mock","SortOrder":590},{"VideoId":592,"GroupId":592,"SongInfo":[],"Source":"mock","SortOrder":591},{"VideoId":593,"GroupId":593,"SongInfo":[],"Source":"mock","SortOrder":592},{"VideoId":594,"GroupId":594,"SongInfo":[],"Source":"mock","SortOrder":593},{"VideoId":595,"GroupId":595,"SongInfo":[],"Source":"mock","SortOrder":594},{"VideoId":596,"GroupId":596,"SongInfo":[],"Source":"mock","SortOrder":595},{"VideoId":597,"GroupId":597,"SongInfo":[],"Source":"mock","SortOrder":596},{"VideoId":598,"GroupId":598,"SongInfo":[],"Source":"mock","SortOrder":597},{"VideoId":599,"GroupId":599,"SongInfo":[],"Source":"mock","SortOrder":598},{"VideoId":600,"GroupId":600,"SongInfo":[],"Source":"mock","SortOrder":599},{"VideoId":601,"GroupId":601,"SongInfo":[],"Source":"mock","SortOrder":600},{"VideoId":602,"GroupId":602,"SongInfo":[],"Source":"mock","SortOrder":601},{"VideoId":603,"GroupId":603,"SongInfo":[],"Source":"mock","SortOrder":602},{"VideoId":604,"GroupId":604,"SongInfo":[],"Source":"mock","SortOrder":603},{"VideoId":605,"GroupId":605,"SongInfo":[],"Source":"mock","SortOrder":604},{"VideoId":606,"GroupId":606,"SongInfo":[],"Source":"mock","SortOrder":605},{"VideoId":607,"GroupId":607,"SongInfo":[],"Source":"mock","SortOrder":606},{"VideoId":608,"GroupId":608,"SongInfo":[],"Source":"mock","SortOrder":607},{"VideoId":609,"GroupId":609,"SongInfo":[],"Source":"mock","SortOrder":608},{"VideoId":610,"GroupId":610,"SongInfo":[],"Source":"mock","SortOrder":609},{"VideoId":611,"GroupId":611,"SongInfo":[],"Source":"mock","SortOrder":610},{"VideoId":612,"GroupId":612,"SongInfo":[],"Source":"mock","SortOrder":611},{"VideoId":613,"GroupId":613,"SongInfo":[],"Source":"mock","SortOrder":612},{"VideoId":614,"GroupId":614,"SongInfo":[],"Source":"mock","SortOrder":613},{"VideoId":615,"GroupId":615,"SongInfo":[],"Source":"mock","SortOrder":614},{"VideoId":616,"GroupId":616,"SongInfo":[],"Source":"mock","SortOrder":615},{"VideoId":617,"GroupId":617,"SongInfo":[],"Source":"mock","SortOrder":616},{"VideoId":618,"GroupId":618,"SongInfo":[],"Source":"mock","SortOrder":617},{"VideoId":619,"GroupId":619,"SongInfo":[],"Source":"mock","SortOrder":618},{"VideoId":620,"GroupId":620,"SongInfo":[],"Source":"mock","SortOrder":619},{"VideoId":621,"GroupId":621,"SongInfo":[],"Source":"mock","SortOrder":620},{"VideoId":622,"GroupId":622,"SongInfo":[],"Source":"mock","SortOrder":621},{"VideoId":623,"GroupId":623,"SongInfo":[],"Source":"mock","SortOrder":622},{"VideoId":624,"GroupId":624,"SongInfo":[],"Source":"mock","SortOrder":623},{"VideoId":625,"GroupId":625,"SongInfo":[],"Source":"mock","SortOrder":624},{"VideoId":626,"GroupId":626,"SongInfo":[],"Source":"mock","SortOrder":625},{"VideoId":627,"GroupId":627,"SongInfo":[],"Source":"mock","SortOrder":626},{"VideoId":628,"GroupId":628,"SongInfo":[],"Source":"mock","SortOrder":627},{"VideoId":629,"GroupId":629,"SongInfo":[],"Source":"mock","SortOrder":628},{"VideoId":630,"GroupId":630,"SongInfo":[],"Source":"mock","SortOrder":629},{"VideoId":631,"GroupId":631,"SongInfo":[],"Source":"mock","SortOrder":630},{"VideoId":632,"GroupId":632,"SongInfo":[],"Source":"mock","SortOrder":631},{"VideoId":633,"GroupId":633,"SongInfo":[],"Source":"mock","SortOrder":632},{"VideoId":634,"GroupId":634,"SongInfo":[],"Source":"mock","SortOrder":633},{"VideoId":635,"GroupId":635,"SongInfo":[],"Source":"mock","SortOrder":634},{"VideoId":636,"GroupId":636,"SongInfo":[],"Source":"mock","SortOrder":635},{"VideoId":637,"GroupId":637,"SongInfo":[],"Source":"mock","SortOrder":636},{"VideoId":638,"GroupId":638,"SongInfo":[],"Source":"mock","SortOrder":637},{"VideoId":639,"GroupId":639,"SongInfo":[],"Source":"mock","SortOrder":638},{"VideoId":640,"GroupId":640,"SongInfo":[],"Source":"mock","SortOrder":639},{"VideoId":641,"GroupId":641,"SongInfo":[],"Source":"mock","SortOrder":640},{"VideoId":642,"GroupId":642,"SongInfo":[],"Source":"mock","SortOrder":641},{"VideoId":643,"GroupId":643,"SongInfo":[],"Source":"mock","SortOrder":642},{"VideoId":644,"GroupId":644,"SongInfo":[],"Source":"mock","SortOrder":643},{"VideoId":645,"GroupId":645,"SongInfo":[],"Source":"mock","SortOrder":644},{"VideoId":646,"GroupId":646,"SongInfo":[],"Source":"mock","SortOrder":645},{"VideoId":647,"GroupId":647,"SongInfo":[],"Source":"mock","SortOrder":646},{"VideoId":648,"GroupId":648,"SongInfo":[],"Source":"mock","SortOrder":647},{"VideoId":649,"GroupId":649,"SongInfo":[],"Source":"mock","SortOrder":648},{"VideoId":650,"GroupId":650,"SongInfo":[],"Source":"mock","SortOrder":649},{"VideoId":651,"GroupId":651,"SongInfo":[],"Source":"mock","SortOrder":650},{"VideoId":652,"GroupId":652,"SongInfo":[],"Source":"mock","SortOrder":651},{"VideoId":653,"GroupId":653,"SongInfo":[],"Source":"mock","SortOrder":652},{"VideoId":654,"GroupId":654,"SongInfo":[],"Source":"mock","SortOrder":653},{"VideoId":655,"GroupId":655,"SongInfo":[],"Source":"mock","SortOrder":654},{"VideoId":656,"GroupId":656,"SongInfo":[],"Source":"mock","SortOrder":655},{"VideoId":657,"GroupId":657,"SongInfo":[],"Source":"mock","SortOrder":656},{"VideoId":658,"GroupId":658,"SongInfo":[],"Source":"mock","SortOrder":657},{"VideoId":659,"GroupId":659,"SongInfo":[],"Source":"mock","SortOrder":658},{"VideoId":660,"GroupId":660,"SongInfo":[],"Source":"mock","SortOrder":659},{"VideoId":661,"GroupId":661,"SongInfo":[],"Source":"mock","SortOrder":660},{"VideoId":662,"GroupId":662,"SongInfo":[],"Source":"mock","SortOrder":661},{"VideoId":663,"GroupId":663,"SongInfo":[],"Source":"mock","SortOrder":662},{"VideoId":664,"GroupId":664,"SongInfo":[],"Source":"mock","SortOrder":663},{"VideoId":665,"GroupId":665,"SongInfo":[],"Source":"mock","SortOrder":664},{"VideoId":666,"GroupId":666,"SongInfo":[],"Source":"mock","SortOrder":665},{"VideoId":667,"GroupId":667,"SongInfo":[],"Source":"mock","SortOrder":666},{"VideoId":668,"GroupId":668,"SongInfo":[],"Source":"mock","SortOrder":667},{"VideoId":669,"GroupId":669,"SongInfo":[],"Source":"mock","SortOrder":668},{"VideoId":670,"GroupId":670,"SongInfo":[],"Source":"mock","SortOrder":669},{"VideoId":671,"GroupId":671,"SongInfo":[],"Source":"mock","SortOrder":670},{"VideoId":672,"GroupId":672,"SongInfo":[],"Source":"mock","SortOrder":671},{"VideoId":673,"GroupId":673,"SongInfo":[],"Source":"mock","SortOrder":672},{"VideoId":674,"GroupId":674,"SongInfo":[],"Source":"mock","SortOrder":673},{"VideoId":675,"GroupId":675,"SongInfo":[],"Source":"mock","SortOrder":674},{"VideoId":676,"GroupId":676,"SongInfo":[],"Source":"mock","SortOrder":675},{"VideoId":677,"GroupId":677,"SongInfo":[],"Source":"mock","SortOrder":676},{"VideoId":678,"GroupId":678,"SongInfo":[],"Source":"mock","SortOrder":677},{"VideoId":679,"GroupId":679,"SongInfo":[],"Source":"mock","SortOrder":678},{"VideoId":680,"GroupId":680,"SongInfo":[],"Source":"mock","SortOrder":679},{"VideoId":681,"GroupId":681,"SongInfo":[],"Source":"mock","SortOrder":680},{"VideoId":682,"GroupId":682,"SongInfo":[],"Source":"mock","SortOrder":681},{"VideoId":683,"GroupId":683,"SongInfo":[],"Source":"mock","SortOrder":682},{"VideoId":684,"GroupId":684,"SongInfo":[],"Source":"mock","SortOrder":683},{"VideoId":685,"GroupId":685,"SongInfo":[],"Source":"mock","SortOrder":684},{"VideoId":686,"GroupId":686,"SongInfo":[],"Source":"mock","SortOrder":685},{"VideoId":687,"GroupId":687,"SongInfo":[],"Source":"mock","SortOrder":686},{"VideoId":688,"GroupId":688,"SongInfo":[],"Source":"mock","SortOrder":687},{"VideoId":689,"GroupId":689,"SongInfo":[],"Source":"mock","SortOrder":688},{"VideoId":690,"GroupId":690,"SongInfo":[],"Source":"mock","SortOrder":689},{"VideoId":691,"GroupId":691,"SongInfo":[],"Source":"mock","SortOrder":690},{"VideoId":692,"GroupId":692,"SongInfo":[],"Source":"mock","SortOrder":691},{"VideoId":693,"GroupId":693,"SongInfo":[],"Source":"mock","SortOrder":692},{"VideoId":694,"GroupId":694,"SongInfo":[],"Source":"mock","SortOrder":693},{"VideoId":695,"GroupId":695,"SongInfo":[],"Source":"mock","SortOrder":694},{"VideoId":696,"GroupId":696,"SongInfo":[],"Source":"mock","SortOrder":695},{"VideoId":697,"GroupId":697,"SongInfo":[],"Source":"mock","SortOrder":696},{"VideoId":698,"GroupId":698,"SongInfo":[],"Source":"mock","SortOrder":697},{"VideoId":699,"GroupId":699,"SongInfo":[],"Source":"mock","SortOrder":698},{"VideoId":700,"GroupId":700,"SongInfo":[],"Source":"mock","SortOrder":699},{"VideoId":701,"GroupId":701,"SongInfo":[],"Source":"mock","SortOrder":700},{"VideoId":702,"GroupId":702,"SongInfo":[],"Source":"mock","SortOrder":701},{"VideoId":703,"GroupId":703,"SongInfo":[],"Source":"mock","SortOrder":702},{"VideoId":704,"GroupId":704,"SongInfo":[],"Source":"mock","SortOrder":703},{"VideoId":705,"GroupId":705,"SongInfo":[],"Source":"mock","SortOrder":704},{"VideoId":706,"GroupId":706,"SongInfo":[],"Source":"mock","SortOrder":705},{"VideoId":707,"GroupId":707,"SongInfo":[],"Source":"mock","SortOrder":706},{"VideoId":708,"GroupId":708,"SongInfo":[],"Source":"mock","SortOrder":707},{"VideoId":709,"GroupId":709,"SongInfo":[],"Source":"mock","SortOrder":708},{"VideoId":710,"GroupId":710,"SongInfo":[],"Source":"mock","SortOrder":709},{"VideoId":711,"GroupId":711,"SongInfo":[],"Source":"mock","SortOrder":710},{"VideoId":712,"GroupId":712,"SongInfo":[],"Source":"mock","SortOrder":711},{"VideoId":713,"GroupId":713,"SongInfo":[],"Source":"mock","SortOrder":712},{"VideoId":714,"GroupId":714,"SongInfo":[],"Source":"mock","SortOrder":713},{"VideoId":715,"GroupId":715,"SongInfo":[],"Source":"mock","SortOrder":714},{"VideoId":716,"GroupId":716,"SongInfo":[],"Source":"mock","SortOrder":715},{"VideoId":717,"GroupId":717,"SongInfo":[],"Source":"mock","SortOrder":716},{"VideoId":718,"GroupId":718,"SongInfo":[],"Source":"mock","SortOrder":717},{"VideoId":719,"GroupId":719,"SongInfo":[],"Source":"mock","SortOrder":718},{"VideoId":720,"GroupId":720,"SongInfo":[],"Source":"mock","SortOrder":719},{"VideoId":721,"GroupId":721,"SongInfo":[],"Source":"mock","SortOrder":720},{"VideoId":722,"GroupId":722,"SongInfo":[],"Source":"mock","SortOrder":721},{"VideoId":723,"GroupId":723,"SongInfo":[],"Source":"mock","SortOrder":722},{"VideoId":724,"GroupId":724,"SongInfo":[],"Source":"mock","SortOrder":723},{"VideoId":725,"GroupId":725,"SongInfo":[],"Source":"mock","SortOrder":724},{"VideoId":726,"GroupId":726,"SongInfo":[],"Source":"mock","SortOrder":725},{"VideoId":727,"GroupId":727,"SongInfo":[],"Source":"mock","SortOrder":726},{"VideoId":728,"GroupId":728,"SongInfo":[],"Source":"mock","SortOrder":727},{"VideoId":729,"GroupId":729,"SongInfo":[],"Source":"mock","SortOrder":728},{"VideoId":730,"GroupId":730,"SongInfo":[],"Source":"mock","SortOrder":729},{"VideoId":731,"GroupId":731,"SongInfo":[],"Source":"mock","SortOrder":730},{"VideoId":732,"GroupId":732,"SongInfo":[],"Source":"mock","SortOrder":731},{"VideoId":733,"GroupId":733,"SongInfo":[],"Source":"mock","SortOrder":732},{"VideoId":734,"GroupId":734,"SongInfo":[],"Source":"mock","SortOrder":733},{"VideoId":735,"GroupId":735,"SongInfo":[],"Source":"mock","SortOrder":734},{"VideoId":736,"GroupId":736,"SongInfo":[],"Source":"mock","SortOrder":735},{"VideoId":737,"GroupId":737,"SongInfo":[],"Source":"mock","SortOrder":736},{"VideoId":738,"GroupId":738,"SongInfo":[],"Source":"mock","SortOrder":737},{"VideoId":739,"GroupId":739,"SongInfo":[],"Source":"mock","SortOrder":738},{"VideoId":740,"GroupId":740,"SongInfo":[],"Source":"mock","SortOrder":739},{"VideoId":741,"GroupId":741,"SongInfo":[],"Source":"mock","SortOrder":740},{"VideoId":742,"GroupId":742,"SongInfo":[],"Source":"mock","SortOrder":741},{"VideoId":743,"GroupId":743,"SongInfo":[],"Source":"mock","SortOrder":742},{"VideoId":744,"GroupId":744,"SongInfo":[],"Source":"mock","SortOrder":743},{"VideoId":745,"GroupId":745,"SongInfo":[],"Source":"mock","SortOrder":744},{"VideoId":746,"GroupId":746,"SongInfo":[],"Source":"mock","SortOrder":745},{"VideoId":747,"GroupId":747,"SongInfo":[],"Source":"mock","SortOrder":746},{"VideoId":748,"GroupId":748,"SongInfo":[],"Source":"mock","SortOrder":747},{"VideoId":749,"GroupId":749,"SongInfo":[],"Source":"mock","SortOrder":748},{"VideoId":750,"GroupId":750,"SongInfo":[],"Source":"mock","SortOrder":749},{"VideoId":751,"GroupId":751,"SongInfo":[],"Source":"mock","SortOrder":750},{"VideoId":752,"GroupId":752,"SongInfo":[],"Source":"mock","SortOrder":751},{"VideoId":753,"GroupId":753,"SongInfo":[],"Source":"mock","SortOrder":752},{"VideoId":754,"GroupId":754,"SongInfo":[],"Source":"mock","SortOrder":753},{"VideoId":755,"GroupId":755,"SongInfo":[],"Source":"mock","SortOrder":754},{"VideoId":756,"GroupId":756,"SongInfo":[],"Source":"mock","SortOrder":755},{"VideoId":757,"GroupId":757,"SongInfo":[],"Source":"mock","SortOrder":756},{"VideoId":758,"GroupId":758,"SongInfo":[],"Source":"mock","SortOrder":757},{"VideoId":759,"GroupId":759,"SongInfo":[],"Source":"mock","SortOrder":758},{"VideoId":760,"GroupId":760,"SongInfo":[],"Source":"mock","SortOrder":759},{"VideoId":761,"GroupId":761,"SongInfo":[],"Source":"mock","SortOrder":760},{"VideoId":762,"GroupId":762,"SongInfo":[],"Source":"mock","SortOrder":761},{"VideoId":763,"GroupId":763,"SongInfo":[],"Source":"mock","SortOrder":762},{"VideoId":764,"GroupId":764,"SongInfo":[],"Source":"mock","SortOrder":763},{"VideoId":765,"GroupId":765,"SongInfo":[],"Source":"mock","SortOrder":764},{"VideoId":766,"GroupId":766,"SongInfo":[],"Source":"mock","SortOrder":765},{"VideoId":767,"GroupId":767,"SongInfo":[],"Source":"mock","SortOrder":766},{"VideoId":768,"GroupId":768,"SongInfo":[],"Source":"mock","SortOrder":767},{"VideoId":769,"GroupId":769,"SongInfo":[],"Source":"mock","SortOrder":768},{"VideoId":770,"GroupId":770,"SongInfo":[],"Source":"mock","SortOrder":769},{"VideoId":771,"GroupId":771,"SongInfo":[],"Source":"mock","SortOrder":770},{"VideoId":772,"GroupId":772,"SongInfo":[],"Source":"mock","SortOrder":771},{"VideoId":773,"GroupId":773,"SongInfo":[],"Source":"mock","SortOrder":772},{"VideoId":774,"GroupId":774,"SongInfo":[],"Source":"mock","SortOrder":773},{"VideoId":775,"GroupId":775,"SongInfo":[],"Source":"mock","SortOrder":774},{"VideoId":776,"GroupId":776,"SongInfo":[],"Source":"mock","SortOrder":775},{"VideoId":777,"GroupId":777,"SongInfo":[],"Source":"mock","SortOrder":776},{"VideoId":778,"GroupId":778,"SongInfo":[],"Source":"mock","SortOrder":777},{"VideoId":779,"GroupId":779,"SongInfo":[],"Source":"mock","SortOrder":778},{"VideoId":780,"GroupId":780,"SongInfo":[],"Source":"mock","SortOrder":779},{"VideoId":781,"GroupId":781,"SongInfo":[],"Source":"mock","SortOrder":780},{"VideoId":782,"GroupId":782,"SongInfo":[],"Source":"mock","SortOrder":781},{"VideoId":783,"GroupId":783,"SongInfo":[],"Source":"mock","SortOrder":782},{"VideoId":784,"GroupId":784,"SongInfo":[],"Source":"mock","SortOrder":783},{"VideoId":785,"GroupId":785,"SongInfo":[],"Source":"mock","SortOrder":784},{"VideoId":786,"GroupId":786,"SongInfo":[],"Source":"mock","SortOrder":785},{"VideoId":787,"GroupId":787,"SongInfo":[],"Source":"mock","SortOrder":786},{"VideoId":788,"GroupId":788,"SongInfo":[],"Source":"mock","SortOrder":787},{"VideoId":789,"GroupId":789,"SongInfo":[],"Source":"mock","SortOrder":788},{"VideoId":790,"GroupId":790,"SongInfo":[],"Source":"mock","SortOrder":789},{"VideoId":791,"GroupId":791,"SongInfo":[],"Source":"mock","SortOrder":790},{"VideoId":792,"GroupId":792,"SongInfo":[],"Source":"mock","SortOrder":791},{"VideoId":793,"GroupId":793,"SongInfo":[],"Source":"mock","SortOrder":792},{"VideoId":794,"GroupId":794,"SongInfo":[],"Source":"mock","SortOrder":793},{"VideoId":795,"GroupId":795,"SongInfo":[],"Source":"mock","SortOrder":794},{"VideoId":796,"GroupId":796,"SongInfo":[],"Source":"mock","SortOrder":795},{"VideoId":797,"GroupId":797,"SongInfo":[],"Source":"mock","SortOrder":796},{"VideoId":798,"GroupId":798,"SongInfo":[],"Source":"mock","SortOrder":797},{"VideoId":799,"GroupId":799,"SongInfo":[],"Source":"mock","SortOrder":798},{"VideoId":800,"GroupId":800,"SongInfo":[],"Source":"mock","SortOrder":799},{"VideoId":801,"GroupId":801,"SongInfo":[],"Source":"mock","SortOrder":800},{"VideoId":802,"GroupId":802,"SongInfo":[],"Source":"mock","SortOrder":801},{"VideoId":803,"GroupId":803,"SongInfo":[],"Source":"mock","SortOrder":802},{"VideoId":804,"GroupId":804,"SongInfo":[],"Source":"mock","SortOrder":803},{"VideoId":805,"GroupId":805,"SongInfo":[],"Source":"mock","SortOrder":804},{"VideoId":806,"GroupId":806,"SongInfo":[],"Source":"mock","SortOrder":805},{"VideoId":807,"GroupId":807,"SongInfo":[],"Source":"mock","SortOrder":806},{"VideoId":808,"GroupId":808,"SongInfo":[],"Source":"mock","SortOrder":807},{"VideoId":809,"GroupId":809,"SongInfo":[],"Source":"mock","SortOrder":808},{"VideoId":810,"GroupId":810,"SongInfo":[],"Source":"mock","SortOrder":809},{"VideoId":811,"GroupId":811,"SongInfo":[],"Source":"mock","SortOrder":810},{"VideoId":812,"GroupId":812,"SongInfo":[],"Source":"mock","SortOrder":811},{"VideoId":813,"GroupId":813,"SongInfo":[],"Source":"mock","SortOrder":812},{"VideoId":814,"GroupId":814,"SongInfo":[],"Source":"mock","SortOrder":813},{"VideoId":815,"GroupId":815,"SongInfo":[],"Source":"mock","SortOrder":814},{"VideoId":816,"GroupId":816,"SongInfo":[],"Source":"mock","SortOrder":815},{"VideoId":817,"GroupId":817,"SongInfo":[],"Source":"mock","SortOrder":816},{"VideoId":818,"GroupId":818,"SongInfo":[],"Source":"mock","SortOrder":817},{"VideoId":819,"GroupId":819,"SongInfo":[],"Source":"mock","SortOrder":818},{"VideoId":820,"GroupId":820,"SongInfo":[],"Source":"mock","SortOrder":819},{"VideoId":821,"GroupId":821,"SongInfo":[],"Source":"mock","SortOrder":820},{"VideoId":822,"GroupId":822,"SongInfo":[],"Source":"mock","SortOrder":821},{"VideoId":823,"GroupId":823,"SongInfo":[],"Source":"mock","SortOrder":822},{"VideoId":824,"GroupId":824,"SongInfo":[],"Source":"mock","SortOrder":823},{"VideoId":825,"GroupId":825,"SongInfo":[],"Source":"mock","SortOrder":824},{"VideoId":826,"GroupId":826,"SongInfo":[],"Source":"mock","SortOrder":825},{"VideoId":827,"GroupId":827,"SongInfo":[],"Source":"mock","SortOrder":826},{"VideoId":828,"GroupId":828,"SongInfo":[],"Source":"mock","SortOrder":827},{"VideoId":829,"GroupId":829,"SongInfo":[],"Source":"mock","SortOrder":828},{"VideoId":830,"GroupId":830,"SongInfo":[],"Source":"mock","SortOrder":829},{"VideoId":831,"GroupId":831,"SongInfo":[],"Source":"mock","SortOrder":830},{"VideoId":832,"GroupId":832,"SongInfo":[],"Source":"mock","SortOrder":831},{"VideoId":833,"GroupId":833,"SongInfo":[],"Source":"mock","SortOrder":832},{"VideoId":834,"GroupId":834,"SongInfo":[],"Source":"mock","SortOrder":833},{"VideoId":835,"GroupId":835,"SongInfo":[],"Source":"mock","SortOrder":834},{"VideoId":836,"GroupId":836,"SongInfo":[],"Source":"mock","SortOrder":835},{"VideoId":837,"GroupId":837,"SongInfo":[],"Source":"mock","SortOrder":836},{"VideoId":838,"GroupId":838,"SongInfo":[],"Source":"mock","SortOrder":837},{"VideoId":839,"GroupId":839,"SongInfo":[],"Source":"mock","SortOrder":838},{"VideoId":840,"GroupId":840,"SongInfo":[],"Source":"mock","SortOrder":839},{"VideoId":841,"GroupId":841,"SongInfo":[],"Source":"mock","SortOrder":840},{"VideoId":842,"GroupId":842,"SongInfo":[],"Source":"mock","SortOrder":841},{"VideoId":843,"GroupId":843,"SongInfo":[],"Source":"mock","SortOrder":842},{"VideoId":844,"GroupId":844,"SongInfo":[],"Source":"mock","SortOrder":843},{"VideoId":845,"GroupId":845,"SongInfo":[],"Source":"mock","SortOrder":844},{"VideoId":846,"GroupId":846,"SongInfo":[],"Source":"mock","SortOrder":845},{"VideoId":847,"GroupId":847,"SongInfo":[],"Source":"mock","SortOrder":846},{"VideoId":848,"GroupId":848,"SongInfo":[],"Source":"mock","SortOrder":847},{"VideoId":849,"GroupId":849,"SongInfo":[],"Source":"mock","SortOrder":848},{"VideoId":850,"GroupId":850,"SongInfo":[],"Source":"mock","SortOrder":849},{"VideoId":851,"GroupId":851,"SongInfo":[],"Source":"mock","SortOrder":850},{"VideoId":852,"GroupId":852,"SongInfo":[],"Source":"mock","SortOrder":851},{"VideoId":853,"GroupId":853,"SongInfo":[],"Source":"mock","SortOrder":852},{"VideoId":854,"GroupId":854,"SongInfo":[],"Source":"mock","SortOrder":853},{"VideoId":855,"GroupId":855,"SongInfo":[],"Source":"mock","SortOrder":854},{"VideoId":856,"GroupId":856,"SongInfo":[],"Source":"mock","SortOrder":855},{"VideoId":857,"GroupId":857,"SongInfo":[],"Source":"mock","SortOrder":856},{"VideoId":858,"GroupId":858,"SongInfo":[],"Source":"mock","SortOrder":857},{"VideoId":859,"GroupId":859,"SongInfo":[],"Source":"mock","SortOrder":858},{"VideoId":860,"GroupId":860,"SongInfo":[],"Source":"mock","SortOrder":859},{"VideoId":861,"GroupId":861,"SongInfo":[],"Source":"mock","SortOrder":860},{"VideoId":862,"GroupId":862,"SongInfo":[],"Source":"mock","SortOrder":861},{"VideoId":863,"GroupId":863,"SongInfo":[],"Source":"mock","SortOrder":862},{"VideoId":864,"GroupId":864,"SongInfo":[],"Source":"mock","SortOrder":863},{"VideoId":865,"GroupId":865,"SongInfo":[],"Source":"mock","SortOrder":864},{"VideoId":866,"GroupId":866,"SongInfo":[],"Source":"mock","SortOrder":865},{"VideoId":867,"GroupId":867,"SongInfo":[],"Source":"mock","SortOrder":866},{"VideoId":868,"GroupId":868,"SongInfo":[],"Source":"mock","SortOrder":867},{"VideoId":869,"GroupId":869,"SongInfo":[],"Source":"mock","SortOrder":868},{"VideoId":870,"GroupId":870,"SongInfo":[],"Source":"mock","SortOrder":869},{"VideoId":871,"GroupId":871,"SongInfo":[],"Source":"mock","SortOrder":870},{"VideoId":872,"GroupId":872,"SongInfo":[],"Source":"mock","SortOrder":871},{"VideoId":873,"GroupId":873,"SongInfo":[],"Source":"mock","SortOrder":872},{"VideoId":874,"GroupId":874,"SongInfo":[],"Source":"mock","SortOrder":873},{"VideoId":875,"GroupId":875,"SongInfo":[],"Source":"mock","SortOrder":874},{"VideoId":876,"GroupId":876,"SongInfo":[],"Source":"mock","SortOrder":875},{"VideoId":877,"GroupId":877,"SongInfo":[],"Source":"mock","SortOrder":876},{"VideoId":878,"GroupId":878,"SongInfo":[],"Source":"mock","SortOrder":877},{"VideoId":879,"GroupId":879,"SongInfo":[],"Source":"mock","SortOrder":878},{"VideoId":880,"GroupId":880,"SongInfo":[],"Source":"mock","SortOrder":879},{"VideoId":881,"GroupId":881,"SongInfo":[],"Source":"mock","SortOrder":880},{"VideoId":882,"GroupId":882,"SongInfo":[],"Source":"mock","SortOrder":881},{"VideoId":883,"GroupId":883,"SongInfo":[],"Source":"mock","SortOrder":882},{"VideoId":884,"GroupId":884,"SongInfo":[],"Source":"mock","SortOrder":883},{"VideoId":885,"GroupId":885,"SongInfo":[],"Source":"mock","SortOrder":884},{"VideoId":886,"GroupId":886,"SongInfo":[],"Source":"mock","SortOrder":885},{"VideoId":887,"GroupId":887,"SongInfo":[],"Source":"mock","SortOrder":886},{"VideoId":888,"GroupId":888,"SongInfo":[],"Source":"mock","SortOrder":887},{"VideoId":889,"GroupId":889,"SongInfo":[],"Source":"mock","SortOrder":888},{"VideoId":890,"GroupId":890,"SongInfo":[],"Source":"mock","SortOrder":889},{"VideoId":891,"GroupId":891,"SongInfo":[],"Source":"mock","SortOrder":890},{"VideoId":892,"GroupId":892,"SongInfo":[],"Source":"mock","SortOrder":891},{"VideoId":893,"GroupId":893,"SongInfo":[],"Source":"mock","SortOrder":892},{"VideoId":894,"GroupId":894,"SongInfo":[],"Source":"mock","SortOrder":893},{"VideoId":895,"GroupId":895,"SongInfo":[],"Source":"mock","SortOrder":894},{"VideoId":896,"GroupId":896,"SongInfo":[],"Source":"mock","SortOrder":895},{"VideoId":897,"GroupId":897,"SongInfo":[],"Source":"mock","SortOrder":896},{"VideoId":898,"GroupId":898,"SongInfo":[],"Source":"mock","SortOrder":897},{"VideoId":899,"GroupId":899,"SongInfo":[],"Source":"mock","SortOrder":898},{"VideoId":900,"GroupId":900,"SongInfo":[],"Source":"mock","SortOrder":899},{"VideoId":901,"GroupId":901,"SongInfo":[],"Source":"mock","SortOrder":900},{"VideoId":902,"GroupId":902,"SongInfo":[],"Source":"mock","SortOrder":901},{"VideoId":903,"GroupId":903,"SongInfo":[],"Source":"mock","SortOrder":902},{"VideoId":904,"GroupId":904,"SongInfo":[],"Source":"mock","SortOrder":903},{"VideoId":905,"GroupId":905,"SongInfo":[],"Source":"mock","SortOrder":904},{"VideoId":906,"GroupId":906,"SongInfo":[],"Source":"mock","SortOrder":905},{"VideoId":907,"GroupId":907,"SongInfo":[],"Source":"mock","SortOrder":906},{"VideoId":908,"GroupId":908,"SongInfo":[],"Source":"mock","SortOrder":907},{"VideoId":909,"GroupId":909,"SongInfo":[],"Source":"mock","SortOrder":908},{"VideoId":910,"GroupId":910,"SongInfo":[],"Source":"mock","SortOrder":909},{"VideoId":911,"GroupId":911,"SongInfo":[],"Source":"mock","SortOrder":910},{"VideoId":912,"GroupId":912,"SongInfo":[],"Source":"mock","SortOrder":911},{"VideoId":913,"GroupId":913,"SongInfo":[],"Source":"mock","SortOrder":912},{"VideoId":914,"GroupId":914,"SongInfo":[],"Source":"mock","SortOrder":913},{"VideoId":915,"GroupId":915,"SongInfo":[],"Source":"mock","SortOrder":914},{"VideoId":916,"GroupId":916,"SongInfo":[],"Source":"mock","SortOrder":915},{"VideoId":917,"GroupId":917,"SongInfo":[],"Source":"mock","SortOrder":916},{"VideoId":918,"GroupId":918,"SongInfo":[],"Source":"mock","SortOrder":917},{"VideoId":919,"GroupId":919,"SongInfo":[],"Source":"mock","SortOrder":918},{"VideoId":920,"GroupId":920,"SongInfo":[],"Source":"mock","SortOrder":919},{"VideoId":921,"GroupId":921,"SongInfo":[],"Source":"mock","SortOrder":920},{"VideoId":922,"GroupId":922,"SongInfo":[],"Source":"mock","SortOrder":921},{"VideoId":923,"GroupId":923,"SongInfo":[],"Source":"mock","SortOrder":922},{"VideoId":924,"GroupId":924,"SongInfo":[],"Source":"mock","SortOrder":923},{"VideoId":925,"GroupId":925,"SongInfo":[],"Source":"mock","SortOrder":924},{"VideoId":926,"GroupId":926,"SongInfo":[],"Source":"mock","SortOrder":925},{"VideoId":927,"GroupId":927,"SongInfo":[],"Source":"mock","SortOrder":926},{"VideoId":928,"GroupId":928,"SongInfo":[],"Source":"mock","SortOrder":927},{"VideoId":929,"GroupId":929,"SongInfo":[],"Source":"mock","SortOrder":928},{"VideoId":930,"GroupId":930,"SongInfo":[],"Source":"mock","SortOrder":929},{"VideoId":931,"GroupId":931,"SongInfo":[],"Source":"mock","SortOrder":930},{"VideoId":932,"GroupId":932,"SongInfo":[],"Source":"mock","SortOrder":931},{"VideoId":933,"GroupId":933,"SongInfo":[],"Source":"mock","SortOrder":932},{"VideoId":934,"GroupId":934,"SongInfo":[],"Source":"mock","SortOrder":933},{"VideoId":935,"GroupId":935,"SongInfo":[],"Source":"mock","SortOrder":934},{"VideoId":936,"GroupId":936,"SongInfo":[],"Source":"mock","SortOrder":935},{"VideoId":937,"GroupId":937,"SongInfo":[],"Source":"mock","SortOrder":936},{"VideoId":938,"GroupId":938,"SongInfo":[],"Source":"mock","SortOrder":937},{"VideoId":939,"GroupId":939,"SongInfo":[],"Source":"mock","SortOrder":938},{"VideoId":940,"GroupId":940,"SongInfo":[],"Source":"mock","SortOrder":939},{"VideoId":941,"GroupId":941,"SongInfo":[],"Source":"mock","SortOrder":940},{"VideoId":942,"GroupId":942,"SongInfo":[],"Source":"mock","SortOrder":941},{"VideoId":943,"GroupId":943,"SongInfo":[],"Source":"mock","SortOrder":942},{"VideoId":944,"GroupId":944,"SongInfo":[],"Source":"mock","SortOrder":943},{"VideoId":945,"GroupId":945,"SongInfo":[],"Source":"mock","SortOrder":944},{"VideoId":946,"GroupId":946,"SongInfo":[],"Source":"mock","SortOrder":945},{"VideoId":947,"GroupId":947,"SongInfo":[],"Source":"mock","SortOrder":946},{"VideoId":948,"GroupId":948,"SongInfo":[],"Source":"mock","SortOrder":947},{"VideoId":949,"GroupId":949,"SongInfo":[],"Source":"mock","SortOrder":948},{"VideoId":950,"GroupId":950,"SongInfo":[],"Source":"mock","SortOrder":949},{"VideoId":951,"GroupId":951,"SongInfo":[],"Source":"mock","SortOrder":950},{"VideoId":952,"GroupId":952,"SongInfo":[],"Source":"mock","SortOrder":951},{"VideoId":953,"GroupId":953,"SongInfo":[],"Source":"mock","SortOrder":952},{"VideoId":954,"GroupId":954,"SongInfo":[],"Source":"mock","SortOrder":953},{"VideoId":955,"GroupId":955,"SongInfo":[],"Source":"mock","SortOrder":954},{"VideoId":956,"GroupId":956,"SongInfo":[],"Source":"mock","SortOrder":955},{"VideoId":957,"GroupId":957,"SongInfo":[],"Source":"mock","SortOrder":956},{"VideoId":958,"GroupId":958,"SongInfo":[],"Source":"mock","SortOrder":957},{"VideoId":959,"GroupId":959,"SongInfo":[],"Source":"mock","SortOrder":958},{"VideoId":960,"GroupId":960,"SongInfo":[],"Source":"mock","SortOrder":959},{"VideoId":961,"GroupId":961,"SongInfo":[],"Source":"mock","SortOrder":960},{"VideoId":962,"GroupId":962,"SongInfo":[],"Source":"mock","SortOrder":961},{"VideoId":963,"GroupId":963,"SongInfo":[],"Source":"mock","SortOrder":962},{"VideoId":964,"GroupId":964,"SongInfo":[],"Source":"mock","SortOrder":963},{"VideoId":965,"GroupId":965,"SongInfo":[],"Source":"mock","SortOrder":964},{"VideoId":966,"GroupId":966,"SongInfo":[],"Source":"mock","SortOrder":965},{"VideoId":967,"GroupId":967,"SongInfo":[],"Source":"mock","SortOrder":966},{"VideoId":968,"GroupId":968,"SongInfo":[],"Source":"mock","SortOrder":967},{"VideoId":969,"GroupId":969,"SongInfo":[],"Source":"mock","SortOrder":968},{"VideoId":970,"GroupId":970,"SongInfo":[],"Source":"mock","SortOrder":969},{"VideoId":971,"GroupId":971,"SongInfo":[],"Source":"mock","SortOrder":970},{"VideoId":972,"GroupId":972,"SongInfo":[],"Source":"mock","SortOrder":971},{"VideoId":973,"GroupId":973,"SongInfo":[],"Source":"mock","SortOrder":972},{"VideoId":974,"GroupId":974,"SongInfo":[],"Source":"mock","SortOrder":973},{"VideoId":975,"GroupId":975,"SongInfo":[],"Source":"mock","SortOrder":974},{"VideoId":976,"GroupId":976,"SongInfo":[],"Source":"mock","SortOrder":975},{"VideoId":977,"GroupId":977,"SongInfo":[],"Source":"mock","SortOrder":976},{"VideoId":978,"GroupId":978,"SongInfo":[],"Source":"mock","SortOrder":977},{"VideoId":979,"GroupId":979,"SongInfo":[],"Source":"mock","SortOrder":978},{"VideoId":980,"GroupId":980,"SongInfo":[],"Source":"mock","SortOrder":979},{"VideoId":981,"GroupId":981,"SongInfo":[],"Source":"mock","SortOrder":980},{"VideoId":982,"GroupId":982,"SongInfo":[],"Source":"mock","SortOrder":981},{"VideoId":983,"GroupId":983,"SongInfo":[],"Source":"mock","SortOrder":982},{"VideoId":984,"GroupId":984,"SongInfo":[],"Source":"mock","SortOrder":983},{"VideoId":985,"GroupId":985,"SongInfo":[],"Source":"mock","SortOrder":984},{"VideoId":986,"GroupId":986,"SongInfo":[],"Source":"mock","SortOrder":985},{"VideoId":987,"GroupId":987,"SongInfo":[],"Source":"mock","SortOrder":986},{"VideoId":988,"GroupId":988,"SongInfo":[],"Source":"mock","SortOrder":987},{"VideoId":989,"GroupId":989,"SongInfo":[],"Source":"mock","SortOrder":988},{"VideoId":990,"GroupId":990,"SongInfo":[],"Source":"mock","SortOrder":989},{"VideoId":991,"GroupId":991,"SongInfo":[],"Source":"mock","SortOrder":990},{"VideoId":992,"GroupId":992,"SongInfo":[],"Source":"mock","SortOrder":991},{"VideoId":993,"GroupId":993,"SongInfo":[],"Source":"mock","SortOrder":992},{"VideoId":994,"GroupId":994,"SongInfo":[],"Source":"mock","SortOrder":993},{"VideoId":995,"GroupId":995,"SongInfo":[],"Source":"mock","SortOrder":994},{"VideoId":996,"GroupId":996,"SongInfo":[],"Source":"mock","SortOrder":995},{"VideoId":997,"GroupId":997,"SongInfo":[],"Source":"mock","SortOrder":996},{"VideoId":998,"GroupId":998,"SongInfo":[],"Source":"mock","SortOrder":997},{"VideoId":999,"GroupId":999,"SongInfo":[],"Source":"mock","SortOrder":998},{"VideoId":1000,"GroupId":1000,"SongInfo":[],"Source":"mock","SortOrder":999}]
   Information [0]: Deleting redis key a819ece0091940c0a5ff0b6f152832ab/video-list::pub::personal-feed-v2::2993::1
   Information [0]: ML feed updated with 1000 items. Cache key a819ece0091940c0a5ff0b6f152832ab/video-list::pub::personal-feed-v2::2993::1
   Information [0]: Refreshing ML feed took 00:00:00.0591943 for group 2993
&lt;/Scope: Refreshing ML feed for 2993&gt;
Information [0]: FYP REFRESHING TOOK 00:00:00.0629225
Information [0]: Range were read from cache: total 10, non-filtered out: 10
Information [0]: Values fully loaded requested: 10 loaded 10
Information [0]: Range were read from cache: total 10, non-filtered out: 10
Information [0]: Values fully loaded requested: 10 loaded 10</StdOut>
      </Output>
    </UnitTestResult>
    <UnitTestResult executionId="493e57f0-1fa9-4a8e-b61d-d32c52fa6927" testId="28fa3044-6591-6de3-da33-c3fe788ff083" testName="\ud83d\udc4d\ud83d\udc4d\ud83d\udc4d Blocked tagged groups removed" computerName="5955a5bf5f87" duration="00:00:00.0029416" startTime="2024-07-02T13:00:09.3063496+00:00" endTime="2024-07-02T13:00:09.3063496+00:00" testType="13cdc9d9-ddb5-4fa4-a97d-d965ccfc6d4b" outcome="Passed" testListId="8c84fa94-04c1-424b-9868-57a2d4851a1d" relativeResultsDirectory="493e57f0-1fa9-4a8e-b61d-d32c52fa6927" />
    <UnitTestResult executionId="defd71d2-850b-45f7-a52b-63036c49dc1e" testId="a3ebd0e9-c753-12fb-4b6b-50dbb151f244" testName="\ud83d\udc4d\ud83d\udc4d\ud83d\udc4d Setting IsFollowRecommended works" computerName="5955a5bf5f87" duration="00:00:00.0025150" startTime="2024-07-02T13:00:09.3002668+00:00" endTime="2024-07-02T13:00:09.3002669+00:00" testType="13cdc9d9-ddb5-4fa4-a97d-d965ccfc6d4b" outcome="Passed" testListId="8c84fa94-04c1-424b-9868-57a2d4851a1d" relativeResultsDirectory="defd71d2-850b-45f7-a52b-63036c49dc1e" />
    <UnitTestResult executionId="549d687d-6350-431d-85e0-b4b538a50963" testId="0c6107b6-a380-85c2-f565-a729adab041a" testName="\ud83d\udc4d\ud83d\udc4d\ud83d\udc4d Blocked groups removed from mentions" computerName="5955a5bf5f87" duration="00:00:00.0246573" startTime="2024-07-02T13:00:09.2955978+00:00" endTime="2024-07-02T13:00:09.2955978+00:00" testType="13cdc9d9-ddb5-4fa4-a97d-d965ccfc6d4b" outcome="Passed" testListId="8c84fa94-04c1-424b-9868-57a2d4851a1d" relativeResultsDirectory="549d687d-6350-431d-85e0-b4b538a50963" />
    <UnitTestResult executionId="2907362f-4b4b-46ce-8504-65d572115fac" testId="50df11e6-1bf1-8606-bc02-d50d36e66110" testName="\ud83d\udc4d\ud83d\udc4d\ud83d\udc4d Setting main template works" computerName="5955a5bf5f87" duration="00:00:00.0016385" startTime="2024-07-02T13:00:09.3473313+00:00" endTime="2024-07-02T13:00:09.3473313+00:00" testType="13cdc9d9-ddb5-4fa4-a97d-d965ccfc6d4b" outcome="Passed" testListId="8c84fa94-04c1-424b-9868-57a2d4851a1d" relativeResultsDirectory="2907362f-4b4b-46ce-8504-65d572115fac" />
  </Results>
  <TestDefinitions>
    <UnitTest name="\ud83d\udc4d\ud83d\udc4d\ud83d\udc4d\ud83d\udc4d Paged Personal Feed Loading" storage="/source/microservices/video/frever.video.core.test/bin/debug/net8.0/frever.video.core.test.dll" id="1e2edee5-50ea-e860-8471-f329a275d888">
      <Execution id="153889a5-0577-4f84-91d6-315f47f2aea9" />
      <TestMethod codeBase="/source/Microservices/Video/Frever.Video.Core.Test/bin/Debug/net8.0/Frever.Video.Core.Test.dll" adapterTypeName="executor://xunit/VsTestRunner2/netcoreapp" className="Frever.Video.Core.Test.Features.Feeds.PersonalFeedTest" name="PageLoading" />
    </UnitTest>
    <UnitTest name="\ud83d\udc4d\ud83d\udc4eFeed Builder Should Call ML Client" storage="/source/microservices/video/frever.video.core.test/bin/debug/net8.0/frever.video.core.test.dll" id="79fe7d57-eb61-c71b-3dad-a3e0c835d2d7">
      <Execution id="54d1eef9-ac1a-4dca-92a7-ae7802de31c2" />
      <TestMethod codeBase="/source/Microservices/Video/Frever.Video.Core.Test/bin/Debug/net8.0/Frever.Video.Core.Test.dll" adapterTypeName="executor://xunit/VsTestRunner2/netcoreapp" className="Frever.Video.Core.Test.Features.Feeds.MLPoweredPersonalFeedBuilderTest" name="MLFeedBuilderShouldWork" />
    </UnitTest>
    <UnitTest name="\ud83d\udc4d\ud83d\udc4d\ud83d\udc4d Setting main template works" storage="/source/microservices/video/frever.video.core.test/bin/debug/net8.0/frever.video.core.test.dll" id="50df11e6-1bf1-8606-bc02-d50d36e66110">
      <Execution id="2907362f-4b4b-46ce-8504-65d572115fac" />
      <TestMethod codeBase="/source/Microservices/Video/Frever.Video.Core.Test/bin/Debug/net8.0/Frever.Video.Core.Test.dll" adapterTypeName="executor://xunit/VsTestRunner2/netcoreapp" className="Frever.Video.Core.Test.Features.VideoExtraDataProviderTest" name="EnsureSettingMainTemplateWorks" />
    </UnitTest>
    <UnitTest name="\ud83d\udc4d\ud83d\udc4e General Personal Feed Loading" storage="/source/microservices/video/frever.video.core.test/bin/debug/net8.0/frever.video.core.test.dll" id="b7171da3-d018-255a-5314-f96c66cadacb">
      <Execution id="ff008049-ed27-4af1-ac12-b72a2af8b413" />
      <TestMethod codeBase="/source/Microservices/Video/Frever.Video.Core.Test/bin/Debug/net8.0/Frever.Video.Core.Test.dll" adapterTypeName="executor://xunit/VsTestRunner2/netcoreapp" className="Frever.Video.Core.Test.Features.Feeds.PersonalFeedTest" name="GeneralLoading" />
    </UnitTest>
    <UnitTest name="\ud83d\udc4d\ud83d\udc4d\ud83d\udc4d Setting voting task info works" storage="/source/microservices/video/frever.video.core.test/bin/debug/net8.0/frever.video.core.test.dll" id="aac34ec2-a535-565a-f5df-9e71c6f659e2">
      <Execution id="4025c01d-37a5-4262-a326-58b96cd1d95f" />
      <TestMethod codeBase="/source/Microservices/Video/Frever.Video.Core.Test/bin/Debug/net8.0/Frever.Video.Core.Test.dll" adapterTypeName="executor://xunit/VsTestRunner2/netcoreapp" className="Frever.Video.Core.Test.Features.VideoExtraDataProviderTest" name="EnsureVideoVotingTaskInfoWorks" />
    </UnitTest>
    <UnitTest name="\ud83d\udc4d\ud83d\udc4d\ud83d\udc4d Setting follow relations works" storage="/source/microservices/video/frever.video.core.test/bin/debug/net8.0/frever.video.core.test.dll" id="d87274e4-f71f-0880-09b8-3501637acd1c">
      <Execution id="85108c3a-ebc4-4750-93f9-a6d62ba322a0" />
      <TestMethod codeBase="/source/Microservices/Video/Frever.Video.Core.Test/bin/Debug/net8.0/Frever.Video.Core.Test.dll" adapterTypeName="executor://xunit/VsTestRunner2/netcoreapp" className="Frever.Video.Core.Test.Features.VideoExtraDataProviderTest" name="EnsureVideoFollowRelationWorks" />
    </UnitTest>
    <UnitTest name="\ud83d\udc4d\ud83d\udc4d\ud83d\udc4d Blocked groups removed from mentions" storage="/source/microservices/video/frever.video.core.test/bin/debug/net8.0/frever.video.core.test.dll" id="0c6107b6-a380-85c2-f565-a729adab041a">
      <Execution id="549d687d-6350-431d-85e0-b4b538a50963" />
      <TestMethod codeBase="/source/Microservices/Video/Frever.Video.Core.Test/bin/Debug/net8.0/Frever.Video.Core.Test.dll" adapterTypeName="executor://xunit/VsTestRunner2/netcoreapp" className="Frever.Video.Core.Test.Features.VideoExtraDataProviderTest" name="EnsureBlockedGroupsRemovedFromMentions" />
    </UnitTest>
    <UnitTest name="\ud83d\udc4d\ud83d\udc4d\ud83d\udc4d Blocked tagged groups removed" storage="/source/microservices/video/frever.video.core.test/bin/debug/net8.0/frever.video.core.test.dll" id="28fa3044-6591-6de3-da33-c3fe788ff083">
      <Execution id="493e57f0-1fa9-4a8e-b61d-d32c52fa6927" />
      <TestMethod codeBase="/source/Microservices/Video/Frever.Video.Core.Test/bin/Debug/net8.0/Frever.Video.Core.Test.dll" adapterTypeName="executor://xunit/VsTestRunner2/netcoreapp" className="Frever.Video.Core.Test.Features.VideoExtraDataProviderTest" name="EnsureBlockedTaggedGroupsRemoved" />
    </UnitTest>
    <UnitTest name="\ud83d\udc4d\ud83d\udc4d\ud83d\udc4d Artist and song name set from song info" storage="/source/microservices/video/frever.video.core.test/bin/debug/net8.0/frever.video.core.test.dll" id="c5281715-3ef4-c5fe-da64-14226b1fabec">
      <Execution id="c0495671-0249-4eec-803c-4a16d36daa5c" />
      <TestMethod codeBase="/source/Microservices/Video/Frever.Video.Core.Test/bin/Debug/net8.0/Frever.Video.Core.Test.dll" adapterTypeName="executor://xunit/VsTestRunner2/netcoreapp" className="Frever.Video.Core.Test.Features.VideoExtraDataProviderTest" name="EnsureArtistAndSongSetFromSongInfo" />
    </UnitTest>
    <UnitTest name="\ud83d\udc4d\ud83d\udc4d\ud83d\udc4d Setting liked by current user works" storage="/source/microservices/video/frever.video.core.test/bin/debug/net8.0/frever.video.core.test.dll" id="da697b9a-8455-3b64-3c0a-51569b7c3d25">
      <Execution id="c2435914-e27b-41d2-9e2a-c670c67273e4" />
      <TestMethod codeBase="/source/Microservices/Video/Frever.Video.Core.Test/bin/Debug/net8.0/Frever.Video.Core.Test.dll" adapterTypeName="executor://xunit/VsTestRunner2/netcoreapp" className="Frever.Video.Core.Test.Features.VideoExtraDataProviderTest" name="EnsureVideoLikedFlagWorks" />
    </UnitTest>
    <UnitTest name="\ud83d\udc4d\ud83d\udc4d\ud83d\udc4d Template from video restriction check" storage="/source/microservices/video/frever.video.core.test/bin/debug/net8.0/frever.video.core.test.dll" id="f7f79d90-e6c8-1ebc-32e3-8ff138515eb0">
      <Execution id="d3c1aee8-8153-4b95-9078-5a98e9fac172" />
      <TestMethod codeBase="/source/Microservices/Video/Frever.Video.Core.Test/bin/Debug/net8.0/Frever.Video.Core.Test.dll" adapterTypeName="executor://xunit/VsTestRunner2/netcoreapp" className="Frever.Video.Core.Test.Features.VideoExtraDataProviderTest" name="CheckTemplateFromVideoRestrictions" />
    </UnitTest>
    <UnitTest name="\ud83d\udc4d\ud83d\udc4d\ud83d\udc4d Setting IsFollowRecommended works" storage="/source/microservices/video/frever.video.core.test/bin/debug/net8.0/frever.video.core.test.dll" id="a3ebd0e9-c753-12fb-4b6b-50dbb151f244">
      <Execution id="defd71d2-850b-45f7-a52b-63036c49dc1e" />
      <TestMethod codeBase="/source/Microservices/Video/Frever.Video.Core.Test/bin/Debug/net8.0/Frever.Video.Core.Test.dll" adapterTypeName="executor://xunit/VsTestRunner2/netcoreapp" className="Frever.Video.Core.Test.Features.VideoExtraDataProviderTest" name="EnsureSettingIsFollowRecommendedWorks" />
    </UnitTest>
    <UnitTest name="\ud83d\udc4d\ud83d\udc4e Setting general info works" storage="/source/microservices/video/frever.video.core.test/bin/debug/net8.0/frever.video.core.test.dll" id="4cd6b04c-18d2-ebce-6e2f-99c3187d7d18">
      <Execution id="89de26dd-250f-40b6-996d-017c3f7a803c" />
      <TestMethod codeBase="/source/Microservices/Video/Frever.Video.Core.Test/bin/Debug/net8.0/Frever.Video.Core.Test.dll" adapterTypeName="executor://xunit/VsTestRunner2/netcoreapp" className="Frever.Video.Core.Test.Features.VideoExtraDataProviderTest" name="EnsureSetExtraDataWorks" />
    </UnitTest>
  </TestDefinitions>
  <TestEntries>
    <TestEntry testId="aac34ec2-a535-565a-f5df-9e71c6f659e2" executionId="4025c01d-37a5-4262-a326-58b96cd1d95f" testListId="8c84fa94-04c1-424b-9868-57a2d4851a1d" />
    <TestEntry testId="b7171da3-d018-255a-5314-f96c66cadacb" executionId="ff008049-ed27-4af1-ac12-b72a2af8b413" testListId="8c84fa94-04c1-424b-9868-57a2d4851a1d" />
    <TestEntry testId="da697b9a-8455-3b64-3c0a-51569b7c3d25" executionId="c2435914-e27b-41d2-9e2a-c670c67273e4" testListId="8c84fa94-04c1-424b-9868-57a2d4851a1d" />
    <TestEntry testId="4cd6b04c-18d2-ebce-6e2f-99c3187d7d18" executionId="89de26dd-250f-40b6-996d-017c3f7a803c" testListId="8c84fa94-04c1-424b-9868-57a2d4851a1d" />
    <TestEntry testId="c5281715-3ef4-c5fe-da64-14226b1fabec" executionId="c0495671-0249-4eec-803c-4a16d36daa5c" testListId="8c84fa94-04c1-424b-9868-57a2d4851a1d" />
    <TestEntry testId="d87274e4-f71f-0880-09b8-3501637acd1c" executionId="85108c3a-ebc4-4750-93f9-a6d62ba322a0" testListId="8c84fa94-04c1-424b-9868-57a2d4851a1d" />
    <TestEntry testId="f7f79d90-e6c8-1ebc-32e3-8ff138515eb0" executionId="d3c1aee8-8153-4b95-9078-5a98e9fac172" testListId="8c84fa94-04c1-424b-9868-57a2d4851a1d" />
    <TestEntry testId="79fe7d57-eb61-c71b-3dad-a3e0c835d2d7" executionId="54d1eef9-ac1a-4dca-92a7-ae7802de31c2" testListId="8c84fa94-04c1-424b-9868-57a2d4851a1d" />
    <TestEntry testId="1e2edee5-50ea-e860-8471-f329a275d888" executionId="153889a5-0577-4f84-91d6-315f47f2aea9" testListId="8c84fa94-04c1-424b-9868-57a2d4851a1d" />
    <TestEntry testId="28fa3044-6591-6de3-da33-c3fe788ff083" executionId="493e57f0-1fa9-4a8e-b61d-d32c52fa6927" testListId="8c84fa94-04c1-424b-9868-57a2d4851a1d" />
    <TestEntry testId="a3ebd0e9-c753-12fb-4b6b-50dbb151f244" executionId="defd71d2-850b-45f7-a52b-63036c49dc1e" testListId="8c84fa94-04c1-424b-9868-57a2d4851a1d" />
    <TestEntry testId="0c6107b6-a380-85c2-f565-a729adab041a" executionId="549d687d-6350-431d-85e0-b4b538a50963" testListId="8c84fa94-04c1-424b-9868-57a2d4851a1d" />
    <TestEntry testId="50df11e6-1bf1-8606-bc02-d50d36e66110" executionId="2907362f-4b4b-46ce-8504-65d572115fac" testListId="8c84fa94-04c1-424b-9868-57a2d4851a1d" />
  </TestEntries>
  <TestLists>
    <TestList name="Results Not in a List" id="8c84fa94-04c1-424b-9868-57a2d4851a1d" />
    <TestList name="All Loaded Results" id="19431567-8539-422a-85d7-44ee4e166bda" />
  </TestLists>
  <ResultSummary outcome="Completed">
    <Counters total="13" executed="13" passed="13" failed="0" error="0" timeout="0" aborted="0" inconclusive="0" passedButRunAborted="0" notRunnable="0" notExecuted="0" disconnected="0" warning="0" completed="0" inProgress="0" pending="0" />
    <Output>
      <StdOut>[xUnit.net 00:00:00.00] xUnit.net VSTest Adapter v2.8.0+6438bb880a (64-bit .NET 8.0.6)
[xUnit.net 00:00:00.11]   Discovering: Frever.Video.Core.Test
[xUnit.net 00:00:00.20]   Discovered:  Frever.Video.Core.Test
[xUnit.net 00:00:00.21]   Starting:    Frever.Video.Core.Test
[xUnit.net 00:00:00.92]   Finished:    Frever.Video.Core.Test
</StdOut>
    </Output>
  </ResultSummary>
</TestRun>